ARM GAS  /tmp/cccLOmsM.s 			page 1


   1              		.syntax unified
   2              		.cpu cortex-m4
   3              		.fpu softvfp
   4              		.eabi_attribute 20, 1
   5              		.eabi_attribute 21, 1
   6              		.eabi_attribute 23, 3
   7              		.eabi_attribute 24, 1
   8              		.eabi_attribute 25, 1
   9              		.eabi_attribute 26, 1
  10              		.eabi_attribute 30, 6
  11              		.eabi_attribute 34, 1
  12              		.eabi_attribute 18, 4
  13              		.thumb
  14              		.file	"board.c"
  15              		.text
  16              	.Ltext0:
  17              		.section	.gnu.lto_.inline.9b36aef47d6c6f67,"",%progbits
  18 0000 789C6362 		.ascii	"x\234cb`b\300\006\264\2414P\226\205\007H1-\220g`\201"
  18      6062C006 
  18      B4A13450 
  18      96850748 
  18      312D9067 
  19 0016 A865E402 		.ascii	"\250e\344\002\021\014\314L\250\302\014\0001)\001\345"
  19      110CCC4C 
  19      A8C20C00 
  19      312901E5 
  20              		.text
  21              		.section	.gnu.lto___early_init.9b36aef47d6c6f67,"",%progbits
  22 0000 789C6362 		.ascii	"x\234cb`b@\007\"@\\\006\304\026 \0163\003#P\005#\023"
  22      60624007 
  22      22405C06 
  22      C416200E 
  22      33032350 
  23 0017 232390C3 		.ascii	"##\220\303\310P\317\304X\037\311\010V\266\236\351\300"
  23      C850CFC4 
  23      581FC908 
  23      56B69EE9 
  23      C0
  24 0028 83FFFFD7 		.ascii	"\203\377\377\327\31596g\016\343L&\220\030+CKC\303\004"
  24      CD393667 
  24      0EE34C26 
  24      90182B43 
  24      4B43C304 
  25 003c 05068664 		.ascii	"\005\006\206d\260\212\0200\031\012\322\317|\236\241"
  25      B08A1030 
  25      190AD2CF 
  25      7C9EA1
  26 004b F9C18CC7 		.ascii	"\371\301\214\307\\\211\214\013\031Y\201\202\325\014"
  26      5C898C0B 
  26      19598182 
  26      D50C
  27 0059 BF1A3A1A 		.ascii	"\277\032:\032\0042\031\201J!\246e\202\350\213\014\215"
  27      04321981 
  27      4A21A665 
  27      82E88B0C 
  27      8D
  28 006a 0F662AC3 		.ascii	"\017f*\303\024A@\010H\002\344H3==}\347\214\314\244L"
ARM GAS  /tmp/cccLOmsM.s 			page 2


  28      14414008 
  28      4802E448 
  28      333D3D7D 
  28      E78CCCA4 
  29 007f FF60FDFC 		.ascii	"\377`\375\374b\375\214\304\034\375\244\374\304\242\224"
  29      62FD8CC4 
  29      1CFDA4FC 
  29      C4A294
  30 008e 62FDE090 		.ascii	"b\375\340\220\370\340\020_c#7\343x\027\317`g\3770\327"
  30      F8E0105F 
  30      632337E3 
  30      7817CF60 
  30      67FF30D7 
  31 00a2 A048889C 		.ascii	"\240H\210\234^2\003\000\262\254,L"
  31      5E320300 
  31      B2AC2C4C 
  32              		.text
  33              		.section	.gnu.lto_boardInit.9b36aef47d6c6f67,"",%progbits
  34 0000 789C6362 		.ascii	"x\234cb`b@\007\"@\354\013\304\026 \0163\003#P\005#\023"
  34      60624007 
  34      2240EC0B 
  34      C416200E 
  34      33032350 
  35 0017 232390C3 		.ascii	"##\220\303\310P\317\304X\037\311\010V\266\236\351\300"
  35      C850CFC4 
  35      581FC908 
  35      56B69EE9 
  35      C0
  36 0028 83FFFFD7 		.ascii	"\203\377\377\327}k\237~\206q>\023H\214\225\241\245\241"
  36      7D6B9F7E 
  36      86713E13 
  36      488C95A1 
  36      A5A1
  37 003a 61820203 		.ascii	"a\202\002\003C2XE\010\230\014\005\351g\276\310\300\230"
  37      43325845 
  37      08980C05 
  37      E967BEC8 
  37      C098
  38 004c C8B89091 		.ascii	"\310\270\220\221\025nI\010\310@\220\335fzz\372\316\031"
  38      156E4908 
  38      C84090DD 
  38      667A7AFA 
  38      CE19
  39 005e 994999FE 		.ascii	"\231I\231\376\301\372\371\305\372\031\2119\372I\371"
  39      C1FAF9C5 
  39      FA198939 
  39      FA49F9
  40 006d 894529C5 		.ascii	"\211E)\305\372\301!\361\301!\276\306Fn\306\361.\236"
  40      FAC121F1 
  40      C121BEC6 
  40      466EC6F1 
  40      2E9E
  41 007f C1CEFE61 		.ascii	"\301\316\376a\256A\221\0209\275d\006\000\372e!L"
  41      AE419110 
  41      39BD6406 
  41      00FA6521 
  41      4C
ARM GAS  /tmp/cccLOmsM.s 			page 3


  42              		.text
  43              		.section	.gnu.lto_.symbol_nodes.9b36aef47d6c6f67,"",%progbits
  44 0000 789C45C8 		.ascii	"x\234E\310\261\015\2000\000\003\301\267#\304T\314\346"
  44      B10D8030 
  44      0003C1B7 
  44      23C454CC 
  44      E6
  45 0011 48692803 		.ascii	"Hi(\003\354EI\315$\210\002\244|wo\314\302\2377\007\372"
  45      EC4549CD 
  45      248802A4 
  45      7C776FCC 
  45      C29F3707 
  46 0026 09C9B5CA 		.ascii	"\011\311\265\312\273\243\301\251\2339\350p\374\335Z"
  46      BBA3C1A9 
  46      9B39E870 
  46      FCDD5A
  47 0035 5528B4FB 		.ascii	"U(\264\373\021/%\022\021\\"
  47      112F2512 
  47      115C
  48              		.text
  49              		.section	.gnu.lto_.refs.9b36aef47d6c6f67,"",%progbits
  50 0000 789C6362 		.ascii	"x\234cb`b`d\200\002\000\000F\000\006"
  50      60626064 
  50      80020000 
  50      460006
  51              		.text
  52              		.section	.gnu.lto_.decls.9b36aef47d6c6f67,"",%progbits
  53 0000 789CBD96 		.ascii	"x\234\275\226_L\034E\034\307\177\263wP\256\275\264\015"
  53      5F4C1C45 
  53      1CC77FB3 
  53      7750AEBD 
  53      B40D
  54 0012 898D4D4C 		.ascii	"\211\215MLz\325\324\007\022X=\260ic\322X\241\255$TH"
  54      7AD5D407 
  54      12583DB0 
  54      6963D258 
  54      A1AD2454 
  55 0027 698DBEB8 		.ascii	"i\215\276\270\016\267\013w\361\356\366\334[\264}rJ\211"
  55      0EB70B77 
  55      F1EEF6DC 
  55      5BB47D72 
  55      4A89
  56 0039 411E14FF 		.ascii	"A\036\024\377\320\320\244\261\007\266X\250M\261Z5\301"
  56      D0D0A4B1 
  56      07B658A8 
  56      4DB15A35 
  56      C1
  57 004a A40B06AB 		.ascii	"\244\013\006\253\246\001\274\034j\342\003g4\276\352"
  57      A601BC1C 
  57      6AE20367 
  57      34BEEA
  58 0059 8BD818EC 		.ascii	"\213\330\030\3549;\273{\354.\367\017\2338\311\316\314"
  58      393BBB7B 
  58      EC2EF70F 
  58      9B38C9CE 
  58      CC
  59 006a CEFCE6F3 		.ascii	"\316\374\346\363\373\316o\376\354r\300\301\000\000\344"
ARM GAS  /tmp/cccLOmsM.s 			page 4


  59      FBCE6FFE 
  59      EC72C0C1 
  59      0000E4
  60 0079 68DAEB07 		.ascii	"h\332\353\007x\236\003\360\320\367\003\260\226\364\367"
  60      789E03F0 
  60      D0F703B0 
  60      96F4F7
  61 0088 51FA8CD3 		.ascii	"Q\372\214\323g\202>\210>W\300\231\364~:\024\226\351"
  61      67823E88 
  61      3E57C099 
  61      F47E3A14 
  61      96E9
  62 009a 3366B671 		.ascii	"3f\266qf\373\004\254O\343\266:r\275[i\027\274GRZv\356"
  62      66FB04AC 
  62      4FE3B63A 
  62      72BD5B69 
  62      17BC4752 
  63 00b1 97A99D24 		.ascii	"\227\251\235$\325\247\345r7\237\200\0350LhJ\275F\010"
  63      D5A7E572 
  63      379F801D 
  63      304C684A 
  63      BD4608
  64 00c4 52313A70 		.ascii	"R1:p\037<\2130\332\352\203\000\253\370}\340ec1\032C"
  64      1F3C8B30 
  64      DAEA8300 
  64      ABF87DE0 
  64      6563311A 
  65 00d9 3BCCDA09 		.ascii	";\314\332\011\217\245g?\202:\230\240\343\207\010\231"
  65      8FA5673F 
  65      823A98A0 
  65      E3870899 
  66 00e9 7D0815F0 		.ascii	"}\010\025\360\011\3600\\\322=\220\313\304\303\370:a"
  66      09F0305C 
  66      D23D90CB 
  66      C4C3F83A 
  66      61
  67 00fa 14EDB29B 		.ascii	"\024\355\262\233`\364>\342\326+\325Vn\371\207Ngs\271"
  67      60F43EE2 
  67      D62BD556 
  67      6EF9874E 
  67      6773B9
  68 010d 0B01C33D 		.ascii	"\013\001\303=\007G\0215\276\210\352J\322\307\335\364"
  68      07471135 
  68      BE88EA4A 
  68      D2C7DDF4 
  69 011d 0FD6D3B3 		.ascii	"\017\326\323\263C\331\345\257\346\352F\256\223\376\327"
  69      43D9E5AF 
  69      E6EA46AE 
  69      93FED7
  70 012c C9DDDCAB 		.ascii	"\311\335\334\253\310\3620\210\334.\014\306\244\223\361"
  70      C8F23088 
  70      DC2E0CC6 
  70      A493F1
  71 013b 208C9229 		.ascii	" \214\222)-{i\376]DcI(\"\207j\341-\026K\032\312\257"
  71      2D7B69FE 
  71      5D446349 
  71      2822876A 
ARM GAS  /tmp/cccLOmsM.s 			page 5


  71      E12D164B 
  72 0152 B7821548 		.ascii	"\267\202\025Hm\263\025\311\313z\200\366\300E\032\256"
  72      6DB315C9 
  72      CB7A80F6 
  72      C0451AAE 
  73 0162 EC5F83FF 		.ascii	"\354_\203\3774\021Rc\016\011\024\267\307\350*\332\003"
  73      34115263 
  73      0E0914B7 
  73      C7E82ADA 
  73      03
  74 0173 E5ED74CB 		.ascii	"\345\355t\313kT\202\241\235y!\332t\332O\274F;\024\230"
  74      6B5482A1 
  74      9D7921DA 
  74      74DA4FBC 
  74      463B1498 
  75 0187 95997643 		.ascii	"\225\231vCJ7\376.}\236\316e\026\025\360\225E\226\257"
  75      4A37FE2E 
  75      7D9ECE65 
  75      1615F095 
  75      4596AF
  76 019a 07F253D0 		.ascii	"\007\362S\320\316\245\021]\227\353\324\236\203\005W"
  76      CEA5115D 
  76      97EBD49E 
  76      830557
  77 01a9 D4CA3274 		.ascii	"\324\3122t97\334r\177Z`roT \267O[^8\277S\227\353\203"
  77      3937DC72 
  77      7F5A6072 
  77      6F5420B7 
  77      4F5B5E38 
  78 01c2 01FAAAEF 		.ascii	"\001\372\252\357\340\247l\336\034\333\327\214\371\360"
  78      E0A76CDE 
  78      1CDBD78C 
  78      F9F0
  79 01d0 9B733388 		.ascii	"\233s3\210\256\025\355\370\234\016\343\340{\316\251"
  79      AE15EDF8 
  79      9C0EE3E0 
  79      7BCEA9
  80 01df BA7254EE 		.ascii	"\272rT\356\354\027\373\351\362a4\315@\277z\234 \214"
  80      EC17FBE9 
  80      F26134CD 
  80      40BF7A9C 
  80      208C
  81 01f1 36F99CDB 		.ascii	"6\371\234\333\207\276[\006:\215u\233\025\375\252\330"
  81      87BE5B06 
  81      3A8D759B 
  81      15FDAAD8 
  82 0201 061B35E7 		.ascii	"\006\0335\347\340w\346T\017V!\241f\325H\246\201#\200"
  82      E077E654 
  82      0F5621A1 
  82      66D548A6 
  82      812380
  83 0214 D9956F57 		.ascii	"\331\225oW=\347\210\326\357\261\302\361\347\206\201"
  83      3DE788D6 
  83      EFB1C2F1 
  83      E78681
  84 0223 01C78AAC 		.ascii	"\001\307\212\254,\370\207\260\005[\255\004VST\235\366"
  84      2CF887B0 
ARM GAS  /tmp/cccLOmsM.s 			page 6


  84      055BAD04 
  84      5653549D 
  84      F6
  85 0234 B71DD6EF 		.ascii	"\267\035\326\357\335(\314\251\354\256\0356X\011l{qe"
  85      DD28CCA9 
  85      ECAE1D36 
  85      58096C7B 
  85      7165
  86 0246 6FA76DB0 		.ascii	"o\247m\26076\014s*;k\207\275S\011\354\376\002\312\012"
  86      37360C73 
  86      2A3B6B87 
  86      BD5309EC 
  86      FE02CA0A 
  87 025a 25FBF9C2 		.ascii	"%\373\371\302\350Sz\211`\364\031\332M\363\233,\237a"
  87      E8537A89 
  87      60F419DA 
  87      4DF39B2C 
  87      9F61
  88 026c F9972C9F 		.ascii	"\371\227,\237c\371-\226\177C\363|\342`\204i\272\266"
  88      63F92D96 
  88      7F43F37C 
  88      E2608469 
  88      BAB6
  89 027e A6C9798E 		.ascii	"\246\311y\216\313m3\242\375xL\237\240qM\\\250\010\346"
  89      CB6D33A2 
  89      FD784C9F 
  89      A0714D5C 
  89      A808E6
  90 0291 9861C001 		.ascii	"\230a\300\001\373\303\006\033\257\010\266\257\270\262"
  90      FBC3061B 
  90      AF08B6AF 
  90      B8B2
  91 029f 3B36D8D5 		.ascii	";6\330\325\212`\035\305\225\015u\256\301>\251\010\226"
  91      8A601DC5 
  91      950D75AE 
  91      C13EA908 
  91      96
  92 02b0 28AE6CC4 		.ascii	"(\256l\304\006\233\256\0106\200\012H\263\355\005c\027"
  92      069BAE08 
  92      36800A48 
  92      B3ED0563 
  92      17
  93 02c1 4CB15DF0 		.ascii	"L\261]\360\021[\347\333,\237g\371\"\313\323,\3178\327"
  93      115BE7DB 
  93      2C9F67F9 
  93      22CBD32C 
  93      CF38D7
  94 02d4 7FD6EBBE 		.ascii	"\177\326\353\276\332\214\257\211\215\275\366\331\201"
  94      DA8CAF89 
  94      8DBDF6D9 
  94      81
  95 02e1 8DD26FE7 		.ascii	"\215\322o\347\351\305\277j?\230_\336&\370\230\014h/"
  95      E9C5BF6A 
  95      3F985FDE 
  95      26F8980C 
  95      682F
  96 02f3 60F421F3 		.ascii	"`\364!\363\247\3731\232\022F\250\214\355m\336\222d\261"
ARM GAS  /tmp/cccLOmsM.s 			page 7


  96      A7FB319A 
  96      1246A88C 
  96      ED6DDE92 
  96      64B1
  97 0305 2FC3997B 		.ascii	"/\303\231{=\177\203\032\233\336\262\270s\3467\217y\002"
  97      3D7F831A 
  97      9BDEB2B8 
  97      73E6378F 
  97      7902
  98 0317 CCA6CC58 		.ascii	"\314\246\314X&Um\036\207\374m\3531O\2065\214h\223U\346"
  98      26556D1E 
  98      87FC6DEB 
  98      314F8635 
  98      8C689355 
  99 032c 31B19AB4 		.ascii	"1\261\232\264\307\301\234r\011A3.9\032r\352\321~v\251"
  99      C7C19C72 
  99      0941332E 
  99      391A72EA 
  99      D17E76A9 
 100 0340 191ECC30 		.ascii	"\031\036\3140O\245\325\220\224\327\251\206\315s\276"
 100      4FA5D590 
 100      94D7A986 
 100      CD73BE
 101 034f A416281D 		.ascii	"\244\026(\035\030\232\2669\245,M.\325\225Q\002\005T"
 101      189AB639 
 101      A52C4D2E 
 101      D5955102 
 101      0554
 102 0361 2CDE830A 		.ascii	",\336\203\012X\247\240l0\012IH\227\224\240\021#\304"
 102      58A7A06C 
 102      300A4948 
 102      9794A011 
 102      23C4
 103 0373 C56568A7 		.ascii	"\305eh\247Ws\256`\014O.\325\270\224\240\362B2\367\020"
 103      5773AE60 
 103      0C4F2ED5 
 103      B894A0F2 
 103      4232F710 
 104 0387 0B9780C5 		.ascii	"\013\227\200\305\377\024\013\200-0\270\366{c\374\357"
 104      FF140B80 
 104      2D30B8F6 
 104      7B63FCEF 
 105 0397 16FBD95F 		.ascii	"\026\373\331_F[\362\247toC\003\337\034\216tE\332;y9"
 105      465BF2A7 
 105      746F4303 
 105      DF1C8E74 
 105      45DA3B79 
 106 03ac C9877194 		.ascii	"\311\207q\224\357\222\261\"&\371\316\343B\347\361\243"
 106      EF92B122 
 106      26F9CEE3 
 106      42E7F1A3 
 107 03bc 8DC1C38D 		.ascii	"\215\301\303\215BKkgs\3733\207\216=g\3645\204\300/\010"
 107      424B6B67 
 107      73FB3387 
 107      8E3D67F4 
 107      3584C02F 
 108 03d1 1256A2A7 		.ascii	"\022V\242\247\204H<\242V\037y\372D\240\031|\254\263"
ARM GAS  /tmp/cccLOmsM.s 			page 8


 108      84483CA2 
 108      561F79FA 
 108      44A0197C 
 108      ACB3
 109 03e3 953604D7 		.ascii	"\2256\004\327C\023\262\242\352L\012\344M\354\311\223"
 109      4313B2A2 
 109      EA4C0AE4 
 109      4DECC993 
 110 03f3 7A8F108D 		.ascii	"z\217\020\215\212\015a\330\236Tc\215A!\024\225C/2hc"
 110      8A0D61D8 
 110      9E54638D 
 110      41211495 
 110      432F3268 
 111 0408 69465B5B 		.ascii	"iF[[\013\177\244\243\265\375\345 \237\310Cj\015HO\""
 111      0B7FA4A3 
 111      B5FDE520 
 111      9FC8436A 
 111      0D484F22 
 112 041c 220B4949 		.ascii	"\"\013II\355M\010\324>\336\315\236\307\370\260\034\223"
 112      ED4D08D4 
 112      3EDECD9E 
 112      C7F8B01C 
 112      93
 113 042d 78454A52 		.ascii	"xEJR\341\2410\005*\342+X\221x\254\304\202|O(TO+\365"
 113      E1A13005 
 113      2AE22B58 
 113      9178ACC4 
 113      827C4F28 
 114 0445 52AC4B12 		.ascii	"R\254K\022EI\3147\304\345\270T/\341\256H}\223\260\257"
 114      4549CC37 
 114      C4E5B854 
 114      2FE1AE48 
 114      7D93B0AF 
 115 0459 3EF8C8A3 		.ascii	">\370\310\243M/\005yG\007\037\211\207\242\275\242\304"
 115      4D2F0579 
 115      47071F89 
 115      87A2BDA2 
 115      C4
 116 046a 27553112 		.ascii	"'U1\022W\251\214\232^ZR\035\352\031\364\377y\217\341"
 116      57A98C9A 
 116      5E5A521D 
 116      EA19F4FF 
 116      798FE1
 117 047d 50381297 		.ascii	"P8\022\227xA\224\272qoT\025\324S\011)I\325l\026\004"
 117      784194BA 
 117      716F5415 
 117      D4530929 
 117      49D56C16 
 118 0492 4B4F554C 		.ascii	"KOUL\026%\245Z\326\273\224Mr2!I\242R\225\350M\210\212"
 118      1625A55A 
 118      D6BB944D 
 118      72322149 
 118      A25295E8 
 119 04a9 4716152F 		.ascii	"G\026\025/\356V\242z\026\256\3568\330\202U\\\335\361"
 119      EE56A27A 
 119      16AEEE38 
 119      D882555C 
ARM GAS  /tmp/cccLOmsM.s 			page 9


 119      DDF1
 120 04bb A451341B 		.ascii	"\244Q4\033E\213Q\0342\212\303z\341\3538\330\326,\307"
 120      458B511C 
 120      328AC37A 
 120      E1EB38D8 
 120      D62CC7
 121 04ce BB233DB5 		.ascii	"\273#=\265\372:X\316C\254\351_\024\341)\322"
 121      FA3A58CE 
 121      43ACE95F 
 121      14E129D2 
 122              		.text
 123              		.section	.gnu.lto_.symtab.9b36aef47d6c6f67,"",%progbits
 124 0000 5F5F6561 		.ascii	"__early_init\000\000\000\000\000\000\000\000\000\000"
 124      726C795F 
 124      696E6974 
 124      00000000 
 124      00000000 
 125 0016 0000A100 		.ascii	"\000\000\241\000\000\000boardInit\000\000\000\000\000"
 125      0000626F 
 125      61726449 
 125      6E697400 
 125      00000000 
 126 002a 00000000 		.ascii	"\000\000\000\000\000\000\000\246\000\000\000pal_def"
 126      000000A6 
 126      00000070 
 126      616C5F64 
 126      6566
 127 003c 61756C74 		.ascii	"ault_config\000\000\000\000\000\000\000\000\000\000"
 127      5F636F6E 
 127      66696700 
 127      00000000 
 127      00000000 
 128 0051 0000AB00 		.ascii	"\000\000\253\000\000\000stm32_clock_init\000\000\002"
 128      00007374 
 128      6D33325F 
 128      636C6F63 
 128      6B5F696E 
 129 006a 00000000 		.ascii	"\000\000\000\000\000\000\000\000\000\251\000\000\000"
 129      00000000 
 129      00A90000 
 129      00
 130              		.text
 131              		.section	.gnu.lto_.opts,"",%progbits
 132 0000 272D6D63 		.ascii	"'-mcpu=cortex-m4' '-mno-thumb-interwork' '-mthumb' "
 132      70753D63 
 132      6F727465 
 132      782D6D34 
 132      2720272D 
 133 0033 272D6767 		.ascii	"'-ggdb' '-O0' '-fomit-frame-pointer' '-falign-funct"
 133      64622720 
 133      272D4F30 
 133      2720272D 
 133      666F6D69 
 134 0066 696F6E73 		.ascii	"ions=16' '-ffunction-sections' '-fdata-sections' '-"
 134      3D313627 
 134      20272D66 
 134      66756E63 
ARM GAS  /tmp/cccLOmsM.s 			page 10


 134      74696F6E 
 135 0099 666E6F2D 		.ascii	"fno-common' '-flto'\000"
 135      636F6D6D 
 135      6F6E2720 
 135      272D666C 
 135      746F2700 
 136              		.text
 137              		.cfi_sections	.debug_frame
 138              		.global	pal_default_config
 139              		.section	.rodata.pal_default_config,"a",%progbits
 140              		.align	2
 141              		.type	pal_default_config, %object
 142              		.size	pal_default_config, 168
 143              	pal_default_config:
 144 0000 00A8802A 		.word	713074688
 145 0004 00000000 		.word	0
 146 0008 00FCC03C 		.word	1019280384
 147 000c 54111564 		.word	1679102292
 148 0010 FFFF0000 		.word	65535
 149 0014 00005055 		.word	1431306240
 150 0018 00E00E00 		.word	974848
 151 001c 80A00000 		.word	41088
 152 0020 C0000000 		.word	192
 153 0024 C0F00000 		.word	61632
 154 0028 15055555 		.word	1431635221
 155 002c FFFF0000 		.word	65535
 156 0030 00000044 		.word	1140850688
 157 0034 00000000 		.word	0
 158 0038 00000000 		.word	0
 159 003c 00000000 		.word	0
 160 0040 000000F0 		.word	-268435456
 161 0044 55555505 		.word	89478485
 162 0048 FFFF0000 		.word	65535
 163 004c 00000000 		.word	0
 164 0050 00000000 		.word	0
 165 0054 00000000 		.word	0
 166 0058 00000000 		.word	0
 167 005c 00000000 		.word	0
 168 0060 55555555 		.word	1431655765
 169 0064 FFFF0000 		.word	65535
 170 0068 00000000 		.word	0
 171 006c 00000000 		.word	0
 172 0070 40005555 		.word	1431633984
 173 0074 00000000 		.word	0
 174 0078 C000FFFF 		.word	-65344
 175 007c 15551501 		.word	18175253
 176 0080 FF000000 		.word	255
 177 0084 00000000 		.word	0
 178 0088 00000000 		.word	0
 179 008c 00000000 		.word	0
 180 0090 00000000 		.word	0
 181 0094 0F000000 		.word	15
 182 0098 50555555 		.word	1431655760
 183 009c FFFF0000 		.word	65535
 184 00a0 00000000 		.word	0
 185 00a4 00000000 		.word	0
 186              		.section	.text.__early_init,"ax",%progbits
ARM GAS  /tmp/cccLOmsM.s 			page 11


 187              		.align	2
 188              		.p2align 4,,15
 189              		.global	__early_init
 190              		.thumb
 191              		.thumb_func
 192              		.type	__early_init, %function
 193              	__early_init:
 194              	.LFB272:
 195              		.file 1 "../ChibiOS/os/hal/boards/ST_STM32F3_DISCOVERY/board.c"
 196              		.loc 1 70 0
 197              		.cfi_startproc
 198              		@ args = 0, pretend = 0, frame = 0
 199              		@ frame_needed = 0, uses_anonymous_args = 0
 200 0000 08B5     		push	{r3, lr}
 201              		.cfi_def_cfa_offset 8
 202              		.cfi_offset 3, -8
 203              		.cfi_offset 14, -4
 204              		.loc 1 72 0
 205 0002 FFF7FEFF 		bl	stm32_clock_init
 206              		.loc 1 73 0
 207 0006 08BD     		pop	{r3, pc}
 208              		.cfi_endproc
 209              	.LFE272:
 210              		.size	__early_init, .-__early_init
 211 0008 AFF30080 		.section	.text.boardInit,"ax",%progbits
 211      AFF30080 
 212              		.align	2
 213              		.p2align 4,,15
 214              		.global	boardInit
 215              		.thumb
 216              		.thumb_func
 217              		.type	boardInit, %function
 218              	boardInit:
 219              	.LFB273:
 220              		.loc 1 123 0
 221              		.cfi_startproc
 222              		@ args = 0, pretend = 0, frame = 0
 223              		@ frame_needed = 0, uses_anonymous_args = 0
 224              		@ link register save eliminated.
 225              		.loc 1 124 0
 226 0000 7047     		bx	lr
 227              		.cfi_endproc
 228              	.LFE273:
 229              		.size	boardInit, .-boardInit
 230 0002 00BFAFF3 		.text
 230      0080AFF3 
 230      0080AFF3 
 230      0080
 231              	.Letext0:
 232              		.file 2 "/nfs/nfs5/home/research/hardware/arm2/gcc-arm-embedded/gcc-arm-none-eabi-4_8-2014q2/lib/g
 233              		.file 3 "/nfs/nfs5/home/research/hardware/arm2/gcc-arm-embedded/gcc-arm-none-eabi-4_8-2014q2/arm-n
 234              		.file 4 "/nfs/nfs5/home/research/hardware/arm2/gcc-arm-embedded/gcc-arm-none-eabi-4_8-2014q2/arm-n
 235              		.file 5 "../ChibiOS/os/rt/ports/ARMCMx/compilers/GCC/chtypes.h"
 236              		.file 6 "../ChibiOS/os/rt/include/chsystypes.h"
 237              		.file 7 "../ChibiOS/os/rt/include/chschd.h"
 238              		.file 8 "../ChibiOS/os/rt/ports/ARMCMx/chcore.h"
 239              		.file 9 "../ChibiOS/os/rt/ports/ARMCMx/chcore_v7m.h"
ARM GAS  /tmp/cccLOmsM.s 			page 12


 240              		.file 10 "../ChibiOS/os/rt/include/chtm.h"
 241              		.file 11 "../ChibiOS/os/rt/include/chsem.h"
 242              		.file 12 "../ChibiOS/os/rt/include/chmtx.h"
 243              		.file 13 "../ChibiOS/os/hal/ports/STM32/LLD/GPIOv2/pal_lld.h"
 244              		.file 14 "../ChibiOS/os/ext/CMSIS/include/core_cm4.h"
 245              		.section	.debug_info,"",%progbits
 246              	.Ldebug_info0:
 247 0000 59070000 		.4byte	0x759
 248 0004 0400     		.2byte	0x4
 249 0006 00000000 		.4byte	.Ldebug_abbrev0
 250 000a 04       		.byte	0x4
 251 000b 01       		.uleb128 0x1
 252 000c 7D010000 		.4byte	.LASF122
 253 0010 01       		.byte	0x1
 254 0011 CA020000 		.4byte	.LASF123
 255 0015 E1040000 		.4byte	.LASF124
 256 0019 00000000 		.4byte	.Ldebug_ranges0+0
 257 001d 00000000 		.4byte	0
 258 0021 00000000 		.4byte	.Ldebug_line0
 259 0025 02       		.uleb128 0x2
 260 0026 04       		.byte	0x4
 261 0027 05       		.byte	0x5
 262 0028 696E7400 		.ascii	"int\000"
 263 002c 03       		.uleb128 0x3
 264 002d 20000000 		.4byte	.LASF2
 265 0031 02       		.byte	0x2
 266 0032 D4       		.byte	0xd4
 267 0033 37000000 		.4byte	0x37
 268 0037 04       		.uleb128 0x4
 269 0038 04       		.byte	0x4
 270 0039 07       		.byte	0x7
 271 003a 5D020000 		.4byte	.LASF0
 272 003e 04       		.uleb128 0x4
 273 003f 01       		.byte	0x1
 274 0040 06       		.byte	0x6
 275 0041 DE000000 		.4byte	.LASF1
 276 0045 03       		.uleb128 0x3
 277 0046 37000000 		.4byte	.LASF3
 278 004a 03       		.byte	0x3
 279 004b 1C       		.byte	0x1c
 280 004c 50000000 		.4byte	0x50
 281 0050 04       		.uleb128 0x4
 282 0051 01       		.byte	0x1
 283 0052 08       		.byte	0x8
 284 0053 24040000 		.4byte	.LASF4
 285 0057 04       		.uleb128 0x4
 286 0058 02       		.byte	0x2
 287 0059 05       		.byte	0x5
 288 005a 47040000 		.4byte	.LASF5
 289 005e 04       		.uleb128 0x4
 290 005f 02       		.byte	0x2
 291 0060 07       		.byte	0x7
 292 0061 A0020000 		.4byte	.LASF6
 293 0065 03       		.uleb128 0x3
 294 0066 2E030000 		.4byte	.LASF7
 295 006a 03       		.byte	0x3
 296 006b 37       		.byte	0x37
ARM GAS  /tmp/cccLOmsM.s 			page 13


 297 006c 70000000 		.4byte	0x70
 298 0070 04       		.uleb128 0x4
 299 0071 04       		.byte	0x4
 300 0072 05       		.byte	0x5
 301 0073 10010000 		.4byte	.LASF8
 302 0077 03       		.uleb128 0x3
 303 0078 71050000 		.4byte	.LASF9
 304 007c 03       		.byte	0x3
 305 007d 38       		.byte	0x38
 306 007e 82000000 		.4byte	0x82
 307 0082 04       		.uleb128 0x4
 308 0083 04       		.byte	0x4
 309 0084 07       		.byte	0x7
 310 0085 2C050000 		.4byte	.LASF10
 311 0089 04       		.uleb128 0x4
 312 008a 08       		.byte	0x8
 313 008b 05       		.byte	0x5
 314 008c D0000000 		.4byte	.LASF11
 315 0090 03       		.uleb128 0x3
 316 0091 D4030000 		.4byte	.LASF12
 317 0095 03       		.byte	0x3
 318 0096 4E       		.byte	0x4e
 319 0097 9B000000 		.4byte	0x9b
 320 009b 04       		.uleb128 0x4
 321 009c 08       		.byte	0x8
 322 009d 07       		.byte	0x7
 323 009e 5C000000 		.4byte	.LASF13
 324 00a2 03       		.uleb128 0x3
 325 00a3 CA050000 		.4byte	.LASF14
 326 00a7 04       		.byte	0x4
 327 00a8 2A       		.byte	0x2a
 328 00a9 45000000 		.4byte	0x45
 329 00ad 03       		.uleb128 0x3
 330 00ae 1C040000 		.4byte	.LASF15
 331 00b2 04       		.byte	0x4
 332 00b3 41       		.byte	0x41
 333 00b4 65000000 		.4byte	0x65
 334 00b8 03       		.uleb128 0x3
 335 00b9 B0040000 		.4byte	.LASF16
 336 00bd 04       		.byte	0x4
 337 00be 42       		.byte	0x42
 338 00bf 77000000 		.4byte	0x77
 339 00c3 03       		.uleb128 0x3
 340 00c4 2E000000 		.4byte	.LASF17
 341 00c8 04       		.byte	0x4
 342 00c9 4E       		.byte	0x4e
 343 00ca 90000000 		.4byte	0x90
 344 00ce 03       		.uleb128 0x3
 345 00cf 95050000 		.4byte	.LASF18
 346 00d3 05       		.byte	0x5
 347 00d4 39       		.byte	0x39
 348 00d5 B8000000 		.4byte	0xb8
 349 00d9 03       		.uleb128 0x3
 350 00da 0C030000 		.4byte	.LASF19
 351 00de 05       		.byte	0x5
 352 00df 3C       		.byte	0x3c
 353 00e0 A2000000 		.4byte	0xa2
ARM GAS  /tmp/cccLOmsM.s 			page 14


 354 00e4 03       		.uleb128 0x3
 355 00e5 20010000 		.4byte	.LASF20
 356 00e9 05       		.byte	0x5
 357 00ea 3D       		.byte	0x3d
 358 00eb A2000000 		.4byte	0xa2
 359 00ef 03       		.uleb128 0x3
 360 00f0 DF030000 		.4byte	.LASF21
 361 00f4 05       		.byte	0x5
 362 00f5 3E       		.byte	0x3e
 363 00f6 A2000000 		.4byte	0xa2
 364 00fa 03       		.uleb128 0x3
 365 00fb FE030000 		.4byte	.LASF22
 366 00ff 05       		.byte	0x5
 367 0100 40       		.byte	0x40
 368 0101 B8000000 		.4byte	0xb8
 369 0105 03       		.uleb128 0x3
 370 0106 C4020000 		.4byte	.LASF23
 371 010a 05       		.byte	0x5
 372 010b 41       		.byte	0x41
 373 010c AD000000 		.4byte	0xad
 374 0110 03       		.uleb128 0x3
 375 0111 22030000 		.4byte	.LASF24
 376 0115 05       		.byte	0x5
 377 0116 43       		.byte	0x43
 378 0117 B8000000 		.4byte	0xb8
 379 011b 03       		.uleb128 0x3
 380 011c 77010000 		.4byte	.LASF25
 381 0120 05       		.byte	0x5
 382 0121 45       		.byte	0x45
 383 0122 AD000000 		.4byte	0xad
 384 0126 03       		.uleb128 0x3
 385 0127 53050000 		.4byte	.LASF26
 386 012b 06       		.byte	0x6
 387 012c 33       		.byte	0x33
 388 012d B8000000 		.4byte	0xb8
 389 0131 03       		.uleb128 0x3
 390 0132 43050000 		.4byte	.LASF27
 391 0136 06       		.byte	0x6
 392 0137 3F       		.byte	0x3f
 393 0138 3C010000 		.4byte	0x13c
 394 013c 05       		.uleb128 0x5
 395 013d BA020000 		.4byte	.LASF47
 396 0141 44       		.byte	0x44
 397 0142 07       		.byte	0x7
 398 0143 C2       		.byte	0xc2
 399 0144 28020000 		.4byte	0x228
 400 0148 06       		.uleb128 0x6
 401 0149 78040000 		.4byte	.LASF28
 402 014d 07       		.byte	0x7
 403 014e C3       		.byte	0xc3
 404 014f 33020000 		.4byte	0x233
 405 0153 00       		.byte	0
 406 0154 06       		.uleb128 0x6
 407 0155 F7030000 		.4byte	.LASF29
 408 0159 07       		.byte	0x7
 409 015a C5       		.byte	0xc5
 410 015b 33020000 		.4byte	0x233
ARM GAS  /tmp/cccLOmsM.s 			page 15


 411 015f 04       		.byte	0x4
 412 0160 06       		.uleb128 0x6
 413 0161 C9000000 		.4byte	.LASF30
 414 0165 07       		.byte	0x7
 415 0166 C7       		.byte	0xc7
 416 0167 FA000000 		.4byte	0xfa
 417 016b 08       		.byte	0x8
 418 016c 06       		.uleb128 0x6
 419 016d 1B060000 		.4byte	.LASF31
 420 0171 07       		.byte	0x7
 421 0172 C8       		.byte	0xc8
 422 0173 63040000 		.4byte	0x463
 423 0177 0C       		.byte	0xc
 424 0178 06       		.uleb128 0x6
 425 0179 29010000 		.4byte	.LASF32
 426 017d 07       		.byte	0x7
 427 017e CA       		.byte	0xca
 428 017f 33020000 		.4byte	0x233
 429 0183 10       		.byte	0x10
 430 0184 06       		.uleb128 0x6
 431 0185 8C030000 		.4byte	.LASF33
 432 0189 07       		.byte	0x7
 433 018a CB       		.byte	0xcb
 434 018b 33020000 		.4byte	0x233
 435 018f 14       		.byte	0x14
 436 0190 06       		.uleb128 0x6
 437 0191 D9050000 		.4byte	.LASF34
 438 0195 07       		.byte	0x7
 439 0196 D2       		.byte	0xd2
 440 0197 EE050000 		.4byte	0x5ee
 441 019b 18       		.byte	0x18
 442 019c 06       		.uleb128 0x6
 443 019d B0030000 		.4byte	.LASF35
 444 01a1 07       		.byte	0x7
 445 01a2 D8       		.byte	0xd8
 446 01a3 00060000 		.4byte	0x600
 447 01a7 1C       		.byte	0x1c
 448 01a8 06       		.uleb128 0x6
 449 01a9 51040000 		.4byte	.LASF36
 450 01ad 07       		.byte	0x7
 451 01ae DD       		.byte	0xdd
 452 01af E4000000 		.4byte	0xe4
 453 01b3 20       		.byte	0x20
 454 01b4 06       		.uleb128 0x6
 455 01b5 7F040000 		.4byte	.LASF37
 456 01b9 07       		.byte	0x7
 457 01ba E1       		.byte	0xe1
 458 01bb D9000000 		.4byte	0xd9
 459 01bf 21       		.byte	0x21
 460 01c0 06       		.uleb128 0x6
 461 01c1 BD050000 		.4byte	.LASF38
 462 01c5 07       		.byte	0x7
 463 01c6 E6       		.byte	0xe6
 464 01c7 EF000000 		.4byte	0xef
 465 01cb 22       		.byte	0x22
 466 01cc 07       		.uleb128 0x7
 467 01cd 705F7500 		.ascii	"p_u\000"
ARM GAS  /tmp/cccLOmsM.s 			page 16


 468 01d1 07       		.byte	0x7
 469 01d2 3701     		.2byte	0x137
 470 01d4 1D050000 		.4byte	0x51d
 471 01d8 24       		.byte	0x24
 472 01d9 08       		.uleb128 0x8
 473 01da 43030000 		.4byte	.LASF39
 474 01de 07       		.byte	0x7
 475 01df 3C01     		.2byte	0x13c
 476 01e1 39020000 		.4byte	0x239
 477 01e5 28       		.byte	0x28
 478 01e6 08       		.uleb128 0x8
 479 01e7 79020000 		.4byte	.LASF40
 480 01eb 07       		.byte	0x7
 481 01ec 4201     		.2byte	0x142
 482 01ee 5D020000 		.4byte	0x25d
 483 01f2 2C       		.byte	0x2c
 484 01f3 08       		.uleb128 0x8
 485 01f4 A5040000 		.4byte	.LASF41
 486 01f8 07       		.byte	0x7
 487 01f9 4801     		.2byte	0x148
 488 01fb 10010000 		.4byte	0x110
 489 01ff 34       		.byte	0x34
 490 0200 08       		.uleb128 0x8
 491 0201 3D040000 		.4byte	.LASF42
 492 0205 07       		.byte	0x7
 493 0206 4F01     		.2byte	0x14f
 494 0208 E8050000 		.4byte	0x5e8
 495 020c 38       		.byte	0x38
 496 020d 08       		.uleb128 0x8
 497 020e 5D050000 		.4byte	.LASF43
 498 0212 07       		.byte	0x7
 499 0213 5301     		.2byte	0x153
 500 0215 FA000000 		.4byte	0xfa
 501 0219 3C       		.byte	0x3c
 502 021a 08       		.uleb128 0x8
 503 021b EA000000 		.4byte	.LASF44
 504 021f 07       		.byte	0x7
 505 0220 5A01     		.2byte	0x15a
 506 0222 10030000 		.4byte	0x310
 507 0226 40       		.byte	0x40
 508 0227 00       		.byte	0
 509 0228 03       		.uleb128 0x3
 510 0229 56030000 		.4byte	.LASF45
 511 022d 06       		.byte	0x6
 512 022e 44       		.byte	0x44
 513 022f 33020000 		.4byte	0x233
 514 0233 09       		.uleb128 0x9
 515 0234 04       		.byte	0x4
 516 0235 31010000 		.4byte	0x131
 517 0239 03       		.uleb128 0x3
 518 023a E7050000 		.4byte	.LASF46
 519 023e 06       		.byte	0x6
 520 023f 49       		.byte	0x49
 521 0240 44020000 		.4byte	0x244
 522 0244 05       		.uleb128 0x5
 523 0245 D1040000 		.4byte	.LASF48
 524 0249 04       		.byte	0x4
ARM GAS  /tmp/cccLOmsM.s 			page 17


 525 024a 07       		.byte	0x7
 526 024b B0       		.byte	0xb0
 527 024c 5D020000 		.4byte	0x25d
 528 0250 06       		.uleb128 0x6
 529 0251 78040000 		.4byte	.LASF28
 530 0255 07       		.byte	0x7
 531 0256 B1       		.byte	0xb1
 532 0257 33020000 		.4byte	0x233
 533 025b 00       		.byte	0
 534 025c 00       		.byte	0
 535 025d 03       		.uleb128 0x3
 536 025e A4050000 		.4byte	.LASF49
 537 0262 06       		.byte	0x6
 538 0263 50       		.byte	0x50
 539 0264 68020000 		.4byte	0x268
 540 0268 05       		.uleb128 0x5
 541 0269 B8000000 		.4byte	.LASF50
 542 026d 08       		.byte	0x8
 543 026e 07       		.byte	0x7
 544 026f B7       		.byte	0xb7
 545 0270 8D020000 		.4byte	0x28d
 546 0274 06       		.uleb128 0x6
 547 0275 78040000 		.4byte	.LASF28
 548 0279 07       		.byte	0x7
 549 027a B8       		.byte	0xb8
 550 027b 33020000 		.4byte	0x233
 551 027f 00       		.byte	0
 552 0280 06       		.uleb128 0x6
 553 0281 F7030000 		.4byte	.LASF29
 554 0285 07       		.byte	0x7
 555 0286 B9       		.byte	0xb9
 556 0287 33020000 		.4byte	0x233
 557 028b 04       		.byte	0x4
 558 028c 00       		.byte	0
 559 028d 03       		.uleb128 0x3
 560 028e 13000000 		.4byte	.LASF51
 561 0292 06       		.byte	0x6
 562 0293 57       		.byte	0x57
 563 0294 98020000 		.4byte	0x298
 564 0298 0A       		.uleb128 0xa
 565 0299 14030000 		.4byte	.LASF52
 566 029d 1C       		.byte	0x1c
 567 029e 07       		.byte	0x7
 568 029f 9201     		.2byte	0x192
 569 02a1 F4020000 		.4byte	0x2f4
 570 02a5 08       		.uleb128 0x8
 571 02a6 C0040000 		.4byte	.LASF53
 572 02aa 07       		.byte	0x7
 573 02ab 9301     		.2byte	0x193
 574 02ad 5D020000 		.4byte	0x25d
 575 02b1 00       		.byte	0
 576 02b2 08       		.uleb128 0x8
 577 02b3 63040000 		.4byte	.LASF54
 578 02b7 07       		.byte	0x7
 579 02b8 9401     		.2byte	0x194
 580 02ba FA000000 		.4byte	0xfa
 581 02be 08       		.byte	0x8
ARM GAS  /tmp/cccLOmsM.s 			page 18


 582 02bf 08       		.uleb128 0x8
 583 02c0 94030000 		.4byte	.LASF55
 584 02c4 07       		.byte	0x7
 585 02c5 9601     		.2byte	0x196
 586 02c7 63040000 		.4byte	0x463
 587 02cb 0C       		.byte	0xc
 588 02cc 08       		.uleb128 0x8
 589 02cd 39010000 		.4byte	.LASF56
 590 02d1 07       		.byte	0x7
 591 02d2 9901     		.2byte	0x199
 592 02d4 33020000 		.4byte	0x233
 593 02d8 10       		.byte	0x10
 594 02d9 08       		.uleb128 0x8
 595 02da CC030000 		.4byte	.LASF57
 596 02de 07       		.byte	0x7
 597 02df 9A01     		.2byte	0x19a
 598 02e1 33020000 		.4byte	0x233
 599 02e5 14       		.byte	0x14
 600 02e6 08       		.uleb128 0x8
 601 02e7 C2030000 		.4byte	.LASF58
 602 02eb 07       		.byte	0x7
 603 02ec 9D01     		.2byte	0x19d
 604 02ee 33020000 		.4byte	0x233
 605 02f2 18       		.byte	0x18
 606 02f3 00       		.byte	0
 607 02f4 03       		.uleb128 0x3
 608 02f5 68050000 		.4byte	.LASF59
 609 02f9 06       		.byte	0x6
 610 02fa 5C       		.byte	0x5c
 611 02fb FF020000 		.4byte	0x2ff
 612 02ff 09       		.uleb128 0x9
 613 0300 04       		.byte	0x4
 614 0301 05030000 		.4byte	0x305
 615 0305 0B       		.uleb128 0xb
 616 0306 10030000 		.4byte	0x310
 617 030a 0C       		.uleb128 0xc
 618 030b 10030000 		.4byte	0x310
 619 030f 00       		.byte	0
 620 0310 0D       		.uleb128 0xd
 621 0311 04       		.byte	0x4
 622 0312 03       		.uleb128 0x3
 623 0313 E7030000 		.4byte	.LASF60
 624 0317 06       		.byte	0x6
 625 0318 61       		.byte	0x61
 626 0319 1D030000 		.4byte	0x31d
 627 031d 0A       		.uleb128 0xa
 628 031e 87040000 		.4byte	.LASF61
 629 0322 14       		.byte	0x14
 630 0323 07       		.byte	0x7
 631 0324 6D01     		.2byte	0x16d
 632 0326 6C030000 		.4byte	0x36c
 633 032a 08       		.uleb128 0x8
 634 032b 6A020000 		.4byte	.LASF62
 635 032f 07       		.byte	0x7
 636 0330 6E01     		.2byte	0x16e
 637 0332 06060000 		.4byte	0x606
 638 0336 00       		.byte	0
ARM GAS  /tmp/cccLOmsM.s 			page 19


 639 0337 08       		.uleb128 0x8
 640 0338 4A010000 		.4byte	.LASF63
 641 033c 07       		.byte	0x7
 642 033d 6F01     		.2byte	0x16f
 643 033f 06060000 		.4byte	0x606
 644 0343 04       		.byte	0x4
 645 0344 08       		.uleb128 0x8
 646 0345 C8040000 		.4byte	.LASF64
 647 0349 07       		.byte	0x7
 648 034a 7001     		.2byte	0x170
 649 034c 26010000 		.4byte	0x126
 650 0350 08       		.byte	0x8
 651 0351 08       		.uleb128 0x8
 652 0352 21060000 		.4byte	.LASF65
 653 0356 07       		.byte	0x7
 654 0357 7101     		.2byte	0x171
 655 0359 F4020000 		.4byte	0x2f4
 656 035d 0C       		.byte	0xc
 657 035e 08       		.uleb128 0x8
 658 035f 9D050000 		.4byte	.LASF66
 659 0363 07       		.byte	0x7
 660 0364 7301     		.2byte	0x173
 661 0366 10030000 		.4byte	0x310
 662 036a 10       		.byte	0x10
 663 036b 00       		.byte	0
 664 036c 03       		.uleb128 0x3
 665 036d 95000000 		.4byte	.LASF67
 666 0371 06       		.byte	0x6
 667 0372 66       		.byte	0x66
 668 0373 77030000 		.4byte	0x377
 669 0377 0A       		.uleb128 0xa
 670 0378 69030000 		.4byte	.LASF68
 671 037c 10       		.byte	0x10
 672 037d 07       		.byte	0x7
 673 037e 7D01     		.2byte	0x17d
 674 0380 B9030000 		.4byte	0x3b9
 675 0384 08       		.uleb128 0x8
 676 0385 6A020000 		.4byte	.LASF62
 677 0389 07       		.byte	0x7
 678 038a 7E01     		.2byte	0x17e
 679 038c 06060000 		.4byte	0x606
 680 0390 00       		.byte	0
 681 0391 08       		.uleb128 0x8
 682 0392 4A010000 		.4byte	.LASF63
 683 0396 07       		.byte	0x7
 684 0397 8001     		.2byte	0x180
 685 0399 06060000 		.4byte	0x606
 686 039d 04       		.byte	0x4
 687 039e 08       		.uleb128 0x8
 688 039f C8040000 		.4byte	.LASF64
 689 03a3 07       		.byte	0x7
 690 03a4 8201     		.2byte	0x182
 691 03a6 26010000 		.4byte	0x126
 692 03aa 08       		.byte	0x8
 693 03ab 08       		.uleb128 0x8
 694 03ac 80030000 		.4byte	.LASF69
 695 03b0 07       		.byte	0x7
ARM GAS  /tmp/cccLOmsM.s 			page 20


 696 03b1 8A01     		.2byte	0x18a
 697 03b3 26010000 		.4byte	0x126
 698 03b7 0C       		.byte	0xc
 699 03b8 00       		.byte	0
 700 03b9 03       		.uleb128 0x3
 701 03ba 4D000000 		.4byte	.LASF70
 702 03be 06       		.byte	0x6
 703 03bf 6B       		.byte	0x6b
 704 03c0 C4030000 		.4byte	0x3c4
 705 03c4 0A       		.uleb128 0xa
 706 03c5 06040000 		.4byte	.LASF71
 707 03c9 04       		.byte	0x4
 708 03ca 07       		.byte	0x7
 709 03cb A401     		.2byte	0x1a4
 710 03cd DF030000 		.4byte	0x3df
 711 03d1 08       		.uleb128 0x8
 712 03d2 7C050000 		.4byte	.LASF72
 713 03d6 07       		.byte	0x7
 714 03d7 AC01     		.2byte	0x1ac
 715 03d9 0C060000 		.4byte	0x60c
 716 03dd 00       		.byte	0
 717 03de 00       		.byte	0
 718 03df 03       		.uleb128 0x3
 719 03e0 00030000 		.4byte	.LASF73
 720 03e4 06       		.byte	0x6
 721 03e5 70       		.byte	0x70
 722 03e6 EA030000 		.4byte	0x3ea
 723 03ea 0E       		.uleb128 0xe
 724 03eb 06010000 		.4byte	.LASF74
 725 03ef 5001     		.2byte	0x150
 726 03f1 07       		.byte	0x7
 727 03f2 C401     		.2byte	0x1c4
 728 03f4 46040000 		.4byte	0x446
 729 03f8 08       		.uleb128 0x8
 730 03f9 C4050000 		.4byte	.LASF75
 731 03fd 07       		.byte	0x7
 732 03fe C801     		.2byte	0x1c8
 733 0400 8D020000 		.4byte	0x28d
 734 0404 00       		.byte	0
 735 0405 08       		.uleb128 0x8
 736 0406 52010000 		.4byte	.LASF76
 737 040a 07       		.byte	0x7
 738 040b CC01     		.2byte	0x1cc
 739 040d 6C030000 		.4byte	0x36c
 740 0411 1C       		.byte	0x1c
 741 0412 07       		.uleb128 0x7
 742 0413 64626700 		.ascii	"dbg\000"
 743 0417 07       		.byte	0x7
 744 0418 D001     		.2byte	0x1d0
 745 041a B9030000 		.4byte	0x3b9
 746 041e 2C       		.byte	0x2c
 747 041f 08       		.uleb128 0x8
 748 0420 82000000 		.4byte	.LASF77
 749 0424 07       		.byte	0x7
 750 0425 D401     		.2byte	0x1d4
 751 0427 31010000 		.4byte	0x131
 752 042b 30       		.byte	0x30
ARM GAS  /tmp/cccLOmsM.s 			page 21


 753 042c 07       		.uleb128 0x7
 754 042d 746D00   		.ascii	"tm\000"
 755 0430 07       		.byte	0x7
 756 0431 D901     		.2byte	0x1d9
 757 0433 12050000 		.4byte	0x512
 758 0437 74       		.byte	0x74
 759 0438 08       		.uleb128 0x8
 760 0439 68010000 		.4byte	.LASF78
 761 043d 07       		.byte	0x7
 762 043e E501     		.2byte	0x1e5
 763 0440 11060000 		.4byte	0x611
 764 0444 78       		.byte	0x78
 765 0445 00       		.byte	0
 766 0446 04       		.uleb128 0x4
 767 0447 04       		.byte	0x4
 768 0448 07       		.byte	0x7
 769 0449 4D030000 		.4byte	.LASF79
 770 044d 03       		.uleb128 0x3
 771 044e 41010000 		.4byte	.LASF80
 772 0452 08       		.byte	0x8
 773 0453 65       		.byte	0x65
 774 0454 10030000 		.4byte	0x310
 775 0458 03       		.uleb128 0x3
 776 0459 38030000 		.4byte	.LASF81
 777 045d 08       		.byte	0x8
 778 045e 6D       		.byte	0x6d
 779 045f C3000000 		.4byte	0xc3
 780 0463 05       		.uleb128 0x5
 781 0464 8D050000 		.4byte	.LASF82
 782 0468 04       		.byte	0x4
 783 0469 08       		.byte	0x8
 784 046a 89       		.byte	0x89
 785 046b 7C040000 		.4byte	0x47c
 786 046f 0F       		.uleb128 0xf
 787 0470 72313300 		.ascii	"r13\000"
 788 0474 08       		.byte	0x8
 789 0475 8A       		.byte	0x8a
 790 0476 F7040000 		.4byte	0x4f7
 791 047a 00       		.byte	0
 792 047b 00       		.byte	0
 793 047c 05       		.uleb128 0x5
 794 047d 41000000 		.4byte	.LASF83
 795 0481 24       		.byte	0x24
 796 0482 09       		.byte	0x9
 797 0483 FD       		.byte	0xfd
 798 0484 F7040000 		.4byte	0x4f7
 799 0488 07       		.uleb128 0x7
 800 0489 723400   		.ascii	"r4\000"
 801 048c 09       		.byte	0x9
 802 048d 1001     		.2byte	0x110
 803 048f 4D040000 		.4byte	0x44d
 804 0493 00       		.byte	0
 805 0494 07       		.uleb128 0x7
 806 0495 723500   		.ascii	"r5\000"
 807 0498 09       		.byte	0x9
 808 0499 1101     		.2byte	0x111
 809 049b 4D040000 		.4byte	0x44d
ARM GAS  /tmp/cccLOmsM.s 			page 22


 810 049f 04       		.byte	0x4
 811 04a0 07       		.uleb128 0x7
 812 04a1 723600   		.ascii	"r6\000"
 813 04a4 09       		.byte	0x9
 814 04a5 1201     		.2byte	0x112
 815 04a7 4D040000 		.4byte	0x44d
 816 04ab 08       		.byte	0x8
 817 04ac 07       		.uleb128 0x7
 818 04ad 723700   		.ascii	"r7\000"
 819 04b0 09       		.byte	0x9
 820 04b1 1301     		.2byte	0x113
 821 04b3 4D040000 		.4byte	0x44d
 822 04b7 0C       		.byte	0xc
 823 04b8 07       		.uleb128 0x7
 824 04b9 723800   		.ascii	"r8\000"
 825 04bc 09       		.byte	0x9
 826 04bd 1401     		.2byte	0x114
 827 04bf 4D040000 		.4byte	0x44d
 828 04c3 10       		.byte	0x10
 829 04c4 07       		.uleb128 0x7
 830 04c5 723900   		.ascii	"r9\000"
 831 04c8 09       		.byte	0x9
 832 04c9 1501     		.2byte	0x115
 833 04cb 4D040000 		.4byte	0x44d
 834 04cf 14       		.byte	0x14
 835 04d0 07       		.uleb128 0x7
 836 04d1 72313000 		.ascii	"r10\000"
 837 04d5 09       		.byte	0x9
 838 04d6 1601     		.2byte	0x116
 839 04d8 4D040000 		.4byte	0x44d
 840 04dc 18       		.byte	0x18
 841 04dd 07       		.uleb128 0x7
 842 04de 72313100 		.ascii	"r11\000"
 843 04e2 09       		.byte	0x9
 844 04e3 1701     		.2byte	0x117
 845 04e5 4D040000 		.4byte	0x44d
 846 04e9 1C       		.byte	0x1c
 847 04ea 07       		.uleb128 0x7
 848 04eb 6C7200   		.ascii	"lr\000"
 849 04ee 09       		.byte	0x9
 850 04ef 1801     		.2byte	0x118
 851 04f1 4D040000 		.4byte	0x44d
 852 04f5 20       		.byte	0x20
 853 04f6 00       		.byte	0
 854 04f7 09       		.uleb128 0x9
 855 04f8 04       		.byte	0x4
 856 04f9 7C040000 		.4byte	0x47c
 857 04fd 10       		.uleb128 0x10
 858 04fe 04       		.byte	0x4
 859 04ff 0A       		.byte	0xa
 860 0500 38       		.byte	0x38
 861 0501 12050000 		.4byte	0x512
 862 0505 06       		.uleb128 0x6
 863 0506 86050000 		.4byte	.LASF84
 864 050a 0A       		.byte	0xa
 865 050b 3C       		.byte	0x3c
 866 050c CE000000 		.4byte	0xce
ARM GAS  /tmp/cccLOmsM.s 			page 23


 867 0510 00       		.byte	0
 868 0511 00       		.byte	0
 869 0512 03       		.uleb128 0x3
 870 0513 9A030000 		.4byte	.LASF85
 871 0517 0A       		.byte	0xa
 872 0518 3D       		.byte	0x3d
 873 0519 FD040000 		.4byte	0x4fd
 874 051d 11       		.uleb128 0x11
 875 051e 04       		.byte	0x4
 876 051f 07       		.byte	0x7
 877 0520 FA       		.byte	0xfa
 878 0521 86050000 		.4byte	0x586
 879 0525 12       		.uleb128 0x12
 880 0526 27000000 		.4byte	.LASF86
 881 052a 07       		.byte	0x7
 882 052b 0101     		.2byte	0x101
 883 052d 05010000 		.4byte	0x105
 884 0531 12       		.uleb128 0x12
 885 0532 79000000 		.4byte	.LASF87
 886 0536 07       		.byte	0x7
 887 0537 0801     		.2byte	0x108
 888 0539 05010000 		.4byte	0x105
 889 053d 12       		.uleb128 0x12
 890 053e D2050000 		.4byte	.LASF88
 891 0542 07       		.byte	0x7
 892 0543 0F01     		.2byte	0x10f
 893 0545 10030000 		.4byte	0x310
 894 0549 12       		.uleb128 0x12
 895 054a 00010000 		.4byte	.LASF89
 896 054e 07       		.byte	0x7
 897 054f 1601     		.2byte	0x116
 898 0551 86050000 		.4byte	0x586
 899 0555 12       		.uleb128 0x12
 900 0556 8D000000 		.4byte	.LASF90
 901 055a 07       		.byte	0x7
 902 055b 1B01     		.2byte	0x11b
 903 055d 05010000 		.4byte	0x105
 904 0561 12       		.uleb128 0x12
 905 0562 72020000 		.4byte	.LASF91
 906 0566 07       		.byte	0x7
 907 0567 2401     		.2byte	0x124
 908 0569 B1050000 		.4byte	0x5b1
 909 056d 12       		.uleb128 0x12
 910 056e B9040000 		.4byte	.LASF92
 911 0572 07       		.byte	0x7
 912 0573 2D01     		.2byte	0x12d
 913 0575 E8050000 		.4byte	0x5e8
 914 0579 12       		.uleb128 0x12
 915 057a 71040000 		.4byte	.LASF93
 916 057e 07       		.byte	0x7
 917 057f 3501     		.2byte	0x135
 918 0581 10010000 		.4byte	0x110
 919 0585 00       		.byte	0
 920 0586 09       		.uleb128 0x9
 921 0587 04       		.byte	0x4
 922 0588 28020000 		.4byte	0x228
 923 058c 05       		.uleb128 0x5
ARM GAS  /tmp/cccLOmsM.s 			page 24


 924 058d 98040000 		.4byte	.LASF94
 925 0591 0C       		.byte	0xc
 926 0592 0B       		.byte	0xb
 927 0593 34       		.byte	0x34
 928 0594 B1050000 		.4byte	0x5b1
 929 0598 06       		.uleb128 0x6
 930 0599 31010000 		.4byte	.LASF95
 931 059d 0B       		.byte	0xb
 932 059e 35       		.byte	0x35
 933 059f 5D020000 		.4byte	0x25d
 934 05a3 00       		.byte	0
 935 05a4 06       		.uleb128 0x6
 936 05a5 37040000 		.4byte	.LASF96
 937 05a9 0B       		.byte	0xb
 938 05aa 37       		.byte	0x37
 939 05ab 1B010000 		.4byte	0x11b
 940 05af 08       		.byte	0x8
 941 05b0 00       		.byte	0
 942 05b1 09       		.uleb128 0x9
 943 05b2 04       		.byte	0x4
 944 05b3 8C050000 		.4byte	0x58c
 945 05b7 05       		.uleb128 0x5
 946 05b8 B4050000 		.4byte	.LASF97
 947 05bc 10       		.byte	0x10
 948 05bd 0C       		.byte	0xc
 949 05be 39       		.byte	0x39
 950 05bf E8050000 		.4byte	0x5e8
 951 05c3 06       		.uleb128 0x6
 952 05c4 F2000000 		.4byte	.LASF98
 953 05c8 0C       		.byte	0xc
 954 05c9 3A       		.byte	0x3a
 955 05ca 5D020000 		.4byte	0x25d
 956 05ce 00       		.byte	0
 957 05cf 06       		.uleb128 0x6
 958 05d0 00060000 		.4byte	.LASF99
 959 05d4 0C       		.byte	0xc
 960 05d5 3C       		.byte	0x3c
 961 05d6 33020000 		.4byte	0x233
 962 05da 08       		.byte	0x8
 963 05db 06       		.uleb128 0x6
 964 05dc 4C050000 		.4byte	.LASF100
 965 05e0 0C       		.byte	0xc
 966 05e1 3E       		.byte	0x3e
 967 05e2 2C060000 		.4byte	0x62c
 968 05e6 0C       		.byte	0xc
 969 05e7 00       		.byte	0
 970 05e8 09       		.uleb128 0x9
 971 05e9 04       		.byte	0x4
 972 05ea B7050000 		.4byte	0x5b7
 973 05ee 09       		.uleb128 0x9
 974 05ef 04       		.byte	0x4
 975 05f0 F4050000 		.4byte	0x5f4
 976 05f4 13       		.uleb128 0x13
 977 05f5 F9050000 		.4byte	0x5f9
 978 05f9 04       		.uleb128 0x4
 979 05fa 01       		.byte	0x1
 980 05fb 08       		.byte	0x8
ARM GAS  /tmp/cccLOmsM.s 			page 25


 981 05fc 3E050000 		.4byte	.LASF101
 982 0600 09       		.uleb128 0x9
 983 0601 04       		.byte	0x4
 984 0602 58040000 		.4byte	0x458
 985 0606 09       		.uleb128 0x9
 986 0607 04       		.byte	0x4
 987 0608 12030000 		.4byte	0x312
 988 060c 14       		.uleb128 0x14
 989 060d EE050000 		.4byte	0x5ee
 990 0611 15       		.uleb128 0x15
 991 0612 58040000 		.4byte	0x458
 992 0616 21060000 		.4byte	0x621
 993 061a 16       		.uleb128 0x16
 994 061b 46040000 		.4byte	0x446
 995 061f 1A       		.byte	0x1a
 996 0620 00       		.byte	0
 997 0621 03       		.uleb128 0x3
 998 0622 59010000 		.4byte	.LASF102
 999 0626 0C       		.byte	0xc
 1000 0627 34       		.byte	0x34
 1001 0628 B7050000 		.4byte	0x5b7
 1002 062c 09       		.uleb128 0x9
 1003 062d 04       		.byte	0x4
 1004 062e 21060000 		.4byte	0x621
 1005 0632 04       		.uleb128 0x4
 1006 0633 01       		.byte	0x1
 1007 0634 02       		.byte	0x2
 1008 0635 16040000 		.4byte	.LASF103
 1009 0639 10       		.uleb128 0x10
 1010 063a 1C       		.byte	0x1c
 1011 063b 0D       		.byte	0xd
 1012 063c F5       		.byte	0xf5
 1013 063d 98060000 		.4byte	0x698
 1014 0641 06       		.uleb128 0x6
 1015 0642 FA000000 		.4byte	.LASF104
 1016 0646 0D       		.byte	0xd
 1017 0647 F7       		.byte	0xf7
 1018 0648 B8000000 		.4byte	0xb8
 1019 064c 00       		.byte	0
 1020 064d 06       		.uleb128 0x6
 1021 064e 8C020000 		.4byte	.LASF105
 1022 0652 0D       		.byte	0xd
 1023 0653 F9       		.byte	0xf9
 1024 0654 B8000000 		.4byte	0xb8
 1025 0658 04       		.byte	0x4
 1026 0659 06       		.uleb128 0x6
 1027 065a 84020000 		.4byte	.LASF106
 1028 065e 0D       		.byte	0xd
 1029 065f FB       		.byte	0xfb
 1030 0660 B8000000 		.4byte	0xb8
 1031 0664 08       		.byte	0x8
 1032 0665 06       		.uleb128 0x6
 1033 0666 73000000 		.4byte	.LASF107
 1034 066a 0D       		.byte	0xd
 1035 066b FD       		.byte	0xfd
 1036 066c B8000000 		.4byte	0xb8
 1037 0670 0C       		.byte	0xc
ARM GAS  /tmp/cccLOmsM.s 			page 26


 1038 0671 0F       		.uleb128 0xf
 1039 0672 6F647200 		.ascii	"odr\000"
 1040 0676 0D       		.byte	0xd
 1041 0677 FF       		.byte	0xff
 1042 0678 B8000000 		.4byte	0xb8
 1043 067c 10       		.byte	0x10
 1044 067d 08       		.uleb128 0x8
 1045 067e 32040000 		.4byte	.LASF108
 1046 0682 0D       		.byte	0xd
 1047 0683 0101     		.2byte	0x101
 1048 0685 B8000000 		.4byte	0xb8
 1049 0689 14       		.byte	0x14
 1050 068a 08       		.uleb128 0x8
 1051 068b AB030000 		.4byte	.LASF109
 1052 068f 0D       		.byte	0xd
 1053 0690 0301     		.2byte	0x103
 1054 0692 B8000000 		.4byte	0xb8
 1055 0696 18       		.byte	0x18
 1056 0697 00       		.byte	0
 1057 0698 17       		.uleb128 0x17
 1058 0699 00000000 		.4byte	.LASF110
 1059 069d 0D       		.byte	0xd
 1060 069e 0401     		.2byte	0x104
 1061 06a0 39060000 		.4byte	0x639
 1062 06a4 18       		.uleb128 0x18
 1063 06a5 A8       		.byte	0xa8
 1064 06a6 0D       		.byte	0xd
 1065 06a7 0D01     		.2byte	0x10d
 1066 06a9 FC060000 		.4byte	0x6fc
 1067 06ad 08       		.uleb128 0x8
 1068 06ae 6A040000 		.4byte	.LASF111
 1069 06b2 0D       		.byte	0xd
 1070 06b3 1001     		.2byte	0x110
 1071 06b5 98060000 		.4byte	0x698
 1072 06b9 00       		.byte	0
 1073 06ba 08       		.uleb128 0x8
 1074 06bb 61010000 		.4byte	.LASF112
 1075 06bf 0D       		.byte	0xd
 1076 06c0 1401     		.2byte	0x114
 1077 06c2 98060000 		.4byte	0x698
 1078 06c6 1C       		.byte	0x1c
 1079 06c7 08       		.uleb128 0x8
 1080 06c8 E0050000 		.4byte	.LASF113
 1081 06cc 0D       		.byte	0xd
 1082 06cd 1801     		.2byte	0x118
 1083 06cf 98060000 		.4byte	0x698
 1084 06d3 38       		.byte	0x38
 1085 06d4 08       		.uleb128 0x8
 1086 06d5 BB030000 		.4byte	.LASF114
 1087 06d9 0D       		.byte	0xd
 1088 06da 1C01     		.2byte	0x11c
 1089 06dc 98060000 		.4byte	0x698
 1090 06e0 54       		.byte	0x54
 1091 06e1 08       		.uleb128 0x8
 1092 06e2 19010000 		.4byte	.LASF115
 1093 06e6 0D       		.byte	0xd
 1094 06e7 2001     		.2byte	0x120
ARM GAS  /tmp/cccLOmsM.s 			page 27


 1095 06e9 98060000 		.4byte	0x698
 1096 06ed 70       		.byte	0x70
 1097 06ee 08       		.uleb128 0x8
 1098 06ef B3020000 		.4byte	.LASF116
 1099 06f3 0D       		.byte	0xd
 1100 06f4 2401     		.2byte	0x124
 1101 06f6 98060000 		.4byte	0x698
 1102 06fa 8C       		.byte	0x8c
 1103 06fb 00       		.byte	0
 1104 06fc 17       		.uleb128 0x17
 1105 06fd F6050000 		.4byte	.LASF117
 1106 0701 0D       		.byte	0xd
 1107 0702 3A01     		.2byte	0x13a
 1108 0704 A4060000 		.4byte	0x6a4
 1109 0708 19       		.uleb128 0x19
 1110 0709 93020000 		.4byte	.LASF118
 1111 070d 01       		.byte	0x1
 1112 070e 46       		.byte	0x46
 1113 070f 00000000 		.4byte	.LFB272
 1114 0713 08000000 		.4byte	.LFE272-.LFB272
 1115 0717 01       		.uleb128 0x1
 1116 0718 9C       		.byte	0x9c
 1117 0719 1A       		.uleb128 0x1a
 1118 071a 59040000 		.4byte	.LASF119
 1119 071e 01       		.byte	0x1
 1120 071f 7B       		.byte	0x7b
 1121 0720 00000000 		.4byte	.LFB273
 1122 0724 02000000 		.4byte	.LFE273-.LFB273
 1123 0728 01       		.uleb128 0x1
 1124 0729 9C       		.byte	0x9c
 1125 072a 1B       		.uleb128 0x1b
 1126 072b AB000000 		.4byte	.LASF120
 1127 072f 0E       		.byte	0xe
 1128 0730 FA06     		.2byte	0x6fa
 1129 0732 36070000 		.4byte	0x736
 1130 0736 14       		.uleb128 0x14
 1131 0737 AD000000 		.4byte	0xad
 1132 073b 1C       		.uleb128 0x1c
 1133 073c 636800   		.ascii	"ch\000"
 1134 073f 07       		.byte	0x7
 1135 0740 0B02     		.2byte	0x20b
 1136 0742 DF030000 		.4byte	0x3df
 1137 0746 1D       		.uleb128 0x1d
 1138 0747 08060000 		.4byte	.LASF121
 1139 074b 01       		.byte	0x1
 1140 074c 19       		.byte	0x19
 1141 074d 57070000 		.4byte	0x757
 1142 0751 05       		.uleb128 0x5
 1143 0752 03       		.byte	0x3
 1144 0753 00000000 		.4byte	pal_default_config
 1145 0757 13       		.uleb128 0x13
 1146 0758 FC060000 		.4byte	0x6fc
 1147 075c 00       		.byte	0
 1148              		.section	.debug_abbrev,"",%progbits
 1149              	.Ldebug_abbrev0:
 1150 0000 01       		.uleb128 0x1
 1151 0001 11       		.uleb128 0x11
ARM GAS  /tmp/cccLOmsM.s 			page 28


 1152 0002 01       		.byte	0x1
 1153 0003 25       		.uleb128 0x25
 1154 0004 0E       		.uleb128 0xe
 1155 0005 13       		.uleb128 0x13
 1156 0006 0B       		.uleb128 0xb
 1157 0007 03       		.uleb128 0x3
 1158 0008 0E       		.uleb128 0xe
 1159 0009 1B       		.uleb128 0x1b
 1160 000a 0E       		.uleb128 0xe
 1161 000b 55       		.uleb128 0x55
 1162 000c 17       		.uleb128 0x17
 1163 000d 11       		.uleb128 0x11
 1164 000e 01       		.uleb128 0x1
 1165 000f 10       		.uleb128 0x10
 1166 0010 17       		.uleb128 0x17
 1167 0011 00       		.byte	0
 1168 0012 00       		.byte	0
 1169 0013 02       		.uleb128 0x2
 1170 0014 24       		.uleb128 0x24
 1171 0015 00       		.byte	0
 1172 0016 0B       		.uleb128 0xb
 1173 0017 0B       		.uleb128 0xb
 1174 0018 3E       		.uleb128 0x3e
 1175 0019 0B       		.uleb128 0xb
 1176 001a 03       		.uleb128 0x3
 1177 001b 08       		.uleb128 0x8
 1178 001c 00       		.byte	0
 1179 001d 00       		.byte	0
 1180 001e 03       		.uleb128 0x3
 1181 001f 16       		.uleb128 0x16
 1182 0020 00       		.byte	0
 1183 0021 03       		.uleb128 0x3
 1184 0022 0E       		.uleb128 0xe
 1185 0023 3A       		.uleb128 0x3a
 1186 0024 0B       		.uleb128 0xb
 1187 0025 3B       		.uleb128 0x3b
 1188 0026 0B       		.uleb128 0xb
 1189 0027 49       		.uleb128 0x49
 1190 0028 13       		.uleb128 0x13
 1191 0029 00       		.byte	0
 1192 002a 00       		.byte	0
 1193 002b 04       		.uleb128 0x4
 1194 002c 24       		.uleb128 0x24
 1195 002d 00       		.byte	0
 1196 002e 0B       		.uleb128 0xb
 1197 002f 0B       		.uleb128 0xb
 1198 0030 3E       		.uleb128 0x3e
 1199 0031 0B       		.uleb128 0xb
 1200 0032 03       		.uleb128 0x3
 1201 0033 0E       		.uleb128 0xe
 1202 0034 00       		.byte	0
 1203 0035 00       		.byte	0
 1204 0036 05       		.uleb128 0x5
 1205 0037 13       		.uleb128 0x13
 1206 0038 01       		.byte	0x1
 1207 0039 03       		.uleb128 0x3
 1208 003a 0E       		.uleb128 0xe
ARM GAS  /tmp/cccLOmsM.s 			page 29


 1209 003b 0B       		.uleb128 0xb
 1210 003c 0B       		.uleb128 0xb
 1211 003d 3A       		.uleb128 0x3a
 1212 003e 0B       		.uleb128 0xb
 1213 003f 3B       		.uleb128 0x3b
 1214 0040 0B       		.uleb128 0xb
 1215 0041 01       		.uleb128 0x1
 1216 0042 13       		.uleb128 0x13
 1217 0043 00       		.byte	0
 1218 0044 00       		.byte	0
 1219 0045 06       		.uleb128 0x6
 1220 0046 0D       		.uleb128 0xd
 1221 0047 00       		.byte	0
 1222 0048 03       		.uleb128 0x3
 1223 0049 0E       		.uleb128 0xe
 1224 004a 3A       		.uleb128 0x3a
 1225 004b 0B       		.uleb128 0xb
 1226 004c 3B       		.uleb128 0x3b
 1227 004d 0B       		.uleb128 0xb
 1228 004e 49       		.uleb128 0x49
 1229 004f 13       		.uleb128 0x13
 1230 0050 38       		.uleb128 0x38
 1231 0051 0B       		.uleb128 0xb
 1232 0052 00       		.byte	0
 1233 0053 00       		.byte	0
 1234 0054 07       		.uleb128 0x7
 1235 0055 0D       		.uleb128 0xd
 1236 0056 00       		.byte	0
 1237 0057 03       		.uleb128 0x3
 1238 0058 08       		.uleb128 0x8
 1239 0059 3A       		.uleb128 0x3a
 1240 005a 0B       		.uleb128 0xb
 1241 005b 3B       		.uleb128 0x3b
 1242 005c 05       		.uleb128 0x5
 1243 005d 49       		.uleb128 0x49
 1244 005e 13       		.uleb128 0x13
 1245 005f 38       		.uleb128 0x38
 1246 0060 0B       		.uleb128 0xb
 1247 0061 00       		.byte	0
 1248 0062 00       		.byte	0
 1249 0063 08       		.uleb128 0x8
 1250 0064 0D       		.uleb128 0xd
 1251 0065 00       		.byte	0
 1252 0066 03       		.uleb128 0x3
 1253 0067 0E       		.uleb128 0xe
 1254 0068 3A       		.uleb128 0x3a
 1255 0069 0B       		.uleb128 0xb
 1256 006a 3B       		.uleb128 0x3b
 1257 006b 05       		.uleb128 0x5
 1258 006c 49       		.uleb128 0x49
 1259 006d 13       		.uleb128 0x13
 1260 006e 38       		.uleb128 0x38
 1261 006f 0B       		.uleb128 0xb
 1262 0070 00       		.byte	0
 1263 0071 00       		.byte	0
 1264 0072 09       		.uleb128 0x9
 1265 0073 0F       		.uleb128 0xf
ARM GAS  /tmp/cccLOmsM.s 			page 30


 1266 0074 00       		.byte	0
 1267 0075 0B       		.uleb128 0xb
 1268 0076 0B       		.uleb128 0xb
 1269 0077 49       		.uleb128 0x49
 1270 0078 13       		.uleb128 0x13
 1271 0079 00       		.byte	0
 1272 007a 00       		.byte	0
 1273 007b 0A       		.uleb128 0xa
 1274 007c 13       		.uleb128 0x13
 1275 007d 01       		.byte	0x1
 1276 007e 03       		.uleb128 0x3
 1277 007f 0E       		.uleb128 0xe
 1278 0080 0B       		.uleb128 0xb
 1279 0081 0B       		.uleb128 0xb
 1280 0082 3A       		.uleb128 0x3a
 1281 0083 0B       		.uleb128 0xb
 1282 0084 3B       		.uleb128 0x3b
 1283 0085 05       		.uleb128 0x5
 1284 0086 01       		.uleb128 0x1
 1285 0087 13       		.uleb128 0x13
 1286 0088 00       		.byte	0
 1287 0089 00       		.byte	0
 1288 008a 0B       		.uleb128 0xb
 1289 008b 15       		.uleb128 0x15
 1290 008c 01       		.byte	0x1
 1291 008d 27       		.uleb128 0x27
 1292 008e 19       		.uleb128 0x19
 1293 008f 01       		.uleb128 0x1
 1294 0090 13       		.uleb128 0x13
 1295 0091 00       		.byte	0
 1296 0092 00       		.byte	0
 1297 0093 0C       		.uleb128 0xc
 1298 0094 05       		.uleb128 0x5
 1299 0095 00       		.byte	0
 1300 0096 49       		.uleb128 0x49
 1301 0097 13       		.uleb128 0x13
 1302 0098 00       		.byte	0
 1303 0099 00       		.byte	0
 1304 009a 0D       		.uleb128 0xd
 1305 009b 0F       		.uleb128 0xf
 1306 009c 00       		.byte	0
 1307 009d 0B       		.uleb128 0xb
 1308 009e 0B       		.uleb128 0xb
 1309 009f 00       		.byte	0
 1310 00a0 00       		.byte	0
 1311 00a1 0E       		.uleb128 0xe
 1312 00a2 13       		.uleb128 0x13
 1313 00a3 01       		.byte	0x1
 1314 00a4 03       		.uleb128 0x3
 1315 00a5 0E       		.uleb128 0xe
 1316 00a6 0B       		.uleb128 0xb
 1317 00a7 05       		.uleb128 0x5
 1318 00a8 3A       		.uleb128 0x3a
 1319 00a9 0B       		.uleb128 0xb
 1320 00aa 3B       		.uleb128 0x3b
 1321 00ab 05       		.uleb128 0x5
 1322 00ac 01       		.uleb128 0x1
ARM GAS  /tmp/cccLOmsM.s 			page 31


 1323 00ad 13       		.uleb128 0x13
 1324 00ae 00       		.byte	0
 1325 00af 00       		.byte	0
 1326 00b0 0F       		.uleb128 0xf
 1327 00b1 0D       		.uleb128 0xd
 1328 00b2 00       		.byte	0
 1329 00b3 03       		.uleb128 0x3
 1330 00b4 08       		.uleb128 0x8
 1331 00b5 3A       		.uleb128 0x3a
 1332 00b6 0B       		.uleb128 0xb
 1333 00b7 3B       		.uleb128 0x3b
 1334 00b8 0B       		.uleb128 0xb
 1335 00b9 49       		.uleb128 0x49
 1336 00ba 13       		.uleb128 0x13
 1337 00bb 38       		.uleb128 0x38
 1338 00bc 0B       		.uleb128 0xb
 1339 00bd 00       		.byte	0
 1340 00be 00       		.byte	0
 1341 00bf 10       		.uleb128 0x10
 1342 00c0 13       		.uleb128 0x13
 1343 00c1 01       		.byte	0x1
 1344 00c2 0B       		.uleb128 0xb
 1345 00c3 0B       		.uleb128 0xb
 1346 00c4 3A       		.uleb128 0x3a
 1347 00c5 0B       		.uleb128 0xb
 1348 00c6 3B       		.uleb128 0x3b
 1349 00c7 0B       		.uleb128 0xb
 1350 00c8 01       		.uleb128 0x1
 1351 00c9 13       		.uleb128 0x13
 1352 00ca 00       		.byte	0
 1353 00cb 00       		.byte	0
 1354 00cc 11       		.uleb128 0x11
 1355 00cd 17       		.uleb128 0x17
 1356 00ce 01       		.byte	0x1
 1357 00cf 0B       		.uleb128 0xb
 1358 00d0 0B       		.uleb128 0xb
 1359 00d1 3A       		.uleb128 0x3a
 1360 00d2 0B       		.uleb128 0xb
 1361 00d3 3B       		.uleb128 0x3b
 1362 00d4 0B       		.uleb128 0xb
 1363 00d5 01       		.uleb128 0x1
 1364 00d6 13       		.uleb128 0x13
 1365 00d7 00       		.byte	0
 1366 00d8 00       		.byte	0
 1367 00d9 12       		.uleb128 0x12
 1368 00da 0D       		.uleb128 0xd
 1369 00db 00       		.byte	0
 1370 00dc 03       		.uleb128 0x3
 1371 00dd 0E       		.uleb128 0xe
 1372 00de 3A       		.uleb128 0x3a
 1373 00df 0B       		.uleb128 0xb
 1374 00e0 3B       		.uleb128 0x3b
 1375 00e1 05       		.uleb128 0x5
 1376 00e2 49       		.uleb128 0x49
 1377 00e3 13       		.uleb128 0x13
 1378 00e4 00       		.byte	0
 1379 00e5 00       		.byte	0
ARM GAS  /tmp/cccLOmsM.s 			page 32


 1380 00e6 13       		.uleb128 0x13
 1381 00e7 26       		.uleb128 0x26
 1382 00e8 00       		.byte	0
 1383 00e9 49       		.uleb128 0x49
 1384 00ea 13       		.uleb128 0x13
 1385 00eb 00       		.byte	0
 1386 00ec 00       		.byte	0
 1387 00ed 14       		.uleb128 0x14
 1388 00ee 35       		.uleb128 0x35
 1389 00ef 00       		.byte	0
 1390 00f0 49       		.uleb128 0x49
 1391 00f1 13       		.uleb128 0x13
 1392 00f2 00       		.byte	0
 1393 00f3 00       		.byte	0
 1394 00f4 15       		.uleb128 0x15
 1395 00f5 01       		.uleb128 0x1
 1396 00f6 01       		.byte	0x1
 1397 00f7 49       		.uleb128 0x49
 1398 00f8 13       		.uleb128 0x13
 1399 00f9 01       		.uleb128 0x1
 1400 00fa 13       		.uleb128 0x13
 1401 00fb 00       		.byte	0
 1402 00fc 00       		.byte	0
 1403 00fd 16       		.uleb128 0x16
 1404 00fe 21       		.uleb128 0x21
 1405 00ff 00       		.byte	0
 1406 0100 49       		.uleb128 0x49
 1407 0101 13       		.uleb128 0x13
 1408 0102 2F       		.uleb128 0x2f
 1409 0103 0B       		.uleb128 0xb
 1410 0104 00       		.byte	0
 1411 0105 00       		.byte	0
 1412 0106 17       		.uleb128 0x17
 1413 0107 16       		.uleb128 0x16
 1414 0108 00       		.byte	0
 1415 0109 03       		.uleb128 0x3
 1416 010a 0E       		.uleb128 0xe
 1417 010b 3A       		.uleb128 0x3a
 1418 010c 0B       		.uleb128 0xb
 1419 010d 3B       		.uleb128 0x3b
 1420 010e 05       		.uleb128 0x5
 1421 010f 49       		.uleb128 0x49
 1422 0110 13       		.uleb128 0x13
 1423 0111 00       		.byte	0
 1424 0112 00       		.byte	0
 1425 0113 18       		.uleb128 0x18
 1426 0114 13       		.uleb128 0x13
 1427 0115 01       		.byte	0x1
 1428 0116 0B       		.uleb128 0xb
 1429 0117 0B       		.uleb128 0xb
 1430 0118 3A       		.uleb128 0x3a
 1431 0119 0B       		.uleb128 0xb
 1432 011a 3B       		.uleb128 0x3b
 1433 011b 05       		.uleb128 0x5
 1434 011c 01       		.uleb128 0x1
 1435 011d 13       		.uleb128 0x13
 1436 011e 00       		.byte	0
ARM GAS  /tmp/cccLOmsM.s 			page 33


 1437 011f 00       		.byte	0
 1438 0120 19       		.uleb128 0x19
 1439 0121 2E       		.uleb128 0x2e
 1440 0122 00       		.byte	0
 1441 0123 3F       		.uleb128 0x3f
 1442 0124 19       		.uleb128 0x19
 1443 0125 03       		.uleb128 0x3
 1444 0126 0E       		.uleb128 0xe
 1445 0127 3A       		.uleb128 0x3a
 1446 0128 0B       		.uleb128 0xb
 1447 0129 3B       		.uleb128 0x3b
 1448 012a 0B       		.uleb128 0xb
 1449 012b 27       		.uleb128 0x27
 1450 012c 19       		.uleb128 0x19
 1451 012d 11       		.uleb128 0x11
 1452 012e 01       		.uleb128 0x1
 1453 012f 12       		.uleb128 0x12
 1454 0130 06       		.uleb128 0x6
 1455 0131 40       		.uleb128 0x40
 1456 0132 18       		.uleb128 0x18
 1457 0133 9642     		.uleb128 0x2116
 1458 0135 19       		.uleb128 0x19
 1459 0136 00       		.byte	0
 1460 0137 00       		.byte	0
 1461 0138 1A       		.uleb128 0x1a
 1462 0139 2E       		.uleb128 0x2e
 1463 013a 00       		.byte	0
 1464 013b 3F       		.uleb128 0x3f
 1465 013c 19       		.uleb128 0x19
 1466 013d 03       		.uleb128 0x3
 1467 013e 0E       		.uleb128 0xe
 1468 013f 3A       		.uleb128 0x3a
 1469 0140 0B       		.uleb128 0xb
 1470 0141 3B       		.uleb128 0x3b
 1471 0142 0B       		.uleb128 0xb
 1472 0143 27       		.uleb128 0x27
 1473 0144 19       		.uleb128 0x19
 1474 0145 11       		.uleb128 0x11
 1475 0146 01       		.uleb128 0x1
 1476 0147 12       		.uleb128 0x12
 1477 0148 06       		.uleb128 0x6
 1478 0149 40       		.uleb128 0x40
 1479 014a 18       		.uleb128 0x18
 1480 014b 9742     		.uleb128 0x2117
 1481 014d 19       		.uleb128 0x19
 1482 014e 00       		.byte	0
 1483 014f 00       		.byte	0
 1484 0150 1B       		.uleb128 0x1b
 1485 0151 34       		.uleb128 0x34
 1486 0152 00       		.byte	0
 1487 0153 03       		.uleb128 0x3
 1488 0154 0E       		.uleb128 0xe
 1489 0155 3A       		.uleb128 0x3a
 1490 0156 0B       		.uleb128 0xb
 1491 0157 3B       		.uleb128 0x3b
 1492 0158 05       		.uleb128 0x5
 1493 0159 49       		.uleb128 0x49
ARM GAS  /tmp/cccLOmsM.s 			page 34


 1494 015a 13       		.uleb128 0x13
 1495 015b 3F       		.uleb128 0x3f
 1496 015c 19       		.uleb128 0x19
 1497 015d 3C       		.uleb128 0x3c
 1498 015e 19       		.uleb128 0x19
 1499 015f 00       		.byte	0
 1500 0160 00       		.byte	0
 1501 0161 1C       		.uleb128 0x1c
 1502 0162 34       		.uleb128 0x34
 1503 0163 00       		.byte	0
 1504 0164 03       		.uleb128 0x3
 1505 0165 08       		.uleb128 0x8
 1506 0166 3A       		.uleb128 0x3a
 1507 0167 0B       		.uleb128 0xb
 1508 0168 3B       		.uleb128 0x3b
 1509 0169 05       		.uleb128 0x5
 1510 016a 49       		.uleb128 0x49
 1511 016b 13       		.uleb128 0x13
 1512 016c 3F       		.uleb128 0x3f
 1513 016d 19       		.uleb128 0x19
 1514 016e 3C       		.uleb128 0x3c
 1515 016f 19       		.uleb128 0x19
 1516 0170 00       		.byte	0
 1517 0171 00       		.byte	0
 1518 0172 1D       		.uleb128 0x1d
 1519 0173 34       		.uleb128 0x34
 1520 0174 00       		.byte	0
 1521 0175 03       		.uleb128 0x3
 1522 0176 0E       		.uleb128 0xe
 1523 0177 3A       		.uleb128 0x3a
 1524 0178 0B       		.uleb128 0xb
 1525 0179 3B       		.uleb128 0x3b
 1526 017a 0B       		.uleb128 0xb
 1527 017b 49       		.uleb128 0x49
 1528 017c 13       		.uleb128 0x13
 1529 017d 3F       		.uleb128 0x3f
 1530 017e 19       		.uleb128 0x19
 1531 017f 02       		.uleb128 0x2
 1532 0180 18       		.uleb128 0x18
 1533 0181 00       		.byte	0
 1534 0182 00       		.byte	0
 1535 0183 00       		.byte	0
 1536              		.section	.debug_aranges,"",%progbits
 1537 0000 24000000 		.4byte	0x24
 1538 0004 0200     		.2byte	0x2
 1539 0006 00000000 		.4byte	.Ldebug_info0
 1540 000a 04       		.byte	0x4
 1541 000b 00       		.byte	0
 1542 000c 0000     		.2byte	0
 1543 000e 0000     		.2byte	0
 1544 0010 00000000 		.4byte	.LFB272
 1545 0014 08000000 		.4byte	.LFE272-.LFB272
 1546 0018 00000000 		.4byte	.LFB273
 1547 001c 02000000 		.4byte	.LFE273-.LFB273
 1548 0020 00000000 		.4byte	0
 1549 0024 00000000 		.4byte	0
 1550              		.section	.debug_ranges,"",%progbits
ARM GAS  /tmp/cccLOmsM.s 			page 35


 1551              	.Ldebug_ranges0:
 1552 0000 00000000 		.4byte	.LFB272
 1553 0004 08000000 		.4byte	.LFE272
 1554 0008 00000000 		.4byte	.LFB273
 1555 000c 02000000 		.4byte	.LFE273
 1556 0010 00000000 		.4byte	0
 1557 0014 00000000 		.4byte	0
 1558              		.section	.debug_line,"",%progbits
 1559              	.Ldebug_line0:
 1560 0000 21030000 		.section	.debug_str,"MS",%progbits,1
 1560      0200F802 
 1560      00000201 
 1560      FB0E0D00 
 1560      01010101 
 1561              	.LASF110:
 1562 0000 73746D33 		.ascii	"stm32_gpio_setup_t\000"
 1562      325F6770 
 1562      696F5F73 
 1562      65747570 
 1562      5F7400
 1563              	.LASF51:
 1564 0013 72656164 		.ascii	"ready_list_t\000"
 1564      795F6C69 
 1564      73745F74 
 1564      00
 1565              	.LASF2:
 1566 0020 73697A65 		.ascii	"size_t\000"
 1566      5F7400
 1567              	.LASF86:
 1568 0027 7264796D 		.ascii	"rdymsg\000"
 1568      736700
 1569              	.LASF17:
 1570 002e 75696E74 		.ascii	"uint64_t\000"
 1570      36345F74 
 1570      00
 1571              	.LASF3:
 1572 0037 5F5F7569 		.ascii	"__uint8_t\000"
 1572      6E74385F 
 1572      7400
 1573              	.LASF83:
 1574 0041 706F7274 		.ascii	"port_intctx\000"
 1574      5F696E74 
 1574      63747800 
 1575              	.LASF70:
 1576 004d 73797374 		.ascii	"system_debug_t\000"
 1576      656D5F64 
 1576      65627567 
 1576      5F7400
 1577              	.LASF13:
 1578 005c 6C6F6E67 		.ascii	"long long unsigned int\000"
 1578      206C6F6E 
 1578      6720756E 
 1578      7369676E 
 1578      65642069 
 1579              	.LASF107:
 1580 0073 70757064 		.ascii	"pupdr\000"
 1580      7200
ARM GAS  /tmp/cccLOmsM.s 			page 36


 1581              	.LASF87:
 1582 0079 65786974 		.ascii	"exitcode\000"
 1582      636F6465 
 1582      00
 1583              	.LASF77:
 1584 0082 6D61696E 		.ascii	"mainthread\000"
 1584      74687265 
 1584      616400
 1585              	.LASF90:
 1586 008d 73656E74 		.ascii	"sentmsg\000"
 1586      6D736700 
 1587              	.LASF67:
 1588 0095 76697274 		.ascii	"virtual_timers_list_t\000"
 1588      75616C5F 
 1588      74696D65 
 1588      72735F6C 
 1588      6973745F 
 1589              	.LASF120:
 1590 00ab 49544D5F 		.ascii	"ITM_RxBuffer\000"
 1590      52784275 
 1590      66666572 
 1590      00
 1591              	.LASF50:
 1592 00b8 63685F74 		.ascii	"ch_threads_queue\000"
 1592      68726561 
 1592      64735F71 
 1592      75657565 
 1592      00
 1593              	.LASF30:
 1594 00c9 705F7072 		.ascii	"p_prio\000"
 1594      696F00
 1595              	.LASF11:
 1596 00d0 6C6F6E67 		.ascii	"long long int\000"
 1596      206C6F6E 
 1596      6720696E 
 1596      7400
 1597              	.LASF1:
 1598 00de 7369676E 		.ascii	"signed char\000"
 1598      65642063 
 1598      68617200 
 1599              	.LASF44:
 1600 00ea 705F6D70 		.ascii	"p_mpool\000"
 1600      6F6F6C00 
 1601              	.LASF98:
 1602 00f2 6D5F7175 		.ascii	"m_queue\000"
 1602      65756500 
 1603              	.LASF104:
 1604 00fa 6D6F6465 		.ascii	"moder\000"
 1604      7200
 1605              	.LASF89:
 1606 0100 77747472 		.ascii	"wttrp\000"
 1606      7000
 1607              	.LASF74:
 1608 0106 63685F73 		.ascii	"ch_system\000"
 1608      79737465 
 1608      6D00
 1609              	.LASF8:
ARM GAS  /tmp/cccLOmsM.s 			page 37


 1610 0110 6C6F6E67 		.ascii	"long int\000"
 1610      20696E74 
 1610      00
 1611              	.LASF115:
 1612 0119 50454461 		.ascii	"PEData\000"
 1612      746100
 1613              	.LASF20:
 1614 0120 74737461 		.ascii	"tstate_t\000"
 1614      74655F74 
 1614      00
 1615              	.LASF32:
 1616 0129 705F6E65 		.ascii	"p_newer\000"
 1616      77657200 
 1617              	.LASF95:
 1618 0131 735F7175 		.ascii	"s_queue\000"
 1618      65756500 
 1619              	.LASF56:
 1620 0139 725F6E65 		.ascii	"r_newer\000"
 1620      77657200 
 1621              	.LASF80:
 1622 0141 72656761 		.ascii	"regarm_t\000"
 1622      726D5F74 
 1622      00
 1623              	.LASF63:
 1624 014a 76745F70 		.ascii	"vt_prev\000"
 1624      72657600 
 1625              	.LASF76:
 1626 0152 76746C69 		.ascii	"vtlist\000"
 1626      737400
 1627              	.LASF102:
 1628 0159 6D757465 		.ascii	"mutex_t\000"
 1628      785F7400 
 1629              	.LASF112:
 1630 0161 50424461 		.ascii	"PBData\000"
 1630      746100
 1631              	.LASF78:
 1632 0168 69646C65 		.ascii	"idle_thread_wa\000"
 1632      5F746872 
 1632      6561645F 
 1632      776100
 1633              	.LASF25:
 1634 0177 636E745F 		.ascii	"cnt_t\000"
 1634      7400
 1635              	.LASF122:
 1636 017d 474E5520 		.ascii	"GNU C 4.8.4 20140526 (release) [ARM/embedded-4_8-br"
 1636      4320342E 
 1636      382E3420 
 1636      32303134 
 1636      30353236 
 1637 01b0 616E6368 		.ascii	"anch revision 211358] -mcpu=cortex-m4 -mno-thumb-in"
 1637      20726576 
 1637      6973696F 
 1637      6E203231 
 1637      31333538 
 1638 01e3 74657277 		.ascii	"terwork -mthumb -ggdb -O0 -fomit-frame-pointer -fal"
 1638      6F726B20 
 1638      2D6D7468 
ARM GAS  /tmp/cccLOmsM.s 			page 38


 1638      756D6220 
 1638      2D676764 
 1639 0216 69676E2D 		.ascii	"ign-functions=16 -ffunction-sections -fdata-section"
 1639      66756E63 
 1639      74696F6E 
 1639      733D3136 
 1639      202D6666 
 1640 0249 73202D66 		.ascii	"s -fno-common -flto\000"
 1640      6E6F2D63 
 1640      6F6D6D6F 
 1640      6E202D66 
 1640      6C746F00 
 1641              	.LASF0:
 1642 025d 756E7369 		.ascii	"unsigned int\000"
 1642      676E6564 
 1642      20696E74 
 1642      00
 1643              	.LASF62:
 1644 026a 76745F6E 		.ascii	"vt_next\000"
 1644      65787400 
 1645              	.LASF91:
 1646 0272 77747365 		.ascii	"wtsemp\000"
 1646      6D7000
 1647              	.LASF40:
 1648 0279 705F6D73 		.ascii	"p_msgqueue\000"
 1648      67717565 
 1648      756500
 1649              	.LASF106:
 1650 0284 6F737065 		.ascii	"ospeedr\000"
 1650      65647200 
 1651              	.LASF105:
 1652 028c 6F747970 		.ascii	"otyper\000"
 1652      657200
 1653              	.LASF118:
 1654 0293 5F5F6561 		.ascii	"__early_init\000"
 1654      726C795F 
 1654      696E6974 
 1654      00
 1655              	.LASF6:
 1656 02a0 73686F72 		.ascii	"short unsigned int\000"
 1656      7420756E 
 1656      7369676E 
 1656      65642069 
 1656      6E7400
 1657              	.LASF116:
 1658 02b3 50464461 		.ascii	"PFData\000"
 1658      746100
 1659              	.LASF47:
 1660 02ba 63685F74 		.ascii	"ch_thread\000"
 1660      68726561 
 1660      6400
 1661              	.LASF23:
 1662 02c4 6D73675F 		.ascii	"msg_t\000"
 1662      7400
 1663              	.LASF123:
 1664 02ca 2E2E2F43 		.ascii	"../ChibiOS/os/hal/boards/ST_STM32F3_DISCOVERY/board"
 1664      68696269 
ARM GAS  /tmp/cccLOmsM.s 			page 39


 1664      4F532F6F 
 1664      732F6861 
 1664      6C2F626F 
 1665 02fd 2E6300   		.ascii	".c\000"
 1666              	.LASF73:
 1667 0300 63685F73 		.ascii	"ch_system_t\000"
 1667      79737465 
 1667      6D5F7400 
 1668              	.LASF19:
 1669 030c 746D6F64 		.ascii	"tmode_t\000"
 1669      655F7400 
 1670              	.LASF52:
 1671 0314 63685F72 		.ascii	"ch_ready_list\000"
 1671      65616479 
 1671      5F6C6973 
 1671      7400
 1672              	.LASF24:
 1673 0322 6576656E 		.ascii	"eventmask_t\000"
 1673      746D6173 
 1673      6B5F7400 
 1674              	.LASF7:
 1675 032e 5F5F696E 		.ascii	"__int32_t\000"
 1675      7433325F 
 1675      7400
 1676              	.LASF81:
 1677 0338 73746B61 		.ascii	"stkalign_t\000"
 1677      6C69676E 
 1677      5F7400
 1678              	.LASF39:
 1679 0343 705F7761 		.ascii	"p_waiting\000"
 1679      6974696E 
 1679      6700
 1680              	.LASF79:
 1681 034d 73697A65 		.ascii	"sizetype\000"
 1681      74797065 
 1681      00
 1682              	.LASF45:
 1683 0356 74687265 		.ascii	"thread_reference_t\000"
 1683      61645F72 
 1683      65666572 
 1683      656E6365 
 1683      5F7400
 1684              	.LASF68:
 1685 0369 63685F76 		.ascii	"ch_virtual_timers_list\000"
 1685      69727475 
 1685      616C5F74 
 1685      696D6572 
 1685      735F6C69 
 1686              	.LASF69:
 1687 0380 76745F6C 		.ascii	"vt_lasttime\000"
 1687      61737474 
 1687      696D6500 
 1688              	.LASF33:
 1689 038c 705F6F6C 		.ascii	"p_older\000"
 1689      64657200 
 1690              	.LASF55:
 1691 0394 725F6374 		.ascii	"r_ctx\000"
ARM GAS  /tmp/cccLOmsM.s 			page 40


 1691      7800
 1692              	.LASF85:
 1693 039a 746D5F63 		.ascii	"tm_calibration_t\000"
 1693      616C6962 
 1693      72617469 
 1693      6F6E5F74 
 1693      00
 1694              	.LASF109:
 1695 03ab 61667268 		.ascii	"afrh\000"
 1695      00
 1696              	.LASF35:
 1697 03b0 705F7374 		.ascii	"p_stklimit\000"
 1697      6B6C696D 
 1697      697400
 1698              	.LASF114:
 1699 03bb 50444461 		.ascii	"PDData\000"
 1699      746100
 1700              	.LASF58:
 1701 03c2 725F6375 		.ascii	"r_current\000"
 1701      7272656E 
 1701      7400
 1702              	.LASF57:
 1703 03cc 725F6F6C 		.ascii	"r_older\000"
 1703      64657200 
 1704              	.LASF12:
 1705 03d4 5F5F7569 		.ascii	"__uint64_t\000"
 1705      6E743634 
 1705      5F7400
 1706              	.LASF21:
 1707 03df 74726566 		.ascii	"trefs_t\000"
 1707      735F7400 
 1708              	.LASF60:
 1709 03e7 76697274 		.ascii	"virtual_timer_t\000"
 1709      75616C5F 
 1709      74696D65 
 1709      725F7400 
 1710              	.LASF29:
 1711 03f7 705F7072 		.ascii	"p_prev\000"
 1711      657600
 1712              	.LASF22:
 1713 03fe 74707269 		.ascii	"tprio_t\000"
 1713      6F5F7400 
 1714              	.LASF71:
 1715 0406 63685F73 		.ascii	"ch_system_debug\000"
 1715      79737465 
 1715      6D5F6465 
 1715      62756700 
 1716              	.LASF103:
 1717 0416 5F426F6F 		.ascii	"_Bool\000"
 1717      6C00
 1718              	.LASF15:
 1719 041c 696E7433 		.ascii	"int32_t\000"
 1719      325F7400 
 1720              	.LASF4:
 1721 0424 756E7369 		.ascii	"unsigned char\000"
 1721      676E6564 
 1721      20636861 
ARM GAS  /tmp/cccLOmsM.s 			page 41


 1721      7200
 1722              	.LASF108:
 1723 0432 6166726C 		.ascii	"afrl\000"
 1723      00
 1724              	.LASF96:
 1725 0437 735F636E 		.ascii	"s_cnt\000"
 1725      7400
 1726              	.LASF42:
 1727 043d 705F6D74 		.ascii	"p_mtxlist\000"
 1727      786C6973 
 1727      7400
 1728              	.LASF5:
 1729 0447 73686F72 		.ascii	"short int\000"
 1729      7420696E 
 1729      7400
 1730              	.LASF36:
 1731 0451 705F7374 		.ascii	"p_state\000"
 1731      61746500 
 1732              	.LASF119:
 1733 0459 626F6172 		.ascii	"boardInit\000"
 1733      64496E69 
 1733      7400
 1734              	.LASF54:
 1735 0463 725F7072 		.ascii	"r_prio\000"
 1735      696F00
 1736              	.LASF111:
 1737 046a 50414461 		.ascii	"PAData\000"
 1737      746100
 1738              	.LASF93:
 1739 0471 65776D61 		.ascii	"ewmask\000"
 1739      736B00
 1740              	.LASF28:
 1741 0478 705F6E65 		.ascii	"p_next\000"
 1741      787400
 1742              	.LASF37:
 1743 047f 705F666C 		.ascii	"p_flags\000"
 1743      61677300 
 1744              	.LASF61:
 1745 0487 63685F76 		.ascii	"ch_virtual_timer\000"
 1745      69727475 
 1745      616C5F74 
 1745      696D6572 
 1745      00
 1746              	.LASF94:
 1747 0498 63685F73 		.ascii	"ch_semaphore\000"
 1747      656D6170 
 1747      686F7265 
 1747      00
 1748              	.LASF41:
 1749 04a5 705F6570 		.ascii	"p_epending\000"
 1749      656E6469 
 1749      6E6700
 1750              	.LASF16:
 1751 04b0 75696E74 		.ascii	"uint32_t\000"
 1751      33325F74 
 1751      00
 1752              	.LASF92:
ARM GAS  /tmp/cccLOmsM.s 			page 42


 1753 04b9 77746D74 		.ascii	"wtmtxp\000"
 1753      787000
 1754              	.LASF53:
 1755 04c0 725F7175 		.ascii	"r_queue\000"
 1755      65756500 
 1756              	.LASF64:
 1757 04c8 76745F64 		.ascii	"vt_delta\000"
 1757      656C7461 
 1757      00
 1758              	.LASF48:
 1759 04d1 63685F74 		.ascii	"ch_threads_list\000"
 1759      68726561 
 1759      64735F6C 
 1759      69737400 
 1760              	.LASF124:
 1761 04e1 2F6E6673 		.ascii	"/nfs/nfs4/home/irbrown/Courses/P442/P442WifiTrailCo"
 1761      2F6E6673 
 1761      342F686F 
 1761      6D652F69 
 1761      7262726F 
 1762 0514 756E7465 		.ascii	"unterProject/milestone3\000"
 1762      7250726F 
 1762      6A656374 
 1762      2F6D696C 
 1762      6573746F 
 1763              	.LASF10:
 1764 052c 6C6F6E67 		.ascii	"long unsigned int\000"
 1764      20756E73 
 1764      69676E65 
 1764      6420696E 
 1764      7400
 1765              	.LASF101:
 1766 053e 63686172 		.ascii	"char\000"
 1766      00
 1767              	.LASF27:
 1768 0543 74687265 		.ascii	"thread_t\000"
 1768      61645F74 
 1768      00
 1769              	.LASF100:
 1770 054c 6D5F6E65 		.ascii	"m_next\000"
 1770      787400
 1771              	.LASF26:
 1772 0553 73797374 		.ascii	"systime_t\000"
 1772      696D655F 
 1772      7400
 1773              	.LASF43:
 1774 055d 705F7265 		.ascii	"p_realprio\000"
 1774      616C7072 
 1774      696F00
 1775              	.LASF59:
 1776 0568 76746675 		.ascii	"vtfunc_t\000"
 1776      6E635F74 
 1776      00
 1777              	.LASF9:
 1778 0571 5F5F7569 		.ascii	"__uint32_t\000"
 1778      6E743332 
 1778      5F7400
ARM GAS  /tmp/cccLOmsM.s 			page 43


 1779              	.LASF72:
 1780 057c 70616E69 		.ascii	"panic_msg\000"
 1780      635F6D73 
 1780      6700
 1781              	.LASF84:
 1782 0586 6F666673 		.ascii	"offset\000"
 1782      657400
 1783              	.LASF82:
 1784 058d 636F6E74 		.ascii	"context\000"
 1784      65787400 
 1785              	.LASF18:
 1786 0595 7274636E 		.ascii	"rtcnt_t\000"
 1786      745F7400 
 1787              	.LASF66:
 1788 059d 76745F70 		.ascii	"vt_par\000"
 1788      617200
 1789              	.LASF49:
 1790 05a4 74687265 		.ascii	"threads_queue_t\000"
 1790      6164735F 
 1790      71756575 
 1790      655F7400 
 1791              	.LASF97:
 1792 05b4 63685F6D 		.ascii	"ch_mutex\000"
 1792      75746578 
 1792      00
 1793              	.LASF38:
 1794 05bd 705F7265 		.ascii	"p_refs\000"
 1794      667300
 1795              	.LASF75:
 1796 05c4 726C6973 		.ascii	"rlist\000"
 1796      7400
 1797              	.LASF14:
 1798 05ca 75696E74 		.ascii	"uint8_t\000"
 1798      385F7400 
 1799              	.LASF88:
 1800 05d2 77746F62 		.ascii	"wtobjp\000"
 1800      6A7000
 1801              	.LASF34:
 1802 05d9 705F6E61 		.ascii	"p_name\000"
 1802      6D6500
 1803              	.LASF113:
 1804 05e0 50434461 		.ascii	"PCData\000"
 1804      746100
 1805              	.LASF46:
 1806 05e7 74687265 		.ascii	"threads_list_t\000"
 1806      6164735F 
 1806      6C697374 
 1806      5F7400
 1807              	.LASF117:
 1808 05f6 50414C43 		.ascii	"PALConfig\000"
 1808      6F6E6669 
 1808      6700
 1809              	.LASF99:
 1810 0600 6D5F6F77 		.ascii	"m_owner\000"
 1810      6E657200 
 1811              	.LASF121:
 1812 0608 70616C5F 		.ascii	"pal_default_config\000"
ARM GAS  /tmp/cccLOmsM.s 			page 44


 1812      64656661 
 1812      756C745F 
 1812      636F6E66 
 1812      696700
 1813              	.LASF31:
 1814 061b 705F6374 		.ascii	"p_ctx\000"
 1814      7800
 1815              	.LASF65:
 1816 0621 76745F66 		.ascii	"vt_func\000"
 1816      756E6300 
 1817              		.comm	__gnu_lto_v1,1,1
 1818              		.ident	"GCC: (GNU Tools for ARM Embedded Processors) 4.8.4 20140526 (release) [ARM/embedded-4_8-br
ARM GAS  /tmp/cccLOmsM.s 			page 45


DEFINED SYMBOLS
                            *ABS*:00000000 board.c
     /tmp/cccLOmsM.s:143    .rodata.pal_default_config:00000000 pal_default_config
     /tmp/cccLOmsM.s:140    .rodata.pal_default_config:00000000 $d
     /tmp/cccLOmsM.s:187    .text.__early_init:00000000 $t
     /tmp/cccLOmsM.s:193    .text.__early_init:00000000 __early_init
     /tmp/cccLOmsM.s:212    .text.boardInit:00000000 $t
     /tmp/cccLOmsM.s:218    .text.boardInit:00000000 boardInit
                            *COM*:00000001 __gnu_lto_v1
                     .debug_frame:00000010 $d

UNDEFINED SYMBOLS
stm32_clock_init
