ARM GAS  /tmp/ccMDTIRm.s 			page 1


   1              		.syntax unified
   2              		.cpu cortex-m4
   3              		.fpu softvfp
   4              		.eabi_attribute 20, 1
   5              		.eabi_attribute 21, 1
   6              		.eabi_attribute 23, 3
   7              		.eabi_attribute 24, 1
   8              		.eabi_attribute 25, 1
   9              		.eabi_attribute 26, 1
  10              		.eabi_attribute 30, 6
  11              		.eabi_attribute 34, 1
  12              		.eabi_attribute 18, 4
  13              		.thumb
  14              		.file	"chdebug.c"
  15              		.text
  16              	.Ltext0:
  17              		.section	.gnu.lto_.inline.47919952c7ddd43a,"",%progbits
  18 0000 789C6362 		.ascii	"x\234cb`b\300\006\020\242\000\000\272\000\007"
  18      6062C006 
  18      10A20000 
  18      BA0007
  19              		.text
  20              		.section	.gnu.lto_.symbol_nodes.47919952c7ddd43a,"",%progbits
  21 0000 789C6362 		.ascii	"x\234cb`\002B\030\000\000\000V\000\007"
  21      60024218 
  21      00000056 
  21      0007
  22              		.text
  23              		.section	.gnu.lto_.refs.47919952c7ddd43a,"",%progbits
  24 0000 789C6362 		.ascii	"x\234cb`b`d\200\002\000\000F\000\006"
  24      60626064 
  24      80020000 
  24      460006
  25              		.text
  26              		.section	.gnu.lto_.decls.47919952c7ddd43a,"",%progbits
  27 0000 789C6362 		.ascii	"x\234cb`bPa``\370\017\004@\212\201\021\212\355\030\010"
  27      60625061 
  27      6060F80F 
  27      04408A81 
  27      118AED18 
  28 0015 0000CE1B 		.ascii	"\000\000\316\033\004e"
  28      0465
  29              		.text
  30              		.section	.gnu.lto_.symtab.47919952c7ddd43a,"",%progbits
  31              		.text
  32              		.section	.gnu.lto_.opts,"",%progbits
  33 0000 272D6D63 		.ascii	"'-mcpu=cortex-m4' '-mno-thumb-interwork' '-mthumb' "
  33      70753D63 
  33      6F727465 
  33      782D6D34 
  33      2720272D 
  34 0033 272D6767 		.ascii	"'-ggdb' '-O0' '-fomit-frame-pointer' '-falign-funct"
  34      64622720 
  34      272D4F30 
  34      2720272D 
  34      666F6D69 
  35 0066 696F6E73 		.ascii	"ions=16' '-ffunction-sections' '-fdata-sections' '-"
ARM GAS  /tmp/ccMDTIRm.s 			page 2


  35      3D313627 
  35      20272D66 
  35      66756E63 
  35      74696F6E 
  36 0099 666E6F2D 		.ascii	"fno-common' '-flto'\000"
  36      636F6D6D 
  36      6F6E2720 
  36      272D666C 
  36      746F2700 
  37              		.text
  38              		.cfi_sections	.debug_frame
  39              	.Letext0:
  40              		.file 1 "/nfs/nfs5/home/research/hardware/arm2/gcc-arm-embedded/gcc-arm-none-eabi-4_8-2014q2/arm-n
  41              		.file 2 "/nfs/nfs5/home/research/hardware/arm2/gcc-arm-embedded/gcc-arm-none-eabi-4_8-2014q2/arm-n
  42              		.file 3 "../ChibiOS/os/rt/ports/ARMCMx/compilers/GCC/chtypes.h"
  43              		.file 4 "../ChibiOS/os/rt/include/chsystypes.h"
  44              		.file 5 "../ChibiOS/os/rt/include/chschd.h"
  45              		.file 6 "../ChibiOS/os/rt/ports/ARMCMx/chcore.h"
  46              		.file 7 "../ChibiOS/os/rt/ports/ARMCMx/chcore_v7m.h"
  47              		.file 8 "../ChibiOS/os/rt/include/chtm.h"
  48              		.file 9 "../ChibiOS/os/rt/include/chsem.h"
  49              		.file 10 "../ChibiOS/os/rt/include/chmtx.h"
  50              		.file 11 "../ChibiOS/os/ext/CMSIS/include/core_cm4.h"
  51              		.section	.debug_info,"",%progbits
  52              	.Ldebug_info0:
  53 0000 38060000 		.4byte	0x638
  54 0004 0400     		.2byte	0x4
  55 0006 00000000 		.4byte	.Ldebug_abbrev0
  56 000a 04       		.byte	0x4
  57 000b 01       		.uleb128 0x1
  58 000c 1C010000 		.4byte	.LASF103
  59 0010 01       		.byte	0x1
  60 0011 FC010000 		.4byte	.LASF104
  61 0015 94040000 		.4byte	.LASF105
  62 0019 00000000 		.4byte	.Ldebug_line0
  63 001d 02       		.uleb128 0x2
  64 001e 04       		.byte	0x4
  65 001f 05       		.byte	0x5
  66 0020 696E7400 		.ascii	"int\000"
  67 0024 03       		.uleb128 0x3
  68 0025 04       		.byte	0x4
  69 0026 07       		.byte	0x7
  70 0027 1A030000 		.4byte	.LASF0
  71 002b 03       		.uleb128 0x3
  72 002c 01       		.byte	0x1
  73 002d 06       		.byte	0x6
  74 002e E6020000 		.4byte	.LASF1
  75 0032 04       		.uleb128 0x4
  76 0033 9F020000 		.4byte	.LASF5
  77 0037 01       		.byte	0x1
  78 0038 1C       		.byte	0x1c
  79 0039 3D000000 		.4byte	0x3d
  80 003d 03       		.uleb128 0x3
  81 003e 01       		.byte	0x1
  82 003f 08       		.byte	0x8
  83 0040 D1020000 		.4byte	.LASF2
  84 0044 03       		.uleb128 0x3
ARM GAS  /tmp/ccMDTIRm.s 			page 3


  85 0045 02       		.byte	0x2
  86 0046 05       		.byte	0x5
  87 0047 4D000000 		.4byte	.LASF3
  88 004b 03       		.uleb128 0x3
  89 004c 02       		.byte	0x2
  90 004d 07       		.byte	0x7
  91 004e B2030000 		.4byte	.LASF4
  92 0052 04       		.uleb128 0x4
  93 0053 5F040000 		.4byte	.LASF6
  94 0057 01       		.byte	0x1
  95 0058 37       		.byte	0x37
  96 0059 5D000000 		.4byte	0x5d
  97 005d 03       		.uleb128 0x3
  98 005e 04       		.byte	0x4
  99 005f 05       		.byte	0x5
 100 0060 6D020000 		.4byte	.LASF7
 101 0064 04       		.uleb128 0x4
 102 0065 29040000 		.4byte	.LASF8
 103 0069 01       		.byte	0x1
 104 006a 38       		.byte	0x38
 105 006b 6F000000 		.4byte	0x6f
 106 006f 03       		.uleb128 0x3
 107 0070 04       		.byte	0x4
 108 0071 07       		.byte	0x7
 109 0072 05040000 		.4byte	.LASF9
 110 0076 03       		.uleb128 0x3
 111 0077 08       		.byte	0x8
 112 0078 05       		.byte	0x5
 113 0079 39020000 		.4byte	.LASF10
 114 007d 04       		.uleb128 0x4
 115 007e CF030000 		.4byte	.LASF11
 116 0082 01       		.byte	0x1
 117 0083 4E       		.byte	0x4e
 118 0084 88000000 		.4byte	0x88
 119 0088 03       		.uleb128 0x3
 120 0089 08       		.byte	0x8
 121 008a 07       		.byte	0x7
 122 008b FA020000 		.4byte	.LASF12
 123 008f 04       		.uleb128 0x4
 124 0090 F2000000 		.4byte	.LASF13
 125 0094 02       		.byte	0x2
 126 0095 2A       		.byte	0x2a
 127 0096 32000000 		.4byte	0x32
 128 009a 04       		.uleb128 0x4
 129 009b 14010000 		.4byte	.LASF14
 130 009f 02       		.byte	0x2
 131 00a0 41       		.byte	0x41
 132 00a1 52000000 		.4byte	0x52
 133 00a5 04       		.uleb128 0x4
 134 00a6 11030000 		.4byte	.LASF15
 135 00aa 02       		.byte	0x2
 136 00ab 42       		.byte	0x42
 137 00ac 64000000 		.4byte	0x64
 138 00b0 04       		.uleb128 0x4
 139 00b1 39000000 		.4byte	.LASF16
 140 00b5 02       		.byte	0x2
 141 00b6 4E       		.byte	0x4e
ARM GAS  /tmp/ccMDTIRm.s 			page 4


 142 00b7 7D000000 		.4byte	0x7d
 143 00bb 04       		.uleb128 0x4
 144 00bc 17040000 		.4byte	.LASF17
 145 00c0 03       		.byte	0x3
 146 00c1 39       		.byte	0x39
 147 00c2 A5000000 		.4byte	0xa5
 148 00c6 04       		.uleb128 0x4
 149 00c7 31020000 		.4byte	.LASF18
 150 00cb 03       		.byte	0x3
 151 00cc 3C       		.byte	0x3c
 152 00cd 8F000000 		.4byte	0x8f
 153 00d1 04       		.uleb128 0x4
 154 00d2 8B040000 		.4byte	.LASF19
 155 00d6 03       		.byte	0x3
 156 00d7 3D       		.byte	0x3d
 157 00d8 8F000000 		.4byte	0x8f
 158 00dc 04       		.uleb128 0x4
 159 00dd 09000000 		.4byte	.LASF20
 160 00e1 03       		.byte	0x3
 161 00e2 3E       		.byte	0x3e
 162 00e3 8F000000 		.4byte	0x8f
 163 00e7 04       		.uleb128 0x4
 164 00e8 4E020000 		.4byte	.LASF21
 165 00ec 03       		.byte	0x3
 166 00ed 40       		.byte	0x40
 167 00ee A5000000 		.4byte	0xa5
 168 00f2 04       		.uleb128 0x4
 169 00f3 53050000 		.4byte	.LASF22
 170 00f7 03       		.byte	0x3
 171 00f8 41       		.byte	0x41
 172 00f9 9A000000 		.4byte	0x9a
 173 00fd 04       		.uleb128 0x4
 174 00fe 90000000 		.4byte	.LASF23
 175 0102 03       		.byte	0x3
 176 0103 43       		.byte	0x43
 177 0104 A5000000 		.4byte	0xa5
 178 0108 04       		.uleb128 0x4
 179 0109 AC030000 		.4byte	.LASF24
 180 010d 03       		.byte	0x3
 181 010e 45       		.byte	0x45
 182 010f 9A000000 		.4byte	0x9a
 183 0113 04       		.uleb128 0x4
 184 0114 6F030000 		.4byte	.LASF25
 185 0118 04       		.byte	0x4
 186 0119 33       		.byte	0x33
 187 011a A5000000 		.4byte	0xa5
 188 011e 04       		.uleb128 0x4
 189 011f 00000000 		.4byte	.LASF26
 190 0123 04       		.byte	0x4
 191 0124 3F       		.byte	0x3f
 192 0125 29010000 		.4byte	0x129
 193 0129 05       		.uleb128 0x5
 194 012a 27020000 		.4byte	.LASF46
 195 012e 44       		.byte	0x44
 196 012f 05       		.byte	0x5
 197 0130 C2       		.byte	0xc2
 198 0131 15020000 		.4byte	0x215
ARM GAS  /tmp/ccMDTIRm.s 			page 5


 199 0135 06       		.uleb128 0x6
 200 0136 58040000 		.4byte	.LASF27
 201 013a 05       		.byte	0x5
 202 013b C3       		.byte	0xc3
 203 013c 20020000 		.4byte	0x220
 204 0140 00       		.byte	0
 205 0141 06       		.uleb128 0x6
 206 0142 71000000 		.4byte	.LASF28
 207 0146 05       		.byte	0x5
 208 0147 C5       		.byte	0xc5
 209 0148 20020000 		.4byte	0x220
 210 014c 04       		.byte	0x4
 211 014d 06       		.uleb128 0x6
 212 014e A7000000 		.4byte	.LASF29
 213 0152 05       		.byte	0x5
 214 0153 C7       		.byte	0xc7
 215 0154 E7000000 		.4byte	0xe7
 216 0158 08       		.byte	0x8
 217 0159 06       		.uleb128 0x6
 218 015a 31050000 		.4byte	.LASF30
 219 015e 05       		.byte	0x5
 220 015f C8       		.byte	0xc8
 221 0160 50040000 		.4byte	0x450
 222 0164 0C       		.byte	0xc
 223 0165 06       		.uleb128 0x6
 224 0166 F2020000 		.4byte	.LASF31
 225 016a 05       		.byte	0x5
 226 016b CA       		.byte	0xca
 227 016c 20020000 		.4byte	0x220
 228 0170 10       		.byte	0x10
 229 0171 06       		.uleb128 0x6
 230 0172 F1040000 		.4byte	.LASF32
 231 0176 05       		.byte	0x5
 232 0177 CB       		.byte	0xcb
 233 0178 20020000 		.4byte	0x220
 234 017c 14       		.byte	0x14
 235 017d 06       		.uleb128 0x6
 236 017e 47020000 		.4byte	.LASF33
 237 0182 05       		.byte	0x5
 238 0183 D2       		.byte	0xd2
 239 0184 DB050000 		.4byte	0x5db
 240 0188 18       		.byte	0x18
 241 0189 06       		.uleb128 0x6
 242 018a 4D040000 		.4byte	.LASF34
 243 018e 05       		.byte	0x5
 244 018f D8       		.byte	0xd8
 245 0190 ED050000 		.4byte	0x5ed
 246 0194 1C       		.byte	0x1c
 247 0195 06       		.uleb128 0x6
 248 0196 9D030000 		.4byte	.LASF35
 249 019a 05       		.byte	0x5
 250 019b DD       		.byte	0xdd
 251 019c D1000000 		.4byte	0xd1
 252 01a0 20       		.byte	0x20
 253 01a1 06       		.uleb128 0x6
 254 01a2 53030000 		.4byte	.LASF36
 255 01a6 05       		.byte	0x5
ARM GAS  /tmp/ccMDTIRm.s 			page 6


 256 01a7 E1       		.byte	0xe1
 257 01a8 C6000000 		.4byte	0xc6
 258 01ac 21       		.byte	0x21
 259 01ad 06       		.uleb128 0x6
 260 01ae 1C050000 		.4byte	.LASF37
 261 01b2 05       		.byte	0x5
 262 01b3 E6       		.byte	0xe6
 263 01b4 DC000000 		.4byte	0xdc
 264 01b8 22       		.byte	0x22
 265 01b9 07       		.uleb128 0x7
 266 01ba 705F7500 		.ascii	"p_u\000"
 267 01be 05       		.byte	0x5
 268 01bf 3701     		.2byte	0x137
 269 01c1 0A050000 		.4byte	0x50a
 270 01c5 24       		.byte	0x24
 271 01c6 08       		.uleb128 0x8
 272 01c7 C5030000 		.4byte	.LASF38
 273 01cb 05       		.byte	0x5
 274 01cc 3C01     		.2byte	0x13c
 275 01ce 26020000 		.4byte	0x226
 276 01d2 28       		.byte	0x28
 277 01d3 08       		.uleb128 0x8
 278 01d4 9C000000 		.4byte	.LASF39
 279 01d8 05       		.byte	0x5
 280 01d9 4201     		.2byte	0x142
 281 01db 4A020000 		.4byte	0x24a
 282 01df 2C       		.byte	0x2c
 283 01e0 08       		.uleb128 0x8
 284 01e1 66000000 		.4byte	.LASF40
 285 01e5 05       		.byte	0x5
 286 01e6 4801     		.2byte	0x148
 287 01e8 FD000000 		.4byte	0xfd
 288 01ec 34       		.byte	0x34
 289 01ed 08       		.uleb128 0x8
 290 01ee DA030000 		.4byte	.LASF41
 291 01f2 05       		.byte	0x5
 292 01f3 4F01     		.2byte	0x14f
 293 01f5 D5050000 		.4byte	0x5d5
 294 01f9 38       		.byte	0x38
 295 01fa 08       		.uleb128 0x8
 296 01fb 64030000 		.4byte	.LASF42
 297 01ff 05       		.byte	0x5
 298 0200 5301     		.2byte	0x153
 299 0202 E7000000 		.4byte	0xe7
 300 0206 3C       		.byte	0x3c
 301 0207 08       		.uleb128 0x8
 302 0208 43030000 		.4byte	.LASF43
 303 020c 05       		.byte	0x5
 304 020d 5A01     		.2byte	0x15a
 305 020f FD020000 		.4byte	0x2fd
 306 0213 40       		.byte	0x40
 307 0214 00       		.byte	0
 308 0215 04       		.uleb128 0x4
 309 0216 69040000 		.4byte	.LASF44
 310 021a 04       		.byte	0x4
 311 021b 44       		.byte	0x44
 312 021c 20020000 		.4byte	0x220
ARM GAS  /tmp/ccMDTIRm.s 			page 7


 313 0220 09       		.uleb128 0x9
 314 0221 04       		.byte	0x4
 315 0222 1E010000 		.4byte	0x11e
 316 0226 04       		.uleb128 0x4
 317 0227 60050000 		.4byte	.LASF45
 318 022b 04       		.byte	0x4
 319 022c 49       		.byte	0x49
 320 022d 31020000 		.4byte	0x231
 321 0231 05       		.uleb128 0x5
 322 0232 AE000000 		.4byte	.LASF47
 323 0236 04       		.byte	0x4
 324 0237 05       		.byte	0x5
 325 0238 B0       		.byte	0xb0
 326 0239 4A020000 		.4byte	0x24a
 327 023d 06       		.uleb128 0x6
 328 023e 58040000 		.4byte	.LASF27
 329 0242 05       		.byte	0x5
 330 0243 B1       		.byte	0xb1
 331 0244 20020000 		.4byte	0x220
 332 0248 00       		.byte	0
 333 0249 00       		.byte	0
 334 024a 04       		.uleb128 0x4
 335 024b 19000000 		.4byte	.LASF48
 336 024f 04       		.byte	0x4
 337 0250 50       		.byte	0x50
 338 0251 55020000 		.4byte	0x255
 339 0255 05       		.uleb128 0x5
 340 0256 FA000000 		.4byte	.LASF49
 341 025a 08       		.byte	0x8
 342 025b 05       		.byte	0x5
 343 025c B7       		.byte	0xb7
 344 025d 7A020000 		.4byte	0x27a
 345 0261 06       		.uleb128 0x6
 346 0262 58040000 		.4byte	.LASF27
 347 0266 05       		.byte	0x5
 348 0267 B8       		.byte	0xb8
 349 0268 20020000 		.4byte	0x220
 350 026c 00       		.byte	0
 351 026d 06       		.uleb128 0x6
 352 026e 71000000 		.4byte	.LASF28
 353 0272 05       		.byte	0x5
 354 0273 B9       		.byte	0xb9
 355 0274 20020000 		.4byte	0x220
 356 0278 04       		.byte	0x4
 357 0279 00       		.byte	0
 358 027a 04       		.uleb128 0x4
 359 027b F9040000 		.4byte	.LASF50
 360 027f 04       		.byte	0x4
 361 0280 57       		.byte	0x57
 362 0281 85020000 		.4byte	0x285
 363 0285 0A       		.uleb128 0xa
 364 0286 23050000 		.4byte	.LASF51
 365 028a 1C       		.byte	0x1c
 366 028b 05       		.byte	0x5
 367 028c 9201     		.2byte	0x192
 368 028e E1020000 		.4byte	0x2e1
 369 0292 08       		.uleb128 0x8
ARM GAS  /tmp/ccMDTIRm.s 			page 8


 370 0293 57000000 		.4byte	.LASF52
 371 0297 05       		.byte	0x5
 372 0298 9301     		.2byte	0x193
 373 029a 4A020000 		.4byte	0x24a
 374 029e 00       		.byte	0
 375 029f 08       		.uleb128 0x8
 376 02a0 A5030000 		.4byte	.LASF53
 377 02a4 05       		.byte	0x5
 378 02a5 9401     		.2byte	0x194
 379 02a7 E7000000 		.4byte	0xe7
 380 02ab 08       		.byte	0x8
 381 02ac 08       		.uleb128 0x8
 382 02ad 3A040000 		.4byte	.LASF54
 383 02b1 05       		.byte	0x5
 384 02b2 9601     		.2byte	0x196
 385 02b4 50040000 		.4byte	0x450
 386 02b8 0C       		.byte	0xc
 387 02b9 08       		.uleb128 0x8
 388 02ba 4B030000 		.4byte	.LASF55
 389 02be 05       		.byte	0x5
 390 02bf 9901     		.2byte	0x199
 391 02c1 20020000 		.4byte	0x220
 392 02c5 10       		.byte	0x10
 393 02c6 08       		.uleb128 0x8
 394 02c7 11000000 		.4byte	.LASF56
 395 02cb 05       		.byte	0x5
 396 02cc 9A01     		.2byte	0x19a
 397 02ce 20020000 		.4byte	0x220
 398 02d2 14       		.byte	0x14
 399 02d3 08       		.uleb128 0x8
 400 02d4 C1020000 		.4byte	.LASF57
 401 02d8 05       		.byte	0x5
 402 02d9 9D01     		.2byte	0x19d
 403 02db 20020000 		.4byte	0x220
 404 02df 18       		.byte	0x18
 405 02e0 00       		.byte	0
 406 02e1 04       		.uleb128 0x4
 407 02e2 E8040000 		.4byte	.LASF58
 408 02e6 04       		.byte	0x4
 409 02e7 5C       		.byte	0x5c
 410 02e8 EC020000 		.4byte	0x2ec
 411 02ec 09       		.uleb128 0x9
 412 02ed 04       		.byte	0x4
 413 02ee F2020000 		.4byte	0x2f2
 414 02f2 0B       		.uleb128 0xb
 415 02f3 FD020000 		.4byte	0x2fd
 416 02f7 0C       		.uleb128 0xc
 417 02f8 FD020000 		.4byte	0x2fd
 418 02fc 00       		.byte	0
 419 02fd 0D       		.uleb128 0xd
 420 02fe 04       		.byte	0x4
 421 02ff 04       		.uleb128 0x4
 422 0300 87020000 		.4byte	.LASF59
 423 0304 04       		.byte	0x4
 424 0305 61       		.byte	0x61
 425 0306 0A030000 		.4byte	0x30a
 426 030a 0A       		.uleb128 0xa
ARM GAS  /tmp/ccMDTIRm.s 			page 9


 427 030b 8C030000 		.4byte	.LASF60
 428 030f 14       		.byte	0x14
 429 0310 05       		.byte	0x5
 430 0311 6D01     		.2byte	0x16d
 431 0313 59030000 		.4byte	0x359
 432 0317 08       		.uleb128 0x8
 433 0318 2F030000 		.4byte	.LASF61
 434 031c 05       		.byte	0x5
 435 031d 6E01     		.2byte	0x16e
 436 031f F3050000 		.4byte	0x5f3
 437 0323 00       		.byte	0
 438 0324 08       		.uleb128 0x8
 439 0325 B9020000 		.4byte	.LASF62
 440 0329 05       		.byte	0x5
 441 032a 6F01     		.2byte	0x16f
 442 032c F3050000 		.4byte	0x5f3
 443 0330 04       		.byte	0x4
 444 0331 08       		.uleb128 0x8
 445 0332 5B030000 		.4byte	.LASF63
 446 0336 05       		.byte	0x5
 447 0337 7001     		.2byte	0x170
 448 0339 13010000 		.4byte	0x113
 449 033d 08       		.byte	0x8
 450 033e 08       		.uleb128 0x8
 451 033f 83040000 		.4byte	.LASF64
 452 0343 05       		.byte	0x5
 453 0344 7101     		.2byte	0x171
 454 0346 E1020000 		.4byte	0x2e1
 455 034a 0C       		.byte	0xc
 456 034b 08       		.uleb128 0x8
 457 034c D6000000 		.4byte	.LASF65
 458 0350 05       		.byte	0x5
 459 0351 7301     		.2byte	0x173
 460 0353 FD020000 		.4byte	0x2fd
 461 0357 10       		.byte	0x10
 462 0358 00       		.byte	0
 463 0359 04       		.uleb128 0x4
 464 035a 06050000 		.4byte	.LASF66
 465 035e 04       		.byte	0x4
 466 035f 66       		.byte	0x66
 467 0360 64030000 		.4byte	0x364
 468 0364 0A       		.uleb128 0xa
 469 0365 56020000 		.4byte	.LASF67
 470 0369 10       		.byte	0x10
 471 036a 05       		.byte	0x5
 472 036b 7D01     		.2byte	0x17d
 473 036d A6030000 		.4byte	0x3a6
 474 0371 08       		.uleb128 0x8
 475 0372 2F030000 		.4byte	.LASF61
 476 0376 05       		.byte	0x5
 477 0377 7E01     		.2byte	0x17e
 478 0379 F3050000 		.4byte	0x5f3
 479 037d 00       		.byte	0
 480 037e 08       		.uleb128 0x8
 481 037f B9020000 		.4byte	.LASF62
 482 0383 05       		.byte	0x5
 483 0384 8001     		.2byte	0x180
ARM GAS  /tmp/ccMDTIRm.s 			page 10


 484 0386 F3050000 		.4byte	0x5f3
 485 038a 04       		.byte	0x4
 486 038b 08       		.uleb128 0x8
 487 038c 5B030000 		.4byte	.LASF63
 488 0390 05       		.byte	0x5
 489 0391 8201     		.2byte	0x182
 490 0393 13010000 		.4byte	0x113
 491 0397 08       		.byte	0x8
 492 0398 08       		.uleb128 0x8
 493 0399 1B020000 		.4byte	.LASF68
 494 039d 05       		.byte	0x5
 495 039e 8A01     		.2byte	0x18a
 496 03a0 13010000 		.4byte	0x113
 497 03a4 0C       		.byte	0xc
 498 03a5 00       		.byte	0
 499 03a6 04       		.uleb128 0x4
 500 03a7 78000000 		.4byte	.LASF69
 501 03ab 04       		.byte	0x4
 502 03ac 6B       		.byte	0x6b
 503 03ad B1030000 		.4byte	0x3b1
 504 03b1 0A       		.uleb128 0xa
 505 03b2 29000000 		.4byte	.LASF70
 506 03b6 04       		.byte	0x4
 507 03b7 05       		.byte	0x5
 508 03b8 A401     		.2byte	0x1a4
 509 03ba CC030000 		.4byte	0x3cc
 510 03be 08       		.uleb128 0x8
 511 03bf 1F040000 		.4byte	.LASF71
 512 03c3 05       		.byte	0x5
 513 03c4 AC01     		.2byte	0x1ac
 514 03c6 F9050000 		.4byte	0x5f9
 515 03ca 00       		.byte	0
 516 03cb 00       		.byte	0
 517 03cc 04       		.uleb128 0x4
 518 03cd DD000000 		.4byte	.LASF72
 519 03d1 04       		.byte	0x4
 520 03d2 70       		.byte	0x70
 521 03d3 D7030000 		.4byte	0x3d7
 522 03d7 0E       		.uleb128 0xe
 523 03d8 76020000 		.4byte	.LASF73
 524 03dc 5001     		.2byte	0x150
 525 03de 05       		.byte	0x5
 526 03df C401     		.2byte	0x1c4
 527 03e1 33040000 		.4byte	0x433
 528 03e5 08       		.uleb128 0x8
 529 03e6 79030000 		.4byte	.LASF74
 530 03ea 05       		.byte	0x5
 531 03eb C801     		.2byte	0x1c8
 532 03ed 7A020000 		.4byte	0x27a
 533 03f1 00       		.byte	0
 534 03f2 08       		.uleb128 0x8
 535 03f3 BE000000 		.4byte	.LASF75
 536 03f7 05       		.byte	0x5
 537 03f8 CC01     		.2byte	0x1cc
 538 03fa 59030000 		.4byte	0x359
 539 03fe 1C       		.byte	0x1c
 540 03ff 07       		.uleb128 0x7
ARM GAS  /tmp/ccMDTIRm.s 			page 11


 541 0400 64626700 		.ascii	"dbg\000"
 542 0404 05       		.byte	0x5
 543 0405 D001     		.2byte	0x1d0
 544 0407 A6030000 		.4byte	0x3a6
 545 040b 2C       		.byte	0x2c
 546 040c 08       		.uleb128 0x8
 547 040d 42000000 		.4byte	.LASF76
 548 0411 05       		.byte	0x5
 549 0412 D401     		.2byte	0x1d4
 550 0414 1E010000 		.4byte	0x11e
 551 0418 30       		.byte	0x30
 552 0419 07       		.uleb128 0x7
 553 041a 746D00   		.ascii	"tm\000"
 554 041d 05       		.byte	0x5
 555 041e D901     		.2byte	0x1d9
 556 0420 FF040000 		.4byte	0x4ff
 557 0424 74       		.byte	0x74
 558 0425 08       		.uleb128 0x8
 559 0426 EF030000 		.4byte	.LASF77
 560 042a 05       		.byte	0x5
 561 042b E501     		.2byte	0x1e5
 562 042d FE050000 		.4byte	0x5fe
 563 0431 78       		.byte	0x78
 564 0432 00       		.byte	0
 565 0433 03       		.uleb128 0x3
 566 0434 04       		.byte	0x4
 567 0435 07       		.byte	0x7
 568 0436 87000000 		.4byte	.LASF78
 569 043a 04       		.uleb128 0x4
 570 043b E9000000 		.4byte	.LASF79
 571 043f 06       		.byte	0x6
 572 0440 65       		.byte	0x65
 573 0441 FD020000 		.4byte	0x2fd
 574 0445 04       		.uleb128 0x4
 575 0446 E4030000 		.4byte	.LASF80
 576 044a 06       		.byte	0x6
 577 044b 6D       		.byte	0x6d
 578 044c B0000000 		.4byte	0xb0
 579 0450 05       		.uleb128 0x5
 580 0451 A9020000 		.4byte	.LASF81
 581 0455 04       		.byte	0x4
 582 0456 06       		.byte	0x6
 583 0457 89       		.byte	0x89
 584 0458 69040000 		.4byte	0x469
 585 045c 0F       		.uleb128 0xf
 586 045d 72313300 		.ascii	"r13\000"
 587 0461 06       		.byte	0x6
 588 0462 8A       		.byte	0x8a
 589 0463 E4040000 		.4byte	0x4e4
 590 0467 00       		.byte	0
 591 0468 00       		.byte	0
 592 0469 05       		.uleb128 0x5
 593 046a 37030000 		.4byte	.LASF82
 594 046e 24       		.byte	0x24
 595 046f 07       		.byte	0x7
 596 0470 FD       		.byte	0xfd
 597 0471 E4040000 		.4byte	0x4e4
ARM GAS  /tmp/ccMDTIRm.s 			page 12


 598 0475 07       		.uleb128 0x7
 599 0476 723400   		.ascii	"r4\000"
 600 0479 07       		.byte	0x7
 601 047a 1001     		.2byte	0x110
 602 047c 3A040000 		.4byte	0x43a
 603 0480 00       		.byte	0
 604 0481 07       		.uleb128 0x7
 605 0482 723500   		.ascii	"r5\000"
 606 0485 07       		.byte	0x7
 607 0486 1101     		.2byte	0x111
 608 0488 3A040000 		.4byte	0x43a
 609 048c 04       		.byte	0x4
 610 048d 07       		.uleb128 0x7
 611 048e 723600   		.ascii	"r6\000"
 612 0491 07       		.byte	0x7
 613 0492 1201     		.2byte	0x112
 614 0494 3A040000 		.4byte	0x43a
 615 0498 08       		.byte	0x8
 616 0499 07       		.uleb128 0x7
 617 049a 723700   		.ascii	"r7\000"
 618 049d 07       		.byte	0x7
 619 049e 1301     		.2byte	0x113
 620 04a0 3A040000 		.4byte	0x43a
 621 04a4 0C       		.byte	0xc
 622 04a5 07       		.uleb128 0x7
 623 04a6 723800   		.ascii	"r8\000"
 624 04a9 07       		.byte	0x7
 625 04aa 1401     		.2byte	0x114
 626 04ac 3A040000 		.4byte	0x43a
 627 04b0 10       		.byte	0x10
 628 04b1 07       		.uleb128 0x7
 629 04b2 723900   		.ascii	"r9\000"
 630 04b5 07       		.byte	0x7
 631 04b6 1501     		.2byte	0x115
 632 04b8 3A040000 		.4byte	0x43a
 633 04bc 14       		.byte	0x14
 634 04bd 07       		.uleb128 0x7
 635 04be 72313000 		.ascii	"r10\000"
 636 04c2 07       		.byte	0x7
 637 04c3 1601     		.2byte	0x116
 638 04c5 3A040000 		.4byte	0x43a
 639 04c9 18       		.byte	0x18
 640 04ca 07       		.uleb128 0x7
 641 04cb 72313100 		.ascii	"r11\000"
 642 04cf 07       		.byte	0x7
 643 04d0 1701     		.2byte	0x117
 644 04d2 3A040000 		.4byte	0x43a
 645 04d6 1C       		.byte	0x1c
 646 04d7 07       		.uleb128 0x7
 647 04d8 6C7200   		.ascii	"lr\000"
 648 04db 07       		.byte	0x7
 649 04dc 1801     		.2byte	0x118
 650 04de 3A040000 		.4byte	0x43a
 651 04e2 20       		.byte	0x20
 652 04e3 00       		.byte	0
 653 04e4 09       		.uleb128 0x9
 654 04e5 04       		.byte	0x4
ARM GAS  /tmp/ccMDTIRm.s 			page 13


 655 04e6 69040000 		.4byte	0x469
 656 04ea 10       		.uleb128 0x10
 657 04eb 04       		.byte	0x4
 658 04ec 08       		.byte	0x8
 659 04ed 38       		.byte	0x38
 660 04ee FF040000 		.4byte	0x4ff
 661 04f2 06       		.uleb128 0x6
 662 04f3 80020000 		.4byte	.LASF83
 663 04f7 08       		.byte	0x8
 664 04f8 3C       		.byte	0x3c
 665 04f9 BB000000 		.4byte	0xbb
 666 04fd 00       		.byte	0
 667 04fe 00       		.byte	0
 668 04ff 04       		.uleb128 0x4
 669 0500 C5000000 		.4byte	.LASF84
 670 0504 08       		.byte	0x8
 671 0505 3D       		.byte	0x3d
 672 0506 EA040000 		.4byte	0x4ea
 673 050a 11       		.uleb128 0x11
 674 050b 04       		.byte	0x4
 675 050c 05       		.byte	0x5
 676 050d FA       		.byte	0xfa
 677 050e 73050000 		.4byte	0x573
 678 0512 12       		.uleb128 0x12
 679 0513 4C050000 		.4byte	.LASF85
 680 0517 05       		.byte	0x5
 681 0518 0101     		.2byte	0x101
 682 051a F2000000 		.4byte	0xf2
 683 051e 12       		.uleb128 0x12
 684 051f DF040000 		.4byte	.LASF86
 685 0523 05       		.byte	0x5
 686 0524 0801     		.2byte	0x108
 687 0526 F2000000 		.4byte	0xf2
 688 052a 12       		.uleb128 0x12
 689 052b 7C040000 		.4byte	.LASF87
 690 052f 05       		.byte	0x5
 691 0530 0F01     		.2byte	0x10f
 692 0532 FD020000 		.4byte	0x2fd
 693 0536 12       		.uleb128 0x12
 694 0537 34040000 		.4byte	.LASF88
 695 053b 05       		.byte	0x5
 696 053c 1601     		.2byte	0x116
 697 053e 73050000 		.4byte	0x573
 698 0542 12       		.uleb128 0x12
 699 0543 B1020000 		.4byte	.LASF89
 700 0547 05       		.byte	0x5
 701 0548 1B01     		.2byte	0x11b
 702 054a F2000000 		.4byte	0xf2
 703 054e 12       		.uleb128 0x12
 704 054f FE030000 		.4byte	.LASF90
 705 0553 05       		.byte	0x5
 706 0554 2401     		.2byte	0x124
 707 0556 9E050000 		.4byte	0x59e
 708 055a 12       		.uleb128 0x12
 709 055b 59050000 		.4byte	.LASF91
 710 055f 05       		.byte	0x5
 711 0560 2D01     		.2byte	0x12d
ARM GAS  /tmp/ccMDTIRm.s 			page 14


 712 0562 D5050000 		.4byte	0x5d5
 713 0566 12       		.uleb128 0x12
 714 0567 DF020000 		.4byte	.LASF92
 715 056b 05       		.byte	0x5
 716 056c 3501     		.2byte	0x135
 717 056e FD000000 		.4byte	0xfd
 718 0572 00       		.byte	0
 719 0573 09       		.uleb128 0x9
 720 0574 04       		.byte	0x4
 721 0575 15020000 		.4byte	0x215
 722 0579 05       		.uleb128 0x5
 723 057a 40040000 		.4byte	.LASF93
 724 057e 0C       		.byte	0xc
 725 057f 09       		.byte	0x9
 726 0580 34       		.byte	0x34
 727 0581 9E050000 		.4byte	0x59e
 728 0585 06       		.uleb128 0x6
 729 0586 84030000 		.4byte	.LASF94
 730 058a 09       		.byte	0x9
 731 058b 35       		.byte	0x35
 732 058c 4A020000 		.4byte	0x24a
 733 0590 00       		.byte	0
 734 0591 06       		.uleb128 0x6
 735 0592 CB020000 		.4byte	.LASF95
 736 0596 09       		.byte	0x9
 737 0597 37       		.byte	0x37
 738 0598 08010000 		.4byte	0x108
 739 059c 08       		.byte	0x8
 740 059d 00       		.byte	0
 741 059e 09       		.uleb128 0x9
 742 059f 04       		.byte	0x4
 743 05a0 79050000 		.4byte	0x579
 744 05a4 05       		.uleb128 0x5
 745 05a5 0B010000 		.4byte	.LASF96
 746 05a9 10       		.byte	0x10
 747 05aa 0A       		.byte	0xa
 748 05ab 39       		.byte	0x39
 749 05ac D5050000 		.4byte	0x5d5
 750 05b0 06       		.uleb128 0x6
 751 05b1 97020000 		.4byte	.LASF97
 752 05b5 0A       		.byte	0xa
 753 05b6 3A       		.byte	0x3a
 754 05b7 4A020000 		.4byte	0x24a
 755 05bb 00       		.byte	0
 756 05bc 06       		.uleb128 0x6
 757 05bd 44050000 		.4byte	.LASF98
 758 05c1 0A       		.byte	0xa
 759 05c2 3C       		.byte	0x3c
 760 05c3 20020000 		.4byte	0x220
 761 05c7 08       		.byte	0x8
 762 05c8 06       		.uleb128 0x6
 763 05c9 5F000000 		.4byte	.LASF99
 764 05cd 0A       		.byte	0xa
 765 05ce 3E       		.byte	0x3e
 766 05cf 19060000 		.4byte	0x619
 767 05d3 0C       		.byte	0xc
 768 05d4 00       		.byte	0
ARM GAS  /tmp/ccMDTIRm.s 			page 15


 769 05d5 09       		.uleb128 0x9
 770 05d6 04       		.byte	0x4
 771 05d7 A4050000 		.4byte	0x5a4
 772 05db 09       		.uleb128 0x9
 773 05dc 04       		.byte	0x4
 774 05dd E1050000 		.4byte	0x5e1
 775 05e1 13       		.uleb128 0x13
 776 05e2 E6050000 		.4byte	0x5e6
 777 05e6 03       		.uleb128 0x3
 778 05e7 01       		.byte	0x1
 779 05e8 08       		.byte	0x8
 780 05e9 7F030000 		.4byte	.LASF100
 781 05ed 09       		.uleb128 0x9
 782 05ee 04       		.byte	0x4
 783 05ef 45040000 		.4byte	0x445
 784 05f3 09       		.uleb128 0x9
 785 05f4 04       		.byte	0x4
 786 05f5 FF020000 		.4byte	0x2ff
 787 05f9 14       		.uleb128 0x14
 788 05fa DB050000 		.4byte	0x5db
 789 05fe 15       		.uleb128 0x15
 790 05ff 45040000 		.4byte	0x445
 791 0603 0E060000 		.4byte	0x60e
 792 0607 16       		.uleb128 0x16
 793 0608 33040000 		.4byte	0x433
 794 060c 1A       		.byte	0x1a
 795 060d 00       		.byte	0
 796 060e 04       		.uleb128 0x4
 797 060f 27030000 		.4byte	.LASF101
 798 0613 0A       		.byte	0xa
 799 0614 34       		.byte	0x34
 800 0615 A4050000 		.4byte	0x5a4
 801 0619 09       		.uleb128 0x9
 802 061a 04       		.byte	0x4
 803 061b 0E060000 		.4byte	0x60e
 804 061f 17       		.uleb128 0x17
 805 0620 37050000 		.4byte	.LASF102
 806 0624 0B       		.byte	0xb
 807 0625 FA06     		.2byte	0x6fa
 808 0627 2B060000 		.4byte	0x62b
 809 062b 14       		.uleb128 0x14
 810 062c 9A000000 		.4byte	0x9a
 811 0630 18       		.uleb128 0x18
 812 0631 636800   		.ascii	"ch\000"
 813 0634 05       		.byte	0x5
 814 0635 0B02     		.2byte	0x20b
 815 0637 CC030000 		.4byte	0x3cc
 816 063b 00       		.byte	0
 817              		.section	.debug_abbrev,"",%progbits
 818              	.Ldebug_abbrev0:
 819 0000 01       		.uleb128 0x1
 820 0001 11       		.uleb128 0x11
 821 0002 01       		.byte	0x1
 822 0003 25       		.uleb128 0x25
 823 0004 0E       		.uleb128 0xe
 824 0005 13       		.uleb128 0x13
 825 0006 0B       		.uleb128 0xb
ARM GAS  /tmp/ccMDTIRm.s 			page 16


 826 0007 03       		.uleb128 0x3
 827 0008 0E       		.uleb128 0xe
 828 0009 1B       		.uleb128 0x1b
 829 000a 0E       		.uleb128 0xe
 830 000b 10       		.uleb128 0x10
 831 000c 17       		.uleb128 0x17
 832 000d 00       		.byte	0
 833 000e 00       		.byte	0
 834 000f 02       		.uleb128 0x2
 835 0010 24       		.uleb128 0x24
 836 0011 00       		.byte	0
 837 0012 0B       		.uleb128 0xb
 838 0013 0B       		.uleb128 0xb
 839 0014 3E       		.uleb128 0x3e
 840 0015 0B       		.uleb128 0xb
 841 0016 03       		.uleb128 0x3
 842 0017 08       		.uleb128 0x8
 843 0018 00       		.byte	0
 844 0019 00       		.byte	0
 845 001a 03       		.uleb128 0x3
 846 001b 24       		.uleb128 0x24
 847 001c 00       		.byte	0
 848 001d 0B       		.uleb128 0xb
 849 001e 0B       		.uleb128 0xb
 850 001f 3E       		.uleb128 0x3e
 851 0020 0B       		.uleb128 0xb
 852 0021 03       		.uleb128 0x3
 853 0022 0E       		.uleb128 0xe
 854 0023 00       		.byte	0
 855 0024 00       		.byte	0
 856 0025 04       		.uleb128 0x4
 857 0026 16       		.uleb128 0x16
 858 0027 00       		.byte	0
 859 0028 03       		.uleb128 0x3
 860 0029 0E       		.uleb128 0xe
 861 002a 3A       		.uleb128 0x3a
 862 002b 0B       		.uleb128 0xb
 863 002c 3B       		.uleb128 0x3b
 864 002d 0B       		.uleb128 0xb
 865 002e 49       		.uleb128 0x49
 866 002f 13       		.uleb128 0x13
 867 0030 00       		.byte	0
 868 0031 00       		.byte	0
 869 0032 05       		.uleb128 0x5
 870 0033 13       		.uleb128 0x13
 871 0034 01       		.byte	0x1
 872 0035 03       		.uleb128 0x3
 873 0036 0E       		.uleb128 0xe
 874 0037 0B       		.uleb128 0xb
 875 0038 0B       		.uleb128 0xb
 876 0039 3A       		.uleb128 0x3a
 877 003a 0B       		.uleb128 0xb
 878 003b 3B       		.uleb128 0x3b
 879 003c 0B       		.uleb128 0xb
 880 003d 01       		.uleb128 0x1
 881 003e 13       		.uleb128 0x13
 882 003f 00       		.byte	0
ARM GAS  /tmp/ccMDTIRm.s 			page 17


 883 0040 00       		.byte	0
 884 0041 06       		.uleb128 0x6
 885 0042 0D       		.uleb128 0xd
 886 0043 00       		.byte	0
 887 0044 03       		.uleb128 0x3
 888 0045 0E       		.uleb128 0xe
 889 0046 3A       		.uleb128 0x3a
 890 0047 0B       		.uleb128 0xb
 891 0048 3B       		.uleb128 0x3b
 892 0049 0B       		.uleb128 0xb
 893 004a 49       		.uleb128 0x49
 894 004b 13       		.uleb128 0x13
 895 004c 38       		.uleb128 0x38
 896 004d 0B       		.uleb128 0xb
 897 004e 00       		.byte	0
 898 004f 00       		.byte	0
 899 0050 07       		.uleb128 0x7
 900 0051 0D       		.uleb128 0xd
 901 0052 00       		.byte	0
 902 0053 03       		.uleb128 0x3
 903 0054 08       		.uleb128 0x8
 904 0055 3A       		.uleb128 0x3a
 905 0056 0B       		.uleb128 0xb
 906 0057 3B       		.uleb128 0x3b
 907 0058 05       		.uleb128 0x5
 908 0059 49       		.uleb128 0x49
 909 005a 13       		.uleb128 0x13
 910 005b 38       		.uleb128 0x38
 911 005c 0B       		.uleb128 0xb
 912 005d 00       		.byte	0
 913 005e 00       		.byte	0
 914 005f 08       		.uleb128 0x8
 915 0060 0D       		.uleb128 0xd
 916 0061 00       		.byte	0
 917 0062 03       		.uleb128 0x3
 918 0063 0E       		.uleb128 0xe
 919 0064 3A       		.uleb128 0x3a
 920 0065 0B       		.uleb128 0xb
 921 0066 3B       		.uleb128 0x3b
 922 0067 05       		.uleb128 0x5
 923 0068 49       		.uleb128 0x49
 924 0069 13       		.uleb128 0x13
 925 006a 38       		.uleb128 0x38
 926 006b 0B       		.uleb128 0xb
 927 006c 00       		.byte	0
 928 006d 00       		.byte	0
 929 006e 09       		.uleb128 0x9
 930 006f 0F       		.uleb128 0xf
 931 0070 00       		.byte	0
 932 0071 0B       		.uleb128 0xb
 933 0072 0B       		.uleb128 0xb
 934 0073 49       		.uleb128 0x49
 935 0074 13       		.uleb128 0x13
 936 0075 00       		.byte	0
 937 0076 00       		.byte	0
 938 0077 0A       		.uleb128 0xa
 939 0078 13       		.uleb128 0x13
ARM GAS  /tmp/ccMDTIRm.s 			page 18


 940 0079 01       		.byte	0x1
 941 007a 03       		.uleb128 0x3
 942 007b 0E       		.uleb128 0xe
 943 007c 0B       		.uleb128 0xb
 944 007d 0B       		.uleb128 0xb
 945 007e 3A       		.uleb128 0x3a
 946 007f 0B       		.uleb128 0xb
 947 0080 3B       		.uleb128 0x3b
 948 0081 05       		.uleb128 0x5
 949 0082 01       		.uleb128 0x1
 950 0083 13       		.uleb128 0x13
 951 0084 00       		.byte	0
 952 0085 00       		.byte	0
 953 0086 0B       		.uleb128 0xb
 954 0087 15       		.uleb128 0x15
 955 0088 01       		.byte	0x1
 956 0089 27       		.uleb128 0x27
 957 008a 19       		.uleb128 0x19
 958 008b 01       		.uleb128 0x1
 959 008c 13       		.uleb128 0x13
 960 008d 00       		.byte	0
 961 008e 00       		.byte	0
 962 008f 0C       		.uleb128 0xc
 963 0090 05       		.uleb128 0x5
 964 0091 00       		.byte	0
 965 0092 49       		.uleb128 0x49
 966 0093 13       		.uleb128 0x13
 967 0094 00       		.byte	0
 968 0095 00       		.byte	0
 969 0096 0D       		.uleb128 0xd
 970 0097 0F       		.uleb128 0xf
 971 0098 00       		.byte	0
 972 0099 0B       		.uleb128 0xb
 973 009a 0B       		.uleb128 0xb
 974 009b 00       		.byte	0
 975 009c 00       		.byte	0
 976 009d 0E       		.uleb128 0xe
 977 009e 13       		.uleb128 0x13
 978 009f 01       		.byte	0x1
 979 00a0 03       		.uleb128 0x3
 980 00a1 0E       		.uleb128 0xe
 981 00a2 0B       		.uleb128 0xb
 982 00a3 05       		.uleb128 0x5
 983 00a4 3A       		.uleb128 0x3a
 984 00a5 0B       		.uleb128 0xb
 985 00a6 3B       		.uleb128 0x3b
 986 00a7 05       		.uleb128 0x5
 987 00a8 01       		.uleb128 0x1
 988 00a9 13       		.uleb128 0x13
 989 00aa 00       		.byte	0
 990 00ab 00       		.byte	0
 991 00ac 0F       		.uleb128 0xf
 992 00ad 0D       		.uleb128 0xd
 993 00ae 00       		.byte	0
 994 00af 03       		.uleb128 0x3
 995 00b0 08       		.uleb128 0x8
 996 00b1 3A       		.uleb128 0x3a
ARM GAS  /tmp/ccMDTIRm.s 			page 19


 997 00b2 0B       		.uleb128 0xb
 998 00b3 3B       		.uleb128 0x3b
 999 00b4 0B       		.uleb128 0xb
 1000 00b5 49       		.uleb128 0x49
 1001 00b6 13       		.uleb128 0x13
 1002 00b7 38       		.uleb128 0x38
 1003 00b8 0B       		.uleb128 0xb
 1004 00b9 00       		.byte	0
 1005 00ba 00       		.byte	0
 1006 00bb 10       		.uleb128 0x10
 1007 00bc 13       		.uleb128 0x13
 1008 00bd 01       		.byte	0x1
 1009 00be 0B       		.uleb128 0xb
 1010 00bf 0B       		.uleb128 0xb
 1011 00c0 3A       		.uleb128 0x3a
 1012 00c1 0B       		.uleb128 0xb
 1013 00c2 3B       		.uleb128 0x3b
 1014 00c3 0B       		.uleb128 0xb
 1015 00c4 01       		.uleb128 0x1
 1016 00c5 13       		.uleb128 0x13
 1017 00c6 00       		.byte	0
 1018 00c7 00       		.byte	0
 1019 00c8 11       		.uleb128 0x11
 1020 00c9 17       		.uleb128 0x17
 1021 00ca 01       		.byte	0x1
 1022 00cb 0B       		.uleb128 0xb
 1023 00cc 0B       		.uleb128 0xb
 1024 00cd 3A       		.uleb128 0x3a
 1025 00ce 0B       		.uleb128 0xb
 1026 00cf 3B       		.uleb128 0x3b
 1027 00d0 0B       		.uleb128 0xb
 1028 00d1 01       		.uleb128 0x1
 1029 00d2 13       		.uleb128 0x13
 1030 00d3 00       		.byte	0
 1031 00d4 00       		.byte	0
 1032 00d5 12       		.uleb128 0x12
 1033 00d6 0D       		.uleb128 0xd
 1034 00d7 00       		.byte	0
 1035 00d8 03       		.uleb128 0x3
 1036 00d9 0E       		.uleb128 0xe
 1037 00da 3A       		.uleb128 0x3a
 1038 00db 0B       		.uleb128 0xb
 1039 00dc 3B       		.uleb128 0x3b
 1040 00dd 05       		.uleb128 0x5
 1041 00de 49       		.uleb128 0x49
 1042 00df 13       		.uleb128 0x13
 1043 00e0 00       		.byte	0
 1044 00e1 00       		.byte	0
 1045 00e2 13       		.uleb128 0x13
 1046 00e3 26       		.uleb128 0x26
 1047 00e4 00       		.byte	0
 1048 00e5 49       		.uleb128 0x49
 1049 00e6 13       		.uleb128 0x13
 1050 00e7 00       		.byte	0
 1051 00e8 00       		.byte	0
 1052 00e9 14       		.uleb128 0x14
 1053 00ea 35       		.uleb128 0x35
ARM GAS  /tmp/ccMDTIRm.s 			page 20


 1054 00eb 00       		.byte	0
 1055 00ec 49       		.uleb128 0x49
 1056 00ed 13       		.uleb128 0x13
 1057 00ee 00       		.byte	0
 1058 00ef 00       		.byte	0
 1059 00f0 15       		.uleb128 0x15
 1060 00f1 01       		.uleb128 0x1
 1061 00f2 01       		.byte	0x1
 1062 00f3 49       		.uleb128 0x49
 1063 00f4 13       		.uleb128 0x13
 1064 00f5 01       		.uleb128 0x1
 1065 00f6 13       		.uleb128 0x13
 1066 00f7 00       		.byte	0
 1067 00f8 00       		.byte	0
 1068 00f9 16       		.uleb128 0x16
 1069 00fa 21       		.uleb128 0x21
 1070 00fb 00       		.byte	0
 1071 00fc 49       		.uleb128 0x49
 1072 00fd 13       		.uleb128 0x13
 1073 00fe 2F       		.uleb128 0x2f
 1074 00ff 0B       		.uleb128 0xb
 1075 0100 00       		.byte	0
 1076 0101 00       		.byte	0
 1077 0102 17       		.uleb128 0x17
 1078 0103 34       		.uleb128 0x34
 1079 0104 00       		.byte	0
 1080 0105 03       		.uleb128 0x3
 1081 0106 0E       		.uleb128 0xe
 1082 0107 3A       		.uleb128 0x3a
 1083 0108 0B       		.uleb128 0xb
 1084 0109 3B       		.uleb128 0x3b
 1085 010a 05       		.uleb128 0x5
 1086 010b 49       		.uleb128 0x49
 1087 010c 13       		.uleb128 0x13
 1088 010d 3F       		.uleb128 0x3f
 1089 010e 19       		.uleb128 0x19
 1090 010f 3C       		.uleb128 0x3c
 1091 0110 19       		.uleb128 0x19
 1092 0111 00       		.byte	0
 1093 0112 00       		.byte	0
 1094 0113 18       		.uleb128 0x18
 1095 0114 34       		.uleb128 0x34
 1096 0115 00       		.byte	0
 1097 0116 03       		.uleb128 0x3
 1098 0117 08       		.uleb128 0x8
 1099 0118 3A       		.uleb128 0x3a
 1100 0119 0B       		.uleb128 0xb
 1101 011a 3B       		.uleb128 0x3b
 1102 011b 05       		.uleb128 0x5
 1103 011c 49       		.uleb128 0x49
 1104 011d 13       		.uleb128 0x13
 1105 011e 3F       		.uleb128 0x3f
 1106 011f 19       		.uleb128 0x19
 1107 0120 3C       		.uleb128 0x3c
 1108 0121 19       		.uleb128 0x19
 1109 0122 00       		.byte	0
 1110 0123 00       		.byte	0
ARM GAS  /tmp/ccMDTIRm.s 			page 21


 1111 0124 00       		.byte	0
 1112              		.section	.debug_aranges,"",%progbits
 1113 0000 14000000 		.4byte	0x14
 1114 0004 0200     		.2byte	0x2
 1115 0006 00000000 		.4byte	.Ldebug_info0
 1116 000a 04       		.byte	0x4
 1117 000b 00       		.byte	0
 1118 000c 0000     		.2byte	0
 1119 000e 0000     		.2byte	0
 1120 0010 00000000 		.4byte	0
 1121 0014 00000000 		.4byte	0
 1122              		.section	.debug_line,"",%progbits
 1123              	.Ldebug_line0:
 1124 0000 0B020000 		.section	.debug_str,"MS",%progbits,1
 1124      02000502 
 1124      00000201 
 1124      FB0E0D00 
 1124      01010101 
 1125              	.LASF26:
 1126 0000 74687265 		.ascii	"thread_t\000"
 1126      61645F74 
 1126      00
 1127              	.LASF20:
 1128 0009 74726566 		.ascii	"trefs_t\000"
 1128      735F7400 
 1129              	.LASF56:
 1130 0011 725F6F6C 		.ascii	"r_older\000"
 1130      64657200 
 1131              	.LASF48:
 1132 0019 74687265 		.ascii	"threads_queue_t\000"
 1132      6164735F 
 1132      71756575 
 1132      655F7400 
 1133              	.LASF70:
 1134 0029 63685F73 		.ascii	"ch_system_debug\000"
 1134      79737465 
 1134      6D5F6465 
 1134      62756700 
 1135              	.LASF16:
 1136 0039 75696E74 		.ascii	"uint64_t\000"
 1136      36345F74 
 1136      00
 1137              	.LASF76:
 1138 0042 6D61696E 		.ascii	"mainthread\000"
 1138      74687265 
 1138      616400
 1139              	.LASF3:
 1140 004d 73686F72 		.ascii	"short int\000"
 1140      7420696E 
 1140      7400
 1141              	.LASF52:
 1142 0057 725F7175 		.ascii	"r_queue\000"
 1142      65756500 
 1143              	.LASF99:
 1144 005f 6D5F6E65 		.ascii	"m_next\000"
 1144      787400
 1145              	.LASF40:
ARM GAS  /tmp/ccMDTIRm.s 			page 22


 1146 0066 705F6570 		.ascii	"p_epending\000"
 1146      656E6469 
 1146      6E6700
 1147              	.LASF28:
 1148 0071 705F7072 		.ascii	"p_prev\000"
 1148      657600
 1149              	.LASF69:
 1150 0078 73797374 		.ascii	"system_debug_t\000"
 1150      656D5F64 
 1150      65627567 
 1150      5F7400
 1151              	.LASF78:
 1152 0087 73697A65 		.ascii	"sizetype\000"
 1152      74797065 
 1152      00
 1153              	.LASF23:
 1154 0090 6576656E 		.ascii	"eventmask_t\000"
 1154      746D6173 
 1154      6B5F7400 
 1155              	.LASF39:
 1156 009c 705F6D73 		.ascii	"p_msgqueue\000"
 1156      67717565 
 1156      756500
 1157              	.LASF29:
 1158 00a7 705F7072 		.ascii	"p_prio\000"
 1158      696F00
 1159              	.LASF47:
 1160 00ae 63685F74 		.ascii	"ch_threads_list\000"
 1160      68726561 
 1160      64735F6C 
 1160      69737400 
 1161              	.LASF75:
 1162 00be 76746C69 		.ascii	"vtlist\000"
 1162      737400
 1163              	.LASF84:
 1164 00c5 746D5F63 		.ascii	"tm_calibration_t\000"
 1164      616C6962 
 1164      72617469 
 1164      6F6E5F74 
 1164      00
 1165              	.LASF65:
 1166 00d6 76745F70 		.ascii	"vt_par\000"
 1166      617200
 1167              	.LASF72:
 1168 00dd 63685F73 		.ascii	"ch_system_t\000"
 1168      79737465 
 1168      6D5F7400 
 1169              	.LASF79:
 1170 00e9 72656761 		.ascii	"regarm_t\000"
 1170      726D5F74 
 1170      00
 1171              	.LASF13:
 1172 00f2 75696E74 		.ascii	"uint8_t\000"
 1172      385F7400 
 1173              	.LASF49:
 1174 00fa 63685F74 		.ascii	"ch_threads_queue\000"
 1174      68726561 
ARM GAS  /tmp/ccMDTIRm.s 			page 23


 1174      64735F71 
 1174      75657565 
 1174      00
 1175              	.LASF96:
 1176 010b 63685F6D 		.ascii	"ch_mutex\000"
 1176      75746578 
 1176      00
 1177              	.LASF14:
 1178 0114 696E7433 		.ascii	"int32_t\000"
 1178      325F7400 
 1179              	.LASF103:
 1180 011c 474E5520 		.ascii	"GNU C 4.8.4 20140526 (release) [ARM/embedded-4_8-br"
 1180      4320342E 
 1180      382E3420 
 1180      32303134 
 1180      30353236 
 1181 014f 616E6368 		.ascii	"anch revision 211358] -mcpu=cortex-m4 -mno-thumb-in"
 1181      20726576 
 1181      6973696F 
 1181      6E203231 
 1181      31333538 
 1182 0182 74657277 		.ascii	"terwork -mthumb -ggdb -O0 -fomit-frame-pointer -fal"
 1182      6F726B20 
 1182      2D6D7468 
 1182      756D6220 
 1182      2D676764 
 1183 01b5 69676E2D 		.ascii	"ign-functions=16 -ffunction-sections -fdata-section"
 1183      66756E63 
 1183      74696F6E 
 1183      733D3136 
 1183      202D6666 
 1184 01e8 73202D66 		.ascii	"s -fno-common -flto\000"
 1184      6E6F2D63 
 1184      6F6D6D6F 
 1184      6E202D66 
 1184      6C746F00 
 1185              	.LASF104:
 1186 01fc 2E2E2F43 		.ascii	"../ChibiOS/os/rt/src/chdebug.c\000"
 1186      68696269 
 1186      4F532F6F 
 1186      732F7274 
 1186      2F737263 
 1187              	.LASF68:
 1188 021b 76745F6C 		.ascii	"vt_lasttime\000"
 1188      61737474 
 1188      696D6500 
 1189              	.LASF46:
 1190 0227 63685F74 		.ascii	"ch_thread\000"
 1190      68726561 
 1190      6400
 1191              	.LASF18:
 1192 0231 746D6F64 		.ascii	"tmode_t\000"
 1192      655F7400 
 1193              	.LASF10:
 1194 0239 6C6F6E67 		.ascii	"long long int\000"
 1194      206C6F6E 
 1194      6720696E 
ARM GAS  /tmp/ccMDTIRm.s 			page 24


 1194      7400
 1195              	.LASF33:
 1196 0247 705F6E61 		.ascii	"p_name\000"
 1196      6D6500
 1197              	.LASF21:
 1198 024e 74707269 		.ascii	"tprio_t\000"
 1198      6F5F7400 
 1199              	.LASF67:
 1200 0256 63685F76 		.ascii	"ch_virtual_timers_list\000"
 1200      69727475 
 1200      616C5F74 
 1200      696D6572 
 1200      735F6C69 
 1201              	.LASF7:
 1202 026d 6C6F6E67 		.ascii	"long int\000"
 1202      20696E74 
 1202      00
 1203              	.LASF73:
 1204 0276 63685F73 		.ascii	"ch_system\000"
 1204      79737465 
 1204      6D00
 1205              	.LASF83:
 1206 0280 6F666673 		.ascii	"offset\000"
 1206      657400
 1207              	.LASF59:
 1208 0287 76697274 		.ascii	"virtual_timer_t\000"
 1208      75616C5F 
 1208      74696D65 
 1208      725F7400 
 1209              	.LASF97:
 1210 0297 6D5F7175 		.ascii	"m_queue\000"
 1210      65756500 
 1211              	.LASF5:
 1212 029f 5F5F7569 		.ascii	"__uint8_t\000"
 1212      6E74385F 
 1212      7400
 1213              	.LASF81:
 1214 02a9 636F6E74 		.ascii	"context\000"
 1214      65787400 
 1215              	.LASF89:
 1216 02b1 73656E74 		.ascii	"sentmsg\000"
 1216      6D736700 
 1217              	.LASF62:
 1218 02b9 76745F70 		.ascii	"vt_prev\000"
 1218      72657600 
 1219              	.LASF57:
 1220 02c1 725F6375 		.ascii	"r_current\000"
 1220      7272656E 
 1220      7400
 1221              	.LASF95:
 1222 02cb 735F636E 		.ascii	"s_cnt\000"
 1222      7400
 1223              	.LASF2:
 1224 02d1 756E7369 		.ascii	"unsigned char\000"
 1224      676E6564 
 1224      20636861 
 1224      7200
ARM GAS  /tmp/ccMDTIRm.s 			page 25


 1225              	.LASF92:
 1226 02df 65776D61 		.ascii	"ewmask\000"
 1226      736B00
 1227              	.LASF1:
 1228 02e6 7369676E 		.ascii	"signed char\000"
 1228      65642063 
 1228      68617200 
 1229              	.LASF31:
 1230 02f2 705F6E65 		.ascii	"p_newer\000"
 1230      77657200 
 1231              	.LASF12:
 1232 02fa 6C6F6E67 		.ascii	"long long unsigned int\000"
 1232      206C6F6E 
 1232      6720756E 
 1232      7369676E 
 1232      65642069 
 1233              	.LASF15:
 1234 0311 75696E74 		.ascii	"uint32_t\000"
 1234      33325F74 
 1234      00
 1235              	.LASF0:
 1236 031a 756E7369 		.ascii	"unsigned int\000"
 1236      676E6564 
 1236      20696E74 
 1236      00
 1237              	.LASF101:
 1238 0327 6D757465 		.ascii	"mutex_t\000"
 1238      785F7400 
 1239              	.LASF61:
 1240 032f 76745F6E 		.ascii	"vt_next\000"
 1240      65787400 
 1241              	.LASF82:
 1242 0337 706F7274 		.ascii	"port_intctx\000"
 1242      5F696E74 
 1242      63747800 
 1243              	.LASF43:
 1244 0343 705F6D70 		.ascii	"p_mpool\000"
 1244      6F6F6C00 
 1245              	.LASF55:
 1246 034b 725F6E65 		.ascii	"r_newer\000"
 1246      77657200 
 1247              	.LASF36:
 1248 0353 705F666C 		.ascii	"p_flags\000"
 1248      61677300 
 1249              	.LASF63:
 1250 035b 76745F64 		.ascii	"vt_delta\000"
 1250      656C7461 
 1250      00
 1251              	.LASF42:
 1252 0364 705F7265 		.ascii	"p_realprio\000"
 1252      616C7072 
 1252      696F00
 1253              	.LASF25:
 1254 036f 73797374 		.ascii	"systime_t\000"
 1254      696D655F 
 1254      7400
 1255              	.LASF74:
ARM GAS  /tmp/ccMDTIRm.s 			page 26


 1256 0379 726C6973 		.ascii	"rlist\000"
 1256      7400
 1257              	.LASF100:
 1258 037f 63686172 		.ascii	"char\000"
 1258      00
 1259              	.LASF94:
 1260 0384 735F7175 		.ascii	"s_queue\000"
 1260      65756500 
 1261              	.LASF60:
 1262 038c 63685F76 		.ascii	"ch_virtual_timer\000"
 1262      69727475 
 1262      616C5F74 
 1262      696D6572 
 1262      00
 1263              	.LASF35:
 1264 039d 705F7374 		.ascii	"p_state\000"
 1264      61746500 
 1265              	.LASF53:
 1266 03a5 725F7072 		.ascii	"r_prio\000"
 1266      696F00
 1267              	.LASF24:
 1268 03ac 636E745F 		.ascii	"cnt_t\000"
 1268      7400
 1269              	.LASF4:
 1270 03b2 73686F72 		.ascii	"short unsigned int\000"
 1270      7420756E 
 1270      7369676E 
 1270      65642069 
 1270      6E7400
 1271              	.LASF38:
 1272 03c5 705F7761 		.ascii	"p_waiting\000"
 1272      6974696E 
 1272      6700
 1273              	.LASF11:
 1274 03cf 5F5F7569 		.ascii	"__uint64_t\000"
 1274      6E743634 
 1274      5F7400
 1275              	.LASF41:
 1276 03da 705F6D74 		.ascii	"p_mtxlist\000"
 1276      786C6973 
 1276      7400
 1277              	.LASF80:
 1278 03e4 73746B61 		.ascii	"stkalign_t\000"
 1278      6C69676E 
 1278      5F7400
 1279              	.LASF77:
 1280 03ef 69646C65 		.ascii	"idle_thread_wa\000"
 1280      5F746872 
 1280      6561645F 
 1280      776100
 1281              	.LASF90:
 1282 03fe 77747365 		.ascii	"wtsemp\000"
 1282      6D7000
 1283              	.LASF9:
 1284 0405 6C6F6E67 		.ascii	"long unsigned int\000"
 1284      20756E73 
 1284      69676E65 
ARM GAS  /tmp/ccMDTIRm.s 			page 27


 1284      6420696E 
 1284      7400
 1285              	.LASF17:
 1286 0417 7274636E 		.ascii	"rtcnt_t\000"
 1286      745F7400 
 1287              	.LASF71:
 1288 041f 70616E69 		.ascii	"panic_msg\000"
 1288      635F6D73 
 1288      6700
 1289              	.LASF8:
 1290 0429 5F5F7569 		.ascii	"__uint32_t\000"
 1290      6E743332 
 1290      5F7400
 1291              	.LASF88:
 1292 0434 77747472 		.ascii	"wttrp\000"
 1292      7000
 1293              	.LASF54:
 1294 043a 725F6374 		.ascii	"r_ctx\000"
 1294      7800
 1295              	.LASF93:
 1296 0440 63685F73 		.ascii	"ch_semaphore\000"
 1296      656D6170 
 1296      686F7265 
 1296      00
 1297              	.LASF34:
 1298 044d 705F7374 		.ascii	"p_stklimit\000"
 1298      6B6C696D 
 1298      697400
 1299              	.LASF27:
 1300 0458 705F6E65 		.ascii	"p_next\000"
 1300      787400
 1301              	.LASF6:
 1302 045f 5F5F696E 		.ascii	"__int32_t\000"
 1302      7433325F 
 1302      7400
 1303              	.LASF44:
 1304 0469 74687265 		.ascii	"thread_reference_t\000"
 1304      61645F72 
 1304      65666572 
 1304      656E6365 
 1304      5F7400
 1305              	.LASF87:
 1306 047c 77746F62 		.ascii	"wtobjp\000"
 1306      6A7000
 1307              	.LASF64:
 1308 0483 76745F66 		.ascii	"vt_func\000"
 1308      756E6300 
 1309              	.LASF19:
 1310 048b 74737461 		.ascii	"tstate_t\000"
 1310      74655F74 
 1310      00
 1311              	.LASF105:
 1312 0494 2F6E6673 		.ascii	"/nfs/nfs4/home/irbrown/Courses/P442/P442WifiTrailCo"
 1312      2F6E6673 
 1312      342F686F 
 1312      6D652F69 
 1312      7262726F 
ARM GAS  /tmp/ccMDTIRm.s 			page 28


 1313 04c7 756E7465 		.ascii	"unterProject/milestone3\000"
 1313      7250726F 
 1313      6A656374 
 1313      2F6D696C 
 1313      6573746F 
 1314              	.LASF86:
 1315 04df 65786974 		.ascii	"exitcode\000"
 1315      636F6465 
 1315      00
 1316              	.LASF58:
 1317 04e8 76746675 		.ascii	"vtfunc_t\000"
 1317      6E635F74 
 1317      00
 1318              	.LASF32:
 1319 04f1 705F6F6C 		.ascii	"p_older\000"
 1319      64657200 
 1320              	.LASF50:
 1321 04f9 72656164 		.ascii	"ready_list_t\000"
 1321      795F6C69 
 1321      73745F74 
 1321      00
 1322              	.LASF66:
 1323 0506 76697274 		.ascii	"virtual_timers_list_t\000"
 1323      75616C5F 
 1323      74696D65 
 1323      72735F6C 
 1323      6973745F 
 1324              	.LASF37:
 1325 051c 705F7265 		.ascii	"p_refs\000"
 1325      667300
 1326              	.LASF51:
 1327 0523 63685F72 		.ascii	"ch_ready_list\000"
 1327      65616479 
 1327      5F6C6973 
 1327      7400
 1328              	.LASF30:
 1329 0531 705F6374 		.ascii	"p_ctx\000"
 1329      7800
 1330              	.LASF102:
 1331 0537 49544D5F 		.ascii	"ITM_RxBuffer\000"
 1331      52784275 
 1331      66666572 
 1331      00
 1332              	.LASF98:
 1333 0544 6D5F6F77 		.ascii	"m_owner\000"
 1333      6E657200 
 1334              	.LASF85:
 1335 054c 7264796D 		.ascii	"rdymsg\000"
 1335      736700
 1336              	.LASF22:
 1337 0553 6D73675F 		.ascii	"msg_t\000"
 1337      7400
 1338              	.LASF91:
 1339 0559 77746D74 		.ascii	"wtmtxp\000"
 1339      787000
 1340              	.LASF45:
 1341 0560 74687265 		.ascii	"threads_list_t\000"
ARM GAS  /tmp/ccMDTIRm.s 			page 29


 1341      6164735F 
 1341      6C697374 
 1341      5F7400
 1342              		.comm	__gnu_lto_v1,1,1
 1343              		.ident	"GCC: (GNU Tools for ARM Embedded Processors) 4.8.4 20140526 (release) [ARM/embedded-4_8-br
ARM GAS  /tmp/ccMDTIRm.s 			page 30


DEFINED SYMBOLS
                            *ABS*:00000000 chdebug.c
                            *COM*:00000001 __gnu_lto_v1

NO UNDEFINED SYMBOLS
