ARM GAS  /tmp/ccjGEbWt.s 			page 1


   1              		.syntax unified
   2              		.cpu cortex-m4
   3              		.fpu softvfp
   4              		.eabi_attribute 20, 1
   5              		.eabi_attribute 21, 1
   6              		.eabi_attribute 23, 3
   7              		.eabi_attribute 24, 1
   8              		.eabi_attribute 25, 1
   9              		.eabi_attribute 26, 1
  10              		.eabi_attribute 30, 6
  11              		.eabi_attribute 34, 1
  12              		.eabi_attribute 18, 4
  13              		.thumb
  14              		.file	"hal_mmcsd.c"
  15              		.text
  16              	.Ltext0:
  17              		.section	.gnu.lto_.inline.a3538357d71a850a,"",%progbits
  18 0000 789C6362 		.ascii	"x\234cb`b\300\006\020\242\000\000\272\000\007"
  18      6062C006 
  18      10A20000 
  18      BA0007
  19              		.text
  20              		.section	.gnu.lto_.symbol_nodes.a3538357d71a850a,"",%progbits
  21 0000 789C6362 		.ascii	"x\234cb`\002B\030\000\000\000V\000\007"
  21      60024218 
  21      00000056 
  21      0007
  22              		.text
  23              		.section	.gnu.lto_.refs.a3538357d71a850a,"",%progbits
  24 0000 789C6362 		.ascii	"x\234cb`b`d\200\002\000\000F\000\006"
  24      60626064 
  24      80020000 
  24      460006
  25              		.text
  26              		.section	.gnu.lto_.decls.a3538357d71a850a,"",%progbits
  27 0000 789C6362 		.ascii	"x\234cb`bPa``\370\017\004@\212\201\021\212\355\030\010"
  27      60625061 
  27      6060F80F 
  27      04408A81 
  27      118AED18 
  28 0015 0000CE1B 		.ascii	"\000\000\316\033\004e"
  28      0465
  29              		.text
  30              		.section	.gnu.lto_.symtab.a3538357d71a850a,"",%progbits
  31              		.text
  32              		.section	.gnu.lto_.opts,"",%progbits
  33 0000 272D6D63 		.ascii	"'-mcpu=cortex-m4' '-mno-thumb-interwork' '-mthumb' "
  33      70753D63 
  33      6F727465 
  33      782D6D34 
  33      2720272D 
  34 0033 272D6767 		.ascii	"'-ggdb' '-O0' '-fomit-frame-pointer' '-falign-funct"
  34      64622720 
  34      272D4F30 
  34      2720272D 
  34      666F6D69 
  35 0066 696F6E73 		.ascii	"ions=16' '-ffunction-sections' '-fdata-sections' '-"
ARM GAS  /tmp/ccjGEbWt.s 			page 2


  35      3D313627 
  35      20272D66 
  35      66756E63 
  35      74696F6E 
  36 0099 666E6F2D 		.ascii	"fno-common' '-flto'\000"
  36      636F6D6D 
  36      6F6E2720 
  36      272D666C 
  36      746F2700 
  37              		.text
  38              		.cfi_sections	.debug_frame
  39              	.Letext0:
  40              		.file 1 "/nfs/nfs5/home/research/hardware/arm2/gcc-arm-embedded/gcc-arm-none-eabi-4_8-2014q2/arm-n
  41              		.file 2 "/nfs/nfs5/home/research/hardware/arm2/gcc-arm-embedded/gcc-arm-none-eabi-4_8-2014q2/arm-n
  42              		.file 3 "../ChibiOS/os/rt/ports/ARMCMx/compilers/GCC/chtypes.h"
  43              		.file 4 "../ChibiOS/os/rt/include/chsystypes.h"
  44              		.file 5 "../ChibiOS/os/rt/include/chschd.h"
  45              		.file 6 "../ChibiOS/os/rt/ports/ARMCMx/chcore.h"
  46              		.file 7 "../ChibiOS/os/rt/ports/ARMCMx/chcore_v7m.h"
  47              		.file 8 "../ChibiOS/os/rt/include/chtm.h"
  48              		.file 9 "../ChibiOS/os/rt/include/chsem.h"
  49              		.file 10 "../ChibiOS/os/rt/include/chmtx.h"
  50              		.file 11 "../ChibiOS/os/ext/CMSIS/include/core_cm4.h"
  51              		.section	.debug_info,"",%progbits
  52              	.Ldebug_info0:
  53 0000 3F060000 		.4byte	0x63f
  54 0004 0400     		.2byte	0x4
  55 0006 00000000 		.4byte	.Ldebug_abbrev0
  56 000a 04       		.byte	0x4
  57 000b 01       		.uleb128 0x1
  58 000c E4000000 		.4byte	.LASF104
  59 0010 01       		.byte	0x1
  60 0011 0E020000 		.4byte	.LASF105
  61 0015 71030000 		.4byte	.LASF106
  62 0019 00000000 		.4byte	.Ldebug_line0
  63 001d 02       		.uleb128 0x2
  64 001e 04       		.byte	0x4
  65 001f 05       		.byte	0x5
  66 0020 696E7400 		.ascii	"int\000"
  67 0024 03       		.uleb128 0x3
  68 0025 04       		.byte	0x4
  69 0026 07       		.byte	0x7
  70 0027 04030000 		.4byte	.LASF0
  71 002b 03       		.uleb128 0x3
  72 002c 01       		.byte	0x1
  73 002d 06       		.byte	0x6
  74 002e D0020000 		.4byte	.LASF1
  75 0032 04       		.uleb128 0x4
  76 0033 79020000 		.4byte	.LASF5
  77 0037 01       		.byte	0x1
  78 0038 1C       		.byte	0x1c
  79 0039 3D000000 		.4byte	0x3d
  80 003d 03       		.uleb128 0x3
  81 003e 01       		.byte	0x1
  82 003f 08       		.byte	0x8
  83 0040 BB020000 		.4byte	.LASF2
  84 0044 03       		.uleb128 0x3
ARM GAS  /tmp/ccjGEbWt.s 			page 3


  85 0045 02       		.byte	0x2
  86 0046 05       		.byte	0x5
  87 0047 3D000000 		.4byte	.LASF3
  88 004b 03       		.uleb128 0x3
  89 004c 02       		.byte	0x2
  90 004d 07       		.byte	0x7
  91 004e 72040000 		.4byte	.LASF4
  92 0052 04       		.uleb128 0x4
  93 0053 B7040000 		.4byte	.LASF6
  94 0057 01       		.byte	0x1
  95 0058 37       		.byte	0x37
  96 0059 5D000000 		.4byte	0x5d
  97 005d 03       		.uleb128 0x3
  98 005e 04       		.byte	0x4
  99 005f 05       		.byte	0x5
 100 0060 38020000 		.4byte	.LASF7
 101 0064 04       		.uleb128 0x4
 102 0065 85040000 		.4byte	.LASF8
 103 0069 01       		.byte	0x1
 104 006a 38       		.byte	0x38
 105 006b 6F000000 		.4byte	0x6f
 106 006f 03       		.uleb128 0x3
 107 0070 04       		.byte	0x4
 108 0071 07       		.byte	0x7
 109 0072 56040000 		.4byte	.LASF9
 110 0076 03       		.uleb128 0x3
 111 0077 08       		.byte	0x8
 112 0078 05       		.byte	0x5
 113 0079 F9010000 		.4byte	.LASF10
 114 007d 04       		.uleb128 0x4
 115 007e 2B040000 		.4byte	.LASF11
 116 0082 01       		.byte	0x1
 117 0083 4E       		.byte	0x4e
 118 0084 88000000 		.4byte	0x88
 119 0088 03       		.uleb128 0x3
 120 0089 08       		.byte	0x8
 121 008a 07       		.byte	0x7
 122 008b E4020000 		.4byte	.LASF12
 123 008f 04       		.uleb128 0x4
 124 0090 C2000000 		.4byte	.LASF13
 125 0094 02       		.byte	0x2
 126 0095 2A       		.byte	0x2a
 127 0096 32000000 		.4byte	0x32
 128 009a 04       		.uleb128 0x4
 129 009b FE030000 		.4byte	.LASF14
 130 009f 02       		.byte	0x2
 131 00a0 41       		.byte	0x41
 132 00a1 52000000 		.4byte	0x52
 133 00a5 04       		.uleb128 0x4
 134 00a6 DB000000 		.4byte	.LASF15
 135 00aa 02       		.byte	0x2
 136 00ab 42       		.byte	0x42
 137 00ac 64000000 		.4byte	0x64
 138 00b0 04       		.uleb128 0x4
 139 00b1 29000000 		.4byte	.LASF16
 140 00b5 02       		.byte	0x2
 141 00b6 4E       		.byte	0x4e
ARM GAS  /tmp/ccjGEbWt.s 			page 4


 142 00b7 7D000000 		.4byte	0x7d
 143 00bb 04       		.uleb128 0x4
 144 00bc 91000000 		.4byte	.LASF17
 145 00c0 03       		.byte	0x3
 146 00c1 39       		.byte	0x39
 147 00c2 A5000000 		.4byte	0xa5
 148 00c6 04       		.uleb128 0x4
 149 00c7 F1010000 		.4byte	.LASF18
 150 00cb 03       		.byte	0x3
 151 00cc 3C       		.byte	0x3c
 152 00cd 8F000000 		.4byte	0x8f
 153 00d1 04       		.uleb128 0x4
 154 00d2 DB040000 		.4byte	.LASF19
 155 00d6 03       		.byte	0x3
 156 00d7 3D       		.byte	0x3d
 157 00d8 8F000000 		.4byte	0x8f
 158 00dc 04       		.uleb128 0x4
 159 00dd 09000000 		.4byte	.LASF20
 160 00e1 03       		.byte	0x3
 161 00e2 3E       		.byte	0x3e
 162 00e3 8F000000 		.4byte	0x8f
 163 00e7 04       		.uleb128 0x4
 164 00e8 30020000 		.4byte	.LASF21
 165 00ec 03       		.byte	0x3
 166 00ed 40       		.byte	0x40
 167 00ee A5000000 		.4byte	0xa5
 168 00f2 04       		.uleb128 0x4
 169 00f3 5C050000 		.4byte	.LASF22
 170 00f7 03       		.byte	0x3
 171 00f8 41       		.byte	0x41
 172 00f9 9A000000 		.4byte	0x9a
 173 00fd 04       		.uleb128 0x4
 174 00fe 6C000000 		.4byte	.LASF23
 175 0102 03       		.byte	0x3
 176 0103 43       		.byte	0x43
 177 0104 A5000000 		.4byte	0xa5
 178 0108 04       		.uleb128 0x4
 179 0109 0D040000 		.4byte	.LASF24
 180 010d 03       		.byte	0x3
 181 010e 45       		.byte	0x45
 182 010f 9A000000 		.4byte	0x9a
 183 0113 04       		.uleb128 0x4
 184 0114 D0030000 		.4byte	.LASF25
 185 0118 04       		.byte	0x4
 186 0119 33       		.byte	0x33
 187 011a A5000000 		.4byte	0xa5
 188 011e 04       		.uleb128 0x4
 189 011f 00000000 		.4byte	.LASF26
 190 0123 04       		.byte	0x4
 191 0124 3F       		.byte	0x3f
 192 0125 29010000 		.4byte	0x129
 193 0129 05       		.uleb128 0x5
 194 012a E7010000 		.4byte	.LASF46
 195 012e 44       		.byte	0x44
 196 012f 05       		.byte	0x5
 197 0130 C2       		.byte	0xc2
 198 0131 15020000 		.4byte	0x215
ARM GAS  /tmp/ccjGEbWt.s 			page 5


 199 0135 06       		.uleb128 0x6
 200 0136 8A000000 		.4byte	.LASF27
 201 013a 05       		.byte	0x5
 202 013b C3       		.byte	0xc3
 203 013c 20020000 		.4byte	0x220
 204 0140 00       		.byte	0
 205 0141 06       		.uleb128 0x6
 206 0142 5F000000 		.4byte	.LASF28
 207 0146 05       		.byte	0x5
 208 0147 C5       		.byte	0xc5
 209 0148 20020000 		.4byte	0x220
 210 014c 04       		.byte	0x4
 211 014d 06       		.uleb128 0x6
 212 014e 83000000 		.4byte	.LASF29
 213 0152 05       		.byte	0x5
 214 0153 C7       		.byte	0xc7
 215 0154 E7000000 		.4byte	0xe7
 216 0158 08       		.byte	0x8
 217 0159 06       		.uleb128 0x6
 218 015a 2B050000 		.4byte	.LASF30
 219 015e 05       		.byte	0x5
 220 015f C8       		.byte	0xc8
 221 0160 50040000 		.4byte	0x450
 222 0164 0C       		.byte	0xc
 223 0165 06       		.uleb128 0x6
 224 0166 DC020000 		.4byte	.LASF31
 225 016a 05       		.byte	0x5
 226 016b CA       		.byte	0xca
 227 016c 20020000 		.4byte	0x220
 228 0170 10       		.byte	0x10
 229 0171 06       		.uleb128 0x6
 230 0172 01050000 		.4byte	.LASF32
 231 0176 05       		.byte	0x5
 232 0177 CB       		.byte	0xcb
 233 0178 20020000 		.4byte	0x220
 234 017c 14       		.byte	0x14
 235 017d 06       		.uleb128 0x6
 236 017e 40040000 		.4byte	.LASF33
 237 0182 05       		.byte	0x5
 238 0183 D2       		.byte	0xd2
 239 0184 DB050000 		.4byte	0x5db
 240 0188 18       		.byte	0x18
 241 0189 06       		.uleb128 0x6
 242 018a 4E030000 		.4byte	.LASF34
 243 018e 05       		.byte	0x5
 244 018f D8       		.byte	0xd8
 245 0190 ED050000 		.4byte	0x5ed
 246 0194 1C       		.byte	0x1c
 247 0195 06       		.uleb128 0x6
 248 0196 13040000 		.4byte	.LASF35
 249 019a 05       		.byte	0x5
 250 019b DD       		.byte	0xdd
 251 019c D1000000 		.4byte	0xd1
 252 01a0 20       		.byte	0x20
 253 01a1 06       		.uleb128 0x6
 254 01a2 AD020000 		.4byte	.LASF36
 255 01a6 05       		.byte	0x5
ARM GAS  /tmp/ccjGEbWt.s 			page 6


 256 01a7 E1       		.byte	0xe1
 257 01a8 C6000000 		.4byte	0xc6
 258 01ac 21       		.byte	0x21
 259 01ad 06       		.uleb128 0x6
 260 01ae 16050000 		.4byte	.LASF37
 261 01b2 05       		.byte	0x5
 262 01b3 E6       		.byte	0xe6
 263 01b4 DC000000 		.4byte	0xdc
 264 01b8 22       		.byte	0x22
 265 01b9 07       		.uleb128 0x7
 266 01ba 705F7500 		.ascii	"p_u\000"
 267 01be 05       		.byte	0x5
 268 01bf 3701     		.2byte	0x137
 269 01c1 0A050000 		.4byte	0x50a
 270 01c5 24       		.byte	0x24
 271 01c6 08       		.uleb128 0x8
 272 01c7 21040000 		.4byte	.LASF38
 273 01cb 05       		.byte	0x5
 274 01cc 3C01     		.2byte	0x13c
 275 01ce 26020000 		.4byte	0x226
 276 01d2 28       		.byte	0x28
 277 01d3 08       		.uleb128 0x8
 278 01d4 78000000 		.4byte	.LASF39
 279 01d8 05       		.byte	0x5
 280 01d9 4201     		.2byte	0x142
 281 01db 4A020000 		.4byte	0x24a
 282 01df 2C       		.byte	0x2c
 283 01e0 08       		.uleb128 0x8
 284 01e1 C4010000 		.4byte	.LASF40
 285 01e5 05       		.byte	0x5
 286 01e6 4801     		.2byte	0x148
 287 01e8 FD000000 		.4byte	0xfd
 288 01ec 34       		.byte	0x34
 289 01ed 08       		.uleb128 0x8
 290 01ee 36040000 		.4byte	.LASF41
 291 01f2 05       		.byte	0x5
 292 01f3 4F01     		.2byte	0x14f
 293 01f5 D5050000 		.4byte	0x5d5
 294 01f9 38       		.byte	0x38
 295 01fa 08       		.uleb128 0x8
 296 01fb C5030000 		.4byte	.LASF42
 297 01ff 05       		.byte	0x5
 298 0200 5301     		.2byte	0x153
 299 0202 E7000000 		.4byte	0xe7
 300 0206 3C       		.byte	0x3c
 301 0207 08       		.uleb128 0x8
 302 0208 46050000 		.4byte	.LASF43
 303 020c 05       		.byte	0x5
 304 020d 5A01     		.2byte	0x15a
 305 020f FD020000 		.4byte	0x2fd
 306 0213 40       		.byte	0x40
 307 0214 00       		.byte	0
 308 0215 04       		.uleb128 0x4
 309 0216 C1040000 		.4byte	.LASF44
 310 021a 04       		.byte	0x4
 311 021b 44       		.byte	0x44
 312 021c 20020000 		.4byte	0x220
ARM GAS  /tmp/ccjGEbWt.s 			page 7


 313 0220 09       		.uleb128 0x9
 314 0221 04       		.byte	0x4
 315 0222 1E010000 		.4byte	0x11e
 316 0226 04       		.uleb128 0x4
 317 0227 69050000 		.4byte	.LASF45
 318 022b 04       		.byte	0x4
 319 022c 49       		.byte	0x49
 320 022d 31020000 		.4byte	0x231
 321 0231 05       		.uleb128 0x5
 322 0232 93020000 		.4byte	.LASF47
 323 0236 04       		.byte	0x4
 324 0237 05       		.byte	0x5
 325 0238 B0       		.byte	0xb0
 326 0239 4A020000 		.4byte	0x24a
 327 023d 06       		.uleb128 0x6
 328 023e 8A000000 		.4byte	.LASF27
 329 0242 05       		.byte	0x5
 330 0243 B1       		.byte	0xb1
 331 0244 20020000 		.4byte	0x220
 332 0248 00       		.byte	0
 333 0249 00       		.byte	0
 334 024a 04       		.uleb128 0x4
 335 024b 59030000 		.4byte	.LASF48
 336 024f 04       		.byte	0x4
 337 0250 50       		.byte	0x50
 338 0251 55020000 		.4byte	0x255
 339 0255 05       		.uleb128 0x5
 340 0256 CA000000 		.4byte	.LASF49
 341 025a 08       		.byte	0x8
 342 025b 05       		.byte	0x5
 343 025c B7       		.byte	0xb7
 344 025d 7A020000 		.4byte	0x27a
 345 0261 06       		.uleb128 0x6
 346 0262 8A000000 		.4byte	.LASF27
 347 0266 05       		.byte	0x5
 348 0267 B8       		.byte	0xb8
 349 0268 20020000 		.4byte	0x220
 350 026c 00       		.byte	0
 351 026d 06       		.uleb128 0x6
 352 026e 5F000000 		.4byte	.LASF28
 353 0272 05       		.byte	0x5
 354 0273 B9       		.byte	0xb9
 355 0274 20020000 		.4byte	0x220
 356 0278 04       		.byte	0x4
 357 0279 00       		.byte	0
 358 027a 04       		.uleb128 0x4
 359 027b 09050000 		.4byte	.LASF50
 360 027f 04       		.byte	0x4
 361 0280 57       		.byte	0x57
 362 0281 85020000 		.4byte	0x285
 363 0285 0A       		.uleb128 0xa
 364 0286 1D050000 		.4byte	.LASF51
 365 028a 1C       		.byte	0x1c
 366 028b 05       		.byte	0x5
 367 028c 9201     		.2byte	0x192
 368 028e E1020000 		.4byte	0x2e1
 369 0292 08       		.uleb128 0x8
ARM GAS  /tmp/ccjGEbWt.s 			page 8


 370 0293 47000000 		.4byte	.LASF52
 371 0297 05       		.byte	0x5
 372 0298 9301     		.2byte	0x193
 373 029a 4A020000 		.4byte	0x24a
 374 029e 00       		.byte	0
 375 029f 08       		.uleb128 0x8
 376 02a0 06040000 		.4byte	.LASF53
 377 02a4 05       		.byte	0x5
 378 02a5 9401     		.2byte	0x194
 379 02a7 E7000000 		.4byte	0xe7
 380 02ab 08       		.byte	0x8
 381 02ac 08       		.uleb128 0x8
 382 02ad 66000000 		.4byte	.LASF54
 383 02b1 05       		.byte	0x5
 384 02b2 9601     		.2byte	0x196
 385 02b4 50040000 		.4byte	0x450
 386 02b8 0C       		.byte	0xc
 387 02b9 08       		.uleb128 0x8
 388 02ba 69030000 		.4byte	.LASF55
 389 02be 05       		.byte	0x5
 390 02bf 9901     		.2byte	0x199
 391 02c1 20020000 		.4byte	0x220
 392 02c5 10       		.byte	0x10
 393 02c6 08       		.uleb128 0x8
 394 02c7 11000000 		.4byte	.LASF56
 395 02cb 05       		.byte	0x5
 396 02cc 9A01     		.2byte	0x19a
 397 02ce 20020000 		.4byte	0x220
 398 02d2 14       		.byte	0x14
 399 02d3 08       		.uleb128 0x8
 400 02d4 A3020000 		.4byte	.LASF57
 401 02d8 05       		.byte	0x5
 402 02d9 9D01     		.2byte	0x19d
 403 02db 20020000 		.4byte	0x220
 404 02df 18       		.byte	0x18
 405 02e0 00       		.byte	0
 406 02e1 04       		.uleb128 0x4
 407 02e2 F8040000 		.4byte	.LASF58
 408 02e6 04       		.byte	0x4
 409 02e7 5C       		.byte	0x5c
 410 02e8 EC020000 		.4byte	0x2ec
 411 02ec 09       		.uleb128 0x9
 412 02ed 04       		.byte	0x4
 413 02ee F2020000 		.4byte	0x2f2
 414 02f2 0B       		.uleb128 0xb
 415 02f3 FD020000 		.4byte	0x2fd
 416 02f7 0C       		.uleb128 0xc
 417 02f8 FD020000 		.4byte	0x2fd
 418 02fc 00       		.byte	0
 419 02fd 0D       		.uleb128 0xd
 420 02fe 04       		.byte	0x4
 421 02ff 04       		.uleb128 0x4
 422 0300 52020000 		.4byte	.LASF59
 423 0304 04       		.byte	0x4
 424 0305 61       		.byte	0x61
 425 0306 0A030000 		.4byte	0x30a
 426 030a 0A       		.uleb128 0xa
ARM GAS  /tmp/ccjGEbWt.s 			page 9


 427 030b ED030000 		.4byte	.LASF60
 428 030f 14       		.byte	0x14
 429 0310 05       		.byte	0x5
 430 0311 6D01     		.2byte	0x16d
 431 0313 59030000 		.4byte	0x359
 432 0317 08       		.uleb128 0x8
 433 0318 30030000 		.4byte	.LASF61
 434 031c 05       		.byte	0x5
 435 031d 6E01     		.2byte	0x16e
 436 031f F3050000 		.4byte	0x5f3
 437 0323 00       		.byte	0
 438 0324 08       		.uleb128 0x8
 439 0325 AF040000 		.4byte	.LASF62
 440 0329 05       		.byte	0x5
 441 032a 6F01     		.2byte	0x16f
 442 032c F3050000 		.4byte	0x5f3
 443 0330 04       		.byte	0x4
 444 0331 08       		.uleb128 0x8
 445 0332 BC030000 		.4byte	.LASF63
 446 0336 05       		.byte	0x5
 447 0337 7001     		.2byte	0x170
 448 0339 13010000 		.4byte	0x113
 449 033d 08       		.byte	0x8
 450 033e 08       		.uleb128 0x8
 451 033f B1000000 		.4byte	.LASF64
 452 0343 05       		.byte	0x5
 453 0344 7101     		.2byte	0x171
 454 0346 E1020000 		.4byte	0x2e1
 455 034a 0C       		.byte	0xc
 456 034b 08       		.uleb128 0x8
 457 034c AA000000 		.4byte	.LASF65
 458 0350 05       		.byte	0x5
 459 0351 7301     		.2byte	0x173
 460 0353 FD020000 		.4byte	0x2fd
 461 0357 10       		.byte	0x10
 462 0358 00       		.byte	0
 463 0359 04       		.uleb128 0x4
 464 035a 38030000 		.4byte	.LASF66
 465 035e 04       		.byte	0x4
 466 035f 66       		.byte	0x66
 467 0360 64030000 		.4byte	0x364
 468 0364 0A       		.uleb128 0xa
 469 0365 11030000 		.4byte	.LASF67
 470 0369 10       		.byte	0x10
 471 036a 05       		.byte	0x5
 472 036b 7D01     		.2byte	0x17d
 473 036d A6030000 		.4byte	0x3a6
 474 0371 08       		.uleb128 0x8
 475 0372 30030000 		.4byte	.LASF61
 476 0376 05       		.byte	0x5
 477 0377 7E01     		.2byte	0x17e
 478 0379 F3050000 		.4byte	0x5f3
 479 037d 00       		.byte	0
 480 037e 08       		.uleb128 0x8
 481 037f AF040000 		.4byte	.LASF62
 482 0383 05       		.byte	0x5
 483 0384 8001     		.2byte	0x180
ARM GAS  /tmp/ccjGEbWt.s 			page 10


 484 0386 F3050000 		.4byte	0x5f3
 485 038a 04       		.byte	0x4
 486 038b 08       		.uleb128 0x8
 487 038c BC030000 		.4byte	.LASF63
 488 0390 05       		.byte	0x5
 489 0391 8201     		.2byte	0x182
 490 0393 13010000 		.4byte	0x113
 491 0397 08       		.byte	0x8
 492 0398 08       		.uleb128 0x8
 493 0399 DB010000 		.4byte	.LASF68
 494 039d 05       		.byte	0x5
 495 039e 8A01     		.2byte	0x18a
 496 03a0 13010000 		.4byte	0x113
 497 03a4 0C       		.byte	0xc
 498 03a5 00       		.byte	0
 499 03a6 04       		.uleb128 0x4
 500 03a7 62020000 		.4byte	.LASF69
 501 03ab 04       		.byte	0x4
 502 03ac 6B       		.byte	0x6b
 503 03ad B1030000 		.4byte	0x3b1
 504 03b1 0A       		.uleb128 0xa
 505 03b2 19000000 		.4byte	.LASF70
 506 03b6 04       		.byte	0x4
 507 03b7 05       		.byte	0x5
 508 03b8 A401     		.2byte	0x1a4
 509 03ba CC030000 		.4byte	0x3cc
 510 03be 08       		.uleb128 0x8
 511 03bf 68040000 		.4byte	.LASF71
 512 03c3 05       		.byte	0x5
 513 03c4 AC01     		.2byte	0x1ac
 514 03c6 F9050000 		.4byte	0x5f9
 515 03ca 00       		.byte	0
 516 03cb 00       		.byte	0
 517 03cc 04       		.uleb128 0x4
 518 03cd CF010000 		.4byte	.LASF72
 519 03d1 04       		.byte	0x4
 520 03d2 70       		.byte	0x70
 521 03d3 D7030000 		.4byte	0x3d7
 522 03d7 0E       		.uleb128 0xe
 523 03d8 41020000 		.4byte	.LASF73
 524 03dc 5001     		.2byte	0x150
 525 03de 05       		.byte	0x5
 526 03df C401     		.2byte	0x1c4
 527 03e1 33040000 		.4byte	0x433
 528 03e5 08       		.uleb128 0x8
 529 03e6 DA030000 		.4byte	.LASF74
 530 03ea 05       		.byte	0x5
 531 03eb C801     		.2byte	0x1c8
 532 03ed 7A020000 		.4byte	0x27a
 533 03f1 00       		.byte	0
 534 03f2 08       		.uleb128 0x8
 535 03f3 55050000 		.4byte	.LASF75
 536 03f7 05       		.byte	0x5
 537 03f8 CC01     		.2byte	0x1cc
 538 03fa 59030000 		.4byte	0x359
 539 03fe 1C       		.byte	0x1c
 540 03ff 07       		.uleb128 0x7
ARM GAS  /tmp/ccjGEbWt.s 			page 11


 541 0400 64626700 		.ascii	"dbg\000"
 542 0404 05       		.byte	0x5
 543 0405 D001     		.2byte	0x1d0
 544 0407 A6030000 		.4byte	0x3a6
 545 040b 2C       		.byte	0x2c
 546 040c 08       		.uleb128 0x8
 547 040d 32000000 		.4byte	.LASF76
 548 0411 05       		.byte	0x5
 549 0412 D401     		.2byte	0x1d4
 550 0414 1E010000 		.4byte	0x11e
 551 0418 30       		.byte	0x30
 552 0419 07       		.uleb128 0x7
 553 041a 746D00   		.ascii	"tm\000"
 554 041d 05       		.byte	0x5
 555 041e D901     		.2byte	0x1d9
 556 0420 FF040000 		.4byte	0x4ff
 557 0424 74       		.byte	0x74
 558 0425 08       		.uleb128 0x8
 559 0426 47040000 		.4byte	.LASF77
 560 042a 05       		.byte	0x5
 561 042b E501     		.2byte	0x1e5
 562 042d FE050000 		.4byte	0x5fe
 563 0431 78       		.byte	0x78
 564 0432 00       		.byte	0
 565 0433 03       		.uleb128 0x3
 566 0434 04       		.byte	0x4
 567 0435 07       		.byte	0x7
 568 0436 56000000 		.4byte	.LASF78
 569 043a 04       		.uleb128 0x4
 570 043b B9000000 		.4byte	.LASF79
 571 043f 06       		.byte	0x6
 572 0440 65       		.byte	0x65
 573 0441 FD020000 		.4byte	0x2fd
 574 0445 04       		.uleb128 0x4
 575 0446 E4040000 		.4byte	.LASF80
 576 044a 06       		.byte	0x6
 577 044b 6D       		.byte	0x6d
 578 044c B0000000 		.4byte	0xb0
 579 0450 05       		.uleb128 0x5
 580 0451 83020000 		.4byte	.LASF81
 581 0455 04       		.byte	0x4
 582 0456 06       		.byte	0x6
 583 0457 89       		.byte	0x89
 584 0458 69040000 		.4byte	0x469
 585 045c 0F       		.uleb128 0xf
 586 045d 72313300 		.ascii	"r13\000"
 587 0461 06       		.byte	0x6
 588 0462 8A       		.byte	0x8a
 589 0463 E4040000 		.4byte	0x4e4
 590 0467 00       		.byte	0
 591 0468 00       		.byte	0
 592 0469 05       		.uleb128 0x5
 593 046a A3040000 		.4byte	.LASF82
 594 046e 24       		.byte	0x24
 595 046f 07       		.byte	0x7
 596 0470 FD       		.byte	0xfd
 597 0471 E4040000 		.4byte	0x4e4
ARM GAS  /tmp/ccjGEbWt.s 			page 12


 598 0475 07       		.uleb128 0x7
 599 0476 723400   		.ascii	"r4\000"
 600 0479 07       		.byte	0x7
 601 047a 1001     		.2byte	0x110
 602 047c 3A040000 		.4byte	0x43a
 603 0480 00       		.byte	0
 604 0481 07       		.uleb128 0x7
 605 0482 723500   		.ascii	"r5\000"
 606 0485 07       		.byte	0x7
 607 0486 1101     		.2byte	0x111
 608 0488 3A040000 		.4byte	0x43a
 609 048c 04       		.byte	0x4
 610 048d 07       		.uleb128 0x7
 611 048e 723600   		.ascii	"r6\000"
 612 0491 07       		.byte	0x7
 613 0492 1201     		.2byte	0x112
 614 0494 3A040000 		.4byte	0x43a
 615 0498 08       		.byte	0x8
 616 0499 07       		.uleb128 0x7
 617 049a 723700   		.ascii	"r7\000"
 618 049d 07       		.byte	0x7
 619 049e 1301     		.2byte	0x113
 620 04a0 3A040000 		.4byte	0x43a
 621 04a4 0C       		.byte	0xc
 622 04a5 07       		.uleb128 0x7
 623 04a6 723800   		.ascii	"r8\000"
 624 04a9 07       		.byte	0x7
 625 04aa 1401     		.2byte	0x114
 626 04ac 3A040000 		.4byte	0x43a
 627 04b0 10       		.byte	0x10
 628 04b1 07       		.uleb128 0x7
 629 04b2 723900   		.ascii	"r9\000"
 630 04b5 07       		.byte	0x7
 631 04b6 1501     		.2byte	0x115
 632 04b8 3A040000 		.4byte	0x43a
 633 04bc 14       		.byte	0x14
 634 04bd 07       		.uleb128 0x7
 635 04be 72313000 		.ascii	"r10\000"
 636 04c2 07       		.byte	0x7
 637 04c3 1601     		.2byte	0x116
 638 04c5 3A040000 		.4byte	0x43a
 639 04c9 18       		.byte	0x18
 640 04ca 07       		.uleb128 0x7
 641 04cb 72313100 		.ascii	"r11\000"
 642 04cf 07       		.byte	0x7
 643 04d0 1701     		.2byte	0x117
 644 04d2 3A040000 		.4byte	0x43a
 645 04d6 1C       		.byte	0x1c
 646 04d7 07       		.uleb128 0x7
 647 04d8 6C7200   		.ascii	"lr\000"
 648 04db 07       		.byte	0x7
 649 04dc 1801     		.2byte	0x118
 650 04de 3A040000 		.4byte	0x43a
 651 04e2 20       		.byte	0x20
 652 04e3 00       		.byte	0
 653 04e4 09       		.uleb128 0x9
 654 04e5 04       		.byte	0x4
ARM GAS  /tmp/ccjGEbWt.s 			page 13


 655 04e6 69040000 		.4byte	0x469
 656 04ea 10       		.uleb128 0x10
 657 04eb 04       		.byte	0x4
 658 04ec 08       		.byte	0x8
 659 04ed 38       		.byte	0x38
 660 04ee FF040000 		.4byte	0x4ff
 661 04f2 06       		.uleb128 0x6
 662 04f3 4B020000 		.4byte	.LASF83
 663 04f7 08       		.byte	0x8
 664 04f8 3C       		.byte	0x3c
 665 04f9 BB000000 		.4byte	0xbb
 666 04fd 00       		.byte	0
 667 04fe 00       		.byte	0
 668 04ff 04       		.uleb128 0x4
 669 0500 99000000 		.4byte	.LASF84
 670 0504 08       		.byte	0x8
 671 0505 3D       		.byte	0x3d
 672 0506 EA040000 		.4byte	0x4ea
 673 050a 11       		.uleb128 0x11
 674 050b 04       		.byte	0x4
 675 050c 05       		.byte	0x5
 676 050d FA       		.byte	0xfa
 677 050e 73050000 		.4byte	0x573
 678 0512 12       		.uleb128 0x12
 679 0513 4E050000 		.4byte	.LASF85
 680 0517 05       		.byte	0x5
 681 0518 0101     		.2byte	0x101
 682 051a F2000000 		.4byte	0xf2
 683 051e 12       		.uleb128 0x12
 684 051f EF040000 		.4byte	.LASF86
 685 0523 05       		.byte	0x5
 686 0524 0801     		.2byte	0x108
 687 0526 F2000000 		.4byte	0xf2
 688 052a 12       		.uleb128 0x12
 689 052b D4040000 		.4byte	.LASF87
 690 052f 05       		.byte	0x5
 691 0530 0F01     		.2byte	0x10f
 692 0532 FD020000 		.4byte	0x2fd
 693 0536 12       		.uleb128 0x12
 694 0537 90040000 		.4byte	.LASF88
 695 053b 05       		.byte	0x5
 696 053c 1601     		.2byte	0x116
 697 053e 73050000 		.4byte	0x573
 698 0542 12       		.uleb128 0x12
 699 0543 8B020000 		.4byte	.LASF89
 700 0547 05       		.byte	0x5
 701 0548 1B01     		.2byte	0x11b
 702 054a F2000000 		.4byte	0xf2
 703 054e 12       		.uleb128 0x12
 704 054f 07020000 		.4byte	.LASF90
 705 0553 05       		.byte	0x5
 706 0554 2401     		.2byte	0x124
 707 0556 9E050000 		.4byte	0x59e
 708 055a 12       		.uleb128 0x12
 709 055b 62050000 		.4byte	.LASF91
 710 055f 05       		.byte	0x5
 711 0560 2D01     		.2byte	0x12d
ARM GAS  /tmp/ccjGEbWt.s 			page 14


 712 0562 D5050000 		.4byte	0x5d5
 713 0566 12       		.uleb128 0x12
 714 0567 C9020000 		.4byte	.LASF92
 715 056b 05       		.byte	0x5
 716 056c 3501     		.2byte	0x135
 717 056e FD000000 		.4byte	0xfd
 718 0572 00       		.byte	0
 719 0573 09       		.uleb128 0x9
 720 0574 04       		.byte	0x4
 721 0575 15020000 		.4byte	0x215
 722 0579 05       		.uleb128 0x5
 723 057a 96040000 		.4byte	.LASF93
 724 057e 0C       		.byte	0xc
 725 057f 09       		.byte	0x9
 726 0580 34       		.byte	0x34
 727 0581 9E050000 		.4byte	0x59e
 728 0585 06       		.uleb128 0x6
 729 0586 E5030000 		.4byte	.LASF94
 730 058a 09       		.byte	0x9
 731 058b 35       		.byte	0x35
 732 058c 4A020000 		.4byte	0x24a
 733 0590 00       		.byte	0
 734 0591 06       		.uleb128 0x6
 735 0592 B5020000 		.4byte	.LASF95
 736 0596 09       		.byte	0x9
 737 0597 37       		.byte	0x37
 738 0598 08010000 		.4byte	0x108
 739 059c 08       		.byte	0x8
 740 059d 00       		.byte	0
 741 059e 09       		.uleb128 0x9
 742 059f 04       		.byte	0x4
 743 05a0 79050000 		.4byte	0x579
 744 05a4 05       		.uleb128 0x5
 745 05a5 FB020000 		.4byte	.LASF96
 746 05a9 10       		.byte	0x10
 747 05aa 0A       		.byte	0xa
 748 05ab 39       		.byte	0x39
 749 05ac D5050000 		.4byte	0x5d5
 750 05b0 06       		.uleb128 0x6
 751 05b1 71020000 		.4byte	.LASF97
 752 05b5 0A       		.byte	0xa
 753 05b6 3A       		.byte	0x3a
 754 05b7 4A020000 		.4byte	0x24a
 755 05bb 00       		.byte	0
 756 05bc 06       		.uleb128 0x6
 757 05bd 3E050000 		.4byte	.LASF98
 758 05c1 0A       		.byte	0xa
 759 05c2 3C       		.byte	0x3c
 760 05c3 20020000 		.4byte	0x220
 761 05c7 08       		.byte	0x8
 762 05c8 06       		.uleb128 0x6
 763 05c9 4F000000 		.4byte	.LASF99
 764 05cd 0A       		.byte	0xa
 765 05ce 3E       		.byte	0x3e
 766 05cf 19060000 		.4byte	0x619
 767 05d3 0C       		.byte	0xc
 768 05d4 00       		.byte	0
ARM GAS  /tmp/ccjGEbWt.s 			page 15


 769 05d5 09       		.uleb128 0x9
 770 05d6 04       		.byte	0x4
 771 05d7 A4050000 		.4byte	0x5a4
 772 05db 09       		.uleb128 0x9
 773 05dc 04       		.byte	0x4
 774 05dd E1050000 		.4byte	0x5e1
 775 05e1 13       		.uleb128 0x13
 776 05e2 E6050000 		.4byte	0x5e6
 777 05e6 03       		.uleb128 0x3
 778 05e7 01       		.byte	0x1
 779 05e8 08       		.byte	0x8
 780 05e9 E0030000 		.4byte	.LASF100
 781 05ed 09       		.uleb128 0x9
 782 05ee 04       		.byte	0x4
 783 05ef 45040000 		.4byte	0x445
 784 05f3 09       		.uleb128 0x9
 785 05f4 04       		.byte	0x4
 786 05f5 FF020000 		.4byte	0x2ff
 787 05f9 14       		.uleb128 0x14
 788 05fa DB050000 		.4byte	0x5db
 789 05fe 15       		.uleb128 0x15
 790 05ff 45040000 		.4byte	0x445
 791 0603 0E060000 		.4byte	0x60e
 792 0607 16       		.uleb128 0x16
 793 0608 33040000 		.4byte	0x433
 794 060c 1A       		.byte	0x1a
 795 060d 00       		.byte	0
 796 060e 04       		.uleb128 0x4
 797 060f 28030000 		.4byte	.LASF101
 798 0613 0A       		.byte	0xa
 799 0614 34       		.byte	0x34
 800 0615 A4050000 		.4byte	0x5a4
 801 0619 09       		.uleb128 0x9
 802 061a 04       		.byte	0x4
 803 061b 0E060000 		.4byte	0x60e
 804 061f 03       		.uleb128 0x3
 805 0620 01       		.byte	0x1
 806 0621 02       		.byte	0x2
 807 0622 1B040000 		.4byte	.LASF102
 808 0626 17       		.uleb128 0x17
 809 0627 31050000 		.4byte	.LASF103
 810 062b 0B       		.byte	0xb
 811 062c FA06     		.2byte	0x6fa
 812 062e 32060000 		.4byte	0x632
 813 0632 14       		.uleb128 0x14
 814 0633 9A000000 		.4byte	0x9a
 815 0637 18       		.uleb128 0x18
 816 0638 636800   		.ascii	"ch\000"
 817 063b 05       		.byte	0x5
 818 063c 0B02     		.2byte	0x20b
 819 063e CC030000 		.4byte	0x3cc
 820 0642 00       		.byte	0
 821              		.section	.debug_abbrev,"",%progbits
 822              	.Ldebug_abbrev0:
 823 0000 01       		.uleb128 0x1
 824 0001 11       		.uleb128 0x11
 825 0002 01       		.byte	0x1
ARM GAS  /tmp/ccjGEbWt.s 			page 16


 826 0003 25       		.uleb128 0x25
 827 0004 0E       		.uleb128 0xe
 828 0005 13       		.uleb128 0x13
 829 0006 0B       		.uleb128 0xb
 830 0007 03       		.uleb128 0x3
 831 0008 0E       		.uleb128 0xe
 832 0009 1B       		.uleb128 0x1b
 833 000a 0E       		.uleb128 0xe
 834 000b 10       		.uleb128 0x10
 835 000c 17       		.uleb128 0x17
 836 000d 00       		.byte	0
 837 000e 00       		.byte	0
 838 000f 02       		.uleb128 0x2
 839 0010 24       		.uleb128 0x24
 840 0011 00       		.byte	0
 841 0012 0B       		.uleb128 0xb
 842 0013 0B       		.uleb128 0xb
 843 0014 3E       		.uleb128 0x3e
 844 0015 0B       		.uleb128 0xb
 845 0016 03       		.uleb128 0x3
 846 0017 08       		.uleb128 0x8
 847 0018 00       		.byte	0
 848 0019 00       		.byte	0
 849 001a 03       		.uleb128 0x3
 850 001b 24       		.uleb128 0x24
 851 001c 00       		.byte	0
 852 001d 0B       		.uleb128 0xb
 853 001e 0B       		.uleb128 0xb
 854 001f 3E       		.uleb128 0x3e
 855 0020 0B       		.uleb128 0xb
 856 0021 03       		.uleb128 0x3
 857 0022 0E       		.uleb128 0xe
 858 0023 00       		.byte	0
 859 0024 00       		.byte	0
 860 0025 04       		.uleb128 0x4
 861 0026 16       		.uleb128 0x16
 862 0027 00       		.byte	0
 863 0028 03       		.uleb128 0x3
 864 0029 0E       		.uleb128 0xe
 865 002a 3A       		.uleb128 0x3a
 866 002b 0B       		.uleb128 0xb
 867 002c 3B       		.uleb128 0x3b
 868 002d 0B       		.uleb128 0xb
 869 002e 49       		.uleb128 0x49
 870 002f 13       		.uleb128 0x13
 871 0030 00       		.byte	0
 872 0031 00       		.byte	0
 873 0032 05       		.uleb128 0x5
 874 0033 13       		.uleb128 0x13
 875 0034 01       		.byte	0x1
 876 0035 03       		.uleb128 0x3
 877 0036 0E       		.uleb128 0xe
 878 0037 0B       		.uleb128 0xb
 879 0038 0B       		.uleb128 0xb
 880 0039 3A       		.uleb128 0x3a
 881 003a 0B       		.uleb128 0xb
 882 003b 3B       		.uleb128 0x3b
ARM GAS  /tmp/ccjGEbWt.s 			page 17


 883 003c 0B       		.uleb128 0xb
 884 003d 01       		.uleb128 0x1
 885 003e 13       		.uleb128 0x13
 886 003f 00       		.byte	0
 887 0040 00       		.byte	0
 888 0041 06       		.uleb128 0x6
 889 0042 0D       		.uleb128 0xd
 890 0043 00       		.byte	0
 891 0044 03       		.uleb128 0x3
 892 0045 0E       		.uleb128 0xe
 893 0046 3A       		.uleb128 0x3a
 894 0047 0B       		.uleb128 0xb
 895 0048 3B       		.uleb128 0x3b
 896 0049 0B       		.uleb128 0xb
 897 004a 49       		.uleb128 0x49
 898 004b 13       		.uleb128 0x13
 899 004c 38       		.uleb128 0x38
 900 004d 0B       		.uleb128 0xb
 901 004e 00       		.byte	0
 902 004f 00       		.byte	0
 903 0050 07       		.uleb128 0x7
 904 0051 0D       		.uleb128 0xd
 905 0052 00       		.byte	0
 906 0053 03       		.uleb128 0x3
 907 0054 08       		.uleb128 0x8
 908 0055 3A       		.uleb128 0x3a
 909 0056 0B       		.uleb128 0xb
 910 0057 3B       		.uleb128 0x3b
 911 0058 05       		.uleb128 0x5
 912 0059 49       		.uleb128 0x49
 913 005a 13       		.uleb128 0x13
 914 005b 38       		.uleb128 0x38
 915 005c 0B       		.uleb128 0xb
 916 005d 00       		.byte	0
 917 005e 00       		.byte	0
 918 005f 08       		.uleb128 0x8
 919 0060 0D       		.uleb128 0xd
 920 0061 00       		.byte	0
 921 0062 03       		.uleb128 0x3
 922 0063 0E       		.uleb128 0xe
 923 0064 3A       		.uleb128 0x3a
 924 0065 0B       		.uleb128 0xb
 925 0066 3B       		.uleb128 0x3b
 926 0067 05       		.uleb128 0x5
 927 0068 49       		.uleb128 0x49
 928 0069 13       		.uleb128 0x13
 929 006a 38       		.uleb128 0x38
 930 006b 0B       		.uleb128 0xb
 931 006c 00       		.byte	0
 932 006d 00       		.byte	0
 933 006e 09       		.uleb128 0x9
 934 006f 0F       		.uleb128 0xf
 935 0070 00       		.byte	0
 936 0071 0B       		.uleb128 0xb
 937 0072 0B       		.uleb128 0xb
 938 0073 49       		.uleb128 0x49
 939 0074 13       		.uleb128 0x13
ARM GAS  /tmp/ccjGEbWt.s 			page 18


 940 0075 00       		.byte	0
 941 0076 00       		.byte	0
 942 0077 0A       		.uleb128 0xa
 943 0078 13       		.uleb128 0x13
 944 0079 01       		.byte	0x1
 945 007a 03       		.uleb128 0x3
 946 007b 0E       		.uleb128 0xe
 947 007c 0B       		.uleb128 0xb
 948 007d 0B       		.uleb128 0xb
 949 007e 3A       		.uleb128 0x3a
 950 007f 0B       		.uleb128 0xb
 951 0080 3B       		.uleb128 0x3b
 952 0081 05       		.uleb128 0x5
 953 0082 01       		.uleb128 0x1
 954 0083 13       		.uleb128 0x13
 955 0084 00       		.byte	0
 956 0085 00       		.byte	0
 957 0086 0B       		.uleb128 0xb
 958 0087 15       		.uleb128 0x15
 959 0088 01       		.byte	0x1
 960 0089 27       		.uleb128 0x27
 961 008a 19       		.uleb128 0x19
 962 008b 01       		.uleb128 0x1
 963 008c 13       		.uleb128 0x13
 964 008d 00       		.byte	0
 965 008e 00       		.byte	0
 966 008f 0C       		.uleb128 0xc
 967 0090 05       		.uleb128 0x5
 968 0091 00       		.byte	0
 969 0092 49       		.uleb128 0x49
 970 0093 13       		.uleb128 0x13
 971 0094 00       		.byte	0
 972 0095 00       		.byte	0
 973 0096 0D       		.uleb128 0xd
 974 0097 0F       		.uleb128 0xf
 975 0098 00       		.byte	0
 976 0099 0B       		.uleb128 0xb
 977 009a 0B       		.uleb128 0xb
 978 009b 00       		.byte	0
 979 009c 00       		.byte	0
 980 009d 0E       		.uleb128 0xe
 981 009e 13       		.uleb128 0x13
 982 009f 01       		.byte	0x1
 983 00a0 03       		.uleb128 0x3
 984 00a1 0E       		.uleb128 0xe
 985 00a2 0B       		.uleb128 0xb
 986 00a3 05       		.uleb128 0x5
 987 00a4 3A       		.uleb128 0x3a
 988 00a5 0B       		.uleb128 0xb
 989 00a6 3B       		.uleb128 0x3b
 990 00a7 05       		.uleb128 0x5
 991 00a8 01       		.uleb128 0x1
 992 00a9 13       		.uleb128 0x13
 993 00aa 00       		.byte	0
 994 00ab 00       		.byte	0
 995 00ac 0F       		.uleb128 0xf
 996 00ad 0D       		.uleb128 0xd
ARM GAS  /tmp/ccjGEbWt.s 			page 19


 997 00ae 00       		.byte	0
 998 00af 03       		.uleb128 0x3
 999 00b0 08       		.uleb128 0x8
 1000 00b1 3A       		.uleb128 0x3a
 1001 00b2 0B       		.uleb128 0xb
 1002 00b3 3B       		.uleb128 0x3b
 1003 00b4 0B       		.uleb128 0xb
 1004 00b5 49       		.uleb128 0x49
 1005 00b6 13       		.uleb128 0x13
 1006 00b7 38       		.uleb128 0x38
 1007 00b8 0B       		.uleb128 0xb
 1008 00b9 00       		.byte	0
 1009 00ba 00       		.byte	0
 1010 00bb 10       		.uleb128 0x10
 1011 00bc 13       		.uleb128 0x13
 1012 00bd 01       		.byte	0x1
 1013 00be 0B       		.uleb128 0xb
 1014 00bf 0B       		.uleb128 0xb
 1015 00c0 3A       		.uleb128 0x3a
 1016 00c1 0B       		.uleb128 0xb
 1017 00c2 3B       		.uleb128 0x3b
 1018 00c3 0B       		.uleb128 0xb
 1019 00c4 01       		.uleb128 0x1
 1020 00c5 13       		.uleb128 0x13
 1021 00c6 00       		.byte	0
 1022 00c7 00       		.byte	0
 1023 00c8 11       		.uleb128 0x11
 1024 00c9 17       		.uleb128 0x17
 1025 00ca 01       		.byte	0x1
 1026 00cb 0B       		.uleb128 0xb
 1027 00cc 0B       		.uleb128 0xb
 1028 00cd 3A       		.uleb128 0x3a
 1029 00ce 0B       		.uleb128 0xb
 1030 00cf 3B       		.uleb128 0x3b
 1031 00d0 0B       		.uleb128 0xb
 1032 00d1 01       		.uleb128 0x1
 1033 00d2 13       		.uleb128 0x13
 1034 00d3 00       		.byte	0
 1035 00d4 00       		.byte	0
 1036 00d5 12       		.uleb128 0x12
 1037 00d6 0D       		.uleb128 0xd
 1038 00d7 00       		.byte	0
 1039 00d8 03       		.uleb128 0x3
 1040 00d9 0E       		.uleb128 0xe
 1041 00da 3A       		.uleb128 0x3a
 1042 00db 0B       		.uleb128 0xb
 1043 00dc 3B       		.uleb128 0x3b
 1044 00dd 05       		.uleb128 0x5
 1045 00de 49       		.uleb128 0x49
 1046 00df 13       		.uleb128 0x13
 1047 00e0 00       		.byte	0
 1048 00e1 00       		.byte	0
 1049 00e2 13       		.uleb128 0x13
 1050 00e3 26       		.uleb128 0x26
 1051 00e4 00       		.byte	0
 1052 00e5 49       		.uleb128 0x49
 1053 00e6 13       		.uleb128 0x13
ARM GAS  /tmp/ccjGEbWt.s 			page 20


 1054 00e7 00       		.byte	0
 1055 00e8 00       		.byte	0
 1056 00e9 14       		.uleb128 0x14
 1057 00ea 35       		.uleb128 0x35
 1058 00eb 00       		.byte	0
 1059 00ec 49       		.uleb128 0x49
 1060 00ed 13       		.uleb128 0x13
 1061 00ee 00       		.byte	0
 1062 00ef 00       		.byte	0
 1063 00f0 15       		.uleb128 0x15
 1064 00f1 01       		.uleb128 0x1
 1065 00f2 01       		.byte	0x1
 1066 00f3 49       		.uleb128 0x49
 1067 00f4 13       		.uleb128 0x13
 1068 00f5 01       		.uleb128 0x1
 1069 00f6 13       		.uleb128 0x13
 1070 00f7 00       		.byte	0
 1071 00f8 00       		.byte	0
 1072 00f9 16       		.uleb128 0x16
 1073 00fa 21       		.uleb128 0x21
 1074 00fb 00       		.byte	0
 1075 00fc 49       		.uleb128 0x49
 1076 00fd 13       		.uleb128 0x13
 1077 00fe 2F       		.uleb128 0x2f
 1078 00ff 0B       		.uleb128 0xb
 1079 0100 00       		.byte	0
 1080 0101 00       		.byte	0
 1081 0102 17       		.uleb128 0x17
 1082 0103 34       		.uleb128 0x34
 1083 0104 00       		.byte	0
 1084 0105 03       		.uleb128 0x3
 1085 0106 0E       		.uleb128 0xe
 1086 0107 3A       		.uleb128 0x3a
 1087 0108 0B       		.uleb128 0xb
 1088 0109 3B       		.uleb128 0x3b
 1089 010a 05       		.uleb128 0x5
 1090 010b 49       		.uleb128 0x49
 1091 010c 13       		.uleb128 0x13
 1092 010d 3F       		.uleb128 0x3f
 1093 010e 19       		.uleb128 0x19
 1094 010f 3C       		.uleb128 0x3c
 1095 0110 19       		.uleb128 0x19
 1096 0111 00       		.byte	0
 1097 0112 00       		.byte	0
 1098 0113 18       		.uleb128 0x18
 1099 0114 34       		.uleb128 0x34
 1100 0115 00       		.byte	0
 1101 0116 03       		.uleb128 0x3
 1102 0117 08       		.uleb128 0x8
 1103 0118 3A       		.uleb128 0x3a
 1104 0119 0B       		.uleb128 0xb
 1105 011a 3B       		.uleb128 0x3b
 1106 011b 05       		.uleb128 0x5
 1107 011c 49       		.uleb128 0x49
 1108 011d 13       		.uleb128 0x13
 1109 011e 3F       		.uleb128 0x3f
 1110 011f 19       		.uleb128 0x19
ARM GAS  /tmp/ccjGEbWt.s 			page 21


 1111 0120 3C       		.uleb128 0x3c
 1112 0121 19       		.uleb128 0x19
 1113 0122 00       		.byte	0
 1114 0123 00       		.byte	0
 1115 0124 00       		.byte	0
 1116              		.section	.debug_aranges,"",%progbits
 1117 0000 14000000 		.4byte	0x14
 1118 0004 0200     		.2byte	0x2
 1119 0006 00000000 		.4byte	.Ldebug_info0
 1120 000a 04       		.byte	0x4
 1121 000b 00       		.byte	0
 1122 000c 0000     		.2byte	0
 1123 000e 0000     		.2byte	0
 1124 0010 00000000 		.4byte	0
 1125 0014 00000000 		.4byte	0
 1126              		.section	.debug_line,"",%progbits
 1127              	.Ldebug_line0:
 1128 0000 0B020000 		.section	.debug_str,"MS",%progbits,1
 1128      02000502 
 1128      00000201 
 1128      FB0E0D00 
 1128      01010101 
 1129              	.LASF26:
 1130 0000 74687265 		.ascii	"thread_t\000"
 1130      61645F74 
 1130      00
 1131              	.LASF20:
 1132 0009 74726566 		.ascii	"trefs_t\000"
 1132      735F7400 
 1133              	.LASF56:
 1134 0011 725F6F6C 		.ascii	"r_older\000"
 1134      64657200 
 1135              	.LASF70:
 1136 0019 63685F73 		.ascii	"ch_system_debug\000"
 1136      79737465 
 1136      6D5F6465 
 1136      62756700 
 1137              	.LASF16:
 1138 0029 75696E74 		.ascii	"uint64_t\000"
 1138      36345F74 
 1138      00
 1139              	.LASF76:
 1140 0032 6D61696E 		.ascii	"mainthread\000"
 1140      74687265 
 1140      616400
 1141              	.LASF3:
 1142 003d 73686F72 		.ascii	"short int\000"
 1142      7420696E 
 1142      7400
 1143              	.LASF52:
 1144 0047 725F7175 		.ascii	"r_queue\000"
 1144      65756500 
 1145              	.LASF99:
 1146 004f 6D5F6E65 		.ascii	"m_next\000"
 1146      787400
 1147              	.LASF78:
 1148 0056 73697A65 		.ascii	"sizetype\000"
ARM GAS  /tmp/ccjGEbWt.s 			page 22


 1148      74797065 
 1148      00
 1149              	.LASF28:
 1150 005f 705F7072 		.ascii	"p_prev\000"
 1150      657600
 1151              	.LASF54:
 1152 0066 725F6374 		.ascii	"r_ctx\000"
 1152      7800
 1153              	.LASF23:
 1154 006c 6576656E 		.ascii	"eventmask_t\000"
 1154      746D6173 
 1154      6B5F7400 
 1155              	.LASF39:
 1156 0078 705F6D73 		.ascii	"p_msgqueue\000"
 1156      67717565 
 1156      756500
 1157              	.LASF29:
 1158 0083 705F7072 		.ascii	"p_prio\000"
 1158      696F00
 1159              	.LASF27:
 1160 008a 705F6E65 		.ascii	"p_next\000"
 1160      787400
 1161              	.LASF17:
 1162 0091 7274636E 		.ascii	"rtcnt_t\000"
 1162      745F7400 
 1163              	.LASF84:
 1164 0099 746D5F63 		.ascii	"tm_calibration_t\000"
 1164      616C6962 
 1164      72617469 
 1164      6F6E5F74 
 1164      00
 1165              	.LASF65:
 1166 00aa 76745F70 		.ascii	"vt_par\000"
 1166      617200
 1167              	.LASF64:
 1168 00b1 76745F66 		.ascii	"vt_func\000"
 1168      756E6300 
 1169              	.LASF79:
 1170 00b9 72656761 		.ascii	"regarm_t\000"
 1170      726D5F74 
 1170      00
 1171              	.LASF13:
 1172 00c2 75696E74 		.ascii	"uint8_t\000"
 1172      385F7400 
 1173              	.LASF49:
 1174 00ca 63685F74 		.ascii	"ch_threads_queue\000"
 1174      68726561 
 1174      64735F71 
 1174      75657565 
 1174      00
 1175              	.LASF15:
 1176 00db 75696E74 		.ascii	"uint32_t\000"
 1176      33325F74 
 1176      00
 1177              	.LASF104:
 1178 00e4 474E5520 		.ascii	"GNU C 4.8.4 20140526 (release) [ARM/embedded-4_8-br"
 1178      4320342E 
ARM GAS  /tmp/ccjGEbWt.s 			page 23


 1178      382E3420 
 1178      32303134 
 1178      30353236 
 1179 0117 616E6368 		.ascii	"anch revision 211358] -mcpu=cortex-m4 -mno-thumb-in"
 1179      20726576 
 1179      6973696F 
 1179      6E203231 
 1179      31333538 
 1180 014a 74657277 		.ascii	"terwork -mthumb -ggdb -O0 -fomit-frame-pointer -fal"
 1180      6F726B20 
 1180      2D6D7468 
 1180      756D6220 
 1180      2D676764 
 1181 017d 69676E2D 		.ascii	"ign-functions=16 -ffunction-sections -fdata-section"
 1181      66756E63 
 1181      74696F6E 
 1181      733D3136 
 1181      202D6666 
 1182 01b0 73202D66 		.ascii	"s -fno-common -flto\000"
 1182      6E6F2D63 
 1182      6F6D6D6F 
 1182      6E202D66 
 1182      6C746F00 
 1183              	.LASF40:
 1184 01c4 705F6570 		.ascii	"p_epending\000"
 1184      656E6469 
 1184      6E6700
 1185              	.LASF72:
 1186 01cf 63685F73 		.ascii	"ch_system_t\000"
 1186      79737465 
 1186      6D5F7400 
 1187              	.LASF68:
 1188 01db 76745F6C 		.ascii	"vt_lasttime\000"
 1188      61737474 
 1188      696D6500 
 1189              	.LASF46:
 1190 01e7 63685F74 		.ascii	"ch_thread\000"
 1190      68726561 
 1190      6400
 1191              	.LASF18:
 1192 01f1 746D6F64 		.ascii	"tmode_t\000"
 1192      655F7400 
 1193              	.LASF10:
 1194 01f9 6C6F6E67 		.ascii	"long long int\000"
 1194      206C6F6E 
 1194      6720696E 
 1194      7400
 1195              	.LASF90:
 1196 0207 77747365 		.ascii	"wtsemp\000"
 1196      6D7000
 1197              	.LASF105:
 1198 020e 2E2E2F43 		.ascii	"../ChibiOS/os/hal/src/hal_mmcsd.c\000"
 1198      68696269 
 1198      4F532F6F 
 1198      732F6861 
 1198      6C2F7372 
 1199              	.LASF21:
ARM GAS  /tmp/ccjGEbWt.s 			page 24


 1200 0230 74707269 		.ascii	"tprio_t\000"
 1200      6F5F7400 
 1201              	.LASF7:
 1202 0238 6C6F6E67 		.ascii	"long int\000"
 1202      20696E74 
 1202      00
 1203              	.LASF73:
 1204 0241 63685F73 		.ascii	"ch_system\000"
 1204      79737465 
 1204      6D00
 1205              	.LASF83:
 1206 024b 6F666673 		.ascii	"offset\000"
 1206      657400
 1207              	.LASF59:
 1208 0252 76697274 		.ascii	"virtual_timer_t\000"
 1208      75616C5F 
 1208      74696D65 
 1208      725F7400 
 1209              	.LASF69:
 1210 0262 73797374 		.ascii	"system_debug_t\000"
 1210      656D5F64 
 1210      65627567 
 1210      5F7400
 1211              	.LASF97:
 1212 0271 6D5F7175 		.ascii	"m_queue\000"
 1212      65756500 
 1213              	.LASF5:
 1214 0279 5F5F7569 		.ascii	"__uint8_t\000"
 1214      6E74385F 
 1214      7400
 1215              	.LASF81:
 1216 0283 636F6E74 		.ascii	"context\000"
 1216      65787400 
 1217              	.LASF89:
 1218 028b 73656E74 		.ascii	"sentmsg\000"
 1218      6D736700 
 1219              	.LASF47:
 1220 0293 63685F74 		.ascii	"ch_threads_list\000"
 1220      68726561 
 1220      64735F6C 
 1220      69737400 
 1221              	.LASF57:
 1222 02a3 725F6375 		.ascii	"r_current\000"
 1222      7272656E 
 1222      7400
 1223              	.LASF36:
 1224 02ad 705F666C 		.ascii	"p_flags\000"
 1224      61677300 
 1225              	.LASF95:
 1226 02b5 735F636E 		.ascii	"s_cnt\000"
 1226      7400
 1227              	.LASF2:
 1228 02bb 756E7369 		.ascii	"unsigned char\000"
 1228      676E6564 
 1228      20636861 
 1228      7200
 1229              	.LASF92:
ARM GAS  /tmp/ccjGEbWt.s 			page 25


 1230 02c9 65776D61 		.ascii	"ewmask\000"
 1230      736B00
 1231              	.LASF1:
 1232 02d0 7369676E 		.ascii	"signed char\000"
 1232      65642063 
 1232      68617200 
 1233              	.LASF31:
 1234 02dc 705F6E65 		.ascii	"p_newer\000"
 1234      77657200 
 1235              	.LASF12:
 1236 02e4 6C6F6E67 		.ascii	"long long unsigned int\000"
 1236      206C6F6E 
 1236      6720756E 
 1236      7369676E 
 1236      65642069 
 1237              	.LASF96:
 1238 02fb 63685F6D 		.ascii	"ch_mutex\000"
 1238      75746578 
 1238      00
 1239              	.LASF0:
 1240 0304 756E7369 		.ascii	"unsigned int\000"
 1240      676E6564 
 1240      20696E74 
 1240      00
 1241              	.LASF67:
 1242 0311 63685F76 		.ascii	"ch_virtual_timers_list\000"
 1242      69727475 
 1242      616C5F74 
 1242      696D6572 
 1242      735F6C69 
 1243              	.LASF101:
 1244 0328 6D757465 		.ascii	"mutex_t\000"
 1244      785F7400 
 1245              	.LASF61:
 1246 0330 76745F6E 		.ascii	"vt_next\000"
 1246      65787400 
 1247              	.LASF66:
 1248 0338 76697274 		.ascii	"virtual_timers_list_t\000"
 1248      75616C5F 
 1248      74696D65 
 1248      72735F6C 
 1248      6973745F 
 1249              	.LASF34:
 1250 034e 705F7374 		.ascii	"p_stklimit\000"
 1250      6B6C696D 
 1250      697400
 1251              	.LASF48:
 1252 0359 74687265 		.ascii	"threads_queue_t\000"
 1252      6164735F 
 1252      71756575 
 1252      655F7400 
 1253              	.LASF55:
 1254 0369 725F6E65 		.ascii	"r_newer\000"
 1254      77657200 
 1255              	.LASF106:
 1256 0371 2F6E6673 		.ascii	"/nfs/nfs4/home/irbrown/Courses/P442/P442WifiTrailCo"
 1256      2F6E6673 
ARM GAS  /tmp/ccjGEbWt.s 			page 26


 1256      342F686F 
 1256      6D652F69 
 1256      7262726F 
 1257 03a4 756E7465 		.ascii	"unterProject/milestone3\000"
 1257      7250726F 
 1257      6A656374 
 1257      2F6D696C 
 1257      6573746F 
 1258              	.LASF63:
 1259 03bc 76745F64 		.ascii	"vt_delta\000"
 1259      656C7461 
 1259      00
 1260              	.LASF42:
 1261 03c5 705F7265 		.ascii	"p_realprio\000"
 1261      616C7072 
 1261      696F00
 1262              	.LASF25:
 1263 03d0 73797374 		.ascii	"systime_t\000"
 1263      696D655F 
 1263      7400
 1264              	.LASF74:
 1265 03da 726C6973 		.ascii	"rlist\000"
 1265      7400
 1266              	.LASF100:
 1267 03e0 63686172 		.ascii	"char\000"
 1267      00
 1268              	.LASF94:
 1269 03e5 735F7175 		.ascii	"s_queue\000"
 1269      65756500 
 1270              	.LASF60:
 1271 03ed 63685F76 		.ascii	"ch_virtual_timer\000"
 1271      69727475 
 1271      616C5F74 
 1271      696D6572 
 1271      00
 1272              	.LASF14:
 1273 03fe 696E7433 		.ascii	"int32_t\000"
 1273      325F7400 
 1274              	.LASF53:
 1275 0406 725F7072 		.ascii	"r_prio\000"
 1275      696F00
 1276              	.LASF24:
 1277 040d 636E745F 		.ascii	"cnt_t\000"
 1277      7400
 1278              	.LASF35:
 1279 0413 705F7374 		.ascii	"p_state\000"
 1279      61746500 
 1280              	.LASF102:
 1281 041b 5F426F6F 		.ascii	"_Bool\000"
 1281      6C00
 1282              	.LASF38:
 1283 0421 705F7761 		.ascii	"p_waiting\000"
 1283      6974696E 
 1283      6700
 1284              	.LASF11:
 1285 042b 5F5F7569 		.ascii	"__uint64_t\000"
 1285      6E743634 
ARM GAS  /tmp/ccjGEbWt.s 			page 27


 1285      5F7400
 1286              	.LASF41:
 1287 0436 705F6D74 		.ascii	"p_mtxlist\000"
 1287      786C6973 
 1287      7400
 1288              	.LASF33:
 1289 0440 705F6E61 		.ascii	"p_name\000"
 1289      6D6500
 1290              	.LASF77:
 1291 0447 69646C65 		.ascii	"idle_thread_wa\000"
 1291      5F746872 
 1291      6561645F 
 1291      776100
 1292              	.LASF9:
 1293 0456 6C6F6E67 		.ascii	"long unsigned int\000"
 1293      20756E73 
 1293      69676E65 
 1293      6420696E 
 1293      7400
 1294              	.LASF71:
 1295 0468 70616E69 		.ascii	"panic_msg\000"
 1295      635F6D73 
 1295      6700
 1296              	.LASF4:
 1297 0472 73686F72 		.ascii	"short unsigned int\000"
 1297      7420756E 
 1297      7369676E 
 1297      65642069 
 1297      6E7400
 1298              	.LASF8:
 1299 0485 5F5F7569 		.ascii	"__uint32_t\000"
 1299      6E743332 
 1299      5F7400
 1300              	.LASF88:
 1301 0490 77747472 		.ascii	"wttrp\000"
 1301      7000
 1302              	.LASF93:
 1303 0496 63685F73 		.ascii	"ch_semaphore\000"
 1303      656D6170 
 1303      686F7265 
 1303      00
 1304              	.LASF82:
 1305 04a3 706F7274 		.ascii	"port_intctx\000"
 1305      5F696E74 
 1305      63747800 
 1306              	.LASF62:
 1307 04af 76745F70 		.ascii	"vt_prev\000"
 1307      72657600 
 1308              	.LASF6:
 1309 04b7 5F5F696E 		.ascii	"__int32_t\000"
 1309      7433325F 
 1309      7400
 1310              	.LASF44:
 1311 04c1 74687265 		.ascii	"thread_reference_t\000"
 1311      61645F72 
 1311      65666572 
 1311      656E6365 
ARM GAS  /tmp/ccjGEbWt.s 			page 28


 1311      5F7400
 1312              	.LASF87:
 1313 04d4 77746F62 		.ascii	"wtobjp\000"
 1313      6A7000
 1314              	.LASF19:
 1315 04db 74737461 		.ascii	"tstate_t\000"
 1315      74655F74 
 1315      00
 1316              	.LASF80:
 1317 04e4 73746B61 		.ascii	"stkalign_t\000"
 1317      6C69676E 
 1317      5F7400
 1318              	.LASF86:
 1319 04ef 65786974 		.ascii	"exitcode\000"
 1319      636F6465 
 1319      00
 1320              	.LASF58:
 1321 04f8 76746675 		.ascii	"vtfunc_t\000"
 1321      6E635F74 
 1321      00
 1322              	.LASF32:
 1323 0501 705F6F6C 		.ascii	"p_older\000"
 1323      64657200 
 1324              	.LASF50:
 1325 0509 72656164 		.ascii	"ready_list_t\000"
 1325      795F6C69 
 1325      73745F74 
 1325      00
 1326              	.LASF37:
 1327 0516 705F7265 		.ascii	"p_refs\000"
 1327      667300
 1328              	.LASF51:
 1329 051d 63685F72 		.ascii	"ch_ready_list\000"
 1329      65616479 
 1329      5F6C6973 
 1329      7400
 1330              	.LASF30:
 1331 052b 705F6374 		.ascii	"p_ctx\000"
 1331      7800
 1332              	.LASF103:
 1333 0531 49544D5F 		.ascii	"ITM_RxBuffer\000"
 1333      52784275 
 1333      66666572 
 1333      00
 1334              	.LASF98:
 1335 053e 6D5F6F77 		.ascii	"m_owner\000"
 1335      6E657200 
 1336              	.LASF43:
 1337 0546 705F6D70 		.ascii	"p_mpool\000"
 1337      6F6F6C00 
 1338              	.LASF85:
 1339 054e 7264796D 		.ascii	"rdymsg\000"
 1339      736700
 1340              	.LASF75:
 1341 0555 76746C69 		.ascii	"vtlist\000"
 1341      737400
 1342              	.LASF22:
ARM GAS  /tmp/ccjGEbWt.s 			page 29


 1343 055c 6D73675F 		.ascii	"msg_t\000"
 1343      7400
 1344              	.LASF91:
 1345 0562 77746D74 		.ascii	"wtmtxp\000"
 1345      787000
 1346              	.LASF45:
 1347 0569 74687265 		.ascii	"threads_list_t\000"
 1347      6164735F 
 1347      6C697374 
 1347      5F7400
 1348              		.comm	__gnu_lto_v1,1,1
 1349              		.ident	"GCC: (GNU Tools for ARM Embedded Processors) 4.8.4 20140526 (release) [ARM/embedded-4_8-br
ARM GAS  /tmp/ccjGEbWt.s 			page 30


DEFINED SYMBOLS
                            *ABS*:00000000 hal_mmcsd.c
                            *COM*:00000001 __gnu_lto_v1

NO UNDEFINED SYMBOLS
