ARM GAS  /var/folders/nx/qt6_p4ls4xzbnqkz75ny5wl40000gp/T//cca3rsnf.s 			page 1


   1              		.syntax unified
   2              		.cpu cortex-m4
   3              		.fpu softvfp
   4              		.eabi_attribute 20, 1
   5              		.eabi_attribute 21, 1
   6              		.eabi_attribute 23, 3
   7              		.eabi_attribute 24, 1
   8              		.eabi_attribute 25, 1
   9              		.eabi_attribute 26, 1
  10              		.eabi_attribute 30, 2
  11              		.eabi_attribute 34, 1
  12              		.eabi_attribute 18, 4
  13              		.thumb
  14              		.file	"board.c"
  15              		.text
  16              	.Ltext0:
  17              		.section	.gnu.lto_.profile.1b122eb70cbd956a,"",%progbits
  18 0000 789C6366 		.ascii	"x\234cf```a\200\000F\006>f\000\000\223\000\032"
  18      60606061 
  18      80004606 
  18      3E660000 
  18      93001A
  19              		.text
  20              		.section	.gnu.lto_.jmpfuncs.1b122eb70cbd956a,"",%progbits
  21 0000 789C6366 		.ascii	"x\234cf\300\0168\2414\023\210`\004b\000\001S\000\020"
  21      C00E38A1 
  21      34138860 
  21      04620001 
  21      530010
  22              		.text
  23              		.section	.gnu.lto_.inline.1b122eb70cbd956a,"",%progbits
  24 0000 789C6366 		.ascii	"x\234cf\300\016\264\2414\023\003\003\013\017#\210b`"
  24      C00EB4A1 
  24      34130303 
  24      0B0F2388 
  24      6260
  25 0012 5B200FA2 		.ascii	"[ \017\242\030\030\271@\004\0033\023\2520\003\000,\231"
  25      1818B940 
  25      04033313 
  25      AA300300 
  25      2C99
  26 0024 01E6     		.ascii	"\001\346"
  27              		.text
  28              		.section	.gnu.lto_.pureconst.1b122eb70cbd956a,"",%progbits
  29 0000 789C6366 		.ascii	"x\234cf```e\200\000&\006\011F\006\000\000\331\000$"
  29      60606065 
  29      80002606 
  29      09460600 
  29      00D90024 
  30              		.text
  31              		.section	.gnu.lto___early_init.1b122eb70cbd956a,"",%progbits
  32 0000 789C6366 		.ascii	"x\234cf\300\004R@\274\010\210-\200\230\221\231\201\221"
  32      C0045240 
  32      BC08882D 
  32      80989199 
  32      8191
  33 0012 69C23906 		.ascii	"i\3029\006\206F\016&FF\020\203\201\221\241\236\211\261"
ARM GAS  /var/folders/nx/qt6_p4ls4xzbnqkz75ny5wl40000gp/T//cca3rsnf.s 			page 2


  33      86460E26 
  33      46461083 
  33      8191A19E 
  33      89B1
  34 0024 9EF125D3 		.ascii	"\236\361%\323G&\306\011\007V\317\340V_\332\320\320\360"
  34      4726C609 
  34      0756CFE0 
  34      565FDAD0 
  34      D0F0
  35 0036 E1D14689 		.ascii	"\341\321F\211V\211\237L\014\014\237\231 \3060.gTg\000"
  35      56899F4C 
  35      0C0C9F99 
  35      20C6302E 
  35      67546700 
  36 004a AAF9D8F2 		.ascii	"\252\371\330\362\367:7[\013P\215\000D\216q\005#\033"
  36      F73A375B 
  36      0B508D00 
  36      448E7105 
  36      231B
  37 005c 23905E2F 		.ascii	"#\220^/t\240\341\377\377\307s\346lfaf`x\002\224\002"
  37      74A0E1FF 
  37      FFC773E6 
  37      6C666166 
  37      60780294 
  38 0071 99FF9489 		.ascii	"\231\377\224\211\011D3\337al>\260\361\030#H1\310\224"
  38      094433DF 
  38      616C3EB0 
  38      F1182348 
  38      31C894
  39 0084 7997FBD6 		.ascii	"y\227\373\3261\325\376n\350h\340\370\311\304\370\231"
  39      31D5FE6E 
  39      E868E0F8 
  39      C9C4F899 
  40 0094 096800E3 		.ascii	"\011h\000\343J\306Z\206\237@\345\367\030\033\017lv\003"
  40      4AC65A86 
  40      9F40E5F7 
  40      181B0F6C 
  40      7603
  41 00a6 AB640019 		.ascii	"\253d\000\031\304\0102\000h\234\231\236\236\276sFfR"
  41      C4083200 
  41      689C999E 
  41      9EBE7346 
  41      6652
  42 00b8 A67FB07E 		.ascii	"\246\177\260~~\261~Fb\216~R~bQJ\261~pH|p\210\257\261"
  42      7EB17E46 
  42      628E7E52 
  42      7E62514A 
  42      B17E7048 
  43 00d1 919B71BC 		.ascii	"\221\233q\274\213g\260\263\177\230kP$DN/\231\001\000"
  43      8B67B0B3 
  43      7F986B50 
  43      24444E2F 
  43      990100
  44 00e4 61F54BD7 		.ascii	"a\365K\327"
  45              		.text
  46              		.section	.gnu.lto_boardInit.1b122eb70cbd956a,"",%progbits
  47 0000 789C6366 		.ascii	"x\234cf\300\004R@\\\002\304\026@\314\310\314\300\310"
ARM GAS  /var/folders/nx/qt6_p4ls4xzbnqkz75ny5wl40000gp/T//cca3rsnf.s 			page 3


  47      C0045240 
  47      5C02C416 
  47      40CCC8CC 
  47      C0C8
  48 0012 34E11C03 		.ascii	"4\341\034\003C#\007\023##\210\301\300\310P\317\304X"
  48      43230713 
  48      232388C1 
  48      C0C850CF 
  48      C458
  49 0024 CFF892E9 		.ascii	"\317\370\222\351#\023\343\204\003\253gp\253/mhh\370"
  49      2313E384 
  49      03AB6770 
  49      AB2F6D68 
  49      68F8
  50 0036 B069BF44 		.ascii	"\260i\277D\253\304O&\006\206\317L\020c\030\2273\252"
  50      ABC44F26 
  50      0686CF4C 
  50      10631897 
  50      33AA
  51 0048 3300D57C 		.ascii	"3\000\325|l\371{\235\233\255\005\250F\000\"\307\270"
  51      6CF97B9D 
  51      9BAD05A8 
  51      460022C7 
  51      B8
  52 0059 82918D11 		.ascii	"\202\221\215\021H\257\027:\320\360\377\377\342\351g"
  52      48AF173A 
  52      D0F0FFFF 
  52      E2E967
  53 0068 F6B30085 		.ascii	"\366\263\000\205\237\0001\310\374\247LL \232\371\036"
  53      9F0031C8 
  53      FCA74C4C 
  53      209AF91E 
  54 0078 23234821 		.ascii	"##H!\310\244'L\214 !\240\0023==}\347\214\314\244L\377"
  54      C8A4274C 
  54      8C2021A0 
  54      02333D3D 
  54      7DE78CCC 
  55 008f 60FDFC62 		.ascii	"`\375\374b\375\214\304\034\375\244\374\304\242\224b"
  55      FD8CC41C 
  55      FDA4FCC4 
  55      A29462
  56 009e FDE090F8 		.ascii	"\375\340\220\370\340\020_c#7\343x\027\317`g\3770\327"
  56      E0105F63 
  56      2337E378 
  56      17CF6067 
  56      FF30D7
  57 00b1 A048889C 		.ascii	"\240H\210\234^2\003\000\241?::"
  57      5E320300 
  57      A13F3A3A 
  58              		.text
  59              		.section	.gnu.lto_.symbol_nodes.1b122eb70cbd956a,"",%progbits
  60 0000 789C6366 		.ascii	"x\234cf``pa\200\002\246\211L\365\014\014\023\31610\324"
  60      60607061 
  60      8002A689 
  60      4CF50C0C 
  60      13CE3130 
  61 0015 D733CC5B 		.ascii	"\3273\314[\300\301\3004\211\251\236\021Y\200u\002\023"
ARM GAS  /var/folders/nx/qt6_p4ls4xzbnqkz75ny5wl40000gp/T//cca3rsnf.s 			page 4


  61      C0C1C034 
  61      89A99E11 
  61      59807502 
  61      13
  62 0026 C342A022 		.ascii	"\303B\240\"\306\311L\365L\020\011\206\206\006\016\006"
  62      C6C94CF5 
  62      4C100986 
  62      86060E06 
  63 0036 66205CF2 		.ascii	"f \\\362\340\037#\003\000r\326\021\364"
  63      E01F2303 
  63      0072D611 
  63      F4
  64              		.text
  65              		.section	.gnu.lto_.refs.1b122eb70cbd956a,"",%progbits
  66 0000 789C6366 		.ascii	"x\234cf```d\200\002\000\000=\000\005"
  66      60606064 
  66      80020000 
  66      3D0005
  67              		.text
  68              		.section	.gnu.lto_.decls.1b122eb70cbd956a,"",%progbits
  69 0000 789CAD56 		.ascii	"x\234\255V}lSU\024\177\367\275~l\245\016\302\342G\210"
  69      7D6C5355 
  69      147FF7BD 
  69      7E6CA50E 
  69      C2E24788 
  70 0014 51C46451 		.ascii	"Q\304dQ\002{8\342\2421Qq\240\222\240LA\211\321\244\226"
  70      027B38E2 
  70      A2315171 
  70      A092A04C 
  70      4189D1A4 
  71 0029 B5B0C6B2 		.ascii	"\265\260\306\2626mg$\361\217\273\017p\214\002\003\035"
  71      366D6724 
  71      F18FBB0F 
  71      708C0203 
  71      1D
  72 003a 32415746 		.ascii	"2AWF\241lt[\205\011\033\233[\207\312\312\000\035\272"
  72      A16C745B 
  72      85091B9B 
  72      5B87CACA 
  72      001DBA
  73 004d 22A88302 		.ascii	"\"\250\203\002:>'\033\016(\2621\317\275\367\275v{L\324"
  73      3A3E271B 
  73      0E28B231 
  73      CFBDF7BD 
  73      767B4CD4 
  74 0061 C497DCDE 		.ascii	"\304\227\334\336\236s~\347w\316\271\367\334\367\256"
  74      9E737EE7 
  74      77CEB9F7 
  74      DCF7AE
  75 0070 C0715C09 		.ascii	"\300q\\\011\214!x\352\306p\234\310s\234\000r&\027\177"
  75      8C2178EA 
  75      C6709CC8 
  75      739C0072 
  75      26177F
  76 0083 88EC8751 		.ascii	"\210\354\207Q\003#\000\003\301\320 n\304\343\347\342"
  76      03230003 
  76      C1D0206E 
ARM GAS  /var/folders/nx/qt6_p4ls4xzbnqkz75ny5wl40000gp/T//cca3rsnf.s 			page 5


  76      C4E3E7E2 
  77 0093 7E5AB055 		.ascii	"~Z\260UJz^\262\005\270\333\237\032\211K\216\205$\235"
  77      4A7A5EB2 
  77      05B8DB9F 
  77      1A894B8E 
  77      85249D
  78 00a6 F2E9E351 		.ascii	"\362\351\343QCM\377\3411\347x\224\244\233H\304\275\353"
  78      434DFFE1 
  78      31E77894 
  78      A49B48C4 
  78      BDEB
  79 00b8 421B3420 		.ascii	"B\0334 \352u*\"6\336<\335\251\272\267\024\303SR\200"
  79      EA752A22 
  79      36DE3CDD 
  79      A9BAB714 
  79      C3535280 
  80 00cc C7A950E6 		.ascii	"\307\251P\346=\310\207&\240\355h\002\260V\242{\341\367"
  80      3DC88726 
  80      A0ED6802 
  80      B056A27B 
  80      E1F7
  81 00de 4D1563DA 		.ascii	"M\025c\332\267\366J\017\022xD\376o\331p\252S7\245\012"
  81      B7F64A0F 
  81      127844FE 
  81      6FD970AA 
  81      5337A50A 
  82 00f2 DC8A7030 		.ascii	"\334\212p0\212\342\341\212\217\372\236\236\370\031\366"
  82      8AE2E18A 
  82      8FFA9E9E 
  82      F819F6
  83 0101 047A6B36 		.ascii	"\004zk6-\027\312\260'\037\337\032\032B\224\013U!\001"
  83      2D17CAB0 
  83      271FDF1A 
  83      1A42940B 
  83      552101
  84 0114 ED405368 		.ascii	"\355@Sh\306\360\237\245\356G\023\301\257\252|MX+\274"
  84      C6F09FA5 
  84      EE4713C1 
  84      AFAA7C4D 
  84      582BBC
  85 0127 44C9FDFD 		.ascii	"D\311\375\375\315\015Z \011\004<7\267hB884\364\014\365"
  85      CD0D5A20 
  85      09043C37 
  85      B7684238 
  85      3834F40C 
  86 013c AF1EE65F 		.ascii	"\257\036\346_-\373\327P\177\237\357h\265ZX@\375\317"
  86      2DFBD750 
  86      7F9FEF68 
  86      B55A5840 
  86      FDCF
  87 014e 17447A35 		.ascii	"\027Dz5\340\037\301\275\307\316T\334\275a'\336W\210"
  87      E01FC1BD 
  87      C7CE54DC 
  87      BD6127DE 
  87      5788
  88 0160 07200B44 		.ascii	"\007 \013DYj\207\261\324\312,\001\312\322t\331}$\201"
  88      596A87B1 
ARM GAS  /var/folders/nx/qt6_p4ls4xzbnqkz75ny5wl40000gp/T//cca3rsnf.s 			page 6


  88      D4CA2C01 
  88      CAD274D9 
  88      7D2481
  89 0173 2E565047 		.ascii	".VPG\230\274\007K\312\020]\255\355\224\2711\272\333"
  89      98BC074B 
  89      CA105DAD 
  89      ED94B931 
  89      BADB
  90 0185 9744ED11 		.ascii	"\227D\355\021*\357l:wu,\265\337O\304\223\315\215\335"
  90      2AEF6C3A 
  90      77752CB5 
  90      DF4FC493 
  90      CD8DDD
  91 0198 1A6123A2 		.ascii	"\032a#\242\266\226\346\350~\235P\303\004wQ\344\200N"
  91      B696E6E8 
  91      7E9D50C3 
  91      047751E4 
  91      804E
  92 01aa D8C384BC 		.ascii	"\330\303\204\274m\215n-x=\244\243Kvr\343\015o\"\025"
  92      6D8D6E2D 
  92      783DA4A3 
  92      4B7672E3 
  92      0D6F2215 
  93 01be 492B8D05 		.ascii	"I+\215\005\025\037\352\306[\222P\212\316\013\013\334"
  93      151FEAC6 
  93      5B92508A 
  93      CE0B0BDC 
  94 01ce 5BEC3BFD 		.ascii	"[\354;\375b\001~\0265\"\035\332\023\313\235z\223\247"
  94      62017E16 
  94      35221DDA 
  94      13CB9D7A 
  94      93A7
  95 01e0 08E37CB2 		.ascii	"\010\343|\262y\211\241$.\266wh/J\001\004\305\242zP6"
  95      7989A124 
  95      2EB67768 
  95      2F4A0104 
  95      C5A27A50 
  96 01f5 801288BF 		.ascii	"\200\022\210\277\031h.T#]\312\350N_\216\342DShY\261"
  96      19682E54 
  96      235DCAE8 
  96      4E5F8EE2 
  96      44536859 
  97 020a EE1E8C55 		.ascii	"\356\036\214U\250\011R\330\035O\0012\212m\374@\373'"
  97      A80952D8 
  97      1D4F0132 
  97      8A6DFC40 
  97      FB27
  98 021c 0D7AA18F 		.ascii	"\015z\241\217\265Gy\311\246\253j\341\272\324+\375\035"
  98      B54779C9 
  98      A6AB6AE1 
  98      BAD42BFD 
  98      1D
  99 022d 7D09C22D 		.ascii	"}\011\302-&xK\327\373\325t\305\022\210XQ\333\260@X."
  99      26784BD7 
  99      FBD574C5 
  99      12885851 
  99      DBB04058 
ARM GAS  /var/folders/nx/qt6_p4ls4xzbnqkz75ny5wl40000gp/T//cca3rsnf.s 			page 7


 100 0242 50539DC7 		.ascii	"PS\235\307\337&\010n&\034<\035\375COq\343h\357\365\354"
 100      DF26086E 
 100      261C3C1D 
 100      FD434F71 
 100      E368EFF5 
 101 0257 58992494 		.ascii	"X\231$\2240\333\366\255\253\316\012B)\023\312\256\037"
 101      30DBF6AD 
 101      ABCE0A42 
 101      2913CAAE 
 101      1F
 102 0268 DACFB6E0 		.ascii	"\332\317\266\340>\020\023W\264\026v\353\321$\366$\247"
 102      3E101357 
 102      B41676EB 
 102      D124F624 
 102      A7
 103 0279 78A0CEDE 		.ascii	"x\240\316\336\275\325\267f\177X\200\275\367\321\374"
 103      BDD5B766 
 103      7F5880BD 
 103      F7D1FC
 104 0288 5B20FFEF 		.ascii	"[ \377\357Pr\274\352GH\253\373H\303s\004\356\031\362"
 104      5072BCEA 
 104      4748ABFB 
 104      48C37304 
 104      EE19F2
 105 029b 6942D328 		.ascii	"iB\323(\364+%\364kz,&\307\240\227c\320\346QY\343\310"
 105      F42B25F4 
 105      6B7A2C26 
 105      C7A09763 
 105      D0E65159 
 106 02b1 C118729F 		.ascii	"\301\030r\237\022\331\212\024\011\254\250\224\261\337"
 106      12D98A14 
 106      09ACA894 
 106      B1DF
 107 02bf 8C9EC030 		.ascii	"\214\236\3000\354\315\030opt\336x\012+c\264\373\225"
 107      ECCD186F 
 107      7074DE78 
 107      0A2B63B4 
 107      FB95
 108 02d1 D0B63874 		.ascii	"\320\2668t-}\027`\374\254\213C\273\300^GM\004\015\233"
 108      2D7D1760 
 108      FCAC8B43 
 108      BBC05E47 
 108      4D040D9B 
 109 02e5 8E3AA043 		.ascii	"\216:\240C\332\321$\024\202q\030\306A\030\007`\034\202"
 109      DAD12414 
 109      827118C6 
 109      41180760 
 109      1C82
 110 02f7 F12D9A44 		.ascii	"\361-\232D\233\201tL\244\307\247\301\210\270q\362Y\223"
 110      9B81744C 
 110      A4C7A7C1 
 110      88B871F2 
 110      5993
 111 0309 3B85771F 		.ascii	";\205w\037^\357\276\013%\247\214\026\011}\017\001\376"
 111      5EEFBE0B 
 111      25A78C16 
 111      097D0F01 
ARM GAS  /var/folders/nx/qt6_p4ls4xzbnqkz75ny5wl40000gp/T//cca3rsnf.s 			page 8


 111      FE
 112 031a 7330B725 		.ascii	"s0\267%\001\035\001\247/\342\255I\"\313\255\031\036"
 112      011D01A7 
 112      2FE2AD49 
 112      22CBAD19 
 112      1E
 113 032b 3CFC80F0 		.ascii	"<\374\200\360-k\227\310`I\235Z\0103\341\243\366\265"
 113      2D6B97C8 
 113      60499D5A 
 113      0833E1A3 
 113      F6B5
 114 033d 6F0BBFB0 		.ascii	"o\013\277\260\377y\301\352\037\264\264\217\236\240\357"
 114      FF79C1EA 
 114      1FB4B48F 
 114      9EA0EF
 115 034c 207FC97A 		.ascii	" \177\311z\255p\206\331\3166_\302<\265e\322\367K\313"
 115      AD7086D9 
 115      CE365FC2 
 115      3CB565D2 
 115      F74BCB
 116 035f F9A631C2 		.ascii	"\371\2461\302\005f+_\275\363\006{\241\332\211\330\263"
 116      05662B5F 
 116      BDF3067B 
 116      A1DA89D8 
 116      B3
 117 0370 EF5A9156 		.ascii	"\357Z\221V\350\223:\272e\327\025\326\304EDN\360T\\\215"
 117      E8933ABA 
 117      65D715D6 
 117      C445444E 
 117      F0545C8D 
 118 0384 A850326B 		.ascii	"\250P2k\316\021\365\177\016\365\357\244+\335%\025\377"
 118      CE11F57F 
 118      0EF5EFA4 
 118      2BDD2515 
 118      FF
 119 0395 2B147F02 		.ascii	"+\024\177\002\012=\005\343$\21430\"0NK\205{H\341\333"
 119      0A3D05E3 
 119      248C3330 
 119      22304E4B 
 119      857B48E1 
 120 03aa 2B5FC6B0 		.ascii	"+_\306\260\247\244\366\037\240v\342\033[\311\021\015"
 120      A7A4F61F 
 120      A076E21B 
 120      5BC9110D 
 121 03ba 883DF58F 		.ascii	"\210=\365\217J\300\260\022x\024\215D\206d\344q%\362"
 121      4AC0B012 
 121      78148D44 
 121      8664E471 
 121      25F2
 122 03cc 2705D22F 		.ascii	"'\005\322/#;\225\310\266\221}\212=\207d\350\317J\350"
 122      233B95C8 
 122      B6917D8A 
 122      3D8764E8 
 122      CF4AE8
 123 03df 2F4A6893 		.ascii	"/Jh\223\014\375Q\011=6\014J7\376\323J\322e]\243t\031"
 123      0CFD5109 
 123      3D360C4A 
ARM GAS  /var/folders/nx/qt6_p4ls4xzbnqkz75ny5wl40000gp/T//cca3rsnf.s 			page 9


 123      37FED34A 
 123      D2655DA3 
 124 03f5 DADCEFDF 		.ascii	"\332\334\357\337\243\025\242t#\370\257V\2677%)ZN^rt"
 124      A315A274 
 124      23F8AF56 
 124      B7372529 
 124      5A4E5E72 
 125 040a 1656FADF 		.ascii	"\026V\372\337\256:\215\372'\264[78\374\026o\267\256"
 125      AE3A8DFA 
 125      27B45B37 
 125      38FC166F 
 125      B7AE
 126 041c E1ED56B7 		.ascii	"\341\355V\267-\017%K\241<\177\027\212\273c\034\240\371"
 126      2D0F254B 
 126      A13C7F17 
 126      8ABB631C 
 126      A0F9
 127 042e F1ECAFE5 		.ascii	"\361\354\257\345\202\220\257\242\235\3246\320\263I\365"
 127      8290AFA2 
 127      9DD436D0 
 127      B349F5
 128 043d 60A9EA53 		.ascii	"`\251\352S\234@\215y\201#\003\354\023\202;\362;y\242"
 128      9C408D79 
 128      812303EC 
 128      13823BF2 
 128      3B79A2
 129 0450 8A1E3855 		.ascii	"\212\0368U\250f\252hA\267@T\301\337Z\274\014\325Y\321"
 129      A866AA68 
 129      41B74054 
 129      C1DF5ABC 
 129      0CD559D1 
 130 0464 E9D110D5 		.ascii	"\351\321\020\325\307\027\243u\011\322\307\206b\232\334"
 130      C717A375 
 130      09D2C786 
 130      629ADC
 131 0473 EE0B49CC 		.ascii	"\356\013I\314\015\007\253\324D\025\252\270\364\263\206"
 131      0D07ABD4 
 131      4415AAB8 
 131      F4B386
 132 0482 A9824F11 		.ascii	"\251\202O\021E~Km\355\330\364:\\\344y\202n\0149\224"
 132      457E4B6D 
 132      EDD8F43A 
 132      5CE47982 
 132      6E0C3994 
 133 0496 17A12672 		.ascii	"\027\241&r0\311w\202\034\316K0\223\003\332\00339\244"
 133      30C97782 
 133      1CCE4B30 
 133      9303DA03 
 133      3339A4
 134 04a9 BFC34C0E 		.ascii	"\277\303L\016\352e\230\341\260\242^\372\001Be\353\033"
 134      EA6598E1 
 134      B0A25EFA 
 134      014265EB 
 134      1B
 135 04ba DE67D4AD 		.ascii	"\336g\324\2554\353C+\313\313x\252\010\322B\177\332\023"
 135      34EB432B 
 135      CBCB78AA 
ARM GAS  /var/folders/nx/qt6_p4ls4xzbnqkz75ny5wl40000gp/T//cca3rsnf.s 			page 10


 135      08D2427F 
 135      DA13
 136 04cc F2B2D8C1 		.ascii	"\362\262\330\301S4\277e\201\215'\330\327\261\264\270"
 136      5334BF65 
 136      818D27D8 
 136      D7B1B4B8 
 137 04dc 93E5777C 		.ascii	"\223\345w|Wk\233 \245\214=\364\036\263\277u\353\237"
 137      576B9B20 
 137      A58C3DF4 
 137      1EB3BF75 
 137      EB9F
 138 04ee 4891E115 		.ascii	"H\221\341\025)\303?\244\014\373\245\014\257*2\274&e"
 138      29C33FA4 
 138      0CFBA50C 
 138      AF2A32BC 
 138      2665
 139 0500 58CF323C 		.ascii	"X\3172<^\333\265M^\020\214\311\347\030]\274|\256\021"
 139      5EDBB54D 
 139      5E108CC9 
 139      E7185DBC 
 139      7CAE11
 140 0513 5155B82A 		.ascii	"QU\270*<\231hVlZ\267C\031\257^\261\"Q)\336\015E\274"
 140      3C996856 
 140      6C5AB743 
 140      19AF5EB1 
 140      225129DE 
 141 052a FA91F1FA 		.ascii	"\372\221\361\372\367\006\303w\311\344\254\300\206\372"
 141      F706C377 
 141      C9E4ACC0 
 141      86FA
 142 0538 0FD624FD 		.ascii	"\017\326$\375\003{\275\304~\363\316\354[;\326\370\364"
 142      037BBDC4 
 142      7EF3CEEC 
 142      5B3BD6F8 
 142      F4
 143 0549 6C3DB1B4 		.ascii	"l=\261\264|\236\302c\005\254\232`\336\000\275o\240\326"
 143      7C9EC263 
 143      05AC9A60 
 143      DE00BD6F 
 143      A0D6
 144 055b 9ABCE30C 		.ascii	"\232\274\343\014UZ\025\246\037\346\325\007?iek<D\367"
 144      555A15A6 
 144      1FE6D507 
 144      3F69656B 
 144      3C44F7
 145 056e E54875C5 		.ascii	"\345Hu\305\015e\013\014*R\272%\2454$\245\204\371QS:"
 145      0D650B0C 
 145      2A52BA25 
 145      A53424A5 
 145      84F95153 
 146 0583 16C96F1F 		.ascii	"\026\311o\037C\251i\354k+7\273uT\354\220\353\377\354"
 146      43A969EC 
 146      6B2B37BB 
 146      7554EC90 
 146      EBFFEC
 147 0596 C06038F1 		.ascii	"\300`8\361\037\352\317\347Y\260\002\376\216\365{W\365"
 147      1FEACFE7 
ARM GAS  /var/folders/nx/qt6_p4ls4xzbnqkz75ny5wl40000gp/T//cca3rsnf.s 			page 11


 147      59B002FE 
 147      8EF57B57 
 147      F5
 148 05a7 F5E829D5 		.ascii	"\365\350)\3254t\016\250\310\241\353C\351\364\340]\207"
 148      34740EA8 
 148      C8A1EB43 
 148      E9F4E05D 
 148      87
 149 05b8 991C3EE8 		.ascii	"\231\034>\350\034z\000\007`&\2070\217O'\007\021\025"
 149      1C7A0007 
 149      60268730 
 149      8F4F2707 
 149      1115
 150 05ca F2E984A2 		.ascii	"\362\351\204\242\353\303\357\372\022\037\336\214\003"
 150      EBC3EFFA 
 150      121FDE8C 
 150      03
 151 05d7 9EDE9A2B 		.ascii	"\236\336\232+^\224G\356\264\230\\I)\341y\366\022\030"
 151      5E9447EE 
 151      B4985C49 
 151      29E179F6 
 151      1218
 152 05e9 F606279A 		.ascii	"\366\006'\232\013\350A\016-\003\177\264\234\177\030"
 152      0BE8410E 
 152      2D037FB4 
 152      9C7F18
 153 05f8 384E6C08 		.ascii	"8Nl\010\026\253\364\305\361[\027\275\211\306o\332\037"
 153      16ABF4C5 
 153      F15B17BD 
 153      89C66FDA 
 153      1F
 154 0609 F07A7A0D 		.ascii	"\360zz\015%\263\336`0\033\035\326\245\006K\216\305\245"
 154      25B3DE60 
 154      301B1DD6 
 154      A5064B8E 
 154      C5A5
 155 061b 79E1E5D7 		.ascii	"y\341\345\327&fp\351\251\251bF\266e\241e\356<\321\346"
 155      266670E9 
 155      A9A96246 
 155      B665A165 
 155      EE3CD1E6 
 156 062f 14B38D56 		.ascii	"\024\263\215Vq\241\315\35009\305y\363\015\363\346\277"
 156      71A1CDE8 
 156      3039C579 
 156      F30DF3E6 
 156      BF
 157 0640 343DEDF9 		.ascii	"4=\355\371\351\206\231\263\347e\314}}\326\253o0[j\026"
 157      E98699B3 
 157      E765CC7D 
 157      7DD6AB6F 
 157      305B6A16 
 158 0654 9748FFCC 		.ascii	"\227H\377\314\006\236qN\327\222\351i\206,\253-\353\035"
 158      069E714E 
 158      D792E969 
 158      862CAB2D 
 158      EB1D
 159 0666 4A9C763B 		.ascii	"J\234v;\243\335\346p\021B`\023%\316\367\336#\026\203"
ARM GAS  /var/folders/nx/qt6_p4ls4xzbnqkz75ny5wl40000gp/T//cca3rsnf.s 			page 12


 159      A3DDE670 
 159      11426013 
 159      25CEF7DE 
 159      231683
 160 0679 D56A4ACD 		.ascii	"\325jJ\315\346\3063\216\305v\213\315\3404\273r\355\006"
 160      E6C6338E 
 160      C5768BCD 
 160      E034BB72 
 160      ED06
 161 068b 5742AE25 		.ascii	"WB\256%\307\005:\227\316`\220\377\276%\346:\035\"\004"
 161      C7053A97 
 161      CE6090FF 
 161      BE25E63A 
 161      1D2204
 162 069e 02CA0CB3 		.ascii	"\002\312\014\263\325jt\210F\307\222\2519\266\034\363"
 162      D56A7488 
 162      46C792A9 
 162      39B61CF3 
 163 06ae 54B371A1 		.ascii	"T\263q\241e\352\342\254,1m\332c\217O{2\355\261\221&"
 163      65EAE2AC 
 163      2C316DDA 
 163      638F4F7B 
 163      32EDB191 
 164 06c3 D1929365 		.ascii	"\321\222\223e\3155\231\305%\306\254lK\216Y4\230\314"
 164      CD3599C5 
 164      25C6AC6C 
 164      4B8E5934 
 164      98CC
 165 06d5 8B8CB956 		.ascii	"\213\214\271V\227\301\265\324nvB\016\257\374\017\344"
 165      97C1B5D4 
 165      6E76420E 
 165      AFFC0FE4 
 166 06e5 CEA54ED1 		.ascii	"\316\245N\321\340t\231 _`T/\261\231\314\016\215\215"
 166      E0749920 
 166      5F60542F 
 166      B199CC0E 
 166      8D8D
 167 06f7 4470686D 		.ascii	"DphmN\273\331lr\250\355\271v\223C\260\231\034*\343\""
 167      4EBBD96C 
 167      72A8EDB9 
 167      769343B0 
 167      991C2AE3 
 168 070c 8795FC64 		.ascii	"\207\225\374dO\277\363\212\315\2313S|!s\366\334w\323"
 168      4FBFF38A 
 168      CD993353 
 168      7C2173F6 
 168      DC77D3
 169 071f 447B6CC9 		.ascii	"D{l\3114\2313f\032]FM\346sl\312`\323L6\315b\323\363"
 169      34993366 
 169      1A5D464D 
 169      E6736CCA 
 169      60D34C36 
 170 0737 644ACC9C 		.ascii	"dJ\314\2341'\303\226\263\310\262x<q\227\353\316\242"
 170      3127C396 
 170      B3C8B278 
 170      3C7197EB 
 170      CEA2
ARM GAS  /var/folders/nx/qt6_p4ls4xzbnqkz75ny5wl40000gp/T//cca3rsnf.s 			page 13


 171 0749 AA09A90E 		.ascii	"\252\011\251\016\233\011@\251\267\233\376\002,LK\325"
 171      9B0940A9 
 171      B79BFE02 
 171      2C4C4BD5 
 172              		.text
 173              		.section	.gnu.lto_.symtab.1b122eb70cbd956a,"",%progbits
 174 0000 5F5F6561 		.ascii	"__early_init\000\000\000\000\000\000\000\000\000\000"
 174      726C795F 
 174      696E6974 
 174      00000000 
 174      00000000 
 175 0016 0000AC00 		.ascii	"\000\000\254\000\000\000boardInit\000\000\000\000\000"
 175      0000626F 
 175      61726449 
 175      6E697400 
 175      00000000 
 176 002a 00000000 		.ascii	"\000\000\000\000\000\000\000\256\000\000\000pal_def"
 176      000000AE 
 176      00000070 
 176      616C5F64 
 176      6566
 177 003c 61756C74 		.ascii	"ault_config\000\000\000\000\000\000\000\000\000\000"
 177      5F636F6E 
 177      66696700 
 177      00000000 
 177      00000000 
 178 0051 00000601 		.ascii	"\000\000\006\001\000\000stm32_clock_init\000\000\002"
 178      00007374 
 178      6D33325F 
 178      636C6F63 
 178      6B5F696E 
 179 006a 00000000 		.ascii	"\000\000\000\000\000\000\000\000\000\260\000\000\000"
 179      00000000 
 179      00B00000 
 179      00
 180              		.text
 181              		.section	.gnu.lto_.opts,"",%progbits
 182 0000 272D666E 		.ascii	"'-fno-trapv' '-mcpu=cortex-m4' '-mno-thumb-interwor"
 182      6F2D7472 
 182      61707627 
 182      20272D6D 
 182      6370753D 
 183 0033 6B272027 		.ascii	"k' '-mthumb' '-ggdb' '-O2' '-fomit-frame-pointer' '"
 183      2D6D7468 
 183      756D6227 
 183      20272D67 
 183      67646227 
 184 0066 2D66616C 		.ascii	"-falign-functions=16' '-ffunction-sections' '-fdata"
 184      69676E2D 
 184      66756E63 
 184      74696F6E 
 184      733D3136 
 185 0099 2D736563 		.ascii	"-sections' '-fno-common' '-flto'\000"
 185      74696F6E 
 185      73272027 
 185      2D666E6F 
 185      2D636F6D 
ARM GAS  /var/folders/nx/qt6_p4ls4xzbnqkz75ny5wl40000gp/T//cca3rsnf.s 			page 14


 186              		.text
 187              		.comm	__gnu_lto_v1,1,1
 188              		.comm	__gnu_lto_slim,1,1
 189              		.ident	"GCC: (GNU Tools for ARM Embedded Processors) 4.9.3 20150529 (release) [ARM/embedded-4_9-br
ARM GAS  /var/folders/nx/qt6_p4ls4xzbnqkz75ny5wl40000gp/T//cca3rsnf.s 			page 15


DEFINED SYMBOLS
                            *ABS*:0000000000000000 board.c
                            *COM*:0000000000000001 __gnu_lto_v1
                            *COM*:0000000000000001 __gnu_lto_slim

NO UNDEFINED SYMBOLS
