ARM GAS  /var/folders/nx/qt6_p4ls4xzbnqkz75ny5wl40000gp/T//ccKXo8QH.s 			page 1


   1              		.syntax unified
   2              		.cpu cortex-m4
   3              		.fpu softvfp
   4              		.eabi_attribute 20, 1
   5              		.eabi_attribute 21, 1
   6              		.eabi_attribute 23, 3
   7              		.eabi_attribute 24, 1
   8              		.eabi_attribute 25, 1
   9              		.eabi_attribute 26, 1
  10              		.eabi_attribute 30, 2
  11              		.eabi_attribute 34, 1
  12              		.eabi_attribute 18, 4
  13              		.thumb
  14              		.file	"chcore_v7m.c"
  15              		.text
  16              	.Ltext0:
  17              		.section	.gnu.lto_.profile.ff17fbf3d30400d,"",%progbits
  18 0000 789C6366 		.ascii	"x\234cf```a\200\000F\006C\031\000\000\362\000V"
  18      60606061 
  18      80004606 
  18      43190000 
  18      F20056
  19              		.text
  20              		.section	.gnu.lto_.jmpfuncs.ff17fbf3d30400d,"",%progbits
  21 0000 789C6366 		.ascii	"x\234cf\300\016x\24143\214`\001b\000\002\024\000\033"
  21      C00E78A1 
  21      34338C60 
  21      01620002 
  21      14001B
  22              		.text
  23              		.section	.gnu.lto_.inline.ff17fbf3d30400d,"",%progbits
  24 0000 789C6366 		.ascii	"x\234cf\300\016\334\24043\003\003\277\030#\003\223\310"
  24      C00EDCA0 
  24      34330303 
  24      BF182303 
  24      93C8
  25 0012 851E4606 		.ascii	"\205\036F\006\266\005\362L A&n\260\014\0277P\202gN$"
  25      B605F24C 
  25      2041266E 
  25      B00C1737 
  25      5082674E 
  26 0027 5C9C910B 		.ascii	"\\\234\221\013H\2600pr\200\304\037\304\302\305\031\000"
  26      48B03070 
  26      7280C41F 
  26      C4C2C519 
  26      00
  27 0038 005306D0 		.ascii	"\000S\006\320"
  28              		.text
  29              		.section	.gnu.lto_.pureconst.ff17fbf3d30400d,"",%progbits
  30 0000 789C6366 		.ascii	"x\234cf```g\200\000f\006+f+\026+\000\002\350\000\303"
  30      60606067 
  30      80006606 
  30      2B662B16 
  30      2B0002E8 
  31              		.text
  32              		.section	.gnu.lto__port_irq_epilogue.part.0.ff17fbf3d30400d,"",%progbits
  33 0000 789C9D54 		.ascii	"x\234\235T\377oSU\024\277\347\336\373^K\333m\306\037"
ARM GAS  /var/folders/nx/qt6_p4ls4xzbnqkz75ny5wl40000gp/T//ccKXo8QH.s 			page 2


  33      FF6F5355 
  33      14BFE7DE 
  33      FB5E4BDB 
  33      6DC61F
  34 0013 0CE20F5D 		.ascii	"\014\342\017]\262\220\305\010}\306_\374Ec\314\242\211"
  34      B290C508 
  34      7DC65FFC 
  34      4563CCA2 
  34      89
  35 0024 3F3490F5 		.ascii	"?4\220\365\0170Rj\326\010\264i;]b\010\257]q\203\350"
  35      0F30526A 
  35      D608B469 
  35      3B5D6208 
  35      AF5D7183 
  36 0039 E48B420D 		.ascii	"\344\213B\015\031\242\204\350V\335\012*0@We\2239\244"
  36      19A284E8 
  36      56DD0A2A 
  36      30405765 
  36      9339A4
  37 004c 4AC8C6A0 		.ascii	"J\310\306\240\270\325eSLX\034LaO2\3529\267\205Y\334"
  37      B8D56553 
  37      4C581C4C 
  37      614F32EA 
  37      39B78559 
  38 0061 0FC626BD 		.ascii	"\017\306&\275\367\335s\317\347\236\317\375|\316{\202"
  38      F7DD73CF 
  38      E79ECFFD 
  38      7CCE7B82 
  39 0071 FDFBF71C 		.ascii	"\375\373\367\034\376\015\215\261\3758\203\215\201\276"
  39      FE0D8DB1 
  39      FD38838D 
  39      81BE
  40 007f 23870F3A 		.ascii	"#\207\017:p5s.\332\353\231\351\2204\272\004h\024\215"
  40      7035732E 
  40      DAEB99E9 
  40      9034BA04 
  40      68148D
  41 0092 DBE5DD07 		.ascii	"\333\345\335\007\015\200\036\030\260-:\027R\203-\360"
  41      0D801E18 
  41      B02D3A17 
  41      52832DF0 
  42 00a2 1BBFCE61 		.ascii	"\033\277\316aG6\235r\326\0372Ms\366\303\376\345[\227"
  42      47369D72 
  42      D61F324D 
  42      73F6C3FE 
  42      E55B97
  43 00b5 5B9CB139 		.ascii	"[\234\2619^\252\010\037A=\303\234\353\311\205\213N="
  43      5EAA081F 
  43      413DC39C 
  43      EBC9858B 
  43      4E3D
  44 00c7 89390F94 		.ascii	"\2119\017\224\366\340c\254\313\230\300\275\256+\177"
  44      F6E063AC 
  44      CB98C0BD 
  44      AE2B7F
  45 00d6 66AB8507 		.ascii	"f\253\205\007(\257\257\347\217s\316\253\334\342PK\313"
  45      28AFAFE7 
ARM GAS  /var/folders/nx/qt6_p4ls4xzbnqkz75ny5wl40000gp/T//ccKXo8QH.s 			page 3


  45      8F73CEAB 
  45      DCE2504B 
  45      CB
  46 00e7 13BB8652 		.ascii	"\023\273\206R:-\271\244\345\3177~\237\201\272\017L3"
  46      3A2DB9A4 
  46      E5CF377E 
  46      9F81BA0F 
  46      4C33
  47 00f9 313B733C 		.ascii	"1;s<\377\320{\346\201\304N\263X|\006,.\240\013\004\236"
  47      FFD07BE6 
  47      81C44EB3 
  47      587C062C 
  47      2EA00B04 
  48 010e 0CDDB002 		.ascii	"\014\335\260\002\322\260\242|c\370\004\352\020\370K"
  48      D2B0A27C 
  48      63F804EA 
  48      10F84B
  49 011d FA9D368D 		.ascii	"\372\2356\215\200\333\221\342\230k\353\220\231,\024"
  49      80DB91E2 
  49      986BEB90 
  49      992C14
  50 012c 8B6E84B1 		.ascii	"\213n\204\261%0\237*\314\236\221sv\261^\261z\353\342"
  50      25309F2A 
  50      CC9E9173 
  50      76B15EB1 
  50      7AEBE2
  51 013f 64A146D5 		.ascii	"d\241F\325-\3349\230s\231\367\340\022z\226\254\332\013"
  51      2DDC3998 
  51      7399F7E0 
  51      127A96AC 
  51      DA0B
  52 0151 75BD0F9A 		.ascii	"u\275\017\232H\355\327\334J\027(\026\\E\205\032%\263"
  52      48EDD7DC 
  52      4A172816 
  52      5C45851A 
  52      25B3
  53 0163 B8A6E1A0 		.ascii	"\270\246\341\24036\205j\220\254S\270\300YLs\256\346"
  53      3336856A 
  53      90AC53B8 
  53      C0594C73 
  53      AEE6
  54 0175 3CC427F3 		.ascii	"<\304'\363\326QQ)\036\241\225v\254R\325\302\340\301"
  54      D6515129 
  54      1EA19576 
  54      AC52D5C2 
  54      E0C1
  55 0187 F3924106 		.ascii	"\363\222A\006\3649\016\367\011N\325\031\034&\014\034"
  55      F4390EF7 
  55      094ED519 
  55      1C260C1C 
  56 0197 C111650F 		.ascii	"\301\021e\017b\306\356So\367\327\270_\3534S\265\026"
  56      62C6EE53 
  56      6FF7D7B8 
  56      5FEB3453 
  56      B516
  57 01a9 B711E6DA 		.ascii	"\267\021\346\332\374\205\001\233D>\360\031\270U\201"
  57      FC85019B 
ARM GAS  /var/folders/nx/qt6_p4ls4xzbnqkz75ny5wl40000gp/T//ccKXo8QH.s 			page 4


  57      443EF019 
  57      B85581
  58 01b8 F733A6E5 		.ascii	"\3673\246\345\304\010|\016\362\026\036\314\340\013\220"
  58      C4087C0E 
  58      F2161ECC 
  58      E00B90
  59 01c7 6C141205 		.ascii	"l\024\022\005\242F\247\321\341\264s\031\022cm{;\006"
  59      A246A7D1 
  59      E1B47319 
  59      12636D7B 
  59      3B06
  60 01d9 75E2708B 		.ascii	"u\342p\213s\212\215\002\247\025q\306\010\246\264\246"
  60      738A8D02 
  60      A71571C6 
  60      08A6B4A6 
  61 01e9 DE18ED7A 		.ascii	"\336\030\355z\242\224!0\204\025\256n\033\232_\246\034"
  61      A2942130 
  61      8415AE6E 
  61      1B9A5FA6 
  61      1C
  62 01fa 46458B35 		.ascii	"FE\2135\014\216\242\212\025@Ag\317\316\346\022\032\305"
  62      0C8EA28A 
  62      15404167 
  62      CFCEE612 
  62      1AC5
  63 020c 107279AC 		.ascii	"\020ry\254o\301F\020Y\202P\013\365\356\314\210N\330"
  63      6FC14610 
  63      5982500B 
  63      F5EECC88 
  63      4ED8
  64 021e 17374DBB 		.ascii	"\0277M\273\305\355x4\034#7\350\012#{\026\252V\247Q\210"
  64      C5ED7834 
  64      1C2337E8 
  64      0A237B16 
  64      AA56A751 
  65 0233 ECC3165F 		.ascii	"\354\303\026_\006\307\241\023n\250\356\204>X\215\011"
  65      06C7A113 
  65      6EA8EE84 
  65      3E588D09 
  66 0243 BBFA2EBD 		.ascii	"\273\372.\275\351\240\343\034\230cgp\002\201Xq\274m"
  66      E9A0E31C 
  66      98636770 
  66      02815871 
  66      BC6D
  67 0255 BCDB51A2 		.ascii	"\274\333Q\242*\211D\231\023\002:\316\304\207\245x]\311"
  67      2A894499 
  67      13023ACE 
  67      C487A578 
  67      5DC9
  68 0267 FCD3F7C9 		.ascii	"\374\323\367\311`\2511\376:\035\310&\017\230w\212E\325"
  68      60A931FE 
  68      3A1DC826 
  68      0F98778A 
  68      45D5
  69 0279 8D2797EC 		.ascii	"\215'\227\354\213St!\311\362\220\230\314\317\034\253"
  69      8B537421 
  69      C9F29098 
ARM GAS  /var/folders/nx/qt6_p4ls4xzbnqkz75ny5wl40000gp/T//ccKXo8QH.s 			page 5


  69      CCCF1CAB 
  70 0289 F4B630DD 		.ascii	"\364\2660\335\375(%\224]\344\367\2776\360\245r\360+"
  70      FD282594 
  70      5DE4F7BF 
  70      36F0A572 
  70      F02B
  71 029b 7A6F806D 		.ascii	"zo\200m\007\334\236\2706\277[\270SP\362\320I\210w\363"
  71      07DC9EB8 
  71      36BF5BB8 
  71      5350F2D0 
  71      498877F3 
  72 02af B7E30EE5 		.ascii	"\267\343\016\345a\377]\017\177\314l\323\310\303,y(q"
  72      61FF5D0F 
  72      7FCC6CD3 
  72      C8C32C79 
  72      2871
  73 02c1 E76B9018 		.ascii	"\347k\220\030\317\035\0368bs\357\203\1774@!sh\020\024"
  73      CF1D1E38 
  73      6273EF83 
  73      7F344021 
  73      73681014 
  74 02d5 F81B02C3 		.ascii	"\370\033\002\303i4\373\012\264f'\206]%%4L\332\177\241"
  74      6934FB0A 
  74      B4662786 
  74      5D252534 
  74      4CDA7FA1 
  75 02e9 A3876FBE 		.ascii	"\243\207o\276m\266\223\324\2569\224\206\301\000l\306"
  75      6DB693D4 
  75      AE399486 
  75      C1006CC6 
  76 02f9 6EAE6223 		.ascii	"n\256b#\220\274\324\272n1wb\352\207\363v\322\226\230"
  76      90BCD4BA 
  76      6E317762 
  76      EA87F376 
  76      D29698
  77 030c 0F967598 		.ascii	"\017\226u\230FH{\275@\215o\266\345\322k\313\252\376"
  77      46487BBD 
  77      408D6FB6 
  77      E5D26BCB 
  77      AAFE
  78 031e 370B1F21 		.ascii	"7\013\037!\013\277U\026\002\011zFY\270H)\373\224\305"
  78      0BBF5516 
  78      02097A46 
  78      59B84829 
  78      FB94C5
  79 0331 ABE7D42D 		.ascii	"\253\347\324-\207\220\023\025\223\367\212\335\374?\305"
  79      87901315 
  79      93F78ADD 
  79      FC3FC5
  80 0340 BE5B2C36 		.ascii	"\276[,6\274t1\374\240\302\331r1M\275\273\343\020\317"
  80      BC7431FC 
  80      A0C2D972 
  80      314DBDBB 
  80      E310CF
  81 0353 EE3DABFA 		.ascii	"\356=\253\372\205.<\205p\014\243\256\217y<FCSp]p\215"
  81      852E3C85 
  81      700CA3AE 
ARM GAS  /var/folders/nx/qt6_p4ls4xzbnqkz75ny5wl40000gp/T//ccKXo8QH.s 			page 6


  81      8F793C46 
  81      4353705D 
  82 0369 CF08458D 		.ascii	"\317\010E\215H\314\010\207\"\261\250\361l\243\267\301"
  82      48CC0887 
  82      22B1A8F1 
  82      6CA3B7C1 
  83 0379 DB62F89B 		.ascii	"\333b\370\233\374\241H\340\305W\237\334\350\3613=\022"
  83      FCA148E0 
  83      C5579FDC 
  83      E8F1333D 
  83      12
  84 038a 88366F88 		.ascii	"\2106o\210y*!\201\226\230\321\340\365\275\3403\202\233"
  84      792A2181 
  84      9698D1E0 
  84      F5BDE033 
  84      829B
  85 039c FC1B9AD7 		.ascii	"\374\033\232\327\007\014\005\361o|\276y\223\337\323"
  85      070C05F1 
  85      6F7CBE79 
  85      93DFD3
  86 03ab C4A43FD6 		.ascii	"\304\244?\326\022\256\3626\372jW>\276\2526\034\015;"
  86      12AEF236 
  86      FA6A573E 
  86      BEAA361C 
  86      0D3B
  87 03bd 98783AC2 		.ascii	"\230x:\302\252c\241\360\232\227\327FB~_\354%\377+U^"
  87      AA63A1F0 
  87      9A97D746 
  87      427E5FEC 
  87      25FF2B55 
  88 03d2 5F236DAE 		.ascii	"_#m\256\302,\007\343\021&\242a\3667K\355\005\260"
  88      C22C07E3 
  88      1126A261 
  88      F6374BED 
  88      05B0
  89              		.text
  90              		.section	.gnu.lto__port_irq_epilogue.ff17fbf3d30400d,"",%progbits
  91 0000 789C8D53 		.ascii	"x\234\215S[KTQ\024\336k\2373\3438\016%=H\370\320\014"
  91      5B4B5451 
  91      14DE6B9F 
  91      33E3380E 
  91      253D48F8 
  92 0016 44585473 		.ascii	"DXTsz\312\227 B\010z\220@\177@\3304\240\240)\343\005"
  92      7ACA9720 
  92      42087A90 
  92      407F40D8 
  92      34A0A029 
  93 002c 7B10F78C 		.ascii	"{\020\367\214c\365Pfw-\274\224Z\326\224\227,\313\311"
  93      63F55066 
  93      772DBC94 
  93      5AD69497 
  93      2CCBC9
  94 003f D2EC2652 		.ascii	"\322\354&Rf4v'\247\213\221d\240N\027\007\251i\255=\223"
  94      66347627 
  94      A78B9164 
  94      A04E1707 
  94      A969AD3D 
ARM GAS  /var/folders/nx/qt6_p4ls4xzbnqkz75ny5wl40000gp/T//ccKXo8QH.s 			page 7


  95 0054 3866D0C0 		.ascii	"8f\320\300\234}\366^\337Z\337\332\337\372\216\302\376"
  95      9C7DF65E 
  95      DF5ADFDA 
  95      DFFA8EC2 
  95      FE
  96 0065 FE6DC0FF 		.ascii	"\376m\300\377J\225\261V\\A\317\200W\0162\3464p\256\370"
  96      4A95B156 
  96      5C41CF80 
  96      570E32E6 
  96      3470AEF8 
  97 0079 129830AA 		.ascii	"\022\2300\252\335\311L\230\024\320\3211\250\341\325"
  97      DDC94C98 
  97      14D0D131 
  97      A8E1D5
  98 0088 69D001D0 		.ascii	"i\320\001\320\013\003V\312\025U\007\2450\306'9T\366"
  98      0B0356CA 
  98      155507A5 
  98      30C62739 
  98      54F6
  99 009a 7AAAE292 		.ascii	"z\252\342\222\232\204\020\023\247{\226\226/\015r\306"
  99      9A841013 
  99      A77B9696 
  99      2F0D72C6 
 100 00aa 023C4C04 		.ascii	"\002<L\004g!\211!f\322\375\363Y\234\336\215\230\370"
 100      67218921 
 100      66D2FDF3 
 100      599CDE8D 
 100      98F8
 101 00bc 700C9A41 		.ascii	"p\014\232A\017\270\266.\351\025\241\320\373\272\361"
 101      0FB8B62E 
 101      E915A1D0 
 101      FBBAF1
 102 00cb 17AA4161 		.ascii	"\027\252AaA\016*=\030\373\200 \"\033\345\234V\345)\270"
 102      410E2A3D 
 102      18FB8020 
 102      221BE59C 
 102      56E529B8 
 103 00df E2A950C0 		.ascii	"\342\251P\300#\216(\212\025\350\275\253\345\353\303"
 103      238E288A 
 103      15E8BDAB 
 103      E5EBC3
 104 00ee B84F3CC8 		.ascii	"\270O<\310\271\205\266\336C\375Uz\332**m?\373N5\031"
 104      B985B6DE 
 104      43FD557A 
 104      DA2A2A6D 
 104      3FFB4E35 
 105 0103 979F12C2 		.ascii	"\227\237\022\30251\336V\233P-\352]\225H\265\021\202"
 105      3531DE56 
 105      9B502DEA 
 105      5D9548B5 
 105      1182
 106 0115 5C8573A0 		.ascii	"\\\205s\240`\033p\036\022\301\003\211\021U\340\002,"
 106      601B701E 
 106      12C10389 
 106      1155E002 
 106      2C
 107 0126 C7C4B7FB 		.ascii	"\307\304\267\373\277u\000\325Q-\014.b\364\025\270\336"
ARM GAS  /var/folders/nx/qt6_p4ls4xzbnqkz75ny5wl40000gp/T//ccKXo8QH.s 			page 8


 107      BF7500D5 
 107      512D0C2E 
 107      62F415B8 
 107      DE
 108 0137 1DDCF3B1 		.ascii	"\035\334\363\261J\037u\021\277\273T\336\"\300!\372\206"
 108      4A1F7511 
 108      BFBB54DE 
 108      22C021FA 
 108      86
 109 0148 FEE74D1B 		.ascii	"\376\347M\033\031\264P\204GGz\207\226\021\007\203V\012"
 109      19B45084 
 109      47477A87 
 109      96110783 
 109      560A
 110 015a 2AF38581 		.ascii	"*\363\205\2016\234\005\203vR\006\330\001\300\360\310"
 110      369C0583 
 110      765206D8 
 110      01C0F0C8 
 111 016a F8F461C5 		.ascii	"\370\364a\305\\\0175\242\312\022\344:\3128\372j\306"
 111      5C0F35A2 
 111      CA12E43A 
 111      CA38FA6A 
 111      C6
 112 017b 6954511E 		.ascii	"iTQ\036\270\004fF''\312\217W\233\360\004:pV\3240\203"
 112      B8046646 
 112      2727CA8F 
 112      579BF004 
 112      3A7056D4 
 113 0191 CBA06260 		.ascii	"\313\240b``O\375w\325\334\020\311\326\023vh\374\236"
 113      604FFD77 
 113      D5DC10C9 
 113      D6137668 
 113      FC9E
 114 01a3 3756665F 		.ascii	"7Vf_\241l\350D\301_B_g\327X\335z\272\315\017\256\220"
 114      A16CE844 
 114      C15F425F 
 114      67D758DD 
 114      7ABACD0F 
 115 01b9 76531523 		.ascii	"vS\025#F\222 F\274,\023\213(q\344\303\243\307\006y$"
 115      46922046 
 115      BC2C138B 
 115      2871E4C3 
 115      A3C70679 
 116 01ce 39DB0742 		.ascii	"9\333\007B\003\246\0328\211j\032\340*\312x\215x1P\021"
 116      03A61A38 
 116      896A1AE0 
 116      2ACA788D 
 116      78315011 
 117 01e2 E87F1BBB 		.ascii	"\350\177\033\273\326#\334\030\211\205.\250\201)\351"
 117      D623DC18 
 117      89852EA8 
 117      8129E9
 118 01f1 05F0C25A 		.ascii	"\005\360\302Zd*\233\336\355\343a\"5\314\345\367>\250"
 118      642A9BDE 
 118      EDE36122 
 118      35CCE5F7 
 118      3EA8
ARM GAS  /var/folders/nx/qt6_p4ls4xzbnqkz75ny5wl40000gp/T//ccKXo8QH.s 			page 9


 119 0203 93858124 		.ascii	"\223\205\201$\270\216e\206\301\375\242,1\002B\204\363"
 119      B88E6586 
 119      C1FDA22C 
 119      31024284 
 119      F3
 120 0214 CCF57D31 		.ascii	"\314\365}1\022\201e\272#\343\032E\375|\011\312k(\213"
 120      128165BA 
 120      23E31A45 
 120      FD7C09CA 
 120      6B288B
 121 0227 272451D7 		.ascii	"'$Q\327>\251h\341%3b\2570\004\2711\300\321\340p\003"
 121      3EA968E1 
 121      253362AF 
 121      3004B931 
 121      C0D1E070 
 122 023c 4AD05071 		.ascii	"J\320Pq2Ae\335\311\263F\232k\217\312\272\377\262\307"
 122      324165DD 
 122      C9B3469A 
 122      6B8FCABA 
 122      FFB2C7
 123 024f 4D698F59 		.ascii	"Mi\217Y!\250|\317\277\355\321\330\001\021\177\350\346"
 123      21A87CCF 
 123      BFEDD1D8 
 123      01117FE8 
 123      E6
 124 0260 FB6312FD 		.ascii	"\373c\022\375\321K\021\375<\177\0343\023\011\203[\013"
 124      D14B11FD 
 124      3C7F1C33 
 124      1309835B 
 124      0B
 125 0271 FBA34FFA 		.ascii	"\373\243O\372\343\366\034\1774~\361{\365\177F\337#G"
 125      E3F61C7F 
 125      347EF17B 
 125      F57F46DF 
 125      2347
 126 0283 7F478E7E 		.ascii	"\177G\216~\376\234\357\342\234I\003\235\374\232\336"
 126      FE9CEFE2 
 126      9C49039D 
 126      FC9ADE
 127 0292 80D33F7A 		.ascii	"\200\323?zi\025\342\216\015?4(\036\220\026\336\377\354"
 127      6915E28E 
 127      0D3F3428 
 127      1E9016DE 
 127      FFEC
 128 02a4 9D7FB194 		.ascii	"\235\177\261\224\304\377\253a\320$\372\205\333\037\012"
 128      C4FFAB61 
 128      D024FA85 
 128      DB1F0A
 129 02b3 9983DC04 		.ascii	"\231\203\334\004\367\026\022$\272=\270O\2357\313\026"
 129      F7161224 
 129      BA3DB84F 
 129      9D37CB16 
 130 02c3 FBE9491F 		.ascii	"\373\351I\0371\020\035v\261\332j\325R2\263\266gmM\327"
 130      31101D76 
 130      B1DA6AD5 
 130      5232B3B6 
 130      676D4DD7 
ARM GAS  /var/folders/nx/qt6_p4ls4xzbnqkz75ny5wl40000gp/T//ccKXo8QH.s 			page 10


 131 02d7 72F33547 		.ascii	"r\3635G\201\226\227\353(\310\3276\245\245\246\244\026"
 131      819697EB 
 131      28C8D736 
 131      A5A5A6A4 
 131      16
 132 02e8 6BB64C5B 		.ascii	"k\266L[\256\303\276\255(9\307jc\272\242\214\354B\373"
 132      AEC3BEAD 
 132      2839C76A 
 132      63BAA28C 
 132      EC42FB
 133 02fb FF676432 		.ascii	"\377gd2k4\326^\\\240\245\244\246oI\327\262v\332\262"
 133      6B34D65E 
 133      5CA0A5A4 
 133      A66F49D7 
 133      B276DAB2 
 134 030f 0B77D835 		.ascii	"\013w\3305\211\265\345l.\334iCx|jz\232e{F\276=\317\221"
 134      89B5E56C 
 134      2EDC6943 
 134      787C6A7A 
 134      9A657B46 
 135 0327 B5C6B262 		.ascii	"\265\306\262b\035\343\016\026\223c\317\311u\354b\252"
 135      1DE30E16 
 135      9363CFC9 
 135      75EC62AA 
 136 0337 ADA038EF 		.ascii	"\255\2408\3577\036\331\255\357"
 136      371ED9AD 
 136      EF
 137              		.text
 138              		.section	.gnu.lto_SVC_Handler.ff17fbf3d30400d,"",%progbits
 139 0000 789C8D93 		.ascii	"x\234\215\223\333o\023G\024\207\317\231\231\254\335"
 139      DB6F1347 
 139      1487CF99 
 139      99ACDD
 140 000f A4848807 		.ascii	"\244\204\210\007\036\362bK\021\342\241\310\013\342\201"
 140      1EF2624B 
 140      11E2A1C8 
 140      0BE281
 141 001e 27845024 		.ascii	"'\204P$\244>X\240\370\017\250\302b\210\333\004\233\265"
 141      A43E58A0 
 141      F80FA8C2 
 141      6288DB04 
 141      9BB5
 142 0030 03A97860 		.ascii	"\003\251x`\355\204\232\026A\271\343\200\020 \021\265"
 142      ED849A16 
 142      41B9E380 
 142      102011B5 
 143 0040 341412EE 		.ascii	"4\024\022\356\204K\014\204\020(\341\"\256\"\\\026\023"
 143      844B0C84 
 143      1028E122 
 143      AE225C16 
 143      13
 144 0051 10B4894A 		.ascii	"\020\264\211JH\003\270\210\2309c\027\341\020\211Z\362"
 144      4803B888 
 144      98396317 
 144      E110895A 
 144      F2
 145 0062 EEEC39BF 		.ascii	"\356\3549\277s\373f\206\303\247\277R\371_$\000\236\313"
ARM GAS  /var/folders/nx/qt6_p4ls4xzbnqkz75ny5wl40000gp/T//ccKXo8QH.s 			page 11


 145      73FB6686 
 145      C3A7BF52 
 145      F95F2400 
 145      9ECB
 146 0074 377240B6 		.ascii	"7r@\266\3462@\324\311\020i\001\010\313\030.\303\347"
 146      E63240D4 
 146      C9106901 
 146      08CB182E 
 146      C3E7
 147 0086 6C80E19A 		.ascii	"l\200\341\232ds\242hb\223eY/RW\242s\222\230f\000\203"
 147      6473A268 
 147      62936559 
 147      2F5257A2 
 147      73929866 
 148 009c 2C9B077F 		.ascii	",\233\007\177\301\211 E\233nv;\271\007iyl\357?\335E"
 148      C1892045 
 148      9B6E763B 
 148      B9076979 
 148      6CEF3FDD 
 149 00b1 CF589AA1 		.ascii	"\317X\232\241\233>\333\326u%4\372d\202>W\335N\331c\313"
 149      9B3EDBD6 
 149      752534FA 
 149      64823E57 
 149      DD4ED963 
 150 00c6 765A56CC 		.ascii	"vZV\314^\361\370\217/\255.\253\301\316d\\i\306\361W"
 150      5EF1F88F 
 150      2FAD2EAB 
 150      C1CE645C 
 150      69C6F157 
 151 00da E4322DEE 		.ascii	"\3442-\356\306R\374\015Ks\215\312\220\201\206w\267\213"
 151      C652FC0D 
 151      4B738DCA 
 151      90818677 
 151      B78B
 152 00ec B406D940 		.ascii	"\264\006\331@\0116cY\2666\356A\015\001\030Y\244f\367"
 152      09366359 
 152      B636EE41 
 152      0D011859 
 152      A466F7
 153 00ff BDA16431 		.ascii	"\275\241d1\237\252\032x\364\362\357~T%^\374{\264g|\243"
 153      9FAA1A78 
 153      F4F2EF7E 
 153      54255EFC 
 153      7BB4677C 
 154 0114 B523B6D6 		.ascii	"\265#\266\326\312df\310\306\005\376>Z\021\334\213e\373"
 154      CA6466C8 
 154      C605FE3E 
 154      5A11DC8B 
 154      65FB
 155 0126 C625A5E8 		.ascii	"\306%\245\350\370@<\256oa\016)\221\211\271z\012H\263"
 155      F8403CAE 
 155      6F610E29 
 155      9189B97A 
 155      0A48B3
 156 0139 024D8900 		.ascii	"\002M\211\000zeqB\364\2041z\363\036\214\246\206\322"
 156      7A657142 
 156      F484317A 
ARM GAS  /var/folders/nx/qt6_p4ls4xzbnqkz75ny5wl40000gp/T//ccKXo8QH.s 			page 12


 156      F31E8CA6 
 156      86D2
 157 014b 87795E9F 		.ascii	"\207y^\237\366\362\247I\241Z\034d8r\004J\203\373P\223"
 157      F6F2A749 
 157      A15A1C64 
 157      3872044A 
 157      83FB5093 
 158 015f 655BE453 		.ascii	"e[\344S\016\021\220\212\365'~n\037\353Z\262\315J\270"
 158      0E11908A 
 158      F5277E6E 
 158      1FEB5AB2 
 158      CD4AB8
 159 0172 D34CA398 		.ascii	"\323L\243\230\2767\327;\034B\226\303Vt)\020\333[\254"
 159      BE37D73B 
 159      1C4296C3 
 159      56742910 
 159      DB5BAC
 160 0185 7491B4E0 		.ascii	"t\221\264\340~\024\257\031%8\200\002na\314\246\016("
 160      7E14AF19 
 160      25388002 
 160      6E61CCA6 
 160      0E28
 161 0197 1B2527CF 		.ascii	"\033%'\317]\214\335\211oN\324k\324\303k\306\310v\013"
 161      5D8CDD89 
 161      6F4ED46B 
 161      D4C36BC6 
 161      C8760B
 162 01aa 9982D64C 		.ascii	"\231\202\326L\022&%\365\211\037\2366\026g\025\\\232"
 162      122625F5 
 162      891F9E36 
 162      1667155C 
 162      9A
 163 01bb 3EDE3BE6 		.ascii	">\336;\346\006<(\371\344\005q\312\373 >\334\230K+\310"
 163      063C28F9 
 163      E40571CA 
 163      FB203EDC 
 163      984B2BC8 
 164 01cf 9453C8E0 		.ascii	"\224S\310\340\325\347\243\027\005_\252\006\276\177\251"
 164      D5E7A317 
 164      055FAA06 
 164      BE7FA9
 165 01de 2190DDE5 		.ascii	"!\220\335\345\341=\332\207=\026xhT\374\207)\273\200"
 165      E13DDA87 
 165      3D167868 
 165      54FC8729 
 165      BB80
 166 01f0 1E8CA586 		.ascii	"\036\214\245\206\372\217\214`\331\273\200\3749\232l"
 166      FA8F8C60 
 166      D9BB80FC 
 166      399A6C
 167 01ff 044DC023 		.ascii	"\004M\300#\212\344Q:\015\010?\241t?\354{\263\236\273"
 167      8AE4513A 
 167      0D083FA1 
 167      743FEC7B 
 167      B39EBB
 168 0212 129865E9 		.ascii	"\022\230e\351\240\210\215=o\243\205\212\345\261\377"
 168      A0888D3D 
ARM GAS  /var/folders/nx/qt6_p4ls4xzbnqkz75ny5wl40000gp/T//ccKXo8QH.s 			page 13


 168      6FA3858A 
 168      E5B1FF
 169 0221 585E6DF9 		.ascii	"X^m\371\261\200X\266\021Ky\023\3608\012i\277\334\332"
 169      B18058B6 
 169      114B7913 
 169      F0380A69 
 169      BFDCDA
 170 0234 B1DFE1DA 		.ascii	"\261\337\341\332\212\037m\204\335\322t\016U\360\011"
 170      8A1F6D84 
 170      DDD2740E 
 170      55F009
 171 0243 0AC69359 		.ascii	"\012\306\223Y\350%\344\033l\2666p\276\035\325\320\177"
 171      E825E41B 
 171      6CB63670 
 171      BE1DD5D0 
 171      7F
 172 0254 DDD8D954 		.ascii	"\335\330\331T\230=x\335\313_\032\353\352\255]r\231\231"
 172      983D78DD 
 172      CB5F1AEB 
 172      EAAD5D72 
 172      9999
 173 0266 A1263F35 		.ascii	"\241&?5\352\344\355\352\364>\354\275r\315I\330\251\217"
 173      EAE4EDEA 
 173      F43EECBD 
 173      72CD49D8 
 173      A98F
 174 0278 A4F42A12 		.ascii	"\244\364*\022\255\235S\362It|\233\243\300\363)\330["
 174      AD9D53F2 
 174      49747C9B 
 174      A3C0F329 
 174      D85B
 175 028a 560E3B00 		.ascii	"V\016;\000O\223K\344\273\222\233\\T\003\360\0149\013"
 175      4F934BE4 
 175      BB929B5C 
 175      5403F00C 
 175      390B
 176 029c 3EA17756 		.ascii	">\241wV\321\353\310\322\273\366Yz\347r\364v\365\333"
 176      D1EBC8D2 
 176      BBF6597A 
 176      E772F476 
 176      F5DB
 177 02ae 6D1AD1EB 		.ascii	"m\032\321\353D\241\032\006<\257\360]\214\357x%\\\251"
 177      44A11A06 
 177      3CAFF05D 
 177      8CEF7825 
 177      5CA9
 178 02c0 5CB493B4 		.ascii	"\\\264\223\264W\373:\333\276P\321]\012\337\005\211\357"
 178      57FB3ADB 
 178      BE50D15D 
 178      0ADF0589 
 178      EF
 179 02d1 0146ED27 		.ascii	"\001F\355'\177:i\032\302\320+o\211\274LR\363\225\307"
 179      7F3A691A 
 179      C2D02B6F 
 179      89BC4C52 
 179      F395C7
 180 02e4 A3975705 		.ascii	"\243\227W\005\346\006f\373\364`X7#z(hF\302\372\314\012"
ARM GAS  /var/folders/nx/qt6_p4ls4xzbnqkz75ny5wl40000gp/T//ccKXo8QH.s 			page 14


 180      E60666FB 
 180      F4605837 
 180      237A2868 
 180      46C2FACC 
 181 02f9 6FB9B74E 		.ascii	"o\271\267N7\252\214\240\351\377f\361\264\032\217\001"
 181      37AA8CA0 
 181      E9FF66F1 
 181      B41A8F01 
 182 0309 C288D485 		.ascii	"\302\210\324\2054\323\037\256\255\216x\362\343\374u"
 182      34D31FAE 
 182      AD8E78F2 
 182      E3FC75
 183 0318 11BDDCEB 		.ascii	"\021\275\334\353\373\332\247\007\026\032\325\265\363"
 183      FBDAA707 
 183      161AD5B5 
 183      F3
 184 0325 FCBA8A33 		.ascii	"\374\272\2123jf\325.4<U0\306[\341sO\230<\311\035\012"
 184      6A66D52E 
 184      343C5530 
 184      C65BE173 
 184      4F983CC9 
 185 033b 870A814F 		.ascii	"\207\012\201O7\2418\022\014\315\236?\307\014\032\276"
 185      37A13812 
 185      0CCD9E3F 
 185      C70C1ABE 
 186 034b 48A5F1DD 		.ascii	"H\245\361\335\030\257\257\202\234\223\244\252\020\230"
 186      18AFAF82 
 186      9C93A4AA 
 186      1098
 187 0359 093C1C82 		.ascii	"\011<\034\202\202\305\225\325\265\376\377\337b\025\224"
 187      82C595D5 
 187      B5FEFFDF 
 187      621594
 188 0368 509AB995 		.ascii	"P\232\271\225a\177\310\014P*p\324\370k\202\346\367\360"
 188      617FC80C 
 188      502A70D4 
 188      F86B82E6 
 188      F7F0
 189 037a 1E2DF6CE 		.ascii	"\036-\366\316i"
 189      69
 190              		.text
 191              		.section	.gnu.lto_.symbol_nodes.ff17fbf3d30400d,"",%progbits
 192 0000 789C6366 		.ascii	"x\234cf``(a\200\002\246_\214\365\014\014\023\31610\324"
 192      60602861 
 192      8002A65F 
 192      8CF50C0C 
 192      13CE3130 
 193 0015 D733CE5D 		.ascii	"\3273\316]\304\301\300\370\205\261\236\021\"\300\320"
 193      C4C1C0F8 
 193      85B19E11 
 193      22C0D0
 194 0024 D001E47F 		.ascii	"\320\001\344\177e\254gB\3423}b\254g\206j`\230\267\000"
 194      65AC6742 
 194      E2337D62 
 194      AC67866A 
 194      6098B700 
 195 0038 28F091B1 		.ascii	"(\360\221\261\236\005Y\200\3613c=+LG\003\007\0033\003"
ARM GAS  /var/folders/nx/qt6_p4ls4xzbnqkz75ny5wl40000gp/T//ccKXo8QH.s 			page 15


 195      9E055980 
 195      F133633D 
 195      2B4C4703 
 195      07033303 
 196 004c 2BC393B6 		.ascii	"+\303\223\2667\362\314\314\014\014\207V\2521\000\000"
 196      37F2CCCC 
 196      0C0C8756 
 196      AA310000 
 197 005c C6542104 		.ascii	"\306T!\004"
 198              		.text
 199              		.section	.gnu.lto_.refs.ff17fbf3d30400d,"",%progbits
 200 0000 789C6366 		.ascii	"x\234cf``\340d\200\000&\006&F^&&>\006\000\001~\0001"
 200      6060E064 
 200      80002606 
 200      26465E26 
 200      263E0600 
 201              		.text
 202              		.section	.gnu.lto_.decls.ff17fbf3d30400d,"",%progbits
 203 0000 789CBD58 		.ascii	"x\234\275XkPTG\026\236\276=\014\3140@J\023\223P[\265"
 203      6B505447 
 203      169EBE3D 
 203      0CCC3040 
 203      4A139350 
 204 0016 EA0FD6BC 		.ascii	"\352\017\326\274\0344\373\310VmUD\324\225\332r%C\342"
 204      1C34FBC8 
 204      566D5544 
 204      D495DA72 
 204      2543E2
 205 0029 6EEDA66A 		.ascii	"n\355\246jB\206\211P\213@\206acj\377\\\004\025A\024"
 205      42868950 
 205      8B408661 
 205      636AFF5C 
 205      04154114 
 206 003d 51014560 		.ascii	"Q\001E`\024\224\227<\344\241\240\010\210/\236\212/\320"
 206      1494973C 
 206      E4A1A008 
 206      882F9E8A 
 206      2FD0
 207 004f 2030A011 		.ascii	" 0\240\021#>P1\202\032fOw\337{\347\341\220\370cko\325"
 207      233E5031 
 207      821A664F 
 207      77DF7BE7 
 207      E190F863 
 208 0066 B973CFED 		.ascii	"\271s\317\355\257\277sN\237\323}\273\007\313d\262$$"
 208      AFBF734E 
 208      9FD37DBB 
 208      07CB64B2 
 208      2424
 209 0078 9359E13A 		.ascii	"\223Y\341:3K&\373\017\226\311\344\360.Xf\273\024 \007"
 209      334B26FB 
 209      0F96C9E4 
 209      F02E5866 
 209      BB142007 
 210 008c 412A400E 		.ascii	"A*@\016\201T\203\324\202\034\227\275|\021\234\217\320"
 210      815483D4 
 210      821C97BD 
 210      7C119C8F 
ARM GAS  /var/folders/nx/qt6_p4ls4xzbnqkz75ny5wl40000gp/T//ccKXo8QH.s 			page 16


 210      D0
 211 009d DF1B440D 		.ascii	"\337\033D\015r\012d\010d\016H\035\310(\310 H\007\310"
 211      720A6408 
 211      640E481D 
 211      C828C820 
 211      4807C8
 212 00b0 4A90FB20 		.ascii	"J\220\373 \017@\216\201\214\201p \375 \327\354l?\001"
 212      0F408E81 
 212      8C817020 
 212      FD20D7EC 
 212      6C3F01
 213 00c3 7926D814 		.ascii	"y&\330\024\375p\276\210_^\202\3559N\366\211\015+\310"
 213      FD70BE88 
 213      5F5E82ED 
 213      394EF689 
 213      0D2BC8
 214 00d6 DF20D655 		.ascii	"\337 \326U n \177\007)\026|\203GY\020\334\334\005\236"
 214      206E207F 
 214      0729167C 
 214      83475910 
 214      DCDC059E 
 215 00ea 7FC0F3E7 		.ascii	"\177\300\363\347 :\304\354\207\302\257\036\275l\223"
 215      203AC4EC 
 215      87C2AF1E 
 215      BD6C93
 216 00f9 8C83D229 		.ascii	"\214\203\322)\336!\301\346\034!V\321\2668\226\265v\361"
 216      DE21C1E6 
 216      1C2156D1 
 216      B63896B5 
 216      76F1
 217 010b 88BC3A17 		.ascii	"\210\274:\027\334\0179T_>\336\345y\233C\336\252\331"
 217      DC0F3954 
 217      5F3EDEE5 
 217      799B43DE 
 217      AAD9
 218 011d 443D9ADE 		.ascii	"D=\232\336\232\245\000U\255\222\023\365\330\363\341"
 218      9AA50055 
 218      AD9213F5 
 218      D8F3E1
 219 012c CBF23777 		.ascii	"\313\3627w\362p\245%\360\257\311Q\360,T\210|Q\021\362"
 219      F270A525 
 219      F0AFC951 
 219      F02C5488 
 219      7C5111F2 
 220 0140 85888AD1 		.ascii	"\205\210\212\321\233p\377\247\2341UU&^Wb\016\221\347"
 220      9B70FFA7 
 220      9C315555 
 220      265E5762 
 220      0E91E7
 221 0153 FCACA1CB 		.ascii	"\374\254\241\313\252\367K\240[\022\337l\3016s\373\367"
 221      AAF74BA0 
 221      5B12DF6C 
 221      C13673FB 
 221      F7
 222 0164 55EE40B3 		.ascii	"U\356@\263s\371\346\312\261\216\361\215xW\232y\035?"
 222      73F9E6CA 
 222      B18EF18D 
ARM GAS  /var/folders/nx/qt6_p4ls4xzbnqkz75ny5wl40000gp/T//ccKXo8QH.s 			page 17


 222      78579A79 
 222      1D3F
 223 0176 65B5229E 		.ascii	"e\265\"\236#l\250\004aT\212\336'`\362L{\241\203h\366"
 223      236CA804 
 223      61548ADE 
 223      2760F24C 
 223      7BA18368 
 224 018b 2FBA52E6 		.ascii	"/\272R\346\340\212\271\362\300\210\007^I]9r\256\346"
 224      E08AB9F2 
 224      C088075E 
 224      495D3972 
 224      AEE6
 225 019d 09B168E1 		.ascii	"\011\261h\341\307\272N>[\274-!\255\200\267X\255\277"
 225      C7BA4E3E 
 225      5BBC2D21 
 225      AD80B758 
 225      ADBF
 226 01af A67D50B9 		.ascii	"\246}P\271\235\301r\321`\0055\330\261;\3434\207\267"
 226      9DC172D1 
 226      600535D8 
 226      B13BE334 
 226      87B7
 227 01c1 2116D0CD 		.ascii	"!\026\320\315{\003j\312b\036-\3350\273\225o\266Z?\246"
 227      7B036ACA 
 227      621E2DDD 
 227      30BB956F 
 227      B65A3FA6 
 228 01d5 0C95760C 		.ascii	"\014\225v\014\225\"\303!\312P8z\264D\211\3673\206\354"
 228      9522C321 
 228      CA50387A 
 228      B44489F7 
 228      3386EC
 229 01e8 D4BC562F 		.ascii	"\324\274V/`0\013\221\363B\344\034e\251\262c\251\022"
 229      60300B91 
 229      F342E41C 
 229      65A9B263 
 229      A912
 230 01fa 59AA294B 		.ascii	"Y\252)K\322h\337\035\025\256c,\226\212\342\235\356\224"
 230      D268DF1D 
 230      15AE632C 
 230      968AE29D 
 230      EE94
 231 020c C53C55C5 		.ascii	"\305<U\305/J\344_X\255\2302\324\3301\324\210\014\265"
 231      2F4AE45F 
 231      58AD9832 
 231      D4D831D4 
 231      880CB5
 232 021f 942133A3 		.ascii	"\224!3\243c\217;>E\031\3447'\007\236\272#_\245\237o"
 232      638F3B3E 
 232      4519E437 
 232      27079EBA 
 232      235FA59F 
 233 0234 16EF81EA 		.ascii	"\026\357\201\352\220R\266\221\347\327\361c\353\322^"
 233      9052B691 
 233      E7D7F163 
 233      EBD25E
 234 0243 FB5A86DE 		.ascii	"\373Z\206\336\367E\357\370\312P=\362\243M2t\004\206"
ARM GAS  /var/folders/nx/qt6_p4ls4xzbnqkz75ny5wl40000gp/T//ccKXo8QH.s 			page 18


 234      F745EFF8 
 234      CA503DF2 
 234      A34D3274 
 234      0486
 235 0255 F8280C71 		.ascii	"\370(\014q\001\315\345\"\362\026\035FbF\311\225\005"
 235      01CDE522 
 235      F2161D46 
 235      6246C995 
 235      05
 236 0266 EF191198 		.ascii	"\357\031\021\230\272\324\274\305\352f\237%\202\267\245"
 236      BAD4BCC5 
 236      EA669F25 
 236      82B7A5
 237 0275 E998439A 		.ascii	"\351\230C\232\316\327\347\216y\342v\026Yao_\277\017"
 237      CED7E78E 
 237      79E27616 
 237      59616F5F 
 237      BF0F
 238 0287 CB53E7D9 		.ascii	"\313S\347\331ruV\025\337B\243C\210\364B\015v\3415\210"
 238      72755615 
 238      DF42A343 
 238      88F4420D 
 238      76E13588 
 239 029b E11DA7E1 		.ascii	"\341\035\247\34155N\234Q\341\215\254\3626'Y\332T8\215"
 239      35354E9C 
 239      51E18DAC 
 239      F2362759 
 239      DA54388D 
 240 02af 29F1078E 		.ascii	")\361\007\216mv\207j\236\243\242\366\006\263'\013\224"
 240      6D76876A 
 240      9EA3A2F6 
 240      06B3270B 
 240      94
 241 02c0 54258B91 		.ascii	"T%\213\221\017\274\342Zo\361\371\336\310OE\302\033;"
 241      0FBCE25A 
 241      6FF1F9DE 
 241      C84F45C2 
 241      1B3B
 242 02d2 563CBC3C 		.ascii	"V<\274<\001b<\211T\250I\262G{\223+\211\214\023D\245"
 242      01623C89 
 242      54A849B2 
 242      477B932B 
 242      898C1344 
 243 02e7 6CF59649 		.ascii	"l\365\226I1\241\026\030\2529*\212E\315\360\362\004\274"
 243      31A11618 
 243      AA392A8A 
 243      45CDF0F2 
 243      04BC
 244 02f9 04E2D32F 		.ascii	"\004\342\323/\032\023\335\220\312\317u\247\323.:Q\027"
 244      1A13DD90 
 244      CACF75A7 
 244      D32E3A51 
 244      17
 245 030a 2652D267 		.ascii	"&R\322g\361\274\034\235\002\027\032m.\200G\314\007\322"
 245      F1BC1C9D 
 245      02171A6D 
 245      2E8047CC 
ARM GAS  /var/folders/nx/qt6_p4ls4xzbnqkz75ny5wl40000gp/T//ccKXo8QH.s 			page 19


 245      07D2
 246 031c 40264367 		.ascii	"@&Cgq\005Gg-\317\331\317b5\233\305\031\271\317z\025"
 246      71054767 
 246      2DCFD9CF 
 246      62359BC5 
 246      19B9CF7A 
 247 0331 B81DD341 		.ascii	"\270\035\323A\270\370\250\236w\307=T\341R/\014N\311"
 247      B8F8A89E 
 247      77C73D54 
 247      E1522F0C 
 247      4EC9
 248 0343 919F9A1A 		.ascii	"\221\237\232\032k\252x\2746\036\342\355@j\324f3\266"
 248      6BAA78BC 
 248      361EE2ED 
 248      406AD466 
 248      33B6
 249 0355 52CD6C25 		.ascii	"R\315l%\333\\\267\237l\250\035\234_\251\026\320` /\275"
 249      DB5CB79F 
 249      6CA81D9C 
 249      5FA916D0 
 249      60202FBD 
 250 0369 A09CC31B 		.ascii	"\240\234\303\033\345\324\332X\335\303!o\234\314\224"
 250      E5D4DA58 
 250      DDC3216F 
 250      9CCC94
 251 0378 81AA0BA7 		.ascii	"\201\252\013\247}p*S\012vf\034t\243>z\320\345\242qW"
 251      7D702A53 
 251      0A76661C 
 251      74A33E7A 
 251      D0E5A271 
 252 038d 9F274E63 		.ascii	"\237'Ncm?]\234\264z\341\355L\351\030\236x\254\246\300"
 252      6D3F5D9C 
 252      B47AE1ED 
 252      4CE9189E 
 252      78ACA6C0 
 253 03a1 D788DAB7 		.ascii	"\327\210\332\267w\374Go\234\311\332\266v\324\266x\340"
 253      77FC476F 
 253      9CC9DAB6 
 253      76D4B678 
 253      E0
 254 03b2 5CA6EC7A 		.ascii	"\\\246\354z\332y\306\207\002\337\"j\326\335\316T\214"
 254      DA79C687 
 254      02DF226A 
 254      D6DDCE54 
 254      8C
 255 03c3 F7D236D5 		.ascii	"\367\3226\325TN~\246\007\232\313.\277\231s\315\020\314"
 255      544E7EA6 
 255      079ACB2E 
 255      BF9973CD 
 255      10CC
 256 03d5 58D78D47 		.ascii	"X\327\215GA\351\011|\301[4\344\013\020\362 \232i\013"
 256      41E9097C 
 256      C15B34E4 
 256      0B10F220 
 256      9A690B
 257 03e8 EC22ADD1 		.ascii	"\354\"\255\321w\341&#psk\241\242\325\237B\273\234\241"
 257      77E12623 
ARM GAS  /var/folders/nx/qt6_p4ls4xzbnqkz75ny5wl40000gp/T//ccKXo8QH.s 			page 20


 257      70736BA1 
 257      A2D59F42 
 257      BB9CA1
 258 03fb F308B210 		.ascii	"\363\010\262\020I\320.\011z\331\031z\305\211\265S\202"
 258      49D02E09 
 258      7AD9197A 
 258      C589B553 
 258      82
 259 040c 5E72ED80 		.ascii	"^r\355\200\035m\233\204=\347\214=\357D\333$A;]:kC\236"
 259      1D6D9B84 
 259      3DE78C3D 
 259      EF44DB24 
 259      413B5D3A 
 260 0423 93903DAE 		.ascii	"\223\220=\256}e\016\220\022\2614nT\360\210`d\342\354"
 260      7D650E90 
 260      12B1346E 
 260      54F08860 
 260      64E2EC
 261 0436 63D7363A 		.ascii	"c\3276:\303y~\221I\206\316@\357\263\244w\253@\007H4"
 261      C3797E91 
 261      4986CE40 
 261      EFB3A477 
 261      AB400748 
 262 044b 0045721D 		.ascii	"\000Er\035\315EWA\372@, \275 \337\201\\\003\351Gs)\021"
 262      CD455741 
 262      FA402C20 
 262      BD20DF81 
 262      5C03E947 
 263 0462 F1C8D25E 		.ascii	"\361\310\322^\330\256\346\005\237\272]\007\312|\202"
 263      D8AEE605 
 263      9FBA5D07 
 263      CA7C82
 264 0471 2CDF1A1C 		.ascii	",\337\032\034\311P\250\355k\323\036-CC\210\226/\371"
 264      C950A8ED 
 264      6BD31E2D 
 264      43438896 
 264      2FF9
 265 0483 05746B69 		.ascii	"\005tki\316\027\370\000-\011\371\215=\225\207}\220\237"
 265      CE17F800 
 265      2D09F98D 
 265      3D95877D 
 265      909F
 266 0495 AFAF4A5C 		.ascii	"\257\257J\\\314n\301,\033~i1\233\370\2304\310\310\362"
 266      CC6EC12C 
 266      1B7E6931 
 266      9BF89834 
 266      C8C8F2
 267 04a8 487EE90C 		.ascii	"H~\351\014\036K\347\361[\322\362x\003\202#M2\364=\330"
 267      1E4BE7F1 
 267      5BD2F278 
 267      0382234D 
 267      32F43DD8 
 268 04bc BD4967BC 		.ascii	"\275Ig\274T\215\336\254\032\267\224\027<f\305\211\211"
 268      548DDEAC 
 268      1AB79417 
 268      3C66C589 
 268      89
ARM GAS  /var/folders/nx/qt6_p4ls4xzbnqkz75ny5wl40000gp/T//ccKXo8QH.s 			page 21


 269 04cd BABBF7FB 		.ascii	"\272\273\367\373qLU:a\253z\372|TI\3022I\202P\253\354"
 269      714C553A 
 269      61AB7AFA 
 269      7C5449C2 
 269      32498250 
 270 04e3 62B843B9 		.ascii	"b\270C\271\347\371\242\037\030uI\373\216\033n3\322\204"
 270      E7F9A21F 
 270      187549FB 
 270      8E1B6E33 
 270      D284
 271 04f5 319F8DA8 		.ascii	"1\237\215\250\343#\000\277M\341\243h\206\330\211*vs"
 271      E32300BF 
 271      4DE1A368 
 271      86D8892A 
 271      7673
 272 0507 C89BCDA1 		.ascii	"\310\233\315\241\344\224CV\367\351\355\335\023\355\275"
 272      E4944356 
 272      F7E9EDDD 
 272      13EDBD
 273 0516 43CDE5DE 		.ascii	"C\315\345\336\316\330\255\024\314\231Esw\021sG\206\356"
 273      CED8AD14 
 273      CC994573 
 273      77117347 
 273      86EE
 274 0528 5373F798 		.ascii	"Ss\367\230\271\373\324\\\313\366\332\022O\207\244\220"
 274      B9FBD45C 
 274      CBF6DA12 
 274      4F87A490 
 275 0538 35DB66E0 		.ascii	"5\333f\340\201\220\224\0074)\003Y\315\311r\007t\231"
 275      81909407 
 275      34290359 
 275      CDC97207 
 275      7499
 276 054a 037A4C40 		.ascii	"\003zL@\217Q\364\344\350\371{*\373O\012Y\033m\340\207"
 276      8F51F4E4 
 276      E8F97B2A 
 276      FB4F0A59 
 276      1B6DE087 
 277 055e 0E9F945D 		.ascii	"\016\237\224][^t\272\343R\266>\354\375\341\332V\025"
 277      5B5E74BA 
 277      E352B63E 
 277      ECFDE1DA 
 277      5615
 278 0570 AE65CABD 		.ascii	"\256e\312\275\263S\325nrN\206\036\323\204\303\233\343"
 278      B353D56E 
 278      724E861E 
 278      D384C39B 
 278      E3
 279 0581 07F27B3C 		.ascii	"\007\362{<\331^$\245\372\366\357\177\252\342\233\331"
 279      D95E24A5 
 279      FAF6EF7F 
 279      AAE29BD9 
 280 0591 17273E71 		.ascii	"\027'>q\016\241E\217\3045\021\215#\271\214\250l\015"
 280      0EA1458F 
 280      C435118D 
 280      23B98CA8 
 280      6C0D
ARM GAS  /var/folders/nx/qt6_p4ls4xzbnqkz75ny5wl40000gp/T//ccKXo8QH.s 			page 22


 281 05a3 7EC2BECB 		.ascii	"~\302\276\313e\225\015J \244k2q\200\254U\325S\367}\246"
 281      65950D4A 
 281      20A46B32 
 281      7180AC55 
 281      D553F77D 
 282 05b8 DDA43CA5 		.ascii	"\335\244<\245\256\376\210\004_\267\037\346\013=\360"
 282      AEFE8804 
 282      5FB71FE6 
 282      0B3DF0
 283 05c7 A3E9DC9B 		.ascii	"\243\351\334\233H\035\037RS\367,\223e\0030?\310\236"
 283      481D1F52 
 283      53F72C93 
 283      6503303F 
 283      C89E
 284 05d9 A3899F23 		.ascii	"\243\211\237#'<hB\362m\222\3706!\372\366\214\372\026"
 284      273C6842 
 284      F26D92F8 
 284      3621FAF6 
 284      8CFA16
 285 05ec DF5C76C9 		.ascii	"\337\\v\311\235\246\377#B\3654\3372\212h\361\271\023"
 285      9DA6FF23 
 285      42F534DF 
 285      328A68F1 
 285      B913
 286 05fe 357D7D5D 		.ascii	"5}}]\2357U\025ta.\030\313\360\232\2768\246\304\342\370"
 286      9D375515 
 286      74612E18 
 286      CBF09ABE 
 286      38A6C4E2 
 287 0613 8915E3BD 		.ascii	"\211\025\343\275\204\3212\205s1>\007\370\013\012\267"
 287      84D13285 
 287      73313E07 
 287      F80B0AB7 
 288 0623 D2EA9862 		.ascii	"\322\352\230b\325a\245\325\3210\260\351\216\222zc\241"
 288      D561A5D5 
 288      D130B0E9 
 288      8E927A63 
 288      A1
 289 0634 4B7FBB75 		.ascii	"K\177\273u{<\373\022l\246\261W\215\244n\360\301/\330"
 289      7B3CFB12 
 289      6CA6B157 
 289      8DA46EF0 
 289      C12FD8
 290 0647 402427B4 		.ascii	"@$'\264\225\250\2107\011\340M\322/\1776I\"\317\227\267"
 290      95A88837 
 290      09E04DD2 
 290      2F7F3649 
 290      22CF97B7 
 291 065b F8E0F56E 		.ascii	"\370\340\365nl [\012\326\212\335_\341\253K\346\312x"
 291      6C205B0A 
 291      D68ADD5F 
 291      E1AB4BE6 
 291      CA78
 292 066d 73A512A7 		.ascii	"s\245\022\247\260\356O\036\264\364{\3404\246\324t&4"
 292      B0EE4F1E 
 292      B4F47BE0 
 292      34A6D474 
ARM GAS  /var/folders/nx/qt6_p4ls4xzbnqkz75ny5wl40000gp/T//ccKXo8QH.s 			page 23


 292      2634
 293 067f 2AF04E41 		.ascii	"*\360NA\331T\333\245\300\331LI\316\330q\006\341<7\207"
 293      D954DBA5 
 293      C0D94C49 
 293      CED87106 
 293      E13C3787 
 294 0693 6DC62CB6 		.ascii	"m\306,\266\315\330\322\261\373\004\246\252\2256g^\270"
 294      CDD8D2B1 
 294      FB04A6AA 
 294      9536675E 
 294      B8
 295 06a4 7A448EF3 		.ascii	"zD\216\363\205\216}\305\244@\251\302\245\337\030\207"
 295      858E7DC5 
 295      A440A9C2 
 295      A5DF1887 
 296 06b4 DDA1B049 		.ascii	"\335\241\260Ip\\b\3228? `\276\246p\276h3'\354\020\216"
 296      705C62D2 
 296      383F2060 
 296      BEA670BE 
 296      683327EC 
 297 06ca 156FFD15 		.ascii	"\025o\375\025\331!l\345Th\013'}\264g\251\304=6g\351"
 297      D9216CE5 
 297      54680B27 
 297      7DB467A9 
 297      C43D3667 
 298 06df DDFF896B 		.ascii	"\335\377\211k\322\364\351H'R:\336 \244\333\2004\325"
 298      D2F4E948 
 298      27523ADE 
 298      20A4DB80 
 298      34D5
 299 06f1 460A36A4 		.ascii	"F\0126\244\235{\317\346\370L\314\006\366\227I\001_\331"
 299      9D7BCFE6 
 299      F84CCC06 
 299      F6974901 
 299      5FD9
 300 0703 54BA8925 		.ascii	"T\272\211%\375\013Z\202\353\3076\251h\316\325D\035I"
 300      FD0B5A82 
 300      EBC736A9 
 300      68CED544 
 300      1D49
 301 0715 2BAA60DF 		.ascii	"+\252`\337xOz\354x\230\373s%\230\311\011%\230\301\270"
 301      784F7AEC 
 301      7898FB73 
 301      2598C909 
 301      2598C1B8 
 302 0729 73BA7BB3 		.ascii	"s\272{\263\275\354K\220\370\275\003l\357\344\010<\213"
 302      BDEC4B90 
 302      F8BD036C 
 302      EFE4083C 
 302      8B
 303 073a 9B217622 		.ascii	"\233!v\"\350\306\347\003\027=\355\321\333\177\016\335"
 303      E8C6E703 
 303      173DEDD1 
 303      DB7F0EDD 
 304 074a 34FEC8EA 		.ascii	"4\376\310\352\211kY\266\272\317\234\204MJ=S\222\370"
 304      896B59B6 
 304      BACF9C84 
ARM GAS  /var/folders/nx/qt6_p4ls4xzbnqkz75ny5wl40000gp/T//ccKXo8QH.s 			page 24


 304      4D4A3D53 
 304      92F8
 305 075c 8432156E 		.ascii	"\2042\025nbJ\321\360\271t/\032\300<\272\355\2719\232"
 305      624AD1F0 
 305      B9742F1A 
 305      C03CBAED 
 305      B9399A
 306 076f ED854FB1 		.ascii	"\355\205O\261\266;\373\212\256\252q\033S\006\237\016"
 306      B63BFB8A 
 306      AEAA711B 
 306      53069F0E 
 307 077f B6B853A0 		.ascii	"\266\270S\240?QO\254\3139\354\211\317\261\266\221\273"
 307      3F514FAC 
 307      CB39EC89 
 307      CFB1B691 
 307      BB
 308 0790 E90FE4F8 		.ascii	"\351\017\344\370\262PE\302\234U\2639\233\367h\337\006"
 308      B25045C2 
 308      9C55B339 
 308      9BF768DF 
 308      06
 309 07a1 0F7C8DB5 		.ascii	"\017|\215\265U\345\357?\314\006s\021\205\346\354\267"
 309      55E5EF3F 
 309      CC067311 
 309      85E6ECB7 
 310 07b1 60DB026D 		.ascii	"`\333\002m\242+\320~\210\210}+\017p\266\005\032\320"
 310      A22BD07E 
 310      88887D2B 
 310      0F70B605 
 310      1AD0
 311 07c3 6DDB7346 		.ascii	"m\333sF\024\366\350\004\356g\320\365-"
 311      14F6E804 
 311      EE67D0F5 
 311      2D
 312 07d0 BD539E78 		.ascii	"\275S\236x\300\321\256\232\331}\221\300W+\3610k\253"
 312      C0D1AE9A 
 312      D97D91C0 
 312      572BF130 
 312      6BAB
 313 07e2 3F9436C9 		.ascii	"?\2246\311V\221\345DmI\342\367\252\361-\326\266\263"
 313      5691E544 
 313      6D49E2F7 
 313      AAF12DD6 
 313      B6B3
 314 07f4 614F3AF3 		.ascii	"aO:\363\227g\243\265\367z'\236>\277\345b~o\263\031\231"
 314      9767A3B5 
 314      F77A279E 
 314      3EBFE562 
 314      7E6FB319 
 315 0809 33DA5DE2 		.ascii	"3\332]\342c\313\030\213\257\014<f\033\244\012\352q\271"
 315      63CB188B 
 315      AF0C3C66 
 315      1BA40AEA 
 315      71B9
 316 081b 98B1E4C9 		.ascii	"\230\261\344\311CM\330\036M\342\233\026\375\240\252"
 316      434DD81E 
 316      4DE29B16 
ARM GAS  /var/folders/nx/qt6_p4ls4xzbnqkz75ny5wl40000gp/T//ccKXo8QH.s 			page 25


 316      FDA0AA
 317 082a 285B8DEF 		.ascii	"([\215\357\010\011h\274\313s4\206`\242\236\272\320W"
 317      080968BC 
 317      CB733486 
 317      60A29EBA 
 317      D057
 318 083c AAA06E9B 		.ascii	"\252\240n\233Y\030\035u\375\254h_\247\237\341\233\207"
 318      59181D75 
 318      FDAC685F 
 318      A79FE19B 
 318      87
 319 084d 6E7B4C1F 		.ascii	"n{L\037E\255\030E\021\213\342\350\276\2320\347 \252"
 319      45AD1845 
 319      118BE2E8 
 319      BE9A30E7 
 319      20AA
 320 085f C1AD1A5A 		.ascii	"\301\255\032Zv\207\251[\265\242[?>/\035y)\210i\321w"
 320      7687A95B 
 320      B5A25B3F 
 320      3E2F1D79 
 320      298869D1 
 321 0874 7B4EA6A8 		.ascii	"{N\246\250\361\003\026\2048\323\324l\246\025\\\335\272"
 321      F1031684 
 321      38D3D46C 
 321      A6155CDD 
 321      BA
 322 0885 07E371D6 		.ascii	"\007\343q\326\226\267\245j\222\235\347c\210\272!3\261"
 322      96B7A56A 
 322      929DE763 
 322      88BA2133 
 322      B1
 323 0896 4B8EA784 		.ascii	"K\216\247\204\005\255\251\372\021\233\203ID\177\263"
 323      05ADA9FA 
 323      119B8349 
 323      447FB3
 324 08a5 7CF0568D 		.ascii	"|\360V\215\264e\266\277f\302\016\332\314'&\214m\256"
 324      B465B6BF 
 324      66C20EDA 
 324      CC27268C 
 324      6DAE
 325 08b7 6FF85331 		.ascii	"o\370S1\371Lb\264\036\334K\206\225\342\0027\355\376"
 325      F94C62B4 
 325      1EDC4B86 
 325      95E20237 
 325      EDFE
 326 08c9 3531C1BC 		.ascii	"51\301\274\245\202l5\011v\223k\354\273\022\264\\\202"
 326      A5826C35 
 326      0976936B 
 326      ECBB12B4 
 326      5C82
 327 08db 3638438F 		.ascii	"68C\217s\216\320\315\022t\2433\324aW\274#\336\\\244"
 327      738ED0CD 
 327      1274A333 
 327      D46157BC 
 327      23DE5CA4 
 328 08ef 01642137 		.ascii	"\001d!7\003\025\011H\261\356Q\261\023i\236DZ\340L\232"
 328      03150948 
ARM GAS  /var/folders/nx/qt6_p4ls4xzbnqkz75ny5wl40000gp/T//ccKXo8QH.s 			page 26


 328      B1EE51B1 
 328      13699E44 
 328      5AE04C9A 
 329 0903 CFD987B5 		.ascii	"\317\331\207\265#\301\\B\261$C\007\235\261\245\016\330"
 329      23C15C42 
 329      B1244307 
 329      9DB1A50E 
 329      D8
 330 0914 C4787396 		.ascii	"\304xs\226&\313\037\355\002\017v\013Pq\345q<\030\000"
 330      26CB1FED 
 330      020F760B 
 330      5071E571 
 330      3C1800
 331 0927 6BB2C49A 		.ascii	"k\262\304\232\350\314:\317\021Y,!K\\\333\267\205\225"
 331      E8CC3ACF 
 331      11592C21 
 331      4B5CDBB7 
 331      8595
 332 0939 2B85B5CF 		.ascii	"+\205\265\317uX6h\212\004\335\340\322\276]^wK\320=\316"
 332      75583668 
 332      8A04DDE0 
 332      D2BE5D5E 
 332      774BD03D 
 333 094e D01C7B56 		.ascii	"\320\034{V\2367\227\221\014@\371\242\243\002R,jt\314"
 333      9E379791 
 333      0C40F9A2 
 333      A302522C 
 333      6A74CC
 334 0961 7158E3CD 		.ascii	"qX\343\315\007\011\364\010@\353\234\241\365N\256\246"
 334      0709F408 
 334      40EB9CA1 
 334      F54EAEA6 
 335 0971 4AF6935C 		.ascii	"J\366\223\\W\200\235\257\331\0226\327\265\257v\330\034"
 335      57809DAF 
 335      D91236D7 
 335      B5AF76D8 
 335      1C
 336 0982 09BBD719 		.ascii	"\011\273\327\031kv\306\356\221\260y\256\261\324]\373"
 336      6B76C6EE 
 336      91B079AE 
 336      B1D45DFB 
 337 0992 83120FE1 		.ascii	"\203\022\017\341\304\323&\202&\247\244\313\360\355<"
 337      C4D32682 
 337      26A7A4CB 
 337      F0ED3C
 338 09a1 C3CD456D 		.ascii	"\303\315Em '@\272@\232@\032AN\203\\\002i\0079\007\322"
 338      202740BA 
 338      409A401A 
 338      414E835C 
 338      02690739 
 339 09b7 0D721EA4 		.ascii	"\015r\036\244\025\344$H\013\310Y\220S \027A:A:@\232"
 339      15E42448 
 339      0BC85990 
 339      53201741 
 339      3A413A40 
 340 09cc 39F16405 		.ascii	"9\361d\005CZJ\206\264\022\206\364\220\340\243\270.\242"
 340      435A4A86 
ARM GAS  /var/folders/nx/qt6_p4ls4xzbnqkz75ny5wl40000gp/T//ccKXo8QH.s 			page 27


 340      B41286F4 
 340      90E0A3B8 
 340      2EA2
 341 09de 2AA721DD 		.ascii	"*\247!\335%\205\223\355\034\316Y\347SaR\0059\025\002"
 341      258593ED 
 341      1CCE59E7 
 341      53615205 
 341      391502
 342 09f1 C6E95408 		.ascii	"\306\351T\010\233\217\304k9f\005\362\233Iq\025\321\036"
 342      9B8FC46B 
 342      396605F2 
 342      9B497115 
 342      D11E
 343 0a03 A80798D6 		.ascii	"\250\007\230\326\331\266\024\244\323K'Hq`\320\025\030"
 343      D9B614A4 
 343      D34B2748 
 343      7160D015 
 343      18
 344 0a14 8FFFC7D8 		.ascii	"\217\377\307\330\300\352\267i\307\225\032\307#K\017"
 344      C0EAB769 
 344      C7951AC7 
 344      234B0F
 345 0a23 677F8EEC 		.ascii	"g\177\216\354\345\330!\004~]\036Y\212\035\216,W\005"
 345      E5D82104 
 345      7E5D1E59 
 345      8A1D8E2C 
 345      5705
 346 0a35 F4558A1E 		.ascii	"\364U\212\036\272|\245[\205+\025\354\177\217\222\222"
 346      BA7CA55B 
 346      852B15EC 
 346      7F8F9292 
 347 0a45 7E153B66 		.ascii	"~\025;ft\335x\252'\377?\320? \315\036\364\330s\215\263"
 347      74DD78AA 
 347      27FF3FD0 
 347      3F20CD1E 
 347      F4D8738D 
 348 0a5a FDB105CF 		.ascii	"\375\261\005\317l\027\377\035Gv\3617/?\344U\370$\243"
 348      6C17FF1D 
 348      4776F137 
 348      2F3FE455 
 348      F824A3
 349 0a6d 3970AFE1 		.ascii	"9p\257\341\266\222\322\230\263 U\302a\200R\364\331Q"
 349      B692D298 
 349      B32055C2 
 349      618052F4 
 349      D951
 350 0a7f F48914D7 		.ascii	"\364\211\024\327)\305\224e+\257\304]\212i\316\030\011"
 350      29C59465 
 350      2BAFC45D 
 350      8A69CE18 
 350      09
 351 0a90 DB9BC791 		.ascii	"\333\233\307\221x\004*Z\266\255b\003;f\240\274\3464"
 351      78042A5A 
 351      B6AD6203 
 351      3B66A0BC 
 351      E634
 352 0aa2 76CEE817 		.ascii	"v\316\350\027\271\321\000\007\347\214~\221~\220\322"
ARM GAS  /var/folders/nx/qt6_p4ls4xzbnqkz75ny5wl40000gp/T//ccKXo8QH.s 			page 28


 352      B9D10007 
 352      E78C7E91 
 352      7E90D2
 353 0ab1 679E6F9B 		.ascii	"g\236o\233\201\373\030\273\371\372\305\277\010a\236"
 353      81FB18BB 
 353      F9FAC5BF 
 353      08619E
 354 0ac0 9C7A294C 		.ascii	"\234z)L\213\235\217\026\221d\210\222\344v\367\377 \307"
 354      8B9D8F16 
 354      91648892 
 354      E476F7FF 
 354      20C7
 355 0ad2 638C652A 		.ascii	"c\214e*\241{\320\215\205\331\352\024\346\260\035\305"
 355      A17BD08D 
 355      85D9EA14 
 355      E6B01DC5 
 356 0ae2 B0487183 		.ascii	"\260Hq\203\233-{[\027\023m4\351\"\214_\353\0141\021"
 356      9B2D7B5B 
 356      17136D34 
 356      E9228C5F 
 356      EB0C3111 
 357 0af6 91D1ABE3 		.ascii	"\221\321\253\343\014\363cB\215\246\371\376\212?\377"
 357      0CF36342 
 357      8DA6F9FE 
 357      8A3FFF
 358 0b05 F5B3D981 		.ascii	"\365\263\331\201\262\367\346\317\327\004\206G|\031\261"
 358      B2F7E6CF 
 358      D7048647 
 358      7C19B1
 359 0b14 3244131D 		.ascii	"2D\023\035\2531\2324\244C\254&@\273\"p\305Z\215>\\\037"
 359      AB319A34 
 359      A443AC26 
 359      40BB2270 
 359      C55A8D3E 
 360 0b2a 6D34E8FE 		.ascii	"m4\350\376\375\2075\363\365\2627\030Y\3547\021&}\270"
 360      FD8735F3 
 360      F5B23718 
 360      59EC3711 
 360      267DB8
 361 0b3d EE2B63F4 		.ascii	"\356+c\364\032]D\254\361\325\031\302e3\031\203am\204"
 361      1A5D44AC 
 361      F1D519C2 
 361      65331983 
 361      616D84
 362 0b50 49EA3FE3 		.ascii	"I\352?\343e\027=CV\005\352\226\207F\205E\032\214n\272"
 362      65173D43 
 362      5605EA96 
 362      87468545 
 362      1A8C6EBA 
 363 0b64 C5D1D191 		.ascii	"\305\321\321\221o\353\303C\364\341A\261\301F\203aM\214"
 363      6FEBC343 
 363      F4E141B1 
 363      C1468361 
 363      4D8C
 364 0b76 29223A4A 		.ascii	")\":Jk\370:.\302h\010\233\373\222\371\210(}d\\\230\001"
 364      6BF83A2E 
 364      C268089B 
ARM GAS  /var/folders/nx/qt6_p4ls4xzbnqkz75ny5wl40000gp/T//ccKXo8QH.s 			page 29


 364      FB92F988 
 364      287D645C 
 365 0b8c 2CC7EAC3 		.ascii	",\307\352\303\303\300\252G\\D\224\351\303\205:\223J"
 365      C3C0AA47 
 365      5C4494E9 
 365      C3853A93 
 365      4A
 366 0b9d A7131F3F 		.ascii	"\247\023\037?\327\304\305\0325\221\321\372\320HM\240"
 366      D7C4C51A 
 366      3591D1FA 
 366      D0484DA0 
 367 0bad 213232D4 		.ascii	"!22\324\250\0115\256\371 *:\312\360\201!\364\313\210"
 367      A80935AE 
 367      F9202A3A 
 367      CAF08121 
 367      F4CB88
 368 0bc0 0F56EBF5 		.ascii	"\017V\353\365\232\205\376\013~\347\377\307\205\013\034"
 368      9A85FE0B 
 368      7EE7FFC7 
 368      850B1C
 369 0bcf 9B24036B 		.ascii	"\233$\003kB\365\341\021Q\006\215.\314\360Uh\\\244Ig"
 369      42F5E111 
 369      51068D2E 
 369      CCF05568 
 369      5CA44967 
 370 0be3 FA36C610 		.ascii	"\3726\306\020\013\006?\371\037\220\307~\033\253\321"
 370      0B063FF9 
 370      1F90C77E 
 370      1BABD1
 371 0bf2 C59AC2C0 		.ascii	"\305\232\302\300_`\364\024\306\315\2447\255\3650\032"
 371      5F60F414 
 371      C6CDA437 
 371      ADF5301A 
 372 0c02 56431F9D 		.ascii	"VC\037\235\3517\2572\362\320\2313\372s\306\005\234q"
 372      E937AF32 
 372      F2D09933 
 372      FA73C605 
 372      9C71
 373 0c14 2167FC10 		.ascii	"!g\374\020\033\027,TD\032u\246\3600.F/_\033\023k\224"
 373      1B172C54 
 373      441A75A6 
 373      F0302E46 
 373      2F5F1B13 
 374 0c2a EBC3438D 		.ascii	"\353\303C\215J\235n\265\301\244\013\016\011\366\012"
 374      4A9D6EB5 
 374      C1A40B0E 
 374      09F60A
 375 0c39 8DFC26F4 		.ascii	"\215\374&\364\333X]DT$\0047\337\321\006x\240\011\\\021"
 375      DB585D44 
 375      54240437 
 375      DFD10678 
 375      A0095C11 
 376 0c4d 1214621B 		.ascii	"\022\024b\033e\222]\375\232eqQz0\0054\261\214\306#$"
 376      65925DFD 
 376      9A657151 
 376      7A300534 
 376      B18CC623 
ARM GAS  /var/folders/nx/qt6_p4ls4xzbnqkz75ny5wl40000gp/T//ccKXo8QH.s 			page 30


 377 0c62 70B1EE53 		.ascii	"p\261\356S\030\020\267\300\340\317\202\226\310\203\002"
 377      1810B7C0 
 377      E0CF8296 
 377      C88302
 378 0c71 43B4F255 		.ascii	"C\264\362U\237\256\324\272\005\004i\003\2658\004$0P"
 378      9FAED4BA 
 378      05046903 
 378      B5380424 
 378      3050
 379 0c83 EB4E12F2 		.ascii	"\353N\022\362\221\316\244d\251\201'\034\262<\330-d9"
 379      91CEA464 
 379      A981271C 
 379      B23CD82D 
 379      6439
 380 0c95 81072E83 		.ascii	"\201\007.\203\333rr[\0027\267\025+\226\005h\345\213"
 380      DB72725B 
 380      0237B715 
 380      2B960568 
 380      E58B
 381 0ca7 C92D0074 		.ascii	"\311-\000t\034\274L\213\227\200\004,\321\312\241M+\017"
 381      1CBC4C8B 
 381      9780042C 
 381      D1CAA14D 
 381      2B0F
 382 0cb9 0A09D02A 		.ascii	"\012\011\320*\265KC\226jW-]\342\017\206\003\002\265"
 382      B54B4396 
 382      6A572D5D 
 382      E20F8603 
 382      02B5
 383 0ccb EFBD6200 		.ascii	"\357\275b\000\277\005\357g\320Q\206\274\375K\252N\245"
 383      BF05EF67 
 383      D05186BC 
 383      FD4BAA4E 
 383      A5
 384 0cdc F4CA8B85 		.ascii	"\364\312\213\205\2668 di\2606\350u\372>.\312\001\354"
 384      B6382064 
 384      69B036E8 
 384      75FA3E2E 
 384      CA01EC
 385 0cef 69F7F2BF 		.ascii	"i\367\362\277B\354\354\311"
 385      42ECECC9 
 386              		.text
 387              		.section	.gnu.lto_.symtab.ff17fbf3d30400d,"",%progbits
 388 0000 5F706F72 		.ascii	"_port_irq_epilogue\000\000\000\000\000\000\000\000\000"
 388      745F6972 
 388      715F6570 
 388      696C6F67 
 388      75650000 
 389 001b 000000B3 		.ascii	"\000\000\000\263\000\000\000SVC_Handler\000\000\000"
 389      00000053 
 389      56435F48 
 389      616E646C 
 389      65720000 
 390 0030 00000000 		.ascii	"\000\000\000\000\000\000\000\000\000\265\000\000\000"
 390      00000000 
 390      00B50000 
 390      00
ARM GAS  /var/folders/nx/qt6_p4ls4xzbnqkz75ny5wl40000gp/T//ccKXo8QH.s 			page 31


 391 003d 5F706F72 		.ascii	"_port_switch_from_isr\000\000\002\000\000\000\000\000"
 391      745F7377 
 391      69746368 
 391      5F66726F 
 391      6D5F6973 
 392 005a 00000000 		.ascii	"\000\000\000\000\257\000\000\000_port_exit_from_isr"
 392      AF000000 
 392      5F706F72 
 392      745F6578 
 392      69745F66 
 393 0075 00000200 		.ascii	"\000\000\002\000\000\000\000\000\000\000\000\000\261"
 393      00000000 
 393      00000000 
 393      B1
 394 0082 00000063 		.ascii	"\000\000\000chSchIsPreemptionRequired\000\000\002\000"
 394      68536368 
 394      49735072 
 394      65656D70 
 394      74696F6E 
 395 00a2 00000000 		.ascii	"\000\000\000\000\000\000\000\000\275\000\000\000"
 395      00000000 
 395      BD000000 
 396              		.text
 397              		.section	.gnu.lto_.opts,"",%progbits
 398 0000 272D666E 		.ascii	"'-fno-trapv' '-mcpu=cortex-m4' '-mno-thumb-interwor"
 398      6F2D7472 
 398      61707627 
 398      20272D6D 
 398      6370753D 
 399 0033 6B272027 		.ascii	"k' '-mthumb' '-ggdb' '-O2' '-fomit-frame-pointer' '"
 399      2D6D7468 
 399      756D6227 
 399      20272D67 
 399      67646227 
 400 0066 2D66616C 		.ascii	"-falign-functions=16' '-ffunction-sections' '-fdata"
 400      69676E2D 
 400      66756E63 
 400      74696F6E 
 400      733D3136 
 401 0099 2D736563 		.ascii	"-sections' '-fno-common' '-flto'\000"
 401      74696F6E 
 401      73272027 
 401      2D666E6F 
 401      2D636F6D 
 402              		.text
 403              		.comm	__gnu_lto_v1,1,1
 404              		.comm	__gnu_lto_slim,1,1
 405              		.ident	"GCC: (GNU Tools for ARM Embedded Processors) 4.9.3 20150529 (release) [ARM/embedded-4_9-br
ARM GAS  /var/folders/nx/qt6_p4ls4xzbnqkz75ny5wl40000gp/T//ccKXo8QH.s 			page 32


DEFINED SYMBOLS
                            *ABS*:0000000000000000 chcore_v7m.c
                            *COM*:0000000000000001 __gnu_lto_v1
                            *COM*:0000000000000001 __gnu_lto_slim

NO UNDEFINED SYMBOLS
