ARM GAS  /tmp/cczRMNLm.s 			page 1


   1              		.syntax unified
   2              		.cpu cortex-m4
   3              		.fpu softvfp
   4              		.eabi_attribute 20, 1
   5              		.eabi_attribute 21, 1
   6              		.eabi_attribute 23, 3
   7              		.eabi_attribute 24, 1
   8              		.eabi_attribute 25, 1
   9              		.eabi_attribute 26, 1
  10              		.eabi_attribute 30, 2
  11              		.eabi_attribute 34, 1
  12              		.eabi_attribute 18, 4
  13              		.thumb
  14              		.file	"chdebug.c"
  15              		.text
  16              	.Ltext0:
  17              		.section	.gnu.lto_.inline.41114afd2561a6b,"",%progbits
  18 0000 789C6362 		.ascii	"x\234cb`b\300\006\020\242\000\000\272\000\007"
  18      6062C006 
  18      10A20000 
  18      BA0007
  19              		.text
  20              		.section	.gnu.lto_.pureconst.41114afd2561a6b,"",%progbits
  21 0000 789C6362 		.ascii	"x\234cb`b`d\200\002\000\000F\000\006"
  21      60626064 
  21      80020000 
  21      460006
  22              		.text
  23              		.section	.gnu.lto_.symbol_nodes.41114afd2561a6b,"",%progbits
  24 0000 789C6362 		.ascii	"x\234cb`\002B\030\000\000\000V\000\007"
  24      60024218 
  24      00000056 
  24      0007
  25              		.text
  26              		.section	.gnu.lto_.refs.41114afd2561a6b,"",%progbits
  27 0000 789C6362 		.ascii	"x\234cb`b`d\200\002\000\000F\000\006"
  27      60626064 
  27      80020000 
  27      460006
  28              		.text
  29              		.section	.gnu.lto_.decls.41114afd2561a6b,"",%progbits
  30 0000 789C6362 		.ascii	"x\234cb`bPa``\370\017\004@\212\201\021\212\355\030\010"
  30      60625061 
  30      6060F80F 
  30      04408A81 
  30      118AED18 
  31 0015 0000CE1B 		.ascii	"\000\000\316\033\004e"
  31      0465
  32              		.text
  33              		.section	.gnu.lto_.symtab.41114afd2561a6b,"",%progbits
  34              		.text
  35              		.section	.gnu.lto_.opts,"",%progbits
  36 0000 272D6D63 		.ascii	"'-mcpu=cortex-m4' '-mno-thumb-interwork' '-mthumb' "
  36      70753D63 
  36      6F727465 
  36      782D6D34 
  36      2720272D 
ARM GAS  /tmp/cczRMNLm.s 			page 2


  37 0033 272D6767 		.ascii	"'-ggdb' '-O2' '-fomit-frame-pointer' '-falign-funct"
  37      64622720 
  37      272D4F32 
  37      2720272D 
  37      666F6D69 
  38 0066 696F6E73 		.ascii	"ions=16' '-ffunction-sections' '-fdata-sections' '-"
  38      3D313627 
  38      20272D66 
  38      66756E63 
  38      74696F6E 
  39 0099 666E6F2D 		.ascii	"fno-common' '-flto'\000"
  39      636F6D6D 
  39      6F6E2720 
  39      272D666C 
  39      746F2700 
  40              		.text
  41              		.cfi_sections	.debug_frame
  42              	.Letext0:
  43              		.file 1 "/nfs/nfs5/home/research/hardware/arm2/gcc-arm-embedded/gcc-arm-none-eabi-4_8-2014q2/arm-n
  44              		.file 2 "/nfs/nfs5/home/research/hardware/arm2/gcc-arm-embedded/gcc-arm-none-eabi-4_8-2014q2/arm-n
  45              		.file 3 "../ChibiOS/os/rt/ports/ARMCMx/compilers/GCC/chtypes.h"
  46              		.file 4 "../ChibiOS/os/rt/include/chsystypes.h"
  47              		.file 5 "../ChibiOS/os/rt/include/chschd.h"
  48              		.file 6 "../ChibiOS/os/rt/ports/ARMCMx/chcore.h"
  49              		.file 7 "../ChibiOS/os/rt/ports/ARMCMx/chcore_v7m.h"
  50              		.file 8 "../ChibiOS/os/rt/include/chtm.h"
  51              		.file 9 "../ChibiOS/os/rt/include/chsem.h"
  52              		.file 10 "../ChibiOS/os/rt/include/chmtx.h"
  53              		.file 11 "../ChibiOS/os/ext/CMSIS/include/core_cm4.h"
  54              		.section	.debug_info,"",%progbits
  55              	.Ldebug_info0:
  56 0000 26060000 		.4byte	0x626
  57 0004 0400     		.2byte	0x4
  58 0006 00000000 		.4byte	.Ldebug_abbrev0
  59 000a 04       		.byte	0x4
  60 000b 01       		.uleb128 0x1
  61 000c 75040000 		.4byte	.LASF102
  62 0010 01       		.byte	0x1
  63 0011 26010000 		.4byte	.LASF103
  64 0015 A9030000 		.4byte	.LASF104
  65 0019 00000000 		.4byte	.Ldebug_line0
  66 001d 02       		.uleb128 0x2
  67 001e 04       		.byte	0x4
  68 001f 05       		.byte	0x5
  69 0020 696E7400 		.ascii	"int\000"
  70 0024 03       		.uleb128 0x3
  71 0025 04       		.byte	0x4
  72 0026 07       		.byte	0x7
  73 0027 3A020000 		.4byte	.LASF0
  74 002b 03       		.uleb128 0x3
  75 002c 01       		.byte	0x1
  76 002d 06       		.byte	0x6
  77 002e 06020000 		.4byte	.LASF1
  78 0032 04       		.uleb128 0x4
  79 0033 BF010000 		.4byte	.LASF5
  80 0037 01       		.byte	0x1
  81 0038 1C       		.byte	0x1c
ARM GAS  /tmp/cczRMNLm.s 			page 3


  82 0039 3D000000 		.4byte	0x3d
  83 003d 03       		.uleb128 0x3
  84 003e 01       		.byte	0x1
  85 003f 08       		.byte	0x8
  86 0040 F1010000 		.4byte	.LASF2
  87 0044 03       		.uleb128 0x3
  88 0045 02       		.byte	0x2
  89 0046 05       		.byte	0x5
  90 0047 4D000000 		.4byte	.LASF3
  91 004b 03       		.uleb128 0x3
  92 004c 02       		.byte	0x2
  93 004d 07       		.byte	0x7
  94 004e D8020000 		.4byte	.LASF4
  95 0052 04       		.uleb128 0x4
  96 0053 74030000 		.4byte	.LASF6
  97 0057 01       		.byte	0x1
  98 0058 37       		.byte	0x37
  99 0059 5D000000 		.4byte	0x5d
 100 005d 03       		.uleb128 0x3
 101 005e 04       		.byte	0x4
 102 005f 05       		.byte	0x5
 103 0060 8D010000 		.4byte	.LASF7
 104 0064 04       		.uleb128 0x4
 105 0065 4F030000 		.4byte	.LASF8
 106 0069 01       		.byte	0x1
 107 006a 38       		.byte	0x38
 108 006b 6F000000 		.4byte	0x6f
 109 006f 03       		.uleb128 0x3
 110 0070 04       		.byte	0x4
 111 0071 07       		.byte	0x7
 112 0072 2B030000 		.4byte	.LASF9
 113 0076 03       		.uleb128 0x3
 114 0077 08       		.byte	0x8
 115 0078 05       		.byte	0x5
 116 0079 59010000 		.4byte	.LASF10
 117 007d 04       		.uleb128 0x4
 118 007e F5020000 		.4byte	.LASF11
 119 0082 01       		.byte	0x1
 120 0083 4E       		.byte	0x4e
 121 0084 88000000 		.4byte	0x88
 122 0088 03       		.uleb128 0x3
 123 0089 08       		.byte	0x8
 124 008a 07       		.byte	0x7
 125 008b 1A020000 		.4byte	.LASF12
 126 008f 04       		.uleb128 0x4
 127 0090 F2000000 		.4byte	.LASF13
 128 0094 02       		.byte	0x2
 129 0095 2A       		.byte	0x2a
 130 0096 32000000 		.4byte	0x32
 131 009a 04       		.uleb128 0x4
 132 009b 14010000 		.4byte	.LASF14
 133 009f 02       		.byte	0x2
 134 00a0 41       		.byte	0x41
 135 00a1 52000000 		.4byte	0x52
 136 00a5 04       		.uleb128 0x4
 137 00a6 31020000 		.4byte	.LASF15
 138 00aa 02       		.byte	0x2
ARM GAS  /tmp/cczRMNLm.s 			page 4


 139 00ab 42       		.byte	0x42
 140 00ac 64000000 		.4byte	0x64
 141 00b0 04       		.uleb128 0x4
 142 00b1 39000000 		.4byte	.LASF16
 143 00b5 02       		.byte	0x2
 144 00b6 4E       		.byte	0x4e
 145 00b7 7D000000 		.4byte	0x7d
 146 00bb 04       		.uleb128 0x4
 147 00bc 3D030000 		.4byte	.LASF17
 148 00c0 03       		.byte	0x3
 149 00c1 39       		.byte	0x39
 150 00c2 A5000000 		.4byte	0xa5
 151 00c6 04       		.uleb128 0x4
 152 00c7 51010000 		.4byte	.LASF18
 153 00cb 03       		.byte	0x3
 154 00cc 3C       		.byte	0x3c
 155 00cd 8F000000 		.4byte	0x8f
 156 00d1 04       		.uleb128 0x4
 157 00d2 A0030000 		.4byte	.LASF19
 158 00d6 03       		.byte	0x3
 159 00d7 3D       		.byte	0x3d
 160 00d8 8F000000 		.4byte	0x8f
 161 00dc 04       		.uleb128 0x4
 162 00dd 09000000 		.4byte	.LASF20
 163 00e1 03       		.byte	0x3
 164 00e2 3E       		.byte	0x3e
 165 00e3 8F000000 		.4byte	0x8f
 166 00e7 04       		.uleb128 0x4
 167 00e8 6E010000 		.4byte	.LASF21
 168 00ec 03       		.byte	0x3
 169 00ed 40       		.byte	0x40
 170 00ee A5000000 		.4byte	0xa5
 171 00f2 04       		.uleb128 0x4
 172 00f3 68040000 		.4byte	.LASF22
 173 00f7 03       		.byte	0x3
 174 00f8 41       		.byte	0x41
 175 00f9 9A000000 		.4byte	0x9a
 176 00fd 04       		.uleb128 0x4
 177 00fe 90000000 		.4byte	.LASF23
 178 0102 03       		.byte	0x3
 179 0103 43       		.byte	0x43
 180 0104 A5000000 		.4byte	0xa5
 181 0108 04       		.uleb128 0x4
 182 0109 D2020000 		.4byte	.LASF24
 183 010d 03       		.byte	0x3
 184 010e 45       		.byte	0x45
 185 010f 9A000000 		.4byte	0x9a
 186 0113 04       		.uleb128 0x4
 187 0114 95020000 		.4byte	.LASF25
 188 0118 04       		.byte	0x4
 189 0119 33       		.byte	0x33
 190 011a A5000000 		.4byte	0xa5
 191 011e 04       		.uleb128 0x4
 192 011f 00000000 		.4byte	.LASF26
 193 0123 04       		.byte	0x4
 194 0124 3F       		.byte	0x3f
 195 0125 29010000 		.4byte	0x129
ARM GAS  /tmp/cczRMNLm.s 			page 5


 196 0129 05       		.uleb128 0x5
 197 012a 1C010000 		.4byte	.LASF45
 198 012e 40       		.byte	0x40
 199 012f 05       		.byte	0x5
 200 0130 C2       		.byte	0xc2
 201 0131 09020000 		.4byte	0x209
 202 0135 06       		.uleb128 0x6
 203 0136 6D030000 		.4byte	.LASF27
 204 013a 05       		.byte	0x5
 205 013b C3       		.byte	0xc3
 206 013c 14020000 		.4byte	0x214
 207 0140 00       		.byte	0
 208 0141 06       		.uleb128 0x6
 209 0142 71000000 		.4byte	.LASF28
 210 0146 05       		.byte	0x5
 211 0147 C5       		.byte	0xc5
 212 0148 14020000 		.4byte	0x214
 213 014c 04       		.byte	0x4
 214 014d 06       		.uleb128 0x6
 215 014e A7000000 		.4byte	.LASF29
 216 0152 05       		.byte	0x5
 217 0153 C7       		.byte	0xc7
 218 0154 E7000000 		.4byte	0xe7
 219 0158 08       		.byte	0x8
 220 0159 06       		.uleb128 0x6
 221 015a 46040000 		.4byte	.LASF30
 222 015e 05       		.byte	0x5
 223 015f C8       		.byte	0xc8
 224 0160 44040000 		.4byte	0x444
 225 0164 0C       		.byte	0xc
 226 0165 06       		.uleb128 0x6
 227 0166 12020000 		.4byte	.LASF31
 228 016a 05       		.byte	0x5
 229 016b CA       		.byte	0xca
 230 016c 14020000 		.4byte	0x214
 231 0170 10       		.byte	0x10
 232 0171 06       		.uleb128 0x6
 233 0172 06040000 		.4byte	.LASF32
 234 0176 05       		.byte	0x5
 235 0177 CB       		.byte	0xcb
 236 0178 14020000 		.4byte	0x214
 237 017c 14       		.byte	0x14
 238 017d 06       		.uleb128 0x6
 239 017e 67010000 		.4byte	.LASF33
 240 0182 05       		.byte	0x5
 241 0183 D2       		.byte	0xd2
 242 0184 CF050000 		.4byte	0x5cf
 243 0188 18       		.byte	0x18
 244 0189 06       		.uleb128 0x6
 245 018a C3020000 		.4byte	.LASF34
 246 018e 05       		.byte	0x5
 247 018f DD       		.byte	0xdd
 248 0190 D1000000 		.4byte	0xd1
 249 0194 1C       		.byte	0x1c
 250 0195 06       		.uleb128 0x6
 251 0196 79020000 		.4byte	.LASF35
 252 019a 05       		.byte	0x5
ARM GAS  /tmp/cczRMNLm.s 			page 6


 253 019b E1       		.byte	0xe1
 254 019c C6000000 		.4byte	0xc6
 255 01a0 1D       		.byte	0x1d
 256 01a1 06       		.uleb128 0x6
 257 01a2 31040000 		.4byte	.LASF36
 258 01a6 05       		.byte	0x5
 259 01a7 E6       		.byte	0xe6
 260 01a8 DC000000 		.4byte	0xdc
 261 01ac 1E       		.byte	0x1e
 262 01ad 07       		.uleb128 0x7
 263 01ae 705F7500 		.ascii	"p_u\000"
 264 01b2 05       		.byte	0x5
 265 01b3 3701     		.2byte	0x137
 266 01b5 FE040000 		.4byte	0x4fe
 267 01b9 20       		.byte	0x20
 268 01ba 08       		.uleb128 0x8
 269 01bb EB020000 		.4byte	.LASF37
 270 01bf 05       		.byte	0x5
 271 01c0 3C01     		.2byte	0x13c
 272 01c2 1A020000 		.4byte	0x21a
 273 01c6 24       		.byte	0x24
 274 01c7 08       		.uleb128 0x8
 275 01c8 9C000000 		.4byte	.LASF38
 276 01cc 05       		.byte	0x5
 277 01cd 4201     		.2byte	0x142
 278 01cf 3E020000 		.4byte	0x23e
 279 01d3 28       		.byte	0x28
 280 01d4 08       		.uleb128 0x8
 281 01d5 66000000 		.4byte	.LASF39
 282 01d9 05       		.byte	0x5
 283 01da 4801     		.2byte	0x148
 284 01dc FD000000 		.4byte	0xfd
 285 01e0 30       		.byte	0x30
 286 01e1 08       		.uleb128 0x8
 287 01e2 00030000 		.4byte	.LASF40
 288 01e6 05       		.byte	0x5
 289 01e7 4F01     		.2byte	0x14f
 290 01e9 C9050000 		.4byte	0x5c9
 291 01ed 34       		.byte	0x34
 292 01ee 08       		.uleb128 0x8
 293 01ef 8A020000 		.4byte	.LASF41
 294 01f3 05       		.byte	0x5
 295 01f4 5301     		.2byte	0x153
 296 01f6 E7000000 		.4byte	0xe7
 297 01fa 38       		.byte	0x38
 298 01fb 08       		.uleb128 0x8
 299 01fc 63020000 		.4byte	.LASF42
 300 0200 05       		.byte	0x5
 301 0201 5A01     		.2byte	0x15a
 302 0203 F1020000 		.4byte	0x2f1
 303 0207 3C       		.byte	0x3c
 304 0208 00       		.byte	0
 305 0209 04       		.uleb128 0x4
 306 020a 7E030000 		.4byte	.LASF43
 307 020e 04       		.byte	0x4
 308 020f 44       		.byte	0x44
 309 0210 14020000 		.4byte	0x214
ARM GAS  /tmp/cczRMNLm.s 			page 7


 310 0214 09       		.uleb128 0x9
 311 0215 04       		.byte	0x4
 312 0216 1E010000 		.4byte	0x11e
 313 021a 04       		.uleb128 0x4
 314 021b 55050000 		.4byte	.LASF44
 315 021f 04       		.byte	0x4
 316 0220 49       		.byte	0x49
 317 0221 25020000 		.4byte	0x225
 318 0225 05       		.uleb128 0x5
 319 0226 AE000000 		.4byte	.LASF46
 320 022a 04       		.byte	0x4
 321 022b 05       		.byte	0x5
 322 022c B0       		.byte	0xb0
 323 022d 3E020000 		.4byte	0x23e
 324 0231 06       		.uleb128 0x6
 325 0232 6D030000 		.4byte	.LASF27
 326 0236 05       		.byte	0x5
 327 0237 B1       		.byte	0xb1
 328 0238 14020000 		.4byte	0x214
 329 023c 00       		.byte	0
 330 023d 00       		.byte	0
 331 023e 04       		.uleb128 0x4
 332 023f 19000000 		.4byte	.LASF47
 333 0243 04       		.byte	0x4
 334 0244 50       		.byte	0x50
 335 0245 49020000 		.4byte	0x249
 336 0249 05       		.uleb128 0x5
 337 024a FA000000 		.4byte	.LASF48
 338 024e 08       		.byte	0x8
 339 024f 05       		.byte	0x5
 340 0250 B7       		.byte	0xb7
 341 0251 6E020000 		.4byte	0x26e
 342 0255 06       		.uleb128 0x6
 343 0256 6D030000 		.4byte	.LASF27
 344 025a 05       		.byte	0x5
 345 025b B8       		.byte	0xb8
 346 025c 14020000 		.4byte	0x214
 347 0260 00       		.byte	0
 348 0261 06       		.uleb128 0x6
 349 0262 71000000 		.4byte	.LASF28
 350 0266 05       		.byte	0x5
 351 0267 B9       		.byte	0xb9
 352 0268 14020000 		.4byte	0x214
 353 026c 04       		.byte	0x4
 354 026d 00       		.byte	0
 355 026e 04       		.uleb128 0x4
 356 026f 0E040000 		.4byte	.LASF49
 357 0273 04       		.byte	0x4
 358 0274 57       		.byte	0x57
 359 0275 79020000 		.4byte	0x279
 360 0279 0A       		.uleb128 0xa
 361 027a 38040000 		.4byte	.LASF50
 362 027e 1C       		.byte	0x1c
 363 027f 05       		.byte	0x5
 364 0280 9201     		.2byte	0x192
 365 0282 D5020000 		.4byte	0x2d5
 366 0286 08       		.uleb128 0x8
ARM GAS  /tmp/cczRMNLm.s 			page 8


 367 0287 57000000 		.4byte	.LASF51
 368 028b 05       		.byte	0x5
 369 028c 9301     		.2byte	0x193
 370 028e 3E020000 		.4byte	0x23e
 371 0292 00       		.byte	0
 372 0293 08       		.uleb128 0x8
 373 0294 CB020000 		.4byte	.LASF52
 374 0298 05       		.byte	0x5
 375 0299 9401     		.2byte	0x194
 376 029b E7000000 		.4byte	0xe7
 377 029f 08       		.byte	0x8
 378 02a0 08       		.uleb128 0x8
 379 02a1 6B020000 		.4byte	.LASF53
 380 02a5 05       		.byte	0x5
 381 02a6 9601     		.2byte	0x196
 382 02a8 44040000 		.4byte	0x444
 383 02ac 0C       		.byte	0xc
 384 02ad 08       		.uleb128 0x8
 385 02ae 71020000 		.4byte	.LASF54
 386 02b2 05       		.byte	0x5
 387 02b3 9901     		.2byte	0x199
 388 02b5 14020000 		.4byte	0x214
 389 02b9 10       		.byte	0x10
 390 02ba 08       		.uleb128 0x8
 391 02bb 11000000 		.4byte	.LASF55
 392 02bf 05       		.byte	0x5
 393 02c0 9A01     		.2byte	0x19a
 394 02c2 14020000 		.4byte	0x214
 395 02c6 14       		.byte	0x14
 396 02c7 08       		.uleb128 0x8
 397 02c8 E1010000 		.4byte	.LASF56
 398 02cc 05       		.byte	0x5
 399 02cd 9D01     		.2byte	0x19d
 400 02cf 14020000 		.4byte	0x214
 401 02d3 18       		.byte	0x18
 402 02d4 00       		.byte	0
 403 02d5 04       		.uleb128 0x4
 404 02d6 FD030000 		.4byte	.LASF57
 405 02da 04       		.byte	0x4
 406 02db 5C       		.byte	0x5c
 407 02dc E0020000 		.4byte	0x2e0
 408 02e0 09       		.uleb128 0x9
 409 02e1 04       		.byte	0x4
 410 02e2 E6020000 		.4byte	0x2e6
 411 02e6 0B       		.uleb128 0xb
 412 02e7 F1020000 		.4byte	0x2f1
 413 02eb 0C       		.uleb128 0xc
 414 02ec F1020000 		.4byte	0x2f1
 415 02f0 00       		.byte	0
 416 02f1 0D       		.uleb128 0xd
 417 02f2 04       		.byte	0x4
 418 02f3 04       		.uleb128 0x4
 419 02f4 A7010000 		.4byte	.LASF58
 420 02f8 04       		.byte	0x4
 421 02f9 61       		.byte	0x61
 422 02fa FE020000 		.4byte	0x2fe
 423 02fe 0A       		.uleb128 0xa
ARM GAS  /tmp/cczRMNLm.s 			page 9


 424 02ff B2020000 		.4byte	.LASF59
 425 0303 14       		.byte	0x14
 426 0304 05       		.byte	0x5
 427 0305 6D01     		.2byte	0x16d
 428 0307 4D030000 		.4byte	0x34d
 429 030b 08       		.uleb128 0x8
 430 030c 4F020000 		.4byte	.LASF60
 431 0310 05       		.byte	0x5
 432 0311 6E01     		.2byte	0x16e
 433 0313 E1050000 		.4byte	0x5e1
 434 0317 00       		.byte	0
 435 0318 08       		.uleb128 0x8
 436 0319 D9010000 		.4byte	.LASF61
 437 031d 05       		.byte	0x5
 438 031e 6F01     		.2byte	0x16f
 439 0320 E1050000 		.4byte	0x5e1
 440 0324 04       		.byte	0x4
 441 0325 08       		.uleb128 0x8
 442 0326 81020000 		.4byte	.LASF62
 443 032a 05       		.byte	0x5
 444 032b 7001     		.2byte	0x170
 445 032d 13010000 		.4byte	0x113
 446 0331 08       		.byte	0x8
 447 0332 08       		.uleb128 0x8
 448 0333 98030000 		.4byte	.LASF63
 449 0337 05       		.byte	0x5
 450 0338 7101     		.2byte	0x171
 451 033a D5020000 		.4byte	0x2d5
 452 033e 0C       		.byte	0xc
 453 033f 08       		.uleb128 0x8
 454 0340 D6000000 		.4byte	.LASF64
 455 0344 05       		.byte	0x5
 456 0345 7301     		.2byte	0x173
 457 0347 F1020000 		.4byte	0x2f1
 458 034b 10       		.byte	0x10
 459 034c 00       		.byte	0
 460 034d 04       		.uleb128 0x4
 461 034e 1B040000 		.4byte	.LASF65
 462 0352 04       		.byte	0x4
 463 0353 66       		.byte	0x66
 464 0354 58030000 		.4byte	0x358
 465 0358 0A       		.uleb128 0xa
 466 0359 76010000 		.4byte	.LASF66
 467 035d 10       		.byte	0x10
 468 035e 05       		.byte	0x5
 469 035f 7D01     		.2byte	0x17d
 470 0361 9A030000 		.4byte	0x39a
 471 0365 08       		.uleb128 0x8
 472 0366 4F020000 		.4byte	.LASF60
 473 036a 05       		.byte	0x5
 474 036b 7E01     		.2byte	0x17e
 475 036d E1050000 		.4byte	0x5e1
 476 0371 00       		.byte	0
 477 0372 08       		.uleb128 0x8
 478 0373 D9010000 		.4byte	.LASF61
 479 0377 05       		.byte	0x5
 480 0378 8001     		.2byte	0x180
ARM GAS  /tmp/cczRMNLm.s 			page 10


 481 037a E1050000 		.4byte	0x5e1
 482 037e 04       		.byte	0x4
 483 037f 08       		.uleb128 0x8
 484 0380 81020000 		.4byte	.LASF62
 485 0384 05       		.byte	0x5
 486 0385 8201     		.2byte	0x182
 487 0387 13010000 		.4byte	0x113
 488 038b 08       		.byte	0x8
 489 038c 08       		.uleb128 0x8
 490 038d 45010000 		.4byte	.LASF67
 491 0391 05       		.byte	0x5
 492 0392 8A01     		.2byte	0x18a
 493 0394 13010000 		.4byte	0x113
 494 0398 0C       		.byte	0xc
 495 0399 00       		.byte	0
 496 039a 04       		.uleb128 0x4
 497 039b 78000000 		.4byte	.LASF68
 498 039f 04       		.byte	0x4
 499 03a0 6B       		.byte	0x6b
 500 03a1 A5030000 		.4byte	0x3a5
 501 03a5 0A       		.uleb128 0xa
 502 03a6 29000000 		.4byte	.LASF69
 503 03aa 04       		.byte	0x4
 504 03ab 05       		.byte	0x5
 505 03ac A401     		.2byte	0x1a4
 506 03ae C0030000 		.4byte	0x3c0
 507 03b2 08       		.uleb128 0x8
 508 03b3 45030000 		.4byte	.LASF70
 509 03b7 05       		.byte	0x5
 510 03b8 AC01     		.2byte	0x1ac
 511 03ba E7050000 		.4byte	0x5e7
 512 03be 00       		.byte	0
 513 03bf 00       		.byte	0
 514 03c0 04       		.uleb128 0x4
 515 03c1 DD000000 		.4byte	.LASF71
 516 03c5 04       		.byte	0x4
 517 03c6 70       		.byte	0x70
 518 03c7 CB030000 		.4byte	0x3cb
 519 03cb 0E       		.uleb128 0xe
 520 03cc 96010000 		.4byte	.LASF72
 521 03d0 5001     		.2byte	0x150
 522 03d2 05       		.byte	0x5
 523 03d3 C401     		.2byte	0x1c4
 524 03d5 27040000 		.4byte	0x427
 525 03d9 08       		.uleb128 0x8
 526 03da 9F020000 		.4byte	.LASF73
 527 03de 05       		.byte	0x5
 528 03df C801     		.2byte	0x1c8
 529 03e1 6E020000 		.4byte	0x26e
 530 03e5 00       		.byte	0
 531 03e6 08       		.uleb128 0x8
 532 03e7 BE000000 		.4byte	.LASF74
 533 03eb 05       		.byte	0x5
 534 03ec CC01     		.2byte	0x1cc
 535 03ee 4D030000 		.4byte	0x34d
 536 03f2 1C       		.byte	0x1c
 537 03f3 07       		.uleb128 0x7
ARM GAS  /tmp/cczRMNLm.s 			page 11


 538 03f4 64626700 		.ascii	"dbg\000"
 539 03f8 05       		.byte	0x5
 540 03f9 D001     		.2byte	0x1d0
 541 03fb 9A030000 		.4byte	0x39a
 542 03ff 2C       		.byte	0x2c
 543 0400 08       		.uleb128 0x8
 544 0401 42000000 		.4byte	.LASF75
 545 0405 05       		.byte	0x5
 546 0406 D401     		.2byte	0x1d4
 547 0408 1E010000 		.4byte	0x11e
 548 040c 30       		.byte	0x30
 549 040d 07       		.uleb128 0x7
 550 040e 746D00   		.ascii	"tm\000"
 551 0411 05       		.byte	0x5
 552 0412 D901     		.2byte	0x1d9
 553 0414 F3040000 		.4byte	0x4f3
 554 0418 70       		.byte	0x70
 555 0419 08       		.uleb128 0x8
 556 041a 15030000 		.4byte	.LASF76
 557 041e 05       		.byte	0x5
 558 041f E501     		.2byte	0x1e5
 559 0421 EC050000 		.4byte	0x5ec
 560 0425 78       		.byte	0x78
 561 0426 00       		.byte	0
 562 0427 03       		.uleb128 0x3
 563 0428 04       		.byte	0x4
 564 0429 07       		.byte	0x7
 565 042a 87000000 		.4byte	.LASF77
 566 042e 04       		.uleb128 0x4
 567 042f E9000000 		.4byte	.LASF78
 568 0433 06       		.byte	0x6
 569 0434 65       		.byte	0x65
 570 0435 F1020000 		.4byte	0x2f1
 571 0439 04       		.uleb128 0x4
 572 043a 0A030000 		.4byte	.LASF79
 573 043e 06       		.byte	0x6
 574 043f 6D       		.byte	0x6d
 575 0440 B0000000 		.4byte	0xb0
 576 0444 05       		.uleb128 0x5
 577 0445 C9010000 		.4byte	.LASF80
 578 0449 04       		.byte	0x4
 579 044a 06       		.byte	0x6
 580 044b 89       		.byte	0x89
 581 044c 5D040000 		.4byte	0x45d
 582 0450 0F       		.uleb128 0xf
 583 0451 72313300 		.ascii	"r13\000"
 584 0455 06       		.byte	0x6
 585 0456 8A       		.byte	0x8a
 586 0457 D8040000 		.4byte	0x4d8
 587 045b 00       		.byte	0
 588 045c 00       		.byte	0
 589 045d 05       		.uleb128 0x5
 590 045e 57020000 		.4byte	.LASF81
 591 0462 24       		.byte	0x24
 592 0463 07       		.byte	0x7
 593 0464 FD       		.byte	0xfd
 594 0465 D8040000 		.4byte	0x4d8
ARM GAS  /tmp/cczRMNLm.s 			page 12


 595 0469 07       		.uleb128 0x7
 596 046a 723400   		.ascii	"r4\000"
 597 046d 07       		.byte	0x7
 598 046e 1001     		.2byte	0x110
 599 0470 2E040000 		.4byte	0x42e
 600 0474 00       		.byte	0
 601 0475 07       		.uleb128 0x7
 602 0476 723500   		.ascii	"r5\000"
 603 0479 07       		.byte	0x7
 604 047a 1101     		.2byte	0x111
 605 047c 2E040000 		.4byte	0x42e
 606 0480 04       		.byte	0x4
 607 0481 07       		.uleb128 0x7
 608 0482 723600   		.ascii	"r6\000"
 609 0485 07       		.byte	0x7
 610 0486 1201     		.2byte	0x112
 611 0488 2E040000 		.4byte	0x42e
 612 048c 08       		.byte	0x8
 613 048d 07       		.uleb128 0x7
 614 048e 723700   		.ascii	"r7\000"
 615 0491 07       		.byte	0x7
 616 0492 1301     		.2byte	0x113
 617 0494 2E040000 		.4byte	0x42e
 618 0498 0C       		.byte	0xc
 619 0499 07       		.uleb128 0x7
 620 049a 723800   		.ascii	"r8\000"
 621 049d 07       		.byte	0x7
 622 049e 1401     		.2byte	0x114
 623 04a0 2E040000 		.4byte	0x42e
 624 04a4 10       		.byte	0x10
 625 04a5 07       		.uleb128 0x7
 626 04a6 723900   		.ascii	"r9\000"
 627 04a9 07       		.byte	0x7
 628 04aa 1501     		.2byte	0x115
 629 04ac 2E040000 		.4byte	0x42e
 630 04b0 14       		.byte	0x14
 631 04b1 07       		.uleb128 0x7
 632 04b2 72313000 		.ascii	"r10\000"
 633 04b6 07       		.byte	0x7
 634 04b7 1601     		.2byte	0x116
 635 04b9 2E040000 		.4byte	0x42e
 636 04bd 18       		.byte	0x18
 637 04be 07       		.uleb128 0x7
 638 04bf 72313100 		.ascii	"r11\000"
 639 04c3 07       		.byte	0x7
 640 04c4 1701     		.2byte	0x117
 641 04c6 2E040000 		.4byte	0x42e
 642 04ca 1C       		.byte	0x1c
 643 04cb 07       		.uleb128 0x7
 644 04cc 6C7200   		.ascii	"lr\000"
 645 04cf 07       		.byte	0x7
 646 04d0 1801     		.2byte	0x118
 647 04d2 2E040000 		.4byte	0x42e
 648 04d6 20       		.byte	0x20
 649 04d7 00       		.byte	0
 650 04d8 09       		.uleb128 0x9
 651 04d9 04       		.byte	0x4
ARM GAS  /tmp/cczRMNLm.s 			page 13


 652 04da 5D040000 		.4byte	0x45d
 653 04de 10       		.uleb128 0x10
 654 04df 04       		.byte	0x4
 655 04e0 08       		.byte	0x8
 656 04e1 38       		.byte	0x38
 657 04e2 F3040000 		.4byte	0x4f3
 658 04e6 06       		.uleb128 0x6
 659 04e7 A0010000 		.4byte	.LASF82
 660 04eb 08       		.byte	0x8
 661 04ec 3C       		.byte	0x3c
 662 04ed BB000000 		.4byte	0xbb
 663 04f1 00       		.byte	0
 664 04f2 00       		.byte	0
 665 04f3 04       		.uleb128 0x4
 666 04f4 C5000000 		.4byte	.LASF83
 667 04f8 08       		.byte	0x8
 668 04f9 3D       		.byte	0x3d
 669 04fa DE040000 		.4byte	0x4de
 670 04fe 11       		.uleb128 0x11
 671 04ff 04       		.byte	0x4
 672 0500 05       		.byte	0x5
 673 0501 FA       		.byte	0xfa
 674 0502 67050000 		.4byte	0x567
 675 0506 12       		.uleb128 0x12
 676 0507 61040000 		.4byte	.LASF84
 677 050b 05       		.byte	0x5
 678 050c 0101     		.2byte	0x101
 679 050e F2000000 		.4byte	0xf2
 680 0512 12       		.uleb128 0x12
 681 0513 F4030000 		.4byte	.LASF85
 682 0517 05       		.byte	0x5
 683 0518 0801     		.2byte	0x108
 684 051a F2000000 		.4byte	0xf2
 685 051e 12       		.uleb128 0x12
 686 051f 91030000 		.4byte	.LASF86
 687 0523 05       		.byte	0x5
 688 0524 0F01     		.2byte	0x10f
 689 0526 F1020000 		.4byte	0x2f1
 690 052a 12       		.uleb128 0x12
 691 052b 5A030000 		.4byte	.LASF87
 692 052f 05       		.byte	0x5
 693 0530 1601     		.2byte	0x116
 694 0532 67050000 		.4byte	0x567
 695 0536 12       		.uleb128 0x12
 696 0537 D1010000 		.4byte	.LASF88
 697 053b 05       		.byte	0x5
 698 053c 1B01     		.2byte	0x11b
 699 053e F2000000 		.4byte	0xf2
 700 0542 12       		.uleb128 0x12
 701 0543 24030000 		.4byte	.LASF89
 702 0547 05       		.byte	0x5
 703 0548 2401     		.2byte	0x124
 704 054a 92050000 		.4byte	0x592
 705 054e 12       		.uleb128 0x12
 706 054f 6E040000 		.4byte	.LASF90
 707 0553 05       		.byte	0x5
 708 0554 2D01     		.2byte	0x12d
ARM GAS  /tmp/cczRMNLm.s 			page 14


 709 0556 C9050000 		.4byte	0x5c9
 710 055a 12       		.uleb128 0x12
 711 055b FF010000 		.4byte	.LASF91
 712 055f 05       		.byte	0x5
 713 0560 3501     		.2byte	0x135
 714 0562 FD000000 		.4byte	0xfd
 715 0566 00       		.byte	0
 716 0567 09       		.uleb128 0x9
 717 0568 04       		.byte	0x4
 718 0569 09020000 		.4byte	0x209
 719 056d 05       		.uleb128 0x5
 720 056e 60030000 		.4byte	.LASF92
 721 0572 0C       		.byte	0xc
 722 0573 09       		.byte	0x9
 723 0574 34       		.byte	0x34
 724 0575 92050000 		.4byte	0x592
 725 0579 06       		.uleb128 0x6
 726 057a AA020000 		.4byte	.LASF93
 727 057e 09       		.byte	0x9
 728 057f 35       		.byte	0x35
 729 0580 3E020000 		.4byte	0x23e
 730 0584 00       		.byte	0
 731 0585 06       		.uleb128 0x6
 732 0586 EB010000 		.4byte	.LASF94
 733 058a 09       		.byte	0x9
 734 058b 37       		.byte	0x37
 735 058c 08010000 		.4byte	0x108
 736 0590 08       		.byte	0x8
 737 0591 00       		.byte	0
 738 0592 09       		.uleb128 0x9
 739 0593 04       		.byte	0x4
 740 0594 6D050000 		.4byte	0x56d
 741 0598 05       		.uleb128 0x5
 742 0599 0B010000 		.4byte	.LASF95
 743 059d 10       		.byte	0x10
 744 059e 0A       		.byte	0xa
 745 059f 39       		.byte	0x39
 746 05a0 C9050000 		.4byte	0x5c9
 747 05a4 06       		.uleb128 0x6
 748 05a5 B7010000 		.4byte	.LASF96
 749 05a9 0A       		.byte	0xa
 750 05aa 3A       		.byte	0x3a
 751 05ab 3E020000 		.4byte	0x23e
 752 05af 00       		.byte	0
 753 05b0 06       		.uleb128 0x6
 754 05b1 59040000 		.4byte	.LASF97
 755 05b5 0A       		.byte	0xa
 756 05b6 3C       		.byte	0x3c
 757 05b7 14020000 		.4byte	0x214
 758 05bb 08       		.byte	0x8
 759 05bc 06       		.uleb128 0x6
 760 05bd 5F000000 		.4byte	.LASF98
 761 05c1 0A       		.byte	0xa
 762 05c2 3E       		.byte	0x3e
 763 05c3 07060000 		.4byte	0x607
 764 05c7 0C       		.byte	0xc
 765 05c8 00       		.byte	0
ARM GAS  /tmp/cczRMNLm.s 			page 15


 766 05c9 09       		.uleb128 0x9
 767 05ca 04       		.byte	0x4
 768 05cb 98050000 		.4byte	0x598
 769 05cf 09       		.uleb128 0x9
 770 05d0 04       		.byte	0x4
 771 05d1 D5050000 		.4byte	0x5d5
 772 05d5 13       		.uleb128 0x13
 773 05d6 DA050000 		.4byte	0x5da
 774 05da 03       		.uleb128 0x3
 775 05db 01       		.byte	0x1
 776 05dc 08       		.byte	0x8
 777 05dd A5020000 		.4byte	.LASF99
 778 05e1 09       		.uleb128 0x9
 779 05e2 04       		.byte	0x4
 780 05e3 F3020000 		.4byte	0x2f3
 781 05e7 14       		.uleb128 0x14
 782 05e8 CF050000 		.4byte	0x5cf
 783 05ec 15       		.uleb128 0x15
 784 05ed 39040000 		.4byte	0x439
 785 05f1 FC050000 		.4byte	0x5fc
 786 05f5 16       		.uleb128 0x16
 787 05f6 27040000 		.4byte	0x427
 788 05fa 1A       		.byte	0x1a
 789 05fb 00       		.byte	0
 790 05fc 04       		.uleb128 0x4
 791 05fd 47020000 		.4byte	.LASF100
 792 0601 0A       		.byte	0xa
 793 0602 34       		.byte	0x34
 794 0603 98050000 		.4byte	0x598
 795 0607 09       		.uleb128 0x9
 796 0608 04       		.byte	0x4
 797 0609 FC050000 		.4byte	0x5fc
 798 060d 17       		.uleb128 0x17
 799 060e 4C040000 		.4byte	.LASF101
 800 0612 0B       		.byte	0xb
 801 0613 FA06     		.2byte	0x6fa
 802 0615 19060000 		.4byte	0x619
 803 0619 14       		.uleb128 0x14
 804 061a 9A000000 		.4byte	0x9a
 805 061e 18       		.uleb128 0x18
 806 061f 636800   		.ascii	"ch\000"
 807 0622 05       		.byte	0x5
 808 0623 0B02     		.2byte	0x20b
 809 0625 C0030000 		.4byte	0x3c0
 810 0629 00       		.byte	0
 811              		.section	.debug_abbrev,"",%progbits
 812              	.Ldebug_abbrev0:
 813 0000 01       		.uleb128 0x1
 814 0001 11       		.uleb128 0x11
 815 0002 01       		.byte	0x1
 816 0003 25       		.uleb128 0x25
 817 0004 0E       		.uleb128 0xe
 818 0005 13       		.uleb128 0x13
 819 0006 0B       		.uleb128 0xb
 820 0007 03       		.uleb128 0x3
 821 0008 0E       		.uleb128 0xe
 822 0009 1B       		.uleb128 0x1b
ARM GAS  /tmp/cczRMNLm.s 			page 16


 823 000a 0E       		.uleb128 0xe
 824 000b 10       		.uleb128 0x10
 825 000c 17       		.uleb128 0x17
 826 000d 00       		.byte	0
 827 000e 00       		.byte	0
 828 000f 02       		.uleb128 0x2
 829 0010 24       		.uleb128 0x24
 830 0011 00       		.byte	0
 831 0012 0B       		.uleb128 0xb
 832 0013 0B       		.uleb128 0xb
 833 0014 3E       		.uleb128 0x3e
 834 0015 0B       		.uleb128 0xb
 835 0016 03       		.uleb128 0x3
 836 0017 08       		.uleb128 0x8
 837 0018 00       		.byte	0
 838 0019 00       		.byte	0
 839 001a 03       		.uleb128 0x3
 840 001b 24       		.uleb128 0x24
 841 001c 00       		.byte	0
 842 001d 0B       		.uleb128 0xb
 843 001e 0B       		.uleb128 0xb
 844 001f 3E       		.uleb128 0x3e
 845 0020 0B       		.uleb128 0xb
 846 0021 03       		.uleb128 0x3
 847 0022 0E       		.uleb128 0xe
 848 0023 00       		.byte	0
 849 0024 00       		.byte	0
 850 0025 04       		.uleb128 0x4
 851 0026 16       		.uleb128 0x16
 852 0027 00       		.byte	0
 853 0028 03       		.uleb128 0x3
 854 0029 0E       		.uleb128 0xe
 855 002a 3A       		.uleb128 0x3a
 856 002b 0B       		.uleb128 0xb
 857 002c 3B       		.uleb128 0x3b
 858 002d 0B       		.uleb128 0xb
 859 002e 49       		.uleb128 0x49
 860 002f 13       		.uleb128 0x13
 861 0030 00       		.byte	0
 862 0031 00       		.byte	0
 863 0032 05       		.uleb128 0x5
 864 0033 13       		.uleb128 0x13
 865 0034 01       		.byte	0x1
 866 0035 03       		.uleb128 0x3
 867 0036 0E       		.uleb128 0xe
 868 0037 0B       		.uleb128 0xb
 869 0038 0B       		.uleb128 0xb
 870 0039 3A       		.uleb128 0x3a
 871 003a 0B       		.uleb128 0xb
 872 003b 3B       		.uleb128 0x3b
 873 003c 0B       		.uleb128 0xb
 874 003d 01       		.uleb128 0x1
 875 003e 13       		.uleb128 0x13
 876 003f 00       		.byte	0
 877 0040 00       		.byte	0
 878 0041 06       		.uleb128 0x6
 879 0042 0D       		.uleb128 0xd
ARM GAS  /tmp/cczRMNLm.s 			page 17


 880 0043 00       		.byte	0
 881 0044 03       		.uleb128 0x3
 882 0045 0E       		.uleb128 0xe
 883 0046 3A       		.uleb128 0x3a
 884 0047 0B       		.uleb128 0xb
 885 0048 3B       		.uleb128 0x3b
 886 0049 0B       		.uleb128 0xb
 887 004a 49       		.uleb128 0x49
 888 004b 13       		.uleb128 0x13
 889 004c 38       		.uleb128 0x38
 890 004d 0B       		.uleb128 0xb
 891 004e 00       		.byte	0
 892 004f 00       		.byte	0
 893 0050 07       		.uleb128 0x7
 894 0051 0D       		.uleb128 0xd
 895 0052 00       		.byte	0
 896 0053 03       		.uleb128 0x3
 897 0054 08       		.uleb128 0x8
 898 0055 3A       		.uleb128 0x3a
 899 0056 0B       		.uleb128 0xb
 900 0057 3B       		.uleb128 0x3b
 901 0058 05       		.uleb128 0x5
 902 0059 49       		.uleb128 0x49
 903 005a 13       		.uleb128 0x13
 904 005b 38       		.uleb128 0x38
 905 005c 0B       		.uleb128 0xb
 906 005d 00       		.byte	0
 907 005e 00       		.byte	0
 908 005f 08       		.uleb128 0x8
 909 0060 0D       		.uleb128 0xd
 910 0061 00       		.byte	0
 911 0062 03       		.uleb128 0x3
 912 0063 0E       		.uleb128 0xe
 913 0064 3A       		.uleb128 0x3a
 914 0065 0B       		.uleb128 0xb
 915 0066 3B       		.uleb128 0x3b
 916 0067 05       		.uleb128 0x5
 917 0068 49       		.uleb128 0x49
 918 0069 13       		.uleb128 0x13
 919 006a 38       		.uleb128 0x38
 920 006b 0B       		.uleb128 0xb
 921 006c 00       		.byte	0
 922 006d 00       		.byte	0
 923 006e 09       		.uleb128 0x9
 924 006f 0F       		.uleb128 0xf
 925 0070 00       		.byte	0
 926 0071 0B       		.uleb128 0xb
 927 0072 0B       		.uleb128 0xb
 928 0073 49       		.uleb128 0x49
 929 0074 13       		.uleb128 0x13
 930 0075 00       		.byte	0
 931 0076 00       		.byte	0
 932 0077 0A       		.uleb128 0xa
 933 0078 13       		.uleb128 0x13
 934 0079 01       		.byte	0x1
 935 007a 03       		.uleb128 0x3
 936 007b 0E       		.uleb128 0xe
ARM GAS  /tmp/cczRMNLm.s 			page 18


 937 007c 0B       		.uleb128 0xb
 938 007d 0B       		.uleb128 0xb
 939 007e 3A       		.uleb128 0x3a
 940 007f 0B       		.uleb128 0xb
 941 0080 3B       		.uleb128 0x3b
 942 0081 05       		.uleb128 0x5
 943 0082 01       		.uleb128 0x1
 944 0083 13       		.uleb128 0x13
 945 0084 00       		.byte	0
 946 0085 00       		.byte	0
 947 0086 0B       		.uleb128 0xb
 948 0087 15       		.uleb128 0x15
 949 0088 01       		.byte	0x1
 950 0089 27       		.uleb128 0x27
 951 008a 19       		.uleb128 0x19
 952 008b 01       		.uleb128 0x1
 953 008c 13       		.uleb128 0x13
 954 008d 00       		.byte	0
 955 008e 00       		.byte	0
 956 008f 0C       		.uleb128 0xc
 957 0090 05       		.uleb128 0x5
 958 0091 00       		.byte	0
 959 0092 49       		.uleb128 0x49
 960 0093 13       		.uleb128 0x13
 961 0094 00       		.byte	0
 962 0095 00       		.byte	0
 963 0096 0D       		.uleb128 0xd
 964 0097 0F       		.uleb128 0xf
 965 0098 00       		.byte	0
 966 0099 0B       		.uleb128 0xb
 967 009a 0B       		.uleb128 0xb
 968 009b 00       		.byte	0
 969 009c 00       		.byte	0
 970 009d 0E       		.uleb128 0xe
 971 009e 13       		.uleb128 0x13
 972 009f 01       		.byte	0x1
 973 00a0 03       		.uleb128 0x3
 974 00a1 0E       		.uleb128 0xe
 975 00a2 0B       		.uleb128 0xb
 976 00a3 05       		.uleb128 0x5
 977 00a4 3A       		.uleb128 0x3a
 978 00a5 0B       		.uleb128 0xb
 979 00a6 3B       		.uleb128 0x3b
 980 00a7 05       		.uleb128 0x5
 981 00a8 01       		.uleb128 0x1
 982 00a9 13       		.uleb128 0x13
 983 00aa 00       		.byte	0
 984 00ab 00       		.byte	0
 985 00ac 0F       		.uleb128 0xf
 986 00ad 0D       		.uleb128 0xd
 987 00ae 00       		.byte	0
 988 00af 03       		.uleb128 0x3
 989 00b0 08       		.uleb128 0x8
 990 00b1 3A       		.uleb128 0x3a
 991 00b2 0B       		.uleb128 0xb
 992 00b3 3B       		.uleb128 0x3b
 993 00b4 0B       		.uleb128 0xb
ARM GAS  /tmp/cczRMNLm.s 			page 19


 994 00b5 49       		.uleb128 0x49
 995 00b6 13       		.uleb128 0x13
 996 00b7 38       		.uleb128 0x38
 997 00b8 0B       		.uleb128 0xb
 998 00b9 00       		.byte	0
 999 00ba 00       		.byte	0
 1000 00bb 10       		.uleb128 0x10
 1001 00bc 13       		.uleb128 0x13
 1002 00bd 01       		.byte	0x1
 1003 00be 0B       		.uleb128 0xb
 1004 00bf 0B       		.uleb128 0xb
 1005 00c0 3A       		.uleb128 0x3a
 1006 00c1 0B       		.uleb128 0xb
 1007 00c2 3B       		.uleb128 0x3b
 1008 00c3 0B       		.uleb128 0xb
 1009 00c4 01       		.uleb128 0x1
 1010 00c5 13       		.uleb128 0x13
 1011 00c6 00       		.byte	0
 1012 00c7 00       		.byte	0
 1013 00c8 11       		.uleb128 0x11
 1014 00c9 17       		.uleb128 0x17
 1015 00ca 01       		.byte	0x1
 1016 00cb 0B       		.uleb128 0xb
 1017 00cc 0B       		.uleb128 0xb
 1018 00cd 3A       		.uleb128 0x3a
 1019 00ce 0B       		.uleb128 0xb
 1020 00cf 3B       		.uleb128 0x3b
 1021 00d0 0B       		.uleb128 0xb
 1022 00d1 01       		.uleb128 0x1
 1023 00d2 13       		.uleb128 0x13
 1024 00d3 00       		.byte	0
 1025 00d4 00       		.byte	0
 1026 00d5 12       		.uleb128 0x12
 1027 00d6 0D       		.uleb128 0xd
 1028 00d7 00       		.byte	0
 1029 00d8 03       		.uleb128 0x3
 1030 00d9 0E       		.uleb128 0xe
 1031 00da 3A       		.uleb128 0x3a
 1032 00db 0B       		.uleb128 0xb
 1033 00dc 3B       		.uleb128 0x3b
 1034 00dd 05       		.uleb128 0x5
 1035 00de 49       		.uleb128 0x49
 1036 00df 13       		.uleb128 0x13
 1037 00e0 00       		.byte	0
 1038 00e1 00       		.byte	0
 1039 00e2 13       		.uleb128 0x13
 1040 00e3 26       		.uleb128 0x26
 1041 00e4 00       		.byte	0
 1042 00e5 49       		.uleb128 0x49
 1043 00e6 13       		.uleb128 0x13
 1044 00e7 00       		.byte	0
 1045 00e8 00       		.byte	0
 1046 00e9 14       		.uleb128 0x14
 1047 00ea 35       		.uleb128 0x35
 1048 00eb 00       		.byte	0
 1049 00ec 49       		.uleb128 0x49
 1050 00ed 13       		.uleb128 0x13
ARM GAS  /tmp/cczRMNLm.s 			page 20


 1051 00ee 00       		.byte	0
 1052 00ef 00       		.byte	0
 1053 00f0 15       		.uleb128 0x15
 1054 00f1 01       		.uleb128 0x1
 1055 00f2 01       		.byte	0x1
 1056 00f3 49       		.uleb128 0x49
 1057 00f4 13       		.uleb128 0x13
 1058 00f5 01       		.uleb128 0x1
 1059 00f6 13       		.uleb128 0x13
 1060 00f7 00       		.byte	0
 1061 00f8 00       		.byte	0
 1062 00f9 16       		.uleb128 0x16
 1063 00fa 21       		.uleb128 0x21
 1064 00fb 00       		.byte	0
 1065 00fc 49       		.uleb128 0x49
 1066 00fd 13       		.uleb128 0x13
 1067 00fe 2F       		.uleb128 0x2f
 1068 00ff 0B       		.uleb128 0xb
 1069 0100 00       		.byte	0
 1070 0101 00       		.byte	0
 1071 0102 17       		.uleb128 0x17
 1072 0103 34       		.uleb128 0x34
 1073 0104 00       		.byte	0
 1074 0105 03       		.uleb128 0x3
 1075 0106 0E       		.uleb128 0xe
 1076 0107 3A       		.uleb128 0x3a
 1077 0108 0B       		.uleb128 0xb
 1078 0109 3B       		.uleb128 0x3b
 1079 010a 05       		.uleb128 0x5
 1080 010b 49       		.uleb128 0x49
 1081 010c 13       		.uleb128 0x13
 1082 010d 3F       		.uleb128 0x3f
 1083 010e 19       		.uleb128 0x19
 1084 010f 3C       		.uleb128 0x3c
 1085 0110 19       		.uleb128 0x19
 1086 0111 00       		.byte	0
 1087 0112 00       		.byte	0
 1088 0113 18       		.uleb128 0x18
 1089 0114 34       		.uleb128 0x34
 1090 0115 00       		.byte	0
 1091 0116 03       		.uleb128 0x3
 1092 0117 08       		.uleb128 0x8
 1093 0118 3A       		.uleb128 0x3a
 1094 0119 0B       		.uleb128 0xb
 1095 011a 3B       		.uleb128 0x3b
 1096 011b 05       		.uleb128 0x5
 1097 011c 49       		.uleb128 0x49
 1098 011d 13       		.uleb128 0x13
 1099 011e 3F       		.uleb128 0x3f
 1100 011f 19       		.uleb128 0x19
 1101 0120 3C       		.uleb128 0x3c
 1102 0121 19       		.uleb128 0x19
 1103 0122 00       		.byte	0
 1104 0123 00       		.byte	0
 1105 0124 00       		.byte	0
 1106              		.section	.debug_aranges,"",%progbits
 1107 0000 14000000 		.4byte	0x14
ARM GAS  /tmp/cczRMNLm.s 			page 21


 1108 0004 0200     		.2byte	0x2
 1109 0006 00000000 		.4byte	.Ldebug_info0
 1110 000a 04       		.byte	0x4
 1111 000b 00       		.byte	0
 1112 000c 0000     		.2byte	0
 1113 000e 0000     		.2byte	0
 1114 0010 00000000 		.4byte	0
 1115 0014 00000000 		.4byte	0
 1116              		.section	.debug_line,"",%progbits
 1117              	.Ldebug_line0:
 1118 0000 0B020000 		.section	.debug_str,"MS",%progbits,1
 1118      02000502 
 1118      00000201 
 1118      FB0E0D00 
 1118      01010101 
 1119              	.LASF26:
 1120 0000 74687265 		.ascii	"thread_t\000"
 1120      61645F74 
 1120      00
 1121              	.LASF20:
 1122 0009 74726566 		.ascii	"trefs_t\000"
 1122      735F7400 
 1123              	.LASF55:
 1124 0011 725F6F6C 		.ascii	"r_older\000"
 1124      64657200 
 1125              	.LASF47:
 1126 0019 74687265 		.ascii	"threads_queue_t\000"
 1126      6164735F 
 1126      71756575 
 1126      655F7400 
 1127              	.LASF69:
 1128 0029 63685F73 		.ascii	"ch_system_debug\000"
 1128      79737465 
 1128      6D5F6465 
 1128      62756700 
 1129              	.LASF16:
 1130 0039 75696E74 		.ascii	"uint64_t\000"
 1130      36345F74 
 1130      00
 1131              	.LASF75:
 1132 0042 6D61696E 		.ascii	"mainthread\000"
 1132      74687265 
 1132      616400
 1133              	.LASF3:
 1134 004d 73686F72 		.ascii	"short int\000"
 1134      7420696E 
 1134      7400
 1135              	.LASF51:
 1136 0057 725F7175 		.ascii	"r_queue\000"
 1136      65756500 
 1137              	.LASF98:
 1138 005f 6D5F6E65 		.ascii	"m_next\000"
 1138      787400
 1139              	.LASF39:
 1140 0066 705F6570 		.ascii	"p_epending\000"
 1140      656E6469 
 1140      6E6700
ARM GAS  /tmp/cczRMNLm.s 			page 22


 1141              	.LASF28:
 1142 0071 705F7072 		.ascii	"p_prev\000"
 1142      657600
 1143              	.LASF68:
 1144 0078 73797374 		.ascii	"system_debug_t\000"
 1144      656D5F64 
 1144      65627567 
 1144      5F7400
 1145              	.LASF77:
 1146 0087 73697A65 		.ascii	"sizetype\000"
 1146      74797065 
 1146      00
 1147              	.LASF23:
 1148 0090 6576656E 		.ascii	"eventmask_t\000"
 1148      746D6173 
 1148      6B5F7400 
 1149              	.LASF38:
 1150 009c 705F6D73 		.ascii	"p_msgqueue\000"
 1150      67717565 
 1150      756500
 1151              	.LASF29:
 1152 00a7 705F7072 		.ascii	"p_prio\000"
 1152      696F00
 1153              	.LASF46:
 1154 00ae 63685F74 		.ascii	"ch_threads_list\000"
 1154      68726561 
 1154      64735F6C 
 1154      69737400 
 1155              	.LASF74:
 1156 00be 76746C69 		.ascii	"vtlist\000"
 1156      737400
 1157              	.LASF83:
 1158 00c5 746D5F63 		.ascii	"tm_calibration_t\000"
 1158      616C6962 
 1158      72617469 
 1158      6F6E5F74 
 1158      00
 1159              	.LASF64:
 1160 00d6 76745F70 		.ascii	"vt_par\000"
 1160      617200
 1161              	.LASF71:
 1162 00dd 63685F73 		.ascii	"ch_system_t\000"
 1162      79737465 
 1162      6D5F7400 
 1163              	.LASF78:
 1164 00e9 72656761 		.ascii	"regarm_t\000"
 1164      726D5F74 
 1164      00
 1165              	.LASF13:
 1166 00f2 75696E74 		.ascii	"uint8_t\000"
 1166      385F7400 
 1167              	.LASF48:
 1168 00fa 63685F74 		.ascii	"ch_threads_queue\000"
 1168      68726561 
 1168      64735F71 
 1168      75657565 
 1168      00
ARM GAS  /tmp/cczRMNLm.s 			page 23


 1169              	.LASF95:
 1170 010b 63685F6D 		.ascii	"ch_mutex\000"
 1170      75746578 
 1170      00
 1171              	.LASF14:
 1172 0114 696E7433 		.ascii	"int32_t\000"
 1172      325F7400 
 1173              	.LASF45:
 1174 011c 63685F74 		.ascii	"ch_thread\000"
 1174      68726561 
 1174      6400
 1175              	.LASF103:
 1176 0126 2E2E2F43 		.ascii	"../ChibiOS/os/rt/src/chdebug.c\000"
 1176      68696269 
 1176      4F532F6F 
 1176      732F7274 
 1176      2F737263 
 1177              	.LASF67:
 1178 0145 76745F6C 		.ascii	"vt_lasttime\000"
 1178      61737474 
 1178      696D6500 
 1179              	.LASF18:
 1180 0151 746D6F64 		.ascii	"tmode_t\000"
 1180      655F7400 
 1181              	.LASF10:
 1182 0159 6C6F6E67 		.ascii	"long long int\000"
 1182      206C6F6E 
 1182      6720696E 
 1182      7400
 1183              	.LASF33:
 1184 0167 705F6E61 		.ascii	"p_name\000"
 1184      6D6500
 1185              	.LASF21:
 1186 016e 74707269 		.ascii	"tprio_t\000"
 1186      6F5F7400 
 1187              	.LASF66:
 1188 0176 63685F76 		.ascii	"ch_virtual_timers_list\000"
 1188      69727475 
 1188      616C5F74 
 1188      696D6572 
 1188      735F6C69 
 1189              	.LASF7:
 1190 018d 6C6F6E67 		.ascii	"long int\000"
 1190      20696E74 
 1190      00
 1191              	.LASF72:
 1192 0196 63685F73 		.ascii	"ch_system\000"
 1192      79737465 
 1192      6D00
 1193              	.LASF82:
 1194 01a0 6F666673 		.ascii	"offset\000"
 1194      657400
 1195              	.LASF58:
 1196 01a7 76697274 		.ascii	"virtual_timer_t\000"
 1196      75616C5F 
 1196      74696D65 
 1196      725F7400 
ARM GAS  /tmp/cczRMNLm.s 			page 24


 1197              	.LASF96:
 1198 01b7 6D5F7175 		.ascii	"m_queue\000"
 1198      65756500 
 1199              	.LASF5:
 1200 01bf 5F5F7569 		.ascii	"__uint8_t\000"
 1200      6E74385F 
 1200      7400
 1201              	.LASF80:
 1202 01c9 636F6E74 		.ascii	"context\000"
 1202      65787400 
 1203              	.LASF88:
 1204 01d1 73656E74 		.ascii	"sentmsg\000"
 1204      6D736700 
 1205              	.LASF61:
 1206 01d9 76745F70 		.ascii	"vt_prev\000"
 1206      72657600 
 1207              	.LASF56:
 1208 01e1 725F6375 		.ascii	"r_current\000"
 1208      7272656E 
 1208      7400
 1209              	.LASF94:
 1210 01eb 735F636E 		.ascii	"s_cnt\000"
 1210      7400
 1211              	.LASF2:
 1212 01f1 756E7369 		.ascii	"unsigned char\000"
 1212      676E6564 
 1212      20636861 
 1212      7200
 1213              	.LASF91:
 1214 01ff 65776D61 		.ascii	"ewmask\000"
 1214      736B00
 1215              	.LASF1:
 1216 0206 7369676E 		.ascii	"signed char\000"
 1216      65642063 
 1216      68617200 
 1217              	.LASF31:
 1218 0212 705F6E65 		.ascii	"p_newer\000"
 1218      77657200 
 1219              	.LASF12:
 1220 021a 6C6F6E67 		.ascii	"long long unsigned int\000"
 1220      206C6F6E 
 1220      6720756E 
 1220      7369676E 
 1220      65642069 
 1221              	.LASF15:
 1222 0231 75696E74 		.ascii	"uint32_t\000"
 1222      33325F74 
 1222      00
 1223              	.LASF0:
 1224 023a 756E7369 		.ascii	"unsigned int\000"
 1224      676E6564 
 1224      20696E74 
 1224      00
 1225              	.LASF100:
 1226 0247 6D757465 		.ascii	"mutex_t\000"
 1226      785F7400 
 1227              	.LASF60:
ARM GAS  /tmp/cczRMNLm.s 			page 25


 1228 024f 76745F6E 		.ascii	"vt_next\000"
 1228      65787400 
 1229              	.LASF81:
 1230 0257 706F7274 		.ascii	"port_intctx\000"
 1230      5F696E74 
 1230      63747800 
 1231              	.LASF42:
 1232 0263 705F6D70 		.ascii	"p_mpool\000"
 1232      6F6F6C00 
 1233              	.LASF53:
 1234 026b 725F6374 		.ascii	"r_ctx\000"
 1234      7800
 1235              	.LASF54:
 1236 0271 725F6E65 		.ascii	"r_newer\000"
 1236      77657200 
 1237              	.LASF35:
 1238 0279 705F666C 		.ascii	"p_flags\000"
 1238      61677300 
 1239              	.LASF62:
 1240 0281 76745F64 		.ascii	"vt_delta\000"
 1240      656C7461 
 1240      00
 1241              	.LASF41:
 1242 028a 705F7265 		.ascii	"p_realprio\000"
 1242      616C7072 
 1242      696F00
 1243              	.LASF25:
 1244 0295 73797374 		.ascii	"systime_t\000"
 1244      696D655F 
 1244      7400
 1245              	.LASF73:
 1246 029f 726C6973 		.ascii	"rlist\000"
 1246      7400
 1247              	.LASF99:
 1248 02a5 63686172 		.ascii	"char\000"
 1248      00
 1249              	.LASF93:
 1250 02aa 735F7175 		.ascii	"s_queue\000"
 1250      65756500 
 1251              	.LASF59:
 1252 02b2 63685F76 		.ascii	"ch_virtual_timer\000"
 1252      69727475 
 1252      616C5F74 
 1252      696D6572 
 1252      00
 1253              	.LASF34:
 1254 02c3 705F7374 		.ascii	"p_state\000"
 1254      61746500 
 1255              	.LASF52:
 1256 02cb 725F7072 		.ascii	"r_prio\000"
 1256      696F00
 1257              	.LASF24:
 1258 02d2 636E745F 		.ascii	"cnt_t\000"
 1258      7400
 1259              	.LASF4:
 1260 02d8 73686F72 		.ascii	"short unsigned int\000"
 1260      7420756E 
ARM GAS  /tmp/cczRMNLm.s 			page 26


 1260      7369676E 
 1260      65642069 
 1260      6E7400
 1261              	.LASF37:
 1262 02eb 705F7761 		.ascii	"p_waiting\000"
 1262      6974696E 
 1262      6700
 1263              	.LASF11:
 1264 02f5 5F5F7569 		.ascii	"__uint64_t\000"
 1264      6E743634 
 1264      5F7400
 1265              	.LASF40:
 1266 0300 705F6D74 		.ascii	"p_mtxlist\000"
 1266      786C6973 
 1266      7400
 1267              	.LASF79:
 1268 030a 73746B61 		.ascii	"stkalign_t\000"
 1268      6C69676E 
 1268      5F7400
 1269              	.LASF76:
 1270 0315 69646C65 		.ascii	"idle_thread_wa\000"
 1270      5F746872 
 1270      6561645F 
 1270      776100
 1271              	.LASF89:
 1272 0324 77747365 		.ascii	"wtsemp\000"
 1272      6D7000
 1273              	.LASF9:
 1274 032b 6C6F6E67 		.ascii	"long unsigned int\000"
 1274      20756E73 
 1274      69676E65 
 1274      6420696E 
 1274      7400
 1275              	.LASF17:
 1276 033d 7274636E 		.ascii	"rtcnt_t\000"
 1276      745F7400 
 1277              	.LASF70:
 1278 0345 70616E69 		.ascii	"panic_msg\000"
 1278      635F6D73 
 1278      6700
 1279              	.LASF8:
 1280 034f 5F5F7569 		.ascii	"__uint32_t\000"
 1280      6E743332 
 1280      5F7400
 1281              	.LASF87:
 1282 035a 77747472 		.ascii	"wttrp\000"
 1282      7000
 1283              	.LASF92:
 1284 0360 63685F73 		.ascii	"ch_semaphore\000"
 1284      656D6170 
 1284      686F7265 
 1284      00
 1285              	.LASF27:
 1286 036d 705F6E65 		.ascii	"p_next\000"
 1286      787400
 1287              	.LASF6:
 1288 0374 5F5F696E 		.ascii	"__int32_t\000"
ARM GAS  /tmp/cczRMNLm.s 			page 27


 1288      7433325F 
 1288      7400
 1289              	.LASF43:
 1290 037e 74687265 		.ascii	"thread_reference_t\000"
 1290      61645F72 
 1290      65666572 
 1290      656E6365 
 1290      5F7400
 1291              	.LASF86:
 1292 0391 77746F62 		.ascii	"wtobjp\000"
 1292      6A7000
 1293              	.LASF63:
 1294 0398 76745F66 		.ascii	"vt_func\000"
 1294      756E6300 
 1295              	.LASF19:
 1296 03a0 74737461 		.ascii	"tstate_t\000"
 1296      74655F74 
 1296      00
 1297              	.LASF104:
 1298 03a9 2F6E6673 		.ascii	"/nfs/nfs4/home/irbrown/Courses/P442/P442WifiTrailCo"
 1298      2F6E6673 
 1298      342F686F 
 1298      6D652F69 
 1298      7262726F 
 1299 03dc 756E7465 		.ascii	"unterProject/milestone3\000"
 1299      7250726F 
 1299      6A656374 
 1299      2F6D696C 
 1299      6573746F 
 1300              	.LASF85:
 1301 03f4 65786974 		.ascii	"exitcode\000"
 1301      636F6465 
 1301      00
 1302              	.LASF57:
 1303 03fd 76746675 		.ascii	"vtfunc_t\000"
 1303      6E635F74 
 1303      00
 1304              	.LASF32:
 1305 0406 705F6F6C 		.ascii	"p_older\000"
 1305      64657200 
 1306              	.LASF49:
 1307 040e 72656164 		.ascii	"ready_list_t\000"
 1307      795F6C69 
 1307      73745F74 
 1307      00
 1308              	.LASF65:
 1309 041b 76697274 		.ascii	"virtual_timers_list_t\000"
 1309      75616C5F 
 1309      74696D65 
 1309      72735F6C 
 1309      6973745F 
 1310              	.LASF36:
 1311 0431 705F7265 		.ascii	"p_refs\000"
 1311      667300
 1312              	.LASF50:
 1313 0438 63685F72 		.ascii	"ch_ready_list\000"
 1313      65616479 
ARM GAS  /tmp/cczRMNLm.s 			page 28


 1313      5F6C6973 
 1313      7400
 1314              	.LASF30:
 1315 0446 705F6374 		.ascii	"p_ctx\000"
 1315      7800
 1316              	.LASF101:
 1317 044c 49544D5F 		.ascii	"ITM_RxBuffer\000"
 1317      52784275 
 1317      66666572 
 1317      00
 1318              	.LASF97:
 1319 0459 6D5F6F77 		.ascii	"m_owner\000"
 1319      6E657200 
 1320              	.LASF84:
 1321 0461 7264796D 		.ascii	"rdymsg\000"
 1321      736700
 1322              	.LASF22:
 1323 0468 6D73675F 		.ascii	"msg_t\000"
 1323      7400
 1324              	.LASF90:
 1325 046e 77746D74 		.ascii	"wtmtxp\000"
 1325      787000
 1326              	.LASF102:
 1327 0475 474E5520 		.ascii	"GNU C 4.8.4 20140526 (release) [ARM/embedded-4_8-br"
 1327      4320342E 
 1327      382E3420 
 1327      32303134 
 1327      30353236 
 1328 04a8 616E6368 		.ascii	"anch revision 211358] -mcpu=cortex-m4 -mno-thumb-in"
 1328      20726576 
 1328      6973696F 
 1328      6E203231 
 1328      31333538 
 1329 04db 74657277 		.ascii	"terwork -mthumb -ggdb -O2 -fomit-frame-pointer -fal"
 1329      6F726B20 
 1329      2D6D7468 
 1329      756D6220 
 1329      2D676764 
 1330 050e 69676E2D 		.ascii	"ign-functions=16 -ffunction-sections -fdata-section"
 1330      66756E63 
 1330      74696F6E 
 1330      733D3136 
 1330      202D6666 
 1331 0541 73202D66 		.ascii	"s -fno-common -flto\000"
 1331      6E6F2D63 
 1331      6F6D6D6F 
 1331      6E202D66 
 1331      6C746F00 
 1332              	.LASF44:
 1333 0555 74687265 		.ascii	"threads_list_t\000"
 1333      6164735F 
 1333      6C697374 
 1333      5F7400
 1334              		.comm	__gnu_lto_v1,1,1
 1335              		.ident	"GCC: (GNU Tools for ARM Embedded Processors) 4.8.4 20140526 (release) [ARM/embedded-4_8-br
ARM GAS  /tmp/cczRMNLm.s 			page 29


DEFINED SYMBOLS
                            *ABS*:00000000 chdebug.c
                            *COM*:00000001 __gnu_lto_v1

NO UNDEFINED SYMBOLS
