ARM GAS  /var/folders/nx/qt6_p4ls4xzbnqkz75ny5wl40000gp/T//ccMwsWZ0.s 			page 1


   1              		.syntax unified
   2              		.cpu cortex-m4
   3              		.fpu softvfp
   4              		.eabi_attribute 20, 1
   5              		.eabi_attribute 21, 1
   6              		.eabi_attribute 23, 3
   7              		.eabi_attribute 24, 1
   8              		.eabi_attribute 25, 1
   9              		.eabi_attribute 26, 1
  10              		.eabi_attribute 30, 2
  11              		.eabi_attribute 34, 1
  12              		.eabi_attribute 18, 4
  13              		.thumb
  14              		.file	"chmemcore.c"
  15              		.text
  16              	.Ltext0:
  17              		.section	.gnu.lto_.profile.a07e31b015c9d349,"",%progbits
  18 0000 789C6366 		.ascii	"x\234cf```a\200\000F\006\025\005\000\000\334\000M"
  18      60606061 
  18      80004606 
  18      15050000 
  18      DC004D
  19              		.text
  20              		.section	.gnu.lto_.jmpfuncs.a07e31b015c9d349,"",%progbits
  21 0000 789C6366 		.ascii	"x\234cf\300\016\204\2404\013\020\263222\326\263\201"
  21      C00E84A0 
  21      340B10B3 
  21      323232D6 
  21      B381
  22 0012 0876200F 		.ascii	"\010v \017\000\013&\0010"
  22      000B2601 
  22      30
  23              		.text
  24              		.section	.gnu.lto_.inline.a07e31b015c9d349,"",%progbits
  25 0000 789C6366 		.ascii	"x\234cf\300\016\022\2414\013\003\003+\013#\003\023\313"
  25      C00E12A1 
  25      340B0303 
  25      2B0B2303 
  25      13CB
  26 0012 027906B6 		.ascii	"\002y\006\266\005\362L 1V\006>^FF\006F\006\006f\241"
  26      05F24C20 
  26      3156063E 
  26      5E464606 
  26      46060666 
  27 0027 039D8C10 		.ascii	"\003\235\214\020q\240\002\026\220$\033\003\0177T\222"
  27      71A00216 
  27      90241B03 
  27      0F375492 
  28 0037 6F4116AA 		.ascii	"oA\026\252\034;\003\033+\320,\266\017zp\263\030\000"
  28      1C3B031B 
  28      2BD02CB6 
  28      0F7A70B3 
  28      1800
  29 0049 DFC109D8 		.ascii	"\337\301\011\330"
  30              		.text
  31              		.section	.gnu.lto_.pureconst.a07e31b015c9d349,"",%progbits
  32 0000 789C6366 		.ascii	"x\234cf``\340d\200\000\026\006\011V+6\011v\026\000\003"
ARM GAS  /var/folders/nx/qt6_p4ls4xzbnqkz75ny5wl40000gp/T//ccMwsWZ0.s 			page 2


  32      6060E064 
  32      80001606 
  32      09562B36 
  32      09761600 
  33 0015 6B0091   		.ascii	"k\000\221"
  34              		.text
  35              		.section	.gnu.lto__core_init.a07e31b015c9d349,"",%progbits
  36 0000 789C7552 		.ascii	"x\234uRKK\033Q\024>\337\2311\231\020\212\245\253\220"
  36      4B4B1B51 
  36      143EDF99 
  36      3199108A 
  36      A5AB90
  37 0013 9DB87097 		.ascii	"\235\270p\227\371\021\202\333.\272p\327E\203\220,\202"
  37      F91182DB 
  37      2EBA70D7 
  37      4583902C 
  37      82
  38 0024 25BA1282 		.ascii	"%\272\022\202\023\215\350\252H6\025\373\200R\212\217"
  38      138DE8AA 
  38      483615FB 
  38      80528A8F 
  39 0034 A869ABAD 		.ascii	"\250i\253\255\333\374\202\026q\241\004|\217\242(m\203"
  39      DBFC8216 
  39      71A1047C 
  39      8FA2286D 
  39      83
  40 0045 8B18354C 		.ascii	"\213\0305L\317\231QK\3338p\317\275\347\334\357<\276"
  40      CF99514B 
  40      DB3870CF 
  40      BDE7DCEF 
  40      3CBE
  41 0057 EF8E41FF 		.ascii	"\357\216A\377\177qYCL\324);\014\002O~#\312[\014\350"
  41      7F715943 
  41      4CD4293B 
  41      0C024F7E 
  41      23CA5B0C 
  42 006c 8140C38C 		.ascii	"\201@\303\214a\234p\2151Y)ME\273>8\216\363k\17796\026"
  42      619C708D 
  42      3159294D 
  42      45BB3E38 
  42      8EF36B7F 
  43 0083 6B48DA39 		.ascii	"kH\3329\007e0\203.\022L\255\320\334\210\206\012\202"
  43      07653083 
  43      2E124CAD 
  43      D0DC8886 
  43      0A82
  44 0095 7918DC61 		.ascii	"y\030\334a\026!\310^~Tq<\357\340\345\365\252\031\005"
  44      1621C85E 
  44      7E54713C 
  44      EFE0E5F5 
  44      AA1905
  45 00a8 3518ACC6 		.ascii	"5\030\254\306Pc\212\341\260\236,5\021u\211\\Y:\302\241"
  45      50638AE1 
  45      B09E2C35 
  45      1175895C 
  45      593AC2A1 
  46 00bc 38B21B55 		.ascii	"8\262\033U\214l\217\037M?\327\202ui\304x\273\376b\211"
ARM GAS  /var/folders/nx/qt6_p4ls4xzbnqkz75ny5wl40000gp/T//ccMwsWZ0.s 			page 3


  46      8C6C8F1F 
  46      4D3FD782 
  46      7569C478 
  46      BBFE6289 
  47 00d0 7357CE84 		.ascii	"sW\316\204c5\330hj7\211\356\270\337\327\254c\226\210"
  47      6335D868 
  47      6A3789EE 
  47      B8DFD7AC 
  47      639688
  48 00e3 EFCEE60B 		.ascii	"\357\316\346\013\257\361\006\257\362\216\242L\314!\207"
  48      AFF106AF 
  48      F28EA24C 
  48      CC2187
  49 00f2 79C4FDBB 		.ascii	"y\304\375\273-\367\262W\3625\033%\001\311\264\013\310"
  49      2DF7B257 
  49      F2351B25 
  49      01C9B40B 
  49      C8
  50 0103 5115A3C5 		.ascii	"Q\025\243\305P\320\206\203N\365\367\273\247\320\232"
  50      50D08683 
  50      4EF5F7BB 
  50      A7D09A
  51 0112 08131625 		.ascii	"\010\023\026%[ \0277\020CP\0029?\3729g\372\220\013\317"
  51      5B201737 
  51      10435002 
  51      393FFA39 
  51      67FA900B 
  52 0127 F3DA094B 		.ascii	"\363\332\011K>lds\374\014\001\320\024\254F\212{\017"
  52      3E6C6473 
  52      FC0C01D0 
  52      14AC468A 
  52      7B0F
  53 0139 34F02F81 		.ascii	"4\360/\201\266&\343o\002m-\0100\312B\340\243\022\300"
  53      B626E36F 
  53      026D2D08 
  53      30CA42E0 
  53      A312C0
  54 014c 27094B59 		.ascii	"'\011KY\362\225\3711\3754h\023n\241\014\267\224\342"
  54      F295F931 
  54      FD346813 
  54      6EA10CB7 
  54      94E2
  55 015e F33D522C 		.ascii	"\363=R,\007R\254\004R\334\362\264\244\364\037R\356\015"
  55      0752AC04 
  55      52DCF2B4 
  55      A4F41F52 
  55      EE0D
  56 0170 A9885CF8 		.ascii	"\251\210\\\370\244\336\335G\252\32530\276\334\261\370"
  56      A4DEDD47 
  56      AAD53330 
  56      BEDCB1F8 
  57 0180 EAB388D0 		.ascii	"\352\263\210\3206\362\025\257G\213\350\377\344\212\030"
  57      36F215AF 
  57      478BE8FF 
  57      E48A18
  58 018f F2EA3278 		.ascii	"\362\3522xG\"aw\247\322\317\322\217\237\330\375\003"
  58      47226177 
ARM GAS  /var/folders/nx/qt6_p4ls4xzbnqkz75ny5wl40000gp/T//ccMwsWZ0.s 			page 4


  58      A7D2CFD2 
  58      8F9FD8FD 
  58      03
  59 01a0 7676D01E 		.ascii	"vv\320\036\310&\355d*\323\227I\366g\373\022I\372\015"
  59      C826ED64 
  59      2AD39749 
  59      F667FB12 
  59      49FA0D
  60 01b3 DF77EAD6 		.ascii	"\337w\352\326"
  61              		.text
  62              		.section	.gnu.lto_chCoreAlloc.a07e31b015c9d349,"",%progbits
  63 0000 789C9554 		.ascii	"x\234\225T\355oSU\034>\277so\357\355\272\3136\215\361"
  63      ED6F5355 
  63      1C3EBF73 
  63      6FEFEDBA 
  63      CB368DF1 
  64 0014 C3BEAC66 		.ascii	"\303\276\254f.\213\201\264|0\370\305\327,!\372a1a\177"
  64      2E8B81B4 
  64      7C30F8C5 
  64      D72C21FA 
  64      6131617F 
  65 0028 8081DA64 		.ascii	"\200\201\332dM\030[\332\215\360\022\302i\351\206\032"
  65      4D185BDA 
  65      8DF012C2 
  65      69E9861A 
  66 0038 35CBC050 		.ascii	"5\313\300P\224\227-cq\023\030o\242\2430\251\003\272"
  66      94972D63 
  66      7113186F 
  66      A2A330A9 
  66      03BA
  67 004a 17D9184C 		.ascii	"\027\331\030L\2208\034U\006\201\210:\034\270\325\011"
  67      90381C55 
  67      0681883A 
  67      1CB8D509 
  68 005a D7DFEF5C 		.ascii	"\327\337\357\\\332\254]M\360&\355\275\347w\236\347w"
  68      DAAC5D4D 
  68      F026EDBD 
  68      E7779EE7 
  68      77
  69 006b 9EFB9CF3 		.ascii	"\236\373\234\363\\\205-\274^\304\337r\215\261A\274\203"
  69      5C852DBC 
  69      5EC4DF72 
  69      8DB141BC 
  69      83
  70 007c 8D016F1E 		.ascii	"\215\001o\036a,h\347\\\275\2553\341P:\343\214\011C\001"
  70      612C68E7 
  70      5CBDAD33 
  70      E1503AE3 
  70      8C094301 
  71 0090 D5AAAB00 		.ascii	"\325\252\253\000\364\300\200m\346\212\012\233\341\016"
  71      F4C0806D 
  71      E68A0A9B 
  71      E10E
  72 009e BFC7E144 		.ascii	"\277\307\341D\367\375\341\374\333<\311\231\223\3410"
  72      F7FDE1FC 
  72      DB3CC999 
  72      93E130
ARM GAS  /var/folders/nx/qt6_p4ls4xzbnqkz75ny5wl40000gp/T//ccMwsWZ0.s 			page 5


  73 00ad DA3210D1 		.ascii	"\3322\020\321h\010*\015[\342\321)[y\207\020\241\251"
  73      68082A0D 
  73      5BE2D129 
  73      5B798710 
  73      A1A9
  74 00bf 4B27AF19 		.ascii	"K'\257\031\215o&9g\323\234\301\347P\014\235PL\355\272"
  74      8D6F2639 
  74      67D39CC1 
  74      E7500C9D 
  74      504CEDBA 
  75 00d3 A01C91A3 		.ascii	"\240\034\221\243\203\301\361B\345y \326\375?\316\\5"
  75      83C1F142 
  75      E57920D6 
  75      FD3FCE5C 
  75      35
  76 00e4 CADA9115 		.ascii	"\312\332\221\025\213\036\025\257\253I\256\300\027\240"
  76      8B1E15AF 
  76      AB49AEC0 
  76      17A0
  77 00f2 CCE76189 		.ascii	"\314\347a\211\301~(#\370l\347\373\275\\yARo\\\334\266"
  77      C17E2823 
  77      F86CE7FB 
  77      BD5C7941 
  77      526F5CDC 
  78 0107 D7286D43 		.ascii	"\327(mCjb\242=n\210\001\021N\230f\011.\013\0072;X\027"
  78      6A62A23D 
  78      6E880111 
  78      4E986609 
  78      2E0B0732 
  79 011e 52EE851F 		.ascii	"R\356\205\037\376\220\257\205\205\020Ep\020JI\036\252"
  79      FE90AF85 
  79      85104570 
  79      104A491E 
  79      AA
  80 012f EA060DF0 		.ascii	"\352\006\015\360\206\363\223}\007~wX-\177\272\341\215"
  80      86F3937D 
  80      077E7758 
  80      2D7FBAE1 
  80      8D
  81 0140 855BC523 		.ascii	"\205[\305#\323\204\034\232\254\013\016A\351\241\247"
  81      D3841C9A 
  81      AC0B0E41 
  81      E9A1A7
  82 014f 63C234DB 		.ascii	"c\3024\333\367]\353U\237\342\250UU\200\304jrR\307\202"
  82      F75DEB55 
  82      9FE2A855 
  82      5580C46A 
  82      7252C782 
  83 0163 CD8E7F5A 		.ascii	"\315\216\177Z\036=9\350)\237\376\014B.\242Z\001#\237"
  83      1E3D39E8 
  83      299FFE0C 
  83      422EA25A 
  83      01239F
  84 0176 D824FEC8 		.ascii	"\330$\376\310\362\2338\300\273r\005BE\244xz\277\330"
  84      F29B38C0 
  84      BB720542 
  84      45A4787A 
ARM GAS  /var/folders/nx/qt6_p4ls4xzbnqkz75ny5wl40000gp/T//ccMwsWZ0.s 			page 6


  84      BFD8
  85 0188 AE288BE5 		.ascii	"\256(\213\345\013\377\372}[\207\245n\352\316\341=\317"
  85      0BFFFA7D 
  85      5B87A56E 
  85      EACEE13D 
  85      CF
  86 0199 EE14ADA1 		.ascii	"\356\024\255\241f\\\3735\024\250\303\341\234\002\217"
  86      665CFB35 
  86      14A8C3E1 
  86      9C028F
  87 01a8 4029127F 		.ascii	"@)\022\177\376\350\3011\240\235\322\235\014\216\342"
  87      FEE8C131 
  87      A09DD29D 
  87      0C8EE2
  88 01b7 EC38847E 		.ascii	"\3548\204~\231k\272\025\3212<I\2047H3\2469d\232\225"
  88      996BBA15 
  88      D1323C49 
  88      84374833 
  88      A639649A 
  89 01cc E8F96002 		.ascii	"\350\371`\002\017\3151\232\342YS\227\332^\241U\030|"
  89      0FCD319A 
  89      E2595397 
  89      DA5EA155 
  89      187C
  90 01de 49B34A96 		.ascii	"I\263J\226\313\014\216\003\036;\370\212,\006\326M&_"
  90      CB0C8E03 
  90      1E3BF88A 
  90      2C06D64D 
  90      265F
  91 01f0 BF3BBB4D 		.ascii	"\277;\273M)9\015\273E\304\231\344vb|2>\027t\250h\001"
  91      29390DBB 
  91      45C499E4 
  91      76627C32 
  91      3E1774A8 
  92 0206 7C0D2572 		.ascii	"|\015%r\247>m\334\261\323\300\012\364\200*%38\001*N"
  92      A73E6DDC 
  92      B1D3C00A 
  92      F4802A25 
  92      3338012A 
  93 021b 0C6D6DFD 		.ascii	"\014mm\375K-\351{\314\316#\354\350\335x4O\262\243\304"
  93      4B2DE97B 
  93      CCCE23EC 
  93      E8DD7834 
  93      4FB2A3C4 
  94 022f 86937820 		.ascii	"\206\223x \245\177\264\0053\250\351G\330\322\322\264"
  94      A57FB405 
  94      33A8E947 
  94      D8D2D2B4 
  95 023f 23724ECB 		.ascii	"#rN\313<5\037v\374\337S\023\033\353\347\324\364\261"
  95      3C351F76 
  95      FCDF5313 
  95      1BEBE7D4 
  95      F4B1
  96 0251 4D6AF699 		.ascii	"Mj\366\231:ES\275\362\215\277\001m\206s\\\035!3\377"
  96      3A4553BD 
  96      F28DBF01 
  96      6D86735C 
ARM GAS  /var/folders/nx/qt6_p4ls4xzbnqkz75ny5wl40000gp/T//ccMwsWZ0.s 			page 7


  96      1D2133FF 
  97 0265 F4371692 		.ascii	"\3647\026\222\377\212\316\3404\266FA\263M\361\256\245"
  97      FF8ACEE0 
  97      34B64641 
  97      B34DF1AE 
  97      A5
  98 0276 168A8088 		.ascii	"\026\212\200\210:\036\352\371\333&Q\263\246i\0262\210"
  98      3A1EEAF9 
  98      DB2651B3 
  98      A6691632 
  98      88
  99 0287 21F20A70 		.ascii	"!\362\012p\002Yo\242!1\324rd\370O\233E\324\221\265g"
  99      02596FA2 
  99      2131D472 
  99      64F84F9B 
  99      45D491B5 
 100 029c ECE36EBE 		.ascii	"\354\343n\276iN\274'\354I\356x\310-\311\327'/\\\264"
 100      694EBC27 
 100      EC49EE78 
 100      C82DC9D7 
 100      272F5CB4 
 101 02b0 532F871C 		.ascii	"S/\207\034v\006\303\273`7|\026\024\204\262\301\267\260"
 101      7606C3BB 
 101      60377C16 
 101      1484B2C1 
 101      B7B0
 102 02c2 09FAA4A9 		.ascii	"\011\372\244\251g\260L]\257\352VK;v\225\253\2005\316"
 102      67B04C5D 
 102      AFEA564B 
 102      3B7695AB 
 102      8035CE
 103 02d5 CBB104E4 		.ascii	"\313\261\004\344\354y6\335\363\\VO\007\266\241W\336"
 103      EC7936DD 
 103      F35C564F 
 103      07B6A157 
 103      DE
 104 02e6 AE59E37C 		.ascii	"\256Y\343|\271\214\203 \023[_\266j\006\226\331e\010"
 104      B98C8320 
 104      135B5FB6 
 104      6A0696D9 
 104      6508
 105 02f8 8F6C294E 		.ascii	"\217l)N\233b\310\015\270\211\033\210\237'JD\254w\310"
 105      9B62C80D 
 105      B8891B88 
 105      9F274A44 
 105      AC77C8
 106 030b 72E314B9 		.ascii	"r\343\024\271!{F\232\036u-\263\030\213\260\224\362H"
 106      217B469A 
 106      1E752DB3 
 106      188BB094 
 106      F248
 107 031d AA7F62E9 		.ascii	"\252\177b\351\361\264\364~,c'\271\254\232\012\242\334"
 107      F1B4F47E 
 107      2C6327B9 
 107      AC9A0AA2 
 107      DC
 108 032e 75FA48D0 		.ascii	"u\372H\320'\203\245\2229?\215\315{\237(\215\0032\215"
ARM GAS  /var/folders/nx/qt6_p4ls4xzbnqkz75ny5wl40000gp/T//ccMwsWZ0.s 			page 8


 108      2783A592 
 108      393F8DCD 
 108      7B9F288D 
 108      03328D
 109 0341 E9BDD1B1 		.ascii	"\351\275\321\2614\370\337i<\233J\243mA\250\206\350\210"
 109      34F8DF69 
 109      3C9B4AA3 
 109      6D41A886 
 109      E888
 110 0353 654574E8 		.ascii	"eEt\350\001F\364;\302k\331\021=\370*-\315\340|\356\210"
 110      0146F43B 
 110      C26BD911 
 110      3DF82A2D 
 110      CDE07CEE 
 111 0368 0ECB033B 		.ascii	"\016\313\003;2/\242\373~KD\265T\372\006\2453\027d\372"
 111      322FA2FB 
 111      7E4B44B5 
 111      54FA06A5 
 111      331764FA 
 112 037c B2A3368A 		.ascii	"\262\2436\212Q\233\200`\"\274\221\244\316\360\002\306"
 112      519B8060 
 112      22BC91A4 
 112      CEF002C6 
 113 038c 6E410194 		.ascii	"nA\001\224\027\363\363c\317\340~(\273.\033\370m\003"
 113      17F3F363 
 113      CFE07E28 
 113      BB2E1BF8 
 113      6D03
 114 039e B21259CF 		.ascii	"\262\022Y\317\271\\\356\212j\337*\337\333U\356\332\200"
 114      B95CEE8A 
 114      6ADF2ADF 
 114      DB55EEDA 
 114      80
 115 03af DB5FEF0E 		.ascii	"\333_\357\016\370=nOu\215\267\306S\353\367\272<L\015"
 115      F83D6E4F 
 115      758DB7C6 
 115      53EBF7BA 
 115      3C4C0D
 116 03c2 F83678A1 		.ascii	"\3706x\241\316\266v\345\352\006\357\342\005\360\272"
 116      CEB676E5 
 116      EA06EFE2 
 116      05F0BA
 117 03d1 5A7F7DC0 		.ascii	"Z\177}\300\375\306\212\312\212\312u\310#\322;k_\252"
 117      FDC68ACA 
 117      8ACA75C8 
 117      23D23B6B 
 117      5FAA
 118 03e3 71553357 		.ascii	"qU3W&\326\273\256\336]QY\365V\225\333\267\306\263\272"
 118      26D6BBAE 
 118      DE5D5159 
 118      F55695DB 
 118      B7C6B3BA 
 119 03f7 E15DAF5B 		.ascii	"\341]\257[b=5\313\033\326x\020\276PI\032W\035X\037@"
 119      623D35CB 
 119      1BD67810 
 119      BE50491A 
 119      571D581F 
ARM GAS  /var/folders/nx/qt6_p4ls4xzbnqkz75ny5wl40000gp/T//ccMwsWZ0.s 			page 9


 120 040c 445165D5 		.ascii	"DQe\325\012\347\252\225\001o\235\337\267\304Y\266\224"
 120      0AE7AA95 
 120      016F9DDF 
 120      B7C459B6 
 120      94
 121 041d 713FD351 		.ascii	"q?\323Qh\255\177=\373\027<\217m\274"
 121      68AD7F3D 
 121      FB173C8F 
 121      6DBC
 122              		.text
 123              		.section	.gnu.lto_chCoreAllocI.a07e31b015c9d349,"",%progbits
 124 0000 789C8D52 		.ascii	"x\234\215R\317k\023Q\020\236yo7\233&[R\304S.*\265\004"
 124      CF6B1351 
 124      109E796F 
 124      379B265B 
 124      52C4532E 
 125 0017 151290E2 		.ascii	"\025\022\220\342\311\203\340\305\233\007\377\003C\240"
 125      C983E0C5 
 125      9B07FF03 
 125      43A0
 126 0025 39944AE2 		.ascii	"9\224J\342I(}I\323hAD\242\207\202U\021)&US\033\255?"
 126      49287D49 
 126      D3684144 
 126      A2878255 
 126      11292655 
 127 003d 2A85801A 		.ascii	"*\205\200\032\253\264j(\255E\245\026l\245\236lm!\211"
 127      ABB46A28 
 127      AD45A516 
 127      6CA59E6C 
 127      6D2189
 128 0050 5AD799DD 		.ascii	"Z\327\231\335\032\374\321\203\017v\337\314\360}\337"
 128      1AFCD183 
 128      0F76DFCC 
 128      F07DDF
 129 005f 7C6FDE93 		.ascii	"|o\336\223\360\357j\245o\257\004\330M;\352\200\342\354"
 129      F0EF6AA5 
 129      6FAF04D8 
 129      4D3BEA80 
 129      E2EC
 130 0071 0B80845B 		.ascii	"\013\200\204[\010m\311\000\345\221\331\022\2002%jN]"
 130      086DC900 
 130      E591D912 
 130      8032256A 
 130      4E5D
 131 0083 43E40010 		.ascii	"C\344\000\020\272\204\324\260\013?\211\025\201\017\362"
 131      BA84D4B0 
 131      0B3F8915 
 131      810FF2
 132 0092 6B93DE25 		.ascii	"k\223\336%Q\023\260\035(\035\315\214\367\2718E\215\323"
 132      5113B01D 
 132      281DCD8C 
 132      F7B93845 
 132      8DD3
 133 00a4 4C697459 		.ascii	"LitY\017\014(\225\\.\224\337\231=\207jB\300\252\000"
 133      0F0C2895 
 133      5C2E94DF 
 133      993D876A 
ARM GAS  /var/folders/nx/qt6_p4ls4xzbnqkz75ny5wl40000gp/T//ccMwsWZ0.s 			page 10


 133      42C0AA00 
 134 00b8 BC867ECC 		.ascii	"\274\206~\314\242\237\345r\030 \344\253g\211\267>\271"
 134      A29FE572 
 134      1820E4AB 
 134      6789B73E 
 134      B9
 135 00c9 1399B5F6 		.ascii	"\023\231\265\366\371\321\254\331r\225X\305\207\005u"
 135      F9D1ACD9 
 135      729558C5 
 135      870575
 136 00d8 40AB0989 		.ascii	"@\253\011\211\203(\177\347Q\011\360:\2660\274\232\355"
 136      83287FE7 
 136      5109F03A 
 136      B630BC9A 
 136      ED
 137 00e9 1D137297 		.ascii	"\035\023r\227M\375P>w\331l\276B\324\371\323\003%S\215"
 137      4DFD503E 
 137      77D96CBE 
 137      42D4F9D3 
 137      0325538D 
 138 00fd ABD4BC65 		.ascii	"\253\324\274em\243\266x\343O\005g\021e%\265\376\332"
 138      6DA3B678 
 138      E34F0567 
 138      116525B5 
 138      FEDA
 139 010f EB4A29A5 		.ascii	"\353J)\245\232\360&6\263=r\225G\027\322>\264\245\250"
 139      9AF02636 
 139      B33D7295 
 139      4717D23E 
 139      B4A5A8
 140 0122 2C6BF549 		.ascii	",k\365I\246w\317\240\360!\365%/\334X\243P\323m\017\006"
 140      A677CFA0 
 140      F021F525 
 140      2FDC58A3 
 140      50D36D0F 
 141 0137 85BA9B7E 		.ascii	"\205\272\233~\256\006\216<\034y\371g2\246\221k\000\013"
 141      AE068E3C 
 141      1C79F967 
 141      32A6916B 
 141      000B
 142 0149 A4CAE35B 		.ascii	"\244\312\343[\244\001\320.\337`w&]\312\265r\243\212"
 142      A401D02E 
 142      DF607726 
 142      5DCAB572 
 142      A38A
 143 015b D02A4292 		.ascii	"\320*B\222\225\312\367\247=>\236\2364\000\207\310$\241"
 143      95CAF7A7 
 143      3D3E9E9E 
 143      340087C8 
 143      24A1
 144 016d AAE9C7E8 		.ascii	"\252\351\307\350\200t\302\021h$y\377\253n\203\252\226"
 144      8074C211 
 144      682479FF 
 144      AB6E83AA 
 144      96
 145 017e 65F9006F 		.ascii	"e\371\000o\021p\006\205m\231\354\020\220x\311\314\360"
 145      11700685 
ARM GAS  /var/folders/nx/qt6_p4ls4xzbnqkz75ny5wl40000gp/T//ccMwsWZ0.s 			page 11


 145      6D99EC10 
 145      9078C9CC 
 145      F0
 146 018f E417DD21 		.ascii	"\344\027\335!\032\304\2724u&/:\277\251S\312]\023\306"
 146      1AC4BA34 
 146      75262F3A 
 146      BFA953CA 
 146      5D13C6
 147 01a2 BA70CEFE 		.ascii	"\272p\316\376~\341e\331\315Z\206\235f\023\251~\274\210"
 147      7EE165D9 
 147      CD5A869D 
 147      6613A97E 
 147      BC88
 148 01b4 17128A51 		.ascii	"\027\022\212Q:\016c'\026xVx\233\312\254:k8\222nR\265"
 148      3A0E6327 
 148      16785678 
 148      9BCAAC3A 
 148      6B38926E 
 149 01ca BB6C786B 		.ascii	"\273lxk\330\244\005n\252y\247\2569\362\227\246\207d"
 149      D8A4056E 
 149      AA79A7AE 
 149      39F297A6 
 149      8764
 150 01dc F8C4E75D 		.ascii	"\370\304\347]N\356\265\333x\0302wr\277S3\251\014\323"
 150      4EEEB5DB 
 150      78183277 
 150      72BF5333 
 150      A90CD3
 151 01ef 989AE8F6 		.ascii	"\230\232\350\366\327\013\272}\223\213\364\"\350\305"
 151      D70BBA7D 
 151      938BF422 
 151      E8C5
 152 01fd CA194C16 		.ascii	"\312\031L\026\307\236;\323\240\353\334\320\354K\377"
 152      C79E3BD3 
 152      A0EBDCD0 
 152      EC4BFF
 153 020c C8ED7318 		.ascii	"\310\355s\030\215T\3725#\333\375\177[\277[\267~\217"
 153      8D54FA35 
 153      23DBFD7F 
 153      5BBF5BB7 
 153      7E8F
 154 021e CAA464B7 		.ascii	"\312\244d\267\325\354\373\234\303D\023T\230\370\021"
 154      D5ECFB9C 
 154      C3441354 
 154      98F811
 155 022d 11037E31 		.ascii	"\021\003~11\265\225\032\311\376i\223\356\036\031C3\337"
 155      31B5951A 
 155      C9FE6993 
 155      EE1E1943 
 155      33DF
 156 023f 110C860E 		.ascii	"\021\014\206\016\266E\217F\017\037\011u\304C\261\343"
 156      B6458F46 
 156      0F1F0975 
 156      C443B1E3 
 157 024f A1782C1C 		.ascii	"\241x,\034\012\267\265G\332\303\035\261H0\014Z<z\"\202"
 157      0AB7B547 
 157      DAC31DB1 
ARM GAS  /var/folders/nx/qt6_p4ls4xzbnqkz75ny5wl40000gp/T//ccMwsWZ0.s 			page 12


 157      48300C5A 
 157      3C7A2282 
 158 0263 C77E0294 		.ascii	"\307~\002\224C$\\"
 158      43245C
 159              		.text
 160              		.section	.gnu.lto_chCoreGetStatusX.a07e31b015c9d349,"",%progbits
 161 0000 789C6D4F 		.ascii	"x\234mO=KCQ\014Mr\337\227t\021\307\342\2408t\353\373"
 161      3D4B4351 
 161      0C4D72DF 
 161      977411C7 
 161      E2A03874 
 162 0016 11FE0007 		.ascii	"\021\376\000\007\377\200\370(\264\203\024Z\327\322\333"
 162      FF80F828 
 162      B483145A 
 162      D7D2DB
 163 0025 5AD04144 		.ascii	"Z\320ADJ\207\212\237\010b\375j\321M'G\027\025\021|\352"
 163      4A878A9F 
 163      0862FD6A 
 163      D14D2747 
 163      1715117C 
 164 003a D00E56D0 		.ascii	"\320\016V\320\315\242 EJM|\305A{!79I8\347D\301\377\027"
 164      CDA22045 
 164      4A4D7CC5 
 164      417B2137 
 164      394938E7 
 165 0052 E62823C0 		.ascii	"\346(#\300\030gT\200\264|\005\220s\010Q\012@\310\022"
 165      18675480 
 165      B47C0590 
 165      7308510A 
 165      40C812
 166 0065 66F1955A 		.ascii	"f\361\225Z\204\247\325\217\313\320\013\265\011F\200"
 166      84A7D58F 
 166      CBD00BB5 
 166      094680
 167 0074 E159F1A2 		.ascii	"\341Y\361\242l\011DC\240\177W\366\007\";Z\347\337N\374"
 167      6C094443 
 167      A07F57F6 
 167      07223B5A 
 167      E7DF4EFC 
 168 0088 A995D216 		.ascii	"\251\225\322\026O\010\336\011p\027\303XA\021\302=\214"
 168      4F08DE09 
 168      7017C358 
 168      4111C23D 
 168      8C
 169 0099 C86EABD0 		.ascii	"\310n\253\320\361CVAk=(\033<\330G\213M@m\350\\w\273"
 169      F1435641 
 169      6B3D281B 
 169      3CD8478B 
 169      4D406DE8 
 170 00b0 4F9B8B0F 		.ascii	"O\233\213\017\206C\320&\245\3703\014\251L\251,\371l"
 170      8643D026 
 170      A5F8330C 
 170      A94CA92C 
 170      F96C
 171 00c2 10666872 		.ascii	"\020fhr\210\307g\006\234\325#\346\213\307\215m[\270"
 171      88C76706 
 171      9CD523E6 
ARM GAS  /var/folders/nx/qt6_p4ls4xzbnqkz75ny5wl40000gp/T//ccMwsWZ0.s 			page 13


 171      8BC78D6D 
 171      5BB8
 172 00d4 3E490C6F 		.ascii	">I\014o\334.U)\363\245\027\264\323&\263#B\334m4\257"
 172      DC2E5529 
 172      F3A517B4 
 172      D326B323 
 172      42DC6D34 
 173 00e9 6F1CF16D 		.ascii	"o\034\361m\376\300J\256\260\206\353\270\232\323\262"
 173      FEC04AAE 
 173      B086EBB8 
 173      9AD3B2
 174 00f8 A5F00033 		.ascii	"\245\360\0003x(n\361\210\333\300\254\367=J\305\254\202"
 174      78286EF1 
 174      88DBC0AC 
 174      F73D4AC5 
 174      AC82
 175 010a 8B1860A3 		.ascii	"\213\030`\243\217\004\366\345\254\376r\326\376p\232"
 175      8F04F6E5 
 175      ACFE72D6 
 175      FE709A
 176 0119 4CC378AE 		.ascii	"L\303x\256d\0058\2201e\245>?\034\364lnC\035{\2526\310"
 176      64053890 
 176      3165A53E 
 176      3F1CF46C 
 176      6E431D7B 
 177 0130 E92827F3 		.ascii	"\351('\363A\243\321\250;\036OL'&&\335d\332M\315\272"
 177      41A3D1A8 
 177      3B1E4F4C 
 177      272626DD 
 177      64DA4DCD 
 178 0145 E994E77A 		.ascii	"\351\224\347z\361\231\330\214\227L\305\242\036|\003"
 178      F199D88C 
 178      974CC5A2 
 178      1E7C03
 179 0154 E00A9570 		.ascii	"\340\012\225p"
 180              		.text
 181              		.section	.gnu.lto_.symbol_nodes.a07e31b015c9d349,"",%progbits
 182 0000 789C558A 		.ascii	"x\234U\212\313\011\200@\020\305\362fX\360h\221\366\361"
 182      CB098040 
 182      10C5F266 
 182      58F06891 
 182      F6F1
 183 0012 5AB002D9 		.ascii	"Z\260\002\331\212\354\305\277GY\360\240\271%$\201\201"
 183      8AECC5BF 
 183      4759F0A0 
 183      B9252481 
 183      81
 184 0023 97D86418 		.ascii	"\227\330d\030g\260\231jG\271Do\312\"\325p\226[\321t"
 184      67B0996A 
 184      47B9446F 
 184      CA22D570 
 184      965BD174 
 185 0037 55368D5D 		.ascii	"U6\215]\326w\217C\216_8\345\374\006\036\217\206\034"
 185      D6778F43 
 185      8E5F38E5 
 185      FC061E8F 
 185      861C
ARM GAS  /var/folders/nx/qt6_p4ls4xzbnqkz75ny5wl40000gp/T//ccMwsWZ0.s 			page 14


 186 0049 26       		.ascii	"&"
 187              		.text
 188              		.section	.gnu.lto_.refs.a07e31b015c9d349,"",%progbits
 189 0000 789C25C9 		.ascii	"x\234%\311\313\011\2000\024E\301s?y!\013\301F\354\277"
 189      CB098030 
 189      1445C173 
 189      3F79210B 
 189      C146ECBF 
 190 0014 3D05673B 		.ascii	"=\005g;\001\036~\305\222\274\234QO\026\335\370\310w"
 190      011E7EC5 
 190      92BC9C51 
 190      4F16DDF8 
 190      C877
 191 0026 867E39F2 		.ascii	"\206~9\362\345M\205\303\013\027\204\000\307"
 191      E54D85C3 
 191      0B178400 
 191      C7
 192              		.text
 193              		.section	.gnu.lto_.decls.a07e31b015c9d349,"",%progbits
 194 0000 789CAD55 		.ascii	"x\234\255U{LSW\030\277\247\267\264\264\326bL\304\205"
 194      7B4C5357 
 194      18BFA7B7 
 194      B4B4D662 
 194      4CC485
 195 0013 2C19C484 		.ascii	",\031\304\204l\231r}\354\241\1779%\363\2259\235\304"
 195      6C99727D 
 195      ECA17F39 
 195      25F39539 
 195      9DC4
 196 0025 64994BEE 		.ascii	"d\231K\356\312\245[\033K1m\331d\177]EM\247L\036\242"
 196      CAA55B1B 
 196      4B316DD9 
 196      647F5D45 
 196      4DA74C1E 
 197 003a 2253060A 		.ascii	"\"S\006\012\212\017\244\014\005DT\360\001\025\020_0"
 197      8A0FA40C 
 197      054454F0 
 197      0115105F 
 197      30
 198 004b 51500A2A 		.ascii	"QP\012*\342\020\344\345\246\233\322}\347\334{\351\255"
 198      E210E4E5 
 198      A69BD27D 
 198      E7DC7BE9 
 198      AD
 199 005c 8266C96E 		.ascii	"\202f\311n\362\265\347\234\373\235\337\357\367=\356"
 199      F2B5E79C 
 199      FB9DDFEF 
 199      F73DEE
 200 006b 39344551 		.ascii	"94EQ)\210\242\274\360\314\321P\324f\005E\005\300\332"
 200      2988A2BC 
 200      F0CCD150 
 200      D4660545 
 200      05C0DA
 201 007e 72CAF728 		.ascii	"r\312\367(\301\216\200\035\007+\005+\027\327.\200\271"
 201      C18E801D 
 201      072B052B 
 201      17D72E80 
ARM GAS  /var/folders/nx/qt6_p4ls4xzbnqkz75ny5wl40000gp/T//ccMwsWZ0.s 			page 15


 201      B9
 202 008f C16AC1EA 		.ascii	"\301j\301\352)\377\007\373\253D\234E`\325`\227\300\316"
 202      29FF07FB 
 202      AB449C45 
 202      60D56097 
 202      C0CE
 203 00a1 8135883E 		.ascii	"\2015\210>H\364{\023\026\346\035\007\246\007\323\201"
 203      48F47B13 
 203      16E61D07 
 203      A607D381 
 204 00b1 2D0373C9 		.ascii	"-\003s\311p\227\2005\201\265\201\335\223\341\253\305"
 204      70978035 
 204      81B581DD 
 204      93E1ABC5 
 205 00c1 BD9D605D 		.ascii	"\275\235`]`\275\242\376>\260\0010\205\310\345~\211\017"
 205      60BDA2FE 
 205      3EB00130 
 205      85C8E57E 
 205      890F
 206 00d3 FB04BE81 		.ascii	"\373\004\276\201O\036C\351k\260\312\305<HX\25610\312"
 206      4F1E43E9 
 206      6BB0CAC5 
 206      3C4858AE 
 206      3130CA
 207 00e6 5F83D1AF 		.ascii	"_\203\321\257@'\216\016]\032\327\245@zm(\236\226\247"
 207      40278E0E 
 207      5D1AD7A5 
 207      407A6D28 
 207      9E96A7
 208 00f9 B9335430 		.ascii	"\2713T0\325i\225xz\362\237\216F\345\344\355<<)\211\374"
 208      D5699578 
 208      7AF29F8E 
 208      46E5E4ED 
 208      3C3C2989 
 209 010e 04255A1E 		.ascii	"\004%Z\036\214\016\240\020\224\217B\000\375 \232\014"
 209      8C0EA010 
 209      948F4200 
 209      FD209A0C 
 210 011e BFAB9402 		.ascii	"\277\253\224\002\322\236\003\351\215JZ\201\360x_F{\243"
 210      D29E03E9 
 210      8D4A5A81 
 210      F0785F46 
 210      7BA3
 211 0130 76EA21D8 		.ascii	"v\352!\330\346\344+\273\220\217.u[m\263.4\213\317v\365"
 211      E6E42BBB 
 211      908F2E75 
 211      5B6DB32E 
 211      348BCF76 
 212 0145 1DA9D844 		.ascii	"\035\251\330D\357\342\263\327\363\303^/\"`\350\020\242"
 212      EFE2B3D7 
 212      F3C35E2F 
 212      2260E810 
 212      A2
 213 0156 D1613495 		.ascii	"\321a4\225H\207\261\020\303\021\024\012\033+\366\027"
 213      4887B110 
 213      C311140A 
 213      1B2BF617 
ARM GAS  /var/folders/nx/qt6_p4ls4xzbnqkz75ny5wl40000gp/T//ccMwsWZ0.s 			page 16


 214 0166 05D01F11 		.ascii	"\005\320\037\021\360u\373O&\251A\343\"-\201l\373\345"
 214      F075FB4F 
 214      26A941E3 
 214      222D816C 
 214      FBE5
 215 0178 59AE864C 		.ascii	"Y\256\206Lq\253\005\301\222\342\362\341\342v\035\322"
 215      71AB05C1 
 215      92E2F2E1 
 215      E2761DD2 
 216 0188 863B797E 		.ascii	"\206;y~=\026\256q\353\251\021\335\250\010\205\2033!"
 216      3D16AE71 
 216      EBA911DD 
 216      A8088583 
 216      3321
 217 019a 424761B1 		.ascii	"BGa\261\020\026sAj\337\213\346\206\311<\257D.\244E\005"
 217      10167341 
 217      6ADF8BE6 
 217      86C93CAF 
 217      442EA445 
 218 01af 2352088F 		.ascii	"#R\010\217(\377\321\263\234\307:%\244\223\370\254\""
 218      28FFD1B3 
 218      9CC73A25 
 218      A493F8AC 
 218      22
 219 01c0 39DAD454 		.ascii	"9\332\324T\360,P\236\243e:Y\216\212I\216~Cb\222\222"
 219      F02C509E 
 219      A3653A59 
 219      8E8A498E 
 219      7E436292 
 220 01d5 9BB61606 		.ascii	"\233\266\026\006\321\031\210\004\322\335XvS/&\243\274"
 220      D1198804 
 220      D2DD5876 
 220      532F26A3 
 220      BC
 221 01e6 469E0CD8 		.ascii	"F\236\014\330\205\216\311\222qLJ\306q\222\214\264\255"
 221      858EC992 
 221      714C4AC6 
 221      71928CB4 
 221      AD
 222 01f7 59FD7A3A 		.ascii	"Y\375z:W@q\326\266o\013\000\024\217+{K\236\312\315W"
 222      574071D6 
 222      B66F0B00 
 222      148F2B7B 
 222      4B9ECACD 
 223 020c 7ABD6778 		.ascii	"z\275gxD Jd\020%\022D)\201\270\361\242d\273J\256\032"
 223      44204A64 
 223      10251244 
 223      2981B8F1 
 223      A264BB4A 
 224 0222 07E4935D 		.ascii	"\007\344\223]\346W\332\372\363{\017\351\351\"\201ow"
 224      E657DAFA 
 224      F37B0FE9 
 224      E922816F 
 224      77
 225 0233 FA508A92 		.ascii	"\372P\212\222\250\366\234\334X\255\343\011\343\334@"
 225      A8F69CDC 
 225      58ADE309 
ARM GAS  /var/folders/nx/qt6_p4ls4xzbnqkz75ny5wl40000gp/T//ccMwsWZ0.s 			page 17


 225      E3DC40
 226 0242 BC059D90 		.ascii	"\274\005\235\220\021\236\220\010\313\011\341\316\253"
 226      119E9008 
 226      CB09E1CE 
 226      AB
 227 024f CDA54AFA 		.ascii	"\315\245J\372\254\200\261\271\345`\275\232\256E~\365"
 227      AC80B1B9 
 227      E560BD9A 
 227      AE457EF5 
 228 025f 0C16EAB9 		.ascii	"\014\026\352\271\265.\263\212&S/~\255H\273;\224\207"
 228      B52EB38A 
 228      26532F7E 
 228      AD48BB3B 
 228      9487
 229 0271 A462F6A5 		.ascii	"\244b\366\245\361\364[\024\232\032\202\336\203JVB%\203"
 229      F1F45B14 
 229      9A1A82DE 
 229      834A5642 
 229      2583
 230 0283 C54A9E02 		.ascii	"\305J\236\002\355\247\245J\0369\220\3746\256\344\031"
 230      EDA7A54A 
 230      1E3990FC 
 230      36AEE419 
 231 0293 08AAC257 		.ascii	"\010\252\302W\311\340\221J*<7\362\276\030\035\364\354"
 231      C9E0914A 
 231      2A3C37F2 
 231      BE181DF4 
 231      EC
 232 02a4 58A00F7F 		.ascii	"X\240\017\177\252\233\204A\253\000\364\244\017\0248"
 232      AA9B8441 
 232      AB00F4A4 
 232      0F1438
 233 02b3 46FAA3B6 		.ascii	"F\372\243\266~\260X11\205d\225\347C\021\366%98\207&"
 233      7EB05831 
 233      31856495 
 233      E74311F6 
 233      25393887 
 234 02c8 8E383554 		.ascii	"\21685TU\355Ft\"M\202\377\271\350\302UzJ\016\357\001"
 234      55ED4674 
 234      224D82FF 
 234      B9E8C255 
 234      7A4A0EEF 
 235 02dd D157364D 		.ascii	"\321W6MZ\307\267\303^\310'\302[\320y)\207\342\000]@"
 235      5AC7B7C3 
 235      5EC827C2 
 235      5BD07929 
 235      87E2005D 
 236 02f2 5360534B 		.ascii	"S`SKkR:\322m\366u7\321\344\253^5\322\211\\w\012\317"
 236      6B523AD2 
 236      6DF67537 
 236      D1E4AB5E 
 236      35D2895C 
 237 0309 142AE854 		.ascii	"\024*\350T\201kc\316\272\316\000\340\342\367z\206\257"
 237      816B63CE 
 237      BACE00E0 
 237      E2F77A86 
 237      AF
ARM GAS  /var/folders/nx/qt6_p4ls4xzbnqkz75ny5wl40000gp/T//ccMwsWZ0.s 			page 18


 238 031a C5546EE0 		.ascii	"\305Tn\340I\267aoT#\304#\303\250\021\031\335\2041\273"
 238      49B7616F 
 238      5423C423 
 238      C3A81119 
 238      DD8431BB 
 239 032e 75E84F3D 		.ascii	"u\350O=\275K\300\031\250>\365\004\021\315\236\203\347"
 239      BD4BC019 
 239      A83EF504 
 239      11CD9E83 
 239      E7
 240 033f 966467F0 		.ascii	"\226dg\360\274\307\353}\207\010\276(\011\026\007\250"
 240      BCC7EB7D 
 240      8708BE28 
 240      091607A8 
 241 034f 966C77BE 		.ascii	"\226lw\276\310KG\364~a\373\243gO\354\202\012\357K*\352"
 241      C84B47F4 
 241      7E61FBA3 
 241      674FEC82 
 241      0AEF4B2A 
 242 0364 5E515127 		.ascii	"^QQ'\302\324\023\230\356\216\352\001\225_\334\230\323"
 242      C2D41398 
 242      EE8EEA01 
 242      955FDC98 
 242      D3
 243 0375 E77D4988 		.ascii	"\347}I\210\033\377\203wsGM\217\322\317\033s\370\274"
 243      1BFF8377 
 243      73474D8F 
 243      D2CF1B73 
 243      F8BC
 244 0387 1B44EF06 		.ascii	"\033D\357\006\342}\346\364\323j-] HLrz.j\351\022\332"
 244      E27DE6F4 
 244      D36A2D5D 
 244      20484C72 
 244      7A2E6AE9 
 245 039d AF3FC3FC 		.ascii	"\257?\303\374\317\2330\337y\343\356\344\367\351Q\270"
 245      CF9B30DF 
 245      79E3EEE4 
 245      F7E951B8 
 246 03ad 56ECBD8E 		.ascii	"V\354\275\216E\211\374'\250\021Jr\305\327&ab\227\214"
 246      4589FC27 
 246      A8114A72 
 246      C5D72661 
 246      62978C
 247 03c0 7E265D87 		.ascii	"~&]\207\246\013\023\233\356*,^\203E\000\276\360\374"
 247      A60B139B 
 247      EE2A2C5E 
 247      834500BE 
 247      F0FC
 248 03d2 F4868031 		.ascii	"\364\206\2001\017\262\337G\331$vjZ0\356\324&\220p\331"
 248      0FB2DF47 
 248      D924766A 
 248      5A30EED4 
 248      269070D9 
 249 03e6 27A151EA 		.ascii	"'\241Q\352T\374\002\"q\037\336\363\015]E\202T\336\335"
 249      54FC0222 
 249      711FDEF3 
 249      0D5D4582 
ARM GAS  /var/folders/nx/qt6_p4ls4xzbnqkz75ny5wl40000gp/T//ccMwsWZ0.s 			page 19


 249      54DEDD
 250 03f9 ED2A0942 		.ascii	"\355*\011B\341!!$\010'\350o\201\3157\304r\012O\006\254"
 250      E1212124 
 250      0827E86F 
 250      81CD37C4 
 250      720A4F06 
 251 040e 3F9D8B5F 		.ascii	"?\235\213_\3000\220\374\217\362\3754\203*\374\212B\267"
 251      C03090FC 
 251      8FF2FD34 
 251      832AFC8A 
 251      42B7
 252 0420 40D34D12 		.ascii	"@\323M\022\010\252\353x:\250#\327\314\004<\315\274q"
 252      08AAEB78 
 252      3AA823D7 
 252      CC043CCD 
 252      BC71
 253 0432 7F8826D7 		.ascii	"\177\210&\327\214\202\034\007[\212\274j\255S<\214p\245"
 253      8C821C07 
 253      5B8ABC6A 
 253      AD533C8C 
 253      70A5
 254 0444 74F276BE 		.ascii	"t\362v\276C\320\336%\360\340\235\325\265#S#~d\331\370"
 254      43D0DE25 
 254      F0E09DD5 
 254      B5235323 
 254      7E64D9F8 
 255 0458 23C34A5B 		.ascii	"#\303J[\301\3736\361n\303\237\232\260\207Lp\005+\013"
 255      C1FB36F1 
 255      6EC39F9A 
 255      B0874C70 
 255      052B0B
 256 046b AEAB09FB 		.ascii	"\256\253\011\373l\014\360\327>O7\"\354j<M\333XV\246"
 256      6C0CF0D7 
 256      3E4F3722 
 256      EC6A3C4D 
 256      DB5856A6 
 257 047f 2753159E 		.ascii	"'S\025\236\346\346\366\355\030?\266\230\273\222\230"
 257      E6E6F6ED 
 257      183FB698 
 257      BB9298
 258 048e 0E21B29E 		.ascii	"\016!\262\236\304\356\002\225\374\223\307j<\340\336"
 258      C4EE0295 
 258      FC93C76A 
 258      3CE0DE
 259 049d 4EDCEF11 		.ascii	"N\334\357\0215w\0055\367\210\232\252\314\003;5t\265"
 259      35770535 
 259      F7889AAA 
 259      CC033B35 
 259      74B5
 260 04af D05CF9AD 		.ascii	"\320\\\371\255\336\3334\234\246\225.W\376\345^\305\310"
 260      DEDB349C 
 260      A6952E57 
 260      FEE55EC5 
 260      C8
 261 04c0 1D309F5C 		.ascii	"\0350\237\\\210\367e\347\351}\351\323\352$\347\351\275"
 261      88F765E7 
 261      E97DE9D3 
ARM GAS  /var/folders/nx/qt6_p4ls4xzbnqkz75ny5wl40000gp/T//ccMwsWZ0.s 			page 20


 261      EA24E7E9 
 261      BD
 262 04d1 C67E5E4B 		.ascii	"\306~^K\017\010(\373{*\2724\002\312\363\344N\372%\224"
 262      0F0828FB 
 262      7B2ABA34 
 262      02CAF3E4 
 262      4EFA2594 
 263 04e5 07329407 		.ascii	"\0072\224\007\022J\027Aq\026\270*4\344Bk\032\271\320"
 263      124A1741 
 263      7116B82A 
 263      34E4426B 
 263      1AB9D0
 264 04f8 5A8A877B 		.ascii	"Z\212\207{\203\306\274\364\377 7\303C\351B\033\366$"
 264      83C6BCF4 
 264      FF2037C3 
 264      43E9421B 
 264      F624
 265 050a F31A3A5F 		.ascii	"\363\032:_Id\344<\274\231\014\237\2150\351\251\031."
 265      4964E43C 
 265      BC990C9F 
 265      8D30E9A9 
 265      192E
 266 051c 0E0068F4 		.ascii	"\016\000h\364\210P\302J\342\266\312!DT\366%\025\347"
 266      8850C24A 
 266      E2B6CA21 
 266      4454F625 
 266      15E7
 267 052e 2F482DDC 		.ascii	"/H-\334$\\\036\350\327\312\024%\006F\335\222R\324\003"
 267      245C1EE8 
 267      D7CA1425 
 267      0646DD92 
 267      52D403
 268 0541 04782A88 		.ascii	"\004x*\210\355%bKn\245\356\322\321\203\002\374p\311"
 268      ED25624B 
 268      6EA5EED2 
 268      D18302FC 
 268      70C9
 269 0553 8EBF1502 		.ascii	"\216\277\025\002X\376\345\301\350\264D>\227\034C\331"
 269      58FEE5C1 
 269      E8B4443E 
 269      971C43D9 
 270 0563 8124E6C7 		.ascii	"\201$\346\307\262\230\037K0}\004&\353\312\355\207J\332"
 270      B2981F4B 
 270      307D0426 
 270      EBCAED87 
 270      4ADA
 271 0575 2BC2245E 		.ascii	"+\302$^i\013\22027\360r\346\372e(\375\022\312\000\012"
 271      690B9032 
 271      37F072E6 
 271      FA6528FD 
 271      12CA000A 
 272 0589 A5B42C17 		.ascii	"\245\264,\027g3\262f\253\331\241Z\370\371\312\320H*"
 272      6733B266 
 272      ABD9A15A 
 272      F8F9CAD0 
 272      482A
 273 059b 2C228289 		.ascii	",\"\202\2114\231\243\315\313\242\2308;cs0v\033\307p"
ARM GAS  /var/folders/nx/qt6_p4ls4xzbnqkz75ny5wl40000gp/T//ccMwsWZ0.s 			page 21


 273      3499A3CD 
 273      CBA29838 
 273      3B637330 
 273      761BC770 
 274 05af A658632C 		.ascii	"\246Xc,v\215\340(\225\335\374\243\221u|\305\304\333"
 274      768DE028 
 274      95DDFCA3 
 274      91757CC5 
 274      C4DB
 275 05c1 6D8C258E 		.ascii	"m\214%\2163X\230H\243\305b\2601\006[\3544k\234\3258"
 275      33589848 
 275      A3C562B0 
 275      31065BEC 
 275      346B9CD5 
 276 05d6 CD688836 		.ascii	"\315h\2106O\373\216\343\230\231\323g|8}\316\314\031"
 276      4FFB8EE3 
 276      9899D367 
 276      7C387DCE 
 276      CC19
 277 05e8 8CC51CCD 		.ascii	"\214\305\034\315\340\005?\027\346\203\2109\021\263\030"
 277      E0053F17 
 277      E6838839 
 277      11B318
 278 05f7 B395B3C4 		.ascii	"\263\225\263\304\307\030\031\273#&\306\370m\204\211"
 278      C71819BB 
 278      2326C6F8 
 278      6D8489
 279 0606 1AC79922 		.ascii	"\032\307\231\"\201k\236\005\320u\262\361\342\011\302"
 279      816B9E05 
 279      D075B2F1 
 279      E209C2
 280 0615 64A1D111 		.ascii	"d\241\321\021\34508\342\355_\252\343\315V\307l\326\241"
 280      E53038E2 
 280      ED5FAAE3 
 280      CD56C76C 
 280      D6A1
 281 0627 615971F4 		.ascii	"aYq\364\365\177\222\345/G\022\022k\340Lf\253\221aA\216"
 281      F57F92E5 
 281      2F471212 
 281      6BE04C66 
 281      AB916141 
 282 063c 21DEE260 		.ascii	"!\336\342`\035\011k\214v\020\366\305\377\000nO\2603"
 282      1D096B8C 
 282      7610F6C5 
 282      FF006E4F 
 282      B033
 283 064e 2C840A72 		.ascii	",\204\012r\001q<\313\232\214\2065l\264\301ndY\265\325"
 283      01713CCB 
 283      9A8C8635 
 283      6CB4C16E 
 283      6459B5D5 
 284 0662 B8D60199 		.ascii	"\270\326\001\231\326\211\253Fk\014\313\252\340\027\326"
 284      D689AB46 
 284      6B0CCBAA 
 284      E017D6
 285 0671 027180B3 		.ascii	"\002q\200\263f\262\016\255\020+\036*9\223\301\246\341"
 285      66B20EAD 
ARM GAS  /var/folders/nx/qt6_p4ls4xzbnqkz75ny5wl40000gp/T//ccMwsWZ0.s 			page 22


 285      102B1E2A 
 285      3993C1A6 
 285      E1
 286 0682 4C5109F6 		.ascii	"LQ\011\366\317\342\270\325\257\326N\"\345L@\013t\232"
 286      CFE2B8D5 
 286      AFD64E22 
 286      E54C400B 
 286      749A
 287 0694 35713607 		.ascii	"5q6\007\013\001\254~\377\025_\374\312\316\314[\2614"
 287      0B01AC7E 
 287      FF155FFC 
 287      CACECC5B 
 287      B134
 288 06a6 72E95AD8 		.ascii	"r\351Z\330@\032\343\373\217c\005\221v\243\203\235?/"
 288      401AE3FB 
 288      8F630591 
 288      76A3839D 
 288      3F2F
 289 06b8 EAD3E52B 		.ascii	"\352\323\345+\026\2177X~0$\330\241i,\220\244\010\177"
 289      168F3758 
 289      7E3024D8 
 289      A1692C90 
 289      A4087F
 290 06cb 1CD0CF44 		.ascii	"\034\320\317D.\215Z\034\345\243\3068\\\354\202x+'\224"
 290      2E8D5A1C 
 290      E5A3C638 
 290      5CEC8278 
 290      2B2794
 291 06de 16C4AEB4 		.ascii	"\026\304\256\264b\011\343\210\230x2\376\027n\220\357"
 291      6209E388 
 291      987832FE 
 291      176E90EF 
 292 06ee A7       		.ascii	"\247"
 293              		.text
 294              		.section	.gnu.lto_.symtab.a07e31b015c9d349,"",%progbits
 295 0000 5F636F72 		.ascii	"_core_init\000\000\000\000\000\000\000\000\000\000\000"
 295      655F696E 
 295      69740000 
 295      00000000 
 295      00000000 
 296 0015 00AC0000 		.ascii	"\000\254\000\000\000chCoreAlloc\000\000\000\000\000"
 296      00636843 
 296      6F726541 
 296      6C6C6F63 
 296      00000000 
 297 002a 00000000 		.ascii	"\000\000\000\000\000\000\000\265\000\000\000chCoreA"
 297      000000B5 
 297      00000063 
 297      68436F72 
 297      6541
 298 003c 6C6C6F63 		.ascii	"llocI\000\000\000\000\000\000\000\000\000\000\000\000"
 298      49000000 
 298      00000000 
 298      00000000 
 298      00
 299 004d B7000000 		.ascii	"\267\000\000\000chCoreGetStatusX\000\000\000\000\000"
 299      6368436F 
ARM GAS  /var/folders/nx/qt6_p4ls4xzbnqkz75ny5wl40000gp/T//ccMwsWZ0.s 			page 23


 299      72654765 
 299      74537461 
 299      74757358 
 300 0066 00000000 		.ascii	"\000\000\000\000\000\000\000\272\000\000\000__heap_"
 300      000000BA 
 300      0000005F 
 300      5F686561 
 300      705F
 301 0078 62617365 		.ascii	"base__\000\000\002\000\000\000\000\000\000\000\000\000"
 301      5F5F0000 
 301      02000000 
 301      00000000 
 301      0000
 302 008a C5000000 		.ascii	"\305\000\000\000__heap_end__\000\000\002\000\000\000"
 302      5F5F6865 
 302      61705F65 
 302      6E645F5F 
 302      00000200 
 303 00a0 00000000 		.ascii	"\000\000\000\000\000\000\312\000\000\000"
 303      0000CA00 
 303      0000
 304              		.text
 305              		.section	.gnu.lto_.opts,"",%progbits
 306 0000 272D666E 		.ascii	"'-fno-trapv' '-mcpu=cortex-m4' '-mno-thumb-interwor"
 306      6F2D7472 
 306      61707627 
 306      20272D6D 
 306      6370753D 
 307 0033 6B272027 		.ascii	"k' '-mthumb' '-ggdb' '-O2' '-fomit-frame-pointer' '"
 307      2D6D7468 
 307      756D6227 
 307      20272D67 
 307      67646227 
 308 0066 2D66616C 		.ascii	"-falign-functions=16' '-ffunction-sections' '-fdata"
 308      69676E2D 
 308      66756E63 
 308      74696F6E 
 308      733D3136 
 309 0099 2D736563 		.ascii	"-sections' '-fno-common' '-flto'\000"
 309      74696F6E 
 309      73272027 
 309      2D666E6F 
 309      2D636F6D 
 310              		.text
 311              		.comm	__gnu_lto_v1,1,1
 312              		.comm	__gnu_lto_slim,1,1
 313              		.ident	"GCC: (GNU Tools for ARM Embedded Processors) 4.9.3 20150529 (release) [ARM/embedded-4_9-br
ARM GAS  /var/folders/nx/qt6_p4ls4xzbnqkz75ny5wl40000gp/T//ccMwsWZ0.s 			page 24


DEFINED SYMBOLS
                            *ABS*:0000000000000000 chmemcore.c
                            *COM*:0000000000000001 __gnu_lto_v1
                            *COM*:0000000000000001 __gnu_lto_slim

NO UNDEFINED SYMBOLS
