ARM GAS  /var/folders/nx/qt6_p4ls4xzbnqkz75ny5wl40000gp/T//ccqqiNH5.s 			page 1


   1              		.syntax unified
   2              		.cpu cortex-m4
   3              		.fpu softvfp
   4              		.eabi_attribute 20, 1
   5              		.eabi_attribute 21, 1
   6              		.eabi_attribute 23, 3
   7              		.eabi_attribute 24, 1
   8              		.eabi_attribute 25, 1
   9              		.eabi_attribute 26, 1
  10              		.eabi_attribute 30, 2
  11              		.eabi_attribute 34, 1
  12              		.eabi_attribute 18, 4
  13              		.thumb
  14              		.file	"chmempools.c"
  15              		.text
  16              	.Ltext0:
  17              		.section	.gnu.lto_.profile.246265605d7e0316,"",%progbits
  18 0000 789C6366 		.ascii	"x\234cf```a\200\000F\206pK\000\001[\000\231"
  18      60606061 
  18      80004686 
  18      704B0001 
  18      5B0099
  19              		.text
  20              		.section	.gnu.lto_.jmpfuncs.246265605d7e0316,"",%progbits
  21 0000 789C6366 		.ascii	"x\234cf\300\016,\2414\033\0033###{}}=#\214\301\004\244"
  21      C00E2CA1 
  21      341B0333 
  21      2323237B 
  21      7D7D3D23 
  22 0018 EB198172 		.ascii	"\353\031\201r\007\030\270\230\241\354z\006\006\026\240"
  22      0718B898 
  22      A1EC7A06 
  22      0616A0
  23 0027 38737D3D 		.ascii	"8s}=+\204b\000\000\344\203\007\277"
  23      2B846200 
  23      00E48307 
  23      BF
  24              		.text
  25              		.section	.gnu.lto_.inline.246265605d7e0316,"",%progbits
  26 0000 789C6D4F 		.ascii	"x\234mO\241n\002A\020}ov\217].\\\332\273\012\2223\255"
  26      A16E0241 
  26      107D6F76 
  26      8F5D2E5C 
  26      DABB0A92 
  27 0016 C33528F4 		.ascii	"\3035(\364}A?\242\252\374\005\022Ar\2255Mp\004\201%"
  27      7D413FA2 
  27      AAFC0512 
  27      41729535 
  27      4D700481 
  28 002b FC458B3B 		.ascii	"\374E\213;E\015\342p \353:{\333V\261\331\354\233yov"
  28      450DE270 
  28      20EB3A7B 
  28      DB56B1D9 
  28      EC9B796F 
  29 0040 DE8CC1F5 		.ascii	"\336\214\301\365\2231bOoB\210\331\015\321o&\0228\";"
  29      9331624F 
  29      6F4288D9 
ARM GAS  /var/folders/nx/qt6_p4ls4xzbnqkz75ny5wl40000gp/T//ccqqiNH5.s 			page 2


  29      0DD16F26 
  29      1238223B 
  30 0054 81142D91 		.ascii	"\201\024-\221\274>\244\350\277/D`U\022\344)\035\246"
  30      BC3EA4E8 
  30      BF2F4460 
  30      5512E429 
  30      1DA6
  31 0066 1C950678 		.ascii	"\034\225\006x\2110\275\010\277\216\037{\337\312wh\300"
  31      8930BD08 
  31      BF8E1F7B 
  31      DFCA7768 
  31      C0
  32 0077 154B53A9 		.ascii	"\025KS\251\032\2210\241g\214\036\322`\272\274\027\260"
  32      1A9130A1 
  32      678C1ED2 
  32      60BABC17 
  32      B0
  33 0088 75952099 		.ascii	"u\225 \231\217\224o8\243\327d\347\025\3015gr\253\371"
  33      8F946F38 
  33      A3D764E7 
  33      15C13567 
  33      72ABF9
  34 009b 6F00B329 		.ascii	"o\000\263),X\367l7^\222C9\276>\031\334\015t\364b\373"
  34      2C58F76C 
  34      375E9243 
  34      39BE3E19 
  34      DC0D74F4 
  35 00b1 8CF46DFC 		.ascii	"\214\364m\374\247\005\305\206\245\3309[\371\274\201"
  35      A705C586 
  35      A5D8395B 
  35      F9BC81
  36 00c0 3F3F7686 		.ascii	"??v\2066\276]%\274\323\317\256\231\374\357\215\037f"
  36      36BE5D25 
  36      BCD3CFAE 
  36      99FCEF8D 
  36      1F66
  37 00d2 C624EC   		.ascii	"\306$\354"
  38              		.text
  39              		.section	.gnu.lto_.pureconst.246265605d7e0316,"",%progbits
  40 0000 789C6366 		.ascii	"x\234cf``\340e\200\0006\006)F+&)f+\026)V+\000\007\221"
  40      6060E065 
  40      80003606 
  40      29462B26 
  40      29662B16 
  41 001a 0122     		.ascii	"\001\""
  42              		.text
  43              		.section	.gnu.lto_chPoolObjectInit.246265605d7e0316,"",%progbits
  44 0000 789C9590 		.ascii	"x\234\225\220\317KTQ\024\307\357\367\334\367\236\003"
  44      CF4B5451 
  44      14C7EFF7 
  44      DCF79E03 
  45 0010 A318AD64 		.ascii	"\243\030\255dV\022\014\0061\363V\355\203 \332\271\360"
  45      56120C06 
  45      31F356ED 
  45      8320DAB9 
  45      F0
  46 0021 3F681A70 		.ascii	"?h\032p\240a\206\231h\341\306\373\314\026A\013+\012"
ARM GAS  /var/folders/nx/qt6_p4ls4xzbnqkz75ny5wl40000gp/T//ccqqiNH5.s 			page 3


  46      A0618699 
  46      68E1C6FB 
  46      CC16410B 
  46      2B0A
  47 0033 21456192 		.ascii	"!Ea\2222K\2331\323Z\275j\223\213\234\004\245_P\011\023"
  47      324B9B31 
  47      D35ABD6A 
  47      938B9C04 
  47      A55F5009 
  48 0048 E4429CA9 		.ascii	"\344B\234\251\001{\013\261s\336$\210m\352\301\345\334"
  48      017B0BB1 
  48      73DE2488 
  48      6DEAC1E5 
  48      DC
  49 0059 73DFF97E 		.ascii	"s\337\371~\3169_\255\376\376b|zI\251\223\034\241\025"
  49      CE395FAD 
  49      FEFE627C 
  49      7A49A993 
  49      1CA115
  50 006c 68644529 		.ascii	"hdE)/B\200\\\024\324 a\020\233\324 \214\3703\243\321"
  50      2F42805C 
  50      14D42061 
  50      109BD420 
  50      8CF833A3 
  51 0081 9E29634C 		.ascii	"\236)cL\2752\337u\245+`\331Ojap\017=\\\342\255^\275"
  51      BD32DF75 
  51      A52B60D9 
  51      4F6A6170 
  51      0F3D5CE2 
  52 0098 DCAEE350 		.ascii	"\334\256\343P|\1776\333|\023\375N\001\241[\322\3477"
  52      7C7F36DB 
  52      7C13FD4E 
  52      01A15BD2 
  52      E737
  53 00aa 5E8F3A92 		.ascii	"^\217:\222\222%\351\306\335\227\223\210\227\214\031"
  53      9225E9C6 
  53      DD979388 
  53      978C19
  54 00b9 F2572AE6 		.ascii	"\362W*\346\224\025\220\306}h\346a\0321<@L\361\223\302"
  54      941590C6 
  54      7D68E661 
  54      1A313C40 
  54      4CF193C2 
  55 00cd 0CE25CFD 		.ascii	"\014\342\\\375v\331\373\324\251\217\207\334\346\366"
  55      76D9FBD4 
  55      A98F87DC 
  55      E6F6
  56 00db ABF7ED2D 		.ascii	"\253\367\355-\345fKi\341\341a\245\245\360(T\372_\315"
  56      E5664B69 
  56      E1E161A5 
  56      A5F02854 
  56      FA5FCD
  57 00ee 56874E84 		.ascii	"V\207N\204\312\311\353\267\246\254\226\362Z\3119\033"
  57      CAC9EBB7 
  57      A6AC96F2 
  57      5AC9391B 
  58 00fe 908DD9C3 		.ascii	"\220\215\331\303B[a\016q\251n\014\357\276\213:\303\274"
ARM GAS  /var/folders/nx/qt6_p4ls4xzbnqkz75ny5wl40000gp/T//ccqqiNH5.s 			page 4


  58      425B610E 
  58      71A96E0C 
  58      EFBE8B3A 
  58      C3BC
  59 0110 EE91DDFD 		.ascii	"\356\221\335\375M\361\030\0168\316\035\365\315\336^"
  59      4DF1180E 
  59      38CE1DF5 
  59      CDDE5E
  60 011f A9FA62DD 		.ascii	"\251\372b\335\201x\305SZ\220\216\016B\271\252q\265\030"
  60      8178C553 
  60      5A908E0E 
  60      42B9AA71 
  60      B518
  61 0131 F88D48A2 		.ascii	"\370\215H\242\376\210\241z\275\332\320\002`\366\227"
  61      FE88A17A 
  61      BDDAD002 
  61      60F697
  62 0140 5A753522 		.ascii	"Zu5\"fh%\255\026~Mlu\214\343\216g\214o\007\344\354\020"
  62      666825AD 
  62      167E4D6C 
  62      758CE38E 
  62      678C6F07 
  63 0157 A1CCE3C8 		.ascii	"\241\314\343\310\277\261\346\315\017\235\211\023\001"
  63      BFB1E6CD 
  63      0F9D8913 
  63      01
  64 0164 B5A18271 		.ascii	"\265\241\202q\374\010\015\307<\022\0071m\374\364\204"
  64      FC080DC7 
  64      3C120731 
  64      6DFCF484 
  65 0174 05DCE676 		.ascii	"\005\334\346vym\303\376\323\346\237\270\026\026B\256"
  65      796DC3FE 
  65      D3E69FB8 
  65      161642AE 
  66 0184 EC85A748 		.ascii	"\354\205\247H\354\260y\302i\254\225\377\213cc1\344\204"
  66      ECB079C2 
  66      69AC95FF 
  66      8B636331 
  66      E484
  67 0196 3E2D09C7 		.ascii	">-\011\307Q\237\341\371\353g\204\"S\327\270\007\233"
  67      519FE1F9 
  67      EB678422 
  67      53D7B807 
  67      9B
  68 01a7 C105C792 		.ascii	"\301\005\307\222I\367t\177\346\\\246\267\317\315\025"
  68      49F7747F 
  68      E65CA6B7 
  68      CFCD15
  69 01b6 DDC245B7 		.ascii	"\335\302E\267XH\271\251\376l:\233\317\345.\024\223)"
  69      5848B9A9 
  69      FE6C3A9B 
  69      CFE52E14 
  69      9329
  70 01c8 45D9BC55 		.ascii	"E\331\274U\314\014\244#\371B\356R\346|\272\360\033\262"
  70      CC0CA423 
  70      F942EE52 
  70      E67CBAF0 
ARM GAS  /var/folders/nx/qt6_p4ls4xzbnqkz75ny5wl40000gp/T//ccqqiNH5.s 			page 5


  70      1BB2
  71 01da 85DDE8   		.ascii	"\205\335\350"
  72              		.text
  73              		.section	.gnu.lto_chPoolLoadArray.246265605d7e0316,"",%progbits
  74 0000 789CA556 		.ascii	"x\234\245Vkl\223U\030>\357\371n][\3024F\221\230l\272"
  74      6B6C9355 
  74      183EEFF9 
  74      6E5D5BC2 
  74      34469198 
  75 0016 4C1685D5 		.ascii	"L\026\205\325\177\3761\001C\242\341\307b\302b\342?\303"
  75      7FFE3101 
  75      43A2E1C7 
  75      62C262E2 
  75      3FC3
  76 0028 6A938D30 		.ascii	"j\223\2150\332\264@\340\027_/LA\\H\3018\324\352\026"
  76      DAB440E0 
  76      175F2F4C 
  76      415C48C1 
  76      38D4EA16 
  77 003c 865C865C 		.ascii	"\206\\\206\\\206\033t\223Y\306\030\227\301\0300\006"
  77      861B7493 
  77      59C61897 
  77      C1183006 
  78 004c DB945518 		.ascii	"\333\224U\030\213\304\021w\265+\012\365}\317\267A\333"
  78      8BC41177 
  78      B52B0AF5 
  78      7DCFB741 
  78      DB
  79 005d 75FCB149 		.ascii	"u\374\261I\363\235\363\236\367y\336\373w>\211\315\376"
  79      F39DF39E 
  79      F779DEFB 
  79      773E89CD 
  79      FE
  80 006e 7D88FF93 		.ascii	"}\210\377\223&\306\036\342\0234\006|G'c^\023\007\305"
  80      26C61EE2 
  80      1334067C 
  80      4727635E 
  80      1307C5
  81 0081 5848201B 		.ascii	"XH \033\013\331\220\2346)\\\332~\2161\335\254\0064\246"
  81      0BD9909C 
  81      36295CDA 
  81      7E8E31DD 
  81      AC0634A6 
  82 0095 5B550092 		.ascii	"[U\000\2223`\233\271$+*l\346\012\203\004\376\346\013"
  82      33609BB9 
  82      242B2A6C 
  82      E60A8304 
  82      FEE60B
  83 00a8 03F7F928 		.ascii	"\003\367\371(\207\035\221\272*\313\242\275\272\256\217"
  83      871D91BA 
  83      2ACBA2BD 
  83      BAAE8F
  84 00b7 04C30BB6 		.ascii	"\004\303\013\266,\210s\306\306\271\341\001\354\203E"
  84      2C8873C6 
  84      C6B9E101 
  84      EC8345
  85 00c6 A8E2BDBA 		.ascii	"\250\342\275\272\325o\225\362\201\341:|x\342\262\345"
ARM GAS  /var/folders/nx/qt6_p4ls4xzbnqkz75ny5wl40000gp/T//ccqqiNH5.s 			page 6


  85      D56F95F2 
  85      81E13A7C 
  85      78E2B2E5 
  86 00d6 0F1EE790 		.ascii	"\017\036\347\220K\333\246\340\371*\225\266\\\246\355"
  86      4BDBA6E0 
  86      F92A95B6 
  86      5CA6ED
  87 00e5 EFB5ADD5 		.ascii	"\357\265\255\325\220\277G\327}\221\313\365\37229\316"
  87      90BF47D7 
  87      7D91CBF5 
  87      FA3239CE 
  88 00f5 25D80F12 		.ascii	"%\330\017\022\362\301\001X\010\007a!C\021\203:\310G"
  88      F2C10158 
  88      08076121 
  88      4311833A 
  88      C847
  89 0107 EDA9FD5B 		.ascii	"\355\251\375[Oq\251@\360z\033|\017\263\014\344\200\201"
  89      4F71A940 
  89      F07A1B7C 
  89      0FB30CE4 
  89      8081
  90 0119 94E1503A 		.ascii	"\224\341P:Rf\360\243@v\337\272[!Ko\010d\303\251\303"
  90      5266F0A3 
  90      4076DFBA 
  90      5B214B6F 
  90      0864C3A9 
  91 012e EDF30D64 		.ascii	"\355\363\015d\334@*p8\035\211q\037\201|R\037\015<\272"
  91      DC402A70 
  91      381D8971 
  91      1F817C52 
  91      1F0D3CBA 
  92 0142 69510318 		.ascii	"iQ\003\030o\366\243\231P\341(\250\200\317#\317G\364"
  92      6FF6A399 
  92      50E128A8 
  92      80CF23CF 
  92      47F4
  93 0154 44624FCB 		.ascii	"DbO\313\245f9\033\204-.p2\320Z\001Zk@\336g!\247j\026"
  93      A566391B 
  93      842D2E70 
  93      32D05A01 
  93      5A6B40DE 
  94 016d 2A16A162 		.ascii	"*\026\241bE\201\306\330 \322a\356\357q\216\017\251\007"
  94      4581C6D8 
  94      20D261EE 
  94      EF718E0F 
  94      A907
  95 017f 7CCF91CD 		.ascii	"|\317\221\315\336\366\266\203\226\202\037\320fu\345"
  95      DEF6B683 
  95      96821FD0 
  95      6675E5
  96 018e BE0A1928 		.ascii	"\276\012\031(\007\323\031>\006\005\304\207\313{(\304"
  96      07D3193E 
  96      0605C487 
  96      CB7B28C4 
  97 019e EA112812 		.ascii	"\352\021(\022:\307\311\247\024h\264r\337\3402S\022\264"
  97      3AC7C9A7 
  97      1468B472 
ARM GAS  /var/folders/nx/qt6_p4ls4xzbnqkz75ny5wl40000gp/T//ccqqiNH5.s 			page 7


  97      DFE03253 
  97      12B4
  98 01b0 1EA10867 		.ascii	"\036\241\010g\251\200\312\232\256\250&-\026\251\231"
  98      A980CA9A 
  98      AEA8262D 
  98      16A999
  99 01bf EABBD4A2 		.ascii	"\352\273\324\242\346\325`j\242\027\3168\"\201j\375q"
  99      E6D5606A 
  99      A217CE38 
  99      22816AFD 
  99      71
 100 01d0 220194DA 		.ascii	"\"\001\224\332\343\251\011\232f\374\011\362b\034\210"
 100      E3A9099A 
 100      66FC09F2 
 100      621C88
 101 01df 309B3DDB 		.ascii	"0\233=\333v\003\332\2567l\013\325\003]\361\016MX\032"
 101      7603DAAE 
 101      376C0BD5 
 101      035DF10E 
 101      4D581A
 102 01f2 B95FBFED 		.ascii	"\271_\277\355\305\335z\265o\007\246r)d\350\200i\212"
 102      C5DD7AB5 
 102      6F07A672 
 102      2964E880 
 102      698A
 103 0204 46C8239A 		.ascii	"F\310#\232\014\024:\302\371g\021\204\317\215>\221\206"
 103      0C143AC2 
 103      F9671184 
 103      CF8D3E91 
 103      86
 104 0215 7E1A6A32 		.ascii	"~\032j2z\256@O\246\006:^\247\357\222\244\217D\316\376"
 104      7AAE404F 
 104      A6063A5E 
 104      A7EF92A4 
 104      8F44CEFE 
 105 0229 ECAED96B 		.ascii	"\354\256\331k\026DG[\374CRr$&\010gdk\202<\352\375/&"
 105      1644475B 
 105      FC435272 
 105      24260867 
 105      646B823C 
 106 0241 8F038D82 		.ascii	"\217\003\215\202)\227A3\236\366\203\357N\303\266\241"
 106      29974133 
 106      9EF683EF 
 106      4EC3B6A1 
 107 0251 2A35A5EB 		.ascii	"*5\245\353\242g\307\013D\354\230l\321x\343\034R\373"
 107      A267C70B 
 107      44EC986C 
 107      D178E31C 
 107      52FB
 108 0263 327AFDC1 		.ascii	"2z\375\301.\211\\\244 \031\374L*<Me\360\016\366\347"
 108      2E895CA4 
 108      2019FC4C 
 108      2A3C4D65 
 108      F00EF6E7 
 109 0277 293A91D2 		.ascii	"):\221\322N\306>\277\215\315\336BGr\332\321\277\025"
 109      4EC63EBF 
 109      8DCDDE42 
ARM GAS  /var/folders/nx/qt6_p4ls4xzbnqkz75ny5wl40000gp/T//ccqqiNH5.s 			page 8


 109      4772DAD1 
 109      BF15
 110 0289 DD1A39CB 		.ascii	"\335\0329\313\340\027:V\322\306\201A\004T\014\3474\015"
 110      E0173A56 
 110      D2C68141 
 110      04540CE7 
 110      340D
 111 029b 03A0FB78 		.ascii	"\003\240\373x<0<\265S\312\031\206\220^\225\033\347Y"
 111      3C303CB5 
 111      53CA1986 
 111      905E951B 
 111      E759
 112 02ad 84F8B2FF 		.ascii	"\204\370\262\377\037\257Y\306>\207V\310a$\371z\313W"
 112      1FAF59C6 
 112      3E8756C8 
 112      6124F97A 
 112      CB57
 113 02bf BBAD2881 		.ascii	"\273\255(\2013 \213\310\031\264\201\214\007\027?\255"
 113      33208BC8 
 113      19B4818C 
 113      07173FAD 
 114 02cf FE5BCEF9 		.ascii	"\376[\316\371k\032m&\335\256\341\366\246,\201>Khh\007"
 114      6B1A6D26 
 114      DDAEE1F6 
 114      A62C813E 
 114      4B686807 
 115 02e3 39531305 		.ascii	"9S\023\005GoY\365\363z \232H\344\314\335\004\347\376"
 115      476F59F5 
 115      F37A209A 
 115      48E4CCDD 
 115      04E7FE
 116 02f6 57139C7F 		.ascii	"W\023\234\177\322\004\221p\307K\010o\273\343\235\322"
 116      D2049170 
 116      C74B086F 
 116      BBE39DD2 
 117 0306 A418887A 		.ascii	"\244\030\210zL|\327y\3152\213K\203\013\231\270R\022"
 117      4C7CD779 
 117      CD328B4B 
 117      830B99B8 
 117      5212
 118 0318 19D9DD09 		.ascii	"\031\331\335\011DN\356M\027IMK5\\\244\243\016\221\356"
 118      444EEE4D 
 118      17494D4B 
 118      355CA4A3 
 118      0E91EE
 119 032b 4B98EE8B 		.ascii	"K\230\356\213\206+}\340k\034\235hUH\026\343V\312\377"
 119      862B7DE0 
 119      6B1C9D68 
 119      554816E3 
 119      56CAFF
 120 033e E095AB26 		.ascii	"\340\225\253&j*\2130\3220\365\375\203y!\370\306\253"
 120      6A2A8B30 
 120      D230F5FD 
 120      837921F8 
 120      C6AB
 121 0350 EB388D5A 		.ascii	"\3538\215Z\014\375\271,\362\335\011!\001\017\326\274"
 121      0CFDB92C 
ARM GAS  /var/folders/nx/qt6_p4ls4xzbnqkz75ny5wl40000gp/T//ccqqiNH5.s 			page 9


 121      F2DD0921 
 121      010FD6BC 
 122 0360 40E064A4 		.ascii	"@\340d\244\226\001iEkp\205\220x\364\355\304\316\336"
 122      96016945 
 122      6B708590 
 122      78F4EDC4 
 122      CEDE
 123 0372 F94BEAC8 		.ascii	"\371K\352\310s\225\"\354B\2561\252\020\371\007Wa\011"
 123      739522EC 
 123      42AE31AA 
 123      10F90757 
 123      6109
 124 0384 BA22B88F 		.ascii	"\272\"\270\217M\216I\323\354s:r\015\301\311\243\365"
 124      4D8E49D3 
 124      EC733A72 
 124      0DC1C9A3 
 124      F5
 125 0395 749C465A 		.ascii	"t\234FZ\374c\366\240_\257\305ebi\316\334\343t]\214\323"
 125      FC63F6A0 
 125      5FAFC565 
 125      6269CEDC 
 125      E3745D8C 
 126 03aa 13FFF106 		.ascii	"\023\377\361\006\204\356\271\307\251\366\356\314$h\263"
 126      84EEB9C7 
 126      A9F6EECC 
 126      2468B3
 127 03b9 FAF90625 		.ascii	"\372\371\006%8m<:&q<zH\337\224>\036\355\36742\316\340"
 127      386D3C3A 
 127      26713C7A 
 127      48DF943E 
 127      1EEDF734 
 128 03d0 66E6F1B8 		.ascii	"f\346\361\270%\352\325\2334\036\265\017\242M\352L\347"
 128      25EAD59B 
 128      341EB50F 
 128      A24DEA4C 
 128      E7
 129 03e1 778B04F4 		.ascii	"w\213\004\364\211\316Oo\363~lsz\305\313\342\025Ou\016"
 129      89CE4F6F 
 129      F37E6C73 
 129      7AC5CBE2 
 129      154F750E 
 130 03f5 9F0E0581 		.ascii	"\237\016\005\201\346?\306\263\222\303\225\322\313\025"
 130      E63FC6B3 
 130      92C395D2 
 130      CB15
 131 0403 298AF379 		.ascii	")\212\363y\224\340_g\327k\005]v\277\211z\321\375\005"
 131      94E05F67 
 131      D76B055D 
 131      76BF897A 
 131      D1FD05
 132 0416 B7610956 		.ascii	"\267a\011V\312_U\361\216\301l\306R ?VC\\\017t]\241\220"
 132      CA5F55F1 
 132      8EC16CC6 
 132      52203F56 
 132      435C0F74 
 133 042d 5482153D 		.ascii	"T\202\025=!\253\241d\211q\372\020x\354\277\336(\336"
 133      21ABA164 
ARM GAS  /var/folders/nx/qt6_p4ls4xzbnqkz75ny5wl40000gp/T//ccqqiNH5.s 			page 10


 133      8971FA10 
 133      78ECBFDE 
 133      28DE
 134 043f 5F8AF185 		.ascii	"_\212\361\205\000\003ho\006x\204\200\026\021\202\302"
 134      0003686F 
 134      06788480 
 134      161182C2 
 135 044f F0A34212 		.ascii	"\360\243B\022\3655\304\334(\266A\016\354\006\004z\375"
 135      F535C4DC 
 135      28B6410E 
 135      EC06047A 
 135      FD
 136 0460 272A5F36 		.ascii	"'*_6\310yrl\012\272\0305\012=\004\350\230L\336\231\345"
 136      C879726C 
 136      0ABA1835 
 136      0A3D04E8 
 136      984CDE99 
 137 0475 EDCDAF0C 		.ascii	"\355\315\257\014\001\217q\205\266\026\371P\363\0024"
 137      018F7185 
 137      B616F950 
 137      F30234
 138 0484 A3D2057A 		.ascii	"\243\322\005z\033\274\221\360\373\304D\230Ad\017h\230"
 138      1BBC91F0 
 138      FBC44498 
 138      41640F68 
 138      98
 139 0495 D4D70A0B 		.ascii	"\324\327\012\013m\313K\313J\312>(\2669=6\367:\233\307"
 139      6DCB4BCB 
 139      4ACA3E28 
 139      B6393D36 
 139      F73A9BC7 
 140 04a9 6DB7D94B 		.ascii	"m\267\331K\313\035\345.\247s\215\247\320\316x\271\013"
 140      CB1DE52E 
 140      A7738DA7 
 140      D0CE78B9 
 140      0B
 141 04ba 5CB05676 		.ascii	"\\\260Vv\226\254v\275>K\275l\255}\315\372O\034\311\220"
 141      96AC76BD 
 141      3E4BBD6C 
 141      AD7DCDFA 
 141      4F1CC990 
 142 04ce 52A66C58 		.ascii	"R\246lX\265f\275\343\315Y\312.\247{\235\307\366\356"
 142      B566BDE3 
 142      CD59CA2E 
 142      A77B9DC7 
 142      F6EE
 143 04e0 CAA2E545 		.ascii	"\312\242\345E\033\021aw\272\035\037ox\273\034\021\205"
 143      1B116177 
 143      BA1D1F6F 
 143      78BB1C11 
 143      85
 144 04f1 A9BA8E8D 		.ascii	"\251\272\216\215\353l\313\213\212W\024?\345']{\371{"
 144      EB6CCB8B 
 144      8A57143F 
 144      E5275D7B 
 144      F97B
 145 0503 EBD7DA51 		.ascii	"\353\327\332Q\375\325g\370\341\331D.d\027\025\257\314"
ARM GAS  /var/folders/nx/qt6_p4ls4xzbnqkz75ny5wl40000gp/T//ccqqiNH5.s 			page 11


 145      FDD567F8 
 145      E1D9442E 
 145      641715AF 
 145      CC
 146 0514 2D59E571 		.ascii	"-Y\345q\270\334e\213s\363\337b\334\3154t\321\351\336"
 146      B8DC658B 
 146      73F3DF62 
 146      DCCD3474 
 146      D1E9DE
 147 0527 C42457A9 		.ascii	"\304$W\251\353?\263sV\027"
 147      EB3FB373 
 147      5617
 148              		.text
 149              		.section	.gnu.lto_chPoolAllocI.246265605d7e0316,"",%progbits
 150 0000 789C7592 		.ascii	"x\234u\222\337K\024Q\024\307\317\367\336\231\331]g\245"
 150      DF4B1451 
 150      14C7CFF7 
 150      DE99D95D 
 150      67A5
 151 0012 257A92A0 		.ascii	"%z\222\240Hd\203\322\245\207\036\215\240\227\036\202"
 151      486483D2 
 151      A5871E8D 
 151      A0971E82 
 152 0022 1EFA0742 		.ascii	"\036\372\007B\0114\262\025\355\335\273\353\366\340K"
 152      0934B215 
 152      EDDDBBEB 
 152      F6E04B
 153 0031 84F510D8 		.ascii	"\204\365\020\330bbQfijZ\032\344\"%R\366\303\207\012"
 153      62625166 
 153      696A5A1A 
 153      E4222552 
 153      F6C3870A 
 154 0045 454A45A3 		.ascii	"EJE\243\240\300MC\007\222\355\334;\232?\033\230\271"
 154      A0C04D43 
 154      0792EDDC 
 154      3B9A3F1B 
 154      98B9
 155 0057 73CFDCF3 		.ascii	"s\317\334\363\375~\3169#i\373u\212\357\224$:\314+\002"
 155      FD7ECE39 
 155      2369FB75 
 155      8AEF9424 
 155      3ACC2B02 
 156 006b 0471F52D 		.ascii	"\004q\365-Q\"(\204L\227\222\312\263\026\"\244\302\022"
 156      51222884 
 156      4C9792CA 
 156      B31622A4 
 156      C212
 157 007d 8E1FB684 		.ascii	"\216\037\266\204\335\244\303\316o\035\266\327\302\016"
 157      DDA4C3CE 
 157      6F1DB6D7 
 157      C20E
 158 008b A05F0854 		.ascii	"\240_\010T'\244e;\250\303w\221\025\350\357X|\343~\023"
 158      27A4653B 
 158      A8C37791 
 158      15E8EF58 
 158      7CE37E13 
 159 009f 9EA0FDC4 		.ascii	"\236\240\375\304\333\201\306\221\033\216\336\302\322"
ARM GAS  /var/folders/nx/qt6_p4ls4xzbnqkz75ny5wl40000gp/T//ccqqiNH5.s 			page 12


 159      DB81C691 
 159      1B8EDEC2 
 159      D2
 160 00ac DBC6E181 		.ascii	"\333\306\341\201y;zG\251\344|rp2|\371\244'\004-\010"
 160      793B7A47 
 160      A9E47C72 
 160      70327CF9 
 160      A427042D 
 161 00c1 C25D14E0 		.ascii	"\302]\024\340\036\012\264`\033\242|21\326P\037\226E"
 161      1E0AB460 
 161      1BA27C32 
 161      31D6501F 
 161      9645
 162 00d3 D059D3B7 		.ascii	"\320Y\323\267\207n\241\250\225\2632\257\273\325q\313"
 162      876EA1A8 
 162      95B332AF 
 162      BBD571CB 
 163 00e3 1312F721 		.ascii	"\023\022\367!7\346q\210\320\216\"}\374J\313\373\251"
 163      37E67188 
 163      D08E227D 
 163      FC4ACBFB 
 163      A9
 164 00f4 803C6852 		.ascii	"\200<hR\227'F\237;\205-\234:\345\265\016\207\325\210"
 164      9727469F 
 164      3B852D9C 
 164      3AE5B50E 
 164      87D588
 165 0107 4A4DE572 		.ascii	"JM\345r\373\330\026\0176+\370\027\247dS+\237\\'\245"
 165      FBD8160F 
 165      362BF817 
 165      A764532B 
 165      9F5C27A5 
 166 011b 948AE021 		.ascii	"\224\212\340!\012W\004iB\006\353\200\003^t\260swF\345"
 166      0A570469 
 166      4206EB80 
 166      035E74B0 
 166      737746E5 
 167 012f 723D7FB2 		.ascii	"r=\177\262\015\3216\021\006\351\230\005\015`\233w\207"
 167      0DD13611 
 167      06E99805 
 167      0D609B77 
 167      87
 168 0140 81AC203F 		.ascii	"\201\254 ?\354\020?\034\327\004\211fYGwm\216\253\346"
 168      EC103F1C 
 168      D7048966 
 168      5947776D 
 168      8EABE6
 169 0153 554E20D9 		.ascii	"UN \331\327\225KH-\275$l6\3772\373n,\250\373%\015K\357"
 169      D7954B48 
 169      2DBD246C 
 169      36FF32FB 
 169      6E2CA8FB 
 170 016b 72F3CFFC 		.ascii	"r\363\317\3744\232\022Je\366z\"\260$,tjX\376vs\361\332"
 170      349A124A 
 170      65F67A22 
 170      B0242C74 
 170      6A58FE76 
ARM GAS  /var/folders/nx/qt6_p4ls4xzbnqkz75ny5wl40000gp/T//ccqqiNH5.s 			page 13


 171 0182 F8AEE243 		.ascii	"\370\256\342Cl\204GH\343\227f$t\241\230>\"\251\216\030"
 171      6C844748 
 171      E3976624 
 171      74A1983E 
 171      22A98E18 
 172 0196 5C76655D 		.ascii	"\\ve]\372\200\324x}\353ug\325\007Q\277\3349vI\227\032"
 172      FA80D478 
 172      7DEB7567 
 172      D50751BF 
 172      DC397649 
 173 01ac 8AEC8B99 		.ascii	"\212\354\213\231\200\377\325\331Ham\242\200'\202:\275"
 173      80FFD5D9 
 173      48616DA2 
 173      8027823A 
 173      BD
 174 01bd 7B3B418F 		.ascii	"{;A\217!\200&x\314\004,\3318\275G\013n)\"\360\377\""
 174      21802678 
 174      CC042CD9 
 174      38BD470B 
 174      6E2922F0 
 175 01d3 7AD78BE8 		.ascii	"z\327\213\350C1\203\030B\213\026\">\341\313\231\325"
 175      43318318 
 175      428B1622 
 175      3EE1CB99 
 175      D5
 176 01e4 3E053723 		.ascii	">\0057#\355\254\027\302\023\243g&\367\224\221L\017."
 176      EDAC17C2 
 176      13A36726 
 176      F794914C 
 176      0F2E
 177 01f6 AE2BFCAB 		.ascii	"\256+\374\2531\304\007\372\261\326\021\233\232\363\375"
 177      31C407FA 
 177      B1D6119B 
 177      9AF3FD
 178 0205 B90C0FAD 		.ascii	"\271\014\017\255\372\205\266\324plG\317v\345\317(\017"
 178      FA85B6D4 
 178      706C47CF 
 178      76E5CF28 
 178      0F
 179 0216 03C6586A 		.ascii	"\003\306Xj\343gl<\211\224:\352+\271lM,\350\011\227\207"
 179      E3676C3C 
 179      89943AEA 
 179      2BB96C4D 
 179      2CE80997 
 180 022b 24D647E4 		.ascii	"$\326G\344\032o\307\374\024<\275\010\371a\320g$2]\257"
 180      1A6FC7FC 
 180      143CBD08 
 180      F961D067 
 180      24325DAF 
 181 023f E0A7737B 		.ascii	"\340\247s{\277\002<\001\371c\360,/\026k\271\366\350"
 181      BF023C01 
 181      F963F02C 
 181      2F166BB9 
 181      F6E8
 182 0251 5805FF58 		.ascii	"X\005\377X\320\271\\\354\201\222\222\330\211\212\312"
 182      D0B95CEC 
 182      819292D8 
ARM GAS  /var/folders/nx/qt6_p4ls4xzbnqkz75ny5wl40000gp/T//ccqqiNH5.s 			page 14


 182      898ACA
 183 0260 B2CAD367 		.ascii	"\262\312\323gb\361\332X\315\245XmMy\254\274\242\352"
 183      62F1DA58 
 183      CDA5586D 
 183      4D79ACBC 
 183      A2EA
 184 0272 5C55753C 		.ascii	"\\Uu<~\241\266\244\234DU\265\025/;_\375\027i\211C\216"
 184      7EA1B6A4 
 184      9C4455B5 
 184      152F3B5F 
 184      FD176989 
 185              		.text
 186              		.section	.gnu.lto_chPoolAlloc.246265605d7e0316,"",%progbits
 187 0000 789C9554 		.ascii	"x\234\225T\353oSe\030\177\237\367=\227\266\353\2601"
 187      EB6F5365 
 187      187F9FF7 
 187      3D97B6EB 
 187      B031
 188 0012 C60F7C59 		.ascii	"\306\017|YuYf\202k\365\203\341\323\274d\211\321\304"
 188      75596682 
 188      6BF583E1 
 188      D3BC6489 
 188      D1C4
 189 0024 C584FD01 		.ascii	"\305\204\375\001\312j\223\316\254k\323n\004>q\332\025"
 189      CA6A93CE 
 189      AC6BD36E 
 189      043E71DA 
 189      15
 190 0035 0D249A65 		.ascii	"\015$\232e`\034b\335\226\261\010Nv\001A\251\010e\216"
 190      601C62DD 
 190      96B1084E 
 190      760141A9 
 190      08658E
 191 0048 3A77810D 		.ascii	":w\201\015a\206K\240,@4\214d\263L\326\030\255\317\363"
 191      61864BA0 
 191      2C40348C 
 191      64B34CD6 
 191      18ADCFF3 
 192 005c B6BBB49D 		.ascii	"\266\273\264\235\311<I\317\351yn\277\337\363{\237\363"
 192      C93C49CF 
 192      E9796EBF 
 192      DFF37B9F 
 192      F3
 193 006d 08567CBD 		.ascii	"\010V|\275\205\277#\032c\343\370\004\235\001o\273\310"
 193      85BF231A 
 193      63E3F804 
 193      9D016FBB 
 193      C8
 194 007e 58C8C4B9 		.ascii	"X\310\304\271\210V3\303\242\244l\314\260\012\320\262"
 194      885633C3 
 194      A2A46CCC 
 194      B00AD0B2 
 195 008e 6685AB87 		.ascii	"f\205\253\207\310\254-\222Y]6k\000\364\207\001\333\315"
 195      C8AC2D92 
 195      595D366B 
 195      00F48701 
 195      DBCD
ARM GAS  /var/folders/nx/qt6_p4ls4xzbnqkz75ny5wl40000gp/T//ccqqiNH5.s 			page 15


 196 00a0 85A26AB0 		.ascii	"\205\242j\260\033~\347\013\034N\367?\232,\371\215\247"
 196      1B7EE70B 
 196      1C4EF73F 
 196      9A2CF98D 
 196      A7
 197 00b1 39B3337C 		.ascii	"9\2633|\215\265\217vh\364\012\012\275\266'b\363je\257"
 197      8DB58F76 
 197      68F40A0A 
 197      BDB62762 
 197      F36A65AF 
 198 00c5 6184E72F 		.ascii	"a\204\347/_\275i\335\363F\232s\226\342\014\276\204\315"
 198      5FBD69DD 
 198      F3469A73 
 198      96E20CBE 
 198      84CD
 199 00d7 70043653 		.ascii	"p\0046S\301\243P\211\221\241\351\275\255VQ\001\224u"
 199      C1A35089 
 199      91A1E9BD 
 199      AD565101 
 199      9475
 200 00e9 E7F07017 		.ascii	"\347\360p\027T\364`V|\354\270\361\252\222\346\002\276"
 200      54F46056 
 200      7CECB8F1 
 200      AA92E602 
 200      BE
 201 00fa 02B1360F 		.ascii	"\002\2616\017M\014\372\240\202\302?\356\236J\352\342"
 201      4D0CFAA0 
 201      82C23FEE 
 201      9E4AEAE2 
 202 010a 3999BA74 		.ascii	"9\231\272t}\342\254V\336\215\251\311\376\336\204\325"
 202      7DE2AC56 
 202      DE8DA9C9 
 202      FEDE84D5 
 203 011a 183522C9 		.ascii	"\0305\"\311L\246\014a\341\353\374\012\331\013S\026\""
 203      4CA60C61 
 203      E1EBFC0A 
 203      D90B5316 
 203      22
 204 012b 7FFF5AA2 		.ascii	"\177\377Z\242E\014\303\260\3011('z\310\252\0374\300"
 204      450CC3B0 
 204      C1312827 
 204      7AC8AA1F 
 204      34C0
 205 013d 0759069E 		.ascii	"\007Y\006\236\214\033\231Ljfv\357\326>\276\011K\240"
 205      8C1B994C 
 205      6A6676EF 
 205      D63EBE09 
 205      4BA0
 206 014f 4D00A16B 		.ascii	"M\000\241k\310C\321\361\246\232\360\246\231\245\313"
 206      C843D1F1 
 206      A69AF0A6 
 206      99A5CB
 207 015e 22EF8CDD 		.ascii	"\"\357\214\335\305:$\331=l\031\237b\006\3026\302K\365"
 207      C53A24D9 
 207      3D6C199F 
 207      6206C236 
 207      C24BF5
ARM GAS  /var/folders/nx/qt6_p4ls4xzbnqkz75ny5wl40000gp/T//ccqqiNH5.s 			page 16


 208 0171 190784A8 		.ascii	"\031\007\204\250\222t\037\\\351\356\265H\272\363\017"
 208      92741F5C 
 208      E9EEB548 
 208      BAF30F
 209 0180 06BF78FA 		.ascii	"\006\277x\372\240\321\025nC\254W \315u\030X\2170\014"
 209      A0D1156E 
 209      43AC5720 
 209      CD751858 
 209      8F300C
 210 0193 423949F4 		.ascii	"B9I\364\321\342\011 \235u;\203!\364\336\200\360l\346"
 210      D1E20920 
 210      9D753B83 
 210      21F4DE80 
 210      F06CE6
 211 01a6 83FB1D5A 		.ascii	"\203\373\035Z^G\311H?\310^R\034\362{M\236\331wKep\234"
 211      5E47C948 
 211      3FC85E52 
 211      1CF27B4D 
 211      9ED9774B 
 212 01bd 5CBCC035 		.ascii	"\\\274\3005\323]M0\014N\220W\024\210\304\340\033\300"
 212      D35D4D30 
 212      0C4E9057 
 212      1488C4E0 
 212      1BC0
 213 01cf 698293A4 		.ascii	"i\202\223\244\020\260A@\367\355\271\245\375\242\354"
 213      10B04140 
 213      F7EDB9A5 
 213      FDA2EC
 214 01de 3C448D0E 		.ascii	"<D\215\016{\232\233(\343\223\033\177\205,\012j\000\247"
 214      7B9A9B28 
 214      E3931B7F 
 214      852C0A6A 
 214      00A7
 215 01f0 A04C0AFD 		.ascii	"\240L\012\375\331\236O\017Z\321\002\337\202\"93\370"
 215      D99E4F0F 
 215      5AD102DF 
 215      82223933 
 215      F8
 216 0201 0E14748C 		.ascii	"\016\024t\214}\330\365\247R6\222\3136S\354\324\\\"f"
 216      7DD8F5A7 
 216      523692CB 
 216      3653ECD4 
 216      5C2266
 217 0214 96D9A729 		.ascii	"\226\331\247)\033b8O\313\002\036\235J\217\353Y\321h"
 217      1B62384F 
 217      CB021E9D 
 217      4A8FEB59 
 217      D168
 218 0226 A856CFB8 		.ascii	"\250V\317\270hJr\222}\017\345\217\261\215\353\020>5"
 218      684A7292 
 218      7D0FE58F 
 218      B18DEB10 
 218      3E35
 219 0238 940989FC 		.ascii	"\224\011\211\3741I\367\374\3371\211\247\366Y\251fNX"
 219      3149F7FC 
 219      DF3189A7 
 219      F659A966 
ARM GAS  /var/folders/nx/qt6_p4ls4xzbnqkz75ny5wl40000gp/T//ccqqiNH5.s 			page 17


 219      4E58
 220 024a A57088CE 		.ascii	"\245p\210\316\220\353\007\251\321Y\320\036s\372Ln\337"
 220      90EB07A9 
 220      D159D01E 
 220      73FA4C6E 
 220      DF
 221 025b BD346DA2 		.ascii	"\2754m\242\363\022\262\330\311\245\316\207\245Q8\024"
 221      F312B2D8 
 221      C9A5CE87 
 221      A5513814 
 222 026b 320C539A 		.ascii	"2\014S\232[\220\035\234#0t}\376h\377\265'\252\372\350"
 222      5B901D9C 
 222      2330747D 
 222      FE68FFB5 
 222      27AAFAE8 
 223 027f 1CFE69D5 		.ascii	"\034\376i\325q\276 \016Q\370\203\244\240\232p\036\252"
 223      71BE200E 
 223      51F883A4 
 223      A09A701E 
 223      AA
 224 0290 4809E345 		.ascii	"H\011\343E*NX\010\300\256B\344Zk\317\001-\007\010\225"
 224      2A4E5808 
 224      C0AE42E4 
 224      5A6BCF01 
 224      2D070895 
 225 02a4 59E2F710 		.ascii	"Y\342\367\020.Z-\250\361\205\221Y=\353\325\326\322Q"
 225      2E5A2DA8 
 225      F1859159 
 225      3DEBD5D6 
 225      D251
 226 02b6 D6A15342 		.ascii	"\326\241SB\025\206\363\350l!\036?J\036\220\3431\202"
 226      1586F3E8 
 226      6C211E3F 
 226      4A1E90E3 
 226      3182
 227 02c8 3CB070FB 		.ascii	"<\260p\373\235\247\250\354F{\212\313\216.\344u\224\200"
 227      9DA7A8EC 
 227      467B8ACB 
 227      8E2EE475 
 227      9480
 228 02da 2A6425E9 		.ascii	"*d%\351*,e\313\322\2750+\262t\365\215\224F~V\370IV\345"
 228      2A2C65CB 
 228      D2BD302B 
 228      B274F58D 
 228      94467E56 
 229 02f2 B9AAA3C8 		.ascii	"\271\252\243\310O\312\322\264Zg\245m+b\377\014\313\""
 229      4FCAD2B4 
 229      5A67A56D 
 229      2B62FF0C 
 229      CB22
 230 0304 A9ACB354 		.ascii	"\251\254\263T\242\016%\206s\250\246\015\242\226\302"
 230      A20E2586 
 230      73A8A60D 
 230      A296C2
 231 0313 98441539 		.ascii	"\230D\0259\324qD\275\011\021\343\245l\0313\3422\254"
 231      D47144BD 
 231      0911E3A5 
ARM GAS  /var/folders/nx/qt6_p4ls4xzbnqkz75ny5wl40000gp/T//ccqqiNH5.s 			page 18


 231      6C1933E2 
 231      32AC
 232 0325 96E69BF0 		.ascii	"\226\346\233\360\320\370\352\221\231%\260\266\272\030"
 232      D0F8EA91 
 232      9925B0B6 
 232      BA18
 233 0333 B2660B1D 		.ascii	"\262f\013\035\255\234/\332?r\215,O\375\332U\321\326"
 233      AD9C2FDA 
 233      3F728D2C 
 233      4FFDDA55 
 233      D1D6
 234 0345 B9A15531 		.ascii	"\271\241U1!W\305J\323:\232&\377{U\214\254\254\012\265"
 234      2157C54A 
 234      D33A9A26 
 234      FF7B558C 
 234      ACAC0AB5 
 235 0359 E88BBF48 		.ascii	"\350\213\277H\323\\\260?\306\026q\177\\\242x\255p\177"
 235      D35CB03F 
 235      C616717F 
 235      5CA278AD 
 235      707F
 236 036b 1C7B99B0 		.ascii	"\034{\231\260\031L\255\277?\246\345\267qy\315\3768\374"
 236      194CADBF 
 236      3FA6E5B7 
 236      7179CDFE 
 236      38FC
 237 037d 3019D396 		.ascii	"0\031\323\226W\303\244\\\015\277\310\325P\270\007\256"
 237      57C3A45C 
 237      0DBFC8D5 
 237      50B807AE 
 238 038d E01EB805 		.ascii	"\340\036\270\005\241dd\000\210+)\306\356\003\236\015"
 238      A1646400 
 238      882B29C6 
 238      EE039E0D 
 239 039d 1773E7DE 		.ascii	"\027s\347\336\305\207\202r\233\325\211i\017\356_ y1"
 239      C5878272 
 239      9BD58969 
 239      0FEE5F20 
 239      7931
 240 03af F75987C3 		.ascii	"\367Y\207\303Y\343i\250ox\273\316\351\013:\003\315\316"
 240      59E369A8 
 240      6F78BBCE 
 240      E90B3A03 
 240      CDCE
 241 03c1 60C0E574 		.ascii	"`\300\345ty\274n\257\337\347k\014:\\\214{\375\212\257"
 241      79BC6EAF 
 241      DFE76B0C 
 241      3A5C8C7B 
 241      FD8AAF
 242 03d4 FE7DBFBA 		.ascii	"\376}\277\272c{c\213{KQ\202\337\027h\016:_\333V[S\273"
 242      637B638B 
 242      7B4B5182 
 242      DF17680E 
 242      3A5FDB56 
 243 03eb 13335DBE 		.ascii	"\0233]\276\200\373\235\035[\275\016\017s\344\307\272"
 243      80FB9D1D 
 243      5BBD0E0F 
ARM GAS  /var/folders/nx/qt6_p4ls4xzbnqkz75ny5wl40000gp/T//ccqqiNH5.s 			page 19


 243      73E4C7BA 
 244 03fb 77363B6B 		.ascii	"w6;kj\353\336\254s64\271\032[\336s;e\254\313\373zK\223"
 244      6AEBDEAC 
 244      733634B9 
 244      1A5BDE73 
 244      3B65ACCB 
 245 0413 0BC39F29 		.ascii	"\013\303\237)*\275\022\347\011\356\012b\204\255\266"
 245      2ABD12E7 
 245      09EE0A62 
 245      84ADB6
 246 0422 6E9BBD7E 		.ascii	"n\233\275~{\320\355\0174<o\257x\201\361\000\323\221"
 246      7BD0ED0F 
 246      343C6FAF 
 246      7881F100 
 246      D391
 247 0434 AA2FB08B 		.ascii	"\252/\260\213\375\013\262L\222\225"
 247      FD0BB24C 
 247      9295
 248              		.text
 249              		.section	.gnu.lto_chPoolFreeI.246265605d7e0316,"",%progbits
 250 0000 789C7591 		.ascii	"x\234u\221\317k\023Q\020\307\337w\336nRHE\021\301\222"
 250      CF6B1351 
 250      10C7DF77 
 250      DE6E5248 
 250      4511C192 
 251 0014 8B620915 		.ascii	"\213b\011\025$Y\377\004\301\243\007\017\376\007\015"
 251      2459FF04 
 251      C1A3070F 
 251      FE070D
 252 0023 85540C59 		.ascii	"\205T\014Y\032\357}\211\361\340\301R\342\245\240\265"
 252      1AEF7D89 
 252      F1E0C152 
 252      E2A5A0B5 
 253 0033 0D2AFE68 		.ascii	"\015*\376hMm\264\325zZ\212\207J\261Z\005\213V4J\012"
 253      4D6DB4D5 
 253      7A5A8A87 
 253      4AB15A05 
 253      8B56344A 
 254 0048 7A28346D 		.ascii	"z(4m\244\335C\2113\033\305\326\342\203e\336\014\363"
 254      A4DD4389 
 254      331BC5D6 
 254      E28365DE 
 254      0CF3
 255 005a FDBCEFCC 		.ascii	"\375\274\357\314j\265\367D\371\353!\245Nr\204V\240\301"
 255      6AB5F744 
 255      F9EB21A5 
 255      4E728456 
 255      A0C1
 256 006c 05A5726D 		.ascii	"\005\245rm\004\310EA\365\023\372\361\203\352\204Aol"
 256      04C84541 
 256      F513FAF1 
 256      83EA8441 
 256      6F6C
 257 007e 28D275C7 		.ascii	"(\322u\307\030\263VY\356\270\334\341\263l\203Z\030\334"
 257      18B35659 
 257      EEB8DCE1 
 257      B36C835A 
ARM GAS  /var/folders/nx/qt6_p4ls4xzbnqkz75ny5wl40000gp/T//ccqqiNH5.s 			page 20


 257      18DC
 258 0090 4517B7E4 		.ascii	"E\027\267\344\026\257\\j\3271(\276\317\224\033\257\""
 258      16AF5C6A 
 258      D73128BE 
 258      CF941BAF 
 258      22
 259 00a1 DFC9271C 		.ascii	"\337\311'\034\225\364yqn($)Y\222~\275=;\212\330-c\362"
 259      95F47971 
 259      6E282429 
 259      59927EBD 
 259      3D3B8AD8 
 260 00b8 DECB8A39 		.ascii	"\336\313\2129e\371\244q\017\232y\270\217(\036 \252\270"
 260      65F9A471 
 260      0F9A79B8 
 260      8F281E20 
 260      AAB8
 261 00ca A4308618 		.ascii	"\2440\206\030w\017\224\336T\303\372x\300}7\2606\036"
 261      770F94DE 
 261      54C3FA78 
 261      C07D37B0 
 261      361E
 262 00dc 6A29975B 		.ascii	"j)\227[J\013\343\377*-\205\207\210I\373\213o\271\255"
 262      4A0BE3FF 
 262      2A2D8587 
 262      8849FB8B 
 262      6FB9AD
 263 00ef B08E07D2 		.ascii	"\260\216\007\322\306\315\205\267\221\316\022K\253\237"
 263      C6CD85B7 
 263      91CE124B 
 263      AB9F
 264 00fd 56E6DBCD 		.ascii	"V\346\333\315\234)T\233\315#>\331(\357&\264\016K\352"
 264      9C29549B 
 264      CD233ED9 
 264      28EF26B4 
 264      0E4BEA
 265 0110 85EDA548 		.ascii	"\205\355\245H\250\300C\037\300\004:\267\377\314\214"
 265      A8C0431F 
 265      C0043AB7 
 265      FFCC8C
 266 011f 470881E3 		.ascii	"G\010\201\343\304A\3174\233\033\253\305\253N\231\302"
 266      C441CF34 
 266      9B1BABC5 
 266      AB4E99C2 
 267 012f 803CAB21 		.ascii	"\200<\253!\266-\266a+U\343nY\345\012\221D\375\036yo"
 267      B62DB661 
 267      2B55E36E 
 267      59E50A91 
 267      44FD1E79 
 268 0144 66FE70A0 		.ascii	"f\376p\240g\340&A}D~\272\336\230\265\245\266I\026\277"
 268      67E02641 
 268      7D447EBA 
 268      DE98B5A5 
 268      B64916BF 
 269 0158 FAA5F67A 		.ascii	"\372\245\366z\261M\226\245\003\023S[#\253\373\206q\035"
 269      B14D96A5 
 269      0313535B 
 269      23ABFB86 
ARM GAS  /var/folders/nx/qt6_p4ls4xzbnqkz75ny5wl40000gp/T//ccqqiNH5.s 			page 21


 269      711D
 270 016a 3E7183C6 		.ascii	">q\203\306\2448\344\372\215\306\265\017\373\343'\304"
 270      A438E4FA 
 270      8DC6B50F 
 270      FBE327C4 
 271 017a 7F05C358 		.ascii	"\177\005\303X\017~\006\036#.\310b\351\220\000w\322\354"
 271      0F7E061E 
 271      232EC862 
 271      E9900077 
 271      D2EC
 272 018c 5DB49C31 		.ascii	"]\264\2341^\310\2470[\300\223\275\304\251\200(3b\032"
 272      5EC8A730 
 272      5BC093BD 
 272      C4A98028 
 272      33621A
 273 019f 71F61540 		.ascii	"q\366\025@'\177\256\353\337\330\235\034\373\377\316"
 273      277FAEEB 
 273      DFD89D1C 
 273      FBFFCE
 274 01ae 9EFE75F6 		.ascii	"\236\376u\366L8P\237\221\363\226\316\010E\2525\256\360"
 274      4C38509F 
 274      91F396CE 
 274      0845AA35 
 274      AEF0
 275 01c0 62B8E358 		.ascii	"b\270\343X\"\341\234N\365v\367\236=\347d\262N\337E'"
 275      22E19C4E 
 275      F576F79E 
 275      3DE764B2 
 275      4EDF4527 
 276 01d4 DB977492 		.ascii	"\333\227t\222\251tO\332\315d.d\023IEi\327\312t\237w"
 276      A9744FDA 
 276      CD642E64 
 276      13494569 
 276      D7CA749F 
 277 01e9 B59B727F 		.ascii	"\265\233r\177\001`\370\344\302"
 277      0160F8E4 
 277      C2
 278              		.text
 279              		.section	.gnu.lto_chPoolFree.246265605d7e0316,"",%progbits
 280 0000 789C8D54 		.ascii	"x\234\215T\353O\233U\034>\317y/\345fF\026\243\013_\250"
 280      EB4F9B55 
 280      1C3ECF79 
 280      2FE56646 
 280      16A30B5F 
 281 0015 92664B26 		.ascii	"\222fK&}\375\346'o!1\361\0031\031\177\200\031\265I1"
 281      7DFDE627 
 281      6F2131F1 
 281      0331197F 
 281      8019B549 
 282 002a 746D5A58 		.ascii	"tmZX\266}\331\333\312\274%.\204i\004\225\215f,:\331"
 282      B67DD9DB 
 282      CABC252E 
 282      84690495 
 282      8D662C3A 
 283 003f 855D15B6 		.ascii	"\205]\025\266\261\016\331D`\\\324Le\311V\031\032\315"
 283      B10ED944 
 283      605CD44C 
ARM GAS  /var/folders/nx/qt6_p4ls4xzbnqkz75ny5wl40000gp/T//ccqqiNH5.s 			page 22


 283      65C95619 
 283      1ACD
 284 0051 58420738 		.ascii	"XB\0078\032c\352\357wZ&\275\030m\322\274}\317\357\367"
 284      1A63EAEF 
 284      775A26BD 
 284      186DD2BC 
 284      7DCFEFF7 
 285 0065 3CE7F93D 		.ascii	"<\347\371=\347<\325D\341\247\212\276{\014!\246\350\011"
 285      E73CD544 
 285      E1A78ABE 
 285      7B0C21A6 
 285      E809
 286 0077 4D40B64F 		.ascii	"M@\266O\012\021)\221\000\377\020\020{%\366\342w\231"
 286      0A112991 
 286      00FF1010 
 286      7B25F6E2 
 286      7799
 287 0089 94688FF7 		.ascii	"\224h\217\367u\226o>b\333\366bGr\323\276M))\304\222"
 287      75966F3E 
 287      62DBF662 
 287      4772D3BE 
 287      4D2929C4 
 288 009e CCD0E053 		.ascii	"\314\320\340Sl\246\226\310\314;oTh.\010\372=pb\371z"
 288      6CA696C8 
 288      CC3B6F54 
 288      682E08FA 
 288      3D7062F9 
 289 00b3 F96F3225 		.ascii	"\371o2%\341\344\327\301\216\321N\223_\245\316\257?\367"
 289      E1E4D7C1 
 289      8ED14E93 
 289      5FA5CEAF 
 289      3FF7
 290 00c5 0EF7C075 		.ascii	"\016\367\300u\330\266\243\361\321\323\366\013zJj\370"
 290      D8B6A3F1 
 290      D1D3F60B 
 290      7A4A6AF8 
 291 00d5 0C1AF1E1 		.ascii	"\014\032\361\341(\252\3609\252\004-\011\364\301E\335"
 291      28AAF039 
 291      AA042D09 
 291      F4C145DD 
 292 00e5 FB63D309 		.ascii	"\373c\323\011\207\266E\361~\267\177\361\230\231A\316"
 292      87B645F1 
 292      7EB77FF1 
 292      989941CE 
 293 00f5 66903A8E 		.ascii	"f\220:\216\345#u\201\343pq{\262\355\257\037\312\315"
 293      E5237581 
 293      E370717B 
 293      B2EDAF1F 
 293      CACD
 294 0107 36525D99 		.ascii	"6R]\231Q\213\0230A\317\223\033\343v:}\370\354BR/\225"
 294      518B1330 
 294      41CF931B 
 294      E3763A7D 
 294      F8EC4252 
 295 011d 043134F0 		.ascii	"\00414\360n:\024R\314S/[\360\213\224\374\324n Z\311"
 295      6E3A1452 
 295      CC532F5B 
ARM GAS  /var/folders/nx/qt6_p4ls4xzbnqkz75ny5wl40000gp/T//ccqqiNH5.s 			page 23


 295      F08B94FC 
 295      D46E205A 
 296 0132 7C4B7DF6 		.ascii	"|K}\366\373\232V\253\244\334\375>v\244\254&FR\026\357"
 296      FB9A56AB 
 296      A4DCFD3E 
 296      76A4AC26 
 296      465216EF 
 297 0146 F61F7CAC 		.ascii	"\366\037|\254\313\356\211\266\023\347\363HI\023's5e"
 297      CBEE89B6 
 297      13E7F348 
 297      49132773 
 297      3565
 298 0158 7DEA470D 		.ascii	"}\352G\015O\377\336\312\031\260\031\246S\340\024Uo\""
 298      4FFFDECA 
 298      19B019A6 
 298      53E01455 
 298      6F22
 299 016a 3A977EF3 		.ascii	":\227~\363\327N3Gqb~\016J\357\222D\356,\211\213\357"
 299      D74E3347 
 299      71627E0E 
 299      4AEF9244 
 299      EE2C898B 
 300 017f DE32044E 		.ascii	"\3362\004NsI\346\225n\304\236\345m\004\316pU\3137\001"
 300      7349E695 
 300      6EC49EE5 
 300      6D04CE70 
 300      55CB3701 
 301 0193 67619290 		.ascii	"ga\222\220s\354\002D?\250|{a\365\200V}\005\335v\247"
 301      73EC0244 
 301      3FA87C7B 
 301      61F58056 
 301      7D05DD76 
 302 01a8 33251D8C 		.ascii	"3%\035\214\370\340\346\237\2212\235<\300yT\013^\371"
 302      F8E0E69F 
 302      91329D3C 
 302      C079540B 
 302      5EF9
 303 01ba 68DF875D 		.ascii	"h\337\207]\025\264\202/\240+\315\002_B\247\302\330["
 303      15B4822F 
 303      A02BCD02 
 303      5F42A7C2 
 303      D85B
 304 01cc 3D7FE8D5 		.ascii	"=\177\350\325#Yt\011\367N/\\\033,U\350\001Fc\020\272"
 304      23597409 
 304      F74E2F5C 
 304      1B2C55E8 
 304      01466310 
 305 01e1 5833F0E8 		.ascii	"X3\360\350tj\334\2211\255#\371c\205=j\267%\322\351\352"
 305      746ADC91 
 305      31AD23F9 
 305      63853D6A 
 305      B725D2E9 
 306 01f6 2217206B 		.ascii	"\"\027 k\331\005\324<\2401\326\360\253\263\023C\246"
 306      D905D43C 
 306      A031D6F0 
 306      ABB31343 
 306      A6
ARM GAS  /var/folders/nx/qt6_p4ls4xzbnqkz75ny5wl40000gp/T//ccqqiNH5.s 			page 24


 307 0207 C2DB64B8 		.ascii	"\302\333d\270|;N\206\027\271\003Y\360E\006\253\315\343"
 307      7C3B4E86 
 307      17B90359 
 307      F04506AB 
 307      CDE3
 308 0219 03E38F13 		.ascii	"\003\343\217\023|d.\262\352\320&\240\014]>8\371my\001"
 308      7C642EB2 
 308      EAD026A0 
 308      0C5D3E38 
 308      F96D7901 
 309 022d 97814BC5 		.ascii	"\227\201K\305\270r|\214wM\202\311Y]\366\210\364<\247"
 309      B8727C8C 
 309      774D82C9 
 309      595DF688 
 309      F43CA7
 310 0240 31C4A5CB 		.ascii	"1\304\245\313\312\3558\271=\224\2212\213\350\371\344"
 310      CAED38B9 
 310      3D949132 
 310      8BE8F9E4 
 311 0250 F2B0C16B 		.ascii	"\362\260\301k\017$\007\353\366\374\324L\011\337\006"
 311      0F2407EB 
 311      F6FCD44C 
 311      09DF06
 312 025f 4D6D726E 		.ascii	"Mmrn\365\320\275G\272\361q\304\266KR\262\224f\307\025"
 312      F5D0BD47 
 312      BAF171C4 
 312      B64B52B2 
 312      9466C715 
 313 0273 1641A54F 		.ascii	"\026A\245O\226\017\374\264\241v+K\034F7\356\263\303"
 313      960FFCB4 
 313      A1762B4B 
 313      1C4637EE 
 313      B3C3
 314 0285 BC01BE42 		.ascii	"\274\001\276B-\023w\304\036e\332\365\234F\021\3162\322"
 314      2D1377C4 
 314      1E65DAF5 
 314      9C4611CE 
 314      32D2
 315 0297 81911CCE 		.ascii	"\201\221\034\316>\236\311d\342\253\212\030Y\342k\250"
 315      3E9EC964 
 315      E2AB8A18 
 315      59E26BA8 
 316 02a7 25918AFB 		.ascii	"%\221\212\373\324\312}-\313\376\237\022\025\235\301"
 316      D4CA7D2D 
 316      CBFE9F12 
 316      159DC1
 317 02b6 745FE7E8 		.ascii	"t_\347\350\034e\272\177\356\302\372\000\265\037\372"
 317      1C65BA7F 
 317      EEC2FA00 
 317      B51FFA
 318 02c5 5F01FA46 		.ascii	"_\001\372F\005\350\341xl\356\330\277\007\250\367\316"
 318      05E8E178 
 318      6CEED8BF 
 318      07A8F7CE 
 319 02d5 5A808C82 		.ascii	"Z\200\214\202\034\214\363\311\344\245jl\205R5\301\375"
 319      1C8CF3C9 
 319      E4A56A6C 
ARM GAS  /var/folders/nx/qt6_p4ls4xzbnqkz75ny5wl40000gp/T//ccqqiNH5.s 			page 25


 319      855235C1 
 319      FD
 320 02e6 667EAA8E 		.ascii	"f~\252\216?\307{\013\\/\236\252Iu\316S\353R\325{/1h"
 320      3FC77B0B 
 320      5C2F9EAA 
 320      4975CE53 
 320      EB52D57B 
 321 02fd AE05664C 		.ascii	"\256\005fL\005fZ\005&?\0353\224\216[\210$\256\336)e"
 321      05665A05 
 321      263F1D33 
 321      948E5B88 
 321      24AEDE29 
 322 0312 AD3CE63C 		.ascii	"\255<\346<\035\000\375\353P\317\223n\267U\347kjlz\245"
 322      1D00FDEB 
 322      50CF936E 
 322      B755E76B 
 322      6A6C7AA5 
 323 0326 C10A84AD 		.ascii	"\301\012\204\255P\213\025\016y,\217\317\357\365\007"
 323      508B150E 
 323      792C8FCF 
 323      EFF507
 324 0335 0381E6B0 		.ascii	"\003\201\346\260\333#\244?\250\007\032_\017\032;\267"
 324      DB23A43F 
 324      A8071A5F 
 324      0F1A3BB7 
 325 0345 37B77AB7 		.ascii	"7\267z\267\026\000\202\201PK\330zq[}]\375.Bz\002!\357"
 325      16008281 
 325      504BD87A 
 325      715B7D5D 
 325      FD2E427A 
 326 035c AB3B9FF1 		.ascii	"\253;\237\361\273}\302\235\333\353\335\325b\325\325"
 326      BB7DC29D 
 326      DBEBDDD5 
 326      62D5D5
 327 036b 37BCDC60 		.ascii	"7\274\334`5\355\3604\267\276\346\265T\257\307\377R\353"
 327      35EDF034 
 327      B7BEE6B5 
 327      54AFC7FF 
 327      52EB
 328 037d 0E0FB53F 		.ascii	"\016\017\265?Q@\375\260\317\027\336\035\246\216\312"
 328      5140FDB0 
 328      CF17DE1D 
 328      A68ECA
 329 038c FA866DCE 		.ascii	"\372\206m\316\306\355ao0\324\364\224\323\365\264\220"
 329      C6ED616F 
 329      30D4F494 
 329      D3F5B490 
 330 039c 21E120A9 		.ascii	"!\341 \251\201\320n\241\005}\301\277\001\015w+D"
 330      81D06EA1 
 330      057DC1BF 
 330      010D772B 
 330      44
 331              		.text
 332              		.section	.gnu.lto_.symbol_nodes.246265605d7e0316,"",%progbits
 333 0000 789C55C8 		.ascii	"x\234U\310\253\015\200P\020\005\321\331}KB\311\270\333"
 333      AB0D8050 
 333      1005D1D9 
ARM GAS  /var/folders/nx/qt6_p4ls4xzbnqkz75ny5wl40000gp/T//ccqqiNH5.s 			page 26


 333      7D4B42C9 
 333      B8DB
 334 0012 02024D28 		.ascii	"\002\002M(\202\032\300Q\011\206\257\006\201`\307Lr\012"
 334      821AC051 
 334      0986AF06 
 334      8160C74C 
 334      720A
 335 0024 D0F0E59B 		.ascii	"\320\360\345\233\011\332\005$\372\241\306w\223%8L\236"
 335      09DA0524 
 335      FAA1C677 
 335      9325384C 
 335      9E
 336 0035 E0349504 		.ascii	"\3404\225\004\227)\022\334\246\352\017\341\214\323\352"
 336      972912DC 
 336      A6EA0FE1 
 336      8CD3EA
 337 0044 44A19BDF 		.ascii	"D\241\233\337\363\000\241\243#\326"
 337      F300A1A3 
 337      23D6
 338              		.text
 339              		.section	.gnu.lto_.refs.246265605d7e0316,"",%progbits
 340 0000 789C6366 		.ascii	"x\234cf```d\200\002\000\000=\000\005"
 340      60606064 
 340      80020000 
 340      3D0005
 341              		.text
 342              		.section	.gnu.lto_.decls.246265605d7e0316,"",%progbits
 343 0000 789CAD57 		.ascii	"x\234\255W{PT\327\031\277\347\336\005v\227\005\254f"
 343      7B5054D7 
 343      19BFE7DE 
 343      05769705 
 343      AC66
 344 0012 6A864EA7 		.ascii	"j\206N\247\212S\306\264\312\372Hm\322\3514\032\247V"
 344      8A53C6B4 
 344      CAFA486D 
 344      D2E9341A 
 344      A756
 345 0024 6762B071 		.ascii	"gb\260q\374\247\351\314\006\227M\240\362\232eIC\377"
 345      FCA7E9CC 
 345      06974DA0 
 345      F29A6549 
 345      43FF
 346 0036 BA3C3460 		.ascii	"\272<4`T\020\024\361\205\213 \030\020]D\010\002\312"
 346      541014F1 
 346      858B2018 
 346      105D4408 
 346      02CA
 347 0048 FAE421AF 		.ascii	"\372\344!\257(\006\020\324\025#B\215\012>1\"\364;\337"
 347      280610D4 
 347      1523428D 
 347      0A3E3122 
 347      F43BDF
 348 005b B997BDAC 		.ascii	"\271\227\275\254,ig\2723\207{\277s\277\363\373~\277"
 348      2C6967BA 
 348      33877BBF 
 348      73BFF3FB 
 348      7EBF
ARM GAS  /var/folders/nx/qt6_p4ls4xzbnqkz75ny5wl40000gp/T//ccqqiNH5.s 			page 27


 349 006d EF9CF39D 		.ascii	"\357\234\363\235\203\300q\\\023\317qc\360\033\366\343"
 349      83C0715C 
 349      13CF7163 
 349      F01BF6E3 
 350 007d B87502C7 		.ascii	"\270u\002\307yA\337\032h\004\332\011\216\375<\241\265"
 350      7941DF1A 
 350      6804DA09 
 350      8EFD3CA1 
 350      B5
 351 008e 42BB0AAD 		.ascii	"B\273\012\255\013Z74\007\264^\356\365\037\365SK\030"
 351      0B5A3734 
 351      07B45EEE 
 351      F51FF553 
 351      4B18
 352 00a0 BED074D0 		.ascii	"\276\320t\320\032\240\225Hxu\320\252\241A(\356,\264"
 352      1AA09548 
 352      7875D0AA 
 352      A14128EE 
 352      2CB4
 353 00b2 F3D02E48 		.ascii	"\363\320.H\361Z\245\347\220\013\346U\011\313\0253X\302"
 353      F15AA5E7 
 353      900BE655 
 353      09CB1533 
 353      58C2
 354 00c4 5D29610E 		.ascii	"])a\016C{\005\215\007\020\001Z\225\024\017$r5R,\215"
 354      437B058D 
 354      0710015A 
 354      95140F24 
 354      7235522C 
 355 00d9 84E74118 		.ascii	"\204\347A\030\1775<\265\320\246\021\246i:<\337 \214"
 355      7F353CB5 
 355      D0A611A6 
 355      693A3CDF 
 355      208C
 356 00eb C72FC844 		.ascii	"\307/\310D\036]Rl\231C\260\304\203\306>.\361\240\361"
 356      1E5D526C 
 356      9943B0C4 
 356      83C63E2E 
 356      F1A0F1
 357 00fe AA24AD94 		.ascii	"\252$\255\224\233\015\232J\322Z#i=/\351\354\222\236"
 357      9B0D9A4A 
 357      D25A2369 
 357      3D2FE9EC 
 357      929E
 358 0110 012E7168 		.ascii	"\001.qh~\375~\"\216R\353\177\033\323K\302Vj\356Rhv\375"
 358      7EFD7E22 
 358      8E52EB7F 
 358      1BD34BC2 
 358      566AEE52 
 359 0127 D17C4C36 		.ascii	"\321|L6\227\301\022\0279.\257\210E\244q\3649\327\005"
 359      97C11217 
 359      392EAF88 
 359      45A471F4 
 359      39D705
 360 013a 93E6DB7B 		.ascii	"\223\346\333{\012\274\3114)\261\275\270\251\347\314"
 360      0ABCC934 
 360      29B1BDB8 
ARM GAS  /var/folders/nx/qt6_p4ls4xzbnqkz75ny5wl40000gp/T//ccqqiNH5.s 			page 28


 360      A9E7CC
 361 0149 F537C493 		.ascii	"\3657\304\223\223G\2374{\367\363\304W;\213\232U\031"
 361      93479F34 
 361      7BF7F3C4 
 361      573B8B9A 
 361      5519
 362 015b F5D99E60 		.ascii	"\365\331\236`\352\264*j\326\024\224z\010\020\015^\363"
 362      EAB42A6A 
 362      D614947A 
 362      08100D5E 
 362      F3
 363 016c B26FB56B 		.ascii	"\262o\265k\347\025\211\242\230\"\332\353\211\023!\241"
 363      E71589A2 
 363      9822DAEB 
 363      891321A1 
 364 017c A07A8B17 		.ascii	"\240z\213\027\014Y\251E\363\346\336\027\371\0324\351"
 364      0C59A945 
 364      F3E6DE17 
 364      F91A34E9 
 365 018c AEF1832E 		.ascii	"\256\361\203.\276\265\270\354\226\216h\003SD1QLO\022"
 365      BEB5B8EC 
 365      968E6803 
 365      53443151 
 365      4C4F12
 366 019f 35F5BE1C 		.ascii	"5\365\276\034)$\376\3440\361\347\310Q\022\010\316\244"
 366      2924FEE4 
 366      30F1E7C8 
 366      511208CE 
 366      A4
 367 01b0 88CCE348 		.ascii	"\210\314\343H1t\036\201\316|\0103x\270\263e\246(\252"
 367      31741E81 
 367      CE7C0833 
 367      78B8B365 
 367      A628AA
 368 01c3 4809D192 		.ascii	"H\011\321\222\257\211\200\036\2207\032G\012\375\303"
 368      AF89801E 
 368      90371A47 
 368      0AFDC3
 369 01d2 8BDC873A 		.ascii	"\213\334\207:\025d\000}>F\312\233\256\226\274P\317\334"
 369      1564007D 
 369      3E46CA9B 
 369      AE96BC50 
 369      CFDC
 370 01e4 090034D4 		.ascii	"\011\0004\3244\025\011\326\215\307\342\210\215\314\204"
 370      341509D6 
 370      8DC7E288 
 370      8DCC84
 371 01f3 BFC7888A 		.ascii	"\277\307\210\212\001\330\007J\2134\302\006\024\2707"
 371      01D8074A 
 371      8B34C206 
 371      14B837
 372 0202 BB2F4DAB 		.ascii	"\273/M\253\333\354\344H\235\025C\217\023\235D\001$\025"
 372      DBECE448 
 372      9D15438F 
 372      139D4401 
 372      2415
 373 0214 641497F9 		.ascii	"d\024\227\371\220@\035\022\035>\327\375\006%z\002<J"
ARM GAS  /var/folders/nx/qt6_p4ls4xzbnqkz75ny5wl40000gp/T//ccqqiNH5.s 			page 29


 373      90401D12 
 373      1D3ED7FD 
 373      06257A02 
 373      3C4A
 374 0226 9D446100 		.ascii	"\235Da\000c\352\016\223\224\201t',\035\017<l\265\305"
 374      63EA0E93 
 374      94817427 
 374      2C1D0F3C 
 374      6CB5C5
 375 0239 A91A9C91 		.ascii	"\251\032\234\221O(\255\347\033\007S\2658#:jf\024\036"
 375      4F28ADE7 
 375      1B0753B5 
 375      38233A6A 
 375      66141E
 376 024c 77E8841C 		.ascii	"w\350\204\034\202\224\313G\254#\036\302\021ft\034\310"
 376      8294CB47 
 376      AC231EC2 
 376      1166741C 
 376      C8
 377 025d B012A112 		.ascii	"\260\022\241\022\015UQ\321\231F\015\231\241\013\010"
 377      0D5551D1 
 377      99460D99 
 377      A10B08
 378 026c DC2E6562 		.ascii	"\334.eb\251E\221\363J`YEf\320\300\344\024\220\250!\001"
 378      A94591F3 
 378      4A605945 
 378      66D0C0E4 
 378      1490A821 
 379 0281 AF31A5DF 		.ascii	"\2571\245\337\235\352\253\231\030+8\014\246\024\346"
 379      9DEAAB99 
 379      182B380C 
 379      A614E6
 380 0290 FC72B768 		.ascii	"\374r\267h=Kh/9)a\215\203\317\245\376\277\201?8\215"
 380      3D4B682F 
 380      3929618D 
 380      83CFA5FE 
 380      BF813F38 
 381 02a5 8EE1056A 		.ascii	"\216\341\005j\372\235\223T:\027\216X\332T\316\013w\031"
 381      FA9D9354 
 381      3A178E58 
 381      DA54CE0B 
 381      7719
 382 02b7 FBC1A3A7 		.ascii	"\373\301\243\247_\022\341!3\252\305#\177\020F\331{\376"
 382      5F12E121 
 382      33AAC523 
 382      7F1046D9 
 382      7BFE
 383 02c9 CEAC231E 		.ascii	"\316\254#\036\250_\015\246G\343\326\374B?\0220#  \220"
 383      A85F0DA6 
 383      47E3D6FC 
 383      423F1230 
 383      23202090 
 384 02dd 7271A49E 		.ascii	"rq\244\236k\321\211\365\013\220\311i`rnr&,\013\"f\241"
 384      6BD189F5 
 384      0B90C969 
 384      60726E72 
 384      262C0B22 
ARM GAS  /var/folders/nx/qt6_p4ls4xzbnqkz75ny5wl40000gp/T//ccqqiNH5.s 			page 30


 385 02f3 1C3E57A0 		.ascii	"\034>W\240\250sR\012.B\012\316\222\000r\036\332\005"
 385      A873520A 
 385      2E420ACE 
 385      9200721E 
 385      DA05
 386 0305 291588BE 		.ascii	")\025\210\2769\217\241\323\345U;)z!\005Bg\353\226<O"
 386      398FA1D3 
 386      E5553B29 
 386      7A210542 
 386      67EB963C 
 387 031a 70A58BC0 		.ascii	"p\245\213\300\356\352z\206L\314IJ\236\247H\250\313k"
 387      EEEA7A86 
 387      4CCC494A 
 387      9EA748A8 
 387      CB6B
 388 032c 59E1CF5E 		.ascii	"Y\341\317^|V\245#3\002'cL\352\201\350T\244\021|\233"
 388      7C56A523 
 388      33022763 
 388      4CEA81E8 
 388      54A4117C 
 389 0341 514DEAC0 		.ascii	"QM\352\300\351\033\347R\244\221\344\264\333\036>\273"
 389      E91BE752 
 389      A491E4B4 
 389      DB1E3EBB 
 390 0351 AF9BB0CE 		.ascii	"\257\233\260\316\353&\314t\003\233i\360<q2\273\304\017"
 390      EB26CC74 
 390      039B69F0 
 390      3C7132BB 
 390      C40F
 391 0363 B71715C5 		.ascii	"\267\027\025\305\266\327\323\252\376\036\357\361-\327"
 391      B6D7D3AA 
 391      FE1EEFF1 
 391      2DD7
 392 0371 48B0B3A5 		.ascii	"H\260\263\245\317\326\243\306N\030L.\261N\273\303z\314"
 392      CFD6A3C6 
 392      4E184C2E 
 392      B14EBBC3 
 392      7ACC
 393 0383 47B911D7 		.ascii	"G\271\021\327\374\\\021\245\0317b\223\274\021w]\352"
 393      FC5C11A5 
 393      19376293 
 393      BC11775D 
 393      EA
 394 0394 CDF21336 		.ascii	"\315\362\0236\263R\263\357JN\2620+G\264\332\006\253"
 394      B352B3EF 
 394      4A4EB230 
 394      2B47B4DA 
 394      06AB
 395 03a6 07FA16C0 		.ascii	"\007\372\026\300RK\024G\307\306\010\216\"-\343\2628"
 395      524B1447 
 395      C7C6088E 
 395      222DE3B2 
 395      38
 396 03b7 FA8EB248 		.ascii	"\372\216\262H+\231\345\246\036\224\034\374\266\210\365"
 396      2B99E5A6 
 396      1E941CFC 
 396      B688F5
ARM GAS  /var/folders/nx/qt6_p4ls4xzbnqkz75ny5wl40000gp/T//ccqqiNH5.s 			page 31


 397 03c6 41216863 		.ascii	"A!hc\324\012\262\033\034\272q\276\337\262\316![\333"
 397      D40AB21B 
 397      1CBA71BE 
 397      DFB2CE21 
 397      5BDB
 398 03d8 36F77CAF 		.ascii	"6\367|\257 \337\3132_q\353\336\323\274p\232\361M>\330"
 398      20DFCB32 
 398      5F71EBDE 
 398      D3BC709A 
 398      F14D3ED8 
 399 03ec 331FE95A 		.ascii	"3\037\351Z\033`\011\210\366\261\261\367\250?iW0m\227"
 399      1B600988 
 399      F6B1B1F7 
 399      A83F6957 
 399      306D97
 400 03ff 995E45A6 		.ascii	"\231^E\246/\276\253h\361\033g\300\230vo\314\354\363"
 400      2FBEAB68 
 400      F11B67C0 
 400      98766FCC 
 400      ECF3
 401 0411 735BB93A 		.ascii	"s[\271:\220\300w2\201k\007K\027\012-,~u\323\327\335"
 401      90C07732 
 401      816B074B 
 401      170A2D2C 
 401      7E75D3D7 
 402 0426 1A20E0B0 		.ascii	"\032 \340\2609\206o\233\354\311\342\310\330X\222\032"
 402      39866F9B 
 402      ECC9E2C8 
 402      D858921A 
 403 0436 87904E05 		.ascii	"\207\220N\005\207N\231C\027r\270W\321\373\312W\350f"
 403      874E9943 
 403      1772B857 
 403      D1FBCA57 
 403      E866
 404 0448 1815ADCF 		.ascii	"\030\025\255\317*\274\231\210\222C\262\010\012pM\001"
 404      2ABC9988 
 404      9243B208 
 404      0A704D01 
 405 0458 704D06E8 		.ascii	"pM\006\350F\200\263\255\225YDN-\323\320|'\255\305\231"
 405      4680B3AD 
 405      9559444E 
 405      2DD3D07C 
 405      27ADC599 
 406 046c D91E96D9 		.ascii	"\331\036\226\331\212\276\316a\265\333\314\336@a\327"
 406      8ABECE61 
 406      B5DBCCDE 
 406      4061D7
 407 047b 65614FCB 		.ascii	"eaO\313\213v\250\205\273\214Us\321\203\024/\246\254"
 407      8B76A885 
 407      BB8C5573 
 407      D183142F 
 407      A6AC
 408 048d FB824219 		.ascii	"\373\202B\031\214!7\025\304n\312\304\034H\254n\377\253"
 408      8C213715 
 408      C46ECAC4 
 408      1C48AC6E 
 408      FFAB
ARM GAS  /var/folders/nx/qt6_p4ls4xzbnqkz75ny5wl40000gp/T//ccqqiNH5.s 			page 32


 409 049f DD7EC263 		.ascii	"\335~\302c\206\261+\367\220\235 \2065\265\220)\253\205"
 409      86B12BF7 
 409      909D2086 
 409      35B59029 
 409      AB85
 410 04b1 CD47216E 		.ascii	"\315G!n) n\311\020\275\010Q_\274\377\023a\024\021T\267"
 410      29206EC9 
 410      10BD0851 
 410      5FBCFF13 
 410      61141154 
 411 04c6 F7D92AFC 		.ascii	"\367\331*\374H\240\277\2776\037\217\277\245\344.,\257"
 411      48A0BFBF 
 411      361F8FBF 
 411      A5E42E2C 
 411      AF
 412 04d7 DBD200F6 		.ascii	"\333\322\000\366\313\206\376\341\367\350\007xU\343\023"
 412      CB86FEE1 
 412      F7E80778 
 412      55E313
 413 04e6 8FBBC10C 		.ascii	"\217\273\301\014Qx\223#\363\374\311[\260\177\277\207"
 413      51789323 
 413      F3FCC95B 
 413      B07FBF87 
 414 04f6 3D4B3F71 		.ascii	"=K?q\244\017\364\337\001\375\020\2527s(\325C+y\247\374"
 414      A40FF4DF 
 414      01FD10AA 
 414      377328D5 
 414      432B79A7 
 415 050b 94F789DA 		.ascii	"\224\367\211\332\262G:<\036RP\336p\357\243f\001\353"
 415      B2473A3C 
 415      1E5250DE 
 415      70EFA366 
 415      01EB
 416 051d E3CFA879 		.ascii	"\343\317\250y\251w\370\261\016\315i\324l\357\335\226"
 416      A977F8B1 
 416      0ECD69D4 
 416      6CEFDD96 
 417 052d EB4BB145 		.ascii	"\353K\261Ey\263\353\264\212\334\377\200\350s\375\311"
 417      79B3EBB4 
 417      8ADCFF80 
 417      E873FDC9 
 418 053d 3D069E28 		.ascii	"=\006\236(6\217\250\246\247K\245g\026A\241\003\340\376"
 418      368FA8A6 
 418      A74BA567 
 418      1641A103 
 418      E0FE
 419 054f 6F74BF4F 		.ascii	"ot\277O\246\313\203\250\367\251=\235=\336J\357\376\251"
 419      A6CB83A8 
 419      F7A93D9D 
 419      3DDE4AEF 
 419      FEA9
 420 0561 BCEF64EC 		.ascii	"\274\357d\354\034\024\204$\001Y\017mz\220\310\013[\230"
 420      1C148424 
 420      01590F6D 
 420      7A90C80B 
 420      5B98
 421 0573 D1919679 		.ascii	"\321\221\226yY3'Wl\263:\366\337N^jO\260\342v'\017\310"
ARM GAS  /var/folders/nx/qt6_p4ls4xzbnqkz75ny5wl40000gp/T//ccqqiNH5.s 			page 33


 421      59332757 
 421      6CB33AF6 
 421      DF4E5E6A 
 421      4FB0E276 
 422 058a 74F210A6 		.ascii	"t\362\020\246\0106\267\002v\220\346\235\024\020\236"
 422      0836B702 
 422      7690E69D 
 422      14109E
 423 0599 2343640E 		.ascii	"#Cd\016\014\257==|Q+\354aX[R\034\015Z!\217\031\362\325"
 423      0CAF3D3D 
 423      7C512BEC 
 423      61585B52 
 423      1C0D5A21 
 424 05b1 64F6C4AB 		.ascii	"d\366\304\253\311l\347\325\244\276O\314\363%\2018\261"
 424      C96CE7D5 
 424      A4BE4FCC 
 424      F3258138 
 424      B1
 425 05c2 83374A7A 		.ascii	"\2037JzW\302AI\236\203\214\307\316\3429[\272pL~}y\006"
 425      57C24149 
 425      9E838CC7 
 425      CEE2395B 
 425      BA704C7E 
 426 05d9 93345BBA 		.ascii	"\2234[\272\276<\201\316\247\230I\376\302\310\351d\017"
 426      BE3C81CE 
 426      A79849FE 
 426      C2C8E964 
 426      0F
 427 05ea B7779E17 		.ascii	"\267w\236\027\223\014B\012{K\255\353\023\201\3020Px"
 427      930C420A 
 427      7B4BADEB 
 427      1381C230 
 427      5078
 428 05fc E4A4F09C 		.ascii	"\344\244\360\234H\034\350\007\305,\373\262Y\336\323"
 428      481CE807 
 428      C52CFBB2 
 428      59DED3
 429 060b 71E7095B 		.ascii	"q\347\011[\003<57\177U:\346\345~\322G\344I\177\013\347"
 429      033C3537 
 429      7F553AE6 
 429      E57ED247 
 429      E4497F0B 
 430 0620 3CA73F6B 		.ascii	"<\247?k\217F\232E\253<\347?\202\367K\364~\205\263\210"
 430      8F469A45 
 430      AB3CE73F 
 430      82F74BF4 
 430      7E85B388 
 431 0634 63D0A069 		.ascii	"c\320\240i\265\227\\\361\302\350\357\340\015%\317q\217"
 431      B5975CF1 
 431      C2E8EFE0 
 431      0D25CF71 
 431      8F
 432 0645 60742FBC 		.ascii	"`t/\274\241l\254\254\364E\323\023\317\357\374\301,\037"
 432      A16CACAC 
 432      F445D313 
 432      CFEFFCC1 
 432      2C1F
ARM GAS  /var/folders/nx/qt6_p4ls4xzbnqkz75ny5wl40000gp/T//ccqqiNH5.s 			page 34


 433 0657 F7641278 		.ascii	"\367d\022x\211\214\310#\233\373I\367J<]W\340(\270\217"
 433      898CC823 
 433      9BFB49F7 
 433      4A3C5D57 
 433      E028B88F 
 434 066b A17B223F 		.ascii	"\241{\"?]\036\204\006\2148\332\362\374\303\011\307\031"
 434      5D1E8406 
 434      8C38DAF2 
 434      FCC309C7 
 434      19
 435 067c BD0A3803 		.ascii	"\275\0128\003$\361x\234\321'87\2664\256\026\256\253"
 435      24F1789C 
 435      D1273837 
 435      B634AE16 
 435      AEAB
 436 068e 7075B475 		.ascii	"pu\264u4=\345\2410\330\255\266\224\302\0022~\314\274"
 436      343DE5A1 
 436      30D8ADB6 
 436      94C20232 
 436      7ECCBC
 437 06a1 8FB52199 		.ascii	"\217\265!\231w\326\006xg\331\337\310\323\332P\375\262"
 437      77D60678 
 437      67D9DFC8 
 437      D3DA50FD 
 437      B2
 438 06b2 B75DE5B6 		.ascii	"\267]\345\266\236m\342i=\373X*gg\366\024\356\322\010"
 438      9E6DE269 
 438      3DFB582A 
 438      6767F614 
 438      EED208
 439 06c5 7759C4C3 		.ascii	"wY\304\303=c\327\351\301f\267\331\006\312\372\347+\""
 439      3D63D7E9 
 439      C166B7D9 
 439      06CAFAE7 
 439      2B22
 440 06d7 C220F2A5 		.ascii	"\302 \362\245\"\342\227r\304\024\214\370}\373\220\250"
 440      22E29772 
 440      C4148CF8 
 440      7DFB90A8 
 441 06e7 15323D10 		.ascii	"\0252=\020\245\340~M\277\206\241\234*w\374\321\005%"
 441      A5E07E4D 
 441      BF86A19C 
 441      2A77FCD1 
 441      0525
 442 06f9 5581922A 		.ascii	"U\201\222*\243lF\224\224\022[\215\006\213\363\360\370"
 442      A36C4694 
 442      94125B8D 
 442      068BF3F0 
 442      F8
 443 070a F1D85D36 		.ascii	"\361\330]6\372\300\317\255\226-\250\345+^\0223\352H"
 443      FAC0CFAD 
 443      962DA8E5 
 443      2B5E1233 
 443      EA48
 444 071c 13354203 		.ascii	"\0235B\003\243\221;\320\225\246\025:\230q\277n\264\314"
 444      A3913BD0 
 444      95A6153A 
ARM GAS  /var/folders/nx/qt6_p4ls4xzbnqkz75ny5wl40000gp/T//ccqqiNH5.s 			page 35


 444      9871BF6E 
 444      B4CC
 445 072e 03A0C936 		.ascii	"\003\240\3116\014\011=I\231\366'\004Y\0166\177sx\305"
 445      0C093D49 
 445      99F62704 
 445      590E367F 
 445      7378C5
 446 0741 F6639B44 		.ascii	"\366c\233D\254\275\344\200=]E\201\311V\231)I\203\000"
 446      ACBDE480 
 446      3D5D4581 
 446      C9569929 
 446      498300
 447 0754 D46464D3 		.ascii	"\324dd\323\221l\305\265\355\273u\302\016O\204\037\255"
 447      916CC5B5 
 447      EDBB75C2 
 447      0E4F841F 
 447      AD
 448 0765 C8FA9167 		.ascii	"\310\372\221g`\003e\225AG\216\213\354, \011\311\004"
 448      60036595 
 448      41478E8B 
 448      EC2C2009 
 448      C904
 449 0777 556F57A8 		.ascii	"UoW\250\336.\003e PN\333\365\001\225`\225\200\222\332"
 449      DE2E0365 
 449      20504EDB 
 449      F5019560 
 449      958092DA 
 450 078b 6E7AC8B9 		.ascii	"nz\310\271\263\376\311%w\231\012\224L\031e\007\242\354"
 450      B3FEC925 
 450      77990A94 
 450      4C196507 
 450      A2EC
 451 079d ACD997C1 		.ascii	"\254\331\227\301n\345\"\002u:\022\033\275q\225\323:"
 451      6EE52202 
 451      753A121B 
 451      BD7195D3 
 451      3A
 452 07ae 42AE7726 		.ascii	"B\256w&\036\360t\277\312w\311\253<\213\255\362se\227"
 452      1EF074BF 
 452      CA77C9AB 
 452      3C8BADF2 
 452      736597
 453 07c1 1FA85D57 		.ascii	"\037\250]W\371N\236\325a\216d\343*\307A"
 453      F94E9ED5 
 453      618E64E3 
 453      2AC741
 454 07d0 58D33AAA 		.ascii	"X\323:\252\222T\256u\326\255\367\275\355}\345Z\341\010"
 454      9254AE75 
 454      D6ADF7BD 
 454      ED7DE55A 
 454      E108
 455 07e2 D3DBF0A0 		.ascii	"\323\333\360\240\364\000+\255p\225z\364fB\272\003 \350"
 455      F4002BAD 
 455      70957AF4 
 455      6642BA03 
 455      20E8
 456 07f4 D14E76F3 		.ascii	"\321Nv\363\254\270\302}D\201\265\207\037/\256{yZ\\\367"
ARM GAS  /var/folders/nx/qt6_p4ls4xzbnqkz75ny5wl40000gp/T//ccqqiNH5.s 			page 36


 456      ACB8C27D 
 456      4481B587 
 456      1F2FAE7B 
 456      795A5CF7 
 457 0808 A65FDECD 		.ascii	"\246_\336\315*M\030\376\307u\334zQ\215\262}p\353?*~"
 457      2A4D18FE 
 457      C775DC7A 
 457      518DB27D 
 457      70EB3F2A 
 458 081d A9722F3B 		.ascii	"\251r/;G\226]\301\216\227\246\264\013\235:W\331\373"
 458      47965DC1 
 458      8E97A6B4 
 458      0B9D3A57 
 458      D9FB
 459 082f 20F87E9E 		.ascii	" \370~\236\272\037@!9\262\220\342\376\362c\274\253l"
 459      BA1F4021 
 459      39B290E2 
 459      FEF263BC 
 459      AB6C
 460 0841 B7DEB712 		.ascii	"\267\336\267\022n\324j\205*&{\307\216\334`Tm\035\311"
 460      6ED46A85 
 460      2A267BC7 
 460      8EDC6054 
 460      6D1DC9
 461 0854 1355D962 		.ascii	"\023U\331b\262cl\354W\304*I\206\353\217\002'\327)\371"
 461      B2636CEC 
 461      57C42A49 
 461      86EB8F02 
 461      27D729F9 
 462 0868 204ABE9B 		.ascii	" J\276\233~\370\030;B\275\361_\342\241\234\251\012X"
 462      7EF8183B 
 462      42BDF15F 
 462      E2A19CA9 
 462      0A58
 463 087a BEAC318F 		.ascii	"\276\2541\217Mm\335\325\204\213\032W\215\316\1779\016"
 463      4D6DDDD5 
 463      848B1A57 
 463      8DCE7F39 
 463      0E
 464 088b 21EB7C99 		.ascii	"!\353|\231u\301\345g\007<\\5\272\365\256j\357NP\013"
 464      75C1E567 
 464      073C5C35 
 464      BAF5AE6A 
 464      EF4E500B 
 465 089f F54C6365 		.ascii	"\365Lce\332\371~/&\362\346!\247\310\002I$\334\204\024"
 465      DAF97E2F 
 465      26F2E621 
 465      A7C80249 
 465      24DC8414 
 466 08b3 40854E91 		.ascii	"@\205N\221\207\3719\234gl\370\277L\006\213\347_>\\7"
 466      87F9399C 
 466      676CF8BF 
 466      4C068BE7 
 466      5F3E5C37 
 467 08c7 6B39F737 		.ascii	"k9\3677}\\\254Y\037\021m\014\211\320/7ED\204\230\365"
 467      7D5CAC59 
 467      1F116D0C 
ARM GAS  /var/folders/nx/qt6_p4ls4xzbnqkz75ny5wl40000gp/T//ccqqiNH5.s 			page 37


 467      89D02F37 
 467      45448498 
 468 08dc 21E6C8F9 		.ascii	"!\346\310\371Q\321Q\246\371\246\220\365\341\363?3\032"
 468      51D151A6 
 468      F9A690F5 
 468      E1F33F33 
 468      1A
 469 08ed F58B162C 		.ascii	"\365\213\026,\374\335\202w\027-\324G\204\257\327\323"
 469      FCDD8277 
 469      172DD447 
 469      84AFD7D3 
 470 08fd 8E092EFA 		.ascii	"\216\011.\372\267\203\336\015Z\254\017\2172F\304\205"
 470      B783DE0D 
 470      5AAC0F8F 
 470      3246C485 
 471 090d 9AF4B196 		.ascii	"\232\364\261\226\320P\323\247Aa\234.\322\024\371\231"
 471      D050D3A7 
 471      41619C2E 
 471      D214F999 
 472 091d C9F2695C 		.ascii	"\311\362i\\\224\321`\371uP\220~yX\370\372\360\340\265"
 472      94D160F9 
 472      7550907E 
 472      7958F8FA 
 472      F0E0B5
 473 0930 FAE858BD 		.ascii	"\372\350X\275\3312\356o\014\003?c\264\331\004C|\340"
 473      D932EE6F 
 473      0C033F63 
 473      B4D90443 
 473      7CE0
 474 0942 35DA1C6F 		.ascii	"5\332\034o\210\211\216\2160X\274\361\021f\012\0115\231"
 474      88898E8E 
 474      3058BCF1 
 474      11660A09 
 474      3599
 475 0954 BD62C20C 		.ascii	"\275b\302\014Q\246/,\201S\343\320\021\261\000\344\025"
 475      51A62F2C 
 475      8153E3D0 
 475      11B100E4 
 475      15
 476 0965 1983EEBE 		.ascii	"\031\203\356\276\360\214^\377\017\223\321b\240\262\275"
 476      F08C5EFF 
 476      0F93D162 
 476      A0B2BD
 477 0974 C18C3147 		.ascii	"\301\2141G\177\036\016\210\323\214ak\300;\030\277\256"
 477      7F1E0E88 
 477      D38C616B 
 477      C03B18BF 
 477      AE
 478 0985 8A0AB704 		.ascii	"\212\012\267\004\274\006\035k6*a\215\234\037\033\363"
 478      BC061D6B 
 478      362A618D 
 478      9C1F1BF3 
 479 0995 417448E8 		.ascii	"AtH\3502\2639$^\307\354e\021\220\300U\336\012Cz_a6\231"
 479      32B33924 
 479      5EC7EC65 
 479      1190C055 
 479      DE0A437A 
ARM GAS  /var/folders/nx/qt6_p4ls4xzbnqkz75ny5wl40000gp/T//ccqqiNH5.s 			page 38


 480 09ad 56699DEF 		.ascii	"Vi\235\357*cX\210Ym0`N\014>\362K\320\222\267\027.R\307"
 480      2A635888 
 480      596D3060 
 480      4E0C3EF2 
 480      4BD092B7 
 481 09c5 85475916 		.ascii	"\205GY\026/2X\264\006\203\374\372\367\377iv&\316\212"
 481      2F3258B4 
 481      0683FCFA 
 481      F7FF6976 
 481      26CE8A
 482 09d8 9C97C810 		.ascii	"\234\227\310\020cXx\224Io\200Y\011\211\213\260\030,"
 482      63587894 
 482      496F8059 
 482      09898BB0 
 482      182C
 483 09ea F131269A 		.ascii	"\3611&\232\243\277\376\037\300c\343c\365\006\230q\340"
 483      A3BFFE1F 
 483      C063E363 
 483      F5069871 
 483      E0
 484 09fb 0B881A29 		.ascii	"\013\210\032)\003\241\241\360\2666>\366\203h\343\206"
 484      03A1A1F0 
 484      B6363EF6 
 484      8368E386 
 485 0a0b D9534C18 		.ascii	"\331SL\030\214\246\243b\242\315\026\003\360\330\360"
 485      8CA6A362 
 485      A2CD1603 
 485      F0D8F0
 486 0a1a DBD77CE9 		.ascii	"\333\327|\351\247X\375\262\217V/_\375\005\014\240\313"
 486      A758FDB2 
 486      8F562F5F 
 486      FD050CA0 
 486      CB
 487 0a2b C4F0F9EF 		.ascii	"\304\360\371\357#\351R1\030bM\026\303\373\313\326\376"
 487      23E95231 
 487      18624D16 
 487      C3FBCBD6 
 487      FE
 488 0a3c 79CD47AB 		.ascii	"y\315G\253|B\"\376\031\022\037k\010\217\212\000\255"
 488      7C4222FE 
 488      19121F6B 
 488      088F8A00 
 488      AD
 489 0a4d 41137160 		.ascii	"A\023q`\035\350\227\257^\273j\25534\3051F\256\200\354"
 489      1DE897AF 
 489      5EBB6AAD 
 489      3334C531 
 489      46AE80EC 
 490 0a61 03943792 		.ascii	"\003\2247\222]\027E)x#\2318|\2370?\357(\255EK\224\326"
 490      5D174529 
 490      78239938 
 490      7C9F303F 
 490      EF28AD45 
 491 0a78 E225FF01 		.ascii	"\342%\377\001Ou8F"
 491      4F753846 
 492              		.text
 493              		.section	.gnu.lto_.symtab.246265605d7e0316,"",%progbits
ARM GAS  /var/folders/nx/qt6_p4ls4xzbnqkz75ny5wl40000gp/T//ccqqiNH5.s 			page 39


 494 0000 6368506F 		.ascii	"chPoolObjectInit\000\000\000\000\000\000\000\000\000"
 494      6F6C4F62 
 494      6A656374 
 494      496E6974 
 494      00000000 
 495 0019 000000CF 		.ascii	"\000\000\000\317\000\000\000chPoolLoadArray\000\000"
 495      00000063 
 495      68506F6F 
 495      6C4C6F61 
 495      64417272 
 496 0031 00000000 		.ascii	"\000\000\000\000\000\000\000\000\000\000\325\000\000"
 496      00000000 
 496      0000D500 
 496      00
 497 003e 00636850 		.ascii	"\000chPoolAllocI\000\000\000\000\000\000\000\000\000"
 497      6F6F6C41 
 497      6C6C6F63 
 497      49000000 
 497      00000000 
 498 0054 000000D9 		.ascii	"\000\000\000\331\000\000\000chPoolAlloc\000\000\000"
 498      00000063 
 498      68506F6F 
 498      6C416C6C 
 498      6F630000 
 499 0069 00000000 		.ascii	"\000\000\000\000\000\000\000\000\000\333\000\000\000"
 499      00000000 
 499      00DB0000 
 499      00
 500 0076 6368506F 		.ascii	"chPoolFreeI\000\000\000\000\000\000\000\000\000\000"
 500      6F6C4672 
 500      65654900 
 500      00000000 
 500      00000000 
 501 008b 0000E000 		.ascii	"\000\000\340\000\000\000chPoolFree\000\000\000\000\000"
 501      00006368 
 501      506F6F6C 
 501      46726565 
 501      00000000 
 502 00a0 00000000 		.ascii	"\000\000\000\000\000\000\000\342\000\000\000"
 502      000000E2 
 502      000000
 503              		.text
 504              		.section	.gnu.lto_.opts,"",%progbits
 505 0000 272D666E 		.ascii	"'-fno-trapv' '-mcpu=cortex-m4' '-mno-thumb-interwor"
 505      6F2D7472 
 505      61707627 
 505      20272D6D 
 505      6370753D 
 506 0033 6B272027 		.ascii	"k' '-mthumb' '-ggdb' '-O2' '-fomit-frame-pointer' '"
 506      2D6D7468 
 506      756D6227 
 506      20272D67 
 506      67646227 
 507 0066 2D66616C 		.ascii	"-falign-functions=16' '-ffunction-sections' '-fdata"
 507      69676E2D 
 507      66756E63 
 507      74696F6E 
ARM GAS  /var/folders/nx/qt6_p4ls4xzbnqkz75ny5wl40000gp/T//ccqqiNH5.s 			page 40


 507      733D3136 
 508 0099 2D736563 		.ascii	"-sections' '-fno-common' '-flto'\000"
 508      74696F6E 
 508      73272027 
 508      2D666E6F 
 508      2D636F6D 
 509              		.text
 510              		.comm	__gnu_lto_v1,1,1
 511              		.comm	__gnu_lto_slim,1,1
 512              		.ident	"GCC: (GNU Tools for ARM Embedded Processors) 4.9.3 20150529 (release) [ARM/embedded-4_9-br
ARM GAS  /var/folders/nx/qt6_p4ls4xzbnqkz75ny5wl40000gp/T//ccqqiNH5.s 			page 41


DEFINED SYMBOLS
                            *ABS*:0000000000000000 chmempools.c
                            *COM*:0000000000000001 __gnu_lto_v1
                            *COM*:0000000000000001 __gnu_lto_slim

NO UNDEFINED SYMBOLS
