ARM GAS  /var/folders/nx/qt6_p4ls4xzbnqkz75ny5wl40000gp/T//cckNUzBo.s 			page 1


   1              		.syntax unified
   2              		.cpu cortex-m4
   3              		.fpu softvfp
   4              		.eabi_attribute 20, 1
   5              		.eabi_attribute 21, 1
   6              		.eabi_attribute 23, 3
   7              		.eabi_attribute 24, 1
   8              		.eabi_attribute 25, 1
   9              		.eabi_attribute 26, 1
  10              		.eabi_attribute 30, 2
  11              		.eabi_attribute 34, 1
  12              		.eabi_attribute 18, 4
  13              		.thumb
  14              		.file	"chmsg.c"
  15              		.text
  16              	.Ltext0:
  17              		.section	.gnu.lto_.profile.b3ed7ac7ead8167b,"",%progbits
  18 0000 789C6366 		.ascii	"x\234cf```a\200\000F\006?u\000\0017\000~"
  18      60606061 
  18      80004606 
  18      3F750001 
  18      37007E
  19              		.text
  20              		.section	.gnu.lto_.jmpfuncs.b3ed7ac7ead8167b,"",%progbits
  21 0000 789C6366 		.ascii	"x\234cf\300\016\002\24043\003\023##s}=#\323G&\306\357"
  21      C00E02A0 
  21      34330313 
  21      2323737D 
  21      3D23D347 
  22 0017 AD1F3AB9 		.ascii	"\255\037:\271^0\375db\340a`\\\316(\305\300\310\\\016"
  22      5E30FD64 
  22      62E06160 
  22      5CCE28C5 
  22      C0C85C0E 
  23 002b 54C3C4C0 		.ascii	"T\303\304\300\000\226\336\270\360\366wf\2604\037\003"
  23      0096DEB8 
  23      F0F67766 
  23      B0341F03 
  24 003b E30AA034 		.ascii	"\343\012\24043H/##\023X\025s9#\220\004\000\015z\020"
  24      33482F23 
  24      23135815 
  24      73392390 
  24      04000D7A 
  25 0050 5B       		.ascii	"["
  26              		.text
  27              		.section	.gnu.lto_.inline.b3ed7ac7ead8167b,"",%progbits
  28 0000 789C6366 		.ascii	"x\234cf\300\016b\24143\003\203\210\014##\003#\003\003"
  28      C00E62A1 
  28      34330383 
  28      880C2323 
  28      03230303 
  29 0014 93F88DCD 		.ascii	"\223\370\215\315\214\014\2347\314\230@\022L\334\014"
  29      8C0C9C37 
  29      CC984012 
  29      4CDC0C
  30 0023 40413039 		.ascii	"@A09\301\217\211A\220\037\310\2218\260\233\221\201m"
  30      C18F8941 
ARM GAS  /var/folders/nx/qt6_p4ls4xzbnqkz75ny5wl40000gp/T//cckNUzBo.s 			page 2


  30      901FC891 
  30      38B09B91 
  30      816D
  31 0035 813C9202 		.ascii	"\201<\222\002f\006\016\001\240\014\313\002y\270\004"
  31      66060E01 
  31      A00CCB02 
  31      79B804
  32 0044 330F5072 		.ascii	"3\017Pr\202\337\004?\006\000\341F\012R"
  32      82DF043F 
  32      0600E146 
  32      0A52
  33              		.text
  34              		.section	.gnu.lto_.pureconst.b3ed7ac7ead8167b,"",%progbits
  35 0000 789C6366 		.ascii	"x\234cf```g\200\000f\006+&+f+\000\002\342\000\301"
  35      60606067 
  35      80006606 
  35      2B262B66 
  35      2B0002E2 
  36              		.text
  37              		.section	.gnu.lto_chMsgSend.b3ed7ac7ead8167b,"",%progbits
  38 0000 789C9555 		.ascii	"x\234\225UkLTW\020>s\316\335\313\262\354\262T\223\246"
  38      6B4C5457 
  38      103E73CE 
  38      DDCBB2EC 
  38      B25493A6 
  39 0014 A135D012 		.ascii	"\2415\320\022b\033\012\333\264?\372\243\251\2661i\332"
  39      621B0ADB 
  39      B43FFAA3 
  39      A9B63169 
  39      DA
  40 0025 1FA48924 		.ascii	"\037\244\211$M\1774it\335\024\022\021\334E\243i\210"
  40      4D7F3469 
  40      74DD1412 
  40      11DC45A3 
  40      6988
  41 0037 7771D53E 		.ascii	"wq\325>BK\265\266\012> \326hEA@)\217Z\266VAi}?P\241"
  41      424BB5B6 
  41      0A3E20D6 
  41      68454140 
  41      298F5AB6 
  42 0052 B00AA858 		.ascii	"\260\012\250X\215 *\336\020\334\316\234{KaY\255\335"
  42      8D202ADE 
  42      10DCCE9C 
  42      7B4B6159 
  42      ADDD
  43 0064 64F7EE39 		.ascii	"d\367\3569g\346\233\231o\346|W\260\251\237\327\360;"
  43      67E69B99 
  43      6FE67C57 
  43      B0A99FD7 
  43      F03B
  44 0076 62656C10 		.ascii	"bel\020\237`a\300K\2163\346\267r.Z\235L\263)\355\263"
  44      9F6061C0 
  44      4B8E33E6 
  44      B7722E5A 
  44      9D4CB329 
  45 008c 986617A0 		.ascii	"\230f\027\240\030\333\012\000\375a\300Vp\241\300\012"
  45      18DB0A00 
ARM GAS  /var/folders/nx/qt6_p4ls4xzbnqkz75ny5wl40000gp/T//cckNUzBo.s 			page 3


  45      FD61C056 
  45      70A1C00A 
  46 009c 18E0431C 		.ascii	"\030\340C\034\032\253\356\036\213\273\316u\316\222\031"
  46      1AABEE1E 
  46      8BBBCE75 
  46      CE9219
  47 00ab 2E9BD61E 		.ascii	".\233\326\036\331\240\322\022\024Zv\226\204o\304\317"
  47      D9A0D212 
  47      145A7696 
  47      846FC4CF 
  48 00bb DCAE69DA 		.ascii	"\334\256i\332\340\235\375]\366U\357\352\234\263a\316"
  48      E09DFD5D 
  48      F655EFEA 
  48      9CB361CE 
  49 00cb 600724C2 		.ascii	"`\007$\302NH$\270\037a&Z\372\203\305g\035\"\031\310"
  49      4E4824B8 
  49      1F61265A 
  49      FA83C567 
  49      1D2219C8 
  50 00df EB50F579 		.ascii	"\353P\365y\335\232\272M\323\212\202\315\265\332[\212"
  50      DD9ABA4D 
  50      D38A82CD 
  50      B5DA5B8A 
  51 00ef CE05EC02 		.ascii	"\316\005\354\0021\321\017\267\030TB*Z\357\270~\253A"
  51      31D10FB7 
  51      1854422A 
  51      5AEFB87E 
  51      AB41
  52 0101 8814E979 		.ascii	"\210\024\351y\255\254O\267\223\247\026<fxr\330\035\351"
  52      ADAC4FB7 
  52      93A7163C 
  52      667872D8 
  52      1DE9
  53 0113 898B3D90 		.ascii	"\211\213=\220J\346'[\365\321x1S\272\226\014\224o\217"
  53      4AE6275B 
  53      F5D17831 
  53      53BA960C 
  53      946F8F
  54 0126 4FA9C0A0 		.ascii	"O\251\300\240\241\206mmv\355\210\026\010\205\303I\024"
  54      A1866D6D 
  54      76ED8816 
  54      0885C349 
  54      14
  55 0137 BB6A3282 		.ascii	"\273j2\202\361A\227\241\300XG\234\032\300h\011P\015"
  55      F14197A1 
  55      C058479C 
  55      1AC06809 
  55      500D
  56 0149 29639C51 		.ascii	")c\234QmX\322^P\001\037\264Y=-\250\205\303\303\035\025"
  56      6D58D25E 
  56      50011FB4 
  56      593D2DA8 
  56      85C3C31D 
  57 015e 5FCEDEC4 		.ascii	"_\316\336\304\247c\322\270\247P\372\026\240,b\200\252"
  57      A763D2B8 
  57      A750FA16 
  57      A02C6280 
ARM GAS  /var/folders/nx/qt6_p4ls4xzbnqkz75ny5wl40000gp/T//cckNUzBo.s 			page 4


  57      AA
  58 016f B0E28662 		.ascii	"\260\342\206b\303\037\213\303\310\215\365!\016\261\335"
  58      C31F8BC3 
  58      C88DF521 
  58      0EB1DD
  59 017e 8FD9E253 		.ascii	"\217\331\342S\\\202\242\372\232\256S\202\240G\270\300"
  59      5C82A2FA 
  59      9AAE5382 
  59      A047B8C0 
  60 018e E05BCE7C 		.ascii	"\340[\316|U\305\013G\265\3174\253\316\3251\0162\245"
  60      55C50B47 
  60      B5CF34AB 
  60      CED5310E 
  60      32A5
  61 01a0 9EBE13A7 		.ascii	"\236\276\023\247\254\304\277*\227;\375\201M\260\031"
  61      ACC4BF2A 
  61      973BFD81 
  61      4DB019
  62 01af CAFC1A59 		.ascii	"\312\374\032Y\305@\015\024B-\225\200g\017w\177]\253"
  62      C5400D14 
  62      422D9580 
  62      670F777F 
  62      5DAB
  63 01c1 A6571257 		.ascii	"\246W\022Wi:\267B\035\032\336\341fi\007ZN?T\322\323"
  63      693AB742 
  63      1D1ADEE1 
  63      6669075A 
  63      4E3F54D2 
  64 01d6 A8FA7D90 		.ascii	"\250\372}\220~\207\320\031\354\207tv\036\212\2647d\201"
  64      7E87D019 
  64      EC877476 
  64      1E8AB437 
  64      6481
  65 01e8 58086642 		.ascii	"X\010fB\033\011\3441\\\251}+D\232\344\362\257\263\025"
  65      1B09E431 
  65      5CA97D2B 
  65      449AE4F2 
  65      AFB315
  66 01fb DB6D92CB 		.ascii	"\333m\222\313\301\201\275[\236\336\250\225\027\225 "
  66      C181BD5B 
  66      9EDEA895 
  66      179520
  67 020a 0BB341E7 		.ascii	"\013\263A\347\261P\037\215M\370\011R\320\361r\361\275"
  67      B1501F8D 
  67      4DF80952 
  67      D0F172F1 
  67      BD
  68 021b 3AA0F463 		.ascii	":\240\364c\223\0314\340i'\024]\031]}u\203:\211\356P"
  68      931934E0 
  68      6927145D 
  68      195D7D75 
  68      833A89EE 
  69 0230 204F923C 		.ascii	" O\222<\314ar\037B\015_t\343 7\322\021\2178:]\361&E"
  69      CC61721F 
  69      420D5F74 
  69      E32037D2 
  69      118F383A 
ARM GAS  /var/folders/nx/qt6_p4ls4xzbnqkz75ny5wl40000gp/T//cckNUzBo.s 			page 5


  70 0248 61D044A7 		.ascii	"a\320D\247\"\242\201\014\232\0019\203\237\251u\300\252"
  70      22A2810C 
  70      9A013983 
  70      9FA975C0 
  70      AA
  71 0259 80C8BCF9 		.ascii	"\200\310\274\371`\235Hj\201\315\332\206d\235\333\310"
  71      609D486A 
  71      81CDDA86 
  71      649DDBC8 
  72 0269 637DE7A8 		.ascii	"c}\347\250\337\246 Kp\000\222$S\245\253\276\337h\307"
  72      DFA6204B 
  72      70009224 
  72      53A5ABBE 
  72      DF68C7
  73 027c 1DF80514 		.ascii	"\035\370\005\024\2312\203\026P\360\240}M\371}%\351\240"
  73      99328316 
  73      50F0A07D 
  73      4DF97D25 
  73      E9A0
  74 028e E91D27E7 		.ascii	"\351\035'\347\355fkS\254\364\016\2227\374\212\267\004"
  74      ED666B53 
  74      ACF40E92 
  74      37FC8AB7 
  74      04
  75 029f 3BFB5DE3 		.ascii	";\373]\343@\331\207T\317\304\006\012\211\276\377\301"
  75      40D98754 
  75      CFC4060A 
  75      89BEFFC1 
  76 02af D65B0EA3 		.ascii	"\326[\016\243\201AU\347vd\034\016\232\015\334tw\335"
  76      814155E7 
  76      76641C0E 
  76      9A0DDC74 
  76      77DD
  77 02c1 4527F5C8 		.ascii	"E'\365\310\001\277\311\336q\243wc\305\267\267\201\321"
  77      01BFC9DE 
  77      71A37763 
  77      C5B7B781 
  77      D1
  78 02d2 D867E902 		.ascii	"\330g\351\002\034\242\006\012\"\3710\244\217p\013\205"
  78      1CA2060A 
  78      22F930A4 
  78      8F700B85 
  79 02e2 BCBFE67E 		.ascii	"\274\277\346~\231j\014\223uB\030\220!b\246\206\210\207"
  79      996A0C93 
  79      75421890 
  79      2162A686 
  79      8887
  80 02f4 56194231 		.ascii	"V\031B1B\324\357>z\306Q\370)N-\264\341P08\002\2058\011"
  80      42D4EF3E 
  80      7AC651F8 
  80      294E2DB4 
  80      E1503038 
  81 030c DC2C6265 		.ascii	"\334,be\203\277\305n\334\245\352^O0P\256=\014\207!\312"
  81      83BFC56E 
  81      DCA5EA5E 
  81      4F3050AE 
  81      3D0C8721 
ARM GAS  /var/folders/nx/qt6_p4ls4xzbnqkz75ny5wl40000gp/T//cckNUzBo.s 			page 6


  82 0321 35369B7F 		.ascii	"56\233\177t|\224\202c\255`\202\3246_l\217\023\355 ["
  82      747C9482 
  82      63AD6082 
  82      D4365F6C 
  82      8F13ED20 
  83 0336 7CBBB7F8 		.ascii	"|\273\267\370\244\032\005Q\201\366\250\210\277\023\242"
  83      A41A0551 
  83      81F6A888 
  83      BF13A2
  84 0345 D520F744 		.ascii	"\325 \367D]\307j\347\344Y8|\373\0312\241\300\346 )S"
  84      5DC76AE7 
  84      E459387C 
  84      FB1932A1 
  84      C0E62029 
  85 035a E6E10F39 		.ascii	"\346\341\0179\017\307d.\023\332`\215\332\005b{p\313"
  85      0FC7642E 
  85      13DA608D 
  85      DA05627B 
  85      70CB
  86 036c B52A8785 		.ascii	"\265*\207\205\252<.\271\262\030\030p\202X\227\271\324"
  86      AA3C2EB9 
  86      B2181870 
  86      825897B9 
  86      D4
  87 037d D774977E 		.ascii	"\327t\227~@\220#\234&\344@O\347eA\275V^$\244\376\352"
  87      4090239C 
  87      26E4404F 
  87      E76541BD 
  87      565E24A4 
  88 0393 CAE6D8F1 		.ascii	"\312\346\330\361 \361\324\207\223f\220]u{\357Z\214\353"
  88      20F1D487 
  88      9366905D 
  88      757BEF5A 
  88      8CEB
  89 03a5 784A62AB 		.ascii	"xJb\253&\366id\037\201\327V8\377O\246A\231\345\031\211"
  89      26F66964 
  89      1F81D756 
  89      38FF4FA6 
  89      4199E519 
  90 03ba 1463229D 		.ascii	"\024c\"\235\245,\215q\034\352.\375\350QpJ4\270\031\004"
  90      A52C8D71 
  90      1CEA2EFD 
  90      E851704A 
  90      34B81904 
  91 03ce 776E52D1 		.ascii	"wnR\321\347\011NH\270\232\236\322Y&\334\177\226(\341"
  91      E7094E48 
  91      B89A9ED2 
  91      5926DC7F 
  91      9628E1
  92 03e1 5482EB98 		.ascii	"T\202\353\230T\347\205q\270\372F\275\354UcrmO2\271N"
  92      54E78571 
  92      B8FA46BD 
  92      EC556372 
  92      6D4F32B9 
  93 03f6 B82891AC 		.ascii	"\270(\221\2544\026\227\220\256s\020\270\2602\361_\204"
  93      34169790 
  93      AE7310B8 
ARM GAS  /var/folders/nx/qt6_p4ls4xzbnqkz75ny5wl40000gp/T//cckNUzBo.s 			page 7


  93      B032F15F 
  93      84
  94 0407 9A8ACE11 		.ascii	"\232\212\316\021\331\005K<\203Ns\204\3721X\253StA \370"
  94      D9054B3C 
  94      834E7384 
  94      FA3158AB 
  94      53744120 
  95 041c 4D9B1C6B 		.ascii	"M\233\034k\026\251\271\011\303X,\203.\234|\014\254\363"
  95      16A9B909 
  95      C3582C83 
  95      2E9C7C0C 
  95      ACF3
  96 042e A7A49B22 		.ascii	"\247\244\233\"\345\232\374\326\267AT\277i\303$\316\360"
  96      E59AFCD6 
  96      B74154BF 
  96      69C324CE 
  96      F0
  97 043f 27FAE1D1 		.ascii	"'\372\341\321\310\252\301\317m2\272\235A7$\352|\272"
  97      C8AAC1CF 
  97      6D32BA9D 
  97      413724EA 
  97      7CBA
  98 0451 AC72A87F 		.ascii	"\254r\250\177\261\221\242#B\005\236{\264\012\364<B\005"
  98      B191A223 
  98      42059E7B 
  98      B40AF43C 
  98      4205
  99 0463 5E221508 		.ascii	"^\"\025\010\221\012\304\022\011\227M\031wJ\031\307\327"
  99      910AC412 
  99      09974D19 
  99      774A19C7 
  99      D7
 100 0474 0D061997 		.ascii	"\015\006\031\227\361\211\322]\262\365\211\244\373\212"
 100      F189D25D 
 100      B2F589A4 
 100      FB8A
 101 0482 94EE71E1 		.ascii	"\224\356q\341\302\030\320\373\030\351\366\2317.f\312"
 101      C218D0FB 
 101      18E9F699 
 101      372E66CA 
 102 0492 8DEB0395 		.ascii	"\215\353\003\225E\352y\373=\234\250~\262\267F\352\371"
 102      45EA79FB 
 102      3D9CA87E 
 102      B2B746EA 
 102      F9
 103 04a3 9E59149A 		.ascii	"\236Y\024\232\301\325\350z~M\336\337\353\023\364\374"
 103      C1D5E87A 
 103      7E4DDEDF 
 103      EB13F4FC 
 104 04b3 875BA126 		.ascii	"\207[\241&\365\037\251\356\225R= \245:R\227o\240.w\203"
 104      F51FA9EE 
 104      95523D20 
 104      A53A5297 
 104      6FA02E77 
 105 04c8 3F74C867 		.ascii	"?t\310g\366\200\321\033\031\250\265h4##\3035';g~\316"
 105      F680D11B 
 105      19A8B568 
ARM GAS  /var/folders/nx/qt6_p4ls4xzbnqkz75ny5wl40000gp/T//cckNUzBo.s 			page 8


 105      342323C3 
 105      35273B67 
 106 04de FB59AE3C 		.ascii	"\373Y\256<\237\313[\340\362y\335.wv\256\357\223\014"
 106      9FCB5BE0 
 106      F279DD2E 
 106      7776AEEF 
 106      930C
 107 04f0 37E305F9 		.ascii	"7\343\005\371\002\377\011wA\276e\351\274\205K<iS\314"
 107      02FF0977 
 107      41BE65E9 
 107      BC854B3C 
 107      6953CC
 108 0503 F3F3BC05 		.ascii	"\363\363\274\005>\327\333s3\347d.C?w\236\327\363\361"
 108      3ED7DB73 
 108      33E7642E 
 108      433F779E 
 108      D7F3F1
 109 0516 D2D77333 		.ascii	"\322\327s3\262Y\306d[\317\262\002\327\234\314\254\367"
 109      B259C664 
 109      5BCFB202 
 109      D79CCCAC 
 109      F7
 110 0527 B25C398B 		.ascii	"\262\\9\213\334\013\227,\360\270\244\255;\367\235%\213"
 110      DC0B972C 
 110      F0B8A4AD 
 110      3BF79D25 
 110      8B
 111 0538 DC68FEFC 		.ascii	"\334h\376\374\024\350q\273l\337r\037Z$df\315M\236?\317"
 111      14E871BB 
 111      6CDF721F 
 111      5A246466 
 111      CD4D9E3F 
 112 054d E7C9F7E6 		.ascii	"\347\311\367\346\274\234\234\372\012\343^\026\223\353"
 112      BC9C9CFA 
 112      0AE35E16 
 112      93EB
 113 055b C9CDF32E 		.ascii	"\311\315\363.g\242`q\376\013\217Cpg/@\210\277\001],"
 113      67A26071 
 113      FE0B8F43 
 113      70672F40 
 113      88BF015D 
 114 0570 7774     		.ascii	"wt"
 115              		.text
 116              		.section	.gnu.lto_chMsgWait.b3ed7ac7ead8167b,"",%progbits
 117 0000 789C8D56 		.ascii	"x\234\215VkLTW\020>s\316\345.\354CI\1774\206\244\205"
 117      6B4C5457 
 117      103E73CE 
 117      E52EEC43 
 117      497F3486 
 118 0016 963436A1 		.ascii	"\22646\241\313\372\243I\2334\255iL\232\366\007i\"I\323"
 118      CBFAA349 
 118      9B34AD69 
 118      4C9AF607 
 118      692249D3 
 119 002a 5F6D7025 		.ascii	"_mp%\205D\204\356\202\321\037\326\273t[\214\011-Q\333"
 119      854484EE 
 119      82D11FD6 
ARM GAS  /var/folders/nx/qt6_p4ls4xzbnqkz75ny5wl40000gp/T//cckNUzBo.s 			page 9


 119      BB745B8C 
 119      092D51DB 
 120 003e 023E00A9 		.ascii	"\002>\000\251-\025_\200\240b-\333\312K\254o\005\021"
 120      2D155F80 
 120      A0622DDB 
 120      CA4BAC6F 
 120      0511
 121 0050 2B8B3C7C 		.ascii	"+\213<|\024#\010\010\033\013\333\231s\257\224\335E\313"
 121      14230808 
 121      1B0BDB99 
 121      73AF94DD 
 121      45CB
 122 0062 267BD973 		.ascii	"&{\331sg\346\233\231\357|\347\014\202E~^\307\257\210"
 122      67E69B99 
 122      EF7CE70C 
 122      82457E5E 
 122      C7AF88
 123 0075 61CC0C8C 		.ascii	"a\314\014\214A\024\003^t\2161O4\347b\302\3044\263\262"
 123      4114035E 
 123      748E314F 
 123      34E762C2 
 123      C434B3B2 
 124 0089 A39531CD 		.ascii	"\243\2251\315*@\321\337+\000\364\203\001\333\304\205"
 124      2A40D1DF 
 124      2B00F483 
 124      01DBC485 
 125 0099 029BE02E 		.ascii	"\002\233\340.\037\345p\374\340\370Y\313\035\036\340"
 125      1FE570FC 
 125      E0F859CB 
 125      1D1EE0
 126 00a8 2C81E1B2 		.ascii	",\201\341\262qk{\261JKPh\331\325Y\334\025\263t\257\246"
 126      716B7BB1 
 126      4A4B5068 
 126      D9D559DC 
 126      15B374AF 
 127 00bd E58F3C3C 		.ascii	"\345\217<<\271\246d{9Z8\033\343\014~\2068\250\2028\302"
 127      B9A6647B 
 127      395A381B 
 127      E30C7E86 
 127      38A88238 
 128 00d2 FB059692 		.ascii	"\373\005\226\222\257\307Wx\305&\022\200~\177y\314\323"
 128      AFC75778 
 128      C5261280 
 128      7E7F79CC 
 128      D3
 129 00e3 644DACC0 		.ascii	"dM\254\3008\377Te\233Uk\327\274\376`0\036\203a\037\210"
 129      38FF5465 
 129      9B556BD7 
 129      BCFE6030 
 129      1E83611F 
 130 00f8 D078FA60 		.ascii	"\320x\372`\310\250w\272\313\242z5M\213\205jH\244$\210"
 130      C8A877BA 
 130      CBA27A35 
 130      4D8B856A 
 130      48A42488 
 131 010c BD1F54EA 		.ascii	"\275\037T\352\216\336\034z\316\247\005\203c\2235\005"
 131      8EDE1C7A 
ARM GAS  /var/folders/nx/qt6_p4ls4xzbnqkz75ny5wl40000gp/T//cckNUzBo.s 			page 10


 131      CEA70583 
 131      63933505 
 132 011c 8E2A1E2B 		.ascii	"\216*\036+\030\202)\364P\351a\302\2070\323\303\302\310"
 132      188229F4 
 132      50E961C2 
 132      8730D3C3 
 132      C2C8
 133 012e D94A2F19 		.ascii	"\331J/\031\033\300/5=\210\013\374+:!?\226\222\215Uk"
 133      1BC02F35 
 133      3D880BFC 
 133      2B3A213F 
 133      96928D55 
 134 0143 DB854894 		.ascii	"\333\205H\224\265\376}\245b\257Y\326:\322}x\367\363"
 134      B5FE7DA5 
 134      62AF59D6 
 134      3AD27D78 
 134      F7F3
 135 0155 255A797E 		.ascii	"%Zy~\021&Z\016\001\256\300\201\371\252\205\203\220\210"
 135      11265A0E 
 135      01AEC081 
 135      F9AA8583 
 135      9088
 136 0167 817D8513 		.ascii	"\201}\205\023u@\\)\011\014\016\241\265\007\362o\365"
 136      75405C29 
 136      090C0EA1 
 136      B507F26F 
 136      F5
 137 0178 7C3D54AC 		.ascii	"|=T\254\206\264\343o\376B\3661\306!\264O\177\361\226"
 137      86B4E36F 
 137      FE42F631 
 137      C621B44F 
 137      7FF196
 138 018b 9BB86D87 		.ascii	"\233\270m\207\311\304\303L\265\025oS\026\0065d\025a"
 138      C9C4C34C 
 138      B5156F53 
 138      16063564 
 138      1561
 139 019d 0431A805 		.ascii	"\0041\250\005\025\353\250#v\200\375\004h\356\035\236"
 139      15EBA823 
 139      7680FD04 
 139      68EE1D9E 
 140 01ad DA26E28F 		.ascii	"\332&\342\217\302.\2558!\300\243(\342\273\236\307\036"
 140      C22EAD38 
 140      21C0A328 
 140      E2BB9EC7 
 140      1E
 141 01be B38214C0 		.ascii	"\263\202\024\300\021\210\227$\227~\365C\211\025\337"
 141      11889724 
 141      977EF543 
 141      8915DF
 142 01cd 403D28B2 		.ascii	"@=(\262d\006\015\240\240\241\243\240\374\221\022\337"
 142      64060DA0 
 142      A0A1A3A0 
 142      FC9112DF 
 143 01dd 6844ABE4 		.ascii	"hD\253\344{a\270\2651FF\037\245h8\206\222\270\016\371"
 143      7B61B8B5 
 143      3146461F 
ARM GAS  /var/folders/nx/qt6_p4ls4xzbnqkz75ny5wl40000gp/T//cckNUzBo.s 			page 11


 143      A5683886 
 143      92B80EF9 
 144 01f1 0DC7BBCB 		.ascii	"\015\307\273\313\226Q?\223\234\002w_\376\346 \337\370"
 144      96513F93 
 144      9C02775F 
 144      FEE620DF 
 144      F8
 145 0202 58DBAC45 		.ascii	"X\333\254E\007\270i\232\353\233\331;p\376b4Qc\222\313"
 145      07B8699A 
 145      EB9BD93B 
 145      70FE6234 
 145      516392CB 
 146 0216 2A8F7727 		.ascii	"*\217w'\354\202\035\036\215\274\242\3418l\204F\312\216"
 146      EC821D1E 
 146      8DBCA2E1 
 146      386C8446 
 146      CA8E
 147 0228 B699FDDF 		.ascii	"\266\231\375\337\326\252\366jl\313\367f\200\307\300"
 147      D6AAF66A 
 147      6CCBF766 
 147      80C7C0
 148 0237 09747CC8 		.ascii	"\011t|\310\015Q\234l\2724\243\350\306%$\236_\301\376"
 148      0D519C6C 
 148      BA34A3E8 
 148      C625249E 
 148      5FC1FE
 149 024a 1069C46A 		.ascii	"\020i\304jN\202\235u\002\247BB\365\366\240\277\365\377"
 149      4E829D75 
 149      02A74242 
 149      F5F6A0BF 
 149      F5FF
 150 025c F506BF41 		.ascii	"\365\006\277A\"\326\257\367\323RW\377\017\204\322?8"
 150      22D6AFF7 
 150      D35257FF 
 150      0F84D23F 
 150      38
 151 026d E303F231 		.ascii	"\343\003\36216N\211\340\277I\362\357#\026\304\334~\271"
 151      364E89E0 
 151      BF49F2EF 
 151      2316C4DC 
 151      7EB9
 152 027f 2CBB7EAA 		.ascii	",\273~\252\354\276m\266_3f\202\337\215vw\216o\353^,"
 152      ECBE6DB6 
 152      5F336682 
 152      DF8D7677 
 152      8E6FEB5E 
 153 0294 3B1AD972 		.ascii	";\032\331r\373\336\307\030b\201?d\313\\GE\237\351\302"
 153      FBDEC718 
 153      62813F64 
 153      CB5C4745 
 153      9FE9C2
 154 02a7 0795A077 		.ascii	"\007\225\240w\275\234Z8E]\013\335\014\315\3308\226\375"
 154      BD9C5A38 
 154      455D0BDD 
 154      0CCDD838 
 154      96FD
 155 02b9 A8605CD5 		.ascii	"\250`\\\325\363\233\027\232\320\267\201\222\265\204"
ARM GAS  /var/folders/nx/qt6_p4ls4xzbnqkz75ny5wl40000gp/T//cckNUzBo.s 			page 12


 155      F39B179A 
 155      D0B78192 
 155      B584
 156 02c7 256BD87F 		.ascii	"%k\330\177\372\262\0157\020\355k\361\370@+\330\365D"
 156      FAB20D37 
 156      10ED6BF1 
 156      F8402BD8 
 156      F544
 157 02d9 6DB0915D 		.ascii	"m\260\221]\005\357\265Sg\246\323\364\375\026\230L\322"
 157      05EFB553 
 157      67A6D3F4 
 157      FD16984C 
 157      D2
 158 02ea 3788D54C 		.ascii	"7\210\325L\230\304\015\360\372\002mr\017X\270\024\254"
 158      98C40DF0 
 158      FA026D72 
 158      0F58B814 
 158      AC
 159 02fb 63A84106 		.ascii	"c\250A\006\355\010\202\246\232\212\236IA\374\330\026"
 159      ED0882A6 
 159      9A8A9E49 
 159      41FCD816 
 160 030b 31380D71 		.ascii	"18\015q\001\276H\302(\362T\322.\324\004kLz\026\365\251"
 160      01BE48C2 
 160      28F254D2 
 160      2ED4046B 
 160      4C7A16F5 
 161 0320 AA0A9751 		.ascii	"\252\012\227QG\204\214\222HAg\"\025\224D4\3769+\236"
 161      47848C92 
 161      48416722 
 161      15944434 
 161      FE392B9E 
 162 0334 B34F386C 		.ascii	"\263O8l\006=\247)\224C\337\373\222D5\214\304$\342\357"
 162      063DA729 
 162      9443DFFB 
 162      9244358C 
 162      C424E2EF 
 163 0348 9CC11F0B 		.ascii	"\234\301\037\013#o\011\221w\036\201\031\\\300\246\377"
 163      236F0991 
 163      771E8119 
 163      5CC0A6FF 
 164 0358 D366ED89 		.ascii	"\323f\355\211\356\016\213\030\000y\372\037\364\027^"
 164      EE0E8B18 
 164      0079FA1F 
 164      F4175E
 165 0367 50E713AA 		.ascii	"P\347\023\252\200\213\363\012\365\022\011\325\244\013"
 165      808BF30A 
 165      F51209D5 
 165      A40B
 166 0375 75B8B2BB 		.ascii	"u\270\262\273uQ\210\3325\274\255\370f\037\336V\013\273"
 166      755188DA 
 166      35BCADF8 
 166      661FDE56 
 166      0BBB
 167 0387 5AFD2DC1 		.ascii	"Z\375-\301e\004i\350Z\015\277x/\223\351\212\324\366"
 167      650469E8 
 167      5A0DBF78 
ARM GAS  /var/folders/nx/qt6_p4ls4xzbnqkz75ny5wl40000gp/T//cckNUzBo.s 			page 13


 167      2F93E98A 
 167      D4F6
 168 0399 55E2C542 		.ascii	"U\342\305B\014\366\366\364\311\275\023\257\222\373\340"
 168      0CF6F6F4 
 168      C9BD13AF 
 168      92FBE0
 169 03a8 A1EA1331 		.ascii	"\241\352\0231\263\233`!\226:\015\226\366\325\035\036"
 169      B39B6021 
 169      963A0D96 
 169      F6D51D1E 
 170 03b8 8FD2B57D 		.ascii	"\217\322\265}\255\255\326f\247\232\272$]BG\205k\362"
 170      ADADD666 
 170      A79ABA24 
 170      5D424785 
 170      6BF2
 171 03ca D4E66B6F 		.ascii	"\324\346ko\021<e\303\024\262\267\232\241\322\217\364"
 171      113C65C3 
 171      14B2B79A 
 171      A1D28FF4 
 172 03da 94D6F9E4 		.ascii	"\224\326\371\344l\211\334\011\016\335\022Z1\240\257"
 172      6C89DC09 
 172      0EDD125A 
 172      31A0AF
 173 03e9 EB7BBAB5 		.ascii	"\353{\272\265o1\341,\264P\237JH=!E\336\000;\226A`\337"
 173      6F31E12C 
 173      B4509F4A 
 173      483D2145 
 173      DE003B96 
 174 0400 8F0E957E 		.ascii	"\217\016\225~b\300E\324d\235\357\210\275Hp\177I\270"
 174      62C045D4 
 174      649DEF88 
 174      BD48707F 
 174      49B8
 175 0412 2803EE26 		.ascii	"(\003\356&\301\231\250m\311>M4\232o\204?2\022\034\025"
 175      C199A86D 
 175      C93E4D34 
 175      9A6F843F 
 175      32121C15 
 176 0426 864CE6CA 		.ascii	"\206L\346\312/\352iM/\206^\211\255\2224\374`G\333pm"
 176      2FEA694D 
 176      2F865E89 
 176      AD9234FC 
 176      6047DB70 
 177 043b 79ABBC7A 		.ascii	"y\253\274zl6\006}\030\360d\306\315\235kEe\013\232k\267"
 177      6C36067D 
 177      18F064C6 
 177      CD9D6B45 
 177      650B9A6B 
 178 0450 E45C9BBD 		.ascii	"\344\\\233\275\314\024|\325\377\364\271\346\335\003"
 178      CC147CD5 
 178      FFF4B9E6 
 178      DD03
 179 045e 868E4C11 		.ascii	"\206\216L\021\367\343\000i(l\332uL %\203\344\037\035"
 179      F7E30069 
 179      286CDA75 
 179      4C202583 
 179      E41F1D
ARM GAS  /var/folders/nx/qt6_p4ls4xzbnqkz75ny5wl40000gp/T//cckNUzBo.s 			page 14


 180 0471 3EED0EBC 		.ascii	">\355\016\274C\271\031\014\315?\355nKE\336\2313\355"
 180      43B9190C 
 180      CD3FED6E 
 180      4B45DE99 
 180      33ED
 181 0483 7EBCEF6F 		.ascii	"~\274\357oT\237\014\262~9\310\356\312A\026>\265\356"
 181      549F0CB2 
 181      7E39C8EE 
 181      CA41163E 
 181      B5EE
 182 0495 E1D4BA09 		.ascii	"\341\324\272\011\036\177\363\036\343\250[\030\375[\000"
 182      1E7FF31E 
 182      E3A85B18 
 182      FD5B00
 183 04a4 74F1A0D7 		.ascii	"t\361\240\327\013\311\311\216\025\031\231\2532?Lud\273"
 183      0BC9C98E 
 183      151999AB 
 183      323F4C75 
 183      64BB
 184 04b6 1DAE5C87 		.ascii	"\035\256\\\207\333\345t83\262\334\237%;\031\317\315"
 184      DBE57438 
 184      33B2DC9F 
 184      253B19CF 
 184      CD
 185 04c7 895A97B6 		.ascii	"\211Z\227\266&/=)\302-'\333\225\353v\274\2732eE\312"
 185      262F3D29 
 185      C22D27DB 
 185      95EB76BC 
 185      BB326545 
 186 04dc 7AF47766 		.ascii	"z\364wf\273\322?]\367FVr\006K\016\365M_\237\353X\221"
 186      BBD23F5D 
 186      F7465672 
 186      064B0EF5 
 186      4D5F9FEB 
 187 04f2 92FA41AA 		.ascii	"\222\372A\252#s\255sM\336\352t\207\364uf\275\227\267"
 187      2373AD73 
 187      4DDEEA74 
 187      87F47566 
 187      BD97B7
 188 0505 D689EE2F 		.ascii	"\326\211\356/E@\317\372e\2707\270\321#6%ue\302\2524"
 188      4540CFFA 
 188      65B837B8 
 188      D1233625 
 188      7565C2AA 
 189 051a 777A8E2B 		.ascii	"wz\216+\363\265\204W\2261\356b\246\254\364\254l\327"
 189      F3B58457 
 189      9631EE62 
 189      A6ACF4AC 
 189      6CD7
 190 052c 86674653 		.ascii	"\206gFS\017\031L\344~\236\363\362\263r83V\243\333\277"
 190      0F194CE4 
 190      7E9EF3F2 
 190      B3723833 
 190      56A3DBBF 
 191 0540 13AC8E45 		.ascii	"\023\254\216E"
 192              		.text
 193              		.section	.gnu.lto_chMsgRelease.b3ed7ac7ead8167b,"",%progbits
ARM GAS  /var/folders/nx/qt6_p4ls4xzbnqkz75ny5wl40000gp/T//cckNUzBo.s 			page 15


 194 0000 789C8D53 		.ascii	"x\234\215SkH\223Q\030>\357\371>\347\274\004\322\217"
 194      6B489351 
 194      183EEFF9 
 194      3EE7BC04 
 194      D28F
 195 0012 10215C88 		.ascii	"\020!\\\210\370\243\330W\277\372\325\015!\350\207\004"
 195      F8A3D857 
 195      BFFAD50D 
 195      21E88704 
 196 0022 8E7E87AE 		.ascii	"\216~\207\256\321\004\247\262\251\350\017\361\314fI"
 196      D104A7B2 
 196      A9E80FF1 
 196      CC6649
 197 0031 608C2EA4 		.ascii	"`\214.\244\205\246\250X./i\027\235\267Yj\"\244\205f"
 197      85A6A858 
 197      2E2F6917 
 197      9DB7596A 
 197      22A48566 
 198 0045 81A62B56 		.ascii	"\201\246+V\032)\250K\353C\304\336\363\271\211\333,\032"
 198      1A29A84B 
 198      EB43C4DE 
 198      F3B989DB 
 198      2C1A
 199 0057 8C73799F 		.ascii	"\214sy\237\347=\317y\316\363\011$\364\027\207\377\013"
 199      E73DCF79 
 199      CEF30924 
 199      F41787FF 
 199      0B
 200 0068 2221F338 		.ascii	"\"!\3638\202@\200\332\307\010\261\252)\000\237\020 "
 200      824080DA 
 200      C708B1AA 
 200      29009F10 
 200      20
 201 0079 C5148AE1 		.ascii	"\305\024\212\341;]\241`w9*\242\222\032\030c\313\253"
 201      3B5DA160 
 201      77392AA2 
 201      921A1863 
 201      CBAB
 202 008b 13B1A5B1 		.ascii	"\023\261\245\2612%\304K\267\333@#$!\304\352*\237\334"
 202      3225C44B 
 202      B7DB4023 
 202      2421C4EA 
 202      2A9FDC
 203 009e 276880E0 		.ascii	"'h\200\340\274\253\345\347\233\250\005*S\320\360\245"
 203      BCABE5E7 
 203      9BA8052A 
 203      53D0F0A5 
 204 00ae F3E64885 		.ascii	"\363\346H\205\212/\251\310\227\203\255S\262:\261\216"
 204      8A2FA9C8 
 204      9783AD53 
 204      B23AB18E 
 205 00be B112576F 		.ascii	"\261\022Wo;;-\312T\200\207 `?x\004q\320\004q\004\267"
 205      3B3B2DCA 
 205      54808720 
 205      603F7804 
 205      71D00471 
 206 00d4 08382011 		.ascii	"\0108 \021\321\215\013K\235\202\220\240\364\235\277"
ARM GAS  /var/folders/nx/qt6_p4ls4xzbnqkz75ny5wl40000gp/T//cckNUzBo.s 			page 16


 206      D18D0B4B 
 206      9D8290A0 
 206      F49DBF
 207 00e3 EF91A339 		.ascii	"\357\221\2439\223\271\306\267\231\"<\016f\212\004\232"
 207      93B9C6B7 
 207      99223C0E 
 207      668A049A 
 208 00f3 2191C357 		.ascii	"!\221\303Wl\233\037\242T6\204\307l\372\005C\013\250"
 208      6C9B1FA2 
 208      543684C7 
 208      6CFA0543 
 208      0BA8
 209 0105 00C7D6FD 		.ascii	"\000\307\326\375.\266\265U\3272\363^\014\027\200\237"
 209      2EB6B555 
 209      D732F35E 
 209      0C17809F 
 210 0115 2582C223 		.ascii	"%\202\302#\036\204q\003\276R\312Ga\012Jbx7\257\203\335"
 210      1E847103 
 210      BE52CA47 
 210      610A4A62 
 210      7837AF83 
 211 012a 16842445 		.ascii	"\026\204$E\310\217\311\332\206\310\204Z\274\302\362"
 211      C88FC9DA 
 211      86C8845A 
 211      BCC2F2
 212 0139 A7B6EA03 		.ascii	"\247\266\352\003\225\254\246\304\216\355N\201L\303\240"
 212      95ACA6C4 
 212      8EED4E81 
 212      4CC3A0
 213 0148 355091CF 		.ascii	"5P\221\317\2456H@\342\347\362\265\016\340V\204i\010"
 213      A5364840 
 213      E2E7F2B5 
 213      0EE05684 
 213      6908
 214 015a 3CC1EA34 		.ascii	"<\301\3524\224|\361^\375V\241\012\320\353\256o\002E"
 214      947CF15E 
 214      FD56A10A 
 214      D0EBAE6F 
 214      0245
 215 016c AA9742E0 		.ascii	"\252\227B\340M\334m\327g\303\010\264\363\022\015*9k"
 215      4DDC6DD7 
 215      67C308B4 
 215      F3120D2A 
 215      396B
 216 017e 4FF06308 		.ascii	"O\360c\010t\360\252\020d\001\201\247\240B!\317\270\001"
 216      74F0AA10 
 216      640181A7 
 216      A04221CF 
 216      B801
 217 0190 409A00CB 		.ascii	"@\232\000\313s\213\277o\011\361\335P\305*42Uq\306\235"
 217      738BBF6F 
 217      09F1DD50 
 217      C52A3432 
 217      5571C69D 
 218 01a4 E90D6BA4 		.ascii	"\351\015k\244\210\036\300s\210'|\347^\351\335\312h\334"
 218      881EC073 
 218      88277CE7 
ARM GAS  /var/folders/nx/qt6_p4ls4xzbnqkz75ny5wl40000gp/T//cckNUzBo.s 			page 17


 218      5EE9DDCA 
 218      68DC
 219 01b6 8117202A 		.ascii	"\201\027 *\232\011t\202\210\205\321k5\353b|\237\217"
 219      9A097482 
 219      8885D16B 
 219      35EB627C 
 219      9F8F
 220 01c8 1DCEB16F 		.ascii	"\035\316\261o\027\207\235\021\012\273\213\263\301\011"
 220      17879D11 
 220      0ABB8BB3 
 220      C109
 221 01d6 22F11B78 		.ascii	"\"\361\033x\245\323\332\037\275m\332\352\304\307h6\302"
 221      A5D3DA1F 
 221      BD6DDAEA 
 221      C4C76836 
 221      C2
 222 01e7 6CEEADAD 		.ascii	"l\356\255\255\370=\236\337gY7$\374\302k\370\371=k\316"
 222      F83D9EDF 
 222      67593724 
 222      FCC26BF8 
 222      F93D6BCE 
 223 01fb A128CE67 		.ascii	"\241(\316g\014\015\247e.4|\217\004\370\310=\234,\222"
 223      0C0DA765 
 223      2E347C8F 
 223      04F8C83D 
 223      9C2C92
 224 020e 19287557 		.ascii	"\031(uW\215\255\037\013t\312\323\004\034\300O\360\331"
 224      8DAD1F0B 
 224      74CAD304 
 224      1CC04FF0 
 224      D9
 225 021f 2C86B8D5 		.ascii	",\206\270\325\253\270\325\007\212+\325\0237Zh\321\006"
 225      ABB8D507 
 225      8A2BD513 
 225      375A68D1 
 225      06
 226 0230 2B636A99 		.ascii	"+cj\231\252\275\370\312\274\014\375PDP\"\036$\323\210"
 226      AABDF8CA 
 226      BC0CFD50 
 226      4450221E 
 226      24D388
 227 0243 1DA1BBD3 		.ascii	"\035\241\273\323a\177\360_\351p)\351\230\363\214\277"
 227      617FF05F 
 227      E97029E9 
 227      98F38CBF 
 228 0253 532BE9C0 		.ascii	"S+\351\300\255\201\277\247\303\346\360\247C\025\"\373"
 228      AD81BFA7 
 228      C3E6F0A7 
 228      431522FB 
 229 0263 25971D14 		.ascii	"%\227\035\024\231\3215\214\314+\216\017\017\216L\363"
 229      99D1358C 
 229      CC2B8E0F 
 229      0F8E4CF3 
 230 0273 497E3681 		.ascii	"I~6\201\301\275#3\244\2300\274+2\365Kn\247\312\237\206"
 230      C1BD2333 
 230      A49830BC 
 230      2B32F54B 
ARM GAS  /var/folders/nx/qt6_p4ls4xzbnqkz75ny5wl40000gp/T//cckNUzBo.s 			page 18


 230      6EA7CA9F 
 231 0288 01250DAF 		.ascii	"\001%\015\257\2254\004?\375\010>\375,X\335\015\216\010"
 231      9534043F 
 231      FD083EFD 
 231      2C58DD0D 
 231      8E08
 232 029a AE955FD3 		.ascii	"\256\225_\323\203i\306O\0121\007\265Z)\331\230\221\236"
 232      8369C64F 
 232      0A3107B5 
 232      5A29D998 
 232      919E
 233 02ac 715E2765 		.ascii	"q^'e[$s\256d1\353%\275\321d\271\254\325\023\232\233"
 233      5B2473AE 
 233      6431EB25 
 233      BDD164B9 
 233      ACD5139A 
 234 02c1 23E02C2C 		.ascii	"#\340,,?-3\317p8\004\232\223m\316\265HgRS\222S\012\220"
 234      3F2D33CF 
 234      7038049A 
 234      936DCEB5 
 234      48675253 
 235 02d9 A3CF361B 		.ascii	"\243\3176\033.\346\0377i\215D\033\2105\024\344J\311"
 235      2EE61F37 
 235      698D441B 
 235      883514E4 
 235      4AC9
 236 02eb 29BA733A 		.ascii	")\272s:)#K\237\231w\311 )X\275\351l^\226\036\341\207"
 236      29234B9F 
 236      9977C920 
 236      2958BDE9 
 236      6C5E961E 
 237 0301 425AEFE0 		.ascii	"BZ\357\340\214\226B\013\"bRt\251\232\3644\213!\307\234"
 237      8C96420B 
 237      22625274 
 237      A99AF434 
 237      8B21C79C 
 238 0315 71449378 		.ascii	"qD\223x\224P3\0117\031L\331\346\302\177\262\371=\214"
 238      94503309 
 238      37194CD9 
 238      E6C27FB2 
 238      F93D8C
 239 0328 E40F1591 		.ascii	"\344\017\025\221\312\303"
 239      CAC3
 240              		.text
 241              		.section	.gnu.lto_.symbol_nodes.b3ed7ac7ead8167b,"",%progbits
 242 0000 789C4DC8 		.ascii	"x\234M\310+\016\002A\024\005\321\272\357u\023\344\354"
 242      2B0E0241 
 242      1405D1BA 
 242      EF7513E4 
 242      EC
 243 0011 80A5DE11 		.ascii	"\200\245\336\021\243\010\202\025\020\304\254\005\022"
 243      A3088215 
 243      10C4AC05 
 243      12
 244 001e 047BC0A0 		.ascii	"\004{\300\2400|\005\202@\302\210.w*\201\025Sq\225a}"
 244      307C0582 
 244      40C2882E 
ARM GAS  /var/folders/nx/qt6_p4ls4xzbnqkz75ny5wl40000gp/T//cckNUzBo.s 			page 19


 244      772A8115 
 244      53719561 
 245 0033 049BCD76 		.ascii	"\004\233\315vN}\210\316\304MV\373\343.G;\364\222\363"
 245      4E7D88CE 
 245      C44D56FB 
 245      E32E473B 
 245      F492F3
 246 0046 3FE8FB9F 		.ascii	"?\350\373\237\237ri\375\226k\343\2442\034\366\231\024"
 246      9F7269FD 
 246      966BE3A4 
 246      321CF699 
 246      14
 247 0057 C6E56591 		.ascii	"\306\345e\221Q\030vge\316\030O\037\361\005\037''\253"
 247      51187667 
 247      65CE184F 
 247      1FF1051F 
 247      2727AB
 248              		.text
 249              		.section	.gnu.lto_.refs.b3ed7ac7ead8167b,"",%progbits
 250 0000 789C6366 		.ascii	"x\234cf``\340c\200\000F bdbb`df`\344d\000\000\002\013"
 250      6060E063 
 250      80004620 
 250      62646262 
 250      60646660 
 251 001a 0027     		.ascii	"\000'"
 252              		.text
 253              		.section	.gnu.lto_.decls.b3ed7ac7ead8167b,"",%progbits
 254 0000 789CB55A 		.ascii	"x\234\265ZkTT\331\225\256sOAQE\001\246\355\266{\271"
 254      6B5454D9 
 254      95AE734F 
 254      41514501 
 254      A6EDB67B 
 255 0015 3A699B24 		.ascii	":i\233$$\231DQ\323\335I\326\312Lw\342$\231N\247\323"
 255      24994451 
 255      D3DD49D6 
 255      CA4C77E2 
 255      24994EA7 
 256 002a A64D266B 		.ascii	"\246M&kV&\253\232\306R\230\346\225\252\242\3255+\223"
 256      5626AB9A 
 256      C65298E6 
 256      95AAA2D5 
 256      352B93
 257 003d E28DF8E0 		.ascii	"\342\215\370\340%\010*Z\010\312\373\251\"\362\022|\202"
 257      25082A5A 
 257      08CAFBA9 
 257      22F2127C 
 257      82
 258 004e 20A2F800 		.ascii	" \242\370\000_\224\200\002>AP\020y\314>\347\334[\367"
 258      5F948002 
 258      3E415010 
 258      79CC3EE7 
 258      DC5BF7
 259 0061 56790BFD 		.ascii	"Vy\013\3751\303r{\357>w\237\275\277\275\317>\373\234"
 259      31C3727B 
 259      EF3E779F 
 259      BDBFBDCF 
 259      3EFB9C
ARM GAS  /var/folders/nx/qt6_p4ls4xzbnqkz75ny5wl40000gp/T//cckNUzBo.s 			page 20


 260 0074 7B6E6185 		.ascii	"{na\205B\361\026\247P\314\302\337\362\345\012\305\017"
 260      42F116A7 
 260      50CCC2DF 
 260      F2E50AC5 
 260      0F
 261 0085 540A8512 		.ascii	"T\012\205\022\332V\002!\240\005\012\366\347\012\024"
 261      DA560221 
 261      A0050AF6 
 261      E70A14
 262 0094 0E0DEB81 		.ascii	"\016\015\353\201\376\016\024\001\024\003\024\207\230"
 262      FE0E1401 
 262      14031487 
 262      98
 263 00a1 DC3452D8 		.ascii	"\3344R\330\375\021\331\327\341\352\011\244\005:\010"
 263      FD11D9D7 
 263      E1EA09A4 
 263      053A08
 264 00b0 B402DA66 		.ascii	"\264\002\332f\020\3239\013\327I\240\335@\307\200\307"
 264      10D3390B 
 264      D749A0DD 
 264      40C780C7 
 265 00c0 80C10DE8 		.ascii	"\200\301\015\350\023\340\377\012\264\022h\026\332\325"
 265      13E0FF0A 
 265      B4126816 
 265      DAD5
 266 00ce D01605F7 		.ascii	"\320\026\005\367\032\270\376\203\\\241m\002\256Y@\377"
 266      1AB8FE83 
 266      5CA16D02 
 266      AE5940FF 
 267 00de 06F43B20 		.ascii	"\006\364; ?\240\217\200\376\010\264\012\350\013\240"
 267      3FA08F80 
 267      FE08B40A 
 267      E80BA0
 268 00ed 9F01A979 		.ascii	"\237\001\251y\034\036\320\327\013\350\015\240\205\034"
 268      1C1ED0D7 
 268      0BE80DA0 
 268      851C
 269 00fb C34DF0BF 		.ascii	"\303M\360\277\015\367\337\002\202\177\212\357q/\372"
 269      0DF7DF02 
 269      827F8AEF 
 269      712FFA
 270 010a 407C9D27 		.ascii	"@|\235'\361A\300/\305+\365\343\023\0367\301J|\374\007"
 270      F141C02F 
 270      C52BF5E3 
 270      131E37C1 
 270      4A7CFC07 
 271 011e EF834A82 		.ascii	"\357\203J\202\231`\375\220\307+`U\363\266\2448\227r"
 271      9960FD90 
 271      C72B6055 
 271      F3B6A438 
 271      9772
 272 0130 0CE37B9C 		.ascii	"\014\343{\234\210S.\316\177\347c\262\322\001'\211\267"
 272      88532ECE 
 272      7FE763B2 
 272      D2012789 
 272      B7
 273 0141 14E7FB40 		.ascii	"\024\347\373@\377\315\367u\343\373I\355\375\204cc)\265"
ARM GAS  /var/folders/nx/qt6_p4ls4xzbnqkz75ny5wl40000gp/T//cckNUzBo.s 			page 21


 273      FFCDF775 
 273      E3FB49ED 
 273      FD846363 
 273      29B5
 274 0153 F52F9CBD 		.ascii	"\365/\234\275\255\021\016\035)\035;\353>\310!O\315\""
 274      AD110E1D 
 274      291D3BEB 
 274      3EC8214F 
 274      CD22
 275 0165 C2D6A434 		.ascii	"\302\326\2444g\270\002\253\325(\011{\360T\317Y\017\314"
 275      67B802AB 
 275      D528097B 
 275      F054CF59 
 275      0FCC
 276 0177 21729F93 		.ascii	"!r\237\223q\353\242\346G\205f\2639\336\334\330\210D"
 276      71EBA2E6 
 276      478566B3 
 276      39DEDCD8 
 276      8844
 277 0189 15B50391 		.ascii	"\025\265\003\221\335*\354E\205&\356\016\334G\370Mz_"
 277      DD2AEC45 
 277      8526EE0E 
 277      DC47F84D 
 277      7A5F
 278 019b 7AE3F83A 		.ascii	"z\343\370:P\345\252\201.\346\011\222\217\350\037\320"
 278      50E5AA81 
 278      2EE60992 
 278      8FE81FD0 
 279 01ab DCD279AE 		.ascii	"\334\322y\256\303\205\266\223&\025Hr\317NT\227\271\""
 279      C385B693 
 279      26154872 
 279      CF4E5497 
 279      B922
 280 01bd 8D4F3C91 		.ascii	"\215O<\221L\2122\253\233=\025(\017-D\371h\241\002\225"
 280      4C8A32AB 
 280      9B3D1528 
 280      0F2D44F9 
 280      68A10295 
 281 01d1 231F1046 		.ascii	"#\037\020F\205\350G\012T\002\215\245\320\230\013\202"
 281      85E8470A 
 281      54028DA5 
 281      D0980B82 
 282 01e1 C32D33B7 		.ascii	"\303-3\267\220\331\254DeH\203\212\021\246\022\340\250"
 282      90D9AC44 
 282      6548838A 
 282      11A612E0 
 282      A8
 283 01f2 AB4680C6 		.ascii	"\253F\200\306u\037\312\256\361D>\032*>\323w\356\015"
 283      751FCAAE 
 283      F1443E1A 
 283      2A3ED377 
 283      EE0D
 284 0204 225E09E2 		.ascii	"\"^\011\342E\2428\364f\362\362\326+d\254\203\346\275"
 284      45A238F4 
 284      66F2F2D6 
 284      2B64AC83 
 284      E6BD
ARM GAS  /var/folders/nx/qt6_p4ls4xzbnqkz75ny5wl40000gp/T//cckNUzBo.s 			page 22


 285 0216 17FA1290 		.ascii	"\027\372\022\220\2409?\2577 \312\374\021:\010\232\013"
 285      A0393FAF 
 285      3720CAFC 
 285      113A089A 
 285      0B
 286 0227 44CD9573 		.ascii	"D\315\225sk> \253\031%\016\237\337\242\246#b\246cP\231"
 286      6B3E20AB 
 286      19250E9F 
 286      DFA2A623 
 286      62A66350 
 287 023c B3AF4A4D 		.ascii	"\263\257JM\207\344#\302\026T\226<\344p\034\033\223\276"
 287      87E423C2 
 287      1654963C 
 287      E4701C1B 
 287      93BE
 288 024e 3DAD77BC 		.ascii	"=\255w\274p\022c\322\006J\036\253\361\016\306to\035"
 288      701263D2 
 288      064A1EAB 
 288      F10EC674 
 288      6F1D
 289 0260 4D72C3D9 		.ascii	"Mr\303\331\214\271\234x\357\242\026\3473\346h\303\304"
 289      8CB99C78 
 289      EFA216E7 
 289      33E668C3 
 289      C4
 290 0271 290D2E67 		.ascii	")\015.g\314\346xk\213\006\037aL\304\376\332\315*\260"
 290      CCE6786B 
 290      8B061F61 
 290      4CC4FEDA 
 290      CD2AB0
 291 0284 F4AE868E 		.ascii	"\364\256\206\216k\317\316g\271j\312\222\201\362\"^7"
 291      6BCFCE67 
 291      B96ACA92 
 291      81F2225E 
 291      37
 292 0295 DF31E708 		.ascii	"\3371\347\010\361\354h1\270\241&\360\270^\364\370]\321"
 292      F1EC6831 
 292      B8A126F0 
 292      B85EF4F8 
 292      5DD1
 293 02a7 E1C8171D 		.ascii	"\341\310\027\035n\004\207\337\345\035n\200\306\243,"
 293      6E0487DF 
 293      E51D6E80 
 293      C6A32C
 294 02b6 9427A71A 		.ascii	"\224'\247\032\242]\330\350\313t:.\323\211\015gT\312"
 294      A25DD8E8 
 294      CB743A2E 
 294      D3890D67 
 294      54CA
 295 02c8 02329CC7 		.ascii	"\0022\234\307\000B\235\010\241\011\211\303\237;\024"
 295      00429D08 
 295      A10989C3 
 295      9F3B14
 296 02d7 59E4621B 		.ascii	"Y\344b\033\24486H'A\276V\224?\206\346\304|B\0263\332"
 296      A4383648 
 296      2741BE56 
 296      943F86E6 
ARM GAS  /var/folders/nx/qt6_p4ls4xzbnqkz75ny5wl40000gp/T//cckNUzBo.s 			page 23


 296      C47C4216 
 297 02ed 73E249B6 		.ascii	"s\342I\266;>\301\342\226\233\226^\354BG\310\215\260"
 297      3B3EC1E2 
 297      969B965E 
 297      EC4247C8 
 297      8DB0
 298 02ff 9DFDC3F7 		.ascii	"\235\375\303\367\335p+{v\352\354\371~DG\323\302\021"
 298      DD702B7B 
 298      76EAECF9 
 298      7E4447D3 
 298      C211
 299 0311 3EBBEF4C 		.ascii	">\273\357L\253;\225\375\016a\223\362\032O\271\343N&"
 299      AB3B95FD 
 299      0E6193F2 
 299      1A4FB9E3 
 299      4E26
 300 0323 7BE1F111 		.ascii	"{\341\361\021\263\012\367P\206\333r\276gF\211|\264\024"
 300      B30AF750 
 300      86DB72BE 
 300      6746897C 
 300      B414
 301 0335 7B57D1E8 		.ascii	"{W\321\350\372\010\300\336\216\264\250M\304\376\231"
 301      FA08C0DE 
 301      8EB4A84D 
 301      C4FE99
 302 0344 96414F10 		.ascii	"\226AO\020\241\243\225\013D\360g\001\374gZ^\032\014"
 302      A1A3950B 
 302      44F06701 
 302      FC675A5E 
 302      1A0C
 303 0356 3C359F4A 		.ascii	"<5\237J\200t\301\324Z\302ht\223\026\2472\346Q}K\226"
 303      8074C1D4 
 303      5AC26874 
 303      9316A732 
 303      E6517D4B 
 304 036b 174E67CC 		.ascii	"\027Ng\314\340\310\340eO\234\311\230\324\273\215\275"
 304      E0C8E065 
 304      4F9CC998 
 304      D4BB8DBD 
 305 037b 9E781763 		.ascii	"\236x\027cZ{'F\265\024\375<\302\356=\332\027\245\305"
 305      5A7B2746 
 305      B514FD3C 
 305      C2EE3DDA 
 305      17A5C5
 306 038e 7BD8B36B 		.ascii	"{\330\263kI\261\371j\274\2271\231\343m\247\274\250\340"
 306      49B1F96A 
 306      BC973199 
 306      E36DA7BC 
 306      A8E0
 307 03a0 5B842DCE 		.ascii	"[\204-\316\316\254R\343\375\354\331\303\226\342^\016"
 307      CEAC52E3 
 307      FDECD9C3 
 307      96E25E0E 
 308 03b0 173246A8 		.ascii	"\0272F\250?ZZ\177\334\307\012j\263\265\310\233\375\315"
 308      3F5A5A7F 
 308      DCC70A6A 
 308      B3B5C89B 
ARM GAS  /var/folders/nx/qt6_p4ls4xzbnqkz75ny5wl40000gp/T//cckNUzBo.s 			page 24


 308      FDCD
 309 03c2 F7F6F1B6 		.ascii	"\367\366\361\266\200k\3037J\012\177\233\022e\316}\213"
 309      806BC337 
 309      4A0A7F9B 
 309      1265CE7D 
 309      8B
 310 03d3 06A00302 		.ascii	"\006\240\003\002\320\213\346\213n~\177\241\202\216\030"
 310      D08BE68B 
 310      6E7E7FA1 
 310      828E18
 311 03e2 3849C42D 		.ascii	"8I\304-%\005\256\315K\251\350%G\321\213\310A\266\324"
 311      2505AECD 
 311      4BA9E825 
 311      47D18BC8 
 311      41B6D4
 312 03f5 267BD951 		.ascii	"&{\331Q\366\012\225\375'\233h\221M\364\202\243\350i"
 312      F60A95FD 
 312      279B6891 
 312      4DF482A3 
 312      E869
 313 0407 47B58536 		.ascii	"G\265\2056\331\363\362\262\242\332j\233h\267\243\350"
 313      D9F3F2B2 
 313      A2DA6A9B 
 313      68B7A3E8 
 314 0417 5507D17C 		.ascii	"U\007\321|\233\3509\331\030P\311dZl\314\346\217L\012"
 314      9BE839D9 
 314      1850C964 
 314      5A6CCCE6 
 314      8F4C0A
 315 042a D4028FCF 		.ascii	"\324\002\217\317\220\307\255\274<\244\002\352\207\254"
 315      90C7ADBC 
 315      3CA402EA 
 315      87AC
 316 0438 B885BCD1 		.ascii	"\270\205\274\3215\240\036\240\233@\267\201\256\003\335"
 316      35A01EA0 
 316      9B40B781 
 316      AE03DD
 317 0447 00EA03B2 		.ascii	"\000\352\003\262\"o\232Y\324l\231\315l\227|\214\230"
 317      226F9A59 
 317      D46C99CD 
 317      6C977C8C 
 317      98
 318 0458 E32453AD 		.ascii	"\343$S\255\323q\256fDd\024|\332\361\177D\221\265\270"
 318      D371AE66 
 318      4464147C 
 318      DAF17F44 
 318      91B5B8
 319 046b E08CD6CC 		.ascii	"\340\214\326\314\253\352\224\037\032\352\002\344\305"
 319      ABEA941F 
 319      1AEA02E4 
 319      C5
 320 0478 404C7CAE 		.ascii	"@L|\256\213V\232\330Ra\005\272\203\264\374\3623\024"
 320      8B569AD8 
 320      526105BA 
 320      83B4FCF2 
 320      3314
 321 048a 17F35BDC 		.ascii	"\027\363[\334M\263\0117mJ^\207 m\222\371\202Kb`3\320"
ARM GAS  /var/folders/nx/qt6_p4ls4xzbnqkz75ny5wl40000gp/T//cckNUzBo.s 			page 25


 321      4DB30937 
 321      6D4A5E87 
 321      206D92F9 
 321      824B6260 
 322 04a0 0C1607F9 		.ascii	"\014\026\007\371\030\334\205\030\014I|\034\356j\335"
 322      18DC8518 
 322      0C497C1C 
 322      EE6ADD
 323 04af BF81A518 		.ascii	"\277\201\245\030hF\003\274\250Lx\251\227\2311\304\313"
 323      684603BC 
 323      A84C78A9 
 323      979931C4 
 323      CB
 324 04c0 C117BC04 		.ascii	"\301\027\274\0048Si}\261n\370\006\313\356\236\252\223"
 324      3853697D 
 324      B16EF806 
 324      CBEE9EAA 
 324      93
 325 04d1 A36ADCC7 		.ascii	"\243j\334\307\230\035\345\023\343\032|\2171\315EY_\340"
 325      981DE513 
 325      E31A7C8F 
 325      31CD4559 
 325      5FE0
 326 04e3 517AAFEC 		.ascii	"Qz\257\354\333U^\345\205|\026.\244\205*\036\346\371"
 326      DB555EE5 
 326      857C162E 
 326      A4852A1E 
 326      E6F9
 327 04f5 63A8510F 		.ascii	"c\250Q\017\021\226,\325\031\320>\361!y\000\267n\364"
 327      11962CD5 
 327      19D03EF1 
 327      217900B7 
 327      6EF4
 328 0507 4A0BD670 		.ascii	"J\013\326p\212\031\277\245@?Z\210~\0000\037\201[\344"
 328      8A19BFA5 
 328      403F5A88 
 328      7E00301F 
 328      815BE4
 329 051a 91028D00 		.ascii	"\221\002\215\000\362aV\253zSG6\272hx\351\370\227Ig$"
 329      F26156AB 
 329      7A534736 
 329      BA6878E9 
 329      F8974967 
 330 052f 64C46BED 		.ascii	"d\304k\355\002?\012`\304\300\217\331\002\177\251/\271"
 330      023F0A60 
 330      C4C08FD9 
 330      027FA92F 
 330      B9
 331 0540 09E109E6 		.ascii	"\011\341\011\346\317\324t\364v/<\313\230\355\347\273"
 331      CFD474F4 
 331      762F3CCB 
 331      98EDE7BB 
 332 0550 0E2B71BC 		.ascii	"\016+q\274\222\325\231k\005m*\234\244\264[b\026\260"
 332      92D5996B 
 332      056D2A9C 
 332      A4B45B62 
 332      16B0
ARM GAS  /var/folders/nx/qt6_p4ls4xzbnqkz75ny5wl40000gp/T//cckNUzBo.s 			page 26


 333 0562 25666BEB 		.ascii	"%fk\353\216&L\331YZ\364R\372\306\366!a)\260wm\012\300"
 333      8E264CD9 
 333      595AF452 
 333      FAC6F621 
 333      6129B077 
 334 0579 2EE00BF1 		.ascii	".\340\013\3613@3i\333\005LZ\351.\3409\300\234\020k\343"
 334      33403369 
 334      DB054C5A 
 334      E92EE039 
 334      C09C106B 
 335 058e 027119B0 		.ascii	"\002q\031\260^\331\367\007y\2453\316\224\316D\265\322"
 335      5ED9F707 
 335      79A533CE 
 335      94CE44B5 
 335      D2
 336 059f BDC23428 		.ascii	"\275\3024(\035\027\225>\227,.\326\354\361\265\362Z\315"
 336      1D17953E 
 336      972C2ED6 
 336      ECF1B5F2 
 336      5ACD
 337 05b1 9C13ADF9 		.ascii	"\234\023\255\371y=\337\"ZgA\353SQ\353\264\250\025]-"
 337      793DDF22 
 337      5A6741EB 
 337      5351EBB4 
 337      A8155D2D 
 338 05c5 BE7202E3 		.ascii	"\276r\002\343\035,Zg/e\304x\340\275\224\341.M\307\316"
 338      1D2C5A67 
 338      2F65C478 
 338      E0BD94E1 
 338      2E4DC7CE 
 339 05d9 97B717ED 		.ascii	"\227\267\027\355\304\236e\312lvS\240(N\203\"9Yk}\217"
 339      C49E65CA 
 339      6C7653A0 
 339      284E8322 
 339      39596B7D 
 340 05ee AFE66B71 		.ascii	"\257\346kq!\263\226\337\333\236\342A\227\252\357\023"
 340      21B396DF 
 340      DB9EE241 
 340      97AAEF13 
 341 05fe 7657DCD8 		.ascii	"vW\334\330\244\022W2\343\007\267\364\304`y\353\033\235"
 341      A4125732 
 341      E307B7F4 
 341      C46079EB 
 341      1B9D
 342 0610 599FA1D6 		.ascii	"Y\237\241\326\343\301z\234\274\365[w\033\366+q\015\263"
 342      E3C17A9C 
 342      BCF55B77 
 342      1BF62B71 
 342      0DB3
 343 0622 DE33DE73 		.ascii	"\3363\336sLE\255/\245\013\343\225\356\0317\334\304\236"
 343      4C45AD2F 
 343      A50BE395 
 343      EE1937DC 
 343      C49E
 344 0634 5D2CE8B0 		.ascii	"],\350\260x\341f\306tu\237\310R\341\363\2149\262-\377"
 344      78E166C6 
 344      74759FC8 
ARM GAS  /var/folders/nx/qt6_p4ls4xzbnqkz75ny5wl40000gp/T//cckNUzBo.s 			page 27


 344      52E1F38C 
 344      39B22DFF 
 345 0648 A4167731 		.ascii	"\244\026w1\346\370\201\332_\341{\354>3\261l;\207G\030"
 345      E6F881DA 
 345      5FE17BEC 
 345      3E33B16C 
 345      3B874718 
 346 065c 537EB468 		.ascii	"S~\264h#\333R}A\330\361\230\341\215\032\272\346h\351"
 346      23DB527D 
 346      41D8F198 
 346      E18D1ABA 
 346      E668E9
 347 066f A2D672F7 		.ascii	"\242\326r\367\246\012?c\242\302n\313\223\355\266\036"
 347      A60A3F63 
 347      A2C26ECB 
 347      93EDB61E 
 348 067f C66DBFC4 		.ascii	"\306m\277\304\341X\0276\201[\256\301\032\311\356Oo\312"
 348      E1581736 
 348      815BAEC1 
 348      1AC9EE4F 
 348      6FCA
 349 0691 B9E08AF3 		.ascii	"\271\340\212\363\030s\370\301\276t\027\\F\031\2562\353"
 349      1873F8C1 
 349      BE74175C 
 349      4619AE32 
 349      EB
 350 06a2 64A69ADF 		.ascii	"d\246\232\337tX\266`\204vB\0042\271W\335\025\356\340"
 350      7458B660 
 350      84764204 
 350      32B957DD 
 350      15EEE0
 351 06b5 64778531 		.ascii	"dw\2051w\252\3231>\304\354M\264\367\027\252p-c\322\352"
 351      77AAD331 
 351      3EC4EC4D 
 351      B4F717AA 
 351      702D63D2 
 352 06ca 76A5F0FB 		.ascii	"v\245\360\373E\312\017\337L\232\364\300\307\330\303"
 352      45CA0FDF 
 352      4C9AF4C0 
 352      C7D8C3
 353 06d9 C8BB9916 		.ascii	"\310\273\231\026\204[\031s;\2662K\211;\031\223^\224"
 353      845B1973 
 353      3BB6324B 
 353      893B1993 
 353      5E94
 354 06eb 35E98AAF 		.ascii	"5\351\212\2571&u\353\315CZ\334\307\230\322\273#\333"
 354      312675EB 
 354      CD435ADC 
 354      C798D2BB 
 354      23DB
 355 06fd 5CF05DC6 		.ascii	"\\\360]\306T\014]]\214G\230g\231c\267\317 \247\033\265"
 355      540C5D5D 
 355      8C479867 
 355      9963B7CF 
 355      20A71BB5 
 356 0711 3C4E7EA3 		.ascii	"<N~\243f\331\0041\330\0171\330\307\275\270\351\002\013"
 356      66D90431 
ARM GAS  /var/folders/nx/qt6_p4ls4xzbnqkz75ny5wl40000gp/T//cckNUzBo.s 			page 28


 356      D80F31D8 
 356      C7BDB8E9 
 356      020B
 357 0723 59D7F7EF 		.ascii	"Y\327\367\357\321\342ifnw\304\225T\027\034\355J\231"
 357      D1E26966 
 357      6E77C495 
 357      54171CED 
 357      4A99
 358 0735 999CCDB0 		.ascii	"\231\234\315\260Q\213g\314\255\262\201!\016ogLF\373"
 358      518B67CC 
 358      ADB28121 
 358      0E6F674C 
 358      46FB
 359 0747 964E2DCE 		.ascii	"\226N-\316c\314\226c\326\013.\270\302\325.\211\265,"
 359      63CC9663 
 359      D60B2EB8 
 359      C2D52E89 
 359      B52C
 360 0759 89B3AC63 		.ascii	"\211\263\254c\267\324\270\316\325.\305\264,\305n\236"
 360      B7D4B8CE 
 360      D52EC5B4 
 360      2CC56E9E 
 361 0769 88BCACC4 		.ascii	"\210\274\254\304\247\331\263\314\223ic\356\370<c\"\032"
 361      A7D9B3CC 
 361      936963EE 
 361      F83C6322 
 361      1A
 362 077a 4B3A99E0 		.ascii	"K:\231\340O\011\033\025\325p\312\005_\247\317~>\331"
 362      4F091B15 
 362      D570CA05 
 362      5FA7CF7E 
 362      3ED9
 363 078c 9C7C1323 		.ascii	"\234|\023#\330\233\300\237\017\375\347\255\325\372\314"
 363      D89BC09F 
 363      0FFDE7AD 
 363      D5FACC
 364 079b A7DB15F8 		.ascii	"\247\333\025\370\177\376\374\371Z\366\304{\276\217\267"
 364      7FFEFCF9 
 364      5AF6C47B 
 364      BE8FB7
 365 07aa F6757E27 		.ascii	"\366u~'\003mZ\037\372\347M\2664\346\341\266Z\353w\216"
 365      036D5A1F 
 365      FAE74DB6 
 365      34E6E1B6 
 365      5AEB778E 
 366 07be 549A1BA3 		.ascii	"T\232\033\2431}k\330\002\261\271\301\275\376\262\365"
 366      317D6BD8 
 366      02B1B9C1 
 366      BDFEB2F5 
 367 07ce FC10     		.ascii	"\374\020"
 368 07d0 3CAE228F 		.ascii	"<\256\"\217\253\241zTql-\033\202\3007r\336\250\023\250"
 368      ABA17A54 
 368      716C2D1B 
 368      82C03772 
 368      DEA813A8 
 369 07e4 0BE802D0 		.ascii	"\013\350\002\320\025\240^\240\313@V\240\032\240;@\315"
 369      15A05EA0 
ARM GAS  /var/folders/nx/qt6_p4ls4xzbnqkz75ny5wl40000gp/T//cckNUzBo.s 			page 29


 369      CB4056A0 
 369      1AA03B40 
 369      CD
 370 07f5 40A7806E 		.ascii	"@\247\200n\001\365\000\235\005\032\006\252\343$kab\375"
 370      01F5009D 
 370      051A06AA 
 370      E3246B61 
 370      62FD
 371 0807 F0AA54BA 		.ascii	"\360\252T\272\026\036\347\264(\033\240\235\343\234o"
 371      161EE7B4 
 371      281BA09D 
 371      E39C6F
 372 0816 60CADB6A 		.ascii	"`\312\333j\253\277\233i\266\034C\350<\210'9\367\204"
 372      ABBF9B69 
 372      B61C43E8 
 372      3C882739 
 372      F784
 373 0828 386EDD58 		.ascii	"8n\335X\320N\367\000\304\353\315s\312FZZ\006\\2\226"
 373      D04EF700 
 373      C4EBCD73 
 373      CA465A5A 
 373      065C3296 
 374 083c D2FA15C3 		.ascii	"\322\372\025\3031\177\371\232\303\266\035\261\234\260"
 374      317FF99A 
 374      C3B61DB1 
 374      9CB0
 375 084a 200F77D7 		.ascii	" \017w\327[<Z\240\336\240\016\020J\027\023\255\205\233"
 375      5B3C5AA0 
 375      DEA00E10 
 375      4A1713AD 
 375      859B
 376 085c 2FEE3F20 		.ascii	"/\356? \350\203\213kX\320a[|\220\327)\276\220q\016\273"
 376      E8838B6B 
 376      58D0615B 
 376      7C90D729 
 376      BE90710E 
 377 0871 B81B74E3 		.ascii	"\270\033t\343s\033\274\312u\216\224\330/\357\256\237"
 377      731BBCCA 
 377      758E94D8 
 377      2FEFAE9F 
 378 0881 C2A4B2B7 		.ascii	"\302\244\262\267\202\276\303be\257\222\232\207@Y\337"
 378      82BEC362 
 378      65AF929A 
 378      874059DF 
 379 0891 64812271 		.ascii	"d\201\"q=\002b-\234\354\036\203\032\337\224G\214\013"
 379      3D02622D 
 379      9CEC1E83 
 379      1ADF9447 
 379      8C0B
 380 08a3 92557348 		.ascii	"\222UsH\016\355\223J\366\313KJW\364V\251\310UH\037\322"
 380      0EED934A 
 380      F6CB4B4A 
 380      57F456A9 
 380      C855481F 
 381 08b8 97417626 		.ascii	"\227Av&\246\220\310\320\210'\326\227\177B^\247\272A"
 381      A690C8D0 
 381      8827D697 
ARM GAS  /var/folders/nx/qt6_p4ls4xzbnqkz75ny5wl40000gp/T//cckNUzBo.s 			page 30


 381      7F425EA7 
 381      BA41
 382 08ca 68AF18F0 		.ascii	"h\257\030\360s\202\307\262[\260K`\253\237O\333\007p"
 382      7382C7B2 
 382      5BB04B60 
 382      AB9F4FDB 
 382      0770
 383 08dc DF24A69D 		.ascii	"\337$\246\235\031\3023\374=\026\236\223 R\3548:W\355"
 383      19C233FC 
 383      3D169E93 
 383      2052EC38 
 383      3A57ED
 384 08ef F7D8E6F2 		.ascii	"\367\330\346\362\374\243\007q\004\225'\203\236\001\362"
 384      FCA30771 
 384      04952783 
 384      9E01F2
 385 08fe ED704DE3 		.ascii	"\355pM\343\026\322\014u\310;\320^\307k'\343X \257]2"
 385      16D20C75 
 385      C83BD05E 
 385      C76B27E3 
 385      5820AF5D 
 386 0913 E12C14B9 		.ascii	"\341,\024\271M\033,&t\264\010\362\207\200\374(L\232"
 386      4D1B2C26 
 386      74B408F2 
 386      8780FC28 
 386      4C9A
 387 0925 8BF69366 		.ascii	"\213\366\223f\202\2374\327!P9\362\223\206\241\227\235"
 387      829F34D7 
 387      215039F2 
 387      9386A197 
 387      9D
 388 0936 D10DA0F4 		.ascii	"\321\015\240\364\377iF\223js\377\273\222j\223<\367\274"
 388      FF694693 
 388      6A73FFBB 
 388      926A933C 
 388      F7BC
 389 0948 B3EE6965 		.ascii	"\263\356ies\224d~\205c\244\3129yOR T\251\360\014m\343"
 389      7394647E 
 389      8563A4CA 
 389      39794F52 
 389      2054A9F0 
 390 095f 4782EEB3 		.ascii	"G\202\356\263\301\223\323\200\346\021\217F\332a7t \233"
 390      C193D380 
 390      E6118F46 
 390      DA613774 
 390      209B
 391 0971 7EB4870F 		.ascii	"~\264\207\017\026\351p\017:\014@\207\303@gd:\331\006"
 391      16E9700F 
 391      3A0C4087 
 391      C3406764 
 391      3AD906
 392 0984 A416049D 		.ascii	"\244\026\004\235\015\2104\211\217\201\017b\022C\205"
 392      0D883489 
 392      8F810F62 
 392      124385
 393 0993 128262CD 		.ascii	"\022\202b\315\310c^\222\215\376=\307)\346\370Fg\335"
 393      C8635E92 
ARM GAS  /var/folders/nx/qt6_p4ls4xzbnqkz75ny5wl40000gp/T//cckNUzBo.s 			page 31


 393      8DFE3DC7 
 393      29E6F846 
 393      67DD
 394 09a5 729A4993 		.ascii	"r\232I\223iP#;!%\205\343\231mF\326\310\316r\361\205"
 394      6950233B 
 394      212585E3 
 394      996D46D6 
 394      C8CE72F1 
 395 09ba 092A57BF 		.ascii	"\011*W\277\266\231T.\222\364\205\342D\352w\250\\\371"
 395      B699542E 
 395      92F485E2 
 395      44EA77A8 
 395      5CF9
 396 09cc DFE42B17 		.ascii	"\337\344+\027l\300\321\023G\000\216\357\252;l\305\343"
 396      6CC0D113 
 396      47008EEF 
 396      AA3B6CC5 
 396      E3
 397 09dd BEA3E845 		.ascii	"\276\243\350E{Qk\"\037\006r.rJ>\014/\254C\266\241;\001"
 397      7B516B22 
 397      1F06722E 
 397      724A3E0C 
 397      2FAC43B6 
 398 09f4 919F6BE8 		.ascii	"\221\237k\350x\027\313\265\305\304E2\026\211\242\213"
 398      7817CBB5 
 398      C5C44532 
 398      1689A28B 
 399 0a04 C739AD9D 		.ascii	"\3079\255\235\213\345>\274\213\203 \227\345<G\245\303"
 399      8BE53EBC 
 399      8B832097 
 399      E53C47A5 
 399      C3
 400 0a15 DB6D57A3 		.ascii	"\333mW\243\2563\215)2\265GA\265\021\234\367\001\347"
 400      AE338D29 
 400      32B54741 
 400      B5119CF7 
 400      01E7
 401 0a27 11C07808 		.ascii	"\021\300x\010\250\017\250\032\250\015\350\032P=\320"
 401      A80FA81A 
 401      A80DE81A 
 401      503DD0
 402 0a36 4DC9B4B6 		.ascii	"M\311\264\266>\340\227+\262\201\311\177\311r\225Q\344"
 402      3EE0972B 
 402      B281C97F 
 402      C9729551 
 402      E4
 403 0a47 CA4B96C9 		.ascii	"\312K\226\311O\032Q\264\236\256l\344= Bne\023\253\234"
 403      4F1A51B4 
 403      9EAE6CE4 
 403      3D20426E 
 403      6513AB9C 
 404 0a5b 25E187A0 		.ascii	"%\341\207\240\223\024\270\022^\3206\003J\355uZwJ2\364"
 404      9314B812 
 404      5ED03603 
 404      4AED755A 
 404      774A32F4 
 405 0a6f 81FCA84B 		.ascii	"\201\374\250KRt\017]\333`\031\334\372\262\255\207C\015"
ARM GAS  /var/folders/nx/qt6_p4ls4xzbnqkz75ny5wl40000gp/T//cckNUzBo.s 			page 32


 405      52740F5D 
 405      DB6019DC 
 405      FAB2AD87 
 405      430D
 406 0a81 2FE2B06C 		.ascii	"/\342\260l\015\227\216\3129\273Q\271m\233t\221\326\366"
 406      0D978ECA 
 406      39BB51B9 
 406      6D9B7491 
 406      D6F6
 407 0a93 BC767733 		.ascii	"\274vw3\270N^\013\022\344\\\337\304\331Jvb\375\240\244"
 407      B84E5E0B 
 407      12E45CDF 
 407      C4D94A76 
 407      62FDA0A4 
 408 0aa7 C05BF82A 		.ascii	"\300[\370*!S\340\245\246\333\355L\0172\323\271\254\010"
 408      2153E0A5 
 408      A6DBED4C 
 408      0F32D3B9 
 408      AC08
 409 0ab9 E6BF9D41 		.ascii	"\346\277\235A\322\220\254\312\366\357\355\354\355\354"
 409      D290ACCA 
 409      F6EFEDEC 
 409      EDEC
 410 0ac7 68F98A48 		.ascii	"h\371\212Hr\310&\3778\261\276\177\0059\203;'\377\030"
 410      72C826FF 
 410      38B1BE7F 
 410      0539833B 
 410      27FF18
 411 0ada F616EF90 		.ascii	"\366\026\357\220\365\020B)\363\330:HO\014\372e\373Z"
 411      F5104229 
 411      F3D83A48 
 411      4F0CFA65 
 411      FB5A
 412 0aec 1EB920BA 		.ascii	"\036\271 \272Sy\341\310\204\200\252\373\204-+\3445b"
 412      5379E1C8 
 412      8480AAFB 
 412      842D2BE4 
 412      3562
 413 0afe 175F5AE7 		.ascii	"\027_Z\347\330\213\025/\346\327P\310\255J\371\035\216"
 413      D88B152F 
 413      E6D750C8 
 413      AD4AF91D 
 413      8E
 414 0b0f 70C65239 		.ascii	"p\306R9Y;\253Q\222o\003dQ\370\013=m\356\235\032-V\323"
 414      593BAB51 
 414      926F0364 
 414      51F80B3D 
 414      6DEE9D1A 
 415 0b26 36924623 		.ascii	"6\222F#\034m\334[>\372\037o\246\361\3110OI\305\305\030"
 415      1C6DDC5B 
 415      3EFA1F6F 
 415      A6F1C930 
 415      4F49C5C5 
 416 0b3b 8F726FC2 		.ascii	"\217ro\302\377\2179%\323\332\325];\212\361c\025;ln\316"
 416      FF8F3925 
 416      D3DAD55D 
 416      3B8AF163 
ARM GAS  /var/folders/nx/qt6_p4ls4xzbnqkz75ny5wl40000gp/T//cckNUzBo.s 			page 33


 416      153B6C6E 
 417 0b50 8CF05AB4 		.ascii	"\214\360Z\264\333l)\037\236:Z\347\261\035<1[gg\337\241"
 417      DB6C291F 
 417      9E3A5AE7 
 417      B11D3C31 
 417      5B6767DF 
 418 0b65 BDD098AD 		.ascii	"\275\320\230\255\026(\310=\365\032=\341\026\221/\017"
 418      1628C83D 
 418      F51A3DE1 
 418      16912F0F 
 419 0b75 6D23F11A 		.ascii	"m#\361\032\251\315\343vu\374)\265\371\027\336dJ\334"
 419      A9CDE376 
 419      75FC29B5 
 419      F917DE64 
 419      4ADC
 420 0b87 E31637BC 		.ascii	"\343\0267\274\303\215\2357D],D\324\244\365Q\337)\230"
 420      C38D9D37 
 420      445D2C44 
 420      D4A4F551 
 420      DF2998
 421 0b9a 11E6C6D9 		.ascii	"\021\346\306\331\331\017i\0274.18.\030\234\240\006_"
 421      D90F6917 
 421      342E3138 
 421      2E189CA0 
 421      065F
 422 0bac 1E8C672C 		.ascii	"\036\214g,\030S\333R\033\334\244\310$'\256\012\364\234"
 422      1853DB52 
 422      1BDCA4C8 
 422      2427AE0A 
 422      F49C
 423 0bbe 029B1482 		.ascii	"\002\233\024\202q\260\371i\217'\316e\310\332\036<:\355"
 423      71B0F969 
 423      8F27CE65 
 423      C8DA1E3C 
 423      3AED
 424 0bd0 C290ED39 		.ascii	"\302\220\3559\251o\2146O\315\316b\332\005MI\200M\011"
 424      A96F8C36 
 424      4FCDCE62 
 424      DA054D49 
 424      804D09
 425 0be3 C0A629B0 		.ascii	"\300\246)\260\212\211\243\327\\(\210Y\021X\332\345x"
 425      8A89A3D7 
 425      5C288859 
 425      1158DAE5 
 425      78
 426 0bf4 2FA71866 		.ascii	"/\247\030f)\206\031\001\303\266\336\362k\360~\3040T"
 426      29861901 
 426      C3B6DEF2 
 426      6BF07EC4 
 426      3054
 427 0c06 DC1B6ED7 		.ascii	"\334\033n\327\000\006+\311\330\352_E\344\304Zh\200\320"
 427      00062BC9 
 427      D8EA5F45 
 427      E4C45A68 
 427      80D0
 428 0c18 3BA41B32 		.ascii	";\244\0332c\021\007\3343\034\021\230\3408\373\360y\212"
 428      631107DC 
ARM GAS  /var/folders/nx/qt6_p4ls4xzbnqkz75ny5wl40000gp/T//cckNUzBo.s 			page 34


 428      331C1198 
 428      E038FBF0 
 428      798A
 429 0c2a C6160C86 		.ascii	"\306\026\014\206\243j{\321\204\326\371(Ea\002$\022\363"
 429      A36A7BD1 
 429      84D6F928 
 429      45610224 
 429      12F3
 430 0c3c 40265347 		.ascii	"@&SG\2125\370(\003R\3378\364?\024\207\265\244\302\224"
 430      8A35F828 
 430      0352DF38 
 430      F43F1487 
 430      B5A4C294 
 431 0c50 69CE8E34 		.ascii	"i\316\2164\317\000\012\332\007EKPD\013(b(\212\315\033"
 431      CF000ADA 
 431      07454B50 
 431      440B2862 
 431      288ACD1B 
 432 0c64 C71354B8 		.ascii	"\307\023T\270\225\327q-fH\305\224TW|!QBB\032+Q\022+"
 432      95D7712D 
 432      6648C594 
 432      54577C21 
 432      5142421A 
 433 0c7c 2889A34A 		.ascii	"(\211\243JR\352\262#\335\330+\363\033\364\335\2620f"
 433      52EAB223 
 433      DDD82BF3 
 433      1BF4DDB2 
 433      3066
 434 0c8e 847DF5EA 		.ascii	"\204}\365\352\240\207\364\261\335\325z\334\305l\034"
 434      A087F4B1 
 434      DDD57ADC 
 434      C56C1C
 435 0c9d 6E1AFB06 		.ascii	"n\032\373\006\356g\367\265\023Uy\236\264\237\225\035"
 435      EE67F7B5 
 435      1355799E 
 435      B49F951D 
 436 0cad 16D40D3E 		.ascii	"\026\324\015>a\247\334o\323\227\355\351\347\375\236"
 436      61A7DC6F 
 436      D397EDE9 
 436      E7FD9E
 437 0cbc F821933D 		.ascii	"\370!\223=\262\357p\201\007~\316\230\224\355\003\225"
 437      B2EF7081 
 437      077ECE98 
 437      94ED0395 
 438 0ccc 9E78A39A 		.ascii	"\236x\243\2322\033\013Z\373\2648\2311G*\017\301J\227"
 438      321B0B5A 
 438      FBB43899 
 438      31472A0F 
 438      C14A97
 439 0cdf C1988188 		.ascii	"\301\230\201\210\354,O\274\2331'\267\015\375\021\357"
 439      EC2C4FBC 
 439      9B3127B7 
 439      0DFD11EF 
 440 0cef 67F79DBD 		.ascii	"g\367\235\275\227\366{\340R\312\270\245\224<mpC\364"
 440      97F67BE0 
 440      52CAB8A5 
 440      943C6D70 
ARM GAS  /var/folders/nx/qt6_p4ls4xzbnqkz75ny5wl40000gp/T//cckNUzBo.s 			page 35


 440      43F4
 441 0d01 0514DE33 		.ascii	"\005\024\3363\245\313\362f\274\020m\3010\317\023\301"
 441      A5CBF266 
 441      BC106DC1 
 441      30CF13C1 
 442 0d11 F774CC6A 		.ascii	"\367t\314j\364.\354\203vbo\264\003(\003(\023h;P\026"
 442      F42EEC83 
 442      76626FB4 
 442      03280328 
 442      13683B50 
 443 0d26 962C7335 		.ascii	"\226,s5g\305\265c\033\337\331\331\332a\266\226\226\210"
 443      67C5B563 
 443      1BDFD9D9 
 443      DA61B696 
 443      9688
 444 0d38 3BA71447 		.ascii	";\247\024G\351\027vNG$\272S\345u\213\213Xq\211\270\033"
 444      E917764E 
 444      4724BA53 
 444      E5758B8B 
 444      587189B8 
 445 0d4d 4996576D 		.ascii	"I\226Wm\333\323[\212\026\363kc\022/)\2636\320\352[\270"
 445      DBD35B8A 
 445      16F36B63 
 445      122F29B3 
 445      36D0EA5B 
 446 0d62 85545F90 		.ascii	"\205T_\220\220;\225\256\227\340Ks4)\331X\221\357\211"
 446      903B95AE 
 446      97E04B73 
 446      3429D958 
 446      91EF89
 447 0d75 C989955E 		.ascii	"\311\211\225^h\276\217l\320\367@\240_5\350\374\276\250"
 447      68BE8F6C 
 447      D0F740A0 
 447      5F35E8FC 
 447      BEA8
 448 0d87 CEA3812C 		.ascii	"\316\243\201,H\273\241\327V[\272R\234\364\017F\376z"
 448      48BBA1D7 
 448      565BBA52 
 448      9CF40F46 
 448      FE7A
 449 0d99 EE95C34A 		.ascii	"\356\225\303J\\\315\322\240`\354\304}\214\033\030Sz"
 449      5CCDD2A0 
 449      60ECC47D 
 449      8C1B1853 
 449      7A
 450 0daa A0B1C51D 		.ascii	"\240\261\305\035_d\314\211\363\327\212\\\331g&v(\324"
 450      5F64CC89 
 450      F3D78A5C 
 450      D9672676 
 450      28D4
 451 0dbc 5A7D831D 		.ascii	"Z}\203\035q\275N\330S9}\333\324\370\036\237e\245\221"
 451      71BD4ED8 
 451      53397DDB 
 451      D4F81E9F 
 451      65A591
 452 0dcf B0E63F67 		.ascii	"\260\346?gLzj\332a5\336\254\241L\177AN\253\007\336\306"
 452      4C7A6ADA 
ARM GAS  /var/folders/nx/qt6_p4ls4xzbnqkz75ny5wl40000gp/T//cckNUzBo.s 			page 36


 452      6135DEAC 
 452      A14C7F41 
 452      4EAB07DE 
 453 0de4 98F6DD96 		.ascii	"\230\366\335\226\203^x\027e\270\007\245)\207\204\317"
 453      835E7817 
 453      65B807A5 
 453      298784CF 
 454 0df4 9DD67B7F 		.ascii	"\235\326{\177tCEX\203\012\360\253~E+\304\262_\321r:"
 454      74434558 
 454      830AF0AB 
 454      7E452BC4 
 454      B25FD172 
 455 0e09 1B0E21BC 		.ascii	"\033\016!\274\237\331;v\256:\035\321\372\362\231P^\306"
 455      9FD93B76 
 455      AE3A1DD1 
 455      FAF29950 
 455      5EC6
 456 0e1b 8F9E1C71 		.ascii	"\217\236\034quZ\346Jiu)\021\252K\355\315\321V5.c\312"
 456      755AE64A 
 456      69752911 
 456      AA4BEDCD 
 456      D156352E 
 457 0e31 8A530F37 		.ascii	"\212S\0177\272\333\235b\203\264\244o9\026?\213q\305"
 457      BADB9D62 
 457      83B4A46F 
 457      39163F8B 
 457      71C5
 458 0e43 9DF969EE 		.ascii	"\235\371i\356H\353\343L\034U\002|\261\007\215A]\224"
 458      48EBE34C 
 458      1C55027C 
 458      B1078D41 
 458      5D94
 459 0e55 0632AA02 		.ascii	"\0062\252\002\032\313\304(\200\214m\340\366\216\245"
 459      1ACBC428 
 459      808C6DE0 
 459      F68EA5
 460 0e64 1E71C7D5 		.ascii	"\036q\307\325\014N\241u\3173O\334H\031M\303\303\210"
 460      0C4EA175 
 460      CF334FDC 
 460      48194DC3 
 460      C388
 461 0e76 65C8879E 		.ascii	"e\310\207\236\026yk\275}\250\272\226\234\327@]\025\344"
 461      16796BBD 
 461      7DA8BA96 
 461      9CD7405D 
 461      15E4
 462 0e88 C13E515D 		.ascii	"\301>Q]5\266{\227f\351\226\003\351\226K\322\355\020"
 462      35B67B97 
 462      66E99603 
 462      E9964BD2 
 462      ED10
 463 0e9a 80AAE6D3 		.ascii	"\200\252\346\323\255\001\356\017Cz\325\003\035\001\252"
 463      AD01EE0F 
 463      437AD503 
 463      1D01AA
 464 0ea9 01AA95CC 		.ascii	"\001\252\225\314o\250\365\023K\370\315u\035`\316\003"
 464      6FA8F513 
ARM GAS  /var/folders/nx/qt6_p4ls4xzbnqkz75ny5wl40000gp/T//cckNUzBo.s 			page 37


 464      4BF8CD75 
 464      1D60CE03 
 465 0eb9 23D558F6 		.ascii	"#\325X\366\234@\326\326~^\376UlY\007\213\330|\")R\354"
 465      9C40D6D6 
 465      7E5EFE55 
 465      6C59078B 
 465      D87C2229 
 466 0ecf 68C8F1EB 		.ascii	"h\310\361\353\327\020\3353\2238\036\220\027\225\024"
 466      D710DD33 
 466      93381E90 
 466      179514
 467 0ede 927BFC6B 		.ascii	"\222{\374k)9\273q\024\226\324\021\3510Va\351n\260\016"
 467      2939BB71 
 467      1496D411 
 467      E9305661 
 467      E96EB00E 
 468 0ef2 DB36A296 		.ascii	"\3336\242\226\036j\230\004#_6\030\222oZ76\221\352Q\375"
 468      1E6A9804 
 468      235F3618 
 468      926F5A37 
 468      3691EA51 
 469 0f07 42F52085 		.ascii	"B\365 \205\375X\313a\016\237\246\003\353:>Q\223\351"
 469      FD58CB61 
 469      0E9FA603 
 469      EB3A3E51 
 469      93E9
 470 0f19 C58E067D 		.ascii	"\305\216\006}(\340\035%b$\216\202\225&g\356\311\276"
 470      28E01D25 
 470      62248E82 
 470      952667EE 
 470      C9BE
 471 0f2b 5BEDE57B 		.ascii	"[\355\345{\220\240\237\204\240\237\200@\037\003:\016"
 471      90A09F84 
 471      A09F8040 
 471      1F033A0E 
 472 0f3b D4280D78 		.ascii	"\324(\015x<_\300\004g\232\2348C\205\023J\354GG\006\223"
 472      3C5FC004 
 472      679A9C38 
 472      4385134A 
 472      EC474706 
 473 0f50 588D675A 		.ascii	"X\215gZE\315y\262\232\305\032;M\243\324$\023%n\374^"
 473      45CD79B2 
 473      9AC51A3B 
 473      4DA3D424 
 473      13256EFC 
 474 0f65 69891252 		.ascii	"i\211\022R\236\257z\325\236]\244\352\235\006e\331b\266"
 474      9EAF7AD5 
 474      9E5DA4EA 
 474      9D0665D9 
 474      62B6
 475 0f77 37C965BB 		.ascii	"7\311e\273-\030\247 \000/\013\0069\357\355\031\032U"
 475      2D18A720 
 475      002F0B06 
 475      39EFED19 
 475      1A55
 476 0f89 E24E36EB 		.ascii	"\342N6\353rf\366\224\271\341\253\214i\274\035s\321\003"
 476      7266F694 
ARM GAS  /var/folders/nx/qt6_p4ls4xzbnqkz75ny5wl40000gp/T//cckNUzBo.s 			page 38


 476      B9E1AB8C 
 476      69BC1D73 
 476      D103
 477 0f9b 0FF1B5A6 		.ascii	"\017\361\265\246\267"
 477      B7
 478 0fa0 6D939A94 		.ascii	"m\223\232\224\207\250\227}\344J\257.~\242\306\317h7"
 478      87A8977D 
 478      E44AAF2E 
 478      7EA2C6CF 
 478      6837
 479 0fb2 7CBE2317 		.ascii	"|\276#\027v\005\336\363at\243\243`N\015\177\320\306"
 479      7605DEF3 
 479      6174A3A3 
 479      604E0D7F 
 479      D0C6
 480 0fc4 E6542BC4 		.ascii	"\346T+\304\247\015\\i\237kN9\274G\235\341\345\211G\347"
 480      A70D5C69 
 480      9F6B4E39 
 480      BC479DE1 
 480      E58947E7 
 481 0fd8 C0A3B392 		.ascii	"\300\243\263\222\245\301\332F\027\254v\271`v\365W\027"
 481      A5C1DA46 
 481      17AC76B9 
 481      6076F557 
 481      17
 482 0fe9 73B635C8 		.ascii	"s\2665\310A\351yP\344L)D\376\276'=j\350\000\211\026"
 482      41E97950 
 482      E44C2944 
 482      FEBE273D 
 482      6AE80089 
 483 0ffe 31F2     		.ascii	"1\362"
 484 1000 ED92F566 		.ascii	"\355\222\365f6\272\255\003\341(w\266\212t\024_V\341"
 484      36BAAD03 
 484      E12877B6 
 484      8A74145F 
 484      56E1
 485 1012 38C6745C 		.ascii	"8\306t\\\351HC8\2051=\373\257\317*q\016e\270[\343\315"
 485      E9484338 
 485      85313DFB 
 485      AFCF2A71 
 485      0E65B85B 
 486 1028 F725BF85 		.ascii	"\367%\277\205\271I\277q]\201\374\272\364\312\013\304"
 486      B949BF71 
 486      5D81FCBA 
 486      F4CA0BC4 
 487 1038 65F905A2 		.ascii	"e\371\005\242x\340\300U\214\213\250\031\\V\326\375W"
 487      78E0C055 
 487      8C8BA819 
 487      5C56D6FD 
 487      57
 488 1049 671F7715 		.ascii	"g\037w\025\250\233\367\372\032h\272*-}wo\014\363oP\004"
 488      A89BF7FA 
 488      1A68BA2A 
 488      2D7D776F 
 488      0CF36F50 
 489 105e 521740EA 		.ascii	"R\027@\352\236#\213'\226\273\221\347/\206\275\251\303"
 489      9E238B27 
ARM GAS  /var/folders/nx/qt6_p4ls4xzbnqkz75ny5wl40000gp/T//cckNUzBo.s 			page 39


 489      96BB91E7 
 489      2F86BDA9 
 489      C3
 490 106f FCDC85CF 		.ascii	"\374\334\205\317a\353\264+B7@\313E\321\301n<\327\301"
 490      61EBB42B 
 490      423740CB 
 490      45D1C16E 
 490      3CD7C1
 491 1082 E7754025 		.ascii	"\347u@%\207\020||\324\276i#\302\235,\256{\266V>c;\321"
 491      87107C7C 
 491      D4BE6923 
 491      C29D2CAE 
 491      7BB6563E 
 492 1099 30BAC11D 		.ascii	"0\272\301\035J\252\325\340\313\354\331\266\341\352."
 492      4AAAD5E0 
 492      CBECD9B6 
 492      E1EA2E
 493 10a8 35BEC598 		.ascii	"5\276\305\230\221\263Y'<\361]w\273\257\252\336\354\253"
 493      91B35927 
 493      3CF15D77 
 493      BBAFAADE 
 493      ECAB
 494 10ba EAB3B88D 		.ascii	"\352\263\270\215\321\032\312\316\012\177t\234\316\304"
 494      D11ACACE 
 494      0A7F749C 
 494      CEC4
 495 10c8 24EFD30A 		.ascii	"$\357\323\012\337o,Q\346oDT\274-9Q\273\003\270\274\371"
 495      DF6F2C51 
 495      E66F4454 
 495      BC2D3951 
 495      BB03B8BC 
 496 10dd 31E883CA 		.ascii	"1\350\203\312\337\217\205/\254OO\275M\206\3646\304\257"
 496      DF8F852F 
 496      AC4F4FBD 
 496      4D86F436 
 496      C4AF
 497 10ef 57F4D85B 		.ascii	"W\364\330[\374\026z\343P\313\264\213s\315\203\3164\317"
 497      FC167AE3 
 497      50CBB48B 
 497      73CD83CE 
 497      34CF
 498 1101 1C4FA5BF 		.ascii	"\034O\245\277\341\031\000\315\267D\315`\310\246:s\364"
 498      E11900CD 
 498      B744CD60 
 498      C8A63A73 
 498      F4
 499 1112 6AF31CA0 		.ascii	"j\363\034\240\357:S\335U4\276\222\274\315\017\201j\253"
 499      EF3A53DD 
 499      5534BE92 
 499      BCCD0F81 
 499      6AAB
 500 1124 A87A4054 		.ascii	"\250z@T\215\314O.%z\321MS\243\007\341\257mL\216\362"
 500      8DCC4F2E 
 500      257AD14D 
 500      53A307E1 
 500      AF6D4C8E 
 501 1139 A4C1EF62 		.ascii	"\244\301\357b\337\237*\216\216\263_\273\320d\274:}\261"
ARM GAS  /var/folders/nx/qt6_p4ls4xzbnqkz75ny5wl40000gp/T//cckNUzBo.s 			page 40


 501      DF9F2A8E 
 501      8EB35FBB 
 501      D064BC3A 
 501      7DB1
 502 114b C74B23F9 		.ascii	"\307K#\371j\007\017$\011\370\220h\206tB\0170\025\257"
 502      6A070F24 
 502      09F89068 
 502      8674420F 
 502      3015AF
 503 115e 9F2D1BF5 		.ascii	"\237-\033\365x-\211/f\2132<)\224{\200\361>&\362\217"
 503      782D892F 
 503      668B323C 
 503      29947B80 
 503      F13E26F2 
 504 1173 F06B422F 		.ascii	"\360kB/\372\201/\341I\247\026?a\003Zqi\360\012\333\276"
 504      FA812FE1 
 504      49A7163F 
 504      61035A71 
 504      69F00ADB 
 505 1188 AD273BFE 		.ascii	"\255';\376\366\007\267:<\371oNti!/o\375\377\314\237"
 505      F607B73A 
 505      3CF96F4E 
 505      7469212F 
 505      6FFDFFCC 
 506 119d E89244BC 		.ascii	"\350\222D\274\011\036\216J\323\272\007\277\270\242g"
 506      091E8E4A 
 506      D3BA07BF 
 506      B8A267
 507 11ac C08C8B07 		.ascii	"\300\214\213\007\373\033\311\222\276\211\357A2\362\031"
 507      FB1BC992 
 507      BE89EF41 
 507      32F219
 508 11bb 0471020A 		.ascii	"\004q\002\012\351\023\240\247@\343@\217\201\306\304"
 508      E913A0A7 
 508      40E3408F 
 508      81C6C4
 509 11ca 7964B69E 		.ascii	"yd\266\236}\244l\314XJ`\243a\276\257\340\014\032\301"
 509      7DA46CCC 
 509      584A60A3 
 509      61BEAFE0 
 509      0C1AC1
 510 11dd D275C36C 		.ascii	"\322u\303l\335U\366{\262l\220\012\337\314\313\332*\371"
 510      DD55F67B 
 510      B26C900A 
 510      DFCCCBDA 
 510      2AF9
 511 11ef 0B275CF9 		.ascii	"\013'\\\371ed%&5\351\202\243\027\245\234\203l\261/\210"
 511      65642526 
 511      35E982A3 
 511      17A59C83 
 511      6CB12F88 
 512 1203 92EF129D 		.ascii	"\222\357\022\235\274\250\355\374\334\376\204\315l\311"
 512      BCA8EDFC 
 512      DCFE84CD 
 512      6CC9
 513 1211 20926463 		.ascii	" \222dcm\341%m\373t\207\031\2779\221\224\332Q\2719?"
 513      6DE1256D 
ARM GAS  /var/folders/nx/qt6_p4ls4xzbnqkz75ny5wl40000gp/T//cckNUzBo.s 			page 41


 513      FB748719 
 513      BF399194 
 513      DA51B939 
 514 1226 52DC54C1 		.ascii	"R\334T\301I\267\373v\021|\016Q{\325\010\012\037\251"
 514      49B7FB76 
 514      117C0E51 
 514      7BD5080A 
 514      1FA9
 515 1238 BC6A48FD 		.ascii	"\274jH\375\235\204^\011bN\216J\352\357\350\316[\000"
 515      9D845E09 
 515      624E8E4A 
 515      EAEFE8CE 
 515      5B00
 516 124a 385ACB7E 		.ascii	"8Z\313~<\026\267u\230\373v6{Y\277\377\257M\373\314\226"
 516      3C16B775 
 516      98FB7636 
 516      7B59BFFF 
 516      AF4DFBCC 
 517 125f F828B3F9 		.ascii	"\370(\263\371\347\263\263*\252c\212\351\260AR\220\026"
 517      E7B3B32A 
 517      AA638AE9 
 517      B0415290 
 517      16
 518 1270 A2084DE3 		.ascii	"\242\010M\343o\223\317\272\233\023\036\272\332\355\202"
 518      6F93CFBA 
 518      9B131EBA 
 518      DAED82
 519 127f 3BEC4EC7 		.ascii	";\354N\307f\330~\210\\A\272\345\372\255\022l'=i\267"
 519      66D87E88 
 519      5C41BAE5 
 519      FAAD126C 
 519      273D69B7 
 520 1293 7B9AE5A5 		.ascii	"{\232\345\245g\251\264\360S0O\366S\260\035Wn\217a\232"
 520      67A9B4F0 
 520      53304FF6 
 520      53B01D57 
 520      6E8F619A 
 521 12a7 B1F40D3A 		.ascii	"\261\364\015:aS\305\254\312\371\\\211T\362s\345\007"
 521      6153C5AC 
 521      CAF95C89 
 521      54F273E5 
 521      07
 522 12b8 74AAEC1E 		.ascii	"t\252\354\036L\337\241\346\247\212\305\274\010\321\337"
 522      4CDFA1E6 
 522      A78AC5BC 
 522      08D1DF
 523 12c7 BF98950B 		.ascii	"\277\230\225\013Q\204\222\036#(_\023\372PF\362\205\326"
 523      5184921E 
 523      23285F13 
 523      FA5046F2 
 523      85D6
 524 12d9 937DA11D 		.ascii	"\223}\241\035\317\261\336C\324\272\212\356\312b\252"
 524      CFB1DE43 
 524      D4BA8AEE 
 524      CA62AA
 525 12e8 ABD94476 		.ascii	"\253\331Dv%ln\356p\272\207s0q\002\230X%E\363 \352^\211"
 525      256C6EEE 
ARM GAS  /var/folders/nx/qt6_p4ls4xzbnqkz75ny5wl40000gp/T//cckNUzBo.s 			page 42


 525      70BA8773 
 525      30710298 
 525      582545F3 
 526 1300 AB387119 		.ascii	"\2538q\031\232h@\023C\321\304S4q\014M<Es\363a\3733d"
 526      9A684013 
 526      43D1C453 
 526      34710C4D 
 526      3C4573F3 
 527 1318 17B928BB 		.ascii	"\027\271(\273\267\215\215J\0269\270\202tSfy\251\375"
 527      B78D8D4A 
 527      1639B882 
 527      74536679 
 527      A9FD
 528 132a 2F6CC8C9 		.ascii	"/l\310\311\213(\235\300K'P\351\332\347\275\027\225N"
 528      8B289DC0 
 528      4B2750E9 
 528      DAE7BD17 
 528      954E
 529 133c DF813629 		.ascii	"\337\2016)\245\347`M;\362\266\253q\034K\236\374\353"
 529      A5E7604D 
 529      3BF2B6AB 
 529      711C4B9E 
 529      FCEB
 530 134e B337F0A2 		.ascii	"\2637\360\242\335\346\306\362\362\202\221Ar*\310NG~"
 530      DDE6C6F2 
 530      F2829141 
 530      722AC84E 
 530      477E
 531 1360 493AA1CD 		.ascii	"I:\241\315J\361t\004\356i\372\241-Jr:\322\177q\304\254"
 531      4AF17404 
 531      EE69FAA1 
 531      2D4A723A 
 531      D27F71C4 
 532 1375 C1079896 		.ascii	"\301\007\230\226\375\017\352\006\325L\313\215-w\260"
 532      FD0FEA06 
 532      D54CCB8D 
 532      2D77B0
 533 1384 8396AD12 		.ascii	"\203\226\255\022-[\005-\211TK|Iy\035;;;f;\266\272v`"
 533      2D5B052D 
 533      89544B7C 
 533      49791D3B 
 533      3B3B663B 
 534 139c E6A1F363 		.ascii	"\346\241\363c\253d\352K\222\222wf\306\232hV\343z\006"
 534      AB64EA4B 
 534      92927766 
 534      C69A6856 
 534      E37A06
 535 13af 237BA83B 		.ascii	"#{\250;Q\203[\031\363\340\364\314\001r\"\206R\251I\362"
 535      51835B19 
 535      F3E0F4CC 
 535      01722286 
 535      52A949F2 
 536 13c3 853EB571 		.ascii	"\205>\265q\014Q\224\303GF\363\177\235\\\026\313\216"
 536      0C5194C3 
 536      4746F37F 
 536      9D5C16CB 
 536      8E
ARM GAS  /var/folders/nx/qt6_p4ls4xzbnqkz75ny5wl40000gp/T//cckNUzBo.s 			page 43


 537 13d4 FDD09EC6 		.ascii	"\375\320\236\306$%Q\214R\004\244h\033\030 ,\003\233"
 537      2425518C 
 537      5204A468 
 537      1B18202C 
 537      039B
 538 13e6 46C15647 		.ascii	"F\301VG=\251r\245`a*\360`\257\037|r\034\333\316\273"
 538      3DA972A5 
 538      60612AF0 
 538      60AF1F7C 
 538      721CDBCE 
 539 13fb D295B4B1 		.ascii	"\322\225\264\261\303|\260\0279\365 \203z\260]\360\240"
 539      C37CB017 
 539      39F52083 
 539      7AB05DF0 
 539      A0
 540 140c 3EF5582A 		.ascii	">\365X*\302\361\036\024\364\365\222\216\002%\203\010"
 540      C2F11E14 
 540      F4F5928E 
 540      02258308 
 541 141c B5FB4F4D 		.ascii	"\265\373OM\373D\210\363HG\224)\211e\246\000o\007\205"
 541      FB4488F3 
 541      48479429 
 541      8965A600 
 541      6F0785
 542 142f 57753539 		.ascii	"Wu59S\213\323\230\242\231\252\364IN\030\327\352%\016"
 542      538BD398 
 542      A299AAF4 
 542      494E18D7 
 542      EA250E
 543 1442 23B253A2 		.ascii	"#\262S\242e\247\240e\027\325\262\273\343\306\220\022"
 543      65A7A065 
 543      17D5B2BB 
 543      E3C69012 
 544 1452 67F35AA2 		.ascii	"g\363Z\242:z\\\204q}\3548\256Y\022-Y\202\226\335T\313"
 544      3A7A5C84 
 544      717DEC38 
 544      AE59122D 
 544      598296DD 
 545 1468 40C37D33 		.ascii	"@\303}3Gg\336J\242g\313\344\310Y6\3254\364\360\267y"
 545      4767DE4A 
 545      A267CBE4 
 545      C85936D5 
 545      34F4F0B7 
 546 147d FBFB9453 		.ascii	"\373\373\224S\023\256\346Il-v>\361\366\012\023/\233"
 546      13AEE649 
 546      6C2D763E 
 546      F1F60A13 
 546      2F9B
 547 148f 4DBCA184 		.ascii	"M\274\241\204\202L\316q\342\355\201\211g\241\023/\207"
 547      824CCE71 
 547      E2ED8189 
 547      67A1132F 
 547      87
 548 14a0 4E3CDA89 		.ascii	"N<\332\211\232:XX\245\222J\217\316%};%\015V\255\022"
 548      9A3A5858 
 548      A5924A8F 
 548      CE257D3B 
ARM GAS  /var/folders/nx/qt6_p4ls4xzbnqkz75ny5wl40000gp/T//cckNUzBo.s 			page 44


 548      250D56AD 
 549 14b5 E6FC48EC 		.ascii	"\346\374H\354\303H\016W1\246\361\362\223R\015\024\331"
 549      C3480E57 
 549      31A6F1F2 
 549      93520D14 
 549      D9
 550 14c6 0ECBF0D4 		.ascii	"\016\313\360\324\321A\217Ts\344f\3305\316~\370\016\312"
 550      D1418F54 
 550      73E466D8 
 550      35CE7EF8 
 550      0ECA
 551 14d8 55BE86F6 		.ascii	"U\276\206\366A$\236p\213$\212\367\223x\240\375\010\362"
 551      41249E70 
 551      8B248AF7 
 551      9378A0FD 
 551      08F2
 552 14ea 2F4F49AA 		.ascii	"/OI\252\354\366\364\326]*|\202jS\366?\2739\256B\013"
 552      ECF6F4D6 
 552      5D2A7C82 
 552      6A53F63F 
 552      BB39AE42 
 553 14ff D53E0BC9 		.ascii	"\325>\013\311\317\364\012\225jE\034\375\311Td\322\274"
 553      CFF40A95 
 553      6A451CFD 
 553      C95464D2 
 553      BC
 554 1510 BFD97E32 		.ascii	"\277\331~2U\244\364\241\217\024\250\000\324\026+\331"
 554      55A4F4A1 
 554      8F14A800 
 554      D4162BD9 
 555 1520 9685FCF0 		.ascii	"\226\205\374\360\017ZQ\276\322\361\207\177L\221\223"
 555      0F5A51BE 
 555      D2F1877F 
 555      4C9193
 556 152f 33D813E7 		.ascii	"3\330\023\347\267\325\270HS\222\350\220\234\222\320"
 556      B7D5B848 
 556      5392E890 
 556      9C92D0
 557 153e 9C2C1172 		.ascii	"\234,\021rr\240\264\266A\213\3170\327\333\006'\223Y"
 557      72A0B4B6 
 557      418BCF30 
 557      D7DB0627 
 557      9359
 558 1550 2A0DD78C 		.ascii	"*\015\327\214Oi\213\311~\202\034J\243\210\350_\220\216"
 558      4F698BC9 
 558      7E821C4A 
 558      A388E85F 
 558      908E
 559 1562 A84C9207 		.ascii	"\250L\222\007eB\036\224;\2352Q1g\322=\234\037\007WR"
 559      65421E94 
 559      3B9D3251 
 559      3167D23D 
 559      9C1F0757 
 560 1577 28150294 		.ascii	"(\025\002\224\2726K\271\027\236bPZZk\312\265\302\364"
 560      BA364BB9 
 560      179E6250 
 560      5A5A6BCA 
ARM GAS  /var/folders/nx/qt6_p4ls4xzbnqkz75ny5wl40000gp/T//cckNUzBo.s 			page 45


 560      B5C2F4
 561 158a C8FDF7E4 		.ascii	"\310\375\367\344<\351\364\200\216\350\200\004\312\001"
 561      3CE9F480 
 561      8EE88004 
 561      CA01
 562 1598 01CA410A 		.ascii	"\001\312A\012\345`\345\203\253\366\277\025}nWP\017\361"
 562      E560E583 
 562      ABF6BF15 
 562      7D6E5750 
 562      0FF1
 563 15aa 05F5102D 		.ascii	"\005\365\020-\250\3151\367\257c\274\325\223\232\275"
 563      A8CD31F7 
 563      AF63BCD5 
 563      939ABD
 564 15b9 DB79A94E 		.ascii	"\333y\251N)D \327K\032\001D\265TI\314V\011f\017S\263"
 564      294420D7 
 564      4B1A0144 
 564      B55449CC 
 564      5609660F 
 565 15cf 3B932E64 		.ascii	";\223.d\262\0250\200\250\272_i9\345Fs\237n&\307\037"
 565      B2153080 
 565      A8BA5F69 
 565      39E54673 
 565      9F6E26C7 
 566 15e4 173D573A 		.ascii	"\027=W:\317\375\032!\367\311's2\024\211'\273\264\216"
 566      CFFD1A21 
 566      F7C92773 
 566      32148927 
 566      BBB48E
 567 15f7 B95F0DD9 		.ascii	"\271_\015\331q\204&]-\315\346\032!\233\213\006\017\225"
 567      7184265D 
 567      2DCDE61A 
 567      219B8B06 
 567      0F95
 568 1609 718EB9EF 		.ascii	"q\216\271\357T\372AU\354\250'\336\305<N\334\270\267"
 568      54FA4155 
 568      ECA827DE 
 568      C53C4EDC 
 568      B8B7
 569 161b C65348F7 		.ascii	"\306SH\367\3747$\351^\307\247\3734\244\273\250\253^"
 569      FC3724E9 
 569      5EC7A7FB 
 569      34A4BBA8 
 569      AB5E
 570 162d 4CF706E5 		.ascii	"L\367\006\345\267\025.\301\306\265:\223\353o~\377\247"
 570      B7152EC1 
 570      C6B53A93 
 570      EB6F7EFF 
 570      A7
 571 163e 452B14AA 		.ascii	"E+\024\252\300\020\323\217\227\353Lj\235\216\277\373"
 571      C010D38F 
 571      97EB4C6A 
 571      9D8EBFFB 
 572 164e 4FDF70A3 		.ascii	"O\337p\243\3017(\324\337/\310w\205>(\310\317\340\353"
 572      C13728D4 
 572      DF2FC877 
 572      853E28C8 
ARM GAS  /var/folders/nx/qt6_p4ls4xzbnqkz75ny5wl40000gp/T//cckNUzBo.s 			page 46


 572      CFE0EB
 573 1661 67085E1C 		.ascii	"g\010^\034\022\032\242_\254\367\3732p\361Z\177\177\337"
 573      121AA25F 
 573      ACF7FB32 
 573      70F15A7F 
 573      7FDF
 574 1673 E54B97BD 		.ascii	"\345K\227\275\277\364g\313\227\331?\362\015\014\361"
 574      BFF467CB 
 574      97D93FF2 
 574      0D0CF1
 575 1682 0F0A5FAD 		.ascii	"\017\012_\255\367\015\366\363\017\010\014\321\373\352"
 575      F70DF6F3 
 575      0F080CD1 
 575      FBEA
 576 1690 56EBD7F8 		.ascii	"V\353\327\370\205\007\231t\246\015az\343\222\000\305"
 576      85079974 
 576      A60D617A 
 576      E39200C5 
 577 16a0 1FFE0F94 		.ascii	"\037\376\017\224\0337\030}uF\323j\300\013\032?X\262"
 577      1B37187D 
 577      7546D36A 
 577      C00B1A3F 
 577      58B2
 578 16b2 C4774540 		.ascii	"\304wE@\340\227\201\237\255\362\0155\372\032L\276a\241"
 578      E097819F 
 578      ADF20D35 
 578      FA1A4CBE 
 578      61A1
 579 16c4 0693D1F7 		.ascii	"\006\223\321\367\027\237\177\272\342\323\365\276\376"
 579      179F7FBA 
 579      E2D3F5BE 
 579      FE
 580 16d1 A1C16181 		.ascii	"\241\301a\201Az\203\321\3677+V\370\372\007\010@\334"
 580      417A83D1 
 580      F7372B56 
 580      F8FA0708 
 580      40DC
 581 16e3 4C0106BD 		.ascii	"L\001\006\275\337jp\334?@\307\356]\303t!\372\365&\270"
 581      DF6A70DC 
 581      3F40C7EE 
 581      5DC37421 
 581      FAF526B8 
 582 16f7 8419F45F 		.ascii	"\204\031\364_\253La\206\300P\235\311-\234\217\213F\247"
 582      AB4C6186 
 582      C0509DC9 
 582      2D9C8F8B 
 582      46A7
 583 1709 136EA948 		.ascii	"\023n\251H`\250\312?4\304\004=\334\211E\022>\177\323"
 583      60A8CA3F 
 583      34C4043D 
 583      DC894512 
 583      3E7FD3
 584 171c 7A37837E 		.ascii	"z7\203~-\300\326\231\276\367\022\\\001\376\241\006="
 584      2DC0D699 
 584      BEF7125C 
 584      01FEA106 
 584      3D
ARM GAS  /var/folders/nx/qt6_p4ls4xzbnqkz75ny5wl40000gp/T//cckNUzBo.s 			page 47


 585 172d 00E10CEF 		.ascii	"\000\341\014\357q\206\3679\303\007\234\341'\234\341"
 585      7186F739 
 585      C3079CE1 
 585      279CE1
 586 173c A79CE167 		.ascii	"\247\234\341g\330\260l)\3202.\310\360\303WQ\242\373"
 586      D8B06C29 
 586      D0322EC8 
 586      F0C35751 
 586      A2FB
 587 174e FA27C1A0 		.ascii	"\372'\301\240\010\272\374\330%L\007\030T\304\221uz\003"
 587      08BAFCD8 
 587      254C0718 
 587      54C49175 
 587      7A03
 588 1760 5C438356 		.ascii	"\\C\203V\353\015J\377\000?\003\361\316/X\357f2\232\374"
 588      EB0D4AFF 
 588      003F03F1 
 588      CE2F58EF 
 588      66329AFC 
 589 1774 4C7A9D49 		.ascii	"Lz\235IE\234\371)\035x\376\016\304\3513\225)8t\265\236"
 589      459CF929 
 589      1D78FE0E 
 589      C4E93395 
 589      293874B5 
 590 1789 F26B82FC 		.ascii	"\362k\202\374\326\032U&\203~\215\221zMn\\\015\2537@"
 590      D61A5526 
 590      837E8D91 
 590      7A4D6E5C 
 590      0DAB3740 
 591 179d 06B9E9D7 		.ascii	"\006\271\351\327\007\232\374A\320u\235)\364\313\377"
 591      079AFC41 
 591      D0759D29 
 591      F4CBFF
 592 17ac 0A7B8D0F 		.ascii	"\012{\215\017(\210\350\015\372\020\177P\340\262\316"
 592      2888E80D 
 592      FA107F50 
 592      E0B2CE
 593 17bb 643284A9 		.ascii	"d2\204\251\214\372\020\023t\320B\240\215\372`\277\260"
 593      8CFA1013 
 593      74D042A0 
 593      8DFA60BF 
 593      B0
 594 17cc 00C0ECC5 		.ascii	"\000\300\354\305"
 595 17d0 A48DBABF 		.ascii	"\244\215\272\277\205\353\303At\236m\024\370&\025\177"
 595      85EBC341 
 595      749E6D14 
 595      F826157F 
 596 17e0 75F10F81 		.ascii	"u\361\017\201\354q1\352\340\012\226@A\230\033\310\006"
 596      EC7131EA 
 596      E00A9640 
 596      41981BC8 
 596      06
 597 17f1 8743E055 		.ascii	"\207C\340U\301\274l\260.t]\010\370K[\001h0\033\310u"
 597      C1BC6CB0 
 597      2E745D08 
 597      F84B5B01 
 597      68301BC8 
ARM GAS  /var/folders/nx/qt6_p4ls4xzbnqkz75ny5wl40000gp/T//cckNUzBo.s 			page 48


 598 1806 A660D3FA 		.ascii	"\246`\323\3720w\375\327\004\200\237\361+x\242_Gnp\230"
 598      3077FDD7 
 598      04809FF1 
 598      2B78A25F 
 598      476E7098 
 599 181a 2EDC5330 		.ascii	".\334S0\027\024h\004\013^\022\000\244E\035\246[\347"
 599      17146804 
 599      0B5E1200 
 599      A4451DA6 
 599      5BE7
 600 182c 17680A0C 		.ascii	"\027h\012\014Y\253\011\323\001zj\010n\365a\372\020\310"
 600      59AB09D3 
 600      017A6A08 
 600      6EF561FA 
 600      10C8
 601 183e BCB5F01C 		.ascii	"\274\265\360\034\224\023I\015\011\213_\020M\010h\014"
 601      9413490D 
 601      098B5F10 
 601      4D08680C 
 602 184e 0B0D0DF2 		.ascii	"\013\015\015\362~a\330\204\334\365\0170\372\007\254"
 602      7E61D884 
 602      DCF50F30 
 602      FA07AC
 603 185d 86D17A77 		.ascii	"\206\321zw\016\021P\014\022>s)\331`\024\022y.E\020-"
 603      0E11500C 
 603      123E7329 
 603      D9601412 
 603      792E4510 
 604 1872 90800CFF 		.ascii	"\220\200\014\377\324\270v\025\340\376\346\013\262F\203"
 604      D4B87615 
 604      E0FEE60B 
 604      B24683
 605 1881 3F31685C 		.ascii	"?1h\\\273\304\237\227\3733x\255\245w\237\353\203\364"
 605      BBC49F97 
 605      FB3378AD 
 605      A5779FEB 
 605      83F4
 606 1893 7E46BD87 		.ascii	"~F\275\207\177\300*\377\200\337\204\256\012\322\353"
 606      7FC02AFF 
 606      80DF84AE 
 606      0AD2EB
 607 18a2 C356B953 		.ascii	"\303V\271S\356s\210\323\206\217\265\364\376\317~_\351"
 607      EE7388D3 
 607      868FB5F4 
 607      FECF7E5F 
 607      E9
 608 18b3 C3E9031D 		.ascii	"\303\351\003\035\201\245\017fs\212\335kID7\3601\006"
 608      81A50F66 
 608      738ADD6B 
 608      494437F0 
 608      3106
 609 18c5 4D3A9157 		.ascii	"M:\221W\031\330\350\271\032\350dr1\320\3245\360\251"
 609      19D8E8B9 
 609      1AE86472 
 609      31D0D435 
 609      F0A9
 610 18d7 6B60A9AB 		.ascii	"k`\251\253\206\326p\003\344\223\311\305@:\275\361u\240"
ARM GAS  /var/folders/nx/qt6_p4ls4xzbnqkz75ny5wl40000gp/T//cckNUzBo.s 			page 49


 610      86D67003 
 610      E493C9C5 
 610      403ABDF1 
 610      75A0
 611 18e9 C114EE17 		.ascii	"\301\024\356\027\2443\005\006\303\244\346\025/\000\305"
 611      A4330506 
 611      C3A4E615 
 611      2F00C5
 612 18f8 320FBCEC 		.ascii	"2\017\274\354\332X\222\3315\251\2766\321L!W2\347\325"
 612      DA5892D9 
 612      35A9BE36 
 612      D14C2157 
 612      32E7D5
 613 190b 04343C80 		.ascii	"\0044<\200Y\017-\253\365A&?\270Y\023\036\342\257\243"
 613      590F2DAB 
 613      F541263F 
 613      B859131E 
 613      E2AFA3
 614 191e 32E4CE95 		.ascii	"2\344\316\225\310\372\031\334\341\022\344g4\021qh\""
 614      C8FA19DC 
 614      E112E467 
 614      34117168 
 614      22
 615 192f E63C79F7 		.ascii	"\346<y\367W\353\277\014_\3132J\332\242\016\363\013\011"
 615      57EBBF0C 
 615      5FCB324A 
 615      DAA20EF3 
 615      0B09
 616 1941 F427B984 		.ascii	"\364'\271\204W\177\271V\023\354\007\263\216&\334<S\260"
 616      577FB956 
 616      13EC07B3 
 616      8E26DC3C 
 616      53B0
 617 1953 0EEA61E0 		.ascii	"\016\352a\340\227\006?S`h\010\2302\230h\326\273\206"
 617      97063F53 
 617      60680898 
 617      329868D6 
 617      BB86
 618 1965 AE5963D4 		.ascii	"\256Yc\324\233\026\3151\302&2\300\234)Xc4}\005*\326"
 618      9B16CD31 
 618      C22632C0 
 618      9C295863 
 618      347D052A 
 619 197a 86F005EB 		.ascii	"\206\360\005\353\203\367l\005\213\334z\006\256\016\322"
 619      83F76C05 
 619      8BDC7A06 
 619      AE0ED2
 620 1989 F3F90D79 		.ascii	"\363\371\015y\315\371\007\300\020\255\332`\374]\250"
 620      CDF907C0 
 620      10ADDA60 
 620      FC5DA8
 621 1998 FF577326 		.ascii	"\377Ws&\320\006\222bjZ\337\240h\177\345\241\203)l\322"
 621      D0069262 
 621      6A5ADFA0 
 621      687FE5A1 
 621      83296CD2 
 622 19ac FDF217AB 		.ascii	"\375\362\027\253~\265\362\363\217=\374\202\326\371m"
ARM GAS  /var/folders/nx/qt6_p4ls4xzbnqkz75ny5wl40000gp/T//cckNUzBo.s 			page 50


 622      7EB5F2F3 
 622      8F3DFC82 
 622      D6F96D
 623 19bb 3042E50B 		.ascii	"0B\345\013\202b\277\304^\017\204\325w\305\247\253>^"
 623      8262BFC4 
 623      5E0F84D5 
 623      77C5A7AB 
 623      3E5E
 624 19cd 25AA23B5 		.ascii	"%\252#\265\312?\370\327\020DP\252e3?0\304\2507\230\334"
 624      CA3FF8D7 
 624      104450AA 
 624      65333F30 
 624      C4A83798 
 625 19e2 299A3F85 		.ascii	")\232?\205\020\033\254\232\206\323{7\035\215\271N\347"
 625      101BAC9A 
 625      86D37B37 
 625      1D8DB94E 
 625      E7
 626 19f3 21DC2CF9 		.ascii	"!\334,\371\340\275e\313]t\277\204Y\346E\263\364c\343"
 626      E0BD65CB 
 626      5D74BF84 
 626      59E645B3 
 626      F463E3
 627 1a06 4A36233F 		.ascii	"J6#?\236sJA\206\007(\276\301l\256\011\\\023\012\211"
 627      9E734A41 
 627      860728BE 
 627      C16CAE09 
 627      5C130A89 
 628 1a1a 181CFA35 		.ascii	"\030\034\3725In1\323WI\255,_\366\277\232,\026\262"
 628      496E31D3 
 628      5749AD2C 
 628      5FF6BF9A 
 628      2C16B2
 629              		.text
 630              		.section	.gnu.lto_.symtab.b3ed7ac7ead8167b,"",%progbits
 631 0000 63684D73 		.ascii	"chMsgSend\000\000\000\000\000\000\000\000\000\000\000"
 631      6753656E 
 631      64000000 
 631      00000000 
 631      00000000 
 632 0014 00750100 		.ascii	"\000u\001\000\000chMsgWait\000\000\000\000\000\000\000"
 632      0063684D 
 632      73675761 
 632      69740000 
 632      00000000 
 633 0029 00000000 		.ascii	"\000\000\000\000\000x\001\000\000chMsgRelease\000\000"
 633      00780100 
 633      0063684D 
 633      73675265 
 633      6C656173 
 634 0040 00000000 		.ascii	"\000\000\000\000\000\000\000\000\000\000}\001\000\000"
 634      00000000 
 634      00007D01 
 634      0000
 635 004e 63680000 		.ascii	"ch\000\000\002\000\000\000\000\000\000\000\000\000\375"
 635      02000000 
 635      00000000 
ARM GAS  /var/folders/nx/qt6_p4ls4xzbnqkz75ny5wl40000gp/T//cckNUzBo.s 			page 51


 635      0000FD
 636 005d 01000063 		.ascii	"\001\000\000chSchGoSleepS\000\000\002\000\000\000\000"
 636      68536368 
 636      476F536C 
 636      65657053 
 636      00000200 
 637 0074 00000000 		.ascii	"\000\000\000\000\000\201\001\000\000chSchReadyI\000"
 637      00810100 
 637      00636853 
 637      63685265 
 637      61647949 
 638 0089 00020000 		.ascii	"\000\002\000\000\000\000\000\000\000\000\000\205\001"
 638      00000000 
 638      00000085 
 638      01
 639 0096 00006368 		.ascii	"\000\000chSchWakeupS\000\000\002\000\000\000\000\000"
 639      53636857 
 639      616B6575 
 639      70530000 
 639      02000000 
 640 00ac 00000000 		.ascii	"\000\000\000\000\207\001\000\000"
 640      87010000 
 641              		.text
 642              		.section	.gnu.lto_.opts,"",%progbits
 643 0000 272D666E 		.ascii	"'-fno-trapv' '-mcpu=cortex-m4' '-mno-thumb-interwor"
 643      6F2D7472 
 643      61707627 
 643      20272D6D 
 643      6370753D 
 644 0033 6B272027 		.ascii	"k' '-mthumb' '-ggdb' '-O2' '-fomit-frame-pointer' '"
 644      2D6D7468 
 644      756D6227 
 644      20272D67 
 644      67646227 
 645 0066 2D66616C 		.ascii	"-falign-functions=16' '-ffunction-sections' '-fdata"
 645      69676E2D 
 645      66756E63 
 645      74696F6E 
 645      733D3136 
 646 0099 2D736563 		.ascii	"-sections' '-fno-common' '-flto'\000"
 646      74696F6E 
 646      73272027 
 646      2D666E6F 
 646      2D636F6D 
 647              		.text
 648              		.comm	__gnu_lto_v1,1,1
 649              		.comm	__gnu_lto_slim,1,1
 650              		.ident	"GCC: (GNU Tools for ARM Embedded Processors) 4.9.3 20150529 (release) [ARM/embedded-4_9-br
ARM GAS  /var/folders/nx/qt6_p4ls4xzbnqkz75ny5wl40000gp/T//cckNUzBo.s 			page 52


DEFINED SYMBOLS
                            *ABS*:0000000000000000 chmsg.c
                            *COM*:0000000000000001 __gnu_lto_v1
                            *COM*:0000000000000001 __gnu_lto_slim

NO UNDEFINED SYMBOLS
