ARM GAS  /var/folders/nx/qt6_p4ls4xzbnqkz75ny5wl40000gp/T//ccnMPoEG.s 			page 1


   1              		.syntax unified
   2              		.cpu cortex-m4
   3              		.fpu softvfp
   4              		.eabi_attribute 20, 1
   5              		.eabi_attribute 21, 1
   6              		.eabi_attribute 23, 3
   7              		.eabi_attribute 24, 1
   8              		.eabi_attribute 25, 1
   9              		.eabi_attribute 26, 1
  10              		.eabi_attribute 30, 2
  11              		.eabi_attribute 34, 1
  12              		.eabi_attribute 18, 4
  13              		.thumb
  14              		.file	"chregistry.c"
  15              		.text
  16              	.Ltext0:
  17              		.section	.gnu.lto_.profile.e297d9c877831c97,"",%progbits
  18 0000 789C6366 		.ascii	"x\234cf```a\200\000F\006Y!\000\000\300\0008"
  18      60606061 
  18      80004606 
  18      59210000 
  18      C00038
  19              		.text
  20              		.section	.gnu.lto_.jmpfuncs.e297d9c877831c97,"",%progbits
  21 0000 789C6366 		.ascii	"x\234cf\300\016\004\2404\023\010322\32632\227\203\370"
  21      C00E04A0 
  21      34130833 
  21      3232D633 
  21      329783F8 
  22 0014 0008FA01 		.ascii	"\000\010\372\001\025"
  22      15
  23              		.text
  24              		.section	.gnu.lto_.inline.e297d9c877831c97,"",%progbits
  25 0000 789C6366 		.ascii	"x\234cf\300\016\364\2414\023\003\003'\007#\003\023\317"
  25      C00EF4A1 
  25      34130303 
  25      27072303 
  25      13CF
  26 0012 835806B6 		.ascii	"\203X\006\266\005\362L\0201^Q\240\020\377\202\022\006"
  26      05F24C10 
  26      315E51A0 
  26      10FF8212 
  26      06
  27 0023 F60E7588 		.ascii	"\366\016u\210\0207\003\003\343\004?\006\000\200 \005"
  27      10370303 
  27      E3043F06 
  27      00802005 
  28 0033 47       		.ascii	"G"
  29              		.text
  30              		.section	.gnu.lto_.pureconst.e297d9c877831c97,"",%progbits
  31 0000 789C6366 		.ascii	"x\234cf```e\200\000&\006+&+\000\001{\000\201"
  31      60606065 
  31      80002606 
  31      2B262B00 
  31      017B0081 
  32              		.text
  33              		.section	.gnu.lto_chRegFirstThread.e297d9c877831c97,"",%progbits
ARM GAS  /var/folders/nx/qt6_p4ls4xzbnqkz75ny5wl40000gp/T//ccnMPoEG.s 			page 2


  34 0000 789C8D53 		.ascii	"x\234\215S[O\023A\024\2363\273-\205B$>\370\300\013U"
  34      5B4F1341 
  34      149E33BB 
  34      2D854224 
  34      3EF8C00B 
  35 0015 6234D176 		.ascii	"b4\321v}\363\301\2501$&>4&\364\007\030\254\215m\002"
  35      7DF3C1A8 
  35      3124263E 
  35      3426F407 
  35      18AC8D6D 
  36 002a 42B6C5C8 		.ascii	"B\266\305\310\003q[*^\"J@cA\345\242\"(W\361\012\202"
  36      03715B2A 
  36      5E224A40 
  36      6341E5A2 
  36      222857F1 
  37 0040 540544BC 		.ascii	"T\005D\274\242F\"$P\015\032\215\220\210\005uc\244\236"
  37      A2462224 
  37      500D1A8D 
  37      90880575 
  37      63A49E
  38 0053 99829656 		.ascii	"\231\202\226V\0227igg\317w\316\367\2353\337\010$\366"
  38      12376967 
  38      67CF77CE 
  38      F79D33DF 
  38      0824F6
  39 0066 49C15F9D 		.ascii	"I\301_\235HH\037\256 \020\240%O\011q\353(\000{!@\366"
  39      48481FAE 
  39      2010A025 
  39      4F0971EB 
  39      28007B21 
  40 007c 53D80F9F 		.ascii	"S\330\017\237\350\024\205\366\346\351'\372\217T\245"
  40      E81485F6 
  40      E6E927FA 
  40      8F54A5
  41 008b C44070DB 		.ascii	"\304@p\333Q\332\357\323\262-\210l;\364\3327\024\277"
  41      51DAEFD3 
  41      B22D886C 
  41      3BF4DA37 
  41      14BF
  42 009d AA56513C 		.ascii	"\252VQ<_\332\006\263\312OTc\204\222 %P\007)P\017\214"
  42      5FDA06B3 
  42      CA4F5463 
  42      84922025 
  42      50072950 
  43 00b3 082EC12A 		.ascii	"\010.\301*\206u\373\213_%\011+\201\275\027\336rw'\246"
  43      8675FB8B 
  43      5F25092B 
  43      81BD17DE 
  43      727727A6 
  44 00c7 D5605EE0 		.ascii	"\325`^\340h\355\203D\245_\361\006B\241TL\206\313 ,\314"
  44      68ED8344 
  44      A55FF106 
  44      42A1544C 
  44      86CB202C 
  45 00dc 670FA64C 		.ascii	"g\017\246Ly\177\015\351\265^EQ\222\241\001\322\030\011"
  45      797F0DE9 
  45      B55E4551 
ARM GAS  /var/folders/nx/qt6_p4ls4xzbnqkz75ny5wl40000gp/T//ccnMPoEG.s 			page 3


  45      92A101D2 
  45      1809
  46 00ee D66E042D 		.ascii	"\326n\004-\340\302\276\264,\365+\241P\260\367\334\341"
  46      E0C2BEB4 
  46      2CF52BA1 
  46      50B0F7DC 
  46      E1
  47 00ff 0D97A80E 		.ascii	"\015\227\250\016\273\302o\"Q\251\240a\177\204\214c\002"
  47      BBC26F22 
  47      51A9A061 
  47      7F848C63 
  47      02
  48 0110 6BEF3D2A 		.ascii	"k\357=*\304Ux\015\236dV8\330\240\234\020\204\325\\\327"
  48      C455780D 
  48      9E645638 
  48      D8A09C10 
  48      84D55CD7 
  49 0124 E75735B5 		.ascii	"\347W5\265\011\\\327\227\321\326\312e\345J\265\247\004"
  49      095CD797 
  49      D1D6CA65 
  49      E54AB5A7 
  49      04
  50 0135 8B6E0695 		.ascii	"\213n\006\225\212\320\364/e\320\014i\230\370\266x\346"
  50      8AD0F42F 
  50      65D00C69 
  50      98F8B678 
  50      E6
  51 0146 2AB0B988 		.ascii	"*\260\271\210\006\002-\030\035\001\317\273\231\242\017"
  51      06022D18 
  51      1D01CFBB 
  51      99A20F
  52 0155 3EED02E9 		.ascii	">\355\002\351\201\236\363\300E\007),l*\320vdTC\240\225"
  52      819EF3C0 
  52      4507292C 
  52      6C2AD076 
  52      645443A0 
  53 016a 856854A8 		.ascii	"\205hT\250\263f#\243!p\205E\205\250i\020h\003-\012\271"
  53      B36623A3 
  53      21708545 
  53      85A86910 
  53      68032D0A 
  54 017f CA4601A4 		.ascii	"\312F\001\244\0010<6\361\243LH\355\204\263\212\317\240"
  54      01303C36 
  54      F1A34C48 
  54      ED84B38A 
  54      CFA0
  55 0191 520DCB38 		.ascii	"R\015\31389\362\323\235 \342\014\340\032\244\362\211"
  55      39F2D39D 
  55      20E20CE0 
  55      1AA4F289 
  56 01a1 561C3855 		.ascii	"V\0348U\236\210_\340:\210\\3\201\033 b`\340`\36571\265"
  56      9E885FE0 
  56      3A885C33 
  56      811B2062 
  56      60E060F5 
  57 01b8 7B2E5BCB 		.ascii	"{.[\313\260\317'\372:\342y\366M\226\015\267\360\374"
  57      B0CF27FA 
ARM GAS  /var/folders/nx/qt6_p4ls4xzbnqkz75ny5wl40000gp/T//ccnMPoEG.s 			page 4


  57      3AE279F6 
  57      4D960DB7 
  57      F0FC
  58 01ca 87C173A3 		.ascii	"\207\301s\243]\255Od\375|\247\002\242*_\036k\246\005"
  58      5DAD4F64 
  58      FD7CA702 
  58      A22A5F1E 
  58      6BA605
  59 01dd 3F95438A 		.ascii	"?\225C\212N\245q\277h\370\344\306\306\237\015\352\330"
  59      4EA571BF 
  59      68F8E4C6 
  59      C69F0DEA 
  59      D8
  60 01ee 6CE2F8B6 		.ascii	"l\342\370\266\336\355=\003g\341\264[a(\035\264C\001"
  60      DEED3D03 
  60      67E1B45B 
  60      61281DB4 
  60      4301
  61 0200 7430768C 		.ascii	"t0v\214\3156\036o\323\032\033\260-\177\212J\343\341"
  61      CD361E6F 
  61      D31A1BB0 
  61      2D7F8A4A 
  61      E3E1
  62 0212 3602BFD2 		.ascii	"6\002\277\3229\007tu\277\230\025\303\301\325\314)\235"
  62      39077475 
  62      BF9815C3 
  62      C1D5CC29 
  62      9D
  63 0223 60FC8A63 		.ascii	"`\374\212cD5]`$x\234J\022\367\003\236;\312\341\362\246"
  63      44355D60 
  63      24789C4A 
  63      12F7039E 
  63      3BCAE1F2 
  64 0238 1E6784D5 		.ascii	"\036g\204\325\211\221:(/w\375G\325d\022\352\300\263"
  64      89913A28 
  64      2F77FD47 
  64      D56412EA 
  64      C0B3
  65 024a 4D403CDC 		.ascii	"M@<\334\231\323pf\272\354\315\022\343\032\225\352\241"
  65      99D37066 
  65      BAECCD12 
  65      E31A95EA 
  65      A1
  66 025b 9BD373A3 		.ascii	"\233\323s\243\371\221b\030\012K\213& \\Q\023.:Xq\261"
  66      F9916218 
  66      0A4B8B26 
  66      205C5113 
  66      2E3A5871 
  67 0270 70092BAA 		.ascii	"p\011+\252\307\341\337\305\022H[\312!\021\024\330\252"
  67      C7E1DFC5 
  67      12485BCA 
  67      211114D8 
  67      AA
  68 0281 5FB338CD 		.ascii	"_\2638\315\275\2774\367\301\210\245\311\2747#\375XR"
  68      BDBF34F7 
  68      C188A5C9 
  68      BC3723FD 
ARM GAS  /var/folders/nx/qt6_p4ls4xzbnqkz75ny5wl40000gp/T//ccnMPoEG.s 			page 5


  68      5852
  69 0293 F55F7EEC 		.ascii	"\365_~\354\341~\374\323+\336r\350]\334\217\343\027\347"
  69      E17EFCD3 
  69      2BDE72E8 
  69      5DDC8FE3 
  69      17E7
  70 02a5 FD28C6D8 		.ascii	"\375(\306\330\252\217\331*\312\244\0033h\322\007\014"
  70      AA8FD92A 
  70      CAA40333 
  70      68D2070C 
  71 02b5 AF893669 		.ascii	"\257\2116i\323&\306M\240\377\337&}\310M:\020a\322\013"
  71      D326C64D 
  71      A0FFDF26 
  71      7DC84D3A 
  71      1061D20B 
  72 02c9 93810EED 		.ascii	"\223\201\016\355\274\377z\271\377\036q\377E\233\355"
  72      BCFF7AB9 
  72      FF1E71FF 
  72      459BED
  73 02d8 319A6D14 		.ascii	"1\232m\024\334\201\013us\263\307\333\214\327\031\330"
  73      DC810B75 
  73      73B3C7DB 
  73      8CD719D8 
  74 02e8 3546D40A 		.ascii	"5F\324\012\223IJ\267;v:\266[\244\034\247$\273$\247l"
  74      93494AB7 
  74      3B763AB6 
  74      5BA41CA7 
  74      24BB24A7 
  75 02fd 95AC76D9 		.ascii	"\225\254v\331\266\333\341t\311\371&+\241\256\\\315\336"
  75      B6DBE174 
  75      C9F9262B 
  75      A1AE5CCD 
  75      DE
  76 030e CCAC3CDB 		.ascii	"\314\254<\333\232\030ln\216\354rJ[2\314\351\346}\230"
  76      9A186C6E 
  76      8EEC724A 
  76      5B32CCE9 
  76      E67D98
  77 0321 64CD916D 		.ascii	"d\315\221m;\366\256\3176\331\211i!\326\266\317%\245"
  77      3BF6AECF 
  77      36D98969 
  77      21D6B6CF 
  77      25A5
  78 0333 9B2DDB2C 		.ascii	"\233-\333,\222c\2175+o\227M\342Xk\366\326\274=V\204"
  78      92638F35 
  78      2B6F974D 
  78      E2586BF6 
  78      D6BC3D56 
  79 0348 2F8F29FD 		.ascii	"/\217)\375\007gw\346;\021\221l\266d\030vf:m\271\262"
  79      076777E6 
  79      3B11916C 
  79      B6641876 
  79      663A6DB9 
  80 035d 63AD61E5 		.ascii	"c\255a\345:Be\022\227m\313\316\221\363\311o\032B\336"
  80      3A426512 
  80      976DCBCE 
  80      91F3C96F 
ARM GAS  /var/folders/nx/qt6_p4ls4xzbnqkz75ny5wl40000gp/T//ccnMPoEG.s 			page 6


  80      1A42DE
  81 0370 E7       		.ascii	"\347"
  82              		.text
  83              		.section	.gnu.lto_chRegNextThread.e297d9c877831c97,"",%progbits
  84 0000 789C8D54 		.ascii	"x\234\215T\355OSg\024\177~\317\275\275\024(B\366\301"
  84      ED4F5367 
  84      147F7ECF 
  84      BDBD1428 
  84      42F6C1
  85 0013 2C6E09DD 		.ascii	",n\011\335\010a\211\322\356\303\222%&\356%$K\366\201"
  85      086189D2 
  85      EEC39225 
  85      26EE2524 
  85      4BF681
  86 0026 2C913F60 		.ascii	",\221?`\321\332\214&\274\245-F>\020oKu\313\0266\002"
  86      D1DA8C26 
  86      BCA52D46 
  86      3E106F4B 
  86      75CB1636 
  87 003b 6C821385 		.ascii	"l\202\023\205L\324\015\245\012\023\245c\363n2E&\012"
  87      4CD40DA5 
  87      0A13A563 
  87      F36E3245 
  87      260A
  88 004d 19A3F365 		.ascii	"\031\243\363e\332-h\230b\242\253\016o\030c\347y*RZM"
  88      DA2D6898 
  88      62A2AB0E 
  88      6F1863E7 
  88      792A525A 
  89 0062 7693F6DE 		.ascii	"v\223\366\336\373\234\363;/\277\363;Wa\351\327+\364"
  89      FB9CF33B 
  89      2FBFF33B 
  89      5761E9D7 
  89      2BF4
  90 0074 DB65616C 		.ascii	"\333eal\224\356\2600\360\246\013\214\005\254\234\253"
  90      94EEB030 
  90      F0A60B8C 
  90      05AC9CAB 
  91 0084 06989EA5 		.ascii	"\006\230\236\245\214\237gL\267)P\023\347* \036\030\330"
  91      8C9F674C 
  91      B7295013 
  91      E72A201E 
  91      18D8
  92 0096 76AEA8D8 		.ascii	"v\256\250\330\216?\371=\216\301\336\373c\3313\334\344"
  92      8E3FF93D 
  92      8EC1DEFB 
  92      63D933DC 
  92      E4
  93 00a7 CCCEE835 		.ascii	"\314\316\3505\322<\322\246\211W\250\3425:\325\026\315"
  93      D23CD2A6 
  93      8957A8E2 
  93      353AD516 
  93      CD
  94 00b8 2CEAD6F5 		.ascii	",\352\326\365\340\335\276hE{k'Y8\213s\206\203X\203C"
  94      E0DDBE68 
  94      457B6B27 
  94      59388B73 
ARM GAS  /var/folders/nx/qt6_p4ls4xzbnqkz75ny5wl40000gp/T//ccnMPoEG.s 			page 7


  94      86835883 
  95 00cd 5823E27D 		.ascii	"X#\342}\211\"r\015\030\215\2239J!\004l8<eZ\013\277 "
  95      8922720D 
  95      188D9339 
  95      4A21046C 
  95      383C655A 
  96 00e4 9831D6A7 		.ascii	"\2301\326\247\277\241\022\010_AI\306\2118\350A\241p"
  96      BFA11208 
  96      5F4149C6 
  96      8938E841 
  96      A170
  97 00f6 EF37E66F 		.ascii	"\3577\346o\253\312K\022zj\346V\253\255\240\213\240\261"
  97      ABCA4B12 
  97      7A6AE656 
  97      ABADA08B 
  97      A0B1
  98 0108 A1EEB336 		.ascii	"\241\356\2636}D\017\305\026\027\363E\204\303+#$.\202"
  98      7D440FC5 
  98      1617F345 
  98      84C32B23 
  98      242E82
  99 011b DC0B2D44 		.ascii	"\334\013-D\263\265\220\256\353y8\202\202\005\316D\205"
  99      B3B590AE 
  99      EB793882 
  99      8205CE44 
  99      85
 100 012c 54582F34 		.ascii	"TX/4\320M\034\206\2371\364\305\305\370o\315\037\025"
 100      D04D1C86 
 100      9F31F4C5 
 100      C5F86FCD 
 100      1F15
 101 013e F5721B98 		.ascii	"\365r\033\2308\263@\024\240\311\347\014*H\261\212?\306"
 101      38B34014 
 101      A0C9E70C 
 101      2A48B18A 
 101      3FC6
 102 0150 A6092C98 		.ascii	"\246\011,\230\272A%\322]\231B0O\344\211\367\350\255"
 102      BA4125D2 
 102      5D994230 
 102      4FE489F7 
 102      E8AD
 103 0162 8AB24E96 		.ascii	"\212\262N\226y{\262\253;K\226y\367\326\321\275\253\333"
 103      797BB2AB 
 103      3B4B9679 
 103      F7D6D1BD 
 103      ABDB
 104 0174 F5CE6013 		.ascii	"\365\316`\023%x\035&W\021~R\2418\212\002\002\376\336"
 104      25781D26 
 104      57117E52 
 104      A1388A02 
 104      02FEDE
 105 0187 F8A01F82 		.ascii	"\370\240\037\202`\325\316p\214\254W\020\374ca\347\315"
 105      60D5CE70 
 105      8CAC5710 
 105      FC6361E7 
 105      CD
 106 0198 366D4527 		.ascii	"6mE'\261\3410d\003q\216\225=\306\"\037^\243a\367\011"
ARM GAS  /var/folders/nx/qt6_p4ls4xzbnqkz75ny5wl40000gp/T//ccnMPoEG.s 			page 8


 106      B1E13064 
 106      03718E95 
 106      3DC6221F 
 106      5EA361F7 
 107 01ad 134F314D 		.ascii	"\023O1Mvm\020i\030\372\205UI!\207\341khT\310qA\013X"
 107      766D1069 
 107      18FA8555 
 107      492187E1 
 107      6B6854C8 
 108 01c5 1864BE3E 		.ascii	"\030d\276>\373\260E\3117\320\241\267\331Mn\021\210O"
 108      FBB045C9 
 108      37D0A1B7 
 108      D94D6E11 
 108      884F
 109 01d7 AFCC07B2 		.ascii	"\257\314\007\262T\342\000\003\310\227\004\357\336\261"
 109      54E20003 
 109      C89704EF 
 109      DEB1
 110 01e5 ABDD4627 		.ascii	"\253\335F'8\001U\326\314p\022*\031F\337\357\374[\315"
 110      380155D6 
 110      CC70122A 
 110      1946DFEF 
 110      FC5BCD
 111 01f8 3FFD08AD 		.ascii	"?\375\010\255\011\337\361\3313\221L\211\036\024hDHH"
 111      09DFF1D9 
 111      33914C89 
 111      1E146844 
 111      4848
 112 020a 97111C18 		.ascii	"\227\021\034\0304{V\211~\346\270h\364\372\364\305\011"
 112      347B5689 
 112      7EE6B868 
 112      F4FAF4C5 
 112      09
 113 021b EB8C1493 		.ascii	"\353\214\024\223\000\035\177\270\357NN\007>\017\350"
 113      001D7FB8 
 113      EF4E4E07 
 113      3E0FE8
 114 022a BAF19CC9 		.ascii	"\272\361\234\3113\346\270\005\337\210<d\333s\277\345"
 114      33E6B805 
 114      DF883C64 
 114      DB73BFE5 
 115 023a 526EF15A 		.ascii	"Rn\361Z!\200!t\340/.\311\374\026\305\214\346\242\347"
 115      21802174 
 115      E02F2EC9 
 115      FC16C58C 
 115      E6A2E7
 116 024d CA21D300 		.ascii	"\312!\323\000).\373\005\241_\033\016~\246-\347\331\373"
 116      292EFB05 
 116      A15F1B0E 
 116      7EA62DE7 
 116      D9FB
 117 025f F3C7BDBC 		.ascii	"\363\307\275\274~^\377@\267\232\334\272@\\\262\344\354"
 117      7E5EFF40 
 117      B79ADCBA 
 117      405CB2E4 
 117      EC
 118 0270 56F97A28 		.ascii	"V\371z(\020\332\203Dv\362\312\304w\250\307\251G\331"
ARM GAS  /var/folders/nx/qt6_p4ls4xzbnqkz75ny5wl40000gp/T//ccnMPoEG.s 			page 9


 118      10DA8344 
 118      76F2CAC4 
 118      77A8C7A9 
 118      47D9
 119 0282 FF3DFC49 		.ascii	"\377=\374I\237V\334C\364\031\033L\236\005C\226\200\204"
 119      9F56DC43 
 119      F4191B4C 
 119      9E054396 
 119      8084
 120 0294 F01AE70F 		.ascii	"\360\032\347\017\264h2\272\261\336\344\331\370\236\212"
 120      B46832BA 
 120      B1DEE4D9 
 120      F89E8A
 121 02a3 62F801F5 		.ascii	"b\370\001\365r\3407h\000\264\202\212\350\376\330lPI"
 121      72E03768 
 121      00B4828A 
 121      E8FED86C 
 121      5049
 122 02b5 549591D4 		.ascii	"T\225\221\324.d\253Zz\2536\234\226y\244\212\207)\352"
 122      2E64AB5A 
 122      7AAB369C 
 122      9679A48A 
 122      8729EA
 123 02c8 653434EF 		.ascii	"e44\357\034\346\211\020\326D\224\211\335\007\032rE\027"
 123      1CE68910 
 123      D6449489 
 123      DD071A72 
 123      4517
 124 02da 42CE3F52 		.ascii	"B\316?R\010J\324\014\341\222\302\350\263OOsf9\315Y\024"
 124      084AD40C 
 124      E192C2E8 
 124      B34F4F73 
 124      6639CD59 
 125 02ef CF0942A8 		.ascii	"\317\011B\250nuY\366\011j\301\226v Y\367M\373\376\227"
 125      6E7559F6 
 125      096AC196 
 125      762059F7 
 125      4DFBFE97 
 126 0303 EE47A4EE 		.ascii	"\356G\244\356\037s\256\322\321\271\247\353~z`I\367j"
 126      1F73AED2 
 126      D1B9A7EB 
 126      7E7A6049 
 126      F76A
 127 0315 9A7C4785 		.ascii	"\232|G\205|S\226a\364\001-\303O\302\337\222\272\014"
 127      7C539661 
 127      F4012DC3 
 127      4FC2DF92 
 127      BA0C
 128 0327 475E13B9 		.ascii	"G^\023\271\031\316?y\031\306\3442\\HZ\206\375wb\021"
 128      19CE3F79 
 128      19C6E432 
 128      5C485A86 
 128      FD776211 
 129 033b 6D49E7E7 		.ascii	"mI\347\347\244\316/J\235\247\212z\234D}\025\241\330"
 129      A4CE2F4A 
 129      9DA78A7A 
 129      9C447D15 
ARM GAS  /var/folders/nx/qt6_p4ls4xzbnqkz75ny5wl40000gp/T//ccnMPoEG.s 			page 10


 129      A1D8
 130 034d FE13926F 		.ascii	"\376\023\222o\226\252\264\2348\027\261'H\011$e\223\257"
 130      96AAB49C 
 130      3817B127 
 130      48092465 
 130      93AF
 131 035f 62D7E8FB 		.ascii	"b\327\350\3738\236\235\230\037\251\347& \306\301\207"
 131      389E9D98 
 131      1FA9E726 
 131      20C6C187 
 132 036f 2E6DA1C9 		.ascii	".m\241\311(\377D\237\247\257\016\004\355\224\344E\207"
 132      28FF449F 
 132      A7AF0E04 
 132      ED94E445 
 132      87
 133 0380 C35952EE 		.ascii	"\303YR\356\331\354y\247\314Y\355sz\375N\237\327\345"
 133      D9EC79A7 
 133      CC59ED73 
 133      7AFD4E9F 
 133      D7E5
 134 0392 74957BDD 		.ascii	"t\225{\335\357y|~o\235\303\305\270\277F\251\362\327"
 134      EF797C7E 
 134      6F9DC3C5 
 134      B8BF46A9 
 134      F2D7
 135 03a4 58B66EAA 		.ascii	"X\266n\252\250u\257M\363\257\251\366\372}\31677\226"
 135      A875AF4D 
 135      F3AFA9F6 
 135      FA7DCE37 
 135      3796
 136 03b6 96946E23 		.ascii	"\226\224n#\240\253\332\353~w\353\253\225\216r\346X\351"
 136      A0ABDAEB 
 136      7E77EBAB 
 136      958E72E6 
 136      58E9
 137 03c8 EBDEE677 		.ascii	"\353\336\346w\226\224\226\275]\346\364T\271*j\267\270"
 137      969496BD 
 137      5DE6F454 
 137      B92A6AB7 
 137      B8
 138 03d9 9DD2D755 		.ascii	"\235\322\327U\371Vm\225\213\334_H\013\375\330\257\334"
 138      F9566D95 
 138      8BDC5F48 
 138      0BFDD8AF 
 138      DC
 139 03ea 57E7238F 		.ascii	"W\347#\217\274\322\262\215\366\315\233|\356\032\257"
 139      BCD2B28D 
 139      F6CD9B7C 
 139      EE1AAF
 140 03f9 679DBDF0 		.ascii	"g\235\275\360e\306\275,\243\322]Y\355\255c\377\001\016"
 140      65C6BD2C 
 140      A3D25D59 
 140      EDAD63FF 
 140      010E
 141 040b 1435C2   		.ascii	"\0245\302"
 142              		.text
 143              		.section	.gnu.lto_.symbol_nodes.e297d9c877831c97,"",%progbits
ARM GAS  /var/folders/nx/qt6_p4ls4xzbnqkz75ny5wl40000gp/T//ccnMPoEG.s 			page 11


 144 0000 789C55C9 		.ascii	"x\234U\311\253\015\200@\024\005\321\271o!YI\007\024"
 144      AB0D8040 
 144      1405D1B9 
 144      6F215949 
 144      0714
 145 0012 4451771D 		.ascii	"DQw\035\226\012\010$\324C%\030>A#\3000\362L\002:\276"
 145      960A0824 
 145      D4432518 
 145      3E4123C0 
 145      30F24C02 
 146 0028 E2906158 		.ascii	"\342\220aX\301f\2342\365%\032\023\247\254\237\357\322"
 146      C1669C32 
 146      F5251A13 
 146      A7AC9FEF 
 146      D2
 147 0039 1C46B71C 		.ascii	"\034F\267\034\357\240\224L\212\212\245\337Z\036-\267"
 147      EFA0944C 
 147      8A8AA5DF 
 147      5A1E2DB7 
 148 0049 14BD     		.ascii	"\024\275"
 149              		.text
 150              		.section	.gnu.lto_.refs.e297d9c877831c97,"",%progbits
 151 0000 789C6366 		.ascii	"x\234cf``\340f\200\000F bfdbbde\000\000\001z\000\037"
 151      6060E066 
 151      80004620 
 151      62666462 
 151      62646500 
 152              		.text
 153              		.section	.gnu.lto_.decls.e297d9c877831c97,"",%progbits
 154 0000 789CB53B 		.ascii	"x\234\265;mTT\327\265s\356\231\001f\030\2064\2464\313"
 154      6D5454D7 
 154      B573EE99 
 154      01661886 
 154      34A634CB 
 155 0014 953696B4 		.ascii	"\2256\226\264\364+\221\2306\266]\257o%\255\257\355k"
 155      F42B9198 
 155      36B65DAF 
 155      6F25ADAF 
 155      ED6B
 156 0026 FBD2A449 		.ascii	"\373\322\244I\272\272\336k\337\232\022\030\205\027\276"
 156      BABADE6B 
 156      DF9A1218 
 156      8517BE
 157 0035 3A33C6D8 		.ascii	":3\306\330\367\343]A\024A\004A\020Pd\020\024\220OQ>"
 157      F7E35D41 
 157      14410441 
 157      10506410 
 157      14904F51 
 158 004a 14505051 		.ascii	"\024PPQ\020D\020\025\360\213\341\303\000\012\010\212"
 158      10441015 
 158      F08BE1C3 
 158      000A088A 
 159 005a 0145E0ED 		.ascii	"\001E\340\355s\316\235\271w\306;\350\217v\226\333{\367"
 159      73CE9DB9 
 159      77C63BE8 
 159      8F7696DB 
 159      7BF7
ARM GAS  /var/folders/nx/qt6_p4ls4xzbnqkz75ny5wl40000gp/T//ccnMPoEG.s 			page 12


 160 006c 3DFBECBD 		.ascii	"=\373\354\275\317>\373\354\275\3579\027\254P(~\206\024"
 160      CF3EFBEC 
 160      BDEF3917 
 160      AC50287E 
 160      8614
 161 007e 8A45F8FD 		.ascii	"\212E\370\375u\265B\301y(\024\030\236}\240\020\177\004"
 161      75B542C1 
 161      79281418 
 161      9E7DA010 
 161      7F04
 162 0090 3701CD06 		.ascii	"7\001\315\006\200\377\005\340\000\237\202\353\032N\341"
 162      80FF05E0 
 162      009F82EB 
 162      1A4EE1
 163 009f F023345A 		.ascii	"\360#4Z\270\352\024\354\272\006p\037\270V\003\374\022"
 163      B8EA14EC 
 163      BA06701F 
 163      B85603FC 
 163      12
 164 00b0 687F03F0 		.ascii	"h\177\003\360[\200\011x\236\014\360;\200y\201\377\030"
 164      5B800978 
 164      9E0CF03B 
 164      807981FF 
 164      18
 165 00c1 DC2700AC 		.ascii	"\334'\000\254\005p\023x\275\007\264\357\003\374\021"
 165      05701378 
 165      BD07B4EF 
 165      03FC11
 166 00d0 E04F00FF 		.ascii	"\340O\000\377\011\200\004\331\322\037\321\313\373\031"
 166      098004D9 
 166      D21FD1CB 
 166      FB19
 167 00de 72892CA9 		.ascii	"r\211,\251\354\377\342\230\354?\303u#b:\374\0111=\210"
 167      ECFFE298 
 167      EC3FC375 
 167      23623AFC 
 167      09313D88 
 168 00f2 0EEE025F 		.ascii	"\016\356\002_9\035l6\370\204{Z\227)\016%Nv&\250G8\244"
 168      391D6C36 
 168      F8847B5A 
 168      97290E25 
 168      4E7626A8 
 169 0109 D3F04A82 		.ascii	"\323\360J\202W\344\036\250\"\270V\363.A\013+J&8\314"
 169      57E41EA8 
 169      22B856F3 
 169      2E410B2B 
 169      4A2638CC 
 170 011d 21729F9B 		.ascii	"!r\237\233\336\177Y\363\372!\236\347c\371\206\036$\362"
 170      DE7F59F3 
 170      FA219EE7 
 170      63F9861E 
 170      24F2
 171 012f 18CC6EFD 		.ascii	"\030\314n\375\302\033\277H\211R\207K\356\253\361+\364"
 171      C21BBF48 
 171      8952874B 
 171      EEABF12B 
 171      F4
ARM GAS  /var/folders/nx/qt6_p4ls4xzbnqkz75ny5wl40000gp/T//ccnMPoEG.s 			page 13


 172 0140 FE58E9F4 		.ascii	"\376X\351\364\005O\312{\005A\217'7\247\273Q\326TR\357"
 172      054FCA7B 
 172      05418F27 
 172      37A7BB51 
 172      D65452EF 
 173 0154 8E07491E 		.ascii	"\216\007I\036\3705Jy5\361\356e-\376>\275?yb\366\254"
 173      F8354A79 
 173      35F1EE65 
 173      2DFE3EBD 
 173      3F7962F6 
 174 0169 06BF45EF 		.ascii	"\006\277E\357\267\307Z[4\370_\350\375\246\203\265\333"
 174      B7C75A5B 
 174      34F85FE8 
 174      FDA683B5 
 174      DB
 175 017a DDA1FB37 		.ascii	"\335\241\37375Th\337\236Gyj\212\022o\360\206G\\\363"
 175      355468DF 
 175      9E47796A 
 175      8A126FF0 
 175      86475CF3 
 176 018e 177CAE0E 		.ascii	"\027|\256\016\371i\362@\305\311\035\271\003\377\036"
 176      F969F240 
 176      C5C91DB9 
 176      03FF1E
 177 019d CDBF8BAA 		.ascii	"\315\277\213\252\220\006U \214\016\241\327A[\332\233"
 177      90065520 
 177      8C0EA1D7 
 177      415BDA9B 
 178 01ad FC62793E 		.ascii	"\374by>\212O\212\346\325\315:\005*A\313Q)Z\256@\225"
 178      8A4F8AE6 
 178      D5CD3A05 
 178      2A41CB51 
 178      295AAE40 
 179 01c2 C80F2828 		.ascii	"\310\017((-:\002\017\217\302C`\334\364\344\304f\025"
 179      2D3A020F 
 179      8FC24360 
 179      DCF4E4C4 
 179      6615
 180 01d4 D2F8C977 		.ascii	"\322\370\311w\252\221\351DUh\215I\366\341y%\252\006"
 180      AA91E944 
 180      55688D49 
 180      F6E17925 
 180      AA06
 181 01e6 150E8B2A 		.ascii	"\025\016\213*\200F6\323qy\243QE*\233\312\343[\007\202"
 181      804636D3 
 181      7179A351 
 181      452A9BCA 
 181      E35B0782 
 182 01fa 89CAC781 		.ascii	"\211\312\307\201\276\\\244\257FK\352|LVg\224}\346a\216"
 182      BE5CA4AF 
 182      464BEA7C 
 182      4C566794 
 182      7DE6618E 
 183 020e 272E6653 		.ascii	"'.fS\227\227\232V\254\242\246\367 h\327\320\344\230"
 183      97979A56 
 183      ACA2A6F7 
 183      2068D7D0 
ARM GAS  /var/folders/nx/qt6_p4ls4xzbnqkz75ny5wl40000gp/T//ccnMPoEG.s 			page 14


 183      E498
 184 0220 073EC2DA 		.ascii	"\007>\302\332\316^\350\034Bt\226,\034\301s\006\317\267"
 184      CE5EE81C 
 184      4274962C 
 184      1CC17306 
 184      CFB7
 185 0232 7A52DA6F 		.ascii	"zR\332o\0214)\277\341\254'\256e\264\227\356\037\343"
 185      113429BF 
 185      E1AC27AE 
 185      65B497EE 
 185      1FE3
 186 0244 DDF1398A 		.ascii	"\335\3619\212p\011\235}\013J\344\247\245\272\027\024"
 186      70099D7D 
 186      0B4AE4A7 
 186      A5BA1714 
 187 0254 3DF87C13 		.ascii	"=\370|\023\350~\032iQ\243\250\373\373Z\246z\234\250"
 187      E87E1A69 
 187      51A3A8FB 
 187      FB5AA67A 
 187      9CA8
 188 0266 3AFAC047 		.ascii	":\372\300GT\376\024(\377\276V\240\006\001_\362g\343"
 188      54FE1428 
 188      FFBE56A0 
 188      06015FF2 
 188      67E3
 189 0278 BCF12C93 		.ascii	"\274\361,\223\026\367`s\243\026\3171\344^}K\2267^`\310"
 189      16F76073 
 189      A316CF31 
 189      E45E7D4B 
 189      96375E60 
 190 028d C8D4C855 		.ascii	"\310\324\310U\035\336\204)\222r\247a@\20773\244u`\366"
 190      1DDE8429 
 190      9272A761 
 190      40873733 
 190      A47560F6 
 191 02a1 81966AFF 		.ascii	"\201\226j\377\002A\367\237\034\214\326\342\255\254\355"
 191      0241F79F 
 191      1C8CD6E2 
 191      ADACED
 192 02b0 7AD29602 		.ascii	"z\322\226\0025\216cH\306L\333YoJ\3702A\213s2\252\324"
 192      358E6348 
 192      C64CDB59 
 192      6F4AF832 
 192      418B7332 
 193 02c6 78076B9B 		.ascii	"x\007k\233h)\036\340p2v\360b-\365b\317\351\302\332\034"
 193      68291EE0 
 193      703276F0 
 193      622DF562 
 193      CFE9C2DA 
 194 02db 2DF265BF 		.ascii	"-\362e\277e\276~\276\026\030\332dI\311\241\337&G\363"
 194      65BE7EBE 
 194      1618DA64 
 194      49C9A1DF 
 194      2647F3
 195 02ee 792F5303 		.ascii	"y/S\0034\201\001\272\3212q\230\337]\256\2403\006\203"
 195      348101BA 
 195      D1327198 
ARM GAS  /var/folders/nx/qt6_p4ls4xzbnqkz75ny5wl40000gp/T//ccnMPoEG.s 			page 15


 195      DF5DAEA0 
 195      330683
 196 0301 24E49692 		.ascii	"$\344\226\222B\267\3467)\351yg\322\026\344D[j\247mu"
 196      42B7E637 
 196      29E97967 
 196      D216E444 
 196      5B6AA76D 
 197 0316 A66DA3B4 		.ascii	"\246m\243\264\337\267\223\026\331I\3179\223\3269\263"
 197      DFB79316 
 197      D949CF39 
 197      93D639B3 
 198 0326 3D64A73D 		.ascii	"=d\247=+O+\262\255\261\223\266;\223^t\"-\260\223\236"
 198      2B4F2BB2 
 198      ADB193B6 
 198      3B935E74 
 198      222DB093 
 199 033b 91B501A5 		.ascii	"\221\265\001\245\334\011\016\303'\361\374\273f\005:"
 199      DC090EC3 
 199      27F1FCBB 
 199      66053A
 200 034a 01CD2749 		.ascii	"\001\315'Is\203@\017\256\200z\301+\256\"_\324\001p\031"
 200      7383400F 
 200      AE807AC1 
 200      2BAE225F 
 200      D4017019 
 201 035e A00BE01A 		.ascii	"\240\013\340\032@'\300%\200\036\200+\310\227z\026\025"
 201      4027C025 
 201      801E802B 
 201      C8977A16 
 201      15
 202 036f 5B66177B 		.ascii	"[f\027{A\336Fl\340\304S\255\363[\335xDh\024\202\333"
 202      41DE466C 
 202      E0C453AD 
 202      F35BDD78 
 202      44681482 
 203 0384 093FC2C8 		.ascii	"\011?\302\310Z\\x^\313\013\254\232\345\247\206\016\001"
 203      5A5C785E 
 203      CB0BAC9A 
 203      E5A7860E 
 203      01
 204 0395 FC623826 		.ascii	"\374b8&6O\245\225:\266\224X\201\256#\255\020\037G\267"
 204      364FA595 
 204      3AB69458 
 204      81AE23AD 
 204      101F47B7 
 205 03a9 C6FC1637 		.ascii	"\306\374\0267Ro\302\215\361;7 p\033f\203hj\003\273\200"
 205      526FC28D 
 205      F13B3720 
 205      701B6683 
 205      686A03BB 
 206 03be 7A907853 		.ascii	"z\220xS\260A\037\330\340\226d\214\223\005\255\00772"
 206      B0411FD8 
 206      E096648C 
 206      9305AD07 
 206      3732
 207 03d0 1703CEE8 		.ascii	"\027\003\316\350\206@*c^:\312\214\0302\312\233O\215"
 207      86402A63 
ARM GAS  /var/folders/nx/qt6_p4ls4xzbnqkz75ny5wl40000gp/T//ccnMPoEG.s 			page 16


 207      5E3ACA8C 
 207      1832CA9B 
 207      4F8D
 208 03e2 12D47992 		.ascii	"\022\324y\222:\270\305\00371\357\356\253jz\240\306\255"
 208      3AB8C503 
 208      3731EFEE 
 208      AB6A7AA0 
 208      C6AD
 209 03f4 0CC92C9F 		.ascii	"\014\311,\237\235\321\340.\2064\027e\375\025_\247\367"
 209      9DD1E02E 
 209      86341765 
 209      FD155FA7 
 209      F7
 210 0405 CAC1BDE5 		.ascii	"\312\301\275\345U\336\310o\371r\032\250ba\235\017C\214"
 210      55DEC86F 
 210      F9721AA8 
 210      62619D0F 
 210      438C
 211 0417 1A445892 		.ascii	"\032DX\222L\322\341\371\354;\244\001n=\350\225\006\254"
 211      4CD2E1F9 
 211      EC3BA401 
 211      6E3DE895 
 211      06AC
 212 0429 C9641EBF 		.ascii	"\311d\036\277\254@\257/G\337\0035\207`X\244I\201\276"
 212      AC40AF2F 
 212      47DF0335 
 212      876058A4 
 212      4981BE
 213 043c 00CD6FB3 		.ascii	"\000\315o\263X5\2202\265M\245\021\250c\237E\235\036"
 213      58359032 
 213      B54DA511 
 213      A8639F45 
 213      9D1E
 214 044e 971EAB75 		.ascii	"\227\036\253u0\374\010(#\032~\324n\370+\203;!\026Y\331"
 214      30FC0828 
 214      231A7ED4 
 214      6EF82B83 
 214      3B211659 
 215 0463 789ECC6F 		.ascii	"x\236\314o\336\355\215\207\031\262\273\263\247Z\211"
 215      DEED8D87 
 215      19B2BBB3 
 215      A75A89
 216 0472 27191277 		.ascii	"'\031\022w\275\260\315\035\317b\2074\343\303\322\314"
 216      BDB0CD1D 
 216      CF628734 
 216      E3C3D2CC 
 217 0482 8ED6CC46 		.ascii	"\216\326\314FL\321E\032\364\222\007\247\017 [*p\034"
 217      4CD1451A 
 217      F49207A7 
 217      0F205B2A 
 217      701C
 218 0494 DA1428EB 		.ascii	"\332\024(\353#\004\342\011\320\346\236-\017\354\310"
 218      2304E209 
 218      D0E69E2D 
 218      0FECC8
 219 04a3 4D7C85E4 		.ascii	"M|\205\344\201IPs\\\214\215>b\032\260v\037\370\203<"
 219      81495073 
ARM GAS  /var/folders/nx/qt6_p4ls4xzbnqkz75ny5wl40000gp/T//ccnMPoEG.s 			page 17


 219      5C8C8D3E 
 219      621AB076 
 219      1FF8833C 
 220 04b7 D307AE98 		.ascii	"\323\007\256\230\266\306\264~\2250\275\017L\307D\246"
 220      B6C6B47E 
 220      9530BD0F 
 220      4CC744A6 
 221 04c7 9392E462 		.ascii	"\223\222\344b\315\231Y'\317\365\241+\256\343\371}\337"
 221      CD995927 
 221      CFF5A12B 
 221      AEE3F97D 
 221      DF
 222 04d8 205CA781 		.ascii	" \\\247\201\353]\221\353}\221+\272V\334}\006\343(%\265"
 222      EB5D91EB 
 222      7D912BBA 
 222      56DC7D06 
 222      E32825B5 
 223 04ec D6852BE9 		.ascii	"\326\205+\3511^8\216\"\334\225\371-\313\344\345=r!\317"
 223      315E388E 
 223      22DC95F9 
 223      2DCBE4E5 
 223      3D7221CF 
 224 0500 F284E73D 		.ascii	"\362\204\347=\024h\026\244\315\310K\033\274\177\255"
 224      146816A4 
 224      CDC84B1B 
 224      BC7FAD
 225 050f 408B9399 		.ascii	"@\213\223\231\264\202\201\366d/\232\252\276K\320\275"
 225      B48281F6 
 225      642F9AAA 
 225      BE4BD0BD 
 226 051f 5BA71F2B 		.ascii	"[\247\037+q&\023~4\241/\006\313K_p%}\201J\237\007\351"
 226      7126137E 
 226      34A12F06 
 226      CB4B5F70 
 226      257D814A 
 227 0536 4FE4A5F7 		.ascii	"O\344\245\367\3379qP\211\3673\351}3}\247\334\251\364"
 227      DF397150 
 227      89F733E9 
 227      7D337DA7 
 227      DCA9F4
 228 0549 37097AF4 		.ascii	"7\011z\364l\337\005/\\\310\332j\207\243z\335q\031Cf"
 228      6CDF052F 
 228      5CC8DA6A 
 228      87A37ADD 
 228      71194366 
 229 055d EF0CC38C 		.ascii	"\357\014\303\214T3\244\364\346\351\015\320\311MC\026"
 229      5433A4F4 
 229      E6E90DD0 
 229      C94D4316 
 230 056d FC2CA955 		.ascii	"\374,\251U\320\377\301\343\226\256\213\035*\372\234"
 230      D0FFC1E3 
 230      96AE8B1D 
 230      2AFA9C
 231 057c 3C722723 		.ascii	"<r'#xt\246\246\314\215\215\200\177:\315o\345\374\200"
 231      7874A6A6 
 231      CC8D8D80 
 231      7F3ACD6F 
ARM GAS  /var/folders/nx/qt6_p4ls4xzbnqkz75ny5wl40000gp/T//ccnMPoEG.s 			page 18


 231      E5FC80
 232 058f 980D6233 		.ascii	"\230\015b3\267\034\305p6\357\032\314\246\336\265\205"
 232      B71CC570 
 232      36EF1ACC 
 232      A6DEB585 
 233 059f D3A068CE 		.ascii	"\323\240h\316>\0147\321\017z+s\216\333\353\242\326\333"
 233      3E0C37D1 
 233      0F7A2B73 
 233      8EDBEBA2 
 233      D6DB
 234 05b1 17A9DF6C 		.ascii	"\027\251\337l\003\362(\221\034z\333\213\014\031\351"
 234      03F22891 
 234      1C7ADB8B 
 234      0C19E9
 235 05c0 B132D281 		.ascii	"\2612\322\201\363\376K\203q\310^\276\344\263\362%\036"
 235      F3FE4B83 
 235      71C85EBE 
 235      E4B3F225 
 235      1E
 236 05d1 386F1239 		.ascii	"8o\0229o[\232s\234,g\224\324\335\273\340\201\033\231"
 236      6F5B9A73 
 236      9C2C6794 
 236      D4DDBBE0 
 236      811B99
 237 05e4 0D2F1776 		.ascii	"\015/\027vX\274q3Czz\317d\271\343N\206\034\333U\320"
 237      58BC7133 
 237      437A7ACF 
 237      64B9E34E 
 237      861CDB55 
 238 05f9 A4C53D0C 		.ascii	"\244\305=\0149}\244\366\227\370.\273\317H,\333\315\341"
 238      397DA4F6 
 238      97F82EBB 
 238      CF482CDB 
 238      CDE1
 239 060b 2986949F 		.ascii	")\206\224\237,\332\306\212\334\277\022t&fr\233\206f"
 239      2CDAC68A 
 239      DCBF1274 
 239      2666729B 
 239      8666
 240 061d 742D2D19 		.ascii	"t--\031Z\356\334r\307\217\030\251\255\376\325\261\372"
 240      5AEEDC72 
 240      C78F18A9 
 240      ADFED5B1 
 240      FA
 241 062e 7762EBEE 		.ascii	"wb\353\356+\034\336\242b\341\261\345\2727Nc\367\347"
 241      2B1CDEA2 
 241      62E1B1E5 
 241      BA374E63 
 241      F7E7
 242 0640 E2732FB9 		.ascii	"\342s/\271\341|\206T\217\037HS\3412\212p\025YM\031j"
 242      E17C8654 
 242      8F1F4853 
 242      E1328A70 
 242      15594D19 
 243 0655 C1269604 		.ascii	"\301&\226\004\214\320\036\260G\306s\333#S\336\0361_"
 243      8CD01EB0 
 243      47C673DB 
ARM GAS  /var/folders/nx/qt6_p4ls4xzbnqkz75ny5wl40000gp/T//ccnMPoEG.s 			page 19


 243      2353DE1E 
 243      315F
 244 0667 D4A4615C 		.ascii	"\324\244a\\\311\344\315\266\017\035r\307\265\014I\255"
 244      C9E4CDB6 
 244      0F1D72C7 
 244      B50C49AD 
 245 0677 DB9B2C54 		.ascii	"\333\233,T\360\024\237\274\225\364\330\013\237b\215"
 245      F0149FBC 
 245      95F4D80B 
 245      9F628D
 246 0686 5177322C 		.ascii	"Qw2,\010\2672\344\366\226\212,%\356bHZQ\326c7|\235!"
 246      08B732E4 
 246      F6968A2C 
 246      25EE6248 
 246      5A51D663 
 247 069e 293B6E55 		.ascii	");nUj\361 CJ\357L\355R\341;\0149<z\355\015<\305F\226"
 247      6AF12043 
 247      4AEF4CED 
 247      52E13B0C 
 247      393C7AED 
 248 06b7 317DFB3C 		.ascii	"1}\373<rY\006\347s\362e\260%\036lp\020lp\200{\272\244"
 248      725906E7 
 248      73F265B0 
 248      251E6C70 
 248      106C7080 
 249 06ce 05095937 		.ascii	"\005\011Y7\016fk\361<\023\267oSw\212\012ov\243\310B"
 249      0E666BF1 
 249      3C13B76F 
 249      53778A0A 
 249      6F76A3C8 
 250 06e3 EEF65A84 		.ascii	"\356\366Z\204c\031\322_6<\312\341\335\014IoO\350\322"
 250      6319D25F 
 250      363CCAE1 
 250      DD0C496F 
 250      4FE8D2
 251 06f6 E27C8624 		.ascii	"\342|\206$\234\262^R\341\303n\016!B\313BD\226u\272_"
 251      9CB25E52 
 251      E1C36E0E 
 251      2142CB42 
 251      449675BA 
 252 070b 8DEBDC1C 		.ascii	"\215\353\334\034\026\260\226-\340[g\242\256*\3619\326"
 252      16B0962D 
 252      E05B67A2 
 252      AE2AF139 
 252      D6
 253 071c 96D1943A 		.ascii	"\226\321\224:\355\211;\031\262\251\241\244\213\021\376"
 253      ED893B19 
 253      B2A9A1A4 
 253      8B11FE
 254 072b 84A0D1D1 		.ascii	"\204\240\321\321'\316\252\360\015\332\366\263\307\315"
 254      27CEAAF0 
 254      0DDAF6B3 
 254      C7CD
 255 0739 3B6F6104 		.ascii	";oa\004\225\037\374\374\350?_\255\326o\031-\006\341"
 255      951FFCFC 
 255      E83F5FAD 
 255      D66F192D 
ARM GAS  /var/folders/nx/qt6_p4ls4xzbnqkz75ny5wl40000gp/T//ccnMPoEG.s 			page 20


 255      06E1
 256 074b FF65CB96 		.ascii	"\377e\313\226iY\213\3572?_\355KB\235\010\317\264~\364"
 256      69598BEF 
 256      323F5FED 
 256      4B429D08 
 256      CFB47EF4 
 257 075f E74B0A46 		.ascii	"\347K\012F~\262\255\326\372\255c\025|\003\224\255d\275"
 257      7EB2ADD6 
 257      FAAD6315 
 257      7C0394AD 
 257      64BD
 258 0771 24806D6E 		.ascii	"$\200mnr/=\253Z\312\207\346\002\322\\\004\361\252\212"
 258      722F3DAB 
 258      5ACA87E6 
 258      02D25C04 
 258      F1AA8A
 259 0784 6395C228 		.ascii	"c\225\302(\030\276\201\203*\011\240\007\340\022@7\300"
 259      18BE8183 
 259      2A09A007 
 259      E0124037 
 259      C0
 260 0795 00C05500 		.ascii	"\000\300U\000+\300q\200/\000\232\001\316\002\364\003"
 260      2BC07180 
 260      2F009A01 
 260      CE02F403 
 261 07a5 F4015C00 		.ascii	"\364\001\\\000\230\004\250\343$\225Fb\375\344G)\254"
 261      9804A8E3 
 261      24954662 
 261      FDE44729 
 261      AC
 262 07b6 98E5B428 		.ascii	"\230\345\264(\007T\273\310\271.\017\313\333jk\276\235"
 262      0754BBC8 
 262      B92E0FCB 
 262      DB6A6BBE 
 262      9D
 263 07c7 C15B4E21 		.ascii	"\301[N!\324\011\344I\256"
 263      D409E449 
 263      AE
 264 07d0 4742066E 		.ascii	"GB\006n\335V\330N+,2\352\355K\322FYZ\206U\351o\322\354"
 264      DD56D84E 
 264      2B2C32EA 
 264      ED4BD246 
 264      595A8655 
 265 07e8 F05818AF 		.ascii	"\360X\030\257\020\321YQ7g/\352&{\353-^-\020\315Q\007"
 265      10D15951 
 265      37672FEA 
 265      267BEB2D 
 265      5E2D10CD 
 266 07fe 10A5898E 		.ascii	"\020\245\211\216\326\302-\023\253;0\372\310\033\307"
 266      D6C22D13 
 266      AB3B30FA 
 266      C81BC7
 267 080d 99D1E1A5 		.ascii	"\231\321\341\245\343(\307x\332\245\037\341\234j\344"
 267      E328C778 
 267      DAA51FE1 
 267      9C6AE4
 268 081c 9BB4ACBC 		.ascii	"\233\264\254\274\015\243\312s\255)\221_\336[\377\004"
ARM GAS  /var/folders/nx/qt6_p4ls4xzbnqkz75ny5wl40000gp/T//ccnMPoEG.s 			page 21


 268      0DA3CA73 
 268      AD29915F 
 268      DE5BFF04 
 269 082c 93A8DA0A 		.ascii	"\223\250\332\012\374\012%\257zR\361`(\353\327\230\241"
 269      FC0A25AF 
 269      7A52F160 
 269      28EBD798 
 269      A1
 270 083d 885D8B81 		.ascii	"\210]\213\201\254\205\223\255\340\250\360\370|Z\323"
 270      AC8593AD 
 270      E0A8F0F8 
 270      7C5AD3
 271 084c 0A94554B 		.ascii	"\012\224UKP\216\036\220R\016\311SJ\353\245V)\3115p\037"
 271      508E1E90 
 271      520EC953 
 271      4AEBA556 
 271      29C93570 
 272 0861 D297A9EC 		.ascii	"\322\227\251\354\212L!\241\241\026O\254/\377\035\211"
 272      8A4C21A1 
 272      A1164FAC 
 272      2FFF1D89 
 273 0871 F6BD40B4 		.ascii	"\366\275@\264_4\370E\333\210e\013\334+ kHp\333q\270"
 273      5F34F845 
 273      DB88650B 
 273      DC2B206B 
 273      4870DB71 
 274 0886 6F14DD8E 		.ascii	"o\024\335\216\007\363L~\207\231\247\011H\212\235g\347"
 274      07F34C7E 
 274      8799A709 
 274      488A9D67 
 274      E7
 275 0897 A2E31B0C 		.ascii	"\242\343\033\014_^p\362(\336D\351\311\244\247\003};"
 275      5F5E70F2 
 275      28DE44E9 
 275      C9A4A703 
 275      7D3B
 276 08a9 5C532166 		.ascii	"\\S!f\326=\355w\300\275N\340N\346\261P\236\273d\301"
 276      D63DED77 
 276      C0BD4EE0 
 276      4EE6B150 
 276      9EBB64C1 
 277 08bd 59A8E676 		.ascii	"Y\250\346vn\220L\350l\021\315'@\363\223\260h.;.\232"
 277      6E904CE8 
 277      6C11CD27 
 277      40F393B0 
 277      682E3B2E 
 278 08d2 5961D1DC 		.ascii	"Ya\321\334\000C\345\312/\032\246\275\354\212>\001L\377"
 278      0043E5CA 
 278      2F1AA6BD 
 278      EC8A3E01 
 278      4CFF
 279 08e4 492B9A44 		.ascii	"I+\232D\233\261oK\242\315\316\245\327\2355\273\225\255"
 279      9BB16F4B 
 279      A2CDCEA5 
 279      D79D35BB 
 279      95AD
 280 08f6 51E2F987 		.ascii	"Q\342\371\207\235-U\316\311\217$\031L\225\002mh\227"
ARM GAS  /var/folders/nx/qt6_p4ls4xzbnqkz75ny5wl40000gp/T//ccnMPoEG.s 			page 22


 280      9D2D55CE 
 280      C98F2419 
 280      4C95026D 
 280      6897
 281 0908 30136424 		.ascii	"0\023d$w`$\347@\233{\2026\322\016\373\240\003y\245B"
 281      776024E7 
 281      409B7B82 
 281      36D20EFB 
 281      A00379A5 
 282 091d D982B148 		.ascii	"\331\202\261H\207\273\320a\030:T\003\234\227\351d\237"
 282      87BBD061 
 282      183A5403 
 282      9C97E964 
 282      9F
 283 092e 905A2074 		.ascii	"\220Z t5!R'>\005c\020\235\030\"\224\315(\326\364|6J"
 283      35215227 
 283      3E056310 
 283      9D182294 
 283      CD28D6F4 
 284 0945 F21A6575 		.ascii	"\362\032eu^b\316\357\313\326\204s\214\232,\2032\331"
 284      5E62CEEF 
 284      CBD68473 
 284      8C9A2C83 
 284      32D9
 285 0957 0529091C 		.ascii	"\005)\011\034\217\354+\262Lv\225\213\257\243\020\271"
 285      8FEC2BB2 
 285      4C76958B 
 285      AFA310B9 
 286 0967 86B4CD24 		.ascii	"\206\264\315$r\021\247?$.\244!\247\310U\360u!r\301\353"
 286      7211A73F 
 286      242EA421 
 286      A7C855F0 
 286      752172C1 
 287 097c 0DBAE3AC 		.ascii	"\015\272\343\254\200\363N@\246=x\364;\223\2668\222Z"
 287      80F34E40 
 287      A63D78F4 
 287      3B93B638 
 287      925A
 288 098e 13053390 		.ascii	"\023\0053\220]\247Zy3<\225\207\354Sw\006,\277\324\324"
 288      5DA75A79 
 288      333C9587 
 288      EC537706 
 288      2CBFD4D4 
 289 09a2 09432CD7 		.ascii	"\011C,\327\026\223!\222\271H\024\207x\232\323:\014\261"
 289      16932192 
 289      B9481487 
 289      789AD33A 
 289      0CB1
 290 09b4 DC4F18E2 		.ascii	"\334O\030\342\010\320e\271\366Q\351\364\366:\304\250"
 290      08D065B9 
 290      F651E9F4 
 290      F63AC4A8 
 291 09c4 1B8C63B2 		.ascii	"\033\214c\262L\354QPnD\3171\320\363\030\350X\0110\010"
 291      4CEC5150 
 291      6E44CF31 
 291      D0F318E8 
 291      58093008 
ARM GAS  /var/folders/nx/qt6_p4ls4xzbnqkz75ny5wl40000gp/T//ccnMPoEG.s 			page 23


 292 09d8 5003D006 		.ascii	"P\003\320\006p\035\240\036\340\226dY[\307\205tE\012"
 292      701DA01E 
 292      E0966459 
 292      5BC78574 
 292      450A
 293 09ea 988267A4 		.ascii	"\230\202g\244\253\364\"7\201\262L~\321\210\244\3654"
 293      ABF42237 
 293      81B24C7E 
 293      D188A4F5 
 293      34
 294 09fb B391B7AC 		.ascii	"\263\221\267\254/\3452\233\030\345,q?\000\236$\300\225"
 294      2FE5329B 
 294      18E52C71 
 294      3F009E24 
 294      C095
 295 0a0d 083CED2B 		.ascii	"\010<\355+\240\324\221\247u\217\304C\007\344g]\342\242"
 295      A0D491A7 
 295      758FC443 
 295      07E4675D 
 295      E2A2
 296 0a1f D934B741 		.ascii	"\3314\267A\032\334\361\254\322\303)\206\027qX6\206K"
 296      1ADCF1AC 
 296      D2C32986 
 296      17715836 
 296      864B
 297 0a31 67E5A2C3 		.ascii	"g\345\242\303\254\334\266/\272(k{~\273'\017C'/]\213"
 297      ACDCB62F 
 297      BA286B7B 
 297      7EBB270F 
 297      43272F5D 
 298 0a46 7243E739 		.ascii	"rC\3479{\310N\254\037\221\004x\213\020%d\002\274Tt\273"
 298      7BC84EAC 
 298      1F910478 
 298      8B102564 
 298      02BC5474 
 299 0a5b 83E81126 		.ascii	"\203\350\021&:\217\005\301\202W\322\211\033\222\254"
 299      3A8F05C1 
 299      8257D289 
 299      1B92AC
 300 0a6a ECB82BC2 		.ascii	"\354\270+\302\2660O\226\257\211\202\214\326.\337\234"
 300      B6304F96 
 300      AF89828C 
 300      D62EDF9C 
 301 0a7a 583FB486 		.ascii	"X?\264\206\354p^\224o\206\332\342U\222\017\301\2242"
 301      EC705E94 
 301      6F86DAE2 
 301      55920FC1 
 301      9432
 302 0a8c CDD611BA 		.ascii	"\315\326\021\272\0373$\333\327rO\205h\245\362\324\206"
 302      1F3324DB 
 302      D7724F85 
 302      68A5F2D4 
 302      86
 303 0a9d 1451AAEE 		.ascii	"\024Q\252\356w,\255\220\327\210\275Bh]\242\026+~\203"
 303      772CAD90 
 303      D788BD42 
 303      685DA216 
ARM GAS  /var/folders/nx/qt6_p4ls4xzbnqkz75ny5wl40000gp/T//ccnMPoEG.s 			page 24


 303      2B7E83
 304 0ab0 6539B29C 		.ascii	"e9\262\234+\344+\034\333\016\326\321\266\251X\315\327"
 304      2BE42B1C 
 304      DB0ED6D1 
 304      B6A958CD 
 304      D7
 305 0ac1 5285497E 		.ascii	"R\205I~AI=G\264\335\024\3675\370\377\317JF<X7\337\241"
 305      41493D47 
 305      B4DD14F7 
 305      35F8FFCF 
 305      4A463C58 
 306 0ad8 C2F7DD69 		.ascii	"\302\367\335i\201|\253\377\336\035\317\025\373xK\371"
 306      817CABFF 
 306      DE1DCF15 
 306      FB784BF9 
 307 0ae8 647C67F1 		.ascii	"d|g\361K{\310\262\345\237\300\253-\"\275\320}\373\032"
 307      4B7BC8B2 
 307      E59FC0AB 
 307      2D22BDD0 
 307      7DFB1A
 308 0afb 57907B3A 		.ascii	"W\220{:\032\364\200[A6\014&\346\2225JN\250'\376LO\002"
 308      1AF4805B 
 308      41360C26 
 308      E692354A 
 308      4EA827FE 
 309 0b12 AA7617CD 		.ascii	"\252v\027\315j]\353\361\220\3521\315\011\212T\344Fu"
 309      6A5DEBF1 
 309      90EA31CD 
 309      098A54E4 
 309      4675
 310 0b24 237CD083 		.ascii	"#|\320\203*b\275\223\367\300\233*b\251\205\230\3137"
 310      2A62BD93 
 310      F7C09B2A 
 310      62A98598 
 310      CB37
 311 0b36 2C2EBE43 		.ascii	",.\276C:\240/%*|iSa\306\245\012Wg\347\356yIU\220lR+"
 311      3AA02F25 
 311      2A7C6953 
 311      61C6A50A 
 311      5767E7EE 
 312 0b51 D023AAC1 		.ascii	"\320#\252\301\254M\203\352\362\356\001\025\256b\032"
 312      AC4D83EA 
 312      F2EE0115 
 312      AE621A
 313 0b60 440DA565 		.ascii	"D\015\245eiA\003+?\031\3375\246M\257\340O\331L\001\335"
 313      6941032B 
 313      3F19DF35 
 313      A64DAFE0 
 313      4FD94C01 
 314 0b75 D063891E 		.ascii	"\320c\211\036\217mz\314Q=\222\353r\242<\330\213\333"
 314      8F6D7ACC 
 314      513D92EB 
 314      72A23CD8 
 314      8BDB
 315 0b87 57E91BCE 		.ascii	"W\351\033\316\241\230)v>\322A7\342\267\364\326\030\360"
 315      A1982976 
 315      3ED24137 
ARM GAS  /var/folders/nx/qt6_p4ls4xzbnqkz75ny5wl40000gp/T//ccnMPoEG.s 			page 25


 315      E2B7F4D6 
 315      18F0
 316 0b99 289352DD 		.ascii	"(\223R\3358\375\025\374\220\335\327\316V\345\353h?+"
 316      38FD15FC 
 316      90DDD7CE 
 316      56E5EB68 
 316      3F2B
 317 0bab 7B65AD1B 		.ascii	"{e\255\033y\310v\262_\241\012\315\317\015\351\360\""
 317      79C876B2 
 317      5FA10ACD 
 317      CF0DE9F0 
 317      22
 318 0bbc A33D76A0 		.ascii	"\243=v\240\272\320\013oWS$y\367p\205\016g2d[a\353\240"
 318      BAD00B6F 
 318      57532479 
 318      F770850E 
 318      6732645B 
 319 0bd3 16EF67C8 		.ascii	"\026\357g\310\261\212J\210\267\205\014\031\336\224\223"
 319      B18A4A88 
 319      B7850C19 
 319      DE9493
 320 0be2 A5C3650C 		.ascii	"\245\303e\014i\3325\3721\256f\367]\003W\016z\341\223"
 320      69DA35FA 
 320      31AE66F7 
 320      5D03570E 
 320      7AE193
 321 0bf5 14F1482E 		.ascii	"\024\361H.\371\362\204\007\242\257A\360\266#M\016<^"
 321      F9F28407 
 321      A2AF41F0 
 321      B6234D0E 
 321      3C5E
 322 0c07 8E3661F0 		.ascii	"\2166a\360\266h\214Q\034f\221\"\011\373\241D\354\213"
 322      B6688C51 
 322      1C669122 
 322      09FBA144 
 322      EC8B
 323 0c19 76006C07 		.ascii	"v\000l\007H\000\210\007\330\211%5\024\254\241\267\205"
 323      48008807 
 323      D8892535 
 323      14ACA1B7 
 323      85
 324 0c2a 1440A626 		.ascii	"\024@\246&V\350\357*\210\361\326\322\0221\205oq\246"
 324      56E8EF2A 
 324      88F1D6D2 
 324      1231856F 
 324      71A6
 325 0c3c 7E2A851F 		.ascii	"~*\205\037\273 \006\310\255\362\274\305hZ\\\"\246\305"
 325      BB2006C8 
 325      ADF2BCC5 
 325      685A5C22 
 325      A6C5
 326 0c4e 1879D6F6 		.ascii	"\030y\326\366\342\322R\364\206\020\2447\013\2242A\212"
 326      E2D252F4 
 326      8610A437 
 326      0B943241 
 326      8A
 327 0c5f 86814309 		.ascii	"\206\201C\011$\014\000\205\334\346s\275D\277m\316\""
ARM GAS  /var/folders/nx/qt6_p4ls4xzbnqkz75ny5wl40000gp/T//ccnMPoEG.s 			page 26


 327      240C0085 
 327      DCE673BD 
 327      44BF6DCE 
 327      22
 328 0c70 25199E6C 		.ascii	"%\031\236l\351\354L\254\360F\313\374d\355\236\002\266"
 328      E9EC4CAC 
 328      F046CBFC 
 328      64ED9E02 
 328      B6
 329 0c81 7E5EBB0B 		.ascii	"~^\273\013\011\272\316\353\004\211\214\311\320+\012"
 329      09BACEEB 
 329      04898CC9 
 329      D02B0A
 330 0c90 DB1334D1 		.ascii	"\333\0234\321\223\376`\362o\344uW+q\013\363\204\302"
 330      93FE60F2 
 330      6FE47557 
 330      2B710BF3 
 330      84C2
 331 0ca2 E9336318 		.ascii	"\3513c\030_dH\351\221\206\026O|\233!g:\257\027\271\261"
 331      5F6448E9 
 331      9186164F 
 331      7C9B2167 
 331      3AAF17B9 
 332 0cb7 D324B63B 		.ascii	"\323$\266;\321Zs\223\355\265\274D\017\233r\007w\251"
 332      D15A7393 
 332      EDB5BC44 
 332      0F9B7207 
 332      77A9
 333 0cc9 F113C1D1 		.ascii	"\361\023\301\321J\243 \371l\327\260\375\210\224\324"
 333      4AA320F9 
 333      6CD7B0FD 
 333      8894D4
 334 0cd8 6A35CE62 		.ascii	"j5\316b\310Pan\253\027>\300\220\366}\226\243\336\270"
 334      C850616E 
 334      AB173EC0 
 334      90F67D96 
 334      A3DEB8
 335 0ceb 8422DC78 		.ascii	"\204\"\334xir\245m\307\311z\367c\017\224\2155(\013?"
 335      6972A56D 
 335      C7C97AF7 
 335      630F948D 
 335      35280B3F 
 336 0cff EF61D93E 		.ascii	"\357a\331>,{X\226\333u\242\022\341j&\357\324\305\232"
 336      2C7B5896 
 336      DB75A212 
 336      E16A26EF 
 336      D4C59A
 337 0d12 3444E3C3 		.ascii	"4D\343\303\373\266\3600s\262i\312\315ex\330\217Ix\310"
 337      FBB6F030 
 337      73B269CA 
 337      CD6578D8 
 337      8F4978C8 
 338 0d26 C14278A8 		.ascii	"\301Bx\250\275\365\240U\215\033\030\263\342\224\352"
 338      BDF5A055 
 338      8D1B18B3 
 338      E294EA
 339 0d35 064F87CD 		.ascii	"\006O\207\315j\240\226\364\315\303\342\351\027W\334"
ARM GAS  /var/folders/nx/qt6_p4ls4xzbnqkz75ny5wl40000gp/T//ccnMPoEG.s 			page 27


 339      6AA096F4 
 339      CDC3E2E9 
 339      1757DC
 340 0d44 5590EA89 		.ascii	"U\220\352\211\264~\256\310\321AP_\354AmP\027\255\001"
 340      B47EAEC8 
 340      D141505F 
 340      EC416D50 
 340      17AD01
 341 0d57 8F3A000F 		.ascii	"\217:\000\017sE+\000\215}\342\366O\247\034\363\304-"
 341      73452B00 
 341      8D7DE2F6 
 341      4FA71CF3 
 341      C42D
 342 0d69 4C9D43D6 		.ascii	"L\235C\326\354G:\334I\021\315\211\211M\253\220\037\335"
 342      EC473ADC 
 342      4911CD89 
 342      894DAB90 
 342      1FDD
 343 0d7b B6F0D5FA 		.ascii	"\266\360\325\372\372Qv-\271/\002\273C\340\007\031\""
 343      FA51762D 
 343      B92F02BB 
 343      43E00719 
 343      22
 344 0d8c BB62ECF0 		.ascii	"\273b\354\360R\307\334m7\270[:q\267BP\252Xp\267\012"
 344      52C7DC6D 
 344      37B85B3A 
 344      71B74250 
 344      AA5870B7 
 345 0da1 B82F02F7 		.ascii	"\270/\002\367:\014P\002P\012P\346\270\304gW\012K\274"
 345      3A0C5002 
 345      500A50E6 
 345      B8C46757 
 345      0A4BBC
 346 0db4 1C74DE03 		.ascii	"\034t\336\003B\212\261\354\013\253\254\254L\201\376"
 346      428AB1EC 
 346      0BABACAC 
 346      4C81FE
 347 0dc3 79645947 		.ascii	"ydYG\212\330z\".bq\026\344|\3105J\2137b\307|yRI \271"
 347      8AD87A22 
 347      2E627116 
 347      E47CC835 
 347      4A8B3762 
 348 0dde 2BBC1F81 		.ascii	"+\274\037\201\177\0248\023K\342\210t\032\017aiYR\216"
 348      7F143813 
 348      4BE28874 
 348      1A0F6169 
 348      59528E
 349 0df1 ED1591A5 		.ascii	"\355\025\221\245\217\012&\306\330+k\014\311\321\325"
 349      8F0A26C6 
 349      D82B6B0C 
 349      C9D1D5
 350 0e00 CD78123D 		.ascii	"\315x\022=\212\237\212\036$\266\237j\251\346p\017\235"
 350      8A9F8A1E 
 350      24B69F6A 
 350      A9E6700F 
 350      9D
 351 0e11 58B799D9 		.ascii	"X\267\231\331\343\031\336l\217\312\217*\234Y\"Z\342"
ARM GAS  /var/folders/nx/qt6_p4ls4xzbnqkz75ny5wl40000gp/T//ccnMPoEG.s 			page 28


 351      E319DE6C 
 351      8FCA8F2A 
 351      9C59225A 
 351      E2
 352 0e22 0848A974 		.ascii	"\010H\251t5<\331\"?M\350A\214~\014\214^\003\206\256"
 352      353CD922 
 352      3F4DE841 
 352      8C7E0C8C 
 352      5E0386AE 
 353 0e36 02A80638 		.ascii	"\002\250\0068*5x\254\020\300l\203\251t1\030J\034W\342"
 353      2A3578AC 
 353      10C06C83 
 353      A9743118 
 353      4A1C57E2 
 354 0e4a 383B323A 		.ascii	"8;2:\211\321x\241U\344\274G\226\263\030c\347\251\225"
 354      89D178A1 
 354      55E4BC47 
 354      96B31863 
 354      E7A995
 355 0e5d 2A65ACC4 		.ascii	"*e\254\304\315\334--Q\202\313\013Q\257F\327C\242^-\011"
 355      CDDC2D2D 
 355      5182CB0B 
 355      51AF46D7 
 355      43A25E2D 
 356 0e72 D8A2B757 		.ascii	"\330\242\267W\312y\273\335\030\307\301\000\3172\006"
 356      CA79BBDD 
 356      18C7C100 
 356      CF3206
 357 0e81 D978EC1B 		.ascii	"\331x\354\033}\240\304Cl\325\345.d\227y\340\273\014"
 357      7DA0C443 
 357      6CD5E52E 
 357      649779E0 
 357      BB0C
 358 0e93 69B81D73 		.ascii	"i\270\035s\331\013?\026b\315@[\274\232\204\207\350g"
 358      D90B3F16 
 358      62CD405B 
 358      BC9A8487 
 358      E867
 359 0ea5 9D65A5D5 		.ascii	"\235e\245\325\024?T\3438Oz\212\330\331\221\327\343\001"
 359      143F54E3 
 359      384F7A8A 
 359      D8D991D7 
 359      E301
 360 0eb7 130CB3BB 		.ascii	"\023\014\263\2739\032\326\324\344\3526\266\246N\202"
 360      391AD6D4 
 360      E4EA36B6 
 360      A64E82
 361 0ec6 7D1A6028 		.ascii	"}\032`(\247\226ZSN\005\375\011\201\236\214\3504\214"
 361      A7965A53 
 361      4E05FD09 
 361      819E8CE8 
 361      348C
 362 0ed8 A851921A 		.ascii	"\250Q\222\032\254m4a\235\2223f\317PM1g\317ANL\233\200"
 362      AC6D3461 
 362      9D923366 
 362      CF504D31 
 362      67CF414E 
ARM GAS  /var/folders/nx/qt6_p4ls4xzbnqkz75ny5wl40000gp/T//ccnMPoEG.s 			page 29


 363 0eef 912BA660 		.ascii	"\221+\246`\3711\035}\347=\003\024\365\242\345OI\362"
 363      F9311D7D 
 363      E73D0314 
 363      F5A2E54F 
 363      49F2
 364 0f01 CDE2E6B6 		.ascii	"\315\342\346\266\016\204wy\262,\322Q|\325\035\2473\244"
 364      0E847779 
 364      B22CD251 
 364      7CD51DA7 
 364      33A4
 365 0f13 A3BB2315 		.ascii	"\243\273#\025\341\\\206\364\035\274\261\250\304G)\302"
 365      E15C86F4 
 365      1DBCB1A8 
 365      C44729C2 
 366 0f23 F5CF348F 		.ascii	"\365\3174\217I\216#n\321\243\254V\360\257\226\347N\020"
 366      498E236E 
 366      D1A3AC56 
 366      F0AF96E7 
 366      4E10
 367 0f35 E7E51344 		.ascii	"\347\345\023D\361\360\221k\030\3271\353\227\225\365"
 367      F1F0916B 
 367      18D731EB 
 367      9795F5
 368 0f44 FEB7AB33 		.ascii	"\376\267\2533\\\005\272 \214\372\"pj\227\206\276\370"
 368      5C05BA20 
 368      8CFA2270 
 368      6A9786BE 
 368      F8
 369 0f55 BE49A194 		.ascii	"\276I\241\224'*\265\201J\027\226\360\342\331\267<H\373"
 369      272AB581 
 369      4A1796F0 
 369      E2D9B73C 
 369      48FB
 370 0f67 D3666FEC 		.ascii	"\323fo\354\340\347T\202\017[\347\335\020\352\004.\315"
 370      E0E75482 
 370      0F5BE7DD 
 370      10EA042E 
 370      CD
 371 0f78 E2002FE0 		.ascii	"\342\000/\340\245v\340:@+9\015\311\027\026\355\361\333"
 371      A576E03A 
 371      402B390D 
 371      C91716ED 
 371      F1DB
 372 0f8a 101E6276 		.ascii	"\020\036bv\315\336Q\361\210\025\243\221\004\255\037"
 372      CDDE51F1 
 372      8815A391 
 372      04AD1F
 373 0f99 4DAAD5E0 		.ascii	"M\252\325\340a\326\266"
 373      61D6B6
 374 0fa0 6BB2A647 		.ascii	"k\262\246G\215\3573d\352B\326\031\035\236\363t8<\365"
 374      8DEF3364 
 374      EA42D619 
 374      1D9EF374 
 374      383CF5
 375 0fb3 6587A78F 		.ascii	"e\207\247\217\266n\333\254\241\350\242\355G\347\351"
 375      B66EDBAC 
 375      A1E8A2ED 
ARM GAS  /var/folders/nx/qt6_p4ls4xzbnqkz75ny5wl40000gp/T//ccnMPoEG.s 			page 30


 375      47E7E9
 376 0fc2 7CCCCE03 		.ascii	"|\314\316\003Z\333A\202%\232\377\312\246\303\257H\266"
 376      5ADB4182 
 376      259AFFCA 
 376      A6C3AF48 
 376      B6
 377 0fd3 76AE815E 		.ascii	"v\256\201^\276\302\034tC\344\357\301\366\243\256\011"
 377      BEC21C74 
 377      43E4EFC1 
 377      F6A3AE09 
 378 0fe3 FA4D4F2F 		.ascii	"\372MO/\330\357\2528b_\361\250\353fe\313\274\3125\347"
 378      D8EFAA38 
 378      625FF1A8 
 378      EB6665CB 
 378      BCCA35E7 
 379 0ff7 1BAE38B7 		.ascii	"\033\2568\2676\245\320Ou"
 379      36A5D04F 
 379      75
 380 1000 AE03E72B 		.ascii	"\256\003\347+\"g\020dg\235\361\340Z\363\022J\337r\305"
 380      22671064 
 380      679DF1E0 
 380      5AF3124A 
 380      DF72C5
 381 1013 BAA068E6 		.ascii	"\272\240h\346\003\362Zy\023X_\026Y_\027Y#\376\341\225"
 381      03F25A79 
 381      13585F16 
 381      595F1759 
 381      23FEE195 
 382 1027 446F5A34 		.ascii	"DoZ45x\021\374\372\266\235\321:j\374\036v\020r\370\344"
 382      357811FC 
 382      FAB69DD1 
 382      3A6AFC1E 
 382      761072F8 
 383 103c 0CFBA885 		.ascii	"\014\373\250\205:\343\265\371\313}\336\032\311\361\021"
 383      3AE3B5F9 
 383      CB7DDE1A 
 383      C9F111
 384 104b 34481C70 		.ascii	"4H\034p\200p\006wB\375\230\222\327/\226=\360z1I\010"
 384      80700677 
 384      42FD9892 
 384      D72F963D 
 384      F07A3149 
 385 1060 662BD275 		.ascii	"f+\322uT\225>\320\321\212\011\375 ~\321\326\213\236"
 385      54953ED0 
 385      D18A09FD 
 385      207ED1D6 
 385      8B9E
 386 1072 34C53DEC 		.ascii	"4\305=\354\322\342-Zv\374se\244\233\225o\237\223\242"
 386      D2E22D5A 
 386      76FC7365 
 386      A49B956F 
 386      9F93A2
 387 1085 BF7DBCBF 		.ascii	"\277}\274\277C'\034~\320\324B\336{\207\376U\330Z$\216"
 387      43271C7E 
 387      D0D442DE 
 387      7B87FE55 
 387      D85A248E 
ARM GAS  /var/folders/nx/qt6_p4ls4xzbnqkz75ny5wl40000gp/T//ccnMPoEG.s 			page 31


 388 1099 78094638 		.ascii	"x\011F8,u\353.\374tFO\207\025\367\004\0147O\266\013"
 388      2C75EB2E 
 388      FC74464F 
 388      8715F704 
 388      0C374FB6 
 389 10ae 1739D683 		.ascii	"\0279\326\203\356'\200\021\307 \220\216\002\334\001"
 389      EE278011 
 389      C720908E 
 389      02DC01
 390 10bd B80BF005 		.ascii	"\270\013\360\005\300\210\270\216x\353\205{\312\206\364"
 390      C088B88E 
 390      78EB857B 
 390      CA86F4
 391 10cc 3789DA68 		.ascii	"7\211\332hH\220f\033\014\272\215\245y\203\267\356-\373"
 391      4890661B 
 391      0CBA8DA5 
 391      7983B7EE 
 391      2DFB
 392 10de 3D491B24 		.ascii	"=I\033$\302\327\011\264\366H\376\324VKA\031\311\304"
 392      C2D709B4 
 392      F648FED4 
 392      564B4119 
 392      C9C4
 393 10f0 24269D75 		.ascii	"$&\235u\036E)\347D[\354\017\244d\203\374\234@j\337\310"
 393      1E4529E7 
 393      445BEC0F 
 393      A46483FC 
 393      9C406ADF 
 394 1105 75DCEAE1 		.ascii	"u\334\352\341-\351\204\222\024\326\273\004J{\235\356"
 394      2DE98492 
 394      14D6BB04 
 394      4A7B9DEE 
 395 1115 B4E2B727 		.ascii	"\264\342\267'\222P;,\267\346\247\212\033\017s\322r\337"
 395      92503B2C 
 395      B7E6A78A 
 395      1B0F73D2 
 395      72DF
 396 1127 C182F7C0 		.ascii	"\301\202\367\300j\317kA\333i\211\367q\022\177'\240\327"
 396      6ACF6B41 
 396      DB6989F7 
 396      71127F27 
 396      A0D7
 397 1139 82B82137 		.ascii	"\202\270!7,\211\277\017\366\364CVNenpv\353\216I\356"
 397      2C89BF0F 
 397      F6F44356 
 397      4E656E70 
 397      76EB8E49 
 398 114e B51CF292 		.ascii	"\265\034\362\222\333V;\366o\215\007xKl4\317\377lq\321"
 398      DB563BF6 
 398      6F8D0778 
 398      4B6C34CF 
 398      FF6C71D1 
 399 1162 9DF29864 		.ascii	"\235\362\230d~mWIA\236\020Fh\012\277\006\375\357\327"
 399      7E6D5749 
 399      419E1046 
 399      680ABF06 
 399      FDEFD7
ARM GAS  /var/folders/nx/qt6_p4ls4xzbnqkz75ny5wl40000gp/T//ccnMPoEG.s 			page 32


 400 1175 24EE61AF 		.ascii	"$\356a\257\254\345\224\337\315\306\323\327\330\001\233"
 400      ACE594DF 
 400      CDC6D3D7 
 400      D8019B
 401 1184 0F417794 		.ascii	"\017Aw\224\302[<E1=\303\313\271\321\206]\373\367C\233"
 401      C25B3C45 
 401      313DC3CB 
 401      B9D1865D 
 401      FBF7439B 
 402 1198 7F4F33FF 		.ascii	"\177O3\377\356\232\314\271\256\023\374\333\302\257@"
 402      EE9ACCB9 
 402      AE13FCDB 
 402      C2AF40
 403 11a7 F4DB1491 		.ascii	"\364\333\024\221\374K\352\336\017m\356\035w`_\276\012"
 403      FC4BEADE 
 403      0F6DEE1D 
 403      77605FBE 
 403      0A
 404 11b8 A7B371C5 		.ascii	"\247\263q\305\325E\017x\341\203\014\311L\310;\344\215"
 404      D5450F78 
 404      E1830CC9 
 404      4CC83BE4 
 404      8D
 405 11c9 4BB50EDF 		.ascii	"K\265\016\337\221\351\330wd\231\335\267\2471\325\220"
 405      91E9D877 
 405      6499DDB7 
 405      A731D590 
 406 11d9 BE9AA79E 		.ascii	"\276\232\247\236\337\223\250\302U\2144\251?\271K\211"
 406      DF93A8C2 
 406      558C34A9 
 406      3FB94B89 
 407 11e9 4F6A1D22 		.ascii	"Oj\035\"\340\012\026\001w\337\235=\352A\321\305E26n"
 407      E00A1601 
 407      77DF9D3D 
 407      EA41D1C5 
 407      4532366E 
 408 11fd FFCD8E7E 		.ascii	"\377\315\216~\265\375\033\305\301\253\364\350~\223R"
 408      B5FD1BC5 
 408      C1ABF4E8 
 408      7E9352
 409 120c 83E6C5D0 		.ascii	"\203\346\305\320\260B\232\241\2402P\025\300l?\006\257"
 409      B0429AA1 
 409      A0325015 
 409      C06C3F06 
 409      AF
 410 121d 99235EC3 		.ascii	"\231#^\303+\375\200\202\005\232\005x\270H\255\300\035"
 410      2BFD8082 
 410      059A0578 
 410      B848ADC0 
 410      1D
 411 122e 199888D7 		.ascii	"\031\230\210\327\330\017\371\233v\320p\026\015\214\237"
 411      D80FF99B 
 411      76D07016 
 411      0D8C9F
 412 123d 888C41CE 		.ascii	"\210\214A\316R\234\243d9\243\364\341]\015:|\236\215"
 412      529CA364 
 412      39A3F4E1 
ARM GAS  /var/folders/nx/qt6_p4ls4xzbnqkz75ny5wl40000gp/T//ccnMPoEG.s 			page 33


 412      5D0D3A7C 
 412      9E8D
 413 124f 2F21F7CA 		.ascii	"/!\367\312\227j|\205!\031=I\220\016\255\014\331ji\235"
 413      976A7C85 
 413      21193D49 
 413      900EAD0C 
 413      D96A699D 
 414 1263 F6C2630C 		.ascii	"\366\302c\014i\314\330\277\250\303\217\265\016\237\332"
 414      69CCD8BF 
 414      A8C38FB5 
 414      0E9FDA
 415 1272 E9D8A776 		.ascii	"\351\330\247v\311)]\307Tx\213\027{\007L\255}\033\357"
 415      C9295DC7 
 415      54788B17 
 415      7B074CAD 
 415      7D1BEF
 416 1285 F412F617 		.ascii	"\364\022\366\027\032\3121\336\307\220\203\373\366\230"
 416      1ACA31DE 
 416      C79083FB 
 416      F698
 417 1293 709197C3 		.ascii	"p\221\227\303y\254\216\235\3076t\266\334w\307\325\254"
 417      79AC8E9D 
 417      C73674B6 
 417      DC77C7D5 
 417      AC
 418 12a4 ADF66C59 		.ascii	"\255\366lY\201\032\237cH\352\226\375U*|\231!\207\363"
 418      811A9F63 
 418      48EA96FD 
 418      552A7C99 
 418      2187F3
 419 12b7 0AC775B8 		.ascii	"\012\307u\270\237!U\343ui\034\036gHF\343.\250i\237P"
 419      9F2155E3 
 419      75691C1E 
 419      674846E3 
 419      2EA8699F 
 420 12cc E4A5EEF9 		.ascii	"\344\245\356\371\243{U\302F\206\344\347\347+nj\030\025"
 420      A37B55C2 
 420      4686E4E7 
 420      E72B6E6A 
 420      1815
 421 12de E83ED8E3 		.ascii	"\350>\330\343\001\015.\251J\266\322\016\202\265\012"
 421      010D2EA9 
 421      4AB6D20E 
 421      82B50A
 422 12ed 94BE280D 		.ascii	"\224\276(\015 \037`?\300>\200\014\200\335\000\351\000"
 422      201F603F 
 422      C03E800C 
 422      80DD00E9 
 422      00
 423 12fe 7B010E00 		.ascii	"{\001\016\000\344\000d\003d\002\344\002d\001\354\001"
 423      E4006403 
 423      6402E402 
 423      6401EC01 
 424 130e C803B028 		.ascii	"\310\003\260(%5B\372\243\232O\247\242\370\355/\323\357"
 424      253542FA 
 424      A39A4FA7 
 424      A2F8ED2F 
ARM GAS  /var/folders/nx/qt6_p4ls4xzbnqkz75ny5wl40000gp/T//ccnMPoEG.s 			page 34


 424      D3EF
 425 1320 7A6661EA 		.ascii	"zfa\352\2108a\203\324\371\224a\256\224\177w\023\246"
 425      88386183 
 425      D4F99461 
 425      AE947F77 
 425      13A6
 426 1332 945B950E 		.ascii	"\224[\225\016\224\254|~\214\355\244OD\322X9\322mJ;\351"
 426      94AC7C7E 
 426      8CEDA44F 
 426      44D25839 
 426      D26D4A3B 
 427 1347 6391748B 		.ascii	"c\221t\213\034\351\353v\312m\203d\023\233\020&:\022"
 427      1CE9EB76 
 427      CA6D8364 
 427      139B1026 
 427      3A12
 428 1359 3AEDA558 		.ascii	":\355\245X\022\354\204\311r\204\022\341\363\242\360"
 428      12EC84C9 
 428      728412E1 
 428      F3A2F0
 429 1368 3839E192 		.ascii	"89\341\222\321o\2673\335)\307T2\370G\"\323\0309\246"
 429      D16FB733 
 429      DD29C754 
 429      32F84722 
 429      D31839A6 
 430 137c A2A2B176 		.ascii	"\242\242\261v\236\011r\204;DE\323\355\224\273\344\244"
 430      9E097284 
 430      3B4445D3 
 430      ED94BBE4 
 430      A4
 431 138d CF897A2E 		.ascii	"\317\211z.\212\322\267\3131\265oxGYf\313\371w\2430]"
 431      8AD2B7CB 
 431      31B56F78 
 431      475966CB 
 431      F977A330 
 432 13a2 B59B0552 		.ascii	"\265\233\005R\373\342\374\256\023m\274]\201$9\005\304"
 432      FBE2FCAE 
 432      136DBC5D 
 432      81243905 
 432      C4
 433 13b3 59DA6127 		.ascii	"Y\332a'L\221#\224XtA\3244^NS\361\274\335:\006\325)\264"
 433      4C912394 
 433      587441D4 
 433      345E4E53 
 433      F1BCDD3A 
 434 13cb CBED62DD 		.ascii	"\313\355b\335;\376\227\006\201\313#\031\377\235\023"
 434      3BFE9706 
 434      81CB2319 
 434      FF9D13
 435 13da 73E87814 		.ascii	"s\350x\024\225\007\001\032\315\010\2242\3250\254\327"
 435      9507011A 
 435      CD089432 
 435      D530ACD7 
 436 13ea 9DD9C5A9 		.ascii	"\235\331\305\251Z\\\246\243\305c\345\375\374T\2154\027"
 436      5A5CA6A3 
 436      C563E5FD 
 436      FC548D34 
ARM GAS  /var/folders/nx/qt6_p4ls4xzbnqkz75ny5wl40000gp/T//ccnMPoEG.s 			page 35


 436      17
 437 13fb 4A56272A 		.ascii	"JV'*\202E\371\317Z\240\354\273\312@\017t\010\004\024"
 437      8245F9CF 
 437      5AA0ECBB 
 437      CA400F74 
 437      080414
 438 140e 2AED5195 		.ascii	"*\355Q\225\330\301\2265\317\235/\255\325.\023T\263\270"
 438      D8C19635 
 438      CF9D2FAD 
 438      D52E1354 
 438      B3B8
 439 1420 524DF10F 		.ascii	"RM\361\017\325\213|6\263?s\324\035\037\323\261\257\245"
 439      D58B7C36 
 439      B33F73D4 
 439      1D1FD3B1 
 439      AFA5
 440 1432 365FFDDB 		.ascii	"6_\375\333\253\247tY\274\007m\333\033\225t\213d2\310"
 440      ABA77459 
 440      BC076DDB 
 440      1B95748B 
 440      6432C8
 441 1445 8A61044F 		.ascii	"\212a\004O\314\316Z\024\360\000ij\323\261\324v\262\354"
 441      CCCE5A14 
 441      F000696A 
 441      D3B1D476 
 441      B2EC
 442 1457 D23D1D6B 		.ascii	"\322=\035k\016\221\346f\035\313\315\223\373\247~\312"
 442      0E91E666 
 442      1DCBCD93 
 442      FBA77ECA 
 443 1467 5AC369EE 		.ascii	"Z\303i\356\253k\330\343\266\372(\037kYA\347\361\373"
 443      AB6BD8E3 
 443      B6FA281F 
 443      6B5941E7 
 443      F1FB
 444 1479 CB519972 		.ascii	"\313Q\231r9\372\301rT\016\227\303\000\025\000G\000\216"
 444      39FAC172 
 444      540E97C3 
 444      00150047 
 444      008E
 445 148b 2A974B33 		.ascii	"*\227K3\277\017\313\374\343\343\373.\262t\311\257\""
 445      BF0FCBFC 
 445      E3E3FB2E 
 445      B274C9AF 
 445      22
 446 149c B8ED6F04 		.ascii	"\270\355o\004|4\016\177\215\340\303\276\306\262}\306"
 446      7C340E7F 
 446      8DE0C3BE 
 446      C6B27DC6 
 447 14ac EEC33E63 		.ascii	"\356\303>c\267}\307\345#|\307%\244l\037\226\262m;\217"
 447      B77DC7E5 
 447      237CC725 
 447      A46C1F96 
 447      B26D3B8F 
 448 14c0 3E6CE7D1 		.ascii	">l\347\321\226\204|X\022\262m\232\373\260M\363=\331"
 448      96847C58 
 448      12B26D9A 
ARM GAS  /var/folders/nx/qt6_p4ls4xzbnqkz75ny5wl40000gp/T//ccnMPoEG.s 			page 36


 448      FBB04DF3 
 448      3DD9
 449 14d2 DD135E14 		.ascii	"\335\023^\024\375:\265Q\312\374\021\216\242\337\240"
 449      FD3AB551 
 449      CAFC118E 
 449      A2DFA0
 450 14e1 E8AEDB87 		.ascii	"\350\256\333\207\020\035e\007\274\012\302\034\222\351"
 450      101D6507 
 450      BC0AC21C 
 450      92E9
 451 14ef AB54AEA6 		.ascii	"\253T\256\246SH\276($\323X\005\203$SY\015W2\2355p\315"
 451      5348BE28 
 451      24D35805 
 451      83245359 
 451      0D57329D 
 452 1506 10AE645A 		.ascii	"\020\256dZ\217\301\225L\355q\270\222\351\255\205+\231"
 452      8FC1954C 
 452      ED71B892 
 452      E9AD852B 
 452      99
 453 1517 E23AB892 		.ascii	"\342:\270\222i\256\207+\231\352\023p\315\024\370\222"
 453      69AE872B 
 453      99EA1370 
 453      CD14F892 
 454 1527 293F0938 		.ascii	")?\0118\231\366\006\270\222\251o\204k\236\320naW\242"
 454      99F606B8 
 454      92A96F84 
 454      6B9ED06E 
 454      6157A2
 455 153a 63774AEA 		.ascii	"cwJ\352\035O(\321\312-\223\361\235\026\257\342(r$\303"
 455      1D4F28D1 
 455      CA2D93F1 
 455      9D16AFE2 
 455      287224C3 
 456 154e 2FBCB388 		.ascii	"/\274\263\210\251\306%\314_%y\214<)U\276\012o\335\312"
 456      A9C625CC 
 456      5F25798C 
 456      3C2955BE 
 456      0A6FDDCA 
 457 1562 D50A745A 		.ascii	"\325\012tZI\352\264\270\370\303\213\356\256+\2573J\241"
 457      49EAB4B8 
 457      F8C38BEE 
 457      AE2BAF33 
 457      4AA1
 458 1574 F2FA1E15 		.ascii	"\362\372\036\025\271o$-S\355\\x\331\002\226\0025)_\264"
 458      B96F242D 
 458      53ED5C78 
 458      D9029602 
 458      35295FB4 
 459 1588 F5A10899 		.ascii	"\365\241\010\231\261\\\353]D\313(wZ\011\304\324\324"
 459      B15CEB5D 
 459      44CB2877 
 459      5A09C4D4 
 459      D4
 460 1599 B0F71C37 		.ascii	"\260\367\0347:\275y\223i^\256\2457\333\244\237c\256"
 460      3ABD7993 
 460      695EAEA5 
ARM GAS  /var/folders/nx/qt6_p4ls4xzbnqkz75ny5wl40000gp/T//ccnMPoEG.s 			page 37


 460      37DBA49F 
 460      63AE
 461 15ab 341E7DB7 		.ascii	"4\036}\267\304M|\257a\342!D\243\263$L\243\026*\276\231"
 461      C44D7CAF 
 461      61E22144 
 461      A3B3244C 
 461      A3162ABE 
 462 15c0 896FA1E2 		.ascii	"\211o\241\342[n\364\227`\207\315\330\011\207m\271\363"
 462      5B6EF497 
 462      6087CDD8 
 462      09876DB9 
 462      F3
 463 15d1 4ABADB42 		.ascii	"J\272\333B\256\244\262\230\033\270\254t\271\351\333"
 463      AEA4B298 
 463      1BB8AC74 
 463      B9E9DB
 464 15e0 AA949E8E 		.ascii	"\252\224\236\2165f\346\357V\343.\266\000\013n,\336\304"
 464      3566E6EF 
 464      56E32EB6 
 464      000B6E2C 
 464      DEC4
 465 15f2 2BF6F10D 		.ascii	"+\366\361\015\345\345\365s#\344<.\212_\200W\337_\220"
 465      E5E5F573 
 465      23E43C2E 
 465      8A5F8057 
 465      DF5F90
 466 1605 4EA84D29 		.ascii	"N\250M)\236\010\301=]\302\350\202r\005\331\366\276<"
 466      9E08C13D 
 466      5DC2E882 
 466      7205D9F6 
 466      BE3C
 467 1617 C56BF022 		.ascii	"\305k\360\"\343rp\274nD\315\270\224$|\201\235\270\264"
 467      E37270BC 
 467      6E44CDB8 
 467      94247C81 
 467      9DB8B4
 468 162a 4BB8B4DB 		.ascii	"K\270\264\333\270\\\244\\bK\312\353\324t\377\232\374"
 468      B85CA45C 
 468      624BCAEB 
 468      D474FF9A 
 468      FC
 469 163b E109DBC0 		.ascii	"\341\011\333\300\276~da\302\333\345X:\351X:\224\302"
 469      BE7E6461 
 469      C2DBE558 
 469      3AE9583A 
 469      94C2
 470 164d 6016AC89 		.ascii	"`\026\254\211\274\032o\363\246j\344\214\366&j\360n\206"
 470      BC1A6FF3 
 470      A66AE48C 
 470      F6266AF0 
 470      6E86
 471 165f 8C9F5B38 		.ascii	"\214\237[8\242\002\326\250\213\212\204'\321)\015\323"
 471      A202D6A8 
 471      8B8A8427 
 471      D1290DD3 
 472 166f 886A3979 		.ascii	"\210j9ya\276\340W;\313\266\360\364\024\016e7$)\011c"
 472      61BEE057 
ARM GAS  /var/folders/nx/qt6_p4ls4xzbnqkz75ny5wl40000gp/T//ccnMPoEG.s 			page 38


 472      3BCBB6F0 
 472      F4140E65 
 472      37242909 
 473 1684 74C9A629 		.ascii	"t\311\246)\272\014\002\010\312\224\275B\225\255\272"
 473      BA0C0208 
 473      CA94BD42 
 473      95ADBA
 474 1693 B633438B 		.ascii	"\2663C\213/3\366\013Ui\2179\306\254~\256fe\261\375X"
 474      2F33F60B 
 474      55698F39 
 474      C6AC7EAE 
 474      6665B1FD 
 475 16a8 71D36644 		.ascii	"q\323fDG}U2\352\2536F\335\224\321\276\216\233\243Jl"
 475      477D5532 
 475      EAAB3646 
 475      DD94D1BE 
 475      8E9BA34A 
 476 16bd 15184577 		.ascii	"\025\030Ew\364\251l\266\273\357l\273\036\011\227\036"
 476      F4A96CB6 
 476      BBEF6CBB 
 476      1E09971E 
 477 16cd 1B975ECA 		.ascii	"\033\227^\312\245\366rE\241\273\203\207$;x\3105\301"
 477      A5F67245 
 477      A1BB8387 
 477      243B78C8 
 477      35C1
 478 16df 43AE510F 		.ascii	"C\256Q\017y\334\221\337\3139P\223#?\311\237\000\010"
 478      79DC91DF 
 478      CB395093 
 478      233FC99F 
 478      0008
 479 16f1 D4D72975 		.ascii	"\324\327)u\2175\352<\373C\022o\032\011{\242\262\335"
 479      8F35EA3C 
 479      FB43126F 
 479      1A097BA2 
 479      B2DD
 480 1703 5C7BFB4D 		.ascii	"\\{\373M\233\267\337`\336~\372\310\245\011\017go\267"
 480      9BB7DF60 
 480      DE7EFAC8 
 480      A5090F67 
 480      6FB7
 481 1715 BDCB2AD0 		.ascii	"\275\313*\320-\352\355\264\023\241\336\336}<Z)\245\036"
 481      2DEAEDB4 
 481      13A1DEDE 
 481      7D3C5A29 
 481      A51E
 482 1727 598AFA76 		.ascii	"Y\212\372vr*\274\257\2151\333\305nm\032\367\306\017"
 482      722ABCAF 
 482      8D31DBC5 
 482      6E6D1AF7 
 482      C60F
 483 1739 19B265E0 		.ascii	"\031\262e\340\334\030\202\250\322A\242J\235O*\037\265"
 483      DC1882A8 
 483      D241A24A 
 483      9D4F2A1F 
 483      B5
 484 174a 1DAAD4C5 		.ascii	"\035\252\324\305w^E}\312\027\221\025\0149\303\255\220"
ARM GAS  /var/folders/nx/qt6_p4ls4xzbnqkz75ny5wl40000gp/T//ccnMPoEG.s 			page 39


 484      775E457D 
 484      CA179115 
 484      0C39C3AD 
 484      90
 485 175b 30EE27E6 		.ascii	"0\356'\346D\007\021\270\310\200\3625\205\2079\330h\010"
 485      440711B8 
 485      C880F235 
 485      858739D8 
 485      6808
 486 176d 08D29BDD 		.ascii	"\010\322\233\335~\375\373?\256X\243P\007\006\353\331"
 486      7EFDFB3F 
 486      AE58A350 
 486      0706EBD9 
 487 177d 23B7487D 		.ascii	"#\267H}\270\341s3\\\"\215\206\317\334\315\221\306\220"
 487      B8E17333 
 487      5C228D86 
 487      CFDCCD91 
 487      C690
 488 178f 08BDD963 		.ascii	"\010\275\331c}H\270\371\207o\351\315\032\275\336v\373"
 488      7D48B8F9 
 488      876FE9CD 
 488      1ABDDE76 
 488      FB
 489 17a0 17FFF526 		.ascii	"\027\377\365&\243\177hD`@\250\377\032Chh\200\321?\300"
 489      A37F6844 
 489      6040A8FF 
 489      1A436868 
 489      80D13FC0 
 490 17b4 18F64678 		.ascii	"\030\366FxD\270\341\015C\300'!o\254\013\014\364\177"
 490      44B8E10D 
 490      43C02721 
 490      6FAC0B0C 
 490      F47F
 491 17c6 EBCD556F 		.ascii	"\353\315Uo\277\371\323\267V9"
 491      BFF9D3B7 
 491      5639
 492 17d0 36F98784 		.ascii	"6\371\207\204\007\206\256\0172\370\207\005\004\006\207"
 492      0786AE0F 
 492      32F88705 
 492      040687
 493 17df 841BFCF5 		.ascii	"\204\033\374\365A\206\265\001\353C\315z\363\306H\203"
 493      4186B501 
 493      EB43CD7A 
 493      F3C64883 
 494 17ef 6965B0E2 		.ascii	"ie\260\342\017\377\000\346\246\215&\177\275\311\034"
 494      0FFF00E6 
 494      A68D267F 
 494      BDC91C
 495 17fe 04FA02C7 		.ascii	"\004\372\002\307\325+W\372\257\011\016\371$\344\375"
 495      D52B57FA 
 495      AF090EF9 
 495      24E4FD
 496 180d 8FFC234C 		.ascii	"\217\374#L\376F\263\177d\204\321l\362\377\371\207\357"
 496      FE46B37F 
 496      6484D16C 
 496      F2FFF987 
 496      EF
ARM GAS  /var/folders/nx/qt6_p4ls4xzbnqkz75ny5wl40000gp/T//ccnMPoEG.s 			page 40


 497 181e AD79EF73 		.ascii	"\255y\357s\377\300\210\260\310\220P\203\321\344\377"
 497      FFC088B0 
 497      C8905083 
 497      D1E4FF
 498 182d EB356BFC 		.ascii	"\3535k\374\003\203m\212PC\204D\270\007F\204\233\301"
 498      03836D8A 
 498      50438444 
 498      B8074684 
 498      9BC1
 499 183f 2E9EA493 		.ascii	".\236\244\223\0368\006\232?\3670\032\326\201d\275\371"
 499      1E38069A 
 499      3FF7301A 
 499      D68164BD 
 499      F9
 500 1850 3BCF601D 		.ascii	";\317`\035\034\030a4\000/\316\370#\316\3706g\\\315\031"
 500      1C186134 
 500      002FCEF8 
 500      23CEF836 
 500      675CCD19 
 501 1864 7FCC197F 		.ascii	"\177\314\031\177\302\031\177\212\215\253\336\004X\305"
 501      C2197F8A 
 501      8DABDE04 
 501      58C5
 502 1872 851A7FF0 		.ascii	"\205\032\177\360<L\364\237\3758\014\030A\227\037\252"
 502      3C4CF49F 
 502      FD380C18 
 502      41971FAA 
 503 1882 22F5A083 		.ascii	"\"\365\240\203;\231\256\015\006#\\#B\203\014Fe`p\200"
 503      3B99AE0D 
 503      06235C23 
 503      42830C46 
 503      65607080 
 504 1896 91CC6140 		.ascii	"\221\314a@\230\301\303l2\007\230\015z\263;\231\262\237"
 504      98C1C36C 
 504      3207980D 
 504      7AB33B99 
 504      B29F
 505 18a8 E8CD6A36 		.ascii	"\350\315j6yp\007\344\264\315\335\034\026\021d\240\370"
 505      797007E4 
 505      B4CDDD1C 
 505      161164A0 
 505      F8
 506 18b9 DAD08075 		.ascii	"\332\320\200u&w\263\321\260\326\244'\323OnTa\246u\320"
 506      2677B3D1 
 506      B0D6A427 
 506      D34F6E54 
 506      61A675D0 
 507 18cd 284C3874 		.ascii	"(L8t\027\356\334\214A\033\241\311\303\360y\2109\020"
 507      17EEDC8C 
 507      411BA1C9 
 507      C3F07988 
 507      3910
 508 18df 18B86D30 		.ascii	"\030\270m0G|\362?\221/\012^\005]\015FCx 0Vm0\233\215"
 508      477CF23F 
 508      912F0A5E 
 508      055D0D46 
 508      43782030 
ARM GAS  /var/folders/nx/qt6_p4ls4xzbnqkz75ny5wl40000gp/T//ccnMPoEG.s 			page 41


 509 18f8 91EE2643 		.ascii	"\221\356&C\270\031:h\301\315L\206\260\200\310`\030\213"
 509      B8193A68 
 509      C1CD4C86 
 509      B080C860 
 509      188B
 510 190a 37A336E9 		.ascii	"7\2436\351\377\266\336\260\036H_\260\373\240\360\310"
 510      FFB6DEB0 
 510      1E485FB0 
 510      FBA0F0C8 
 511 191a 5DB8AA02 		.ascii	"]\270\252\002\303\3011T&=\\A\0220\210\364\000\332\260"
 511      C3C13154 
 511      263D5C41 
 511      123088F4 
 511      00DAB0
 512 192d F53021EE 		.ascii	"\3650!\356a\002m\230>bC8\330\201>\005\015\303\230\033"
 512      61026D98 
 512      3E624338 
 512      D8813E05 
 512      0DC3981B 
 513 1941 6F308799 		.ascii	"o0\207\231?\217\3644|F\024\0100}\012-\206\015\344\006"
 513      3F8FF434 
 513      7C461408 
 513      307D0A2D 
 513      860DE406 
 514 1955 47EAD7EB 		.ascii	"G\352\327\353l\342BCL \301[\242\000y\242\216\324o\010"
 514      6CE24243 
 514      4C20C15B 
 514      A20079A2 
 514      8ED46F08 
 515 1969 08318784 		.ascii	"\0101\207\204\257\323D\352A{*\010n\015\221\206pp\252"
 515      AFD344EA 
 515      417B2A08 
 515      6E0D9186 
 515      7070AA
 516 197c 75D00ECC 		.ascii	"u\320\016\314\011\245\206\230+ \224:\012<\214\214\210"
 516      09A58698 
 516      2B20943A 
 516      0A3C8C8C 
 516      88
 517 198d 08F57D6A 		.ascii	"\010\365}j:mn\031\030l\012\014\016\202Y\374\346\022"
 517      3A6D6E19 
 517      186C0A0C 
 517      0E8259FC 
 517      E612
 518 199f 24C01828 		.ascii	"$\300\030(\374\226b\262\321d\363\321\245\030\201\265"
 518      FC9662B2 
 518      D164F3D1 
 518      A51881B5 
 519 19af 80026CFB 		.ascii	"\200\002l\373\241a\335\257B\214&\363\307t\204O\253g"
 519      A161DDAF 
 519      428C26F3 
 519      C774844F 
 519      AB67
 520 19c1 32060239 		.ascii	"2\006\0029\2704\214\307\270qe\240\302\233\366\371=X"
 520      B8348CC7 
 520      B87165A0 
 520      C29BF6F9 
ARM GAS  /var/folders/nx/qt6_p4ls4xzbnqkz75ny5wl40000gp/T//ccnMPoEG.s 			page 42


 520      3D58
 521 19d3 917581C9 		.ascii	"\221u\201\311\37388\350CC\250!\300d\370\366\022\"\203"
 521      FB3838E8 
 521      4343A821 
 521      C064F8F6 
 521      122283
 522 19e6 3682F785 		.ascii	"6\202\367\205\004\202XO2\337\240\247\001\026\211\332"
 522      0482584F 
 522      32DFA0A7 
 522      011689DA 
 523 19f6 7EAF25DC 		.ascii	"~\257%\3346\012F\367\202\307\"\356nd\323\351f\244\253"
 523      360A46F7 
 523      82C722EE 
 523      6E64D3E9 
 523      66A4AB
 524 1a09 4E65A43E 		.ascii	"Ne\244>n\024|\334\310|\\\015O\327\033\301\301\314*#"
 524      6E147CDC 
 524      C87C5C0D 
 524      4FD71BC1 
 524      C1CC2A23 
 525 1a1d E9F4D5CF 		.ascii	"\351\364\325\317B\214\346\365\001\241zsH\030,`\201\261"
 525      428CE6F5 
 525      01A17A73 
 525      48182C60 
 525      81B1
 526 1a2f 0F309669 		.ascii	"\0170\226i\360vx\306\274\316\341\221\373gf\352:\344"
 526      F07678C6 
 526      BCCEE191 
 526      FB6766EA 
 526      3AE4
 527 1a41 4A42A09A 		.ascii	"JB\240\232(\015\015\020\004\341I\220!\324\034\0007k"
 527      280D0D10 
 527      04E14990 
 527      21D41C00 
 527      376B
 528 1a53 D78707EA 		.ascii	"\327\207\007\352)\015\271s#\264\001FO\270\204\006\230"
 528      290DB973 
 528      23B40146 
 528      4FB88406 
 528      98
 529 1a64 CC841C1E 		.ascii	"\314\204\034\036\021q:a\370A\206O\326\257c.&}\242\216"
 529      11713A61 
 529      F841864F 
 529      D6AF632E 
 529      267DA28E 
 530 1a78 0C080F09 		.ascii	"\014\010\017\011$\316\205\203>Y\247\011\013\200\005"
 530      24CE8583 
 530      3E59A709 
 530      0B8005
 531 1a87 468DFD82 		.ascii	"F\215\375\2029L\017\261/\344\023c\2009$\"\034D\031\315"
 531      394C0FB1 
 531      2FE41363 
 531      80392422 
 531      1C4419CD 
 532 1a9b 7419B845 		.ascii	"t\031\270E\254]k2\230W,a\1773\231q\316\034\2461\231"
 532      AC5D6B32 
 532      98572C61 
ARM GAS  /var/folders/nx/qt6_p4ls4xzbnqkz75ny5wl40000gp/T//ccnMPoEG.s 			page 43


 532      7F339971 
 532      CE1CA631 
 533 1ab0 3F0516EB 		.ascii	"?\005\026\353\302\205\370\275\372G\366\370Mnu!A\241"
 533      C285F8BD 
 533      FA47F6F8 
 533      4D6E7521 
 533      41A1
 534 1ac2 06C1E1C1 		.ascii	"\006\301\341\301\321\271\300`2\027!A`\327\220\265!`"
 534      D1B9C060 
 534      32172141 
 534      60D790B5 
 534      2160
 535 1ad4 08C0FE6E 		.ascii	"\010\300\376n0F\220\253)\344\357\006\312c\325j;\017"
 535      304690AB 
 535      29E4EF06 
 535      CA63D56A 
 535      3B0F
 536 1ae6 7A4BAC07 		.ascii	"zK\254\007\246\005\025\311m\244\331H(\311\264\023\033"
 536      A60515C9 
 536      6DA4D948 
 536      28C9B413 
 536      1B
 537 1af7 907B2F71 		.ascii	"\220{/qQ\321\226\265z\030\000\235\\\215p\0173\254\025"
 537      51D196B5 
 537      7A18009D 
 537      5C8D700F 
 537      33AC15
 538 1b0a 6EE934DB 		.ascii	"n\3514\333\020:\327\266\016$\236y\013\3670\254\320\220"
 538      103AD7B6 
 538      0E249E79 
 538      0BF730AC 
 538      D090
 539 1b1c B010B3D6 		.ascii	"\260\020\263\326\216C$\263!4\214\331z\221\030\246\263"
 539      8E4324B3 
 539      21348CD9 
 539      7A9118A6 
 539      B3
 540 1b2d 8B3440E0 		.ascii	"\2134@\3400\333\232\210~K-/\373B\010&\311Q\230>\022"
 540      30DB9A88 
 540      7E4B2D2F 
 540      FB420826 
 540      C951983E 
 541 1b42 76E8ED0B 		.ascii	"v\350\355\013+\215\021A\001\346\200\225\266\007@\363"
 541      2B8D1141 
 541      01E68095 
 541      B60740F3 
 542 1b52 D146D37F 		.ascii	"\321F\323\177D\004~\272\344b\334H\226\253\232\346\020"
 542      44047EBA 
 542      E462DC48 
 542      96AB9AE6 
 542      10
 543 1b63 C86D9F7A 		.ascii	"\310m\237z\351!\034\232\365\277\370\371G\277\374\340"
 543      E9211C9A 
 543      F5BFF8F9 
 543      47BFFCE0 
 544 1b73 C3DF7805 		.ascii	"\303\337x\005\204n\010\330h\202 \033\0129q\245#\037"
 544      846E08D8 
ARM GAS  /var/folders/nx/qt6_p4ls4xzbnqkz75ny5wl40000gp/T//ccnMPoEG.s 			page 44


 544      6882201B 
 544      0A3971A5 
 544      231F
 545 1b85 F048FF35 		.ascii	"\360H\3775\357}\364\233\217Dv$\037\004\206\375\012\374"
 545      EF7DF49B 
 545      8F447624 
 545      1F0486FD 
 545      0AFC
 546 1b97 8F2D3550 		.ascii	"\217-5P\340\217\341\204-KR\353\351\275\207\236z\250"
 546      E08FE184 
 546      2D4B52EB 
 546      E9BD879E 
 546      7AA8
 547 1ba9 5EEF65BB 		.ascii	"^\357e\273Y\271\372G\253V\377?\255cW\371"
 547      59B9FA47 
 547      AB56FF3F 
 547      AD6357F9 
 548              		.text
 549              		.section	.gnu.lto_.symtab.e297d9c877831c97,"",%progbits
 550 0000 63685265 		.ascii	"chRegFirstThread\000\000\000\000\000\000\000\000\000"
 550      67466972 
 550      73745468 
 550      72656164 
 550      00000000 
 551 0019 00000073 		.ascii	"\000\000\000s\001\000\000chRegNextThread\000\000\000"
 551      01000063 
 551      68526567 
 551      4E657874 
 551      54687265 
 552 0032 00000000 		.ascii	"\000\000\000\000\000\000\000\000\000w\001\000\000ch"
 552      00000000 
 552      00770100 
 552      006368
 553 0041 5F646562 		.ascii	"_debug\000\000\000\000\000\000\000\000\000\000\000\000"
 553      75670000 
 553      00000000 
 553      00000000 
 553      0000
 554 0053 43020000 		.ascii	"C\002\000\000ch\000\000\002\000\000\000\000\000\000"
 554      63680000 
 554      02000000 
 554      000000
 555 0062 000000F1 		.ascii	"\000\000\000\361\001\000\000chThdRelease\000\000\002"
 555      01000063 
 555      68546864 
 555      52656C65 
 555      61736500 
 556 0078 00000000 		.ascii	"\000\000\000\000\000\000\000\000\000{\001\000\000"
 556      00000000 
 556      007B0100 
 556      00
 557              		.text
 558              		.section	.gnu.lto_.opts,"",%progbits
 559 0000 272D666E 		.ascii	"'-fno-trapv' '-mcpu=cortex-m4' '-mno-thumb-interwor"
 559      6F2D7472 
 559      61707627 
 559      20272D6D 
ARM GAS  /var/folders/nx/qt6_p4ls4xzbnqkz75ny5wl40000gp/T//ccnMPoEG.s 			page 45


 559      6370753D 
 560 0033 6B272027 		.ascii	"k' '-mthumb' '-ggdb' '-O2' '-fomit-frame-pointer' '"
 560      2D6D7468 
 560      756D6227 
 560      20272D67 
 560      67646227 
 561 0066 2D66616C 		.ascii	"-falign-functions=16' '-ffunction-sections' '-fdata"
 561      69676E2D 
 561      66756E63 
 561      74696F6E 
 561      733D3136 
 562 0099 2D736563 		.ascii	"-sections' '-fno-common' '-flto'\000"
 562      74696F6E 
 562      73272027 
 562      2D666E6F 
 562      2D636F6D 
 563              		.text
 564              		.comm	__gnu_lto_v1,1,1
 565              		.comm	__gnu_lto_slim,1,1
 566              		.ident	"GCC: (GNU Tools for ARM Embedded Processors) 4.9.3 20150529 (release) [ARM/embedded-4_9-br
ARM GAS  /var/folders/nx/qt6_p4ls4xzbnqkz75ny5wl40000gp/T//ccnMPoEG.s 			page 46


DEFINED SYMBOLS
                            *ABS*:0000000000000000 chregistry.c
                            *COM*:0000000000000001 __gnu_lto_v1
                            *COM*:0000000000000001 __gnu_lto_slim

NO UNDEFINED SYMBOLS
