ARM GAS  /var/folders/nx/qt6_p4ls4xzbnqkz75ny5wl40000gp/T//ccJ7wJ1u.s 			page 1


   1              		.syntax unified
   2              		.cpu cortex-m4
   3              		.fpu softvfp
   4              		.eabi_attribute 20, 1
   5              		.eabi_attribute 21, 1
   6              		.eabi_attribute 23, 3
   7              		.eabi_attribute 24, 1
   8              		.eabi_attribute 25, 1
   9              		.eabi_attribute 26, 1
  10              		.eabi_attribute 30, 2
  11              		.eabi_attribute 34, 1
  12              		.eabi_attribute 18, 4
  13              		.thumb
  14              		.file	"evtimer.c"
  15              		.text
  16              	.Ltext0:
  17              		.section	.gnu.lto_.profile.a868e5aa81fc94b1,"",%progbits
  18 0000 789C6366 		.ascii	"x\234cf```a\200\000F\206P\025\000\001B\000\202"
  18      60606061 
  18      80004686 
  18      50150001 
  18      420082
  19              		.text
  20              		.section	.gnu.lto_.jmpfuncs.a868e5aa81fc94b1,"",%progbits
  21 0000 789C6366 		.ascii	"x\234cf\300\016VAi\026\006FF\306z\026\026(\227\351#"
  21      C00E5641 
  21      69160646 
  21      46C67A16 
  21      162897E9 
  22 0015 13E3BCCB 		.ascii	"\023\343\274\313}\353\230j\1777t4p\374db\370\314\004"
  22      7DEB986A 
  22      7F377434 
  22      70FC6462 
  22      F8CC04
  23 0028 14665CCE 		.ascii	"\024f\\\316X\313\300\\\016R\300\262\200\021\246\260"
  23      58CBC05C 
  23      0E52C0B2 
  23      8011A6B0 
  24 0038 71D9EE1E 		.ascii	"q\331\356\036\366\027L?\231\200\"\214+\030\245\030\030"
  24      F6174C3F 
  24      9980228C 
  24      2B18A518 
  24      18
  25 0049 59808631 		.ascii	"Y\200\2061\362\327\003\011\026\260j\346rF\020\301\004"
  25      F2D70309 
  25      16B06AE6 
  25      724610C1 
  25      04
  26 005a 2298818A 		.ascii	"\"\230\201\212 F0122\327\3273\023e\361J\230\305\014"
  26      20463031 
  26      3232D7D7 
  26      331365F1 
  26      4A98C50C 
  27 006e 006C0621 		.ascii	"\000l\006!\017"
  27      0F
  28              		.text
  29              		.section	.gnu.lto_.inline.a868e5aa81fc94b1,"",%progbits
ARM GAS  /var/folders/nx/qt6_p4ls4xzbnqkz75ny5wl40000gp/T//ccJ7wJ1u.s 			page 2


  30 0000 789C6366 		.ascii	"x\234cf\300\016\346Ci\026\006\006>yFF\006F\006\006&"
  30      C00EE643 
  30      69160606 
  30      3E794646 
  30      06460606 
  31 0015 D60E7506 		.ascii	"\326\016u\006\366\016u&\2208+\037Pn\202\337\004?\206"
  31      F60E7526 
  31      90382B1F 
  31      506E82DF 
  31      043F86
  32 0028 097ECC3C 		.ascii	"\011~\314<@I \213\221\201W\206\021\2072\020d\342f``"
  32      4049208B 
  32      91815786 
  32      11873210 
  32      64E26660 
  33 003d 04520C6C 		.ascii	"\004R\014l\254P\023\231w\2103p\3360\003+ef\340\026f"
  33      AC501399 
  33      77883370 
  33      DE30032B 
  33      6566E016 
  34 0052 64020903 		.ascii	"d\002\011\0031\363\001F\026\226\005\362\014l\013\344"
  34      31F30146 
  34      169605F2 
  34      0C6C0BE4 
  35 0062 81422FD8 		.ascii	"\201B/\3309 $\272\315\014\000U\264\025\021"
  35      392024BA 
  35      CD0C0055 
  35      B41511
  36              		.text
  37              		.section	.gnu.lto_.pureconst.a868e5aa81fc94b1,"",%progbits
  38 0000 789C6366 		.ascii	"x\234cf``\340d\200\000\026\006+FI&)f+\000\003\300\000"
  38      6060E064 
  38      80001606 
  38      2B464926 
  38      29662B00 
  39 0017 BE       		.ascii	"\276"
  40              		.text
  41              		.section	.gnu.lto_tmrcb.a868e5aa81fc94b1,"",%progbits
  42 0000 789C8D54 		.ascii	"x\234\215TmlSU\030>\317\271\267\267]\307dbbL\227\270"
  42      6D6C5355 
  42      183ECFB9 
  42      B7B75DC7 
  42      6462624C 
  43 0016 9AB91045 		.ascii	"\232\271\020Ez\375a\342?\321,1\361\307b\302~\372\303"
  43      7AFD61E2 
  43      3FD12C31 
  43      F1C762C2 
  43      7EFAC3
  44 0029 8C729335 		.ascii	"\214r\2235Y\327\332v\015\374X\270\255\235\250Q\\\234"
  44      59D7DA76 
  44      0DFC58B8 
  44      AD9DA851 
  44      5C9C
  45 003b 1F450546 		.ascii	"\037E\005Ft\012v\014d\037\272\361a\3019\007\310\030"
  45      740A760C 
  45      641FBAF1 
  45      61C13907 
ARM GAS  /var/folders/nx/qt6_p4ls4xzbnqkz75ny5wl40000gp/T//ccJ7wJ1u.s 			page 3


  45      C818
  46 004d 6C6A1474 		.ascii	"lj\024t\325l\012\002fs\310V\210\316\367\234\226e\375"
  46      D56C0A02 
  46      6673C856 
  46      88CEF79C 
  46      9665FD
  47 0060 C0D8A4F7 		.ascii	"\300\330\244\367\343<\357\373\274\357\373\234\363\\"
  47      E33CEFFB 
  47      BCEFFB9C 
  47      F35C
  48 006e 8515FE1C 		.ascii	"\205\025\376\034\364\037\26506Cw(\014\274m\224\261\210"
  48      F41FB530 
  48      36437728 
  48      0CBC6D94 
  48      B188
  49 0080 8D03E281 		.ascii	"\215\003\342\201\201m\341\330\202K|\226\243-\231\210"
  49      816DE1D8 
  49      824B7C96 
  49      A32D9988 
  50 0090 97AEEE34 		.ascii	"\227\256\3564Ms&\272\317\332zO\23236\30734\370\010\253"
  50      4D7326BA 
  50      CFDA7A4F 
  50      9A3336C7 
  50      3334F808 
  51 00a5 296461CF 		.ascii	")da\317KG\270R\005F\317\003\335\327N\227^\344i\016\247"
  51      4B47B852 
  51      0546CF03 
  51      DDD74E97 
  51      5EE4690E 
  52 00ba 781D7C7D 		.ascii	"x\035|}$\256\211W\256\212\327H_\364FI\365\373\246\031"
  52      24AE8957 
  52      AE8AD748 
  52      5FF44649 
  52      F5FBA619 
  53 00ce 4D0E1C34 		.ascii	"M\016\0344\037W\323\\\301\036(\304\207\275p\340c8\030"
  53      1F57D35C 
  53      C11E28C4 
  53      87BD70E0 
  53      633818
  54 00e1 2D312450 		.ascii	"-1$P-\302\023\317\307\237S\252%ol:vJ\251\332M\231\251"
  54      2DC213CF 
  54      C79F53AA 
  54      256F6C3A 
  54      764AA9DA 
  55 00f8 4B131B93 		.ascii	"K\023\033\223\261\016\363\237\305E\244\271\212\256\334"
  55      B10EF39F 
  55      C545A4B9 
  55      8AAEDC
  56 0107 FCCC8F32 		.ascii	"\374\314\2172fc\177\177W\252\305\250\361r\354CU\246"
  56      66637F7F 
  56      57AAC5A8 
  56      F172EC43 
  56      55A6
  57 0119 69744303 		.ascii	"itC\003\335\367\257J\232\213\213=\275\207\027*`\007"
  57      DDF7AF4A 
  57      9A8B8B3D 
  57      BD87172A 
ARM GAS  /var/folders/nx/qt6_p4ls4xzbnqkz75ny5wl40000gp/T//ccJ7wJ1u.s 			page 4


  57      6007
  58 012b 4441954A 		.ascii	"DA\225J[4\272hV\272X\031\233\242\004!\3074\347\342\256"
  58      5B34BA68 
  58      56BA5819 
  58      9BA20421 
  58      C734E7E2 
  59 0140 7C8B6872 		.ascii	"|\213hr|/$\005\021\316s0Z*\027\265\346\022\346\033\212"
  59      7C2F2405 
  59      11CE7330 
  59      5A2A17B5 
  59      E612E61B 
  60 0155 F280ECF4 		.ascii	"\362\200\354\364\362\304\356N\273\354tf\362\300\316"
  60      F2C4EE4E 
  60      BBEC7466 
  60      F2C0CE
  61 0164 BBB79B1D 		.ascii	"\273\267\233\035\3216\252\265\216\232\265a\177\261f"
  61      D136AAB5 
  61      8E9AB561 
  61      7FB166
  62 0173 71005594 		.ascii	"q\000U\224\370\363\253\177\365@hes2|B\350yD\177\231"
  62      F8F3AB7F 
  62      F5406865 
  62      73327C42 
  62      E879447F 
  63 0188 7FE1D7B8 		.ascii	"\177\341\327\270\2263Mj\312!\307\230\343\310\0353\325"
  63      96334D6A 
  63      CA21C798 
  63      E3C81D33 
  63      D5
  64 0199 FBF2B0C6 		.ascii	"\373\362\260\306pP@<\017:\332\271\216\241G J.\222\034"
  64      7050403C 
  64      0F3ADAB9 
  64      8EA14720 
  64      4A2E921C 
  65 01ad BB579467 		.ascii	"\273W\224g\350\025\240\232'\034C\0374j\260_\250\006"
  65      E815A09A 
  65      271C431F 
  65      346AB05F 
  65      A806
  66 01bf D6058227 		.ascii	"\326\005\202'\257,\264+\225G\260\303\214;\323\274Dd"
  66      AF2CB42B 
  66      9547B0C3 
  66      8C3BD3BC 
  66      4464
  67 01d1 BC79FE66 		.ascii	"\274y\376f\304\256\222\\\370\024\225R\374wZ\337\336"
  67      C4AE925C 
  67      F8149552 
  67      FC775ADF 
  67      DE
  68 01e2 BE8256F0 		.ascii	"\276\202V\360\031T9\013\303\000T\002Nn\355\270\256V"
  68      1954390B 
  68      C3005402 
  68      4E6EEDB8 
  68      AE56
  69 01f4 26B3D976 		.ascii	"&\263\331v\021;vex\260Df\017\212l\034\202\312~@\364"
  69      113B7665 
  69      78B04466 
ARM GAS  /var/folders/nx/qt6_p4ls4xzbnqkz75ny5wl40000gp/T//ccJ7wJ1u.s 			page 5


  69      0F8A6C1C 
  69      82CA7E40 
  70 0209 FAD6F646 		.ascii	"\372\326\366F1\347<\027y\223Sg\316\332\2048\252\344"
  70      31E73C17 
  70      79935367 
  70      CEDA8438 
  70      AAE4
  71 021b EF5BD875 		.ascii	"\357[\330u\265l\007\336\215\320\004z\232\227\322f\340"
  71      B56C07DE 
  71      8DD0047A 
  71      9A97D266 
  71      E0
  72 022c B02843D8 		.ascii	"\260(C\330{\327\332\277_\271vM\232\257\000u\211?y\366"
  72      7BD7DABF 
  72      5FB9764D 
  72      9AAF0075 
  72      893F79F6 
  73 0240 40F4779D 		.ascii	"@\364w\235\030/k\271)\206Vh\253q\024k\251\332\347h\241"
  73      182F6BB9 
  73      29865668 
  73      AB71146B 
  73      A9DAE768 
  74 0255 6DE4A212 		.ascii	"m\344\242\022\305\334\270\334\376\232\242\214@J{\356"
  74      C5DCB8DC 
  74      FE9AA28C 
  74      404A7BEE 
  75 0265 8FDF6299 		.ascii	"\217\337b\231\235L]\034\\v\346,H\026\335\306c\342P\250"
  75      9D4C5D1C 
  75      5C76E62C 
  75      4816DDC6 
  75      63E250A8 
  76 0279 EC025A53 		.ascii	"\354\002ZS\003\333\206\036\311\335\201X\205\300\263"
  76      03DB861E 
  76      C9DD8158 
  76      85C0B3
  77 0288 3B6729D0 		.ascii	";g)\320\371\270\324\371\013\272\022\262s|[7\247N_4m"
  77      F9B8D4F9 
  77      0BBA12B2 
  77      737C5B37 
  77      A74E5F34 
  78 029d 695E36C7 		.ascii	"i^6\3075\011c\210Z\315\250\021\371\360\320+V\241\006"
  78      35096388 
  78      5ACDA811 
  78      F9F0D02B 
  78      56A106
  79 02b0 1D537C09 		.ascii	"\035S|\011G\232\337\221\221\354w-#\231\226\247\321\203"
  79      479ADF91 
  79      91EC772D 
  79      239996A7 
  79      D183
  80 02c2 B7D36825 		.ascii	"\267\323h%\206\245F(\246\221\206\257\244F#T\230\350"
  80      86A54628 
  80      A69186AF 
  80      A4462354 
  80      98E8
  81 02d4 FB9121B7 		.ascii	"\373\221!\267\346\221?V\224<\221%)\307\011YA\332\357"
  81      E6913F56 
ARM GAS  /var/folders/nx/qt6_p4ls4xzbnqkz75ny5wl40000gp/T//ccJ7wJ1u.s 			page 6


  81      943C9125 
  81      29C70959 
  81      41DAEF
  82 02e7 24F15D80 		.ascii	"$\361]\200U\360\024\014z\347\234\034\347\224\2342[\346"
  82      55F0140C 
  82      7AE79C1C 
  82      E7949C32 
  82      5BE6
  83 02f9 5600C1AB 		.ascii	"V\000\301\253\204\342\"\017_\243\205\312\245\371]K\376"
  83      84E2220F 
  83      5FA385CA 
  83      A5F95D4B 
  83      FE
  84 030a 5BEEB9B6 		.ascii	"[\356\271\266]\377\313s\247\245\347\226\216\225\215"
  84      5DFFCB73 
  84      A7A5E796 
  84      8E958D
  85 0319 96466FEF 		.ascii	"\226Fo\357\271\241\212\354\316\331\012<\367#utF@%\371"
  85      B9A18AEC 
  85      CED90A3C 
  85      F7237574 
  85      464025F9 
  86 032d 9E9B25CF 		.ascii	"\236\233%\317\215\011\304\236\347\271\267*Ey\206\263"
  86      8D09C49E 
  86      E7B9B72A 
  86      457986B3 
  87 033d C53D774E 		.ascii	"\305=wN\236\205\361e\236\373\340jjP\273e\247Qi\247\011"
  87      9E85F165 
  87      9EFBE06A 
  87      6A50BB65 
  87      A75169A7 
  88 0352 69A77CEF 		.ascii	"i\247|\357|C\336\371\011\221\324\3643R*&\276b\020_/"
  88      7C43DEF9 
  88      0991D4F4 
  88      33522A26 
  88      BE62105F 
  89 0367 0A71BA5C 		.ascii	"\012q\272\\zM\203g\203\347\351:\335\027\324\303\365"
  89      7A4D8367 
  89      83E7E93A 
  89      DD17D4C3 
  89      F5
  90 0378 018FAF39 		.ascii	"\001\217\2579\250\033\341\220\307k\004\\n\006\277b\204"
  90      A81BE190 
  90      C76B045C 
  90      6E06BF62 
  90      84
  91 0389 FC96707D 		.ascii	"\374\226p}c\263\261&78\020\322\375\276@(\250?\261\276"
  91      63B3B126 
  91      373810D2 
  91      FDBE4028 
  91      A83FB1BE 
  92 039d B6A67693 		.ascii	"\266\246v\223\356np\373\002\306\263\341G\275\256\006"
  92      EE6E70FB 
  92      02C6B3E1 
  92      47BDAE06 
  93 03ad E6CA8D35 		.ascii	"\346\312\21556\205\364\232\332\272\247\352tO\223\273"
  93      3685F49A 
ARM GAS  /var/folders/nx/qt6_p4ls4xzbnqkz75ny5wl40000gp/T//ccJ7wJ1u.s 			page 7


  93      DABAA7EA 
  93      744F93BB 
  94 03bd B179A3A1 		.ascii	"\261y\243\241\313X\267\367\311\346&7\205\337W@\275\024"
  94      CB58B7F7 
  94      C9E62637 
  94      85DF5740 
  94      BD14
  95 03cf D710DC1C 		.ascii	"\327\020\334\034\244\210\362\332\272\365\316\015\365"
  95      A488F2DA 
  95      BAF5CE0D 
  95      F5
  96 03dc 41C31FF0 		.ascii	"A\303\037\360<\344\254~\230\361\000\263z\015\257/\260"
  96      3CE4AC7E 
  96      98F100B3 
  96      7A0DAF2F 
  96      B0
  97 03ed 992946D0 		.ascii	"\231)F\320\177\377\1770\030a\243)$H\376\005\370\242"
  97      7FFF7F30 
  97      1861A329 
  97      2448FE05 
  97      F8A2
  98 03ff 5873     		.ascii	"Xs"
  99              		.text
 100              		.section	.gnu.lto_chVTSetI.a868e5aa81fc94b1,"",%progbits
 101 0000 789C8592 		.ascii	"x\234\205\222_HSQ\034\307\317\367\234\273\333\315\215"
 101      5F485351 
 101      1CC7CFF7 
 101      9CBBDBCD 
 101      8D
 102 0011 B09EC297 		.ascii	"\260\236\302\227\204!\372\322\366Po!\006AD/\021\275"
 102      8421FAD2 
 102      F6506F21 
 102      0641442F 
 102      11BD
 103 0023 F414D95C 		.ascii	"\364\024\331\\\2700\2259\007=\210\307\265\254\036\254"
 103      B8309539 
 103      073D88C7 
 103      B5AC1EAC 
 104 0033 513D4CCC 		.ascii	"Q=L\3140\2424\255-Wf\363\017\355\241D\212\024\223,m"
 104      30A234AD 
 104      2D5766F3 
 104      0FEDA144 
 104      8A14932C 
 105 0048 99955251 		.ascii	"\231\225RQ\017\332-\327\220\261\316\271\327\202\226"
 105      0FDA2DD7 
 105      90B1CEB9 
 105      D78296
 106 0057 D0609C7B 		.ascii	"\320`\234{.\277\317\367\373\373}\177\227\221\177\177"
 106      2EBFCFF7 
 106      FBFB7D7F 
 106      97917F7F 
 107 0067 DBC4BF99 		.ascii	"\333\304\277\231\021rP\234\260\020\320\320\030!M\032"
 107      1172509C 
 107      B010D0D0 
 107      18214D1A 
 108 0077 A5ACAD94 		.ascii	"\245\254\255\224\360<\345G>\3416\006\305|\255\000\362"
 108      F03CE547 
ARM GAS  /var/folders/nx/qt6_p4ls4xzbnqkz75ny5wl40000gp/T//ccJ7wJ1u.s 			page 8


 108      3EE13606 
 108      C57CAD00 
 108      F2
 109 0088 81803452 		.ascii	"\201\2004R\246\240\021\237\351\022E(\321\023\266\026"
 109      A6A0119F 
 109      E9124528 
 109      D113B616 
 110 0098 5FE79C2F 		.ascii	"_\347\234/\006\364^\360K\207\323\224\020\235\232\016"
 110      06F45EF0 
 110      4B87D394 
 110      109D9A0E 
 111 00a8 E844B128 		.ascii	"\350D\261(:\033M\036cv\020\361\030\217|\177f\375D\323"
 111      3A1B4D1E 
 111      637610F1 
 111      188F7C7F 
 111      66FD44D3 
 112 00bc 1485F23A 		.ascii	"\024\205\362:pa4\254\312+U\344U\177\370z\177\3215\316"
 112      706134AC 
 112      CA2B55E4 
 112      557FF87A 
 112      7FD135CE 
 113 00d0 0389D918 		.ascii	"\003\211\331\030\337\251\244)C\027\230P\303M\024\240"
 113      DFA9A429 
 113      43179850 
 113      C34D14A0 
 114 00e0 1B0544BC 		.ascii	"\033\005D\274\"\350A\221(\356\2117of\305\206j\244\345"
 114      22E84191 
 114      28EE8937 
 114      6F66C586 
 114      6AA4E5
 115 00f3 5B0733C1 		.ascii	"[\0073\301\214\011*\270\225\013*\004\267\015\360U8\376"
 115      8C092AB8 
 115      950B2A04 
 115      B70DF055 
 115      38FE
 116 0105 DECAB61A 		.ascii	"\336\312\266\032d\307\273\305\214I\316\265\216O\332"
 116      64C7BBC5 
 116      8C49CEB5 
 116      8E4FDA
 117 0114 F89E34B5 		.ascii	"\370\2364\265 \222\213\212p\242\006zy\350bFc\333\015"
 117      20928B8A 
 117      70A2067A 
 117      79E86246 
 117      63DB0D
 118 0127 34B69CFD 		.ascii	"4\266\234\375\270\3014\375j\232\252\270\223K\252\004"
 118      B8C134FD 
 118      6A9AAAB8 
 118      934BAA04 
 119 0137 BD2892E5 		.ascii	"\275(\222\345K\301\314K\253\032\024I\345\233\371 \006"
 119      4BC1CC4B 
 119      AB1A1449 
 119      E59BF920 
 119      06
 120 0148 15E28C6E 		.ascii	"\025\342\214nJ\360l\366\303PR\267\344Q\310\341D\324"
 120      4AF06CF6 
 120      C35052B7 
 120      E451C8E1 
ARM GAS  /var/folders/nx/qt6_p4ls4xzbnqkz75ny5wl40000gp/T//ccJ7wJ1u.s 			page 9


 120      44D4
 121 015a A2530BA4 		.ascii	"\242S\013\244\251\012)\240\031M\220y\301\311%,P*O6\205"
 121      A90A29A0 
 121      194D9079 
 121      C1C9252C 
 121      502A4F36 
 122 016f 40BED47E 		.ascii	"@\276\324~2\361\370\013\265_\225S\204\317?\265\361Q"
 122      32F1F80B 
 122      B55F9553 
 122      84CF3FB5 
 122      F151
 123 0181 1E9CCB66 		.ascii	"\036\234\313f\267\254\221\337\352^\356\302\236\022\032"
 123      B7AC91DF 
 123      EA5EEEC2 
 123      9E121A
 124 0190 82DF28F9 		.ascii	"\202\337(\371\351\221G\335\326\222\033r\213?\247v\267"
 124      E99147DD 
 124      D6921B72 
 124      8B3FA776 
 124      B7
 125 01a1 8664F2BF 		.ascii	"\206d\362\277K\357\241D\226\223\031\004\226\367\222"
 125      4BEFA144 
 125      96931904 
 125      96F792
 126 01b0 14D5447D 		.ascii	"\024\325D}\327\233\261\021M\256m\235M\342\235\363-e"
 126      D79BB111 
 126      4DAE6D9D 
 126      4DE29DF3 
 126      2D65
 127 01c2 ED686BE2 		.ascii	"\355hk\342\\\023m\012a\364I+\334G;\244\307\334\251\350"
 127      5C136D0A 
 127      61F4492B 
 127      DC473BA4 
 127      C7DCA9E8 
 128 01d6 8EBF1248 		.ascii	"\216\277\022H\364\317\302\020\225\031\350\024\271\371"
 128      F4CFC210 
 128      9519E814 
 128      B9F9
 129 01e4 A01FAAE0 		.ascii	"\240\037\252\340\037@\375Osq\321\234h\220\374\033\304"
 129      1F40FD4F 
 129      7371D19C 
 129      6890FC1B 
 129      C4
 130 01f5 E2F3E15E 		.ascii	"\342\363\341^\264\362\216@H\204[\206?Q 7\212\001\330"
 130      B4F28E40 
 130      48845B86 
 130      3F512037 
 130      8A01D8
 131 0208 A50C7981 		.ascii	"\245\014y\201\340\364I\275O\225\256\346\224o\347\307"
 131      E0F449BD 
 131      4F95AEE6 
 131      946FE7C7 
 132 0218 278C2945 		.ascii	"'\214)E\362\030\\%\026\204y[)K\"\230X\231\241\262X\372"
 132      F2185C25 
 132      1684795B 
 132      294B2298 
 132      5899A1B2 
ARM GAS  /var/folders/nx/qt6_p4ls4xzbnqkz75ny5wl40000gp/T//ccJ7wJ1u.s 			page 10


 133 022e 5E993C17 		.ascii	"^\231<\027\241\015+\374\214L@\323E\002r\002\014\241"
 133      A10D2BFC 
 133      8C4C40D3 
 133      45027202 
 133      0CA1
 134 0240 41242614 		.ascii	"A$&\024\326\033\244b,-\211\323\211\270\230?\266\006"
 134      D61BA462 
 134      2C2D89D3 
 134      89B8983F 
 134      B606
 135 0252 9AA7CBD9 		.ascii	"\232\247\313\3310lr)\252\244d\236j\232Z\311,\232\022"
 135      306C7229 
 135      AAA4649E 
 135      6A9A5AC9 
 135      2C9A12
 136 0265 83870C8A 		.ascii	"\203\207\014\212\310/\001RL|\017\205\016\207sW\245\347"
 136      C82F0152 
 136      4C7C0F85 
 136      0E877357 
 136      A5E7
 137 0277 8867DF01 		.ascii	"\210g\337\001gM\235\323\353sz\252]U\365\025n\247\253"
 137      674D9DD3 
 137      EB737AAA 
 137      5D55F515 
 137      6EA7AB
 138 028a D2EF7354 		.ascii	"\322\357sT\022\346\367\325Z*\334U\345'T\277\357h}\265"
 138      12E6F7D5 
 138      5A2ADC55 
 138      E52754BF 
 138      EF687DB5 
 139 029e 8BD5967B 		.ascii	"\213\325\226{s(\177\271\327SS_\347t\373}\236\343n\257"
 139      73287FB9 
 139      D753535F 
 139      E774FB7D 
 139      9EE36EAF 
 140 02b2 C3457E01 		.ascii	"\303E~\001#\273W\324"
 140      23BB57D4 
 141              		.text
 142              		.section	.gnu.lto_evtObjectInit.a868e5aa81fc94b1,"",%progbits
 143 0000 789C7D53 		.ascii	"x\234}S\353KSq\030\376\275\277sv\232NS\242\017\342\227"
 143      EB4B5371 
 143      18FEBDBF 
 143      73769A4E 
 143      53A20FE2 
 144 0015 84250AB5 		.ascii	"\204%\012\265\255\377@!\350k\037\242?\300\354\200\213"
 144      ADFF4021 
 144      E86B1FA2 
 144      3FC0EC80 
 144      8B
 145 0026 527373D0 		.ascii	"Rss\320\007\361\350fav\021\205\030\224Tx\315y\235\327"
 145      07F1E866 
 145      61761185 
 145      18945478 
 145      CD799DD7 
 146 003a 99D5B179 		.ascii	"\231\325\261y\351B\206\005\013\303j\320\"S\022M\261"
 146      E9428605 
 146      0BC36AD0 
ARM GAS  /var/folders/nx/qt6_p4ls4xzbnqkz75ny5wl40000gp/T//ccJ7wJ1u.s 			page 11


 146      2253124D 
 146      B1
 147 004b 66D47ADF 		.ascii	"f\324z\3373\023\347\355\300\341w9\317\373\276\317\363"
 147      3313E7ED 
 147      C0E17739 
 147      CFFBBECF 
 147      F3
 148 005c BCEF11D8 		.ascii	"\274\357\021\330\366'\025\337c\"c\227p\005\201\001\257"
 148      F62715DF 
 148      63226397 
 148      70058101 
 148      AF
 149 006d 9E64AC4C 		.ascii	"\236d\254L\317\001h\303\200\225r(\205o|\211C\265\352"
 149      CF0168C3 
 149      80957228 
 149      856F7C89 
 149      43B5EA
 150 0080 711B321A 		.ascii	"q\0332\032\025EY\364v\247T\244\2049c\313<\232\006\232"
 150      154559F4 
 150      76A754A4 
 150      843963CB 
 150      3C9A069A 
 151 0094 2103211E 		.ascii	"!\003!\036\247\373\242`\004\206[_\307\312+\303,\017"
 151      A7FBA260 
 151      04865B5F 
 151      C7CA2BC3 
 151      2C0F
 152 00a6 7348A3E3 		.ascii	"sH\243\343P\3153\267DG.\3221\322\030\360\356O\257W\224"
 152      50CD33B7 
 152      44472ED2 
 152      31D218F0 
 152      EE4FAF57 
 153 00bb 72F5A557 		.ascii	"r\365\245W\311\026\303\\\200\026\0200\035<\200Th\205"
 153      C916C35C 
 153      80161030 
 153      1D3C8054 
 153      6885
 154 00cd 5486570C 		.ascii	"T\206W\014<\220\216\350\236\306\265\253 dhy\235\336"
 154      3C908EE8 
 154      9EC6B5AB 
 154      20646879 
 154      9DDE
 155 00df BA065D34 		.ascii	"\272\006]4r.\032)B\333\326H\221A;\244\023|\311\365\347"
 155      722E1A29 
 155      42DBD648 
 155      91413BA4 
 155      137CC9F5 
 156 00f4 9D417221 		.ascii	"\235Ar!\351\344(Y\350\000\011p\355<\240*\221H\375\360"
 156      E9E42859 
 156      E8000970 
 156      ED3CA02A 
 156      9148FDF0 
 157 0108 B51E510F 		.ascii	"\265\036Q\017@\2058\006\352$\320\"Y\010\261\344\300"
 157      40853806 
 157      EA24D022 
 157      5908B1E4 
 157      C0
ARM GAS  /var/folders/nx/qt6_p4ls4xzbnqkz75ny5wl40000gp/T//ccJ7wJ1u.s 			page 12


 158 0119 17CE6915 		.ascii	"\027\316i\025\336C\371\352\225\005\267D\341?9\331\361"
 158      DE43F9EA 
 158      9505B744 
 158      E13F39D9 
 158      F1
 159 012a 29F47A4A 		.ascii	")\364zJO\212\004F\205\372~\335\375\236X\007\267\313"
 159      4F8A0446 
 159      85FA7EDD 
 159      FD9E5807 
 159      B7CB
 160 013c 1445B584 		.ascii	"\024E\265\2049\202\000:\221\014}\273\263R;\235d:\022"
 160      3982003A 
 160      910C7DBB 
 160      B3523B9D 
 160      643A12
 161 014f E6FBA00B 		.ascii	"\346\373\240\013\352\340\207f\032\336\367\267=\177\233"
 161      EAE08766 
 161      1ADEF7B7 
 161      3D7F9B
 162 015e 58F21BC9 		.ascii	"X\362\033\311\251\002\326\206n0!A/\224\260\000p\252"
 162      A902D686 
 162      6E302141 
 162      2F94B000 
 162      70AA
 163 0170 8498B5F9 		.ascii	"\204\230\265\371\332\233\202pT\323\376f\341\253+\336"
 163      DA9B8270 
 163      54D3FE66 
 163      E1AB2BDE 
 164 0180 781FB507 		.ascii	"x\037\265\007\253\374\262\352\272\247\374\215D\200\""
 164      ABFCB2EA 
 164      BAA7FC8D 
 164      448022
 165 018f 7B621D58 		.ascii	"{b\035XoJ/\030\221+C\356\267|\2753\025\3611~\004\033"
 165      6F4A2F18 
 165      912B43EE 
 165      B77CBD33 
 165      15F1317E 
 166 01a5 3FA71042 		.ascii	"?\247\020Bsd\231\303V\267\240\017$\314\321\257\261X"
 166      736499C3 
 166      56B7A00F 
 166      24CCD1AF 
 166      B158
 167 01b7 F5367944 		.ascii	"\3656yD\022\253;H\270\252\313\003\355RT\254\036U\221"
 167      12AB3B48 
 167      B8AACB03 
 167      ED5254AC 
 167      1E5591
 168 01ca D68175AD 		.ascii	"\326\201u\255\003\221\312\251$\223\207\246dv\260\012"
 168      0391CAA9 
 168      249387A6 
 168      6476B00A 
 169 01da 65E96150 		.ascii	"e\351aP\323\014\321\214\340\003\023\221\012@yp\014\031"
 169      D30CD18C 
 169      E0031391 
 169      0A407970 
 169      0C19
 170 01ec 44554E8F 		.ascii	"DUN\217\217\266\0322\233\210\226\247>\224\215I\343\376"
ARM GAS  /var/folders/nx/qt6_p4ls4xzbnqkz75ny5wl40000gp/T//ccJ7wJ1u.s 			page 13


 170      8FB61A32 
 170      9B8896A7 
 170      3E948D49 
 170      E3FE
 171 01fe 8B1882CC 		.ascii	"\213\030\202\314X{\2037\374\206\335\014\216\207\207"
 171      587B8337 
 171      FC86DD0C 
 171      8E8787
 172 020d 5A31BE93 		.ascii	"Z1\276\223\301q0\014&*\310\340Q\214\307{T\177\014\231"
 172      C171300C 
 172      262AC8E0 
 172      518CC77B 
 172      547F0C99 
 173 0221 C480E826 		.ascii	"\304\200\350&S\306\312\316\231s\302i\315\254\027Sc\363"
 173      53C6CACE 
 173      9973C269 
 173      CDAC1753 
 173      63F3
 174 0233 5CEBC6A2 		.ascii	"\\\353\306\242\317?\227S\343T\032p\033\311:D\225\236"
 174      CF3F9753 
 174      E3541A70 
 174      1BC93A44 
 174      959E
 175 0245 ECD81015 		.ascii	"\354\330\020\025\214\224\221:\262\330\025p\352b\033"
 175      8C94913A 
 175      B2D81570 
 175      EA621B
 176 0254 4276A81B 		.ascii	"Bv\250\033\015\341\333\0322\2425\344\251F\271\345\303"
 176      0DE1DB1A 
 176      32A235E4 
 176      A946B9E5 
 176      C3
 177 0265 E4B8367D 		.ascii	"\344\2706}\206\004\3025\207\256gm\364#\201\254\361S"
 177      8604C235 
 177      87AE676D 
 177      F42381AC 
 177      F153
 178 0277 55184537 		.ascii	"U\030E76\317j\002\336\215\341\027\032\211\245\211\021"
 178      36CF6A02 
 178      DE8DE117 
 178      1A89A589 
 178      11
 179 0288 DDBA019B 		.ascii	"\335\272\001\233\207W\332\315[\021\3065o\005R2A]\224"
 179      8757DACD 
 179      5B11C635 
 179      6F055232 
 179      415D94
 180 029b D8472853 		.ascii	"\330G(S\273Oh\2362\372i\200~\0264?\315l\266\034\317"
 180      BB4F689E 
 180      32FA6980 
 180      7E16343F 
 180      CD6CB61C 
 181 02b0 B39EB19E 		.ascii	"\263\236\261\236<e)\260Y\0349E\326\202b\233Ev\330\255"
 181      3C6529B0 
 181      591C3945 
 181      D682629B 
 181      4576D8AD 
ARM GAS  /var/folders/nx/qt6_p4ls4xzbnqkz75ny5wl40000gp/T//ccJ7wJ1u.s 			page 14


 182 02c4 17E42273 		.ascii	"\027\344\"s.\023d{\241H\007A\266\025\036\216E\027\331"
 182      2E13647B 
 182      A1480741 
 182      B6151E8E 
 182      4517D9
 183 02d7 2DD6FCDC 		.ascii	"-\326\374\334\363\305geKn\236\354\220\363\3556s\036"
 183      F3C56765 
 183      4B6E9EEC 
 183      90F3ED36 
 183      731E
 184 02e9 131CF6C2 		.ascii	"\023\034\366\302\264=\200\016;\202\376\001\216\220\242"
 184      B43D800E 
 184      3B82FE01 
 184      8E90A2
 185 02f8 CC       		.ascii	"\314"
 186              		.text
 187              		.section	.gnu.lto_evtStart.a868e5aa81fc94b1,"",%progbits
 188 0000 789C8D54 		.ascii	"x\234\215T\357O[e\024~\317\373\336\266w\0246\342'\302"
 188      EF4F5B65 
 188      147ECFFB 
 188      DEB67714 
 188      36E227C2 
 189 0014 176A08E1 		.ascii	"\027j\010\341\003\256W?,\232h\242\206\304\304\017\304"
 189      03AE573F 
 189      2C9A68A2 
 189      86C4C40F 
 189      C4
 190 0025 64FC01A6 		.ascii	"d\374\001\246\353\256\241\013]k[\232\361\201\354R`U"
 190      EBAEA10B 
 190      5D6B5B9A 
 190      F181EC52 
 190      6055
 191 0037 FC9165CC 		.ascii	"\374\221e\314X\267\241\233\2168\327\011\223\011\012"
 191      58B7A19B 
 191      8E38D709 
 191      93090A
 192 0046 B2593756 		.ascii	"\262Y7V\007\223m\010\242n\313\254s,\352 \031\224\315"
 192      07936D08 
 192      A26ECBAC 
 192      732CEA20 
 192      1994CD
 193 0059 1536EB39 		.ascii	"\0256\3539/\214\255?46\271\275\367\276\357s\236s\316"
 193      2F8CAD3F 
 193      3436B9BD 
 193      F7BEEF73 
 193      9E73CE
 194 006c F39CFB0A 		.ascii	"\363\234\373\012\226\373+\305\353\242\211\261%\274\203"
 194      96FB2BC5 
 194      EBA289B1 
 194      25BC83
 195 007b 60C0779E 		.ascii	"`\300w\236c\254Y\345\000\364\300\200m\347\260\035\376"
 195      63AC59E5 
 195      00F4C080 
 195      6DE7B01D 
 195      FE
 196 008c E0731C76 		.ascii	"\340s\034v\306\242\021ke\227a\0307C}%m%)\316X\222/\323"
 196      C6A2116B 
ARM GAS  /var/folders/nx/qt6_p4ls4xzbnqkz75ny5wl40000gp/T//ccJ7wJ1u.s 			page 15


 196      65976118 
 196      37437D25 
 196      6D2529CE 
 197 00a4 C0C75089 		.ascii	"\300\307P\211\220hK\344UQ\016\014\037\007\272\027\306"
 197      90684BE4 
 197      55510E0C 
 197      1F07BA17 
 197      C6
 198 00b5 ACBFF314 		.ascii	"\254\277\363\024\007\033\275\016\356:\0231\323+W\350"
 198      071BBD0E 
 198      EE3A1331 
 198      D32B57E8 
 199 00c5 35DD35D5 		.ascii	"5\3355\325\273\266\342#\303\010\305N\364\032\317))."
 199      BBB6E223 
 199      C308C54E 
 199      F41ACF29 
 199      292E
 200 00d7 E01008A4 		.ascii	"\340\020\010\244\203O\240\024\016C)\303%\006Q\250 \370"
 200      834FA014 
 200      0E4329C3 
 200      250651A8 
 200      20F8
 201 00e9 5CEBBD1F 		.ascii	"\\\353\275\037\255\346VL]\274\234\022\216\200\031\360"
 201      ADE6564C 
 201      5DBC9C12 
 201      8E8019F0 
 202 00f9 DEF348CC 		.ascii	"\336\363H\314H\247\177\353\032\352ST\000\202s\014T\024"
 202      48A77FEB 
 202      1AEA5354 
 202      0082730C 
 202      5414
 203 010b FCC3A6AE 		.ascii	"\374\303\246\256!\224\332\230\346\234\356\342\"\204"
 203      2194DA98 
 203      E69CEEE2 
 203      2284
 204 0119 6E87A7F6 		.ascii	"n\207\247\366\230)\372/N=\375r\355\374\270Je\011Fy\372"
 204      9829FA2F 
 204      4E3DFD72 
 204      EDFCB84A 
 204      65094679 
 205 012e EE7C305B 		.ascii	"\356|0[\324\011{\233\015#V\226\342\010\002\370\024k"
 205      D4097B9B 
 205      0D235696 
 205      E20802F8 
 205      146B
 206 0140 A1BD7D0B 		.ascii	"\241\275}\013\035?\257[_\225\342\026\350\206N\230\227"
 206      1D3FAF5B 
 206      5F95E216 
 206      E8864E98 
 206      97
 207 0151 9DE37AFF 		.ascii	"\235\343z\377\221\221\211\242\246%\254-&05\364\300z"
 207      919189A2 
 207      A625AC2D 
 207      263035F4 
 207      C07A
 208 0163 ACEF2834 		.ascii	"\254\357(41L\327\017\313\271\224,\362\247\363\222GW"
 208      314CD70F 
ARM GAS  /var/folders/nx/qt6_p4ls4xzbnqkz75ny5wl40000gp/T//ccJ7wJ1u.s 			page 16


 208      CBB9942C 
 208      F2A7F392 
 208      4757
 209 0175 4854F84C 		.ascii	"HT\370Lf\240\016\241\027\371\246\200\023\017\002_\357"
 209      66A00EA1 
 209      17F9A680 
 209      130F025F 
 209      EF
 210 0186 B9BC4554 		.ascii	"\271\274ETJ\205G\307O\337\340\345\007P\303\304\241S"
 210      4A8547C7 
 210      4FDFE0E5 
 210      0750C3C4 
 210      A153
 211 0198 7AAC75BF 		.ascii	"z\254u\277\361w:\015T\302\261L%W,\372\034\312\261i\344"
 211      F1773A0D 
 211      54C2B14C 
 211      25572CFA 
 211      1CCAB169 
 212 01ad 0AC57E88 		.ascii	"\012\305~\210\303\012_t`G\211\250\222|#\341\275mj\036"
 212      C30A5F74 
 212      604789A8 
 212      927C23E1 
 212      BD6D6A1E 
 213 01c1 3E15FAF2 		.ascii	">\025\372\362\362\365\023\237\222\305\367Sd\340\252"
 213      F2F5139F 
 213      92C5F753 
 213      64E0AA
 214 01d0 553C2109 		.ascii	"U<!\011\347\227\336\0346\345!\\\003_\344%\374\022\312"
 214      E797DE1C 
 214      36E5215C 
 214      035FE425 
 214      FC12CA
 215 01e3 31EAFD89 		.ascii	"1\352\375\211\267\2739\352\371\232\2218\354L\361\202"
 215      B7BB39EA 
 215      F99A9138 
 215      EC4CF182 
 216 01f3 2497DC0C 		.ascii	"$\227\334\014\006P\322\007B\354\033\352\270\247\212"
 216      0650D207 
 216      42EC1BEA 
 216      B8A78A
 217 0202 A764A29E 		.ascii	"\247d\242\236\370B\207\310\223\310\012\203y\023}E\225"
 217      F84287C8 
 217      93C80A83 
 217      79137D45 
 217      95
 218 0213 03555E4C 		.ascii	"\003U^L\341\311\250\261[\210g$\325\215\311\003]\005"
 218      E1C9A8B1 
 218      5B886724 
 218      D58DC903 
 218      5D05
 219 0225 92EA667B 		.ascii	"\222\352f{\313u\347\256\026\343 >\246\237\305i(\204"
 219      CB75E7AE 
 219      16E3203E 
 219      A69FC569 
 219      2884
 220 0237 A1BC6CC7 		.ascii	"\241\274l\307e\331\277\276u\353\030\320$\025\332\030"
 220      65D9BFBE 
ARM GAS  /var/folders/nx/qt6_p4ls4xzbnqkz75ny5wl40000gp/T//ccJ7wJ1u.s 			page 17


 220      75EB18D0 
 220      2415DA18 
 221 0247 9CC0DD4B 		.ascii	"\234\300\335K\020\272z<|=b\316\230\337\304\360\026J"
 221      10BA7A3C 
 221      7C3D62CE 
 221      98DFC4F0 
 221      164A
 222 0259 4FBD9280 		.ascii	"O\275\222\200d\212\034\346$:\2235\350\3605v\235\271"
 222      648A1CE6 
 222      243A9335 
 222      E8F03576 
 222      9DB9
 223 026b 98586C9F 		.ascii	"\230Xl\237\2610\210\021^dm\335}\343\212\211\3017\264"
 223      B1308811 
 223      5E646DDD 
 223      7DE38A89 
 223      C137B4
 224 027e A5646DED 		.ascii	"\245dm\355\3361i\2412\031\234\244mSN\246S\224\011\206"
 224      DE3169A1 
 224      32199CA4 
 224      6D534EA6 
 224      53940986 
 225 0292 E99B0296 		.ascii	"\351\233\002\226\000\3720f\356t\210\2629\3504\"\266"
 225      00FA3066 
 225      EE7488B2 
 225      39E83422 
 225      B6
 226 02a3 142FA288 		.ascii	"\024/\242\210w.-5\027(8\366p\032\312da{\332\336}\257"
 226      772E2D35 
 226      172838F6 
 226      701ACA64 
 226      617BDADE 
 227 02b9 1057200E 		.ascii	"\020W \016\212\354\231\301\267@\243>\032\336\177[)["
 227      8AEC99C1 
 227      B740A33E 
 227      1ADE7F5B 
 227      295B
 228 02cb 58895E4B 		.ascii	"X\211^K\330\0133\361\30152\372\014E\303\010(\3542\204"
 228      D80B33F1 
 228      C13532FA 
 228      0C45C308 
 228      28EC3284 
 229 02df 138BA333 		.ascii	"\023\213\2433\026j\210eX\257\246\370\272$7K\011`\024"
 229      166A8865 
 229      58AFA6F8 
 229      BA24374B 
 229      096014
 230 02f2 8DC7C95D 		.ascii	"\215\307\311]\376\212\036`\216~\270\341\341\3618\013"
 230      FE8A1E60 
 230      8E7EB8E1 
 230      E1F1380B 
 231 0302 4D686A8A 		.ascii	"Mhj\212\027\257\372\232\341\345\374\377\362\362;\351"
 231      17AFFA9A 
 231      E1E5FCFF 
 231      F2F23BE9 
 232 0312 E5EAA950 		.ascii	"\345\352\251P\210Kc\377\356\345b\373\354}7,9\232\236"
 232      884B63FF 
ARM GAS  /var/folders/nx/qt6_p4ls4xzbnqkz75ny5wl40000gp/T//ccJ7wJ1u.s 			page 18


 232      EEE562FB 
 232      EC7D372C 
 232      399A9E
 233 0325 CB75EFEE 		.ascii	"\313u\357\356\331[h\321y\302\253\331\026\305\247-\224"
 233      D95B68D1 
 233      79C2ABD9 
 233      16C5A72D 
 233      94
 234 0336 9DC185FC 		.ascii	"\235\301\205\374\026\215K\213\276\177\310\242\203\263"
 234      168D4B8B 
 234      BE7FC8A2 
 234      83B3
 235 0344 8941F37D 		.ascii	"\211A\363}\365\307\244\372\023R\375l\251'Q\352+\320"
 235      F5C7A4FA 
 235      1352FD6C 
 235      A92751EA 
 235      2BD0
 236 0356 9C98FE53 		.ascii	"\234\230\376S\225R1:\031\201ND\304\330\354v\255\272"
 236      9552313A 
 236      19814E44 
 236      C4D8EC76 
 236      ADBA
 237 0368 CEB5C9F5 		.ascii	"\316\265\311\365R\255\346\361kA\207\317\345i\360kz0"
 237      52ADE6F1 
 237      6B4187CF 
 237      E569F06B 
 237      7A30
 238 037a E072EB3E 		.ascii	"\340r\353>\273\223\011=\340\025\301\200\327\264Y\257"
 238      BB93093D 
 238      E015C180 
 238      D7B459AF 
 239 038a 77349A83 		.ascii	"w4\232\203\201W\032\266:\205\327\3413\005\035\365\015"
 239      81571AB6 
 239      3A85D7E1 
 239      33051DF5 
 239      0D
 240 039b 7A5566BC 		.ascii	"zUf\274/\240y=\276\200_{~cMu\3156\315Y\347\364\370\364"
 240      2FA0793D 
 240      BE805F7B 
 240      7E634D75 
 240      CD36CD59 
 241 03b3 97834FBA 		.ascii	"\227\203O\272\355u\314\236\211\325\267\005\264\352\232"
 241      ED75CC9E 
 241      89D5B705 
 241      B4EA9A
 242 03c2 DA176B35 		.ascii	"\332\027k5\327Vg}\303f]\223X\247\373\005\314\200p[\016"
 242      D756677D 
 242      C3665D93 
 242      58A7FB05 
 242      CC80705B 
 243 03d7 F52AAE2E 		.ascii	"\365*\256.\030@\300\243\377\001\3607\372\021Q\\S\273"
 243      1840C0A3 
 243      FF01F037 
 243      FA11515C 
 243      53BB
 244 03e9 D1B6C9E1 		.ascii	"\321\266\311\341\327\275>\327c\266\212\307\031\3671"
 244      D7BD3ED7 
ARM GAS  /var/folders/nx/qt6_p4ls4xzbnqkz75ny5wl40000gp/T//ccJ7wJ1u.s 			page 19


 244      63B68AC7 
 244      19F731
 245 03f8 8B5B777B 		.ascii	"\213[w{|\215\354\037NkeJ"
 245      7C8DEC1F 
 245      4E6B654A 
 246              		.text
 247              		.section	.gnu.lto_.symbol_nodes.a868e5aa81fc94b1,"",%progbits
 248 0000 789C4DC8 		.ascii	"x\234M\3101\012\302@\024E\321\373\346O\202\205{p\251"
 248      310AC240 
 248      1445D1FB 
 248      E64F8285 
 248      7B70A9
 249 0013 3F4510CB 		.ascii	"?E\020\313, \312 \026\256\301\332\332=\004RZi\324J1"
 249      2C20CA20 
 249      16AEC1DA 
 249      DA3D0452 
 249      5A69D44A 
 250 0028 4103F39A 		.ascii	"A\003\363\232\307=\006$\376\013794\027p\247=n\226\204"
 250      C73D0624 
 250      FE0B3739 
 250      341770A7 
 250      3D6E9684 
 251 003c 935CB36C 		.ascii	"\223\\\263l\323$wy\230e\227\026\204An9\350!\217?\240"
 251      D3247779 
 251      98659716 
 251      84416E39 
 251      E8218F3F 
 252 0051 AAC67ECA 		.ascii	"\252\306~\312\213\274_\3622k\243\340\334}dD\016\353"
 252      8BBC5FF2 
 252      326BA3E0 
 252      DC7D6444 
 252      0EEB
 253 0063 EBCA54D2 		.ascii	"\353\312T\322\277{\231\"\365\324&\366\343\363\005,\265"
 253      BF7B9922 
 253      F5D426F6 
 253      E3F3052C 
 253      B5
 254 0074 2F1C     		.ascii	"/\034"
 255              		.text
 256              		.section	.gnu.lto_.refs.a868e5aa81fc94b1,"",%progbits
 257 0000 789C6366 		.ascii	"x\234cf``\340f\200\000F\006&\006NFf \301\000\000\001"
 257      6060E066 
 257      80004606 
 257      26064E46 
 257      6620C100 
 258 0016 B8002A   		.ascii	"\270\000*"
 259              		.text
 260              		.section	.gnu.lto_.decls.a868e5aa81fc94b1,"",%progbits
 261 0000 789CB55A 		.ascii	"x\234\265ZyPTI\232\257|YEQE\001\275\342\366\314\032"
 261      79505449 
 261      9AAF7C59 
 261      45514501 
 261      BDE2F6CC 
 262 0015 13313631 		.ascii	"\023161\313\316\356L7v\317\035\261\261\335=\356\364"
 262      CBCEEE4C 
 262      3776CF1D 
 262      B1B1DD3D 
ARM GAS  /var/folders/nx/qt6_p4ls4xzbnqkz75ny5wl40000gp/T//ccJ7wJ1u.s 			page 20


 262      EEF4
 263 0027 8CD3DBEB 		.ascii	"\214\323\333\353t\273\263\021\033\263\0215\325e\265"
 263      74BBB311 
 263      1BB31135 
 263      D565B5
 264 0036 30CDB555 		.ascii	"0\315\265U\205v\377\263[rx!\202\240\\\266P\012*\310"
 264      8576FFB3 
 264      5B727821 
 264      82A05CB6 
 264      500A2AC8 
 265 004a A978A0A0 		.ascii	"\251x\240\240\240\"7\310!\"*P\002r*\202\242\034r\354"
 265      A02237C8 
 265      21222A50 
 265      02722A82 
 265      A21C72EC 
 266 005e 9799EF55 		.ascii	"\227\231\357U\275*^a\377\261K\230\276\3742\277\374}"
 266      BD2A5E61 
 266      FFB14B98 
 266      BEFC32BF 
 266      FC7D
 267 0070 677E2FDF 		.ascii	"g~/\337{\205e2\331\0378\231l\031\376\324?\222\311f<"
 267      7B856532 
 267      D91F3899 
 267      6C19FED4 
 267      3F92C966 
 268 0085 64320519 		.ascii	"d2\005\031\203\006\303\262\002ho\311\330\237\022Z\021"
 268      8306C3B2 
 268      02686FC9 
 268      D89F125A 
 268      11
 269 0096 B4BBD0AA 		.ascii	"\264\273\320\252\221LV\007\255\001Z+\264\333H\266\342"
 269      914C5607 
 269      AD015A2B 
 269      B4DB48B6 
 269      E2
 270 00a7 8FF0AEE5 		.ascii	"\217\360\256\345\261|\240i\240m\206V\011\274\215\320"
 270      B17CA069 
 270      A06D8656 
 270      09BC8DD0 
 271 00b7 6EF1D815 		.ascii	"n\361\330\025\004\023\350\036hW\240\235\207\326\013"
 271      0413E81E 
 271      6857A09D 
 271      87D60B
 272 00c6 AD055A3D 		.ascii	"\255\005Z=\341\207\326\207\230.w\240ah\227\201\276\004"
 272      E187D687 
 272      982E77A0 
 272      61689781 
 272      BE04
 273 00d8 AD0C9A17 		.ascii	"\255\014\232\027/\253\037\372\203\320\206\240=\2066"
 273      2FAB1FFA 
 273      83D086A0 
 273      3D8636
 274 00e7 C9EB4674 		.ascii	"\311\353Ft|\006m\032\332K\011=\357\362\272\211\365\274"
 274      7C066D1A 
 274      DA4B093D 
 274      EFF2BA89 
 274      F5BC
ARM GAS  /var/folders/nx/qt6_p4ls4xzbnqkz75ny5wl40000gp/T//ccJ7wJ1u.s 			page 21


 275 00f9 C5CBBDC1 		.ascii	"\305\313\275\301\353<\003\353f\241\265#\246\313\035"
 275      EB3C03EB 
 275      66A1B523 
 275      A6CB1D
 276 0108 7EAD9C5F 		.ascii	"~\255\234_?\317\373\240A\002\237\370\312\333\005\237"
 276      3FCFFBA0 
 276      41029FF8 
 276      CADB059F 
 277 0118 F880E037 		.ascii	"\370\200\3407\212l.\344}Bl~\205\230l9o\353Y\221\275"
 277      8A6C2EE4 
 277      7D426C7E 
 277      85986C39 
 277      6FEB5991 
 278 012d 98C75C84 		.ascii	"\230\307\\\204\266,!\217\304\345\257$\344\011\376\276"
 278      B62C218F 
 278      C4E5AF24 
 278      E409FEBE 
 279 013d 22F2EB0D 		.ascii	"\"\362\353\015>\306\233]\342 \330Hr@\220\253\342\261"
 279      3EC69B5D 
 279      E220D848 
 279      724090AB 
 279      E2B1
 280 014f 89AF114C 		.ascii	"\211\257\021L`\316\341k\342\003\005'\355\337)\016]*"
 280      60CEE16B 
 280      E2030527 
 280      EDDF290E 
 280      5D2A
 281 0161 9A6EF61A 		.ascii	"\232n\366\032\341\220\217z=!/'\325\245y\000\251Q\313"
 281      E1908F7A 
 281      3D212F27 
 281      D5A57900 
 281      A951CB
 282 0174 0979FD56 		.ascii	"\011y\375VY\012\222\303j\264Y\203\376D\207f*oNy|\347"
 282      590A92C3 
 282      6AB45983 
 282      FE448766 
 282      2A6F4E79 
 283 018a B005FE12 		.ascii	"\260\005\376\022\243-o\310\321\037\336D\247\320:\224"
 283      A32D6FC8 
 283      D11FDE44 
 283      A7D03A94 
 284 019a 8BD601DB 		.ascii	"\213\326\001\333i\364\035\370?\017\311\031zv\332\303"
 284      69F41DF8 
 284      3F0FC919 
 284      7A76DAC3 
 285 01aa DBEA1F9F 		.ascii	"\333\352\037\237\006\336=\226\2527\034R\013\222/Vyi"
 285      06DE3D96 
 285      AA371C52 
 285      0B922F56 
 285      7969
 286 01bc F6592C51 		.ascii	"\366Y,Q\004DU\347C\026\212`\012\220\006\345\243\037"
 286      044455E7 
 286      43168A60 
 286      0A9006E5 
 286      A31F
 287 01ce CB581716 		.ascii	"\313X\027\026\314\277\334{\001a\025\"\213\353Z\033\356"
 287      CCBFDC7B 
ARM GAS  /var/folders/nx/qt6_p4ls4xzbnqkz75ny5wl40000gp/T//ccJ7wJ1u.s 			page 22


 287      01611522 
 287      8BEB5A1B 
 287      EE
 288 01df FAACCFB4 		.ascii	"\372\254\317\264T\225Lf\265F\246[\254Q\226\245ep7\305"
 288      54954C66 
 288      B546A65B 
 288      AC5196A5 
 288      657037C5 
 289 01f3 2844985F 		.ascii	"(D\230_)#}*\020\025\241\365\260\256\272\355~\276\007"
 289      29237D2A 
 289      1015A1F5 
 289      B0AEBAED 
 289      7EBE07
 290 0206 35D54A71 		.ascii	"5\325Jq\0167\226\365\250\251\255k\011Y\223=pH\2057\320"
 290      0E3796F5 
 290      A8A9AD6B 
 290      0959933D 
 290      70488537 
 291 021b A9E1A2A8 		.ascii	"\251\341\242\250\003\034\376\200\366S\222\017_T\341"
 291      031CFE80 
 291      F653920F 
 291      5F54E1
 292 022a 4F697F30 		.ascii	"Oi\1770/\273\321\033\377\007\355\267dZ\317\371b\035"
 292      2FBBD11B 
 292      FF07EDB7 
 292      645ACFF9 
 292      621D
 293 023c ED575E9D 		.ascii	"\355W^\235\255Q\343/i\177\377\036[\275\032\233i\177"
 293      AD51E32F 
 293      697FFF1E 
 293      5BBD1A9B 
 293      697F
 294 024e E7C9F2FD 		.ascii	"\347\311\362\375J\020\361\226\232\232\335wd.GEI\262"
 294      4A10F196 
 294      9A9ADD77 
 294      642E4745 
 294      49B2
 295 0260 AB7D6188 		.ascii	"\253}a\210\253\033\262d\373\240\000u\016\370hr9\273"
 295      AB1BB264 
 295      FBA00075 
 295      0EF86872 
 295      39BB
 296 0272 FF77D196 		.ascii	"\377w\321\226\017P9R\243\213vC\350j\362\267\307\341"
 296      0F503952 
 296      A38B7643 
 296      E86AF2B7 
 296      C7E1
 297 0284 2F99DD59 		.ascii	"/\231\335Y\3502\012\000\016\312\213\312`\360\022\014"
 297      E8320A00 
 297      0ECA8BCA 
 297      60F0120C 
 298 0294 02F0CD85 		.ascii	"\002\360\315\205\2531\012\244\016\220^tEb\021U\241b"
 298      AB310AA4 
 298      0E905E74 
 298      45621155 
 298      A162
 299 02a6 77D29B16 		.ascii	"w\322\233\026\213\034U\200\012\027\034*\200FB\360\270"
ARM GAS  /var/folders/nx/qt6_p4ls4xzbnqkz75ny5wl40000gp/T//ccJ7wJ1u.s 			page 23


 299      8B1C5580 
 299      0A171C2A 
 299      804642F0 
 299      B8
 300 02b7 274549E7 		.ascii	"'EI\347\221\240r\357h\306_\023\376J\340?\357\340\257"
 300      91A072EF 
 300      68C65F13 
 300      FE4AE03F 
 300      EFE0AF
 301 02ca 40ABEA7C 		.ascii	"@\253\352|URg\224\335q\0250:9\352\273\234\303)\005\012"
 301      55526794 
 301      DD711530 
 301      3A39EABB 
 301      9CC32905 
 302 02df 1A1E4F42 		.ascii	"\032\036OB\226\367>oT\341^:\307\025t\344\036\366B\232"
 302      96F73E6F 
 302      54E15E3A 
 302      C71574E4 
 302      1EF6429A 
 303 02f3 00771984 		.ascii	"\000w\031\204\252A\200#\211\210\246\266\212h\265\005"
 303      AA418023 
 303      8988A6B6 
 303      8A68B505 
 304 0303 A11B3078 		.ascii	"\241\0330x\335\241'\360\330\223\362\370t\362%/<\314"
 304      DDA127F0 
 304      D893F2F8 
 304      74F2252F 
 304      3CCC
 305 0315 A49FB665 		.ascii	"\244\237\266e\315\371\340\247\214h\354\237}\256\241"
 305      CDF9E0A7 
 305      8C68EC9F 
 305      7DAEA1
 306 0324 AABC01A4 		.ascii	"\252\274\001\244\372\352\304\316wQ\200\237\277\237\277"
 306      FAEAC4CE 
 306      7751809F 
 306      BF9FBF
 307 0333 BFBFC63F 		.ascii	"\277\277\306?\200\242\327g\257\001\364z\344\207\316"
 307      80A2D767 
 307      AF01F47A 
 307      E487CE
 308 0342 38D01B91 		.ascii	"8\320\033\221\037C?H\267\213\305\362\201Y\206\212A\307"
 308      1F433F48 
 308      B78BC5F2 
 308      8159868A 
 308      41C7
 309 0354 12A2631D 		.ascii	"\022\242c\035\350\010\034\204\031\265A\277\001\371\243"
 309      E8081C84 
 309      19B541BF 
 309      01F9A3
 310 0363 56684DD0 		.ascii	"VhM\320\232\241\265 \177\272\330\012FNN4\316|\226\034"
 310      9AA1B520 
 310      7FBAD80A 
 310      464E4E34 
 310      CE7C961C 
 311 0377 6DC9F92E 		.ascii	"m\311\371.\272\005\026\224\202\014\262\324n\357\017"
 311      BA051694 
 311      820CB2D4 
ARM GAS  /var/folders/nx/qt6_p4ls4xzbnqkz75ny5wl40000gp/T//ccJ7wJ1u.s 			page 24


 311      6EEF0F
 312 0386 C9AEF987 		.ascii	"\311\256\371\207u\356D\235\345\371\277\215(\333H~\213"
 312      75EE449D 
 312      E5F9BF8D 
 312      28DB487E 
 312      8B
 313 0397 C652B781 		.ascii	"\306R\267\201\206\264\312U\3205d\227D\230\255\243\371"
 313      86B4CA55 
 313      D0356497 
 313      4498ADA3 
 313      F9
 314 03a8 1EC04ABC 		.ascii	"\036\300J\274zS\232\365\024\022xm\343\215\014\030jI"
 314      7A539AF5 
 314      1412786D 
 314      E38D0C18 
 314      6A49
 315 03ba 8D2B73AD 		.ascii	"\215+s\255\003W\034\324z\021\217\214\230.hi\355\243"
 315      03571CD4 
 315      7A118F8C 
 315      982E6869 
 315      EDA3
 316 03cc 828933CE 		.ascii	"\202\2113\316I:\203\311\245\261\351\211\363\200\330"
 316      493A83C9 
 316      A5B1E989 
 316      F380D8
 317 03db 906008A5 		.ascii	"\220`\010\245\301\036s\211\002\227\222T\034NG\210Q\355"
 317      C11E7389 
 317      02979254 
 317      1C4E4788 
 317      51ED
 318 03ed 888ED952 		.ascii	"\210\216\331R\243S}\350 qJ\007\033\214\311>r\230\255"
 318      A3537DE8 
 318      20714A07 
 318      1B8CC93E 
 318      7298AD
 319 0400 255ADC66 		.ascii	"%Z\334f\203\231\365Y'9\267\345\361\016-\217\235ByL+"
 319      8399F559 
 319      2739B7E5 
 319      F10E2D8F 
 319      9D42794C 
 320 0415 1B8EE170 		.ascii	"\033\216\341p:\246I\226Wu\240\235ce\255!~H\237\004\301"
 320      3AA64996 
 320      5775A09D 
 320      6365AD21 
 320      7E489F04 
 321 042a B6D89697 		.ascii	"\266\330\226\227\277o\361$\313P\227\250\260u\011\205"
 321      BF6FF124 
 321      CB5097A8 
 321      B0750985 
 322 043a ED2E2D6C 		.ascii	"\355.-l\345\263\027N\371\320\302f\243Hg+F^\370\322t"
 322      E5B3174E 
 322      F9D0C266 
 322      A348672B 
 322      465EF8D2 
 323 044f FD1E250B 		.ascii	"\375\036%\013\273\342T\370\006\223\362r\266\247\004"
 323      BBE254F8 
 323      0693F272 
ARM GAS  /var/folders/nx/qt6_p4ls4xzbnqkz75ny5wl40000gp/T//ccJ7wJ1u.s 			page 25


 323      B6A704
 324 045e E136462C 		.ascii	"\3416F,\355\314o\360\306]\214ho\235<\342\211\207\030"
 324      EDCC6FF0 
 324      C65D8C68 
 324      6F9D3CE2 
 324      898718
 325 0471 717D22A1 		.ascii	"q}\"\241B\205\2373\"mn\322\252\3041rJ\024d\266\3314"
 325      42859F33 
 325      226D6ED2 
 325      AAC43172 
 325      4A1464B6 
 326 0487 38991109 		.ascii	"8\231\021\011\223m\361**\331B\255?\233}\342\202\212"
 326      936DF12A 
 326      2AD942AD 
 326      3F9B7DE2 
 326      828A
 327 0499 4AFE809A 		.ascii	"J\376\200\232t\266p\202\303G\030\357@V\343\220/\316"
 327      74B67082 
 327      C34718EF 
 327      4056E390 
 327      2FCE
 328 04ab 61C4E1E1 		.ascii	"a\304\341\341\302g*\\\304\210\356\003\317\023=\361y"
 328      C2672A5C 
 328      C488EE03 
 328      CF133DF1 
 328      79
 329 04bc 46DC4918 		.ascii	"F\334I\030\277\255\301\025\224\340rF\243\362\025B\251"
 329      BFADC115 
 329      94E07246 
 329      A3F21542 
 329      A9
 330 04cd D95F6AD5 		.ascii	"\331_j\325\\\261\200;\306 \006#\337\272\326\214J\327"
 330      5CB1803B 
 330      C6200623 
 330      DFBAD68C 
 330      4AD7
 331 04df 9AACEA17 		.ascii	"\232\254\352\027\307\274\360+&\264cp\362\261'\216RP"
 331      C7BCF02B 
 331      26B46370 
 331      F2B1278E 
 331      5250
 332 04f1 A2A6B96D 		.ascii	"\242\246\271m\020\261\373\004G\350c\003\015\215^\324"
 332      10B1FB04 
 332      47E86303 
 332      0D8D5ED4 
 333 0501 A81F1032 		.ascii	"\250\037\0202\361TU\215\027\336\307x\333\237]\262(q"
 333      F154558D 
 333      17DEC778 
 333      DB9F5DB2 
 333      2871
 334 0513 0A25B8F8 		.ascii	"\012%\270\370\266\276%9\012\320Pm+\317\237\363\311\""
 334      B6BE2539 
 334      0AD0506D 
 334      2BCF9FF3 
 334      C922
 335 0525 DA3E83E4 		.ascii	"\332>\203\344\230th\273\231/8\342,\027\345\010\232\002"
 335      987468BB 
ARM GAS  /var/folders/nx/qt6_p4ls4xzbnqkz75ny5wl40000gp/T//ccJ7wJ1u.s 			page 26


 335      992F38E2 
 335      2C17E508 
 335      9A02
 336 0537 75370B85 		.ascii	"u7\013\205\213\004\314R\263\317\027\3272q\373\236\307"
 336      8B04CC52 
 336      B3CF17D7 
 336      3271FB9E 
 336      C7
 337 0548 5CD3E006 		.ascii	"\\\323\340\006F<\275R\177\324\02773bdj\344\216\017n"
 337      463CBD52 
 337      7FD41737 
 337      3362646A 
 337      E48E0F6E 
 338 055c 6544F258 		.ascii	"eD\362XU\277\017\356`\304\361\312\201h\015\276\303\210"
 338      55BF0FEE 
 338      60C4F1CA 
 338      81680DBE 
 338      C388
 339 056e FB89BB72 		.ascii	"\373\211\273rU\270\233\021\3513M5,O\276K#{,\375\202"
 339      55B89B11 
 339      E9334D35 
 339      2C4FBE4B 
 339      237B2CFD 
 340 0583 0AF7B0B9 		.ascii	"\012\367\260\271\211\372\202~\016?d\204pH\320\320C\202"
 340      89FA827E 
 340      0E3F6484 
 340      7048D0D0 
 340      4382
 341 0595 D7745EF9 		.ascii	"\327t^\3711\015\362g\177~\376\001\376\264B5]\314\371"
 341      310DF267 
 341      7F7EFE01 
 341      FEB44235 
 341      5DCCF9
 342 05a8 DBBCB396 		.ascii	"\333\274\263\226\252\030LM\236\006\223c9\351]I7pa\036"
 342      AA184C4D 
 342      9E069363 
 342      39E95D49 
 342      3770611E 
 343 05bc D9C08475 		.ascii	"\331\300\204u\326\225\265\326\245rX\213\354\274s\256"
 343      D695B5D6 
 343      A572588B 
 343      ECBC73AE 
 344 05cc BCF32E05 		.ascii	"\274\363.\005)\337\316\372\322\225\325\265 YO\333y_"
 344      29DFCEFA 
 344      D295D5B5 
 344      20594FDB 
 344      795F
 345 05de 48F33A60 		.ascii	"H\363:`\313\354\254\013\256\254\213.\254\271v\326\347"
 345      CBECAC0B 
 345      AEAC8B2E 
 345      ACB976D6 
 345      E7
 346 05ef 923E5851 		.ascii	"\222>XQ\246\237\300\364\004\231~\312\363\2232\275\233"
 346      A69FC0F4 
 346      04997ECA 
 346      F39332BD 
 346      9B
ARM GAS  /var/folders/nx/qt6_p4ls4xzbnqkz75ny5wl40000gp/T//ccJ7wJ1u.s 			page 27


 347 0600 0B40319C 		.ascii	"\013@1\234?Z\202\362\034\005\327\235\320\366@[\006\332"
 347      3F5A82F2 
 347      1C05D79D 
 347      D0F6405B 
 347      06DA
 348 0612 02D75DD0 		.ascii	"\002\327]\320\2429G\331\266\026\333\305\276\222\366"
 348      A23947D9 
 348      B616DBC5 
 348      BE92F6
 349 0621 91A8222E 		.ascii	"\221\250\".\356&\025\021x\\*\"-\323\005y\015\264L\023"
 349      EE261511 
 349      785C2A22 
 349      2DD30579 
 349      0DB44C13 
 350 0635 A819E9D0 		.ascii	"\250\031\351\320P\023\3109)vO\216\302\351\034'f\226"
 350      5013C839 
 350      29764F8E 
 350      C2E91C27 
 350      6696
 351 0647 A1BD9C86 		.ascii	"\241\275\234\206/\264\243\273c\177\217\023=H:\341kq"
 351      2FB4A3BB 
 351      637F8F13 
 351      3D483AE1 
 351      6B71
 352 0659 077720C8 		.ascii	"\007w \310\233\203|\225$>\260\013x\014\022\343x\037"
 352      9B837C95 
 352      243EB00B 
 352      780C12E3 
 352      781F
 353 066b C4830FF6 		.ascii	"\304\203\017\366\213l\204M5\262\266\230\345\030@\243"
 353      8B6C844D 
 353      35B2B698 
 353      E51840A3 
 354 067b 7D1CE395 		.ascii	"}\034\343\225\360/53=\226\230\031\267\302L\320g\341"
 354      F02F3533 
 354      3D969819 
 354      B7C24CD0 
 354      67E1
 355 068d F0C02E4F 		.ascii	"\360\300.O|\210*\204\372.\334|\256\302\031\214\310("
 355      7C882A84 
 355      FA2EDC7C 
 355      AEC2198C 
 355      C828
 356 069f 999D51E3 		.ascii	"\231\235Q\343\343\214\250\313?\372g|\232\366\345\003"
 356      E38CA8CB 
 356      3FFA677C 
 356      9AF6E503 
 357 06af DF945CF0 		.ascii	"\337\224\\\360E\001\353\326\321r\264\007\316i\20795"
 357      4501EBD6 
 357      D172B407 
 357      CE698739 
 357      35
 358 06c0 3AC861D1 		.ascii	":\310a\321\211:\015\306g\337'\023\320\365\244WZ\225"
 358      893A0DC6 
 358      67DF2713 
 358      D0F5A457 
 358      5A95
ARM GAS  /var/folders/nx/qt6_p4ls4xzbnqkz75ny5wl40000gp/T//ccJ7wJ1u.s 			page 28


 359 06d2 26932CF8 		.ascii	"&\223,\370\2732\364\343u\350\357A\315$\260\213L\311"
 359      BB32F4E3 
 359      75E8EF41 
 359      CD24B08B 
 359      4CC9
 360 06e4 D0216E1D 		.ascii	"\320!n\035J\346hA\352O\236\332\253P\363\334{^\307\235"
 360      4AE66841 
 360      EA4F9EDA 
 360      AB50F3DC 
 360      7B5EC79D 
 361 06f8 B62F6D8F 		.ascii	"\266/m\217\306\311\363)\240\214\303\363\251v\317w\016"
 361      C6C9F329 
 361      A08CC3F3 
 361      A976CF77 
 361      0E
 362 0709 1CBC8670 		.ascii	"\034\274\206p1\263ga1&\325\027_`Dj\333\335\213r\\\311"
 362      31B36761 
 362      3126D517 
 362      5F60446A 
 362      DBDD8B72 
 363 071f 887DF7F3 		.ascii	"\210}\367\363\232\224\270\326\303\351\334\372&;\267"
 363      9A94B8D6 
 363      C3E9DCFA 
 363      263BB7
 364 072e 1E68CCB8 		.ascii	"\036h\314\270\206)\271L\013]\322\300\364\011$\234-\235"
 364      8629B94C 
 364      0B5DD2C0 
 364      F409249C 
 364      2D9D
 365 0740 4DCB0265 		.ascii	"M\313\002e\337\344\253\3557\240\356Q\216?X.g'|\217\034"
 365      DFE4ABED 
 365      37A0EE51 
 365      8E3F582E 
 365      67277C8F 
 366 0755 143341CD 		.ascii	"\0243A\315#\234\275\034\276\3518W\332\272N|*\015z\314"
 366      239CBD1C 
 366      BEE93857 
 366      DABA4E7C 
 366      2A0D7ACC 
 367 0769 1D68C5EE 		.ascii	"\035h\305\356Fz\372\264\002h\206\0034\223\023\241\036"
 367      467AFAB4 
 367      02688603 
 367      349313A1 
 367      1E
 368 077a 9BD9268D 		.ascii	"\233\331&\215\232\355\016u\177\351\364\227\344\030~"
 368      9AED0E75 
 368      7FE9F497 
 368      E4187E
 369 0789 1C50D31D 		.ascii	"\034P\323\035\250V\007*\272W\320U\215q\033\363VsgZ\254"
 369      A856072A 
 369      BA57D055 
 369      8D711BF3 
 369      5673675A 
 370 079e 37EEA604 		.ascii	"7\356\246\004\327\271\270\313OZ\336)7\362\254\013p\233"
 370      D7B9B8CB 
 370      4F5ADE29 
 370      37F2AC0B 
ARM GAS  /var/folders/nx/qt6_p4ls4xzbnqkz75ny5wl40000gp/T//ccJ7wJ1u.s 			page 29


 370      709B
 371 07b0 90A19320 		.ascii	"\220\241\223 \355\204\264\264\201g\367r5\370!\223\226"
 371      ED84B4B4 
 371      8167F772 
 371      35F82193 
 371      96
 372 07c1 DBDF92E4 		.ascii	"\333\337\222\344MoO?$\3447\273\247\347\345"
 372      4D6F4F3F 
 372      24E437BB 
 372      A7E7E5
 373 07d0 7894093F 		.ascii	"x\224\011?\027\337\027\213\245\245\027\270\223\276D"
 373      17DF178B 
 373      A5A517B8 
 373      93BE44
 374 07df A5E783F4 		.ascii	"\245\347\203\364\323\322\322\037\216]=)\307S\374V\231"
 374      D3D2D21F 
 374      8E5D3D29 
 374      C753FC56 
 374      99
 375 07f0 E9BBAEA4 		.ascii	"\351\273\256\244\3227\020\362\\M_\2637\236es\345\303"
 375      D23710F2 
 375      5C4D5FB3 
 375      379E6573 
 375      E5C3
 376 0802 51DD4ABC 		.ascii	"Q\335J\274\304\210\331\261a\330\312\273\224\224(\352"
 376      C488D9B1 
 376      61D8CABB 
 376      949428EA 
 377 0812 B9B10316 		.ascii	"\271\261\003\026y\250\311\216\237%\017?\350\177`\270"
 377      79A8C98E 
 377      9F250F3F 
 377      E87F60B8 
 378 0822 BEE356AB 		.ascii	"\276\343V\253\202\216\223!%\261`\256\272\014R\225Z`"
 378      828E9321 
 378      25B160AE 
 378      BA0C5295 
 378      5A60
 379 0834 59792F3F 		.ascii	"Yy/?\017Fx\360F\234\005#J\355\3315\220E\263\353\034"
 379      0F4678F0 
 379      469C0523 
 379      4AEDD935 
 379      9045B3EB 
 380 0849 9871C661 		.ascii	"\230q\306a\206\207#\017\272\317\037\273l\177\320\252"
 380      8687230F 
 380      BACF1FBB 
 380      6C7FD0AA 
 381 0859 18BE45F3 		.ascii	"\030\276E\363\346\"\260\2278\330\317q\216\223\204\204"
 381      E622B097 
 381      38D8CF71 
 381      8E938484 
 382 0869 F40B12D2 		.ascii	"\364\013\022\322\001\371x\373\300>\3448\244\344\260"
 382      01F978FB 
 382      C03EE438 
 382      A4E4B0
 383 0878 43CA2580 		.ascii	"C\312%\200.v@_\\\035\272L\022\032%vu/y\342D\346\304"
 383      2E76405F 
 383      5C1DBA4C 
ARM GAS  /var/folders/nx/qt6_p4ls4xzbnqkz75ny5wl40000gp/T//ccJ7wJ1u.s 			page 30


 383      121A2576 
 383      752F79E2 
 384 088f DB79AD56 		.ascii	"\333y\255V_\234\312\210\273\335\325G\225\330\312\210"
 384      5F9CCA88 
 384      BBDDD547 
 384      95D8CA88 
 385 089f 4B87726F 		.ascii	"K\207roj\360)F\334(-\377\015\276\314\372\351\011\305"
 385      6AF02946 
 385      DC282DFF 
 385      0DBECCFA 
 385      E909C5
 386 08b2 A91CAE62 		.ascii	"\251\034\256bDIe\376^vX\3733}\220\217\235\334\313\036"
 386      444965FE 
 386      5E7658FB 
 386      337D908F 
 386      9DDCCB1E 
 387 08c6 7F35F419 		.ascii	"\1775\364\031\247~\254W\211\353\030\253p\216\363a\347"
 387      A77EAC57 
 387      89EB18AB 
 387      708EF361 
 387      E7
 388 08d7 B889DDA9 		.ascii	"\270\211\335\251\235\034\356ds\031\365\367}\361#\326"
 388      9D1CEE64 
 388      7319F5F7 
 388      7DF123D6 
 389 08e7 AF8DCB6E 		.ascii	"\257\215\313n\367\300/\031q\361\311\211\024\005^\242"
 389      F7C02F19 
 389      71F1C989 
 389      14055EA2 
 390 08f7 0477F6E8 		.ascii	"\004w\366\350\315t\025\357\024k<\206G#\360G\355\267"
 390      CD7415EF 
 390      146B3C86 
 390      4723F047 
 390      EDB7
 391 0909 F6479DB4 		.ascii	"\366G\235\264?b\207\312R0\216\361d\031\3262xZ\211\367"
 391      3F6287CA 
 391      52308EF1 
 391      6419D632 
 391      785A89F7 
 392 091d 31E270C5 		.ascii	"1\342p\3057I\374I\224\322\223\275\211\363\336\370 \233"
 392      3749FC49 
 392      94D293BD 
 392      89F3DEF8 
 392      209B
 393 092f 8C1A4BB7 		.ascii	"\214\032K\267\"\234\301\210G\273\316\036\225\343\343"
 393      229CC188 
 393      47BBCE1E 
 393      95E3E3
 394 093e 8C48C93F 		.ascii	"\214H\311?:\357\201O3\"\371@\357y\015>\313\210\242\261"
 394      3AEF814F 
 394      3322F940 
 394      EF790D3E 
 394      CB88A2B1 
 395 0952 A9430A7C 		.ascii	"\251C\012|\211\021gF\357\275\215\253h\237K\237~\324"
 395      89116746 
 395      EFBD8DAB 
 395      689F4B9F 
ARM GAS  /var/folders/nx/qt6_p4ls4xzbnqkz75ny5wl40000gp/T//ccJ7wJ1u.s 			page 31


 395      7ED4
 396 0964 80DC3E58 		.ascii	"\200\334>Xwr\322\017\326\3268\360\301m\360A\007\267"
 396      7772D20F 
 396      D6D638F0 
 396      C16DF041 
 396      07B7
 397 0976 F2E00A12 		.ascii	"\362\340\012\022\216>8\231\245\301ML\\\346\316\256d"
 397      8E3E3899 
 397      A5C14D4C 
 397      5CE6CEAE 
 397      64
 398 0987 05EE60C4 		.ascii	"\005\356`\304R\366\376r\204\273\030\361\260xx\224\303"
 398      52F6FE72 
 398      84BB18F1 
 398      B0787894 
 398      C3
 399 0998 438C486B 		.ascii	"C\214Hk\211\357\320\340\227\214\210\277nkW`\213\312"
 399      89EFD0E0 
 399      978C88BF 
 399      6E6B5760 
 399      8BCA
 400 09aa A9466858 		.ascii	"\251FhX\2158j\233~\250\302q*\247\035\254a;\270\267:"
 400      8D386A9B 
 400      7EA8C271 
 400      2AA71DAC 
 400      613BB8B7 
 401 09bf EA8E1CA7 		.ascii	"\352\216\034\247\260\271\364\233\207\247\275\260\225"
 401      B0B9F49B 
 401      87A7BDB0 
 401      95
 402 09cc 113BAB0A 		.ascii	"\021;\253\012;\030\343/\011\031\035}\265F\201\363\351"
 402      3B18E32F 
 402      09191D7D 
 402      B54681F3 
 402      E9
 403 09dd DC3FCED7 		.ascii	"\334?\316\327\035\354\305\210>\001\303\371\217\374\363"
 403      1DECC588 
 403      3E01C3F9 
 403      8FFCF3
 404 09ec D76802FC 		.ascii	"\327h\002\374\350y\020\376\367\363\363\323\260\031\177"
 404      E87910FE 
 404      F7F3F3D3 
 404      B0197F
 405 09fb BF007FCD 		.ascii	"\277\000\177\315Z\376\250\010c\232\000\372\347O\316"
 405      5AFEA808 
 405      639A00FA 
 405      E74FCE
 406 0a0a 8C96C989 		.ascii	"\214\226\311\211\270\223\277gO\265d\273\224\223\333"
 406      B893BF67 
 406      4FB564BB 
 406      9493DB
 407 0a19 395EFBBA 		.ascii	"9^\373\272\343R?L\017\220\351GpT\030\344\217\012\251"
 407      E3523F4C 
 407      0F90E947 
 407      705418E4 
 407      8F0AA9
 408 0a2c 38004D90 		.ascii	"8\000M\220c\022\206\243\0214\013\264Xh\211\320b\240"
ARM GAS  /var/folders/nx/qt6_p4ls4xzbnqkz75ny5wl40000gp/T//ccJ7wJ1u.s 			page 32


 408      631286A3 
 408      11340BB4 
 408      586889D0 
 408      62A0
 409 0a3e 1D803602 		.ascii	"\035\2006\002\363\207\340\372\022\256\323\320\022\240"
 409      F387E0FA 
 409      12AED3D0 
 409      12A0
 410 0a4c 1F0FED15 		.ascii	"\037\017\355\025\3643\341:&>j\214wNna\252M\301I\343"
 410      F433E13A 
 410      263E6A8C 
 410      774E6E61 
 410      AA4DC149 
 411 0a61 16A8B6B8 		.ascii	"\026\250\266\270\312\371\260d\2421\237K\267X\257#\264"
 411      CAF9B064 
 411      A2319F4B 
 411      B758AF23 
 411      B4
 412 0a72 0CEC57DD 		.ascii	"\014\354W\335[B\354\266\355\315cO\302\304\352\313\253"
 412      5B42ECB6 
 412      EDCD634F 
 412      C2C4EACB 
 412      AB
 413 0a83 F24659EB 		.ascii	"\362FY\353\207\025i\033\350\335!\227c\366\362\025\235"
 413      8715691B 
 413      E8DD2197 
 413      63F6F215 
 413      9D
 414 0a94 9DEAF238 		.ascii	"\235\352\3628\341\2703\331\273w\354w1p\337Z\002\236"
 414      E1B833D9 
 414      BB77EC77 
 414      3170DF5A 
 414      029E
 415 0aa6 6A479ACD 		.ascii	"jG\232\315p~\216\323\335\344D\343\004\377\"\001\236"
 415      707E8ED3 
 415      DDE444E3 
 415      04FF2201 
 415      9E
 416 0ab7 32FA7944 		.ascii	"2\372yD\273\354\207\234\313\021\271\207\236*\2231<\012"
 416      BBEC879C 
 416      CB11B987 
 416      9E2A9331 
 416      3C0A
 417 0ac9 BBD79348 		.ascii	"\273\327\223H/\351\035\375>\034\266\346\000m\320\361"
 417      2FE91DFD 
 417      3E1CB6E6 
 417      006DD0F1 
 418 0ad9 B4332896 		.ascii	"\2643(\226]2\021w\0251'\021\237\016\001\333\214\364"
 418      5D321177 
 418      15312711 
 418      9F0E01DB 
 418      8CF4
 419 0aeb E98D8A8E 		.ascii	"\351\215\212\216;ED\013\234\203\253p\216\236\020s&a"
 419      3B45440B 
 419      9C83AB70 
 419      8E9E1073 
 419      2661
ARM GAS  /var/folders/nx/qt6_p4ls4xzbnqkz75ny5wl40000gp/T//ccJ7wJ1u.s 			page 33


 420 0afd 494EF159 		.ascii	"IN\361YiN\014\266\007R\207\254e*\273c\223\211x\250\267"
 420      694E0CB6 
 420      075287AC 
 420      652ABB63 
 420      938978A8 
 421 0b12 C73B4B3E 		.ascii	"\307;K>&\247\204\335 \256\325\341\355E\316\351\235\217"
 421      26A784DD 
 421      20AED5E1 
 421      ED45CEE9 
 421      9D8F
 422 0b24 CBE9361A 		.ascii	"\313\3516\032d\021\375H\312\036\201\376SG\312Y\300="
 422      6411FD48 
 422      CA1E81FE 
 422      5347CA59 
 422      C03D
 423 0b36 957C0E3D 		.ascii	"\225|\016=\007\301\367\\c\263\350\374\370b))\354:\207"
 423      07C1F75C 
 423      63B3E8FC 
 423      F8622929 
 423      EC3A87
 424 0b49 77527E12 		.ascii	"wR~\022\361\032\340_\200\353\015(\227\327V\346\\\311"
 424      F11AE05F 
 424      80EB0D28 
 424      97D756E6 
 424      5CC9
 425 0b5b C478398F 		.ascii	"\304x9\217N\242\330%\215.\332lV\252\271\035\355&\307"
 425      4EA2D825 
 425      8D2EDA6C 
 425      56AAB91D 
 425      ED26C7
 426 0b6e A24534FF 		.ascii	"\242E4\377\0064\177\002\233&\012;m\230Y~\303\354\203"
 426      06347F02 
 426      9B260A3B 
 426      6D98597E 
 426      C3EC83
 427 0b81 6C6993DE 		.ascii	"li\223\3360L{\311\335\374\030*\347\377\323n\206B3^$"
 427      304C7BC9 
 427      DDFC182A 
 427      E7FFD36E 
 427      8642335E 
 428 0b96 2A3495AB 		.ascii	"*4\225\253o9[\026\377\242\212\244}\237\253\243z9iC\252"
 428      6F395B16 
 428      FFA28AA4 
 428      7D9FABA3 
 428      7A396943 
 429 0bab 88A7600E 		.ascii	"\210\247`\016]\347\003A\014I\003C^\200BGyO\211\0274"
 429      5DE70341 
 429      0C490343 
 429      5E804247 
 429      794F8917 
 430 0bc0 C102F238 		.ascii	"\301\002\3628\205\232y_\221\005\351\260\3400h\377\010"
 430      859A795F 
 430      9105E9B0 
 430      E03068FF 
 430      08
 431 0bd1 16CD722B 		.ascii	"\026\315r+\027\331\3431\012\356r\027\017q\016OB\326"
 431      17D9E331 
ARM GAS  /var/folders/nx/qt6_p4ls4xzbnqkz75ny5wl40000gp/T//ccJ7wJ1u.s 			page 34


 431      0AEE7217 
 431      0F710E4F 
 431      42D6
 432 0be3 3A727899 		.ascii	":rx\231\023\336\240Yli\247\230\225\344\011\352\200\253"
 432      13DEA059 
 432      6C69A798 
 432      95E409EA 
 432      80AB
 433 0bf5 952B5EDE 		.ascii	"\225+^\336\305\3272n\262\013\206%\367\243\250j\314\331"
 433      C5D7326E 
 433      B20B8625 
 433      F7A3A86A 
 433      CCD9
 434 0c07 37E4B0E4 		.ascii	"7\344\260\344&w<\212N\366\346\015}@\212\026I\371\273"
 434      26773C8A 
 434      4EF6E60D 
 434      7D408A16 
 434      49F9BB
 435 0c1a 8E6D049B 		.ascii	"\216m\004\233\304\251h\215}\312\302\007\3175(\315UY"
 435      C4A9688D 
 435      7DCAC207 
 435      CF3528CD 
 435      5559
 436 0c2c D7770019 		.ascii	"\327w\000\031\366\312\221\340\312Z\353\314jK\340\235"
 436      F6CA91E0 
 436      CA5AEBCC 
 436      6A4BE09D 
 437 0c3c 40DE298D 		.ascii	"@\336)\215\273\232u\315uO\270\004\356\031\304`\265\300"
 437      BB9A75CD 
 437      754FB804 
 437      EE19C460 
 437      B5C0
 438 0c4e F15579E0 		.ascii	"\361Uy\340\317Q` \011\304\025\207\201S\234Fl`\\)_\225"
 438      CF516020 
 438      09C41587 
 438      81539C46 
 438      6C605C29 
 439 0c64 5320E71A 		.ascii	"S \347\032\335\347\2478\264\273\261\270<\301\256#pI"
 439      DDE7A738 
 439      B4BBB1B8 
 439      3CC1AE23 
 439      7049
 440 0c76 12654746 		.ascii	"\022eGF\321\210\226\031\240\3450h8\000\355 h;\004\327"
 440      D1889619 
 440      A0E53068 
 440      3800ED20 
 440      683B04D7 
 441 0c8a 79687BA1 		.ascii	"yh{\241?\016\327\375\242\035m{\302\337\245\310\261\345"
 441      3F0ED7FD 
 441      A21D6D7B 
 441      C2DFA5C8 
 441      B1E5
 442 0c9c CE6BEE52 		.ascii	"\316k\356Ri\364u,\341\354\221\3360\016\326+\364\206"
 442      69F4752C 
 442      E1EC91DE 
 442      300ED62B 
 442      F486
ARM GAS  /var/folders/nx/qt6_p4ls4xzbnqkz75ny5wl40000gp/T//ccJ7wJ1u.s 			page 35


 443 0cae 461EAE72 		.ascii	"F\036\256r\244nh\216\002g\335\367#\300$\265\355>\317"
 443      A46E688E 
 443      0267DDF7 
 443      23C024B5 
 443      ED3ECF
 444 0cc1 68CFFE07 		.ascii	"h\317\376\007\316\230\266#\242\354L\224\216\271(=\263"
 444      CE98B623 
 444      A2EC4C94 
 444      8EB9283D 
 444      B3
 445 0cd2 E84D0DEE 		.ascii	"\350M\015\356\177\025\257;q\270\224\357n\016K\226oq"
 445      7F15AF3B 
 445      71B894EF 
 445      6E0E4B96 
 445      6F71
 446 0ce4 54169D6E 		.ascii	"T\026\235n\032\311\330\376\312\332\326r\252\305\313"
 446      1AC9D8FE 
 446      CADAD672 
 446      AAC5CB
 447 0cf3 02A69367 		.ascii	"\002\246\223g\255B)\323\2138{\265\036\357\034\021\325"
 447      AD4229D3 
 447      8B387BB5 
 447      1EEF1C11 
 447      D5
 448 0d04 F616BE42 		.ascii	"\366\026\276BH\324v\261\350\005'\321)L4M\302\211\306"
 448      48D476B1 
 448      E80527D1 
 448      294C344D 
 448      C289C6
 449 0d17 FE0F7742 		.ascii	"\376\017wB\022\016\256x\027B\247\013\273J6\222\034]"
 449      120EAE78 
 449      1742A70B 
 449      BB4A3692 
 449      1C5D
 450 0d29 909E1EEF 		.ascii	"\220\236\036\357\034\334HV/JOO4.\375\015y\232\002OJ"
 450      1CDC4856 
 450      2F4A4F4F 
 450      342EFD0D 
 450      799A024F 
 451 0d3e 4CDB46E8 		.ascii	"L\333F\350[\030\262\241WNZ\237*\020=\240\254x\017E\224"
 451      5B18B2A1 
 451      574E5A9F 
 451      2A103DA0 
 451      AC780F45 
 452 0d53 AAF898ED 		.ascii	"\252\370\230\355\011\362\354\320\300WU\367'\260\361"
 452      09F2ECD0 
 452      C05755F7 
 452      27B0F1
 453 0d62 31FEFE46 		.ascii	"1\376\376F\366\262M\372d#\274\270z\222\274\353\210\027"
 453      F6B24DFA 
 453      6423BCB8 
 453      7A92BCEB 
 453      8817
 454 0d74 9E6107DD 		.ascii	"\236a\007\335\224\027\311O\3458ZM\211#\315-\215\236"
 454      9417C94F 
 454      E5385A4D 
 454      8923CD2D 
ARM GAS  /var/folders/nx/qt6_p4ls4xzbnqkz75ny5wl40000gp/T//ccJ7wJ1u.s 			page 36


 454      8D9E
 455 0d86 385ECDDE 		.ascii	"8^\315\336\350\026\364]\367p{\326\317\306n>\242\355"
 455      E816F45D 
 455      F7707BD6 
 455      CFC66E3E 
 455      A2ED
 456 0d98 2F2D610F 		.ascii	"/-a\017\201\307\261\032\035\303\222\007\376\311\332"
 456      81C7B11A 
 456      1DC39207 
 456      FEC9DA
 457 0da7 821A2F9C 		.ascii	"\202\032/\234\301\204\346f\365\236\223\343lJ\250\273"
 457      C184E666 
 457      F59E93E3 
 457      6C4AA8BB 
 458 0db7 EF5DCC55 		.ascii	"\357]\314U\"zr&\347e?Z z\272\027xg\220=f\005\314b\354"
 458      227A7226 
 458      E7653F5A 
 458      207ABA17 
 458      7867903D 
 459 0dd0 DE19B6C5 		.ascii	"\336\031\266\305\351\255\344%\031\331\016Y\256\274\242"
 459      E9ADE425 
 459      19D90E59 
 459      AEBCA2
 460 0ddf 0A2CF9B1 		.ascii	"\012,\371\261(\017\314*\346\223\274\010\372\247\241"
 460      280FCC2A 
 460      E693BC08 
 460      FAA7A1
 461 0dee 369C8276 		.ascii	"6\234\202v\022Z>\264\002\354\250n\266\307\377\355\211"
 461      125A3EB4 
 461      02ECA86E 
 461      B6C7FFED 
 461      89
 462 0dff 7281B9CF 		.ascii	"r\201\271\317q\346+\026\227n\333<\323\244\020\312\332"
 462      71E62B16 
 462      976EDB3C 
 462      D3A410CA 
 462      DA
 463 0e10 4324A589 		.ascii	"C$\245\211C\351\275\331l\023\023\257\345H[(\332\304"
 463      43E9BDD9 
 463      6C1313AF 
 463      E5485B28 
 463      DAC4
 464 0e22 71D91E3C 		.ascii	"q\331\036<\357\011W^7\037\223r\235\352e\241c{\330\346"
 464      EF09575E 
 464      371F9372 
 464      9DEA65A1 
 464      637BD8E6 
 465 0e36 367852B5 		.ascii	"6xR\265\235\263P\322;6\336\210\327y\007\242ZQ1W\355"
 465      9DB350D2 
 465      3B36DE88 
 465      D77907A2 
 465      5A513157 
 466 0e4b 85DB6954 		.ascii	"\205\333iTquSF\233\302\355[\317^@=\303\243\226\002\352"
 466      71755346 
 466      9BC2ED5B 
 466      CF5E403D 
 466      C3A39602 
ARM GAS  /var/folders/nx/qt6_p4ls4xzbnqkz75ny5wl40000gp/T//ccJ7wJ1u.s 			page 37


 467 0e60 59711D3E 		.ascii	"Yq\035>r\203\371\205\370\260\0043Fw\257<3\350W\3163"
 467      7283F985 
 467      F8B00433 
 467      4677AF3C 
 467      33E857CE 
 468 0e75 2B6C8164 		.ascii	"+l\201dnM\211m\227\243\000?\312\227\251\367D\347\001"
 468      6E4D896D 
 468      97A3003F 
 468      CA97A9F7 
 468      44E701
 469 0e88 A7C711B7 		.ascii	"\247\307\021\2673x\265\223\3539\320JJC\362\026\240\240"
 469      3378B593 
 469      EB39D04A 
 469      4A43F216 
 469      A0A0
 470 0e9a EF06C2F7 		.ascii	"\357\006\302\367X*\037KL\016\3026\332W\274\034L\370"
 470      582A1F4B 
 470      4C0EC236 
 470      DA57BC1C 
 470      4CF8
 471 0eac 0EA2CF80 		.ascii	"\016\242\317\2004\207\037\334\037\344s\230|E\273\010"
 471      34871FDC 
 471      1FE47398 
 471      7C45BB08 
 472 0ebc 969463B7 		.ascii	"\226\224c\267wq(\015P\221 s\310'\300\007\210\361\332"
 472      7771280D 
 472      50912073 
 472      C827C007 
 472      88F1DA
 473 0ecf A3E07CB6 		.ascii	"\243\340|\266\265\316\236\245\254\304\240\013\256\260"
 473      B5CE9EA5 
 473      ACC4A00B 
 473      AEB0
 474 0edd E2EA2F8E 		.ascii	"\342\352/\216h70\334\243s\345\274Y\025`\326%\010\341"
 474      683730DC 
 474      A373E5BC 
 474      591560D6 
 474      2508E1
 475 0ef0 656865E2 		.ascii	"ehe\342$\237x\317\2230\255t\351\355\312\246G\032\344"
 475      249F78CF 
 475      9330AD74 
 475      E9EDCAA6 
 475      471AE4
 476 0f03 1720858B 		.ascii	"\027 \205\213\256\002\334k\241\347=\020\272\002L\367"
 476      AE02DC6B 
 476      A1E73D10 
 476      BA024CF7 
 477 0f13 45DFDA85 		.ascii	"E\337\332\2058\220o2G,#J\247\327\274W\234\222\270\022"
 477      38906F32 
 477      472C234A 
 477      A7D7BC57 
 477      9C92B812 
 478 0f27 0BAF79CF 		.ascii	"\013\257y\317\304\367\356U\332?Q\262O\231\351\203\351"
 478      C4F7EE55 
 478      DA3F51B2 
 478      4F99E983 
 478      E9
ARM GAS  /var/folders/nx/qt6_p4ls4xzbnqkz75ny5wl40000gp/T//ccJ7wJ1u.s 			page 38


 479 0f38 DF78B131 		.ascii	"\337x\2611H\235*L\007\247\272R\336w\373\201\362:&\037"
 479      489D2A4C 
 479      07A7BA52 
 479      DE77FB81 
 479      F23A261F 
 480 0f4c 28AF61FE 		.ascii	"(\257a\376\003eQS\305\214\032\307{\321\310N%\266\325"
 480      03655153 
 480      C58C1AC7 
 480      7BD1C84E 
 480      25B6D5
 481 0f5f 6BD6675A 		.ascii	"k\326gZ\254%\223Y)\273\260\350\207\027\260\012\335\300"
 481      AC259359 
 481      29BBB0E8 
 481      8717B00A 
 481      DDC0
 482 0f71 8EEF93D0 		.ascii	"\216\357\223\320\247\006\240j\274\236\274\242\\.J\367"
 482      A706A06A 
 482      BC9EBCA2 
 482      5C2E4AF7 
 483 0f81 B6ABC154 		.ascii	"\266\253\301T\273[P[\217\335\252QC\325\270)\250\361"
 483      BB5B505B 
 483      8FDDAA51 
 483      43D5B829 
 483      A8F1
 484 0f93 A23EBA42 		.ascii	"\242>\272B\205\21705\232\262\257w\250"
 484      858F3035 
 484      9AB2AF77 
 484      A8
 485 0fa0 A91AD65C 		.ascii	"\251\032\326\\(\001\226\252\345\345\367\311\002T+\322"
 485      280196AA 
 485      E5E5F7C9 
 485      02542BD2 
 486 0fb0 A056D0A0 		.ascii	"\240V\320\240\216j\360p)\243^\211s\030@\331rk\223\002"
 486      8E6AF070 
 486      29A35E89 
 486      731840D9 
 486      726B9302 
 487 0fc4 006C96C9 		.ascii	"\000l\226\311\206\370\312\017\017F'\262\017\255\364"
 487      86F8CA0F 
 487      0F4627B2 
 487      0FADF4
 488 0fd3 F32CAA17 		.ascii	"\363,\252\027\241\324\013(\015\024\245\244\261\360\220"
 488      A1D40B28 
 488      0D14A5A4 
 488      B1F090
 489 0fe2 DA2918E7 		.ascii	"\332)\030\347\235\202\321h\017\306\374\320h:\246\026"
 489      9D82D168 
 489      0FC6FCD0 
 489      683AA616 
 490 0ff2 93FAC42C 		.ascii	"\223\372\304,.\333{\240KE\307\200\0175"
 490      2EDB7BA0 
 490      4B45C780 
 490      0F35
 491 1000 B160D4BF 		.ascii	"\261`\324\277*\271\246v\353\206\026\352\206f\301\015"
 491      2AB9A676 
 491      EB8616EA 
 491      8666C10D 
ARM GAS  /var/folders/nx/qt6_p4ls4xzbnqkz75ny5wl40000gp/T//ccJ7wJ1u.s 			page 39


 492 1010 299D7133 		.ascii	")\235q3\336\270\230Y1v\267\264\020S+Jz\272+\326\246"
 492      DEB89859 
 492      3176B7B4 
 492      10532B4A 
 492      7ABA2BD6 
 493 1025 5B8E09D1 		.ascii	"[\216\011\321\200U\350\226\310\212[\202\025\255\324"
 493      8055E896 
 493      C88A5B82 
 493      15ADD4
 494 1034 8AD2D30B 		.ascii	"\212\322\323\013\273U\366\317\326L\267\003\013\363\323"
 494      BB55F6CF 
 494      D64CB703 
 494      0BF3D3
 495 1043 4AB76AB4 		.ascii	"J\267j\264S5\332\0045\2222\233\347\344\270\232\251q"
 495      5335DA04 
 495      3592329B 
 495      E7E4B89A 
 495      A971
 496 1055 F5724D16 		.ascii	"\365rM\026sfICs%\022\251\001\253P\207H\215\016A\215"
 496      73664943 
 496      732512A9 
 496      01AB5087 
 496      488D0E41 
 497 106a DB540DE1 		.ascii	"\333T\015\3417\025>\3647\025(\243\353\3214\246/\233"
 497      37153EF4 
 497      371528A3 
 497      EBD134A6 
 497      2F9B
 498 107c E837D77D 		.ascii	"\3507\327}qg\226\225j\321\273A\230\020i\324\205\311"
 498      71679695 
 498      6AD1BB41 
 498      981069D4 
 498      85C9
 499 108e E7901FD2 		.ascii	"\347\220\037\322\263\023y_6\222\222\241Z\223\310?\266"
 499      B313795F 
 499      369292A1 
 499      5A93C83F 
 499      B6
 500 109f AE47F4C3 		.ascii	"\256G\364\303L'^\207\356`\302}\027\257\021\326PB\364"
 500      4C275E87 
 500      EE60C27D 
 500      17AF11D6 
 500      5042F4
 501 10b2 6ECB87BD 		.ascii	"n\313\207\275\333\232\311\266\215#*]I-\214-+\363\241"
 501      DB9AC9B6 
 501      8D232A5D 
 501      492D8C2D 
 501      2BF3A1
 502 10c5 A4072173 		.ascii	"\244\007!sr&S\274\335+\363@P\346>\246\332<\211\036/"
 502      722653BC 
 502      DD2BF340 
 502      50E63EA6 
 502      DA3C891E 
 503 10da F4E0B5B1 		.ascii	"\364\340\265\261\010\332t\2036\367\2506=T\233\007L\233"
 503      08DA7483 
 503      36F7A836 
 503      3D549B07 
ARM GAS  /var/folders/nx/qt6_p4ls4xzbnqkz75ny5wl40000gp/T//ccJ7wJ1u.s 			page 40


 503      4C9B
 504 10ec 1EAACD99 		.ascii	"\036\252\315\231\222\246\\\347\2179$\206\016\011\275"
 504      92A65CE7 
 504      8F392486 
 504      0E09BD
 505 10fb 2CB1C895 		.ascii	",\261\310\225x\256b\374\266\363G\267;N?\236\352\343"
 505      78AE62FC 
 505      B6F347B7 
 505      3B4E3F9E 
 505      EAE3
 506 110d B9FB2877 		.ascii	"\271\373(w\371\253\376\333r\267\241\265\321\320\376"
 506      F9ABFEDB 
 506      72B7A1B5 
 506      D1D0FE
 507 111c 898FEC89 		.ascii	"\211\217\354\211\221\374\247\030\267\261\310>\353\270"
 507      91FCA718 
 507      B7B1C83E 
 507      EBB8
 508 112a 3BEBC9FF 		.ascii	";\353\311\377\036\241/\367\247\005\344\263\233e\001"
 508      1EA12FF7 
 508      A705E4B3 
 508      9B6501
 509 1139 42BB3306 		.ascii	"B\2733\006\221u\350\241(\270\017\205\340\366\263\375"
 509      9175E8A1 
 509      28B80F85 
 509      E0F6B3FD 
 510 1149 76BBB355 		.ascii	"v\273\263U\215c4\354\207<\247O\367\250)PI\323\305\205"
 510      8D6334EC 
 510      873CA74F 
 510      F7A82950 
 510      49D3C585 
 511 115d 7FB2D78D 		.ascii	"\177\262\327\215_S\224\001\021\312\200\2002HQ\006oO"
 511      5F539401 
 511      11CA8080 
 511      32485106 
 511      6F4F
 512 116f 59D43895 		.ascii	"Y\3248\225\241\234|R1\242\242(\326\264b\266\355+-oQ"
 512      A19C7C52 
 512      31A2A228 
 512      D6B462B6 
 512      ED2B2D6F 
 513 1184 88472288 		.ascii	"\210G\"\210G\002\304\020\205\330SXR\301\222\275\302"
 513      4702C410 
 513      85D85358 
 513      52C192BD 
 513      C2
 514 1195 5E15EF97 		.ascii	"^\025\357\227.M\370\272\365\310\010\365\310\260\220"
 514      2E4DF8BA 
 514      F5C808F5 
 514      C8B090
 515 11a4 EC4BB604 		.ascii	"\354K\266\004\213\012\037c:\034\033\355NP\343bF<\251"
 515      8B0A1F63 
 515      3A1C1BED 
 515      4E50E362 
 515      463CA9
 516 11b7 5D2A5500 		.ascii	"]*U\0004\032\243\"\311\033\322\344\252i\304<\2668\225"
 516      341AA322 
ARM GAS  /var/folders/nx/qt6_p4ls4xzbnqkz75ny5wl40000gp/T//ccJ7wJ1u.s 			page 41


 516      C91BD2E4 
 516      AA69C43C 
 516      B63895
 517 11ca FBD1C1E2 		.ascii	"\373\321\301\342]\026\252'\312\252J\224\023`4*h\212"
 517      5D16AA27 
 517      CAAA4A94 
 517      1360342A 
 517      688A
 518 11dc C6410021 		.ascii	"\306A\000!\231\262\217\251\262\266\205\224!\205\275"
 518      99B28FA9 
 518      B2B68594 
 518      2185BD
 519 11eb 4230656D 		.ascii	"B0em'\226\233\335+;A\225}\"([vt\337-%~\314\364\313\314"
 519      27969BDD 
 519      2B3B4195 
 519      7D22285B 
 519      7674DF2D 
 520 1205 CA8DE57F 		.ascii	"\312\215\345\177O\322\323=\373}\347\370\301B\364T\344"
 520      4FD2D33D 
 520      FB7DE7F8 
 520      C142F454 
 520      E4
 521 1216 B6A78226 		.ascii	"\266\247\202&\223T\223\353\331]\251J\274\300\200\246"
 521      935493EB 
 521      D95DA94A 
 521      BCC080A6 
 522 1226 1E15B77A 		.ascii	"\036\025\267z\263\3705\364\225\375\314%~S\"\224)\001"
 522      B3F835F4 
 522      95FDCC25 
 522      7E532294 
 522      2901
 523 1238 E5194549 		.ascii	"\345\031EI\275U\277\006'xS\020\353\203\366\217\205\034"
 523      BD55BF06 
 523      27785310 
 523      EB83F68F 
 523      851C
 524 124a 1879DF05 		.ascii	"\030y\337\005\343\271\010\343\271\2001M12[{F\3458\207"
 524      E3B908E3 
 524      B980314D 
 524      31325B7B 
 524      46E53887 
 525 125e 812C45B7 		.ascii	"\201,E\267\366)X\016\324\271\344\300\013\021\304\013"
 525      F629580E 
 525      D4B9E4C0 
 525      0B11C40B 
 526 126e 01E22585 		.ascii	"\001\342%\205\230,-|\342\\\266\311/\303\034N\234\341"
 526      982C2D7C 
 526      E25CB6C9 
 526      2FC31C4E 
 526      9CE1
 527 1280 F7CB0CDD 		.ascii	"\367\313\014\335/\327\017V\027\371:q\267;\355\305Y\236"
 527      2FD70F56 
 527      17F93A71 
 527      B73BEDC5 
 527      599E
 528 1292 7B96728F 		.ascii	"{\226r\217\246\265>\361\304%L\275\247\213\271\3175\274"
 528      A6B53EF1 
ARM GAS  /var/folders/nx/qt6_p4ls4xzbnqkz75ny5wl40000gp/T//ccJ7wJ1u.s 			page 42


 528      C4254CBD 
 528      A78BB9CF 
 528      35BC
 529 12a4 A39A8BB0 		.ascii	"\243\232\213\260\310H\0021'\322pN\320p\236jxsr\367]"
 529      C8480231 
 529      27D2704E 
 529      D0709E6A 
 529      787372F7 
 530 12b9 E71D7DC3 		.ascii	"\347\035}\303I\303W\274\314WT\346\376t+l\224r&\363\300"
 530      49C357BC 
 530      CC5754E6 
 530      FE742B6C 
 530      947226F3 
 531 12ce E5F93A39 		.ascii	"\345\371:9\223\331\323=\362\246H&\011\361\202H\346\202"
 531      93D9D33D 
 531      F2A64826 
 531      09F18248 
 531      E682
 532 12e0 207391CA 		.ascii	" s\221\312Lx\224vS\215\033\031J\332\356\212\307Ts+h"
 532      4C789476 
 532      538D1B19 
 532      4ADAEE8A 
 532      C754732B 
 533 12f5 3E865C34 		.ascii	">\206\\4_\022\241,\011(\313\024\345\370H\332\307\370"
 533      5F12A12C 
 533      0928CB14 
 533      E5F848DA 
 533      C7F8
 534 1307 1E03693A 		.ascii	"\036\003i:S\233\317\366\271\265Y\024\035R\234,r\007"
 534      539BCFF6 
 534      B9B55914 
 534      1D529C2C 
 534      7207
 535 1319 02F419C2 		.ascii	"\002\364\031\302N9A\270\226q*U\205\373\031D\356\203"
 535      4E3941B8 
 535      96712A55 
 535      85FB1944 
 535      EE83
 536 132b E51E2CA4 		.ascii	"\345\036,\244\332\310\333.i\022%B\211\022P\242)\312"
 536      DAC8DB2E 
 536      69122542 
 536      891250A2 
 536      29CA
 537 133d 857B07D3 		.ascii	"\205{\007\3235\3701\237&\027R\346Y\346[[\362\235\323"
 537      35F8319F 
 537      261752E6 
 537      59E65B5B 
 537      F29DD3
 538 1350 24460411 		.ascii	"$F\004\021#@\304\312\327\313<~\373\257\177\\\277Q\246"
 538      2340C4CA 
 538      D7CB3C7E 
 538      FBAF7F5C 
 538      BF51A6
 539 1363 30871AF5 		.ascii	"0\207\032\365\237\257\177\347\235\300\215A\301\237\007"
 539      9FAF7FE7 
 539      9DC08D41 
 539      C19F07
ARM GAS  /var/folders/nx/qt6_p4ls4xzbnqkz75ny5wl40000gp/T//ccJ7wJ1u.s 			page 43


 540 1372 6FDE1218 		.ascii	"o\336\022\030n\012\334\2563\006\207G\232\002\015\333"
 540      6E0ADCAE 
 540      33068747 
 540      9A020DDB 
 541 1382 CDC1A106 		.ascii	"\315\301\241\006\343;z\231\357\366`\2439R\027\242\245"
 541      E33B7A99 
 541      EFF660A3 
 541      395217A2 
 541      A5
 542 1393 035AF31B 		.ascii	"\003Z\363\033\372 \255\323\220r\273Y\033f\370\312L\256"
 542      FA20ADD3 
 542      9072BB59 
 542      1B66F8CA 
 542      4CAE
 543 13a5 1146C376 		.ascii	"\021F\303v\225\351k\023\231\320\232=#\203\303\314?y"
 543      95E96B13 
 543      99D09A3D 
 543      2383C3CC 
 543      3F79
 544 13b7 4F6B566B 		.ascii	"OkVk\265B\367?\003#M\306\300\220p\275.$p\243!$Dg\014"
 544      B542F73F 
 544      03234DC6 
 544      C09070BD 
 544      2E2470A3 
 545 13d0 D41943DF 		.ascii	"\324\031C\337\016\013\0173\274m\320}\036\374\3666\275"
 545      0E0B0F33 
 545      BC6DD07D 
 545      1EFCF636 
 545      BD
 546 13e1 3EF0BD0D 		.ascii	">\360\275\015\357\376l\303\257\336{\327y*08L\037\022"
 546      EFFE6CC3 
 546      AFDE7BD7 
 546      792A3038 
 546      4C1F12
 547 13f4 B9D51018 		.ascii	"\271\325\020\030\252\323\007\005\207\031\002\265[\015"
 547      AAD30705 
 547      871902B5 
 547      5B0D
 548 1402 5FE82243 		.ascii	"_\350\"C\314Z\363\327\021\006\323;A\262O\377\017\300"
 548      CC5AF3D7 
 548      1106D33B 
 548      41B24FFF 
 548      0FC0
 549 1414 41FB40AD 		.ascii	"A\373@\255\311\274\025\364\005\304\000g\367\030\315"
 549      C9BC15F4 
 549      05C40067 
 549      F718CD
 550 1423 763E7D10 		.ascii	"v>}\020\261\223\027\354\011\266o5\204\230u\320\371\""
 550      B19317EC 
 550      09B66F35 
 550      849875D0 
 550      F922
 551 1435 324CAFA5 		.ascii	"2L\257\245\336 =\017\342\025\235\321\1775\034}\320V"
 551      DE203D0F 
 551      E2159DD1 
 551      7F351C7D 
 551      D056
ARM GAS  /var/folders/nx/qt6_p4ls4xzbnqkz75ny5wl40000gp/T//ccJ7wJ1u.s 			page 44


 552 1447 82A10FFA 		.ascii	"\202\241\017\372\367\177\333b0oZ\277\012\357v\242\224"
 552      F77FDB62 
 552      306F5ABF 
 552      0AEF76A2 
 552      94
 553 1458 B761BB21 		.ascii	"\267a\273!\314,\004Da0k\267\233}\330\230)<\322\250\007"
 553      CC2C0444 
 553      61306BB7 
 553      9B7DD898 
 553      293CD2A8 
 554 146d D76BC4E4 		.ascii	"\327k\304\344\033\214\010\0116\231\015ad\211\217\363"
 554      1B8C0809 
 554      36990D61 
 554      64898FF3 
 555 147d 80D21042 		.ascii	"\200\322\020B#\350i\0162\032t[\265f\025\304\230\365"
 555      23E8690E 
 555      321A745B 
 555      B56615C4 
 555      98F5
 556 148f 3D22E80C 		.ascii	"=\"\350\014\\Hh\225\346\010H\017\255\371\347+4\214\010"
 556      5C486895 
 556      E608480F 
 556      ADF9E72B 
 556      348C08
 557 14a2 379A4D81 		.ascii	"7\232M\201\037~\366\311\306O\276\012\324\207\207F\004"
 557      1F7EF6C9 
 557      C64FBE0A 
 557      D4878746 
 557      04
 558 14b3 87188CA6 		.ascii	"\207\030\214\246\300\337n\334\010J\013^\242(\301\341"
 558      C0DF6EDC 
 558      084A0B5E 
 558      A228C1E1 
 559 14c3 4A7D7898 		.ascii	"J}x\230\031@\275\310\"-\370Yo\376\312\323h\330\006\361"
 559      1940BDC8 
 559      222DF859 
 559      6FFECAD3 
 559      68D806F1 
 560 14d7 D09AFFEE 		.ascii	"\320\232\377\3565\320A\372p\243\001\2608\343O9\343\317"
 560      35D041FA 
 560      70A301B0 
 560      38E34F39 
 560      E3CF
 561 14e9 38E3CF39 		.ascii	"8\343\3179\343/8\343/9\343\257\260\361\335\015\320\336"
 561      E32F38E3 
 561      2F39E3AF 
 561      B0F1DD0D 
 561      D0DE
 562 14fb E5428C3F 		.ascii	"\345B\214?\3726 \332\355\277\010\005 X\362\023E\204"
 562      FA3620DA 
 562      EDBF0805 
 562      2058F213 
 562      4584
 563 150d 16745012 		.ascii	"\026tP\022[w\200;\"\264\341![\015F\271>Hg$\016\320\205"
 563      5B77803B 
 563      22B4E121 
 563      5B0D46B9 
ARM GAS  /var/folders/nx/qt6_p4ls4xzbnqkz75ny5wl40000gp/T//ccJ7wJ1u.s 			page 45


 563      3E486724 
 564 1524 1A3CCD26 		.ascii	"\032<\315&\263\316\014\216U\222D\376%\270\210\2454\364"
 564      B3CE0C8E 
 564      559244FE 
 564      25B888A5 
 564      34F4
 565 1536 809DCE29 		.ascii	"\200\235\316)\315\241\341[\015\224\376\"D\267\315\244"
 565      CDA1E15B 
 565      0D94FE22 
 565      44B7CDA4 
 566 1546 341B0D5F 		.ascii	"4\033\015_\230\264\304w\244\243\0105m\203I~\033\300"
 566      98B4C477 
 566      A4A30835 
 566      6D83497E 
 566      1BC0
 567 1558 72BEE761 		.ascii	"r\276\347a\334\3725Ly\032\276\0126\353\001\300c\207"
 567      DCFA354C 
 567      791ABE0A 
 567      36EB01C0 
 567      6387
 568 156a 39FCF3BF 		.ascii	"9\374\363\277D\254\341c\001K\015FC\030\211\251b\207"
 568      44ACE163 
 568      014B0D46 
 568      431889A9 
 568      6287
 569 157c D96C8C50 		.ascii	"\331l\214P\232 t\260@\00312\031Bu\021A`\213/\3436i\377"
 569      9A2074B0 
 569      40033132 
 569      19427511 
 569      41608B2F 
 570 1594 2BD21069 		.ascii	"+\322\020i`\233\324iH\311_\025z\2228\012\223\026\256"
 570      609BD469 
 570      48C95F15 
 570      7A92380A 
 570      9316AE
 571 15a7 20090022 		.ascii	" \011\000\" \357\264\241\221\020\020e(\317\033\252\015"
 571      20EFB4A1 
 571      91101065 
 571      28CF1BAA 
 571      0D
 572 15b8 DF41D282 		.ascii	"\337A\322\202\216\202\206\241,\007v\230C\315_Ex\321"
 572      8E8286A1 
 572      2C077698 
 572      43CD5F45 
 572      78D1
 573 15ca DC09D599 		.ascii	"\334\011\325\231\276\204\031\303\016\322\301\021\332"
 573      BE8419C3 
 573      0ED2C111 
 573      DA
 574 15d7 481F411C 		.ascii	"H\037A\034I*\255\331W\244\000\031QEhw\350\202\315\301"
 574      492AADD9 
 574      57A40019 
 574      51456877 
 574      E882CDC1 
 575 15eb 61DBD411 		.ascii	"a\333\324\021Z\320\236\012\202\256!\302\020\006[m\033"
 575      5AD09E0A 
 575      82AE21C2 
ARM GAS  /var/folders/nx/qt6_p4ls4xzbnqkz75ny5wl40000gp/T//ccJ7wJ1u.s 			page 46


 575      10065B6D 
 575      1B
 576 15fc CC0338E1 		.ascii	"\314\0038\341T\023w\351Bh\242\300`Dxx\310[\253l\010"
 576      541377E9 
 576      4268A2C0 
 576      60447878 
 576      C85BAB6C 
 577 1611 5805415C 		.ascii	"X\005A\\\215\003l\004\016/\310q!\337U\320\247V\230\330"
 577      8D036C04 
 577      0E2FC871 
 577      21DF55D0 
 577      A75698D8 
 578 1625 36A1E182 		.ascii	"6\241\341\202r\005\303\264K\346w\320\336\017V\301e\010"
 578      7205C3B4 
 578      4BE677D0 
 578      DE0F56C1 
 578      6508
 579 1637 00AD3498 		.ascii	"\000\2554\230\250\203\310F4\230\274\0144\247\015\306"
 579      A883C846 
 579      3498BC0C 
 579      34A70DC6 
 580 1647 EDBA90D7 		.ascii	"\355\272\220\327\024W\272\223\315\233?\377\213Ao\336"
 580      1457BA93 
 580      CD9B3FFF 
 580      8B416FDE 
 581 1657 14160C0A 		.ascii	"\024\026\014\012l7o1\353\214f5)\005\377\034N\212\301"
 581      6C376F31 
 581      EB8C6635 
 581      2905FF1C 
 581      4E8AC1
 582 166a 5A7DD06F 		.ascii	"Z}\320o\266\233\177m\014\327m\325\353L\346\217\210V"
 582      B69B7F6D 
 582      0CD76DD5 
 582      EB4CE68F 
 582      8856
 583 167c 9B346CFE 		.ascii	"\2334l\3763\203\0118 \326[\2766\375K\270\376\313\217"
 583      33830938 
 583      20D65BBE 
 583      36FD4BB8 
 583      FECB8F
 584 168f 8CE1A19B 		.ascii	"\214\341\241\233\266|\266\2523\276&\032\257\241;\017"
 584      B67CB6AA 
 584      33BE261A 
 584      AFA13B0F 
 585 169f EAE497DA 		.ascii	"\352\344\227\332/`\2156\330dT\331\207\274\265\220Wf"
 585      2F608D36 
 585      D86454D9 
 585      87BCB590 
 585      5766
 586 16b1 EDAF3FDC 		.ascii	"\355\257?\334\362\233?|\266\311[\027\262C\367\265\011"
 586      F29B3F7C 
 586      B6C95B17 
 586      B243F7B5 
 586      09
 587 16c2 4C0A8192 		.ascii	"L\012\201\222\373\21634\030\035\270\361\223-\233\266"
 587      FB8E3334 
 587      181DB8F1 
ARM GAS  /var/folders/nx/qt6_p4ls4xzbnqkz75ny5wl40000gp/T//ccJ7wJ1u.s 			page 47


 587      932D9BB6 
 588 16d2 3824908D 		.ascii	"8$\220\215\245\017\375\010*\037\310\361uV~\323\032\252"
 588      A50FFD08 
 588      2A1FC8F1 
 588      75567ED3 
 588      1AAA
 589 16e4 EA1FC342 		.ascii	"\352\037\303B\034\312\256\245r#\303\234\224\361\022"
 589      1CCAAEA5 
 589      7223C39C 
 589      94F112
 590 16f3 0D525F30 		.ascii	"\015R_0K\031\234\303_>d\312A*\371\002\252\262;\304K"
 590      4B199CC3 
 590      5F3E64CA 
 590      412AF902 
 590      AAB23BC4 
 591 1708 24EF7F01 		.ascii	"$\357\177\001z\317\037\027"
 591      7ACF1F17 
 592              		.text
 593              		.section	.gnu.lto_.symtab.a868e5aa81fc94b1,"",%progbits
 594 0000 6576744F 		.ascii	"evtObjectInit\000\000\000\000\000\000\000\000\000\000"
 594      626A6563 
 594      74496E69 
 594      74000000 
 594      00000000 
 595 0017 0000C401 		.ascii	"\000\000\304\001\000\000evtStart\000\000\000\000\000"
 595      00006576 
 595      74537461 
 595      72740000 
 595      000000
 596 002a 00000000 		.ascii	"\000\000\000\000\000\000\000\310\001\000\000chVTDoS"
 596      000000C8 
 596      01000063 
 596      68565444 
 596      6F53
 597 003c 65744900 		.ascii	"etI\000\000\002\000\000\000\000\000\000\000\000\000"
 597      00020000 
 597      00000000 
 597      000000
 598 004b CA010000 		.ascii	"\312\001\000\000chEvtBroadcastFlagsI\000\000\002\000"
 598      63684576 
 598      7442726F 
 598      61646361 
 598      7374466C 
 599 0067 00000000 		.ascii	"\000\000\000\000\000\000\000\000\320\001\000\000chV"
 599      00000000 
 599      D0010000 
 599      636856
 600 0076 54446F52 		.ascii	"TDoResetI\000\000\002\000\000\000\000\000\000\000\000"
 600      65736574 
 600      49000002 
 600      00000000 
 600      00000000 
 601 008a 00D40100 		.ascii	"\000\324\001\000\000"
 601      00
 602              		.text
 603              		.section	.gnu.lto_.opts,"",%progbits
 604 0000 272D666E 		.ascii	"'-fno-trapv' '-mcpu=cortex-m4' '-mno-thumb-interwor"
ARM GAS  /var/folders/nx/qt6_p4ls4xzbnqkz75ny5wl40000gp/T//ccJ7wJ1u.s 			page 48


 604      6F2D7472 
 604      61707627 
 604      20272D6D 
 604      6370753D 
 605 0033 6B272027 		.ascii	"k' '-mthumb' '-ggdb' '-O2' '-fomit-frame-pointer' '"
 605      2D6D7468 
 605      756D6227 
 605      20272D67 
 605      67646227 
 606 0066 2D66616C 		.ascii	"-falign-functions=16' '-ffunction-sections' '-fdata"
 606      69676E2D 
 606      66756E63 
 606      74696F6E 
 606      733D3136 
 607 0099 2D736563 		.ascii	"-sections' '-fno-common' '-flto'\000"
 607      74696F6E 
 607      73272027 
 607      2D666E6F 
 607      2D636F6D 
 608              		.text
 609              		.comm	__gnu_lto_v1,1,1
 610              		.comm	__gnu_lto_slim,1,1
 611              		.ident	"GCC: (GNU Tools for ARM Embedded Processors) 4.9.3 20150529 (release) [ARM/embedded-4_9-br
ARM GAS  /var/folders/nx/qt6_p4ls4xzbnqkz75ny5wl40000gp/T//ccJ7wJ1u.s 			page 49


DEFINED SYMBOLS
                            *ABS*:0000000000000000 evtimer.c
                            *COM*:0000000000000001 __gnu_lto_v1
                            *COM*:0000000000000001 __gnu_lto_slim

NO UNDEFINED SYMBOLS
