ARM GAS  /var/folders/nx/qt6_p4ls4xzbnqkz75ny5wl40000gp/T//ccPUq4r2.s 			page 1


   1              		.syntax unified
   2              		.cpu cortex-m4
   3              		.fpu softvfp
   4              		.eabi_attribute 20, 1
   5              		.eabi_attribute 21, 1
   6              		.eabi_attribute 23, 3
   7              		.eabi_attribute 24, 1
   8              		.eabi_attribute 25, 1
   9              		.eabi_attribute 26, 1
  10              		.eabi_attribute 30, 2
  11              		.eabi_attribute 34, 1
  12              		.eabi_attribute 18, 4
  13              		.thumb
  14              		.file	"ext.c"
  15              		.text
  16              	.Ltext0:
  17              		.section	.gnu.lto_.profile.4affd3d57fe1f786,"",%progbits
  18 0000 789C6366 		.ascii	"x\234cf```a\200\000F\206\024u\000\001c\000\224"
  18      60606061 
  18      80004686 
  18      14750001 
  18      630094
  19              		.text
  20              		.section	.gnu.lto_.jmpfuncs.4affd3d57fe1f786,"",%progbits
  21 0000 789C6DCA 		.ascii	"x\234m\3121\016\000 \010\003@\012*\217\364!\214\375"
  21      310E0020 
  21      0803400A 
  21      2A8FF421 
  21      8CFD
  22 0012 BA101D4C 		.ascii	"\272\020\035L\264\003%\227\232\3743O{\035d\250\012\030"
  22      B4032597 
  22      9AFC334F 
  22      7B1D64A8 
  22      0A18
  23 0024 098B142B 		.ascii	"\011\213\024+\331o+\007t{@\244?2j\357$/\223\005ij\007"
  23      D96F2B07 
  23      747B40A4 
  23      3F326AEF 
  23      242F9305 
  24 003b FB       		.ascii	"\373"
  25              		.text
  26              		.section	.gnu.lto_.inline.4affd3d57fe1f786,"",%progbits
  27 0000 789C6366 		.ascii	"x\234cf\300\016\216@iv\006\006\026\036F\006& \223m\201"
  27      C00E8E40 
  27      69760606 
  27      161E4606 
  27      2620936D 
  28 0015 3C886260 		.ascii	"<\210b`\344\002\021\014\254,@a\246\013\374\014\034\037"
  28      E402110C 
  28      AC2C4061 
  28      A60BFC0C 
  28      1C1F
  29 0027 F4C0E24C 		.ascii	"\364\300\342L\014\234\202@!\266\017z\010!n\240\312\011"
  29      0C9C8240 
  29      21B60F7A 
  29      08216EA0 
  29      CA09
ARM GAS  /var/folders/nx/qt6_p4ls4xzbnqkz75ny5wl40000gp/T//ccPUq4r2.s 			page 2


  30 0039 7ECC0C1C 		.ascii	"~\314\014\034\002@\031\326\016u\006\366\016ud\031\026"
  30      024019D6 
  30      0E7506F6 
  30      0E756419 
  30      16
  31 004a 880CCB02 		.ascii	"\210\014\313\002y\270\361\314<@\331\011~\023\374X\361"
  31      79B8F1CC 
  31      3C40D909 
  31      7E13FC58 
  31      F1
  32 005b C8B13170 		.ascii	"\310\2611p\01332\002]\301\254\300\302q\300\016\242\200"
  32      0B333202 
  32      5DC1ACC0 
  32      C271C00E 
  32      A280
  33 006d F1053B0B 		.ascii	"\361\005;\013\204DQ\313\000\000\317m\026V"
  33      844451CB 
  33      0000CF6D 
  33      1656
  34              		.text
  35              		.section	.gnu.lto_.pureconst.4affd3d57fe1f786,"",%progbits
  36 0000 789C6366 		.ascii	"x\234cf``\340g\200\000v\006\011F)&+f+\026+V+6)\000\012"
  36      6060E067 
  36      80007606 
  36      09462926 
  36      2B662B16 
  37 001b 7E0163   		.ascii	"~\001c"
  38              		.text
  39              		.section	.gnu.lto_extInit.4affd3d57fe1f786,"",%progbits
  40 0000 789C6366 		.ascii	"x\234cf\300\004R@\274\020\210\345\200\230\221\231\201"
  40      C0045240 
  40      BC1088E5 
  40      80989199 
  40      81
  41 0011 9169C239 		.ascii	"\221i\3029\006\206F\016&FF\020\203\201\221\241\236\211"
  41      0686460E 
  41      26464610 
  41      838191A1 
  41      9E89
  42 0023 B19EF125 		.ascii	"\261\236\361%\323G&\306\011\007V\317\340V_\332\320\320"
  42      D34726C6 
  42      090756CF 
  42      E0565FDA 
  42      D0D0
  43 0035 F0A1E97C 		.ascii	"\360\241\351|c\300\001\306\237L\014\014\237\231 \346"
  43      63C001C6 
  43      9F4C0C0C 
  43      9F9920E6 
  44 0045 302E6754 		.ascii	"0.gTg\000*\372\330\362\367:7[\013P\221\000D\216q\005"
  44      67002AFA 
  44      D8F2F73A 
  44      375B0B50 
  44      9100448E 
  45 005b 231B2390 		.ascii	"#\033#\220^/t\240\341\377\377\305\323\366\350330<\001"
  45      5E2F74A0 
  45      E1FFFFC5 
  45      D3F6E833 
ARM GAS  /var/folders/nx/qt6_p4ls4xzbnqkz75ny5wl40000gp/T//ccPUq4r2.s 			page 3


  45      33303C01 
  46 006f CA80CC7F 		.ascii	"\312\200\314\177\312\304\004\242\231\35706\037\370\312"
  46      CAC404A2 
  46      99EF3036 
  46      1FF8CA
  47 007e 0B520A32 		.ascii	"\013R\0122c\336\345\276uL\265\277\033:\0328~21~f\002"
  47      63DEE5BE 
  47      754CB5BF 
  47      1B3A1A38 
  47      7E32317E 
  48 0094 6A675CC9 		.ascii	"jg\\\311X\313\360\023\250\372\036c\343\201\357\254`"
  48      58CBF013 
  48      A8FA1E63 
  48      E381EFAC 
  48      60
  49 00a5 950C2073 		.ascii	"\225\014 s\030A\372\201\246\311\350\351\351;gd&e\372"
  49      1841FA81 
  49      A6C9E8E9 
  49      E93B6764 
  49      2665FA
  50 00b8 07EBE717 		.ascii	"\007\353\347\027\353g$\346\350\027\027%\353\247V\224"
  50      EB6724E6 
  50      E8171725 
  50      EBA75694 
  51 00c8 E8253300 		.ascii	"\350%3\000\000\251\266C\024"
  51      00A9B643 
  51      14
  52              		.text
  53              		.section	.gnu.lto_extObjectInit.4affd3d57fe1f786,"",%progbits
  54 0000 789C8D8F 		.ascii	"x\234\215\217\315+Da\024\306\317s\356\235KM\"+M\212"
  54      CD2B4461 
  54      14C6CF73 
  54      EE9D4B4D 
  54      222B4D8A 
  55 0014 922C3473 		.ascii	"\222,4s\377\005\245l-\374\005HQ\212\260\260\233w\006"
  55      FF05A56C 
  55      2DFC0548 
  55      518AB0B0 
  55      9B7706
  56 0027 3B0B6131 		.ascii	";\013a1\371\310B\276?\307Ga\343f\303\006\315J,PF\261"
  56      F9C842BE 
  56      3FC74761 
  56      E366C306 
  56      CD4A2C50 
  57 003d 50E323DC 		.ascii	"P\343#\334\205\30693\305\302\306\255\333y\317\373>\347"
  57      85C63933 
  57      C5C2C6AD 
  57      DB79CFFB 
  57      3EE7
  58 004f F73CC7A2 		.ascii	"\367<\307\242\277_H\376q\020UI\205E\340\2213\242X!\003"
  58      BF5F48FE 
  58      71105549 
  58      8545E091 
  58      33A25821 
  59 0064 7A205094 		.ascii	"z P\224\021\305#?3F\274\225D\260f\316\030\2239J\226"
  59      11C5233F 
  59      3346BC95 
ARM GAS  /var/folders/nx/qt6_p4ls4xzbnqkz75ny5wl40000gp/T//ccPUq4r2.s 			page 4


  59      44B066CE 
  59      1893394A 
  60 0079 0D95F94C 		.ascii	"\015\225\371L\364\312y\014\026P#\222\235\254w\351X\025"
  60      F4CA790C 
  60      16502392 
  60      9DAC77E9 
  60      5815
  61 008b 2039EFAF 		.ascii	" 9\357\257\277\235\006\037\330gTj{0z\222p\264e[\333"
  61      BF9D061F 
  61      D867546A 
  61      7B307A92 
  61      70B4655B 
  62 00a0 DBBDF7D1 		.ascii	"\333\275\367\321\242\352Yc\342\336\341\226\251\263}"
  62      A2EA5963 
  62      E2DEE196 
  62      A9B37D
  63 00af B6B0084B 		.ascii	"\266\260\010KxXB\010\313\010\221\\\021VP\255\362\347"
  63      78584208 
  63      CB08915C 
  63      115650AD 
  63      F2E7
  64 00c1 C1AF8BA0 		.ascii	"\301\257\213\2403(\336%yO\254\302\221\330\264Q\352\231"
  64      3328DE25 
  64      794FACC2 
  64      91D8B451 
  64      EA99
  65 00d3 6CF66E7E 		.ascii	"l\366n~x\333\016Hh\225SZ\004\232\376\236Y\253u\205x"
  65      78DB0E48 
  65      6895535A 
  65      049AFE9E 
  65      59AB7585 
  66 00e8 66F33816 		.ascii	"f\3638\026\320\031a\335\244\317S\205\232\304\"E\357"
  66      D01961DD 
  66      A4CF5385 
  66      9AC42245 
  66      EF
  67 00f9 7ECE3C15 		.ascii	"~\316<\025Mc2f\214W\340\263\375\301\2145\261\327\267"
  67      4D633266 
  67      8C57E0B3 
  67      FDC18C35 
  67      B1D7B7
  68 010c A9B7B1CB 		.ascii	"\251\267\261\313\342p\255\317\001\254c\032/\271m\261"
  68      E270ADCF 
  68      01AC631A 
  68      2FB96DB1 
  69 011c 81B0BCA5 		.ascii	"\201\260\274\245&\346\007\212\025\023\000aS\006\324"
  69      26E6078A 
  69      15130061 
  69      5306D4
  70 012b 26F36BF3 		.ascii	"&\363k\363/\256\203d\216\253\253`+\307\375\211\347\310"
  70      2FAE8364 
  70      8EABAB60 
  70      2BC7FD89 
  70      E7C8
  71 013d D5B60C5C 		.ascii	"\325\266\014\\#\346%\033\224\252\356i\321\312R\222\244"
  71      23E6251B 
  71      94AAEE69 
ARM GAS  /var/folders/nx/qt6_p4ls4xzbnqkz75ny5wl40000gp/T//ccPUq4r2.s 			page 5


  71      D1CA5292 
  71      A4
  72 014e 3C1271EB 		.ascii	"<\022q\353\333;Z:\032\233\334\256^\267\275\271\323\355"
  72      DB3B5A3A 
  72      1A9BDCAE 
  72      5EB7BDB9 
  72      D3ED
  73 0160 ED6975DB 		.ascii	"\355iu\333\372\373\"\255dK\351\376\006\240R\232c"
  73      FAFB22AD 
  73      644BE9FE 
  73      06A0529A 
  73      63
  74              		.text
  75              		.section	.gnu.lto_extStart.4affd3d57fe1f786,"",%progbits
  76 0000 789C8D53 		.ascii	"x\234\215SYO\023Q\024\276\337\235\351\264P\215\304\007"
  76      594F1351 
  76      14BEDF9D 
  76      E9B4508D 
  76      C407
  77 0012 63880935 		.ascii	"c\210\0115J|@:\276\371\344\026\022\023\037\210F~\200"
  77      4A7C403A 
  77      BEF9E416 
  77      12131F88 
  77      467E80
  78 0025 C15A6D13 		.ascii	"\301Zm\023\240\244\005\243\017\304\241\301%\032\225"
  78      A0A405A3 
  78      0FC4A1C1 
  78      251A95
  79 0034 B8E2824A 		.ascii	"\270\342\202J\324\270\240\270\242PQ\252\"*\356K4\270"
  79      D4B8A0B8 
  79      A25051AA 
  79      222AEE4B 
  79      34B8
  80 0046 60553412 		.ascii	"`U4\0227\020\267\011\032<g\000c\213&6\231\236\271\367"
  80      3710B709 
  80      1A3C6700 
  80      638B2636 
  80      999EB9F7 
  81 005a FBCE39DF 		.ascii	"\373\3169\337=\367\033E\014\376\245\322S\242\012\361"
  81      3DF71B45 
  81      0CFEA5D2 
  81      53A20AF1 
  82 006a 96221401 		.ascii	"\226\"\024\001Y~S\210R\207\004\370E@,\221X\202\016\331"
  82      597E5388 
  82      528704F8 
  82      45402C91 
  82      58820ED9 
  83 007e 25511EAD 		.ascii	"%Q\036\255\256p\216\333k\030F\347\205\332\221KG\232"
  83      AE708EDB 
  83      6B1846E7 
  83      85DA914B 
  83      479A
  84 0090 52886ED9 		.ascii	"R\210n\331W\006\3730\216('{\243\255\232\222\006A\357"
  84      5706FB30 
  84      8E28277B 
  84      A3AD9A92 
  84      0641EF
ARM GAS  /var/folders/nx/qt6_p4ls4xzbnqkz75ny5wl40000gp/T//ccPUq4r2.s 			page 6


  85 00a3 F5359F6F 		.ascii	"\3655\237o8\337HS\302\305\313\310\272+\025\032/\245"
  85      38DF4853 
  85      C2C5CBC8 
  85      BA2B151A 
  85      2FA5
  86 00b5 CACB58DD 		.ascii	"\312\313X\335\327uC\323w\033F8\0329nLUM\251`?\024\252"
  86      D77543D3 
  86      771B4638 
  86      1A396E4C 
  86      554DA960 
  87 00cc 870348C5 		.ascii	"\207\003H\305A\244\012\332\022\250F:\261\227\035zzY"
  87      41A40ADA 
  87      12A8463A 
  87      B1971D7A 
  87      7A59
  88 00de 55C65A75 		.ascii	"U\306Zu\033\315\203w\324\276\314\216\276L\025\207\022"
  88      1BCD8377 
  88      D4BECC8E 
  88      BE4C1587 
  88      12
  89 00ef 335581C3 		.ascii	"3U\201\303HgzW\331\317\207N\255\214T\247\374\034\020"
  89      48677A57 
  89      D9CF874E 
  89      AD8C54A7 
  89      FC1C10
  90 0102 8C1A68A0 		.ascii	"\214\032h\240xdx\324\350\355}\331\360\343\264\232\244"
  90      786478D4 
  90      E8ED7DD9 
  90      F0E3B49A 
  90      A4
  91 0113 807BA9B0 		.ascii	"\200{\251\260\362D;\321x\000\257\244\344\250<@8\205"
  91      F2443BD1 
  91      7800AFA4 
  91      E4A83C40 
  91      3885
  92 0125 AB75571B 		.ascii	"\253uW\033\033\024%\303\022\362\366~\325\336\3441U$"
  92      1B1425C3 
  92      12F2F67E 
  92      D5DEE431 
  92      5524
  93 0137 A4B3E3E8 		.ascii	"\244\263\343\350\216\021[\214]\341r*7\005\246\264\341"
  93      8E115B8C 
  93      5DE1722A 
  93      3705A6B4 
  93      E1
  94 0148 48BCA2FE 		.ascii	"H\274\242\376)\035\305\030J|\276\372\313\011\360(l."
  94      291DC518 
  94      4A7CBEFA 
  94      CB09F028 
  94      6C2E
  95 015a 8163843E 		.ascii	"\201c\204>F\370E\317\262\327\025Z\234\336XY\201\245"
  95      46F845CF 
  95      B2D7155A 
  95      9CDE5859 
  95      81A5
  96 016c B45B22FE 		.ascii	"\264[\"\376 \261\272\226\017v\201\343\014\311\004\250"
  96      20B1BA96 
ARM GAS  /var/folders/nx/qt6_p4ls4xzbnqkz75ny5wl40000gp/T//ccPUq4r2.s 			page 7


  96      0F7681E3 
  96      0CC904A8 
  97 017c 61559B4D 		.ascii	"aU\233M\340\004CJ\002t\267j\022\013\0208\311\250\232"
  97      E004434A 
  97      0274B76A 
  97      120B1038 
  97      C9A89A
  98 018f 301C815A 		.ascii	"0\034\201Zh$\361\024\217\006\3426\010~\366\356\373z"
  98      6824F114 
  98      8F06E236 
  98      087EF6EE 
  98      FB7A
  99 01a1 25ED392A 		.ascii	"%\3559*\215\012\227)5\316\330\370\270\2474Y\245\351"
  99      8D0A9729 
  99      35CED8F8 
  99      B8A73459 
  99      A5E9
 100 01b3 E034D204 		.ascii	"\3404\322\004\357l]\272y\313\020\332A\035T\3534\002"
 100      EF6C5DBA 
 100      79CB10DA 
 100      411D54EB 
 100      3402
 101 01c5 F5500968 		.ascii	"\365P\011hY\276\353\253\232\326\336\237mg\356\355w\315"
 101      59BEEBAB 
 101      9AD6DE9F 
 101      6D67EEED 
 101      77CD
 102 01d7 91242B3B 		.ascii	"\221$+;\302\3318\003U<BxS}\353\266Y|T\356\331~\353\216"
 102      C2D93803 
 102      553C4278 
 102      537DEBB6 
 102      597C54EE 
 103 01ef 8387A358 		.ascii	"\203\207\243X\325k\277\357|?\264\022\333J\015#j7\245"
 103      D56BBFEF 
 103      7C3FB412 
 103      DB4A0D23 
 103      6A37A5
 104 0202 E31BF9A4 		.ascii	"\343\033\371\244\201\233\020\266\375\363\372\326a\231"
 104      819B10B6 
 104      FDF3FAD6 
 104      6199
 105 0210 196C80B3 		.ascii	"\031l\200\263\250\304'\313\2138\207\314ot\272'(\213"
 105      A8C427CB 
 105      8B3887CC 
 105      6F74BA27 
 105      288B
 106 0222 9ACDE0AA 		.ascii	"\232\315\340\252\314\335qoM\215,\3511V\030\016S&uK\033"
 106      CCDD716F 
 106      4D8D2CE9 
 106      3156180E 
 106      5326754B 
 107 0237 311B5122 		.ascii	"1\033Q\"\250\236)\223YDgg[\227\322/\342\277\272:\021"
 107      A89E2993 
 107      59446767 
 107      5B97D22F 
 107      E2BFBA3A 
 108 024c B5BAB293 		.ascii	"\265\272\262\223p\036\231\204\335\212]\\;\204\305;i"
ARM GAS  /var/folders/nx/qt6_p4ls4xzbnqkz75ny5wl40000gp/T//ccPUq4r2.s 			page 8


 108      701E9984 
 108      DD8A5D5C 
 108      3B84C53B 
 108      69
 109 025d 1E172861 		.ascii	"\036\027(a\3007\177z\245|\347\177y\345\242\345\225\337"
 109      C0377F7A 
 109      A57CE77F 
 109      79E5A2E5 
 109      95DF
 110 026f E360C14D 		.ascii	"\343`\301M\377\366JS\240\337+Z\242WV\376 \257\\b\310"
 110      FFF64A53 
 110      A0DF2B5A 
 110      A25756FE 
 110      20AF5C62 
 111 0284 3EE8CA9B 		.ascii	">\350\312\233\371\312\023\014t\355\013\031\3502\363"
 111      F9CA130C 
 111      74ED0B19 
 111      E832F3
 112 0293 1D89063A 		.ascii	"\035\211\006:<\231U\011\\\371\273\201\256Z\006j\371"
 112      3C995509 
 112      5CF9BB81 
 112      AE5A066A 
 112      F9
 113 02a4 C3407BDE 		.ascii	"\303@{\336\307\"\332\2007\232,o\\\263\274\221h\204\353"
 113      C722DA80 
 113      379A2C6F 
 113      5CB3BC91 
 113      6884EB
 114 02b7 64843694 		.ascii	"d\2046\224\306^}tX7&\370\023\004\177z\304\031\345v\353"
 114      C65E7D74 
 114      583726F8 
 114      13047F7A 
 114      C419E576 
 115 02cc 593EFF5C 		.ascii	"Y>\377\\\377\314\034=\020\322}\271yz(\350\321\275\213"
 115      FFCC1C3D 
 115      10D27DB9 
 115      797A28E8 
 115      D1BD8B
 116 02df 8ADC1EA1 		.ascii	"\212\334\036\241R(\324<\201\202\371\376\005\266\205"
 116      5228D43C 
 116      8182F9FE 
 116      05B685
 117 02ee B979C5DE 		.ascii	"\271y\305\336\214xz\260H/\014\004\213B\372\264\331\331"
 117      8C787AB0 
 117      482F0C04 
 117      8B42FAB4 
 117      D9D9
 118 0300 59D98B74 		.ascii	"Y\331\213t\217\317\023\010z\347,\234\230\357\366\011"
 118      8FCF1308 
 118      7AE72C9C 
 118      98EFF609 
 119 0310 773C976A 		.ascii	"w<\227j\351Y\33193rt\177\201'\257x\236W\267\270\236"
 119      E959D939 
 119      3372747F 
 119      8127AF78 
 119      9E57B7B8 
 120 0325 FCE9C505 		.ascii	"\374\351\305\005\036\242\217\036\254$\020\242?\352\301"
ARM GAS  /var/folders/nx/qt6_p4ls4xzbnqkz75ny5wl40000gp/T//ccPUq4r2.s 			page 9


 120      1EA28F1E 
 120      AC2410A2 
 120      3FEAC1
 121 0334 71308380 		.ascii	"q0\203\200\337\225|\241\305!b\244d\347\314v\315\315"
 121      DF957CA1 
 121      C52162A4 
 121      64E7CC76 
 121      CDCD
 122 0346 0D790B83 		.ascii	"\015y\013\203\376\361\256\364\011B\006\205=\337\233"
 122      FEF1AEF4 
 122      09420685 
 122      3DDF9B
 123 0355 1F082E16 		.ascii	"\037\010.\026\277\000\342\343\343\365"
 123      BF00E2E3 
 123      E3F5
 124              		.text
 125              		.section	.gnu.lto_extStop.4affd3d57fe1f786,"",%progbits
 126 0000 789C8D93 		.ascii	"x\234\215\223\371KTQ\024\307\317\271\357\371f\324D\351"
 126      F94B5451 
 126      14C7CFB9 
 126      EFF966D4 
 126      44E9
 127 0012 8710099C 		.ascii	"\207\020\011\2340\361\007s^\277\365S\033B\320\017\022"
 127      30F10773 
 127      5EBFF553 
 127      1B42D00F 
 127      12
 128 0023 E81F103A 		.ascii	"\350\037\020:\015\214\240\216\314\270\006\342s\322\212"
 128      0D8CA08E 
 128      CCB806E2 
 128      73D28A
 129 0032 A2102D52 		.ascii	"\242\020-R\313\215\264\3155\227r\311\232\026\315\214"
 129      CB8DB4CD 
 129      359772C9 
 129      9A16CD8C 
 130 0042 16290A35 		.ascii	"\026)\0125m\252)\21244\227|\231\330\271/\025g,h`\346"
 130      6DAA298A 
 130      3434977C 
 130      99D8B92F 
 130      15672C68 
 131 0058 BC7BCFF7 		.ascii	"\274{\317\367\234\373=\3673O\200\365\237\020\372\316"
 131      9CFB3DF7 
 131      334F80F5 
 131      9F10FACE 
 132 0068 08006E8A 		.ascii	"\010\000n\212(\000\262\302\247\000yz\206\310\037\000"
 132      2800B2C2 
 132      A700797A 
 132      86C81F00 
 133 0078 2197612E 		.ascii	"!\227a.~aS\014\013\235u%\376\021\265\212\242L:\272\203"
 133      7E61530C 
 133      0B9D7525 
 133      FE11B58A 
 133      A24C3ABA 
 134 008d 0B825506 		.ascii	"\013\202U\0060\315\376\264\301\313\030A\222\266%\347"
 134      30CDFEB4 
 134      C1CB1841 
 134      92B625E7 
ARM GAS  /var/folders/nx/qt6_p4ls4xzbnqkz75ny5wl40000gp/T//ccPUq4r2.s 			page 10


 135 009d 90248422 		.ascii	"\220$\204\"\320sg\343\314\023\377\317Leh\340\313\256"
 135      D07367E3 
 135      CC13FFCF 
 135      4C6568E0 
 135      CBAE
 136 00af A2FE1289 		.ascii	"\242\376\022\211/\231\310\227\256\216\271\242\200\360"
 136      2F99C897 
 136      AE8EB9A2 
 136      80F0
 137 00bd 8B8AE270 		.ascii	"\213\212\342pv\266({D\225\011x\005\005\352\207W1\004"
 137      76B6287B 
 137      44950978 
 137      0505EA87 
 137      573104
 138 00d0 AF6108D0 		.ascii	"\257a\010\320\026`\035\206s\371T\376\342k\177)\237\316"
 138      16601D86 
 138      73F954FE 
 138      E26B7F29 
 138      9FCE
 139 00e2 0E5A5C39 		.ascii	"\016Z\\9\026\353QB\212M\033\235\312\322\322\207\312"
 139      16EB5142 
 139      8A4D1B9D 
 139      CAD2D287 
 139      CA
 140 00f3 FA1E5127 		.ascii	"\372\036Q'\240V\001n\022\360\001>2\306\243\360\012\035"
 140      A056016E 
 140      12F0013E 
 140      32C6A3F0 
 140      0A1D
 141 0105 41BCCF74 		.ascii	"A\274\317t\235rF\020\266j\006\277\276\254\256\365\013"
 141      9D724610 
 141      B66A06BF 
 141      BEACAEF5 
 141      0B
 142 0116 AB260B93 		.ascii	"\253&\013\223\303\315\025\233J\225*G!5\332\215*\023"
 142      C3CD159B 
 142      4A952A47 
 142      2135DA8D 
 142      2A13
 143 0128 B1C1D3CB 		.ascii	"\261\301\323\313\362\224\215\030F\205\357N\315\266\""
 143      F2948D18 
 143      4685EF4E 
 143      CDB622
 144 0137 1F453400 		.ascii	"\037E4\0006Qv\004\035\357G\217~*\221<\234\272\36235"
 144      36517604 
 144      1DEF478F 
 144      7E2A913C 
 144      9CBAF233 
 145 014c 8FD30C3D 		.ascii	"\217\323\014=Gp\225\015|\323\0016\363\024\363JU\234"
 145      4770950D 
 145      7CD30136 
 145      F314F34A 
 145      559C
 146 015e 1CF301BC 		.ascii	"\034\363\001\274\316S\202W\252\255z'7\000\330\302\263"
 146      CE538257 
 146      AAAD7A27 
 146      3700D8C2 
ARM GAS  /var/folders/nx/qt6_p4ls4xzbnqkz75ny5wl40000gp/T//ccPUq4r2.s 			page 11


 146      B3
 147 016f A2D7B500 		.ascii	"\242\327\265\000\266\242D\026\333\370\245 <BJ\277\035"
 147      B6A24416 
 147      DBF8A520 
 147      3C424ABF 
 147      1D
 148 0180 9F2F1642 		.ascii	"\237/\026B\207\261\\)1\250\314\207W\234\035Y\310\363"
 148      87B15C29 
 148      31A8CC87 
 148      579C1D59 
 148      C8F3
 149 0192 13E976B0 		.ascii	"\023\351v\260\035C\201\357\224\025\234+\335@;x\003E"
 149      1D4381EF 
 149      94159C2B 
 149      DD403B78 
 149      0345
 150 01a4 6D1AC09B 		.ascii	"m\032\300\233(Rb\340X\325\234\030:\272\\-q\355\363\361"
 150      285262E0 
 150      58D59C18 
 150      3ABA5C2D 
 150      71EDF3F1 
 151 01b8 BE2E5FAD 		.ascii	"\276._\255\272\203Wc'\212\360\006\363]\356L>(WT\274"
 151      BA835763 
 151      278AF006 
 151      F35DEE4C 
 151      3E285754 
 152 01cd 38DDC872 		.ascii	"8\335\310r\026\224\343\212^e\272i:\024\260\013s\340"
 152      1694E38A 
 152      5E65BA69 
 152      3A14B00B 
 152      73E0
 153 01df 071354A6 		.ascii	"\007\023T\246\207atL6\317L\011\\\316\015\272\237\015"
 153      8761744C 
 153      36CF4C09 
 153      5CCE0DBA 
 153      9F0D
 154 01f1 EAF94D0A 		.ascii	"\352\371M\012\232\225\366\371\312\211\200r<\237\247"
 154      9A95F6F9 
 154      CA898072 
 154      3C9FA7
 155 0200 284E9DCA 		.ascii	"(N\235\312|\251\010\273\271#\312]\230)\036\012\214\212"
 155      7CA908BB 
 155      B923CA5D 
 155      98291E0A 
 155      8C8A
 156 0212 54991FDE 		.ascii	"T\231\037\336\302r\374\256\375\361\260\007\243(7Xv\351"
 156      C272FCAE 
 156      FDF1B007 
 156      A3283758 
 156      76E9
 157 0224 48206FE3 		.ascii	"H o\343G\243\337\246\202\025\334k\021\027V\376\027\342"
 157      47A3DFA6 
 157      8215DC6B 
 157      111756FE 
 157      17E2
 158 0236 3B1AE255 		.ascii	";\032\342Uc\"m9\377\215\270\346\3602b\311\033\361\211"
 158      63226D39 
ARM GAS  /var/folders/nx/qt6_p4ls4xzbnqkz75ny5wl40000gp/T//ccPUq4r2.s 			page 12


 158      FF8DB8E6 
 158      F03262C9 
 158      1BF189
 159 0249 5F84F82E 		.ascii	"_\204\370.O\351\326\221\272\307Iyq\177<K\334\357s\275"
 159      4FE9D691 
 159      BAC74979 
 159      717F3C4B 
 159      DCEF73BD 
 160 025d DE9B7BC3 		.ascii	"\336\233{\303.\356\012\360\301\337\271\367j\334\373"
 160      2EEE0AF0 
 160      C1DFB9F7 
 160      6ADCFB
 161 026c D670AF99 		.ascii	"\326p\257\231puI+H\235\032\322\207\032Ro~\375\304o\014"
 161      7075492B 
 161      489D1AD2 
 161      871A526F 
 161      7EFDC46F 
 162 0281 F35CBD3F 		.ascii	"\363\\\275?\365\032@\340o\016\3627\2064\233\215F9\332"
 162      F51A40E0 
 162      6F0EF237 
 162      86349B8D 
 162      4639DA
 163 0294 92989078 		.ascii	"\222\230\220x N\266\332eK|\222l\267\231dsV\232\321\004"
 163      204EB6DA 
 163      654B7C92 
 163      6CB79964 
 163      73569AD1 
 164 02a9 2285549F 		.ascii	"\"\205T\237\214\370\244ts\244\247\316\226&\247Zmivy"
 164      8CF8A474 
 164      73A4A7CE 
 164      9626A75A 
 164      6D697679 
 165 02bd 6F6C4C74 		.ascii	"olLtL\226l\262\230\2546\363\301\214\035\311F\013\030"
 165      4C966CB2 
 165      98AC36F3 
 165      C18C1DC9 
 165      460B18
 166 02d0 3DB5D444 		.ascii	"=\265\324D\216\216\211\333\037''\246\230\222\322\017"
 166      8E8E89DB 
 166      1F2727A6 
 166      9892D20F 
 167 02e0 99654D6B 		.ascii	"\231eMkJ\336\227\236b\"\371\226\365\026\254v\372\241"
 167      4ADE979E 
 167      6222F996 
 167      F516AC76 
 167      FAA1
 168 02f2 33785CAF 		.ascii	"3x\\\257\240\304j'\213=\333N\212\240\230\270XCB\274"
 168      A0C46A27 
 168      8B3DDB4E 
 168      8AA098B8 
 168      584342BC 
 169 0306 DD9C6A4B 		.ascii	"\335\234jK\334f\010\337\016\314\006\272ds\262\325\226"
 169      DC6608DF 
 169      0ECC06BA 
 169      6473B2D5 
 169      96
 170 0317 0DBF01E2 		.ascii	"\015\277\001\3422\260\353"
ARM GAS  /var/folders/nx/qt6_p4ls4xzbnqkz75ny5wl40000gp/T//ccPUq4r2.s 			page 13


 170      32B0EB
 171              		.text
 172              		.section	.gnu.lto_extChannelEnable.4affd3d57fe1f786,"",%progbits
 173 0000 789C8D52 		.ascii	"x\234\215R\353KSa\030\177\236\367\234\235M-\220>\204"
 173      EB4B5361 
 173      187F9EF7 
 173      9C9D4D2D 
 173      903E84
 174 0013 48B08589 		.ascii	"H\260\205\211\037\222\235\276\365\251\033B\320\007\011"
 174      1F929DBE 
 174      F5A91B42 
 174      D00709
 175 0022 F40F085D 		.ascii	"\364\017\010]\203\011n\223MC?\210G\321\214n\014+\232"
 175      83096E93 
 175      4D433F88 
 175      47D18C6E 
 175      0C2B9A
 176 0035 41A6A9DD 		.ascii	"A\246\251\335\314K^JW\351*\2230\272x\241\010E\227ht"
 176      CC4B5E4A 
 176      57E92A93 
 176      30BA78A1 
 176      08459768 
 177 004a 99A12CB5 		.ascii	"\231\241,\265a\303\236\367\350\302m\005\0358\3479\357"
 177      61C39EF7 
 177      E8C26D05 
 177      1D38E739 
 177      EF
 178 005b FBFB3DCF 		.ascii	"\373\373=\317\371\275\277\337\021 \366J\246{T\000\360"
 178      F9BDBFDF 
 178      1120F64A 
 178      A67B5400 
 178      F0
 179 006c 53450190 		.ascii	"SE\001\220\271^\003\224\353\030\"\177\001\2042\206e"
 179      B95E0394 
 179      EB18227F 
 179      01843286 
 179      65
 180 007d F8852D32 		.ascii	"\370\205-2ty[\334\011i\315\212\242,\214\016$U%\005\031"
 180      74795BDC 
 180      0969CD8A 
 180      A22C8C0E 
 180      24552505 
 181 0092 4080AD8F 		.ascii	"@\200\255\217\301\233\230F\224\3565\357\007I\320#\320"
 181      C19B9846 
 181      94EE35EF 
 181      0749D023 
 181      D0
 182 00a3 7B5FDB8F 		.ascii	"{_\333\217W\011\237Y\220\241\201/=5/\334\022_2\221/"
 182      57099F59 
 182      90A1812F 
 182      3D352FDC 
 182      125F3291 
 183 00b8 7DBDCB35 		.ascii	"}\275\3135[S\033\025\245\302;\334\251\034\024\203L\300"
 183      5B531B15 
 183      A5C23BDC 
 183      A91C1483 
 183      4CC0
ARM GAS  /var/folders/nx/qt6_p4ls4xzbnqkz75ny5wl40000gp/T//ccPUq4r2.s 			page 14


 184 00ca 5B28D03C 		.ascii	"[(\320<\274\215\311x\007\223\201\266\000[0\225\330\001"
 184      BC8DC978 
 184      079381B6 
 184      005B3095 
 184      D801
 185 00dc 7F8F59D8 		.ascii	"\177\217Y\330\245\216\035\251\236\014%\2547\316\257"
 185      A58E1DA9 
 185      9E0C25AC 
 185      37CEAF
 186 00eb 378A7837 		.ascii	"7\212x7\272Q\004l\305TN_\254\014\275O\220*Itb(\254\027"
 186      BA51046C 
 186      C5544E5F 
 186      AC0CBD4F 
 186      902A4974 
 187 0103 DB5042AA 		.ascii	"\333PB\252\355\333\274\312\332Z\343\300\3311Q+ \377"
 187      EDDBBCCA 
 187      DA5AE3C0 
 187      D931512B 
 187      20FF
 188 0115 94886A1F 		.ascii	"\224\210j\037\314\022\215\237\177\2161^\205wX\221\310"
 188      CC128D9F 
 188      7F8E315E 
 188      85775891 
 188      C8
 189 0126 A7055A94 		.ascii	"\247\005Z\224\213\202\220\256\012\3716\336\320\034\237"
 189      8B8290AE 
 189      0AF936DE 
 189      D01C9F
 190 0135 D2404216 		.ascii	"\322@B\026\276v\324m\257U\352+\\4\356\000\006\231\006"
 190      BE76D46D 
 190      AF55EA2B 
 190      5C34EE00 
 190      069906
 191 0148 DB23156D 		.ascii	"\333#\025m\230\324\201)\324\370\361\334R\027r'4\006"
 191      98D48129 
 191      D4F8F1DC 
 191      52177227 
 191      3406
 192 015a C07B844E 		.ascii	"\300{\204N`\305L\350\344'\267\024\241\327\327t\035U"
 192      60C54CE8 
 192      E427B714 
 192      A1D7D774 
 192      1D55
 193 016c A9018691 		.ascii	"\251\001\206\221'\361y\206\277k\001;9\304\242\240\376"
 193      27F17986 
 193      BF6B013B 
 193      39C4A2A0 
 193      FE
 194 017d 33531AC0 		.ascii	"3S\032\300.\016\011Q\320x\303>\256\000\260\233\243b"
 194      2E0E0951 
 194      D078C33E 
 194      AE00B09B 
 194      A362
 195 018f 943B803D 		.ascii	"\224;\200=(\221\306\373\334\033\204\021$x\332\377\363"
 195      2891C6FB 
 195      DC1B8411 
 195      2478DAFF 
ARM GAS  /var/folders/nx/qt6_p4ls4xzbnqkz75ny5wl40000gp/T//ccPUq4r2.s 			page 15


 195      F3
 196 01a0 82A09FC1 		.ascii	"\202\240\237\301\253\212\333\020d\022\357\2704\261Z"
 196      AB8ADB10 
 196      6412EFB8 
 196      34B15A
 197 01af 1E2F923D 		.ascii	"\036/\222=\370\000\365\300w\256T]\256\335B;\330\213"
 197      F800F5C0 
 197      77AE545D 
 197      AEDD423B 
 197      D88B
 198 01c1 A27A1CC0 		.ascii	"\242z\034\300>\024\011\030\256\256_\026\365s\033\335"
 198      3E140918 
 198      AEAE5F16 
 198      F5731BDD 
 199 01d1 5ACE7DEB 		.ascii	"Z\316}\353\037\362\304\251\335\036\336\215\017Q\204"
 199      1FF2C4A9 
 199      DD1EDE8D 
 199      0F5184
 200 01e0 49ACF20D 		.ascii	"I\254\362\0156\"?)\247\324\215\235oc\245\253\312)E\027"
 200      36223F29 
 200      A7D48D9D 
 200      6F63A5AB 
 200      CA294517 
 201 01f4 64BA00D3 		.ascii	"d\272\000\323\020\355\021\226\302\012\023V\030\245\035"
 201      10ED1196 
 201      C20A1356 
 201      18A51D
 202 0203 07E13036 		.ascii	"\007\34106\007\340\272\366_\001<V\003\230\236}3\242"
 202      07E0BAF6 
 202      5F013C56 
 202      03989E7D 
 202      33A2
 203 0215 5303A0AD 		.ascii	"S\003\240\255\376\177\0070\333\030\016@\212\016\340"
 203      FE7F0730 
 203      DB180E40 
 203      8A0EE0
 204 0224 F42F0A60 		.ascii	"\364/\012`\200C\332\030\037\275\334\307\250T^.Q*O8_"
 204      8043DA18 
 204      1FBDDCC7 
 204      A8545E2E 
 204      512A4F38 
 205 0239 179D4AEB 		.ascii	"\027\235J\353~.\013\360\351\337Sy\246\2462\270)\225"
 205      7E2E0BF0 
 205      E9DF5379 
 205      A6A632B8 
 205      2995
 206 024b A6799F47 		.ascii	"\246y\237G\012\033\336\257\032\376\\5<\332\335!rw\012"
 206      0A1BDEAF 
 206      1AFE5C35 
 206      3CDADD21 
 206      72770A
 207 025e CB7D5537 		.ascii	"\313}U7\342Tw\201\377\330\310\177h\342\3540\032\345"
 207      E2547781 
 207      FFD8C87F 
 207      68E2EC30 
 207      1AE5
 208 0270 0C4B5E6E 		.ascii	"\014K^n\336\321l\331\356\224-9\371\262\323a\222\315"
ARM GAS  /var/folders/nx/qt6_p4ls4xzbnqkz75ny5wl40000gp/T//ccPUq4r2.s 			page 16


 208      DED16CD9 
 208      EE942D39 
 208      F9B2D361 
 208      92CD
 209 0282 C5854613 		.ascii	"\305\205F\023\210T\012\264&K\216\315f\316\327\234\310"
 209      88540AB4 
 209      264B8ECD 
 209      66CED79C 
 209      C8
 210 0293 C92F32EF 		.ascii	"\311/2\357\216\344;\012\345\002\273\243\320)\037\312"
 210      8EE43B0A 
 210      E502BBA3 
 210      D0291FCA 
 211 02a3 CACCC82C 		.ascii	"\312\314\310,\226M\026\223\335a>vb\257\325h\001c$\227"
 211      964D1693 
 211      DD613E76 
 211      62AFD568 
 211      01632497 
 212 02b7 86C91999 		.ascii	"\206\311\031\231\331G\262\345<\233)\277\350\270YV\271"
 212      D947B2E5 
 212      3C9B29BF 
 212      E8B85956 
 212      B9
 213 02c8 26EBE122 		.ascii	"&\353\341\"\233\211\350;c\245\330\235\364\240o\360\032"
 213      9B89E83B 
 213      63A5D89D 
 213      F4A06FF0 
 213      1A
 214 02d9 CB20E0CF 		.ascii	"\313 \340\317$\213\263\304I\214\304\314\354,Cn\216\323"
 214      248BB3C4 
 214      498CC4CC 
 214      EC2C436E 
 214      8ED3
 215 02eb 5CE0C84B 		.ascii	"\\\340\310K7\244\356\001\346\000\255\325l\265;J\340"
 215      37A4EE01 
 215      E600ADD5 
 215      6CB53B4A 
 215      E0
 216 02fc 37915AA5 		.ascii	"7\221Z\245\245"
 216      A5
 217              		.text
 218              		.section	.gnu.lto_extChannelDisable.4affd3d57fe1f786,"",%progbits
 219 0000 789C8D52 		.ascii	"x\234\215R\353KSa\030\177\236\367\234\235M-\220>\204"
 219      EB4B5361 
 219      187F9EF7 
 219      9C9D4D2D 
 219      903E84
 220 0013 48B0850D 		.ascii	"H\260\205\015?$;}\353S7\204\240\017\022\350\037\020"
 220      3F243B7D 
 220      EB533784 
 220      A00F12E8 
 220      1F10
 221 0025 BA061BEC 		.ascii	"\272\006\033\354\"\233\212~\020\217\242\031E1\254H\203"
 221      229B8A7E 
 221      108FA219 
 221      4531AC48 
 221      83
ARM GAS  /var/folders/nx/qt6_p4ls4xzbnqkz75ny5wl40000gp/T//ccPUq4r2.s 			page 17


 222 0036 4C49E962 		.ascii	"LI\351b:\363R\272J\327E\011\245\213eI(\272L\243\313"
 222      3AF352BA 
 222      4AD74509 
 222      A58B6549 
 222      28BA4CA3 
 223 004b 1265A90D 		.ascii	"\022e\251\015\023{\336c\206\333\012:p\316s\336\367\367"
 223      137BDE63 
 223      86DB0A3A 
 223      70CE73DE 
 223      F7F7
 224 005d 7B9EF37B 		.ascii	"{\236\363{\177\277#@\374\225J\367+\001 D\025\005@\346"
 224      7FBF2340 
 224      FC954AF7 
 224      2B012044 
 224      150540E6 
 225 0071 7D0E50AE 		.ascii	"}\016P\256c\210\374\005\020\312\030\226\341g\266\300"
 225      6388FC05 
 225      10CA1896 
 225      E167B6C0 
 226 0081 D01B68A9 		.ascii	"\320\033h\251MJoV\024e\276\343MJUJ\204\001\204\331\372"
 226      4D4A6F56 
 226      1465BEE3 
 226      4D4A554A 
 226      840184D9 
 227 0096 18BC86E9 		.ascii	"\030\274\206\351D\351Z\013\274\223\004=\002\275\367"
 227      44E95A0B 
 227      BC93043D 
 227      02BDF7
 228 00a5 B67D7F96 		.ascii	"\266}\177\226\364\211E\030\032\370\322_\363\264V\342"
 228      F4894518 
 228      1AF8D25F 
 228      F3B456E2 
 229 00b5 4B26F265 		.ascii	"K&\362e\260g\251f\253\361\252\242T\004\206;\224\203"
 229      B067A966 
 229      ABF1AAA2 
 229      5404863B 
 229      9483
 230 00c7 62840978 		.ascii	"b\204\011x\035\005\232\20770\025ob*\320\026`\013\032"
 230      1D059A87 
 230      3730156F 
 230      622AD016 
 230      600B1A
 231 00da 891D0E75 		.ascii	"\211\035\016u[\204]\352\330\221\352\211\325\244\365"
 231      5B845DEA 
 231      D891EA89 
 231      D5A4F5
 232 00e9 C6B9F546 		.ascii	"\306\271\365F\021o\3056\212\200\255h\344\364\205\312"
 232      116FC536 
 232      8A80AD68 
 232      E4F485CA 
 233 00f9 D5B124A9 		.ascii	"\325\261$\251\222D'\257n\350\3056\224\220\252o[@Y[\373"
 233      924427AF 
 233      6EE8C536 
 233      9490AA6F 
 233      5B40595B 
 234 010e D01F1A13 		.ascii	"\320\037\032\023\265\002\362O\211\250\366\301\014\321"
 234      B502F24F 
ARM GAS  /var/folders/nx/qt6_p4ls4xzbnqkz75ny5wl40000gp/T//ccPUq4r2.s 			page 18


 234      89A8F6C1 
 234      0CD1
 235 011c F8F96719 		.ascii	"\370\371g\031\343Ux\213\025\311|Z\270E9/\010\031\252"
 235      E355788B 
 235      15C97C5A 
 235      B845392F 
 235      0819AA
 236 012f 90AFA38D 		.ascii	"\220\257\243\215\315\211i\215$d\376K{\375\366:\245\241"
 236      CD89698D 
 236      2464FE4B 
 236      7BFDF63A 
 236      A5A1
 237 0141 C24BE30E 		.ascii	"\302K\343\016`\204i\320\027\255\350\267I\355\230F\215"
 237      608469D0 
 237      17ADE8B7 
 237      49ED9846 
 237      8D
 238 0152 EFCF2C76 		.ascii	"\357\317,v\"wBc\000\274M\3508VL\257\236\370X+E\351\015"
 238      22774263 
 238      00BC4DE8 
 238      38564CAF 
 238      9EF8582B 
 239 0169 CEB4A02A 		.ascii	"\316\264\240*5\3140\372$A\377\320\234\026\260\203C,"
 239      35CC30FA 
 239      2441FFD0 
 239      9C16B083 
 239      432C
 240 017b 06EA3B3D 		.ascii	"\006\352;=\251\001\354\344\220\020\003\2156\356\343"
 240      A901ECE4 
 240      9010038D 
 240      36EEE3
 241 018a 0A00BB38 		.ascii	"\012\000\2738*\306\270\003\330\215\022i\274\303\275"
 241      2AC6B803 
 241      D88D1269 
 241      BCC3BD
 242 0199 41184182 		.ascii	"A\030A\202\247B?\316\011\372i\274\254\324\032\"L\342"
 242      A7423FCE 
 242      09FA69BC 
 242      ACD41A22 
 242      4CE2
 243 01ab 1D17C657 		.ascii	"\035\027\306W\312\023E\262\007\357\242\036\370\316\245"
 243      CA1345B2 
 243      07EFA21E 
 243      F8CEA5
 244 01ba AA8B755B 		.ascii	"\252\213u[h\007{PT\217\003\330\213\"\001C\325\015K\242"
 244      68077B50 
 244      548F03D8 
 244      8B220143 
 244      D50D4BA2 
 245 01ce 7EF677B7 		.ascii	"~\366w\267\226s_\206\006\375\011j\267\237w\343=\024"
 245      96735F86 
 245      06FD096A 
 245      B79F77E3 
 245      3D14
 246 01e0 6102AB82 		.ascii	"a\002\253\202\225>\344'\345\224\372\327g\333X\351\212"
 246      953EE427 
 246      E594FAD7 
ARM GAS  /var/folders/nx/qt6_p4ls4xzbnqkz75ny5wl40000gp/T//ccPUq4r2.s 			page 19


 246      67DB58E9 
 246      8A
 247 01f1 7252D145 		.ascii	"rR\321E\230.\3144D\273\217\245\260\314\204eFi'\300F"
 247      982ECC34 
 247      44BB8FA5 
 247      B0CC8465 
 247      466927C0 
 248 0206 189B03F0 		.ascii	"\030\233\003\360^\371\257\000\036\250\001L\315\274\030"
 248      5EF9AF00 
 248      1EA8014C 
 248      CDBC18
 249 0215 D1A901D0 		.ascii	"\321\251\001\320V\337\277\003h\362m\004 \305\006p\352"
 249      56DFBF03 
 249      68F26D04 
 249      20C50670 
 249      EA
 250 0226 2705D0CF 		.ascii	"'\005\320\317!m\234\217\001\356cL*\303\213\224\312C"
 250      216D9C8F 
 250      01EE634C 
 250      2AC38B94 
 250      CA43
 251 0238 CED7C5A6 		.ascii	"\316\327\305\246\322\272\237\313\002|\364\367T\036\253"
 251      D2BA9FCB 
 251      027CF4F7 
 251      541EAB
 252 0247 A93CD994 		.ascii	"\251<\331\224J\323\267\240_\3320\274O5|@5<\326\335A"
 252      4AD3B7A0 
 252      5FDA30BC 
 252      4F357C40 
 252      353CD6DD 
 253 025c 727712CB 		.ascii	"rw\022\313\203\003\276\004\325]\340?6\362\037\2328;"
 253      8303BE04 
 253      D55DE03F 
 253      36F21F9A 
 253      383B
 254 026e 4C2639D3 		.ascii	"L&9\323j\313\263\035\315\221]\036\331\232k\227=n\263"
 254      6ACBB31D 
 254      CD915D1E 
 254      D99A6B97 
 254      3D6EB3
 255 0281 6C292E30 		.ascii	"l).0\231A\244\222\2575[s\235N\213]S\224k/\264\354\216"
 255      9941A492 
 255      AF355B73 
 255      9D4E8B5D 
 255      53946B2F 
 256 0298 E6BB0BE4 		.ascii	"\346\273\013\344|\227\273\300#\037\312\316\312\314*"
 256      7C97BBC0 
 256      231FCACE 
 256      CACC2A
 257 02a7 96CD56B3 		.ascii	"\226\315V\263\313m9V\264\327a\262\202)\232K\303\344"
 257      CB6D3956 
 257      B4D761B2 
 257      82299A4B 
 257      C3E4
 258 02b9 CCAC9C23 		.ascii	"\314\254\234#9\262\315i\266\027\036\267\310*\327\354"
 258      39B2CD69 
 258      B6171EB7 
ARM GAS  /var/folders/nx/qt6_p4ls4xzbnqkz75ny5wl40000gp/T//ccPUq4r2.s 			page 20


 258      C82AD7EC 
 259 02c9 385CE834 		.ascii	"8\\\3504\023}g\274\024\227\207\036\364\015^\343\031"
 259      137D67BC 
 259      1497871E 
 259      F40D5EE3 
 259      19
 260 02da 04FC9964 		.ascii	"\004\374\231d\365\224x\210\221\234\225\223m\310\313"
 260      F5947888 
 260      919C9593 
 260      6DC8CB
 261 02e9 F558F2DD 		.ascii	"\365X\362\335\266\014\203q\01707h\035\026\207\313]\002"
 261      B60C8371 
 261      0F303768 
 261      1D1687CB 
 261      5D02
 262 02fb BF004819 		.ascii	"\277\000H\031\246k"
 262      A66B
 263              		.text
 264              		.section	.gnu.lto_extSetChannelModeI.4affd3d57fe1f786,"",%progbits
 265 0000 789C7D92 		.ascii	"x\234}\222\335K\024Q\030\306\317sf\366CGS\272\311$0"
 265      DD4B1451 
 265      18C6CF73 
 265      66F64347 
 265      53BAC924 
 266 0015 3051A875 		.ascii	"0Q\250u\240\202.\272\021\272\351\252.\372\013l\023\024"
 266      A0822EBA 
 266      11BAE9AA 
 266      2EFA0B6C 
 266      1314
 267 0027 4425BBE8 		.ascii	"D%\273\350F<\273(\366\305\266\2547\202YD\230\245\251"
 267      463CBB28 
 267      F6C5B6AC 
 267      37825944 
 267      98A5A9
 268 003a 656AAB66 		.ascii	"ej\253fMR!T\206\030\205\233\345\022&}XhknS\310\364\236"
 268      4D522154 
 268      8618859B 
 268      E512267D 
 268      58686B6E 
 269 0052 D94D7485 		.ascii	"\331Mt\205\006\2063g\346}\336\347w\236w\024\266\371"
 269      06863367 
 269      E67DDEE7 
 269      779E7714 
 269      B6F9
 270 0064 CAA53BA0 		.ascii	"\312\245;\2400v\200V(\014<8\301\230\317\315\001\371"
 270      30768056 
 270      280C3C38 
 270      C198CFCD 
 270      01F9
 271 0076 C0C0EA39 		.ascii	"\300\300\3529\352\361\231/q\004\215\256\026\255\260"
 271      EAF1992F 
 271      71048DAE 
 271      16ADB0
 272 0085 5D08B118 		.ascii	"]\010\261\030z\227\323\230cr\306b<\321\006\035(\244"
 272      7A97D398 
 272      6372C662 
 272      3CD1061D 
ARM GAS  /var/folders/nx/qt6_p4ls4xzbnqkz75ny5wl40000gp/T//ccPUq4r2.s 			page 21


 272      28A4
 273 0097 927ECB98 		.ascii	"\222~\313\230v*y`\364<\324\263\374B\373\304M\216\235"
 273      762A7960 
 273      F43CD4B3 
 273      FC42FBC4 
 273      4D8E9D
 274 00aa 723B1C1A 		.ascii	"r;\034\032oq\312-W\3456\032^\011e\026\\\023\302o<\357"
 274      6F71CA2D 
 274      57E5361A 
 274      5E096516 
 274      5C13C26F 
 275 00c0 1325AAC9 		.ascii	"\023%\252\311\025\334\200B\375p\023\271\350D.\243W\014"
 275      15DC8042 
 275      FD7013B9 
 275      E8442EA3 
 275      570C
 276 00d2 5D28A0EA 		.ascii	"](\240\352\330\302@\231\262\313n;\3314\263\252\331\302"
 276      D8C24099 
 276      B2CB6E3B 
 276      D934B3AA 
 276      D9C2
 277 00e4 E8972753 		.ascii	"\350\227'S\031\342\260\311U\334JU\252\014\335\266\362"
 277      19E2B0C9 
 277      55DC4A55 
 277      AA0CDDB6 
 277      F2
 278 00f5 55FFD9B7 		.ascii	"U\377\331\267Y\312\036[\332\264\330\034V\023\322\257"
 278      59CA1E5B 
 278      DAB4D81C 
 278      5613D2AF 
 279 0105 ED115BEA 		.ascii	"\355\021[\352@O\252\324\301\320\213\002Y\377!:\270\260"
 279      404FAAD4 
 279      C1D08B02 
 279      59FF213A 
 279      B8B0
 280 0117 45D96B6B 		.ascii	"E\331kk\315\356\241\371\364\374\253R\273\320\376,C\214"
 280      CDEEA1F9 
 280      F4FCAB52 
 280      BBD0FE2C 
 280      438C
 281 0129 8B86A865 		.ascii	"\213\206\250e\345\231\334\211\333\033;$.\222,5\254\276"
 281      E599DC89 
 281      DB1B3B24 
 281      2E922C35 
 281      ACBE
 282 013b D19C0D94 		.ascii	"\321\234\015\224W6\356 \177\365_\\\350\203\023\264\366"
 282      5736EE20 
 282      7FF55F5C 
 282      E88313B4 
 282      F6
 283 014c 6E358465 		.ascii	"n5\204e\305~\372/\036\014s\2318\235U!\000\227\012\011"
 283      C57EFA2F 
 283      1E0C7399 
 283      389D5521 
 283      00970A09 
 284 0160 EF80CDC1 		.ascii	"\357\200\315\301\346H#g\361\221s\271*\021\370\007\227"
 284      E6482367 
ARM GAS  /var/folders/nx/qt6_p4ls4xzbnqkz75ny5wl40000gp/T//ccPUq4r2.s 			page 22


 284      F19173B9 
 284      2A11F807 
 284      97
 285 0171 ACB134D9 		.ascii	"\254\2614\331&\316\0252\232\235{9\351\226\321*\266\357"
 285      26CE1532 
 285      9A9D7B39 
 285      E996D12A 
 285      B6EF
 286 0183 C0AF2BDF 		.ascii	"\300\257+\3372\333\320\012\223\273\343\234\343\256\204"
 286      32DBD00A 
 286      93BBE39C 
 286      E3AE84
 287 0192 A2F79796 		.ascii	"\242\367\227\226\233\247\263<\273\311\000\375h\303\017"
 287      9BA7B33C 
 287      BBC900FD 
 287      68C30F
 288 01a1 7B741880 		.ascii	"{t\030\200\207\275\206_\354\223\375\250j\372\351\343"
 288      87BD865F 
 288      EC93FDA8 
 288      6AFAE9E3 
 289 01b1 4EADE83A 		.ascii	"N\255\350:QG\003\035s%n\031Hr\306\203(Z\357\346\332"
 289      5147031D 
 289      73256E19 
 289      4872C683 
 289      285AEFE6 
 290 01c6 E0E62381 		.ascii	"\340\346#\201\325\270\315\344i\004\205{I\317\357c\201"
 290      D5B8CDE4 
 290      6904857B 
 290      49CFEF63 
 290      81
 291 01d7 DF599E2E 		.ascii	"\337Y\236.\221m\362t\204mW$\322\361\205Fg\323\364n\021"
 291      916DF274 
 291      846D5724 
 291      D2F18546 
 291      67D3F46E 
 292 01ec 144695C9 		.ascii	"\024F\225\3115\014\301\023\247\261%>\216\234\017E\264"
 292      350CC113 
 292      A7B1253E 
 292      8E9C0F45 
 292      B4
 293 01fd BA3FF2E3 		.ascii	"\272?\362\343v9\244a\350\022\217a\004uD\313\355\010"
 293      7639A461 
 293      E8128F61 
 293      047544CB 
 293      ED08
 294 020f 295389C4 		.ascii	")S\211\304(\220\225s\363\341\375\311\003\254\3619S\371"
 294      28909573 
 294      F3E1FDC9 
 294      03ACF139 
 294      53F9
 295 0221 DC49B8FB 		.ascii	"\334I\270\373)p\301$y:F\377G\370`\215\020\017\241\257"
 295      2970C124 
 295      793A46FF 
 295      47F8608D 
 295      100FA1AF 
 296 0235 77726C4A 		.ascii	"wrlJ\342B\223\213$qB7\244\031\036Qc6\203F\243u\002\366"
 296      E242938B 
ARM GAS  /var/folders/nx/qt6_p4ls4xzbnqkz75ny5wl40000gp/T//ccPUq4r2.s 			page 23


 296      24714237 
 296      A4191E51 
 296      63368346 
 297 024d 49A8FEF2 		.ascii	"I\250\376\362T\240\207\323!\317H\260\214\230\264\305"
 297      54A087D3 
 297      21CF48B0 
 297      8C98B4C5 
 298 025d 189D8F66 		.ascii	"\030\235\217fF>&\317d\357\3413\332\216\330\365L\376"
 298      463E26CF 
 298      64EFE133 
 298      DA8ED8F5 
 298      4CFE
 299 026f 08903F00 		.ascii	"\010\220?\000\215mGq\261~\250\274\342x\305\321czu\255"
 299      8D6D4771 
 299      B17EA8BC 
 299      E278C5D1 
 299      637A75AD 
 300 0283 5E5E5AA9 		.ascii	"^^Z\251\327\236\364\352e\247O\025{\231JK\215\313[^Z"
 300      D79EF4EA 
 300      65A74F15 
 300      7B994A4B 
 300      8DCB5B5E 
 301 0298 555556E9 		.ascii	"UUV\351\240\215\267\306Q]y\302[\363\027\336\227V\211"
 301      A08DB7C6 
 301      515D79C2 
 301      5BF317DE 
 301      975689
 302              		.text
 303              		.section	.gnu.lto_.symbol_nodes.4affd3d57fe1f786,"",%progbits
 304 0000 789C55C9 		.ascii	"x\234U\311I\016\3020\020D\321ru\006\3079te\301\001B"
 304      490EC230 
 304      1044D172 
 304      7506C739 
 304      7465C101 
 305 0015 1825C4B0 		.ascii	"\030%\304\260\310y8C\220\270\004\033\204#\263\260{S"
 305      C8793843 
 305      90B8041B 
 305      8423B3B0 
 305      7B53
 306 0027 FAAF0DC0 		.ascii	"\372\257\015\300\007\377\343H\001\343\023\220p{xpK\271"
 306      07FFE348 
 306      01E31390 
 306      707B7870 
 306      4BB9
 307 0039 02268A05 		.ascii	"\002&\212\005\354(+`OU\005\034\250\272\200#\325\344"
 307      EC282B60 
 307      4F55051C 
 307      A8BA8023 
 307      D5E4
 308 004b E04E549B 		.ascii	"\340NT\233\000\303\020\373L\371\274/T\227\367\225\012"
 308      00C310FB 
 308      4CF9BC2F 
 308      5497F795 
 308      0A
 309 005c 79DFA93E 		.ascii	"y\337\251>kC\213y\371:\243\307\346\025\327:\274\327"
 309      6B438B79 
 309      F93AA3C7 
ARM GAS  /var/folders/nx/qt6_p4ls4xzbnqkz75ny5wl40000gp/T//ccPUq4r2.s 			page 24


 309      E615D73A 
 309      BCD7
 310 006e AE42DABA 		.ascii	"\256B\332\272O\333\004\314\361\217\037\370\232Fa"
 310      4FDB04CC 
 310      F18F1FF8 
 310      9A4661
 311              		.text
 312              		.section	.gnu.lto_.refs.4affd3d57fe1f786,"",%progbits
 313 0000 789C6366 		.ascii	"x\234cf```d\200\002\000\000=\000\005"
 313      60606064 
 313      80020000 
 313      3D0005
 314              		.text
 315              		.section	.gnu.lto_.decls.4affd3d57fe1f786,"",%progbits
 316 0000 789CAD57 		.ascii	"x\234\255W}PSW\026\317\315\015\220\204\020\024wt\207"
 316      7D505357 
 316      16CFCD0D 
 316      90841014 
 316      777487
 317 0013 D999A276 		.ascii	"\331\231\242v\230vW\211\332\351\330\316\356\264ZjWv"
 317      98765789 
 317      DAE9D8CE 
 317      EEB45A6A 
 317      5776
 318 0025 EA478BDD 		.ascii	"\352G\213\335\355Lw&\2131\255l\021\034\022\273\365\277"
 318      ED4C7726 
 318      8B31AD6C 
 318      111C12BB 
 318      F5BF
 319 0037 074104B5 		.ascii	"\007A\004\265\202\370\001\242@l@@@\276\374\000E\005"
 319      82F801A2 
 319      406C4040 
 319      40BEFC00 
 319      4505
 320 0049 15412848 		.ascii	"\025A(H\025\005T$\242P\251\240\250\250\210H\366\334"
 320      15055424 
 320      A250A9A0 
 320      A8A88848 
 320      F6DC
 321 005b 7BDF4B5E 		.ascii	"{\337K^B\342\316\356\354\233\271\311=\367\235\363;\347"
 321      42E2CEEE 
 321      EC9BB9C9 
 321      3DF79DF3 
 321      3BE7
 322 006d FCCEFD7A 		.ascii	"\374\316\375zX\"\221\374\006K$6x\246L\227HZ\241/\207"
 322      582291FC 
 322      064B2436 
 322      78A64C97 
 322      485AA12F 
 323 0082 B19512C7 		.ascii	"\261\225\022\307\243\202V\014\355\011\264Qhc\320\306"
 323      A382560C 
 323      ED09B451 
 323      6863D0C6 
 324 0092 A14D40F3 		.ascii	"\241M@\363F\240\017M\011M\005M\015m\012\222Lz\210=\346"
 324      46A00F4D 
 324      094D054D 
 324      0D6D0A92 
ARM GAS  /var/folders/nx/qt6_p4ls4xzbnqkz75ny5wl40000gp/T//ccPUq4r2.s 			page 25


 324      4C7A883D 
 325 00a7 71A7C2FB 		.ascii	"q\247\302\373B~\\\312\277\223\273\261!\376|x\0335\037"
 325      427E5CCA 
 325      BF93BBB1 
 325      21FE7C78 
 325      1B351F
 326 00ba C720B43E 		.ascii	"\307 \264>h5\320\006x\373\273\320:\241!\336\306\365"
 326      6835D006 
 326      78FBBBD0 
 326      3AA121DE 
 326      C6F5
 327 00cc 19E56D5D 		.ascii	"\031\345m]q\210}#\264@0|\0031\334 \370\177\304\343K"
 327      71887D23 
 327      B440307C 
 327      0331DC20 
 327      F87FC4E3 
 328 00e1 795C82AF 		.ascii	"y\\\202\257\340qf\301\3737\241\005C\233\303\347\035"
 328      E07166C1 
 328      FB37A105 
 328      439BC3E7 
 328      1D
 329 00f2 026D1EB4 		.ascii	"\002m\036\264\005\210\305\360G\227\\\010_\276n\374\213"
 329      0588C5F0 
 329      47975C08 
 329      5FBE6EFC 
 329      8B
 330 0103 7D0B7E85 		.ascii	"}\013~\205\334\220\310\357\230\033\277*7~\027\271\370"
 330      DC90C8EF 
 330      981BBF2A 
 330      377E17B9 
 330      F8
 331 0114 253552BA 		.ascii	"%5R\272\361\333\342\342\373W\350\377\302\333(x;W\177"
 331      F1DBE2E2 
 331      FB57E8FF 
 331      C2DB2878 
 331      3B577F
 332 0127 6A37FE96 		.ascii	"j7\376\226\272\370\233\370\037\375M\270\3617\305\215"
 332      BAF89BF8 
 332      1FFD4DB8 
 332      F137C58D 
 333 0137 BF152EFE 		.ascii	"\277\025.\376\310\334S{\360G\014V\"Vc\302\351mh\237"
 333      C8DC537B 
 333      F0470C56 
 333      225663C2 
 333      E96D689F 
 334 014b 816C9338 		.ascii	"\201l\2238\374\013\365\355\340\373\336|\236\304\315"
 334      FC0BF5ED 
 334      E0FBDE7C 
 334      9EC4CD
 335 015a 972EBE1E 		.ascii	"\227.\276\036IQ\365\341\221\026\337{R\244V\006\021\361"
 335      4951F5E1 
 335      9116DF7B 
 335      52A45606 
 335      11F1
 336 016c 445A6386 		.ascii	"DZc\2067\210*\245\214\210'_\366\266\313f\354\346\340"
 336      37882AA5 
 336      8C88275F 
ARM GAS  /var/folders/nx/qt6_p4ls4xzbnqkz75ny5wl40000gp/T//ccPUq4r2.s 			page 26


 336      F6B6CB66 
 336      ECE6E0
 337 017f 49357153 		.ascii	"I5qSdh\345t\224\217\002Q\001\012\004\304B4\003~\277"
 337      6468E574 
 337      948F0251 
 337      010A04C4 
 337      4234037E 
 338 0194 9231A48C 		.ascii	"\2221\244\214\304\375W\245X\212H\337\222q\273]9\347"
 338      C4FD57A5 
 338      588A48DF 
 338      9271BB5D 
 338      39E7
 339 01a6 10982571 		.ascii	"\020\230%q\265m\310\341\256\376J\335\003\257\240l\316"
 339      B56DC8E1 
 339      AEFE4ADD 
 339      03AFA06C 
 339      CE
 340 01b7 5C365C38 		.ascii	"\\6\\8\334\245\342\032\271Z\233\355C\012\205\016!\214"
 340      DCA5E21A 
 340      B95A9BED 
 340      430A850E 
 340      218C
 341 01c9 8AD01C9A 		.ascii	"\212\320\034\232'\364\251\011*FA`Va\311;\246\240Q.\""
 341      27F4A909 
 341      2A464160 
 341      5661C93B 
 341      A6A0512E 
 342 01de 28B9BBF7 		.ascii	"(\271\273\367\024{\321(\345DlK\337\373@\216C\250\347"
 342      147BD128 
 342      E5446C4B 
 342      DFFB408E 
 342      43A8E7
 343 01f1 91C4824E 		.ascii	"\221\304\202N_\374\036\355w<m\357\361\307\241\264\177"
 343      5FFC1EED 
 343      773C6DEF 
 343      F1C7A1B4 
 343      7F
 344 0202 78DB408B 		.ascii	"x\333@\213\014/\247\375\256\276[\305j\3747\332\317\354"
 344      0C2FA7FD 
 344      AEBE5BC5 
 344      6AFC37DA 
 344      CFEC
 345 0214 E81BC100 		.ascii	"\350\033\301\000\365\027\245\224\210\307\033\343se2"
 345      F517A594 
 345      88C71BE3 
 345      736532
 346 0223 A9045542 		.ascii	"\251\004UB0GH\2260Xk\276\\\347O\006+`\360\315@t\024"
 346      30474896 
 346      30586BBE 
 346      5CE74F06 
 346      2B60F0CD 
 347 023a 51721ACA 		.ascii	"Qr\032\312w\334\366#\303\3450<;\020\035c\303q\007On"
 347      77DCF623 
 347      C3E5303C 
 347      3B101D63 
 347      C371074F 
 348 024f F301C4E9 		.ascii	"\363\001\304\351Jj\274\2759\263\016S\321F\034J\267\014"
ARM GAS  /var/folders/nx/qt6_p4ls4xzbnqkz75ny5wl40000gp/T//ccPUq4r2.s 			page 27


 348      4A6ABCBD 
 348      39B30E53 
 348      D1461C4A 
 348      B70C
 349 0261 BEB82047 		.ascii	"\276\270 G\362\340D\216\213\347\206\343\343p\206Z\202"
 349      F2E0448E 
 349      8BE786E3 
 349      E370865A 
 349      82
 350 0272 E604A2B7 		.ascii	"\346\004\242\267\011\243'\220\234P\200N\242`t\034\311"
 350      09A32790 
 350      9C50804E 
 350      A260741C 
 350      C9
 351 0283 5015705D 		.ascii	"P\025p]\015Q\344\002\223\303Mwr\3749NF\224$\002Q\002"
 351      0D51E402 
 351      93C34D77 
 351      72FC394E 
 351      46942402 
 352 0299 B1D2D19E 		.ascii	"\261\322\321\236\2546\231{Xt\012\320^\207l\335\252\223"
 352      AC36997B 
 352      58740AD0 
 352      5E876CDD 
 352      AA93
 353 02ab A31A5028 		.ascii	"\243\032P(\263W\200:\021\212\226\220\373\354\225\014"
 353      B357803A 
 353      118A9690 
 353      FBEC950C 
 354 02bb 9B1025EC 		.ascii	"\233\020%\354J\345\203x/Z\012n*%\347\341X\263\222\326"
 354      4AE58378 
 354      2F5A0A6E 
 354      2A25E7E1 
 354      58B392D6 
 355 02cf 229532D8 		.ascii	"\"\2252\330\263\255b\263\032'3\3453\247G/(q&\023\266"
 355      B3AD62B3 
 355      1A2733E5 
 355      33A7472F 
 355      28712613 
 356 02e4 25592F2A 		.ascii	"%Y/*\261\205\011\002K3\031K=\373^\344*\250H\366l\177"
 356      B1850902 
 356      4B33194B 
 356      3DFB5EE4 
 356      2AA848F6 
 357 02fa 9251633F 		.ascii	"\222Qc?gQ\243`%\315\375V^\357R\023\267\0105 %:\347\210"
 357      6751A360 
 357      25CDFD56 
 357      5EEF5213 
 357      B7083520 
 358 0312 92589327 		.ascii	"\222X\223'\211d\0153T\321\010Y\013\023\024]\200\\g*"
 358      89640D33 
 358      54D10859 
 358      0B13145D 
 358      805C672A 
 359 0326 A92E3A0F 		.ascii	"\251.:\017\203\3650\010\300\365\343\247\023\274\220"
 359      83F53008 
 359      C0F5E3A7 
 359      13BC90
ARM GAS  /var/folders/nx/qt6_p4ls4xzbnqkz75ny5wl40000gp/T//ccPUq4r2.s 			page 28


 360 0335 32D8BDD1 		.ascii	"2\330\275\321E7F4\204}\311i\323\011\375\215\020\302"
 360      45374634 
 360      847DC969 
 360      D309FD8D 
 360      10C2
 361 0347 59470810 		.ascii	"YG\010\020\221\235\250_^\014\344\373\341n\266\006Z;"
 361      919DA85F 
 361      5E0CE4FB 
 361      E16EB606 
 361      5A3B
 362 0359 1F1EF2C1 		.ascii	"\037\036\362\301\275T\220v\330\306ox\011\311\364\024"
 362      BD549076 
 362      D8C66F78 
 362      09C9F414 
 363 0369 F5AF8C87 		.ascii	"\365\257\214\207dZ\000\251\331\201\324\210^\233\315"
 363      645A00A9 
 363      D981D488 
 363      5E9BCD
 364 0378 4F6EB341 		.ascii	"On\263A\207\233\233.\223Y(\241p_\321)\230\275\345\374"
 364      879B9B2E 
 364      935928A1 
 364      705FD129 
 364      98BDE5FC 
 365 038c A00C5B30 		.ascii	"\240\014[0\215\243\357\350\311B\025.g\302\345'\273\012"
 365      8DA3EFE8 
 365      C942152E 
 365      67C2E527 
 365      BB0A
 366 039e 7C69B566 		.ascii	"|i\265f\022\361\366\261\322Joe\022\277\276\301\037\274"
 366      12F1F6B1 
 366      D24A6F65 
 366      12BFBEC1 
 366      1FBC
 367 03b0 102DF0CB 		.ascii	"\020-\360\313$\"\364V \372\231\371\312\252\2548\253"
 367      2422F456 
 367      20FA99F9 
 367      CAAAAC38 
 367      AB
 368 03c1 C2471854 		.ascii	"\302G\030Tn\\w\236\032\237bBbqw\203\0147P!\260\177\363"
 368      6E5C779E 
 368      1A9F6242 
 368      62717783 
 368      0C375021 
 369 03d8 CB4A3F14 		.ascii	"\313J?\024<k\326\264\200Y\323\246\005O\203\006\375\340"
 369      3C6BD6B4 
 369      8059D3A6 
 369      054F8306 
 369      FDE0
 370 03ea 1932153C 		.ascii	"\0312\025<\301\301\301t\316\025\232\224\034B\367\221"
 370      C1C1C174 
 370      CE159A94 
 370      1C42F791 
 371 03fa 0A5D7250 		.ascii	"\012]rP\360+R1\012\314D\345\246e9\3278\017]G\001\350"
 371      F02B5231 
 371      0ACC44E5 
 371      A66539D7 
 371      380F5D47 
ARM GAS  /var/folders/nx/qt6_p4ls4xzbnqkz75ny5wl40000gp/T//ccPUq4r2.s 			page 29


 372 0410 0AE858D1 		.ascii	"\012\350X\3214t\006b\253%l\274E\342\373} S\215\267\276"
 372      34740662 
 372      AB256CBC 
 372      45E2FB7D 
 372      20538DB7 
 373 0425 3C774945 		.ascii	"<wIEt\007\000\357*\350v\201\256\2359\252\233O2\222\354"
 373      740700EF 
 373      2AE87681 
 373      AE9D39AA 
 373      9B4F3292 
 374 043a A0A99AB9 		.ascii	"\240\251\232\271EF\011*\201\367\207\311\373R\336\200"
 374      4546092A 
 374      81F787C9 
 374      FB52DE80 
 375 044a AC8F87C0 		.ascii	"\254\217\207\300\362]4\013u\242Y4\220Tj\300qAFtS\344"
 375      F25D340B 
 375      75A25934 
 375      90546AC0 
 375      71414674 
 376 0460 5F42A212 		.ascii	"_B\242\022\030b!\\\264\264\322\020HJm\200\330\375\337"
 376      1862215C 
 376      B4B4D210 
 376      484A6D80 
 376      D8FDDF
 377 0473 84700BDC 		.ascii	"\204p\013\334v\363!\014A\377\016\204p\203\017\301\235"
 377      76F3210C 
 377      41FF0E84 
 377      70830FC1 
 377      9D
 378 0484 81C4A336 		.ascii	"\201\304\2436%\267\011\0264\011\267\316A-\350KDp\034"
 378      25B70916 
 378      3409B7CE 
 378      412DE84B 
 378      44701C
 379 0497 85B3D3D9 		.ascii	"\205\263\323\331\013(V\036\361\001\364;\234|;+K^\247"
 379      0B28561E 
 379      F101F43B 
 379      9C7C3B2B 
 379      4B5EA7
 380 04aa 69F6042B 		.ascii	"i\366\004+\261k\222\010\315\2670B=\360\246\335\021\241"
 380      B16B9208 
 380      CDB73042 
 380      3DF0A6DD 
 380      11A1
 381 04bc 558890D2 		.ascii	"U\210\220\322y\202\247\223,\267&\267t:\252\377\320r"
 381      7982A793 
 381      2CB726B7 
 381      743AAAFF 
 381      D072
 382 04ce C997CB98 		.ascii	"\311\227\313\230G\367\260\323|1\371\275\317\241)N\305"
 382      47F7B0D3 
 382      7C31F9BD 
 382      CFA1294E 
 382      C5
 383 04df CE7B3F04 		.ascii	"\316{?\004\350\251\364l\3235\365\257$\033O\037(\225"
 383      E8A9F46C 
 383      D335F5AF 
ARM GAS  /var/folders/nx/qt6_p4ls4xzbnqkz75ny5wl40000gp/T//ccPUq4r2.s 			page 30


 383      241B4F1F 
 383      2895
 384 04f1 3A62ED12 		.ascii	":b\355\022b\365t6\376B\317\306{H\306\216a4\010\263\242"
 384      62F57436 
 384      FE42CFC6 
 384      7B48C68E 
 384      613408B3 
 385 0506 15A42D8E 		.ascii	"\025\244-\216\265\215n\213R\222\220\251K\000\305\012"
 385      B58D6E8B 
 385      529290A9 
 385      4B00C50A 
 386 0516 00225280 		.ascii	"\000\"R\200\305\301\273\367\244\203\256A\012\356\325"
 386      C5C1BBF7 
 386      A483AE41 
 386      0AEED5
 387 0525 FA9C7C0D 		.ascii	"\372\234|\0152_l7j\276\2774\0162$\023\304\371X\241\205"
 387      325F6C37 
 387      6ABEBF34 
 387      0E322413 
 387      C4F958A1 
 388 053a EA844259 		.ascii	"\352\204BY\335\276\262\3367y\303\022\356\232\364\022"
 388      DDBEB2DE 
 388      3779C312 
 388      EE9AF412 
 389 054a F683FDE5 		.ascii	"\366\203\375\345\243?\312dB\342lW\272\226t\353\276\332"
 389      A33FCA64 
 389      42E26C57 
 389      BA9674EB 
 389      BEDA
 390 055c E365E211 		.ascii	"\343e\342\021%l\030\361\267\211\232\315W\012\275q+\333"
 390      256C18F1 
 390      B7899ACD 
 390      570ABD71 
 390      2BDB
 391 056e 5D865BB6 		.ascii	"]\206[\2665\010\267\206\214D\274\2273\307s\02368O\211"
 391      3508B786 
 391      8C44BC97 
 391      33C77313 
 391      36384F89 
 392 0582 157A2CBA 		.ascii	"\025z,\2727<\026\356\015O\350\275\241\364\347\323eR"
 392      373C16EE 
 392      0D4FE8BD 
 392      A1F4E7D3 
 392      6552
 393 0594 1AC6803D 		.ascii	"\032\306\200=\214\252\242\374\021\245=\264\021vh\337"
 393      8CAAA2FC 
 393      11A53DB4 
 393      117668DF 
 394 05a4 4B7BFE14 		.ascii	"K{\376\024y\214\355\031\215\355\251\020[\335\321\206"
 394      798CED19 
 394      8DEDA910 
 394      5BDDD186 
 395 05b4 737EF826 		.ascii	"s~\370&\213m\177\366\256m,6s\261\305\233\335g\210\001"
 395      8B6D7FF6 
 395      AE6D2C36 
 395      73B1C59B 
 395      DD678801 
ARM GAS  /var/folders/nx/qt6_p4ls4xzbnqkz75ny5wl40000gp/T//ccPUq4r2.s 			page 31


 396 05c8 7A2E0AEB 		.ascii	"z.\012\353\271\020\326(\015k\347\363[I\336\270\217\001"
 396      B910D628 
 396      0D6BE7F3 
 396      5B49DEB8 
 396      8F01
 397 05da 74ED6CE8 		.ascii	"t\355l\350P3\200N;\000\311\353\205\010\340\205\0000"
 397      5033804E 
 397      3B00C9EB 
 397      8508E085 
 397      0030
 398 05ec 4601864A 		.ascii	"F\001\206J\2575\371\342!\006\220oN\350\360e\000\257"
 398      AF35F9E2 
 398      2106906F 
 398      4EE8F065 
 398      00AF
 399 05fe EC00645A 		.ascii	"\354\000dZ\274\024\001\274\024\000\306)\300^\233i!\236"
 399      BC1401BC 
 399      1400C629 
 399      C05E9B69 
 399      219E
 400 0610 60F6A34F 		.ascii	"`\366\243O\266O\360\031\024\345\211\355_\211\354_\011"
 400      B64FF019 
 400      14E589ED 
 400      5F89EC5F 
 400      09
 401 0621 F613D4BE 		.ascii	"\366\023\324\276z\224;\343=\215\337\231\314\236\266"
 401      7A943BE3 
 401      3D8DDF99 
 401      CC9EB6
 402 0630 3289D3CE 		.ascii	"2\211\323\316D\256W\026\323Q\177\225x^\332\234\346%"
 402      44AE5716 
 402      D3517F95 
 402      785EDA9C 
 402      E625
 403 0642 2755F19A 		.ascii	"'U\361\232\346\321\372\263\210V\011\306\204c\355i\355"
 403      E6D1FAB3 
 403      885609C6 
 403      8463ED69 
 403      ED
 404 0653 6595FDA8 		.ascii	"e\225\375\250\213\223\322\301\212-\326\253~\366r\306"
 404      8B93D2C1 
 404      8A2DD6AB 
 404      7EF672C6 
 405 0663 B3C182AB 		.ascii	"\263\301\202\253;~Rz,g\202\224\224\323$\345\313\231"
 405      3B7E527A 
 405      2C678294 
 405      94D324E5 
 405      CB99
 406 0675 17DF50AA 		.ascii	"\027\337P\252\304\2512JF\343x\275M\301\310\030\260\223"
 406      C4A9324A 
 406      46E378BD 
 406      4DC1C818 
 406      B093
 407 0687 01066893 		.ascii	"\001\006h\223\324A\006\364\031\031\211RB\306`\326\263"
 407      D44106F4 
 407      19198952 
 407      42C660D6 
ARM GAS  /var/folders/nx/qt6_p4ls4xzbnqkz75ny5wl40000gp/T//ccPUq4r2.s 			page 32


 407      B3
 408 0698 5A842D0C 		.ascii	"Z\204-\014\240\377\351\271\363J\000\260\222\225\225"
 408      A0FFE9B9 
 408      F34A00B0 
 408      929595
 409 06a7 BF788729 		.ascii	"\277x\207)5\227\263\332lo\260;\356f\021\312f\001%\211"
 409      3597B3DA 
 409      6C6FB03B 
 409      EE6611CA 
 409      66012589 
 410 06bb A2ECDA94 		.ascii	"\242\354\332\224\363\203\002\2271\224;i{\016b\212b\316"
 410      F3830297 
 410      31943B69 
 410      7B0E628A 
 410      62CE
 411 06cd C94B0C12 		.ascii	"\311K\014\022\315\212d\021B\262\200\260\205\"\364\334"
 411      CD8A6411 
 411      42B280B0 
 411      8522F4DC 
 412 06dd B86E55E2 		.ascii	"\270nU\342\323\014\341\376\253\356r9C(pF\330*B\330*"
 412      D30CE1FE 
 412      ABEE7239 
 412      43287046 
 412      D82A42D8 
 413 06f2 206CA308 		.ascii	" l\243\010\211u\266>\204\233\031\302\023\356T\215\202"
 413      8975B63E 
 413      849B19C2 
 413      13EE548D 
 413      82
 414 0703 21143A10 		.ascii	"!\024:\020\310\304\370A\204\360\203\200\260\235\"\364"
 414      C8C4F841 
 414      84F08380 
 414      B09D22F4 
 415 0713 2776C663 		.ascii	"'v\306c\334\313\020*\256w\215\312\030\302!g\204\024"
 415      DCCB102A 
 415      AE778DCA 
 415      18C22167 
 415      8414
 416 0725 11428A80 		.ascii	"\021B\212\200\220J\021ne\324n\2219\315\221B\247mp\007"
 416      904A116E 
 416      65D46E91 
 416      39CD9142 
 416      A76D7007 
 417 0739 9B23E49F 		.ascii	"\233#\344\237\324\253(\353\037x\214\272\223\335\331"
 417      D4AB28EB 
 417      1F788CBA 
 417      93DDD9
 418 0748 5F76CC1F 		.ascii	"_v\314\037\005\007\006\322kV\022\354i{\244J\224\306"
 418      050706D2 
 418      6B5612EC 
 418      697BA44A 
 418      94C6
 419 075a C3B32703 		.ascii	"\303\263'\003\306G?$/\240+\247\377\364\2725\234\306"
 419      C6473F24 
 419      2FA02BA7 
 419      FFF4BA35 
 419      9CC6
ARM GAS  /var/folders/nx/qt6_p4ls4xzbnqkz75ny5wl40000gp/T//ccPUq4r2.s 			page 33


 420 076c E1DFDA6F 		.ascii	"\341\337\332o\314;\245\301\364\225\004\355\226\006\242"
 420      CC3BA5C1 
 420      F49504ED 
 420      9606A2
 421 077b 5D527AFB 		.ascii	"]Rz\373i\356\035}\242\2427\337)\342/\007\025\373r\330"
 421      69EE1D7D 
 421      A2A237DF 
 421      29E22F07 
 421      15FB72D8 
 422 078f B2B5DCE6 		.ascii	"\262\265\334\346\343\371*\265W\312_\245\336\246X\331"
 422      E3F92AB5 
 422      57CA5FA5 
 422      DEA658D9 
 423 079f F7F6642A 		.ascii	"\367\366d*\002R\371\223=\010\321H\323\301W\206\224h"
 423      0252F993 
 423      3D08D148 
 423      D3C15786 
 423      9468
 424 07b1 674A0304 		.ascii	"gJ\003\004\033*\220\013sm\311\025\037\352\375=\002\360"
 424      1B2A900B 
 424      736DC915 
 424      1FEAFD3D 
 424      02F0
 425 07c3 DC62BD8F 		.ascii	"\334b\275\217\250w\037\"\246m\252\252R"
 425      A8771F22 
 425      A66DAAAA 
 425      52
 426 07d0 53D19BDE 		.ascii	"S\321\233\336\315r\207\367\370y\016&[\010&\213e6d\272"
 426      CD7287F7 
 426      F8790E26 
 426      5B08268B 
 426      653664BA 
 427 07e4 5FE21D60 		.ascii	"_\342\035`\277\352\260h\366A4\373i494\232l\026M\016"
 427      BFEAB068 
 427      F64134FB 
 427      69343934 
 427      9A6C164D 
 428 07f9 8D66EC6A 		.ascii	"\215f\354jf\257\267S\221\0369\025\311\314\027\311L\213"
 428      66AFB753 
 428      911E3915 
 428      C9CC17C9 
 428      4C8B
 429 080b 74B5645F 		.ascii	"t\265d_\216\032\333\330\244h5\215\335\365\203IQ[6\274"
 429      8E1ADBD8 
 429      A468358D 
 429      DDF58349 
 429      515B36BC 
 430 081f EFE8E007 		.ascii	"\357\350\340\007\305\025\\m\0027\016\273y\\\002\242"
 430      C5155C6D 
 430      02370EBB 
 430      795C02A2 
 431 082f A53E209A 		.ascii	"\245> \232\033\007\204\271\361#\235\033u\231\371\351"
 431      1B0784B9 
 431      F1239D1B 
 431      7599F9E9 
 432 083f 0A5CE245 		.ascii	"\012\\\342E\201\012n\332\2721\005*{x\364\336\\\373\251"
 432      810A6EDA 
ARM GAS  /var/folders/nx/qt6_p4ls4xzbnqkz75ny5wl40000gp/T//ccPUq4r2.s 			page 34


 432      BA31052A 
 432      7B78F4DE 
 432      5CFBA9
 433 0852 F01145B1 		.ascii	"\360\021E\261\210P,\002J.E\271\333\376\210S\342.\206"
 433      88502C02 
 433      4A2E45B9 
 433      DBFE8853 
 433      E22E86
 434 0865 7270A8E6 		.ascii	"rp\250\346\236\202\2414\037\267\376\311\005%O\204\222"
 434      9E82A134 
 434      1FB7FEC9 
 434      05254F84 
 434      92
 435 0876 27A01CA4 		.ascii	"'\240\034\244(I%e5\012\272\3614\332/\3367*'\036\370"
 435      28492565 
 435      350ABAF1 
 435      34DA2FDE 
 435      372A271E 
 436 088b 7BDC770A 		.ascii	"{\334w\012\350\276\223/\354;\023\326\024N\201S\274i"
 436      E8BE932F 
 436      EC3B13D6 
 436      144E8153 
 436      BC69
 437 089d 180706BA 		.ascii	"\030\007\006\272R\2248\213\011C\015\023\225^\344\313"
 437      5294388B 
 437      09430D13 
 437      955EE4CB 
 438 08ad F2107509 		.ascii	"\362\020u\011#\246\235\265#\210\221v\243\272\340\223"
 438      23A69DB5 
 438      23889176 
 438      A3BAE093 
 439 08bd 1DA589EC 		.ascii	"\035\245\211\354\323\031\345\324\302\306\005\300\250"
 439      D319E5D4 
 439      C2C605C0 
 439      A8
 440 08ca 50881415 		.ascii	"P\210\024\025\201\003\"\262`\213i\260\307R\352\253\225"
 440      810322B2 
 440      608B69B0 
 440      C752EAAB 
 440      95
 441 08db F83A838F 		.ascii	"\370:\203\217\333Z\225\343%T\240\352\303\311\025(\021"
 441      DB5A95E3 
 441      2554A0EA 
 441      C3C91528 
 441      11
 442 08ec 655D2200 		.ascii	"e]\"\000\035f@\327w\354U\341{\014h\342\330\2361\251"
 442      1D6640D7 
 442      77EC55E1 
 442      7B0C68E2 
 442      D89E31A9 
 443 0900 5081AA10 		.ascii	"P\201\252\020\027\356JE(\245\002J\031E\311n\353\036"
 443      17EE4A45 
 443      28A5024A 
 443      1945C96E 
 443      EB1E
 444 0912 90E1111E 		.ascii	"\220\341\021\036\305\324\326\343%T\300\374\201\013J"
 444      C5D4D6E3 
ARM GAS  /var/folders/nx/qt6_p4ls4xzbnqkz75ny5wl40000gp/T//ccPUq4r2.s 			page 35


 444      2554C0FC 
 444      810B4A
 445 0921 B908A55C 		.ascii	"\271\010\245\\@\251\240(\275;\037%{)\371\345\233\364"
 445      40A9A028 
 445      BD3B1F25 
 445      7B29F9E5 
 445      9BF4
 446 0933 9F966F75 		.ascii	"\237\226ouy\352\0135]@K\211\330\331\230\376.]0\012\""
 446      79EA0B35 
 446      5D404B89 
 446      D8D998FE 
 446      2E5D300A 
 447 0948 8D9B869E 		.ascii	"\215\233\206\236a\317\013\346\230\260`\016\263\017\241"
 447      61CF0BE6 
 447      98B0600E 
 447      B30FA1
 448 0957 DDEDD6AD 		.ascii	"\335\355\326\255\223\026\314\021\360u\224.\230\343t"
 448      9316CC11 
 448      F075942E 
 448      98E374
 449 0966 C15023FA 		.ascii	"\301P#\372\321U7\316\311\305\332\225\257\323\356K\333"
 449      D15537CE 
 449      C9C5DA95 
 449      AFD3EE4B 
 449      DB
 450 0977 3D8C31E7 		.ascii	"=\2141\347\303\276\253\314\273\016(p2\023*/v\245\373"
 450      C3BEABCC 
 450      BB0E2870 
 450      32132A2F 
 450      76A5FB
 451 098a CE3EC0B5 		.ascii	"\316>\300\265\231\207\013o^@q\251V\300#;*\252\222\006"
 451      99870B6F 
 451      5E4071A9 
 451      56C0233B 
 451      2AAA9206 
 452 099e A06A200A 		.ascii	"\240j \012\256\027\"\340\023\204.t\020\301D:)\235\015"
 452      AE1722E0 
 452      13842E74 
 452      10C1443A 
 452      299D0D
 453 09b1 00D68954 		.ascii	"\000\326\211T\316\337s\2265B\226\373\031c\273v\247\015"
 453      CEDF7396 
 453      354296FB 
 453      1963BB76 
 453      A70D
 454 09c3 61D74DCA 		.ascii	"a\327M\312\361\005r\212\306]#\304\3350\374*N%\326\256"
 454      F105728A 
 454      C65D23C4 
 454      DD30FC2A 
 454      4E25D6AE 
 455 09d7 7C9D76F6 		.ascii	"|\235v\366\311\326\3752\234\316\022K\336u0\305\207&"
 455      C9D6FD32 
 455      9CCE124B 
 455      DE7530C5 
 455      8726
 456 09e9 66BE6EE1 		.ascii	"f\276n\341d\031\\\00291\321i>+\270\363\210\200\3168"
 456      64195C02 
ARM GAS  /var/folders/nx/qt6_p4ls4xzbnqkz75ny5wl40000gp/T//ccPUq4r2.s 			page 36


 456      3931D169 
 456      3E2BB8F3 
 456      8880CE38 
 457 09fd B2AAA559 		.ascii	"\262\252\245Y\0359S\371\230\355\313I\354>\323\373\270"
 457      1D3953F9 
 457      98EDCB49 
 457      EC3ED3FB 
 457      B8
 458 0a0e 856DCC53 		.ascii	"\205m\314S\305\333\266\212m\333\355\275\333\017\250"
 458      C5DBB68A 
 458      6DDBEDBD 
 458      DB0FA8
 459 0a1d 3D73705E 		.ascii	"=sp^\340\340\034\343 \236k\031\227\271V\272\016(>K)"
 459      E0E01CE3 
 459      209E6B19 
 459      97B956BA 
 459      0E283E4B 
 460 0a32 AEA7599D 		.ascii	"\256\247Y\235\027\262:\225\331y\323\327\265\322\036"
 460      17B23A95 
 460      D979D3D7 
 460      B5D21E
 461 0a41 B59B136A 		.ascii	"\265\233\023j\222\375p\036\343 n\"\375\272?\343\300"
 461      92FD701E 
 461      E3206E22 
 461      FDBA3FE3 
 461      C0
 462 0a52 26E2E002 		.ascii	"&\342\340\002\317\001\\\333D@\015\016\016\032)\007\025"
 462      CF015CDB 
 462      44400D0E 
 462      0E1A2907 
 462      15
 463 0a63 F5D90F31 		.ascii	"\365\331\0171\345 \225\242%\015\355Ma\337\371\001DL"
 463      E52095A2 
 463      250DED4D 
 463      61DFF901 
 463      444C
 464 0a75 E91DB8EB 		.ascii	"\351\035\270\353\3539\351f!\351\263,\351S\307\253\357"
 464      EB39E966 
 464      21E9B32C 
 464      E953C7AB 
 464      EF
 465 0a86 AA5C93BE 		.ascii	"\252\\\223\276\010\336\233\250\367\237h\032\315\366"
 465      08DE9BA8 
 465      F79F681A 
 465      CDF6
 466 0a94 E93D3294 		.ascii	"\351=2\224>)i\217\332E\207\257\024\251q%K\372b\326\316"
 466      3E29698F 
 466      DA4587AF 
 466      14A97125 
 466      4BFA62D6 
 467 0aa9 D30A9674 		.ascii	"\323\012\226tI\236#\351\026>i\270k\212\200Z\035I_\242"
 467      499E23E9 
 467      163E69B8 
 467      6B8A805A 
 467      1D495FA2 
 468 0abd 496FBF90 		.ascii	"Io\277\220\177\003;\035B7\235n\223m\374!\324F\017\241"
 468      7F033B1D 
ARM GAS  /var/folders/nx/qt6_p4ls4xzbnqkz75ny5wl40000gp/T//ccPUq4r2.s 			page 37


 468      42379D6E 
 468      936DFC21 
 468      D4460FA1 
 469 0ad1 C103271E 		.ascii	"\301\003'\036\372\007\210\276\347m\036\277\347\321\317"
 469      FA0788BE 
 469      E76D1EBF 
 469      E7D1CF
 470 0ae0 F4903B69 		.ascii	"\364\220;i}\\\306\216\334\014\032\355\336\346\364\026"
 470      7D5CC68E 
 470      DC0C1AED 
 470      DEE6F416 
 471 0af0 76C84EA3 		.ascii	"v\310N\243\023>\253?\3323\247\355\002\247M\214\323M"
 471      133EAB3F 
 471      DA33A7ED 
 471      02A74D8C 
 471      D34D
 472 0b02 A54D3D52 		.ascii	"\245M=RWN/CrWhrW)K\355\366M\340\371\235W>\256\234z\324"
 472      574E2F43 
 472      72576872 
 472      57294BED 
 472      F64DE0F9 
 473 0b1d 3EF43479 		.ascii	">\3644yT\205\353\030\247\015\246\224\335*\306\351\003"
 473      5485EB18 
 473      A70DA694 
 473      DD2AC6E9 
 473      03
 474 0b2e 11A7D778 		.ascii	"\021\247\327xN\341\312*\002\352pp\332)\235-\361\321"
 474      4EE1CA2A 
 474      02EA7070 
 474      DA299D2D 
 474      F1D1
 475 0b40 7F6F0C8B 		.ascii	"\177o\014\213\2164z\377y\371\027A\241\222\337\205\204"
 475      8E347AFF 
 475      79F91741 
 475      A192DF85 
 475      84
 476 0b51 6842D746 		.ascii	"hB\327F\256\216\\\021\256\2111h\326FDi\014\261:\015"
 476      AE8E5C11 
 476      AE893168 
 476      D6464469 
 476      0CB13A0D 
 477 0b65 2885E824 		.ascii	"(\205\350$\212%_\256\37286\362;}\254\022\006\014\306"
 477      8A255FAE 
 477      FA3836F2 
 477      3B7DAC12 
 477      060CC6
 478 0b78 08A35E6B 		.ascii	"\010\243^kT\302\240\366\213\345a\313\303V\311I7|\325"
 478      54C2A0F6 
 478      8BE561CB 
 478      C356C949 
 478      377CD5
 479 0b8b 8A95746C 		.ascii	"\212\225tlq\350\252\260\277.\011\232\014\030\031\255"
 479      71E8AAB0 
 479      BF2E099A 
 479      0C1819AD 
 480 0b9b 8BDAB046 		.ascii	"\213\332\260FOA\327J\274(\316\024\260\010]\033\021\035"
 480      4F41D74A 
ARM GAS  /var/folders/nx/qt6_p4ls4xzbnqkz75ny5wl40000gp/T//ccPUq4r2.s 			page 38


 480      BC28CE14 
 480      B0085D1B 
 480      111D
 481 0bad AD8F0A8D 		.ascii	"\255\217\012\215\211\376:\362\033\371\206\310h\343;"
 481      89FE3AF2 
 481      1BF986C8 
 481      68E33B
 482 0bbc 0B005FAB 		.ascii	"\013\000_\253\025\272\177\327l0\304j\242bt\000\022\252"
 482      15BA7FD7 
 482      6C30C46A 
 482      A2627400 
 482      12AA
 483 0bce 8F8A8A88 		.ascii	"\217\212\212\210\325D\304\256\233\033\035\023\255\237"
 483      D544C4AE 
 483      9B1B1D13 
 483      AD9F
 484 0bdc AB8F581D 		.ascii	"\253\217X\0359\367\033\235N\263`\336\374w\347\275\277"
 484      39F71B9D 
 484      4EB360DE 
 484      FC77E7BD 
 484      BF
 485 0bed 60BEF32B 		.ascii	"`\276\363+\273\323u\021\272\265\221\321z\215v\215\376"
 485      BBD37511 
 485      BAB591D1 
 485      7A8D768D 
 485      FE
 486 0bfe EB880D51 		.ascii	"\353\210\015QF\255q\343z\275\001\342\370\354\377\000"
 486      46AD71E3 
 486      7ABD01E2 
 486      F8ECFF00 
 487 0c0e 6ED868D0 		.ascii	"n\330h\320h\015\3065\020/ \312\326\305\254\321\253\364"
 487      680DC635 
 487      102F20CA 
 487      D6C5ACD1 
 487      ABF4
 488 0c20 DFAFD7B1 		.ascii	"\337\257\327\261\304\264\306w&\223\261>&\326h\320\204"
 488      C4B4C677 
 488      2693B13E 
 488      26D668D0 
 488      84
 489 0c31 AF5AF6CE 		.ascii	"\257Z\366\316\002\315\247\237~\254\001\036\302\276\233"
 489      02CDA79F 
 489      7EAC011E 
 489      C2BE9B
 490 0c40 4FB8D146 		.ascii	"O\270\321FE\255\001\024?\350BLQ\253#t\337j\215R\335"
 490      45AD0114 
 490      3FE8424C 
 490      51AB2374 
 490      DF6A8D52 
 491 0c55 6A390F67 		.ascii	"j9\017g \345`dy\353\350\037Q]\261\372\237z\035\255\250"
 491      20E56064 
 491      79EBE81F 
 491      515DB1FA 
 491      9F7A1DAD 
 492 0c6a 1CA47063 		.ascii	"\034\244pcD\254\321\207vb\326O\201\177\236\343%\321"
 492      44ACD187 
 492      7662D64F 
ARM GAS  /var/folders/nx/qt6_p4ls4xzbnqkz75ny5wl40000gp/T//ccPUq4r2.s 			page 39


 492      817F9EE3 
 492      25D1
 493 0c7c 11ABA3F4 		.ascii	"\021\253\243\364S\035\003\037G\032\310H\000Q\325\013"
 493      531D031F 
 493      471AC848 
 493      0051D50B 
 494 0c8c 83CB20FE 		.ascii	"\203\313 \3760\025\037\2126\0220\375\004\301@\200U\016"
 494      30151F8A 
 494      361230FD 
 494      04C14080 
 494      550E
 495 0c9e 2966FD74 		.ascii	")f\375tA\020\262\325S\0373\\\207\3270O2\220c}c\014\021"
 495      4110B2D5 
 495      531F335C 
 495      87D7304F 
 495      3290637D 
 496 0cb5 51E11B0D 		.ascii	"Q\341\033\015\237\306\350\276\2359\231\033\362V\023"
 496      9FC6E8BE 
 496      9D39991B 
 496      F25613
 497 0cc4 6BA4FFC0 		.ascii	"k\244\377\300\204B\267\326\275.\250\010\025\320\255"
 497      8442B7D6 
 497      BD2EA808 
 497      15D0AD
 498 0cd3 851A105D 		.ascii	"\205\032\020]\302\253\026\252\371\355\037&\3512\312"
 498      C2AB16AA 
 498      F9ED1F26 
 498      E932CA
 499 0ce2 177FBE2C 		.ascii	"\027\177\276,t\331\367`\240\213\211\325k\277[\270\216"
 499      74D9F760 
 499      A08B89D5 
 499      6BBF5BB8 
 499      8E
 500 0cf3 70ADD51A 		.ascii	"p\255\325\032\364F\355G\213\303\227\254\374<\314/\""
 500      F446ED47 
 500      8BC397AC 
 500      FC3CCC2F 
 500      22
 501 0d04 EA5F111B 		.ascii	"\352_\021\033\015\220x\024\314\230\020g\034HK\023\272"
 501      0D907814 
 501      CC981067 
 501      1C484B13 
 501      BA
 502 0d15 2C3C2CDC 		.ascii	",<,\334\341\232\340\350\326}\262!ZG\240\370\324\276"
 502      E19AE0E8 
 502      D67DB221 
 502      5A47A0F8 
 502      D4BE
 503 0d27 882641F8 		.ascii	"\210&A\370\322\320\371>\015m\003\355\313\265\332\257"
 503      D2D0F93E 
 503      0D6D03ED 
 503      CBB5DAAF 
 504 0d37 415FABF5 		.ascii	"A_\253\365\023:!\013\347\275\377\236H\232?o\201\223"
 504      133A210B 
 504      E7BDFF9E 
 504      489A3F6F 
 504      8193
ARM GAS  /var/folders/nx/qt6_p4ls4xzbnqkz75ny5wl40000gp/T//ccPUq4r2.s 			page 40


 505 0d49 B4502CCD 		.ascii	"\264P,\315wz7\377\375\177\003\027\305\033\307"
 505      777A37FF 
 505      FD7F0317 
 505      C51BC7
 506              		.text
 507              		.section	.gnu.lto_.symtab.4affd3d57fe1f786,"",%progbits
 508 0000 65787449 		.ascii	"extInit\000\000\000\000\000\000\000\000\000\000\000"
 508      6E697400 
 508      00000000 
 508      00000000 
 508      0000
 509 0012 00AC0000 		.ascii	"\000\254\000\000\000extObjectInit\000\000\000\000\000"
 509      00657874 
 509      4F626A65 
 509      6374496E 
 509      69740000 
 510 0029 00000000 		.ascii	"\000\000\000\000\000\000\000\363\000\000\000extStar"
 510      000000F3 
 510      00000065 
 510      78745374 
 510      6172
 511 003b 74000000 		.ascii	"t\000\000\000\000\000\000\000\000\000\000\000\000\370"
 511      00000000 
 511      00000000 
 511      00F8
 512 0049 00000065 		.ascii	"\000\000\000extStop\000\000\000\000\000\000\000\000"
 512      78745374 
 512      6F700000 
 512      00000000 
 512      0000
 513 005b 00000000 		.ascii	"\000\000\000\000\372\000\000\000extChannelEnable\000"
 513      FA000000 
 513      65787443 
 513      68616E6E 
 513      656C456E 
 514 0074 00000000 		.ascii	"\000\000\000\000\000\000\000\000\000\000\000\374\000"
 514      00000000 
 514      000000FC 
 514      00
 515 0081 00006578 		.ascii	"\000\000extChannelDisable\000\000\000\000\000\000\000"
 515      74436861 
 515      6E6E656C 
 515      44697361 
 515      626C6500 
 516 009b 00000000 		.ascii	"\000\000\000\000\000\376\000\000\000extSetChannelMo"
 516      00FE0000 
 516      00657874 
 516      53657443 
 516      68616E6E 
 517 00b3 64654900 		.ascii	"deI\000\000\000\000\000\000\000\000\000\000\000\000"
 517      00000000 
 517      00000000 
 517      000000
 518 00c2 06010000 		.ascii	"\006\001\000\000ext_lld_init\000\000\002\000\000\000"
 518      6578745F 
 518      6C6C645F 
 518      696E6974 
ARM GAS  /var/folders/nx/qt6_p4ls4xzbnqkz75ny5wl40000gp/T//ccPUq4r2.s 			page 41


 518      00000200 
 519 00d8 00000000 		.ascii	"\000\000\000\000\000\000\010\001\000\000ext_lld_sta"
 519      00000801 
 519      00006578 
 519      745F6C6C 
 519      645F7374 
 520 00ed 72740000 		.ascii	"rt\000\000\002\000\000\000\000\000\000\000\000\000\012"
 520      02000000 
 520      00000000 
 520      00000A
 521 00fc 01000065 		.ascii	"\001\000\000ext_lld_stop\000\000\002\000\000\000\000"
 521      78745F6C 
 521      6C645F73 
 521      746F7000 
 521      00020000 
 522 0112 00000000 		.ascii	"\000\000\000\000\000\014\001\000\000ext_lld_channel"
 522      000C0100 
 522      00657874 
 522      5F6C6C64 
 522      5F636861 
 523 012a 5F656E61 		.ascii	"_enable\000\000\002\000\000\000\000\000\000\000\000"
 523      626C6500 
 523      00020000 
 523      00000000 
 523      0000
 524 013c 000E0100 		.ascii	"\000\016\001\000\000ext_lld_channel_disable\000\000"
 524      00657874 
 524      5F6C6C64 
 524      5F636861 
 524      6E6E656C 
 525 015a 02000000 		.ascii	"\002\000\000\000\000\000\000\000\000\000\020\001\000"
 525      00000000 
 525      00001001 
 525      00
 526 0167 00       		.ascii	"\000"
 527              		.text
 528              		.section	.gnu.lto_.opts,"",%progbits
 529 0000 272D666E 		.ascii	"'-fno-trapv' '-mcpu=cortex-m4' '-mno-thumb-interwor"
 529      6F2D7472 
 529      61707627 
 529      20272D6D 
 529      6370753D 
 530 0033 6B272027 		.ascii	"k' '-mthumb' '-ggdb' '-O2' '-fomit-frame-pointer' '"
 530      2D6D7468 
 530      756D6227 
 530      20272D67 
 530      67646227 
 531 0066 2D66616C 		.ascii	"-falign-functions=16' '-ffunction-sections' '-fdata"
 531      69676E2D 
 531      66756E63 
 531      74696F6E 
 531      733D3136 
 532 0099 2D736563 		.ascii	"-sections' '-fno-common' '-flto'\000"
 532      74696F6E 
 532      73272027 
 532      2D666E6F 
 532      2D636F6D 
ARM GAS  /var/folders/nx/qt6_p4ls4xzbnqkz75ny5wl40000gp/T//ccPUq4r2.s 			page 42


 533              		.text
 534              		.comm	__gnu_lto_v1,1,1
 535              		.comm	__gnu_lto_slim,1,1
 536              		.ident	"GCC: (GNU Tools for ARM Embedded Processors) 4.9.3 20150529 (release) [ARM/embedded-4_9-br
ARM GAS  /var/folders/nx/qt6_p4ls4xzbnqkz75ny5wl40000gp/T//ccPUq4r2.s 			page 43


DEFINED SYMBOLS
                            *ABS*:0000000000000000 ext.c
                            *COM*:0000000000000001 __gnu_lto_v1
                            *COM*:0000000000000001 __gnu_lto_slim

NO UNDEFINED SYMBOLS
