ARM GAS  /var/folders/nx/qt6_p4ls4xzbnqkz75ny5wl40000gp/T//ccVv7vsg.s 			page 1


   1              		.syntax unified
   2              		.cpu cortex-m4
   3              		.fpu softvfp
   4              		.eabi_attribute 20, 1
   5              		.eabi_attribute 21, 1
   6              		.eabi_attribute 23, 3
   7              		.eabi_attribute 24, 1
   8              		.eabi_attribute 25, 1
   9              		.eabi_attribute 26, 1
  10              		.eabi_attribute 30, 2
  11              		.eabi_attribute 34, 1
  12              		.eabi_attribute 18, 4
  13              		.thumb
  14              		.file	"ext_lld.c"
  15              		.text
  16              	.Ltext0:
  17              		.section	.gnu.lto_.profile.8d0d1319a63c7750,"",%progbits
  18 0000 789C6366 		.ascii	"x\234cf```c\200\000F\206;\214\253\030\001\005j\001\223"
  18      60606063 
  18      80004686 
  18      3B8CAB18 
  18      01056A01 
  19              		.text
  20              		.section	.gnu.lto_.jmpfuncs.8d0d1319a63c7750,"",%progbits
  21 0000 789C6366 		.ascii	"x\234cf\300\016|\2404+\02032}db\234w\271o\035S\355\357"
  21      C00E7CA0 
  21      342B1033 
  21      327D6462 
  21      9C77B96F 
  22 0018 868E068E 		.ascii	"\206\216\006\216\237L\014\177\231@\342\313\031k\031"
  22      9F4C0C7F 
  22      9940E2CB 
  22      196B19
  23 0027 98181919 		.ascii	"\230\030\031\031\353\031\230\201\024s}=\013\220bb\250"
  23      EB199881 
  23      14737D3D 
  23      0B906262 
  23      A8
  24 0038 67058931 		.ascii	"g\005\21111\227\203M\200\321\014\014\000\276\020\015"
  24      3197834D 
  24      80D10C0C 
  24      00BE100D 
  25 0048 B7       		.ascii	"\267"
  26              		.text
  27              		.section	.gnu.lto_.inline.8d0d1319a63c7750,"",%progbits
  28 0000 789C6D90 		.ascii	"x\234m\220\277J\003A\020\306\277\231\335\373\343y\311"
  28      BF4A0341 
  28      10C6BF99 
  28      DDFBE379 
  28      C9
  29 0011 6DA1CD35 		.ascii	"m\241\3155wb\221\267\010W\244\216O`\0319\237\301&`\223"
  29      776291B7 
  29      0857A48E 
  29      4F601939 
  29      9FC12660 
  30 0026 4230588A 		.ascii	"B0X\212\205\225\236\261\210\366\026\301(\010\022D\360"
  30      85959EB1 
ARM GAS  /var/folders/nx/qt6_p4ls4xzbnqkz75ny5wl40000gp/T//ccVv7vsg.s 			page 2


  30      88F616C1 
  30      28081244 
  30      F0
  31 0037 01AE0C58 		.ascii	"\001\256\014X\011)\324\312\335\333\213Bp\031\370\206"
  31      0929D4CA 
  31      DDDB8B42 
  31      7019F886 
  32 0047 F9D8998F 		.ascii	"\371\330\231\217\237\300\377\257 \253\216\256\006\201"
  32      9FC0FFAF 
  32      20AB8EAE 
  32      0681
  33 0055 75EB9E27 		.ascii	"u\353\236'F\300\353\200\231\204!\011\344\037L/\345\364"
  33      46C0EB80 
  33      99842109 
  33      E41F4C2F 
  33      E5F4
  34 0067 389CF317 		.ascii	"8\234\363\027\023\203.)\026\300~\255\004\001\031\014"
  34      13832E29 
  34      16C07EAD 
  34      0401190C 
  35 0077 BBF633CD 		.ascii	"\273\3663\315=\305p\006-e\366P\000\011\355\277c\213"
  35      3DC57006 
  35      2D65F650 
  35      0009EDBF 
  35      638B
  36 0089 5CEAE945 		.ascii	"\\\352\351E\343\307\347{\327,\342\010TP\014\332\263"
  36      E3C7E77B 
  36      D72CE208 
  36      54500CDA 
  36      B3
  37 009a 62CCA7BB 		.ascii	"b\314\247\273\361I\2432\023\320\2255+1I\365\2354Zf\014"
  37      F149A332 
  37      13D09535 
  37      2B3149F5 
  37      9D345A66 
  38 00af CBDD0CC1 		.ascii	"\313\335\014\301\240\225I\320B\364Ir\255P\223\266D\363"
  38      A09549D0 
  38      42F44972 
  38      AD5093B6 
  38      44F3
  39 00c1 3BCD52D0 		.ascii	";\315R\320-\367)\345Z\321)\363\024\315\3174Sv\242jG"
  39      2DF729E5 
  39      5AD129F3 
  39      14CDCF34 
  39      5376A26A 
  40 00d6 A1F3969B 		.ascii	"\241\363\226\233\270\231\016\273\275A\202z\253\307\275"
  40      B8990EBB 
  40      BD41827A 
  40      ABC7BD
  41 00e5 E55D7FD2 		.ascii	"\345]\177\322V\210\027\007>\370aM\371\210\317v$\370"
  41      56881707 
  41      3EF8614D 
  41      F988CF76 
  41      24F8
  42 00f7 C855D292 		.ascii	"\310U\322\222\334\274qjb\257\247\027\207QE\214@\243"
  42      DCBC716A 
  42      62AFA717 
ARM GAS  /var/folders/nx/qt6_p4ls4xzbnqkz75ny5wl40000gp/T//ccVv7vsg.s 			page 3


  42      8751458C 
  42      40A3
  43 0109 9AD8E88F 		.ascii	"\232\330\350\217X4\275N\340\315\012^e&BM~&\207\335\337"
  43      5834BD4E 
  43      E0CD0A5E 
  43      6526424D 
  43      7E2687DD 
  44 011e C652C40F 		.ascii	"\306R\304\017\237\315L!"
  44      9FCD4C21 
  45              		.text
  46              		.section	.gnu.lto_.pureconst.8d0d1319a63c7750,"",%progbits
  47 0000 789C6366 		.ascii	"x\234cf``\340f\200\000V\006\011&)f)\026)VI\000\004\027"
  47      6060E066 
  47      80005606 
  47      09262966 
  47      29162956 
  48 0018 00A1     		.ascii	"\000\241"
  49              		.text
  50              		.section	.gnu.lto_ext_lld_init.8d0d1319a63c7750,"",%progbits
  51 0000 789C6366 		.ascii	"x\234cf\300\004R@\374\037\210M\201\230\221\231\201\221"
  51      C0045240 
  51      FC1F884D 
  51      81989199 
  51      8191
  52 0012 69C23906 		.ascii	"i\3029\006\206F\016&FF\020\203\201\221\241\236\211\261"
  52      86460E26 
  52      46461083 
  52      8191A19E 
  52      89B1
  53 0024 9EF125D3 		.ascii	"\236\361%\323G&\306\011\007V\317\340V_\332\320\320\360"
  53      4726C609 
  53      0756CFE0 
  53      565FDAD0 
  53      D0F0
  54 0036 A169B344 		.ascii	"\241i\263D\253\304O&\006\206\317L\020c\030\2273\252"
  54      ABC44F26 
  54      0686CF4C 
  54      10631897 
  54      33AA
  55 0048 3300D57C 		.ascii	"3\000\325|l\371{\235\233\255\005\250F\000\"\307\270"
  55      6CF97B9D 
  55      9BAD05A8 
  55      460022C7 
  55      B8
  56 0059 82918D11 		.ascii	"\202\221\215\021H\257\027:\320\360\377\377\3439g6\263"
  56      48AF173A 
  56      D0F0FFFF 
  56      E3396736 
  56      B3
  57 006a 3033303C 		.ascii	"030<\001J\201\314\177\312\304\004\242\231\3570\266\034"
  57      014A81CC 
  57      7FCAC404 
  57      A299EF30 
  57      B61C
  58 007c D87E8C11 		.ascii	"\330~\214\021\244\030d\312\274\313}\353\230j\1777t4"
  58      A41864CA 
  58      BCCB7DEB 
ARM GAS  /var/folders/nx/qt6_p4ls4xzbnqkz75ny5wl40000gp/T//ccVv7vsg.s 			page 4


  58      986A7F37 
  58      7434
  59 008e 70FC6462 		.ascii	"p\374db\374\314\0044\200q%c-\206\024\323_\220\025@\321"
  59      FCCC0434 
  59      80712563 
  59      2D8614D3 
  59      5F901540 
  60 00a3 FB4FCE5F 		.ascii	"\373O\316_\344x\301\004\024\001sW4\266\314a\234\313"
  60      E478C104 
  60      14017357 
  60      34B6CC61 
  60      9CCB
  61 00b5 38BBB101 		.ascii	"8\273\261\001\244\212\231q\025c-\343jF)\260\334\335"
  61      A48A9971 
  61      15632DE3 
  61      6A4629B0 
  61      DCDD
  62 00c7 27BFC281 		.ascii	"'\277\302\201\372A\272\031\327\000\025\201\355d\\\313"
  62      FA41BA19 
  62      D7001581 
  62      ED645CCB 
  63 00d7 58FB9389 		.ascii	"X\373\223\211\205\341\036c\343\201\235n`!\006\220+\031"
  63      85E11E63 
  63      E3819D6E 
  63      60210690 
  63      2B19
  64 00e9 41AE039A 		.ascii	"A\256\003\232i\254\247\247\357\234\221\231\224\351\037"
  64      69ACA7A7 
  64      EF9C9199 
  64      94E91F
  65 00f8 AC9F5FAC 		.ascii	"\254\237_\254\237\221\230\243_\220_TR\254\037\034\342"
  65      9F9198A3 
  65      5F905F54 
  65      52AC1F1C 
  65      E2
  66 0109 6B6CA4EF 		.ascii	"kl\244\357\343\343\242\357\032\021\342Yf\250\237ZQ\022"
  66      E3E3A2EF 
  66      1A11E259 
  66      66A89F5A 
  66      5112
  67 011b 9F9393A2 		.ascii	"\237\223\223\242\227\314\000\000\330\231m;"
  67      97CC0000 
  67      D8996D3B 
  68              		.text
  69              		.section	.gnu.lto_ext_lld_stop.8d0d1319a63c7750,"",%progbits
  70 0000 789C9D92 		.ascii	"x\234\235\222KH\224Q\024\307\317\271\367\3729\372i\023"
  70      4B489451 
  70      14C7CFB9 
  70      F7FA39FA 
  70      6913
  71 0012 ADC4551B 		.ascii	"\255\304U\033q\0213\0375\320\242E\004\025\021\030-t"
  71      7111331F 
  71      35D0A245 
  71      04151118 
  71      2D74
  72 0024 D12E7A81 		.ascii	"\321.z\201\202\240\244D\033\361\252\023\270*\323\315"
  72      82A0A444 
ARM GAS  /var/folders/nx/qt6_p4ls4xzbnqkz75ny5wl40000gp/T//ccVv7vsg.s 			page 5


  72      1BF1AA13 
  72      B82AD3CD 
  73 0034 809A9054 		.ascii	"\200\232\220T\326\370\2301\337\223\366e0\275\023\011"
  73      D6F89831 
  73      DF93F665 
  73      30BD1309 
  74 0044 49A38781 		.ascii	"I\243\207\201\201A\217Q\307\307G\326t\356\235\321\202"
  74      81418F51 
  74      C7C747D6 
  74      74EE9DD1 
  74      82
  75 0055 56F9C1C7 		.ascii	"V\371\301\307\275\347p\316\357\234\377\271\207\303\277"
  75      BDE770CE 
  75      EF9CFFB9 
  75      87C3BF
  76 0064 9F8FFE7A 		.ascii	"\237\217\376z\016\260\217NL\003d\015/\001j\\\214\361"
  76      0EB08F4E 
  76      4C03640D 
  76      2F016A5C 
  76      8CF1
  77 0076 A81B64A6 		.ascii	"\250\033d\246x\272\037d\026G\221t\013Du\001\204j\306"
  77      78BA1F64 
  77      16479174 
  77      0B447501 
  77      846AC6
  78 0089 0556E367 		.ascii	"\005V\343g\266\300\260\301\016\006\314\374\033R\312"
  78      B6C0B0C1 
  78      0E06CCFC 
  78      1B52CA
  79 0098 D8F548CE 		.ascii	"\330\365H\316\245\034\207\001,\261$\037oa>\205\364%"
  79      A51C8701 
  79      2CB1241F 
  79      6F613E85 
  79      F425
  80 00aa EC1983EF 		.ascii	"\354\031\203\357E\240\373pw\374\2059\317\034\206;\225"
  80      45A0FB70 
  80      77FC8539 
  80      CF1C863B 
  80      95
  81 00bb 39D2F838 		.ascii	"9\322\3708`(\223\011e\316\016\2554f\347\265KYk\217\365"
  81      60289309 
  81      65CE0EAD 
  81      3466E7B5 
  81      4B596B8F 
  82 00d0 CA03C261 		.ascii	"\312\003\302a\034;\220\023\017oc.\336\301\\ \027`\020"
  82      1C3B9013 
  82      0F6F632E 
  82      DEC15C20 
  82      176010
  83 00e3 F354F882 		.ascii	"\363T\370\202\377\347k\323\360S\355\355\311\232\330"
  83      FFE76BD3 
  83      F053EDED 
  83      C99AD8
  84 00f2 8906D2D9 		.ascii	"\211\006\322\331\263\303\226\211D\373\315/\243\302\344"
  84      B3C39689 
  84      44FBCD2F 
  84      A3C2E4
ARM GAS  /var/folders/nx/qt6_p4ls4xzbnqkz75ny5wl40000gp/T//ccVv7vsg.s 			page 6


  85 0101 A8C20525 		.ascii	"\250\302\005%\012\2009\212R\">1\246N\376\006k\007\302"
  85      0A80398A 
  85      52223E31 
  85      A64EFE06 
  85      6B07C2
  86 0114 DFC25C25 		.ascii	"\337\302\\%\2562A\314\017s\023\223.\325\021\315\205"
  86      AE3241CC 
  86      0F731393 
  86      2ED511CD 
  86      85
  87 0125 CCFEB5B6 		.ascii	"\314\376\265\266\257\331\255\330\214\016K[\245n\272"
  87      AFD9ADD8 
  87      8C0E4B5B 
  87      A56EBA
  88 0134 A805E56F 		.ascii	"\250\005\345o\2117\315\270=\273\034f`7\266\342\242V"
  88      8937CDB8 
  88      3DBB1C66 
  88      6037B6E2 
  88      A256
  89 0146 8C3DE881 		.ascii	"\214=\350\201)\364O\327\345\376\001N\314>\274\222\245"
  89      29F44FD7 
  89      E5FE014E 
  89      CC3EBC92 
  89      A5
  90 0157 8006A908 		.ascii	"\200\006\251\010\251tP\3659D\335\374-\326\331\221GL"
  90      A97450F5 
  90      3944DDFC 
  90      2DD6D991 
  90      474C
  91 0169 052BE8B5 		.ascii	"\005+\350\265W\227\273Y\325\017Y/]\016K_b$\005\303X"
  91      5797BB59 
  91      D50F592F 
  91      5D0E4B5F 
  91      622405C3 
  92 017e 45ADBB74 		.ascii	"E\255\273t\216H\365<\036\213}\237\324=SR\363\263\226"
  92      8E48F53C 
  92      1E8B7D9F 
  92      D43D5352 
  92      F3B396
  93 0191 806E3843 		.ascii	"\200n8C\326\373\245\036\343\246\206\014\335\353|\347"
  93      D6FBA51E 
  93      E3A6860C 
  93      DDEB7CE7 
  94 01a1 4A87411A 		.ascii	"J\207A\032j\244\264\323\035\226\211\2754\313\273)!k"
  94      6AA4B4D3 
  94      1D9689BD 
  94      34CBBB29 
  94      216B
  95 01b3 836B4D6E 		.ascii	"\203kMnOP\372I\241\211}Z\213\032!\366\243\347o\224I"
  95      4F50FA49 
  95      A1897D5A 
  95      8B1A21F6 
  95      A3E76F94 
  96 01c8 AE01CA51 		.ascii	"\256\001\312Q\325C\361\315\352\377\301\036\324l\375"
  96      D543F1CD 
  96      EAFFC11E 
  96      D46CFD
ARM GAS  /var/folders/nx/qt6_p4ls4xzbnqkz75ny5wl40000gp/T//ccVv7vsg.s 			page 7


  97 01d7 4C439ADD 		.ascii	"LC\232\3355\361<*4\233^p\035\001\207S\374\330\226\370"
  97      35F13C2A 
  97      349B5E70 
  97      1D018753 
  97      FCD896F8 
  98 01eb 239ACF15 		.ascii	"#\232\317\025?\242\371\241\253\213O\364r\231\211D\242"
  98      3FA2F9A1 
  98      AB8B4FF4 
  98      72998944 
  98      A2
  99 01fc 6E1BE0BD 		.ascii	"n\033\340\275\015\376\362\307-\360G5_(\376X\222\037"
  99      0DFEF2C7 
  99      2DF04735 
  99      5F28FE58 
  99      921F
 100 020e 9C9E44CD 		.ascii	"\234\236D\315_\247\002n\300\373\033\363Y\331\012\337"
 100      5FA7026E 
 100      C0FB1BF3 
 100      59D90ADF 
 101 021e D6FC34C5 		.ascii	"\326\3744\305\177\240\371=m\313\277\222|Z\371q\312y"
 101      7FA0F93D 
 101      6DCBBF92 
 101      7C5AF971 
 101      CA79
 102 0230 8F35F6BB 		.ascii	"\2175\366\273#z[@\3552\252}\240\201\372\274^\353`q\311"
 102      237A5B40 
 102      ED32AA7D 
 102      A081FABC 
 102      5EEB6071 
 103 0245 E992E385 		.ascii	"\351\222\343\205VY\205U|\252\324*/;_Ya\025\026\035\363"
 103      56598555 
 103      7CAAD42A 
 103      2F3B5F59 
 103      6115161D 
 104 025a EDB10A0A 		.ascii	"\355\261\012\012\016Y\207O\024\035\275\260\333:w\261"
 104      0E59874F 
 104      141DBDB0 
 104      DB3A77B1 
 105 026a F26469E9 		.ascii	"\362di\351Y\357\031\020t-\377\015\216\252_\025"
 105      59EF1910 
 105      742DFF0D 
 105      8EAA5F15 
 106              		.text
 107              		.section	.gnu.lto_ext_lld_channel_enable.8d0d1319a63c7750,"",%progbits
 108 0000 789C9D57 		.ascii	"x\234\235WkPTG\026\276\335w\236\014\303\014o\320\224"
 108      6B505447 
 108      16BEDD77 
 108      9E0CC30C 
 108      6FD094
 109 0013 A82CA10C 		.ascii	"\250,\241\014\013\263JE+\256\272\032\264\"\205\226Z"
 109      0BB34A45 
 109      2BAEBA1A 
 109      B4228596 
 109      5A
 110 0024 60052BC6 		.ascii	"`\005+\306\347Zej]\223ZS[\371\227\341!\352\256\242\242"
 110      E75A656A 
 110      5D935A53 
ARM GAS  /var/folders/nx/qt6_p4ls4xzbnqkz75ny5wl40000gp/T//ccVv7vsg.s 			page 8


 110      5BF997E1 
 110      21EAAEA2 
 111 0039 264665E3 		.ascii	"&Fe\343#&(*\001\021\023C\022BD\214F\014\211\361\025"
 111      2326282A 
 111      01111343 
 111      1242448C 
 111      460C89F1 
 112 004e 44924034 		.ascii	"D\222@4\256\272\"(\214\021\330sN\337;wf@*3\363\343\243"
 112      AEBA2228 
 112      8C11D873 
 112      4EDF3B77 
 112      66402A33 
 113 0065 EFB9A7BF 		.ascii	"\357\271\247\277\376\372<\272/\262\324\377\227\312$"
 113      FEFA3CBA 
 113      2FB2D4FF 
 113      97CA24
 114 0074 E98D6849 		.ascii	"\351\215hI\312\2021\033\"1\276\251A\222rL\234\313k\023"
 114      CA82311B 
 114      2231BEA9 
 114      4192724C 
 114      9CCB6B13 
 115 0088 2567900E 		.ascii	"%g\220\0161Xf:a\326q=\231md\326\363\330\352a\360d\270"
 115      3158663A 
 115      61D6713D 
 115      996D64D6 
 115      F3D8EA61 
 116 009f E0802703 		.ascii	"\340\200'\0037\322;\023\27532\263\230bR\007f\036D\357"
 116      37D23B13 
 116      BD3332B3 
 116      98625207 
 116      661E44EF 
 117 00b3 2DF43E88 		.ascii	"-\364>\210\005\013\263E\035\004ske\255\004\016!M\026"
 117      050BB345 
 117      1D04736B 
 117      65AD040E 
 117      214D16
 118 00c6 70B0B258 		.ascii	"p\260\262Xa\017Q\0076e9;-g\347\241D\027Ft\241,\\8\205"
 118      610F5107 
 118      3665393B 
 118      2D67E7A1 
 118      44174674 
 119 00df A983701E 		.ascii	"\251\203p\036A\357#\351}\004\213\022\346Hu\020\305\243"
 119      41EF23E9 
 119      7D048B12 
 119      E6487510 
 119      C5A3
 120 00f1 8B27C2FB 		.ascii	"\213'\302\373\230\016;\274\217V\027\211Q\007\261\214"
 120      980E3BBC 
 120      8F561789 
 120      5107B18C 
 121 0101 E14062D2 		.ascii	"\341@b\322\233\\\326\351\015F\2239\310\022l\015\261"
 121      9B5CD6E9 
 121      0D469339 
 121      C8126C0D 
 121      B1
 122 0112 D943C3C2 		.ascii	"\331C\303\302#\"\243\242cb\331\233\354W\336\316\331"
 122      2322A3A2 
ARM GAS  /var/folders/nx/qt6_p4ls4xzbnqkz75ny5wl40000gp/T//ccVv7vsg.s 			page 9


 122      6362D99B 
 122      EC57DECE 
 122      D9
 123 0123 A69AD2ED 		.ascii	"\246\232\322\355\226\304\375N\247\363^nc\314\352\030"
 123      96C4FD4E 
 123      A7F35E6E 
 123      63CCEA18 
 124 0133 1797A40E 		.ascii	"\027\227\244\016.\342\313>`\211\340R\331Ws\305 \217"
 124      2EE2CB3E 
 124      6089E052 
 124      D95773C5 
 124      208F
 125 0145 65128C3F 		.ascii	"e\022\214?>\322y\316r\223\2738\033\216\217'\212No7\340"
 125      3ED279CE 
 125      7293BB38 
 125      1B8E8F27 
 125      8A4E6F37 
 126 015a 23D7E163 		.ascii	"#\327\341c\313G\017\213\254\011\373\234\316\334\232"
 126      CB470F8B 
 126      AC09FB9C 
 126      CEDC9A
 127 0169 CB15CEC9 		.ascii	"\313\025\316\311:\027\227Y\011\223\201\217\035`C\330"
 127      3A179759 
 127      0993818F 
 127      1D6043D8 
 128 0179 41481298 		.ascii	"AH\022\230$V\312\022\300\273\343\366\261e\362\237\211"
 128      2456CA12 
 128      C0BBE3F6 
 128      B165F29F 
 128      89
 129 018a B6714D53 		.ascii	"\266qMS\217EL\374ML\324\261C\276\023u\022;\314\022\320"
 129      8F454CFC 
 129      4D4CD4B1 
 129      43BE1375 
 129      123BCC12 
 130 019f FD9B9E3D 		.ascii	"\375\233\236=\035\0069M(*+k\323\307\357\201\251-\353"
 130      1D06394D 
 130      282A2B6B 
 130      D3C7EF81 
 130      A92DEB
 131 01b2 56D7073B 		.ascii	"V\327\007;O;\363[\372\372\342\\\\\317\216x3\210\037"
 131      4F3BF35B 
 131      FAFAE25C 
 131      5CCF8E78 
 131      33881F
 132 01c5 4C69CFEF 		.ascii	"Li\317\357\271d1\344\303\236\355\254\214\305\213\375"
 132      B96431E4 
 132      C39EEDAC 
 132      8CC58BFD 
 133 01d5 B20F9901 		.ascii	"\262\017\231\001\352I\207\026\360\271p\371\347\002\235"
 133      EA498716 
 133      F0B970F9 
 133      E7029D
 134 01e4 9C4E4B6C 		.ascii	"\234NKl\353u}f\026Kl\250\363^\242|\240%X\005Q\354mj"
 134      EB757D66 
 134      164B6CA8 
 134      F35EA27C 
ARM GAS  /var/folders/nx/qt6_p4ls4xzbnqkz75ny5wl40000gp/T//ccVv7vsg.s 			page 10


 134      A0255805 
 135 01fc EB92E50C 		.ascii	"\353\222\345\014\242xP\370\305\206`\242\330]\270\337"
 135      A27850F8 
 135      C58660A2 
 135      D85DB8DF 
 136 020c E0417074 		.ascii	"\340Apt@\202J\"\270\326u|\275U\236M\004\267\276\253"
 136      40824A22 
 136      B8D6757C 
 136      BD559E4D 
 136      04B7BEAB 
 137 0220 CB0B1204 		.ascii	"\313\013\022\004\033\275\010\216\015HP\305\342\313\302"
 137      1BBD088E 
 137      0D4850C5 
 137      E2CBC2
 138 022f 6A9C7D7D 		.ascii	"j\234}}GO\326\226\377iG\342\022#\303\340\231 \214\006"
 138      474FD696 
 138      FF6947E2 
 138      1223C3E0 
 138      99208C06 
 139 0243 33421082 		.ascii	"3B\020\202E\302\335ZIp\010\030\2146\004;\276\012E\010"
 139      45C2DD5A 
 139      49700818 
 139      8C36043B 
 139      BE0A4508 
 140 0257 43082739 		.ascii	"C\010'9\021\014\263\026\011\006S\024:E#\304 \304\322"
 140      110CB316 
 140      09065314 
 140      3A4523C4 
 140      20C4D2
 141 026a 6A9820E3 		.ascii	"j\230 \343P\204\247\020\206!\304\241\367p\034\215@\030"
 141      5084A710 
 141      8621C4A1 
 141      F7701C8D 
 141      4018
 142 027c 89108F90 		.ascii	"\211\020\217\220\200\3604B\"\302(\204g\020\222\020\222"
 142      80F03442 
 142      22C22884 
 142      67109210 
 142      92
 143 028d 1152101C 		.ascii	"\021R\020\034\010\243\001\314cp\224\212\360,\302X\204"
 143      08A301CC 
 143      6370948A 
 143      F02CC258 
 143      84
 144 029e 7108CF21 		.ascii	"q\010\317!\214G\230\2000\021a\022\302d\204)\250\340"
 144      8C479880 
 144      30116112 
 144      C2648429 
 144      A8E0
 145 02b0 791CA521 		.ascii	"y\034\245!LE\230\206\360\002\302t\204t\204\014\204\031"
 145      4C459886 
 145      F002C274 
 145      8474840C 
 145      8419
 146 02c2 08331166 		.ascii	"\0103\021f!\314F\230\203\220\211\012\262p4\027\341E"
 146      21CC4698 
 146      8390890A 
ARM GAS  /var/folders/nx/qt6_p4ls4xzbnqkz75ny5wl40000gp/T//ccVv7vsg.s 			page 11


 146      B2703417 
 146      E145
 147 02d4 846C8479 		.ascii	"\204l\204y\010/!\314GX\200\260\020a\021\202$\265Baa"
 147      082F21CC 
 147      475880B0 
 147      10611182 
 147      24B54261 
 148 02e9 23B6718E 		.ascii	"#\266q\216\177\345\253,\267yMC\311\002\254\265.n\352"
 148      7FE5AB2C 
 148      B7794D43 
 148      C902ACB5 
 148      2E6EEA
 149 02fc 029FAB2C 		.ascii	"\002\237\253,\257\333 \236\315`\202LWo\334Xg\304\236"
 149      AFDB209E 
 149      CD60824C 
 149      576FDC58 
 149      67C49E
 150 030f 32C449EC 		.ascii	"2\304I\3548\244\024\\\232\024\227 \366\207!\340(\021"
 150      38A4145C 
 150      9A149720 
 150      F68721E0 
 150      2811
 151 0321 512B1346 		.ascii	"Q+\023F\013\330\245\213\214S\005C>\301\"}\317\362\317"
 151      0BD8A58B 
 151      8C530543 
 151      3EC1227D 
 151      CFF2CF
 152 0334 E51DDDAA 		.ascii	"\345\035\335\252L3\002mY\335\331ZjU\235Mb\037)\225\322"
 152      4C33026D 
 152      59DDD95A 
 152      6A559D4D 
 152      621F2995 
 153 0349 06DDB836 		.ascii	"\006\335\2706\021t\3455\027\334-\231\340\323\033P\025"
 153      1174E535 
 153      17DC2D99 
 153      E0D31B50 
 153      15
 154 035a 987A4C2F 		.ascii	"\230zL/\265\007\324\325\307Hg\025\214;.\265u\312$\024"
 154      B507D4D5 
 154      C7486715 
 154      8C3B2EB5 
 154      75CA2414 
 155 036e EAEF0430 		.ascii	"\352\357\0040\242\006p\300y\340D[+xX\362!\023\263B\304"
 155      A20670C0 
 155      79E0445B 
 155      2B7858F2 
 155      2113B342 
 156 0383 ACC223EF 		.ascii	"\254\302#\357u\330p\226\021\016\202O\304\366\336*\270"
 156      75D87096 
 156      110E824F 
 156      C4F6DE2A 
 156      B8
 157 0394 AD174E36 		.ascii	"\255\027N6\360\363<W\214\320\364\325\344\004\033n\222"
 157      F0F33C57 
 157      8CD0F4D5 
 157      E4041B6E 
 157      92
ARM GAS  /var/folders/nx/qt6_p4ls4xzbnqkz75ny5wl40000gp/T//ccVv7vsg.s 			page 12


 158 03a5 85931DFC 		.ascii	"\205\223\035\374\224\250\320s(\314\270\334\222{\206"
 158      94A8D073 
 158      28CCB8DC 
 158      927B86
 159 03b4 0E26036C 		.ascii	"\016&\003l\357S\006Q\262\343\244G\005\267\271p\012\003"
 159      EF530651 
 159      B2E3A447 
 159      05B7B970 
 159      0A03
 160 03c6 3F41D3A9 		.ascii	"?A\323\251\010\012\007\243[s%j\016G\207\252\366\372"
 160      080A07A3 
 160      5B73256A 
 160      0E4787AA 
 160      F6FA
 161 03d8 0AA3F088 		.ascii	"\012\243\360\210\004\342\353\255\347\033MH,\323\331"
 161      04E2EBAD 
 161      E71B4D48 
 161      2CD3D9
 162 03e7 71ACFBDD 		.ascii	"q\254\373\335;\326b\266\223\271xP\027\217`\237a$\301"
 162      3BD662B6 
 162      93B97850 
 162      178F609F 
 162      6124C1
 163 03fa BEAB73CB 		.ascii	"\276\253s\313\025[r\022\224\033\373\234\025\263\373"
 163      155B7212 
 163      941BFB9C 
 163      15B3FB
 164 0409 7484B21A 		.ascii	"t\204\262\032\226L\224{\306\011\302(OB\223\027a\216"
 164      964C947B 
 164      C609C228 
 164      4F429317 
 164      618E
 165 041b D35993E1 		.ascii	"\323Y\223\341\302dF\262/\024\322\273\265\205\217l\311"
 165      C26446B2 
 165      2F14D2BB 
 165      B5858F6C 
 165      C9
 166 042c A54EBB8B 		.ascii	"\245N\273\213\007\263Z\242e\342\010\313)\372\364\272"
 166      07B35AA2 
 166      65E208CB 
 166      29FAF4BA 
 167 043c D971D8B9 		.ascii	"\331q\330\271\311Y\363\262\213[\331\227,\031\253I\274"
 167      C959F3B2 
 167      8B5BD997 
 167      2C19AB49 
 167      BC
 168 044d BC7466C3 		.ascii	"\274tf\303\017&\230\006/W\272x\010;\311\034\3679\235"
 168      0F269806 
 168      2F57BA78 
 168      083BC91C 
 168      F7399D
 169 0460 7175A407 		.ascii	"qu\244\007\322\322\252\3540Zh:\367NKe\010\305\373\036"
 169      D2D2AAEC 
 169      305A683A 
 169      F74E4B65 
 169      08C5FB1E 
 170 0474 93D82991 		.ascii	"\223\330)\221\225\346\202S\007\252\224X\305\200\253"
ARM GAS  /var/folders/nx/qt6_p4ls4xzbnqkz75ny5wl40000gp/T//ccVv7vsg.s 			page 13


 170      95E68253 
 170      07AA9458 
 170      C580AB
 171 0483 675E0C90 		.ascii	"g^\014\220\227z\2456\013zK&\010\257Xr\264\273\203Z\205"
 171      977AA536 
 171      0B7A4B26 
 171      08AF5872 
 171      B4BB835A 
 172 0498 418D05A7 		.ascii	"A\215\005\247\332\023\345\347s-\302i\010\236\250M\245"
 172      DA13E5E7 
 172      732DC269 
 172      089EA84D 
 172      A5
 173 04a9 0DC1C863 		.ascii	"\015\301\310cs:\363\235tw\270\303b\243=\024\255\277"
 173      733AF39D 
 173      7477B8C3 
 173      62A33D14 
 173      ADBF
 174 04bb 56C995B0 		.ascii	"V\311\225\260Lwq;;\015\007\334WJ\\Z\326\035\376)\004"
 174      4C77713B 
 174      3B0D07DC 
 174      574A5C5A 
 174      D61DFE29 
 175 04d0 36980F59 		.ascii	"6\230\017Y\010eg(0\262\330\373\266\342\317\357\352!"
 175      08656728 
 175      30B2D8FB 
 175      B6E2CFEF 
 175      EA21
 176 04e2 30F93935 		.ascii	"0\37195\331.\036\306\316b`\254\224\214\257\231C\331"
 176      D92E1EC6 
 176      CE6260AC 
 176      948CAF99 
 176      43D9
 177 04f4 BC526C43 		.ascii	"\274RlCA\214Hz^gA\253RLO\221\235D\027\375\030\2156\037"
 177      418C487A 
 177      5E6741AB 
 177      524C4F91 
 177      9D4417FD 
 178 050c 35430757 		.ascii	"5C\007Ws\356\011j\222PM\203\246\346<s\300b\324\203:"
 178      73EE096A 
 178      92504D83 
 178      A6E63C73 
 178      C062D483 
 179 0521 3A1CA865 		.ascii	":\034\250e\313\266y\264\354\351\352\262\"+\265,\234"
 179      CBB679B4 
 179      ECE9EAB2 
 179      222BB52C 
 179      9C
 180 0532 04DFB85B 		.ascii	"\004\337\270[V\257\264,4\327\301\331\302{\030\364<L"
 180      56AFB42C 
 180      34D7C1D9 
 180      C27B18F4 
 180      3C4C
 181 0544 A869A96F 		.ascii	"\250i\251o\244\243\303\010\375\373\0302\331\010\223"
 181      A4A3C308 
 181      FDFB1832 
 181      D90893
ARM GAS  /var/folders/nx/qt6_p4ls4xzbnqkz75ny5wl40000gp/T//ccVv7vsg.s 			page 14


 182 0553 80F74ADE 		.ascii	"\200\367J\336\022\305\017K\347\375O\326\013'P\361\255"
 182      12C50F4B 
 182      E7FD4FD6 
 182      0B2750F1 
 182      AD
 183 0564 9BD520DD 		.ascii	"\233\325 \335\212\226\251\374\257}+\013\357\270\337"
 183      8A96A9FC 
 183      AF7D2B0B 
 183      EFB8DF
 184 0573 57EFDF69 		.ascii	"W\357\337i\365~A\255\367?\012\206\341>\005\236L\005"
 184      F57E41AD 
 184      F73F0A86 
 184      E13E059E 
 184      4C05
 185 0585 1E377081 		.ascii	"\0367p\201\177\377\204\002\377\013\026\370\305'\024"
 185      7FFF8402 
 185      FF0B16F8 
 185      C52714
 186 0594 783616F8 		.ascii	"x6\026\370%w\201_V\013\274S/\024\214\020\"\352\213o"
 186      2577815F 
 186      560BBC53 
 186      2F148C10 
 186      22EA8B6F 
 187 05a8 56E868D3 		.ascii	"V\350h\323\020\225+>Q\031\341\021\006\243\364\300\002"
 187      10952B3E 
 187      5119E111 
 187      06A3F4C0 
 187      02
 188 05b9 61A8AD2A 		.ascii	"a\250\255*o\336\253P\214\204\371;\317\356\332N\325\031"
 188      6FDEAB50 
 188      8C84F93B 
 188      CFEEDA4E 
 188      D519
 189 05cb EE5CEB5B 		.ascii	"\356\\\353[\260\341\244\351\346\241\207%\006\021\250"
 189      B0E1A4E9 
 189      E6A18725 
 189      0611A8
 190 05da 087615CA 		.ascii	"\010v\025\312\343\007e\217\335\307\273\267\340\036\363"
 190      E307658F 
 190      DDC7BBB7 
 190      E01EF3
 191 05e9 734C5802 		.ascii	"sLX\002M\264K\035\212\275&\304v*)\207^\031\211g7V\036"
 191      4DB44B1D 
 191      8ABD26C4 
 191      762A2987 
 191      5E198967 
 192 0600 1DED7EB0 		.ascii	"\035\355~\2606k\254\3271R\361\264\031\223\272\231\315"
 192      366BACD7 
 192      3152F1B4 
 192      1993BA99 
 192      CD
 193 0611 D7B95823 		.ascii	"\327\271X#\301\017\316\026\215\363G\221W:M\211\347i"
 193      C10FCE16 
 193      8DF34791 
 193      573A4D89 
 193      E769
 194 0623 2114027D 		.ascii	"!\024\002}A\261$\0029\330\003R\377\223\266\322\317\250"
ARM GAS  /var/folders/nx/qt6_p4ls4xzbnqkz75ny5wl40000gp/T//ccVv7vsg.s 			page 15


 194      41B12402 
 194      39D80352 
 194      FF93B6D2 
 194      CFA8
 195 0635 3E91D49B 		.ascii	">\221\324\233EE\302\032\275\245\325\312]7J\244\323}"
 195      4545C21A 
 195      BDA5D5CA 
 195      5D374AA4 
 195      D37D
 196 0647 F518E1EA 		.ascii	"\365\030\341\352i\365I\347(\217t\006\271\323\331\252"
 196      69F549E7 
 196      288F7406 
 196      B9D3D9AA 
 197 0657 A6F3193F 		.ascii	"\246\363\031?\204\265\2210=\012\373\305;YI@\024h\262"
 197      84B59130 
 197      3D0AFBC5 
 197      3B594940 
 197      1468B2
 198 066a 6E68AC37 		.ascii	"nh\2547q\273I$\325\342NV\233\022\322d?8\177\3258o\371"
 198      71BB4924 
 198      D5E24E56 
 198      9B12D264 
 198      3F387FD5 
 199 0681 262BA55F 		.ascii	"&+\245_\262\340\350\201uS\002R\377_m\245\333\250\336"
 199      B2E0E881 
 199      75530252 
 199      FF5F6DA5 
 199      DBA8DE
 200 0694 41EA83DD 		.ascii	"A\352\203\335\307\307/p\320\323\"\243\375i\376;\203"
 200      C7C72F70 
 200      D0D322A3 
 200      FD69FE3B 
 200      83
 201 06a5 35FFDD27 		.ascii	"5\377\335'7\177$\373\0376\277\001\345\334\203\215{\026"
 201      377F24FB 
 201      1F36BF01 
 201      E5DC838D 
 201      7B16
 202 06b7 C268CF2E 		.ascii	"\302h\317.\215\002\207vw]X\245\335\021\242.n\024)u\361"
 202      8D028776 
 202      775D58A5 
 202      DD11A22E 
 202      6E142975 
 203 06cc 9C1F31B8 		.ascii	"\234\0371\270OjQ\021\353\360\256\213\361@\024h]tj\254"
 203      4F6A5111 
 203      EBF0AE8B 
 203      F1401468 
 203      5D746AAC 
 204 06e0 0F70C7E3 		.ascii	"\017p\307\343\221\245\252\361\206\222\264\011~P=$*\023"
 204      91A5AAF1 
 204      8692B409 
 204      7E503D24 
 204      2A13
 205 06f2 5275A9E5 		.ascii	"Ru\251\345\320\252\360Lt\227\303\327\212e\022\220\203"
 205      D0AAF04C 
 205      7497C3D7 
 205      8A651290 
ARM GAS  /var/folders/nx/qt6_p4ls4xzbnqkz75ny5wl40000gp/T//ccVv7vsg.s 			page 16


 205      83
 206 0703 3D20D1DD 		.ascii	"= \321\335\332J.\024=\211\342\033\"}%\213b\276\243\254"
 206      DA4A2E14 
 206      3D89E21B 
 206      227D258B 
 206      62BEA3AC 
 207 0717 31C60FCE 		.ascii	"1\306\017\316G\032\347o\336\341M\005\242@\303\373Xc"
 207      471AE76F 
 207      DEE14D05 
 207      A240C3FB 
 207      5863
 208 0729 ED41A5A9 		.ascii	"\355A\245\251\"\274\252\300g\375\240\352\3252\325\347"
 208      22BCAAC0 
 208      67FDA0EA 
 208      D532D5E7 
 209 0739 1BDEB1FD 		.ascii	"\033\336\261\375\302;\016\310\301\036\220h'w\257\224"
 209      C23B0EC8 
 209      C11E9068 
 209      2777AF94 
 210 0749 833D3B8E 		.ascii	"\203=;\216\302ks\177\0024\034Q>\001&\213O\200\266\206"
 210      C26B737F 
 210      02341C51 
 210      3E01268B 
 210      4F80B686 
 211 075d DC75F4CD 		.ascii	"\334u\364\315`|\334\327\327\007\337\302\271\334\373"
 211      607CDCD7 
 211      D707DFC2 
 211      B9DCFB
 212 076c 749CEC71 		.ascii	"t\234\354q:\332\325\246-\357R\357\374)\277\357\316\317"
 212      3ADAD5A6 
 212      2DEF52EF 
 212      FC29BFEF 
 212      CECF
 213 077e E3EE3B3F 		.ascii	"\343\356;?\237{\337\371\317\017\330\366S\006n\373\325"
 213      9F7BDFF9 
 213      CF0FD8F6 
 213      53066EFB 
 213      D5
 214 078f 7C90B62F 		.ascii	"|\220\266/\340\203\334\371k\270z\347\257\345>w~\032"
 214      E083DCF9 
 214      6BB87AE7 
 214      AFE53E77 
 214      7E1A
 215 07a1 88E877C9 		.ascii	"\210\350w\311\247y\354;T=j\333\273*\2249S\375\310\311"
 215      A779EC3B 
 215      543D6ADB 
 215      BB2A9439 
 215      53FDC8C9 
 216 07b5 3A126DC6 		.ascii	":\022m\306\265\377\305\275\312s\032\020\005Z\236\377"
 216      B5FFC5BD 
 216      CA731A10 
 216      055A9EFF 
 217 07c5 D658D7E3 		.ascii	"\326X\327\343\306\247\221\3240Uj"
 217      C6A791D4 
 217      30556A
 218 07d0 E363A59A 		.ascii	"\343c\245\232^\360\203s\203\306Y\310\225:\355Tx\246"
 218      5EF08373 
ARM GAS  /var/folders/nx/qt6_p4ls4xzbnqkz75ny5wl40000gp/T//ccVv7vsg.s 			page 17


 218      83C659C8 
 218      953AED54 
 218      78A6
 219 07e2 BBEBB449 		.ascii	"\273\353\264I\261\244\0039\330\003R\277Q[i\023\252O"
 219      B1A40339 
 219      D80352BF 
 219      515B6913 
 219      AA4F
 220 07f4 27F5E1EE 		.ascii	"'\365\341\356+\374b\231z\205g`v|\357\354\014\217\354"
 220      2BFC6299 
 220      7A856760 
 220      767CEFEC 
 220      0C8FEC
 221 0807 44B8B3D3 		.ascii	"D\270\263\323\243fg\206\037J6\223\222 TR\344\235\235"
 221      A3666786 
 221      1F4A3693 
 221      92205452 
 221      E49D9D
 222 081a 99401468 		.ascii	"\231@\024hv\266h\254[q\1773Ij\244;;\275J\014g\371\301"
 222      76B668AC 
 222      5B717F33 
 222      496AA43B 
 222      3BBD4A0C 
 223 0831 B94DE37C 		.ascii	"\271M\343|\3137;\263\373eg\016\220\203= \365ok+mG\365"
 223      CB373BB3 
 223      FB65670E 
 223      90833D20 
 223      F56F6B2B 
 224 0848 73487D94 		.ascii	"sH}\224\273\375O\346)wv\246?\315\373\316`\315\273\343"
 224      BBFD4FE6 
 224      297776A6 
 224      3FCDFBCE 
 224      60CDBBE3 
 225 085c C9CD1BC9 		.ascii	"\311\315\033\311vr\365\316\336\305\275\357\354L\217"
 225      7672F5CE 
 225      DEC5BDEF 
 225      EC4C8F
 226 086b 4B3A5ABA 		.ascii	"K:Z\272\030&\012\341\344>\245\020\262\374\330t1\311"
 226      18260AE1 
 226      E43EA510 
 226      B2FCD874 
 226      31C9
 227 087d B3E02AFF 		.ascii	"\263\340*\377\361.\204\271@\024h!\274\253\261\356\306"
 227      F12E84B9 
 227      40146821 
 227      BCABB1EE 
 227      C6
 228 088e 2DCEA55B 		.ascii	"-\316\245[ds\235r~\276\350\007\325\036\242\012F\252"
 228      64739D72 
 228      7EBEE807 
 228      D51EA20A 
 228      46AA
 229 08a0 BDDCE79B 		.ascii	"\275\334\347\233-\273\3377\333< \007{@\242\367i+\275"
 229      2DBBDF37 
 229      DB3C2007 
 229      7B40A2F7 
 229      692BBD
ARM GAS  /var/folders/nx/qt6_p4ls4xzbnqkz75ny5wl40000gp/T//ccVv7vsg.s 			page 18


 230 08b3 87A2E751 		.ascii	"\207\242\347Q|c\244\255zQ\275\247\024\365/\371\301\271"
 230      7C63A4AD 
 230      7A51BDA7 
 230      14F52FF9 
 230      C1B9
 231 08c5 5FE37CDF 		.ascii	"_\343|\337;\274\363\201(\320\360~\240\261\226\240\322"
 231      3BBCF381 
 231      28D0F07E 
 231      A0B196A0 
 231      D2
 232 08d6 F922BCF5 		.ascii	"\371\"\274\365\212\300\005~P\035\3202u\3207\274\013"
 232      8AC0057E 
 232      501DD032 
 232      75D037BC 
 232      0B
 233 08e7 FB857711 		.ascii	"\373\205w\021\220\203= \321\245\332J\207P\364\"\012"
 233      90833D20 
 233      D1A5DA4A 
 233      8750F422 
 233      0A
 234 08f8 6F2CFD5B 		.ascii	"o,\375[\337\314r\354T\317\360}\200\006\270\262RSR\034"
 234      DFCC72EC 
 234      54CFF07D 
 234      8006B8B2 
 234      5253521C 
 235 090c 69CB5F59 		.ascii	"i\313_Y\362\312\254L\307\253\253\034\313\027\257p\274"
 235      F2CAAC4C 
 235      C7ABAB1C 
 235      CB17AF70 
 235      BC
 236 091d F6EA3F5E 		.ascii	"\366\352?^_\345\310\314\232\231:\3061c\306T\307\264"
 236      5FE5C8CC 
 236      9A993AC6 
 236      3163C654 
 236      C7B4
 237 092f ECACF47F 		.ascii	"\354\254\364\177\216v,{\343\365\205+V\3745e\251\244"
 237      8E762C7B 
 237      E3F5852B 
 237      56FC3565 
 237      A9A4
 238 0941 83E16BC6 		.ascii	"\203\341k\306\245\313\027\257\\\271l\205~\351\337\027"
 238      A5CB17AF 
 238      5CB96C85 
 238      7EE9DF17 
 239 0951 AFFA1B5B 		.ascii	"\257\372\033[\251\303?:\234\373\177\346\302H\202"
 239      A9C33F3A 
 239      9CFB7FE6 
 239      C24882
 240              		.text
 241              		.section	.gnu.lto_ext_lld_channel_disable.8d0d1319a63c7750,"",%progbits
 242 0000 789C9D95 		.ascii	"x\234\235\225KHTQ\030\200\317\177\356cF\235AQ\310i\304"
 242      4B485451 
 242      1880CF7F 
 242      EE63469D 
 242      4151C869 
 243 0015 492971A5 		.ascii	"I)q\245\267\007\264\211 \250\240\240hQ\2136\025f\202"
 243      B707B489 
ARM GAS  /var/folders/nx/qt6_p4ls4xzbnqkz75ny5wl40000gp/T//ccVv7vsg.s 			page 19


 243      20A8A0A0 
 243      68518B36 
 243      156682
 244 0028 923DC888 		.ascii	"\222=\310\210v]s\322v\232n\204r!\021=\324&{h\331T\223"
 244      765D73D2 
 244      769A6E84 
 244      7221113D 
 244      D4267B68 
 245 003f 3DB48795 		.ascii	"=\264\207\225e\226&\346b\354A\021\225=\234H\246\377"
 245      659626E6 
 245      62EC4111 
 245      953D9C48 
 245      A6FF
 246 0051 3FE7DA65 		.ascii	"?\347\332e\214\0263\003\376\367\336\177\376\363\235"
 246      8C163303 
 246      FEF7DE7F 
 246      FEF39D
 247 0060 EF9CF3DF 		.ascii	"\357\234\363\337Qa\377~\226\342\337&'c\253\360\012:"
 247      5161FF7E 
 247      96E2DF26 
 247      2763ABF0 
 247      0A3A
 248 0072 035EF788 		.ascii	"\003^\367\210\261J'\347J\320\307\314du\300`\246K\001"
 248      B14A27E7 
 248      4AD0C7CC 
 248      6475C060 
 248      A64B01
 249 0085 4DA6D5E9 		.ascii	"M\246\325\351\033\015\200n\030\260\003\\Q58\000\357"
 249      1B0D806E 
 249      18B0035C 
 249      51353800 
 249      EF
 250 0096 F9170E75 		.ascii	"\371\027\016u\241\226\306\224\374\023\246i~\356\376"
 250      A196C694 
 250      FC13A669 
 250      7EEEFE
 251 00a5 EE39E489 		.ascii	"\3569\344\211p\306&\270\234\011NB>\226\\\214\206\206"
 251      70C626B8 
 251      9C094E42 
 251      3E965C8C 
 251      8686
 252 00b7 74653130 		.ascii	"te10\274\277r\366[_\312;\036\341\220C\217]\365\275\215"
 252      BCBF72F6 
 252      5B5FCA3B 
 252      1EE19043 
 252      8F5DF5BD 
 253 00cc 3A3D7295 		.ascii	":=r\225\036\307.\377\250w\347\0357\315\203\241\241\363"
 253      1EC72EFF 
 253      A877E71D 
 253      37CD83A1 
 253      A1F3
 254 00de E63235C2 		.ascii	"\34625\302\0258\005\012\362\3404x\341\014x\031\246\030"
 254      1538050A 
 254      F2E03478 
 254      E10C7819 
 254      A618
 255 00f0 B4401E56 		.ascii	"\264@\036VO|\274T\242,\021\330\376\232\221\251\0249"
ARM GAS  /var/folders/nx/qt6_p4ls4xzbnqkz75ny5wl40000gp/T//ccVv7vsg.s 			page 20


 255      4F7CBC54 
 255      A22C11D8 
 255      FE9A91A9 
 255      1439
 256 0102 F0B71CA8 		.ascii	"\360\267\034\250B\353\314\201*\2036\310\243\362'S\315"
 256      42EBCC81 
 256      2A8336C8 
 256      A3F22753 
 256      CD
 257 0113 13BAB25C 		.ascii	"\023\272\262\\\032\005\002\343\332\334f\034:\326V\323"
 257      1A0502E3 
 257      DADC661C 
 257      3AD656D3 
 258 0123 E3327B4D 		.ascii	"\3432{M\377X4:'\30258\033K\220\037\034\362\305?\365"
 258      FF58343A 
 258      27C23538 
 258      1B4B901F 
 258      1CF2C53F 
 259 0138 2245F7E3 		.ascii	"\"E\367\343\232\323 \000s\345z\341\034\350\200\027\312"
 259      9AD32000 
 259      73E57AE1 
 259      1CE88017 
 259      CA
 260 0149 04D24366 		.ascii	"\004\322Cf4za\360Y\373\374W\371\3638\320\274\012\032"
 260      347A61F0 
 260      59FBFC57 
 260      F9F338D0 
 260      BC0A1A
 261 015c E82A058D 		.ascii	"\350*\005\215\002n<\026:\361\326\221D!\231\202\213\202"
 261      026E3C16 
 261      3AF1D691 
 261      44219982 
 261      8B82
 262 016e 9B422A85 		.ascii	"\233B*\2054\012\351\0242(\314\242\220I\301C\201\226"
 262      340AE914 
 262      3228CCA2 
 262      9049C143 
 262      8196
 263 0180 E4C8A290 		.ascii	"\344\310\242\220M\301G!\207B.\005\306\302hE'6\3169]"
 263      4DC14721 
 263      87422E05 
 263      C6C26845 
 263      2736CE39 
 264 0195 95613838 		.ascii	"\225a88Z\363\251k3\211\376\344\312OL\017C\325\244.\237"
 264      5AF3A96B 
 264      3389FEE4 
 264      CA4F4C0F 
 264      43D5A42E 
 265 01aa 554CE1D2 		.ascii	"UL\341\322\202\265\265w\034t \372\034\006\355\270h,"
 265      82B5B577 
 265      1C7420FA 
 265      1C06EDB8 
 265      682C
 266 01bc 19B14A34 		.ascii	"\031\261J4\230\347\305B&@a\220I\312\263A\340b\371\270"
 266      98E7C542 
 266      26406190 
 266      49CAB341 
ARM GAS  /var/folders/nx/qt6_p4ls4xzbnqkz75ny5wl40000gp/T//ccVv7vsg.s 			page 21


 266      E062F9B8 
 267 01d0 22CCB0E7 		.ascii	"\"\314\260\347\340\357\253\372\320d\015\243.\351\015"
 267      E0EFABFA 
 267      D0640DA3 
 267      2EE90D
 268 01df 06EADD84 		.ascii	"\006\352\335\204U\021{\336\332\313q<\312\240\017\275"
 268      55117BDE 
 268      DACB713C 
 268      CAA00FBD 
 269 01ef BA3BDA47 		.ascii	"\272;\332G\2534Y\355\304\352\243\017\2165:\251\332i"
 269      AB3459ED 
 269      C4EAA30F 
 269      8E353AA9 
 269      DA69
 270 0201 1EF69BA2 		.ascii	"\036\366\233\2423^\207\037\367\313\2248\201w\255?N\351"
 270      335E871F 
 270      F7CB9438 
 270      8177AD3F 
 270      4EE9
 271 0213 4D701422 		.ascii	"Mp\024\"<\011.\340\371\\$&~1\3319\331\220Z\320b\372"
 271      3C092EE0 
 271      F95C2426 
 271      7E31D939 
 271      D9905AD0 
 272 0229 2B9D119E 		.ascii	"+\235\021\236\014\227\240\011\276\212n\204\016( \363"
 272      0C97A009 
 272      BE8A6E84 
 272      0E2820F3 
 273 0239 5FD5235C 		.ascii	"_\325#\\\316\224D\252\264\003\325\267\255L2N\217yLv"
 273      CE9444AA 
 273      B403D5B7 
 273      AD4C324E 
 273      8F794C76 
 274 024d D78BE5C5 		.ascii	"\327\213\345\3051S\247=\323e(@\026Q:\372G\025\211v\305"
 274      3153A73D 
 274      D3652840 
 274      16513AFA 
 274      47158976 
 275 0262 81BA2250 		.ascii	"\201\272\"P@\250.!\375\367\220\334\302\332\225\220\340"
 275      40A82E21 
 275      FDF790DC 
 275      C2DA9590 
 275      E0
 276 0273 559B1A24 		.ascii	"U\233\032$A\267\020<\362\332\022L\215\003uM\240D\323"
 276      41B7103C 
 276      F2DA124C 
 276      8D03754D 
 276      A044D3
 277 0286 5F8F154C 		.ascii	"_\217\025L\023\202\251\011\011\336\260\251!\022L\223"
 277      1382A909 
 277      09DEB0A9 
 277      21124C93 
 278 0296 3B382D98 		.ascii	";8-\230\036\007\352\246@)\204\352\216\025\314\020\202"
 278      1E07EAA6 
 278      402984EA 
 278      8E15CC10 
 278      82
ARM GAS  /var/folders/nx/qt6_p4ls4xzbnqkz75ny5wl40000gp/T//ccVv7vsg.s 			page 22


 279 02a7 E90909DE 		.ascii	"\351\011\011\336\262\251\267I0CP\332\303\015\332\014"
 279      B2A9B749 
 279      304350DA 
 279      C30DDA0C 
 280 02b7 50A56986 		.ascii	"P\245i\206f\377\027\006\304\272#X*\261\356\022K\027"
 280      66FF1706 
 280      C4BA2358 
 280      2AB1EE12 
 280      4B17
 281 02c9 EF83CA06 		.ascii	"\357\203\312\006\014\371>\274i\260\336\207Yq\010\366"
 281      0CF93EBC 
 281      69B0DE87 
 281      597108F6 
 282 02d9 08A846D0 		.ascii	"\010\250F\320\336\351n\017[\275\235\371\267\333\037"
 282      DEE96E0F 
 282      5BBD9DF9 
 282      B7DB1F
 283 02e8 5A190FC2 		.ascii	"Z\031\017\3021\237\320V\334\263g\272O\372\036yVo\254"
 283      319FD056 
 283      DCB367BA 
 283      4FFA1E79 
 283      566FAC
 284 02fb B3F2C681 		.ascii	"\263\362\306\201z P\264~x\030{VY\302\332\233\220`\237"
 284      7A2050B4 
 284      7E78187B 
 284      5659C2DA 
 284      9B90609F 
 285 030f 4D7D4482 		.ascii	"M}D\202Y\262\333\337Z\202\331q\240\036\013\224\203P"
 285      59B2DBDF 
 285      5A82D971 
 285      A01E0B94 
 285      8350
 286 0321 4F62057D 		.ascii	"Ob\005}B0;!\301~\233\372\224\004}r\007\247\005s\342"
 286      42303B21 
 286      C17E9BFA 
 286      94047D72 
 286      07A70573 
 287 0336 403D1328 		.ascii	"@=\023('\241\006b\005s\205`NB\202\317m\352 \011\346"
 287      27A10662 
 287      05738560 
 287      4E4282CF 
 287      6DEA2009 
 288 034b CA6EFF78 		.ascii	"\312n\377x<\201n\177!XI\304ziw\273&\376-\215Be\250s"
 288      3C816E7F 
 288      215849C4 
 288      7A6977BB 
 288      26FE2D8D 
 289 0363 1D31E9C7 		.ascii	"\0351\351\307\023\333\225\262\370+\260\250\260\320X"
 289      13DB95B2 
 289      F82BB0A8 
 289      B0D058
 290 0372 5E5AB6B5 		.ascii	"^Z\266\265l\335zcW\205QZTn\354\336\265go\205\261~\303"
 290      6CDD7A63 
 290      5785515A 
 290      546EECDE 
 290      B5676F85 
 291 0389 DA450B8D 		.ascii	"\332E\013\2155kV\030+7nX\275o\201Q\262\177\357\226\362"
ARM GAS  /var/folders/nx/qt6_p4ls4xzbnqkz75ny5wl40000gp/T//ccVv7vsg.s 			page 23


 291      356B5618 
 291      2B376E58 
 291      BD6F8151 
 291      B27FEF96 
 292 039e F26D85C5 		.ascii	"\362m\205\305L\305\333\335\216\342\322\242\235;K\312"
 292      4CC5DBDD 
 292      8EE2D2A2 
 292      9D3B4BCA 
 293 03ae B5E21D45 		.ascii	"\265\342\035E\025\333\377\000/\313\350\241"
 293      15DBFF00 
 293      2FCBE8A1 
 294              		.text
 295              		.section	.gnu.lto_ext_lld_start.8d0d1319a63c7750,"",%progbits
 296 0000 789C8D53 		.ascii	"x\234\215S]h\024W\024\276\337\231\335\231\331\231\215"
 296      5D681457 
 296      14BEDF99 
 296      DD99D999 
 296      8D
 297 0011 BBFA2479 		.ascii	"\273\372$yiU\322}(\233\301\012\276TP\250\245\024\024"
 297      6955D27D 
 297      289BC10A 
 297      BE5450A8 
 297      A51414
 298 0024 1FF4C137 		.ascii	"\037\364\3017\361\017\014\004\225\032\244/\342M&\021"
 298      F10F0C04 
 298      951AA42F 
 298      E24D2611 
 299 0034 0595101F 		.ascii	"\005\225\020\037*\376\225R\252\266\321h4\211?1:*\210"
 299      2AFE9552 
 299      AAB6D168 
 299      34893F31 
 299      3A2A88
 300 0047 587F88D2 		.ascii	"X\177\210\322hj\252)h\250\017-\232\025\223\261\310\366"
 300      686AAA29 
 300      68A80F2D 
 300      9A1593B1 
 300      C8F6
 301 0059 9C3BAB8D 		.ascii	"\234;\253\215h\241\227\335\373s\3569\337\371\276{\316"
 301      68A197DD 
 301      FB73EE39 
 301      DFF9BE7B 
 301      CE
 302 006a 58EADDD1 		.ascii	"X\352\335\321\302\3779)\245\346\362\212\254\002\265"
 302      C2FF3929 
 302      A5E6F28A 
 302      AC02B5
 303 0079 DE54AAD1 		.ascii	"\336T\252\321%\262\356{J{\231\356\313J\351\254\205L"
 303      25B2EE7B 
 303      4A7B99EE 
 303      CB4AE9AC 
 303      854C
 304 008b 62CFC097 		.ascii	"b\317\300\227\015\322do-\360\275#s\326\206\233\\;\257"
 304      0DD2646F 
 304      2DF0BD23 
 304      73D6869B 
 304      5C3BAF
 305 009e 376EE277 		.ascii	"7n\342w\321\365)=\3723Cx\336\001bO\017\020\273\202\332"
ARM GAS  /var/folders/nx/qt6_p4ls4xzbnqkz75ny5wl40000gp/T//ccVv7vsg.s 			page 24


 305      D1F5293D 
 305      FA334378 
 305      DE01624F 
 305      0F10BB82 
 306 00b3 4C56266D 		.ascii	"LV&m;\256\357a3\371\012\323\345\307\343\011=#\264F\355"
 306      3BAEEF61 
 306      33F90AD3 
 306      E5C7E309 
 306      3D23B446 
 307 00c8 BBFDC20F 		.ascii	"\273\375\302\017Z\353\247\267\273\247\266L\215I\251"
 307      5AEBA7B7 
 307      BBA7B64C 
 307      8D49A9
 308 00d7 12258C71 		.ascii	"\022%\214q\010\005v\351*G\203\2665\033\212\367g:\236"
 308      080576E9 
 308      2A4783B6 
 308      351B8AF7 
 308      673A9E
 309 00ea DFF0FFA0 		.ascii	"\337\360\377\240\230\360\241\034\317\266]\335m\313\221"
 309      98F0A11C 
 309      CFB65DDD 
 309      6DCB91
 310 00f9 52721C3E 		.ascii	"Rr\034>\375\242\255\252\346{\255\233\242\013'\364\274"
 310      FDA2ADAA 
 310      E67BAD9B 
 310      A20B27F4 
 310      BC
 311 010a 544C160E 		.ascii	"TL\026\016\303b<\374\210j\374\204j\305&\205v\324\210"
 311      C3623CFC 
 311      886AFC84 
 311      6AC52685 
 311      76D488
 312 011d 7BD8F764 		.ascii	"{\330\367dG\332\372\324\000_\372\246\253\313\237\361"
 312      47DAFAD4 
 312      005FFAA6 
 312      ABCB9FF1 
 313 012d 1D870E77 		.ascii	"\035\207\016w\204\327\262\372\252n\036.\227?\210)\205"
 313      84D7B2FA 
 313      AA6E1E2E 
 313      973F8829 
 313      85
 314 013e 236F2324 		.ascii	"#o#$\203C\2365\277\272\353\333\315L=\217\243\230\221"
 314      83439E35 
 314      BFBAEBDB 
 314      CD4C3D8F 
 314      A39891
 315 0151 D046076C 		.ascii	"\320F\007l\360\"\226cS\"].\227\006\372\267\025\366Q"
 315      F0229663 
 315      53225D2E 
 315      9706FAB7 
 315      15F651
 316 0164 1E4A6C64 		.ascii	"\036Jldf\033\302\301a6i\217'\333\347\311\311\312\224"
 316      661BC2C1 
 316      6136698F 
 316      27DBE7C9 
 316      C9CA94
 317 0177 33F74A3D 		.ascii	"3\367J=b0~\307\307D\274X\277\242\251\247s\250\323\022"
ARM GAS  /var/folders/nx/qt6_p4ls4xzbnqkz75ny5wl40000gp/T//ccVv7vsg.s 			page 25


 317      62307EC7 
 317      C744BC58 
 317      BFA2A9A7 
 317      73A8D312 
 318 018b F4317238 		.ascii	"\3641r8\371\303G\267\372]Qn\031.\335\343\337\376Y\265"
 318      F9C347B7 
 318      FA5D516E 
 318      192EDDE3 
 318      DFFE59B5 
 319 019f 1F7B1193 		.ascii	"\037{\021\223;F6\216\011Q\266\357{\276k0W\3748\246\014"
 319      3B46368E 
 319      0951B6EF 
 319      7BBE6B30 
 319      57FC38A6 
 320 01b4 8E633F46 		.ascii	"\216c?F\315\313\242\023E\365\013\232\357\205\325\377"
 320      CDCBA213 
 320      45F50B9A 
 320      EF85D5FF 
 321 01c4 02F6EF39 		.ascii	"\002\366\3579\030\346\0040\303DOTt>f\370\2025\2040*"
 321      18E60430 
 321      C3444F54 
 321      743E66F8 
 321      82358430 
 322 01d9 5D21F115 		.ascii	"]!\361\025\314\003wvv\320\246\277\365V\355\306\344\225"
 322      CC037776 
 322      76D0A6BF 
 322      F556EDC6 
 322      E495
 323 01eb 48E49EC4 		.ascii	"H\344\236\304&f\357\233\220\2140V#\240\2114\271\361"
 323      2666EF9B 
 323      908C3056 
 323      23A08934 
 323      B9F1
 324 01fd D0856AEB 		.ascii	"\320\205j\353\372\251\006YI\034\323\212\033\306h\353"
 324      FAA90659 
 324      491CD38A 
 324      1BC668EB 
 325 020d 7F808489 		.ascii	"\177\200\204\211\367\177\264\330\3506Z ZzX\213@\374"
 325      F77FB4D8 
 325      E8365A20 
 325      5A7A588B 
 325      40FC
 326 021f FE5182E0 		.ascii	"\376Q\202\340O\314j\277\3658\215ZG\305\230\262\234\006"
 326      4FCC6ABF 
 326      F5388D5A 
 326      47C598B2 
 326      9C06
 327 0231 A72AA07F 		.ascii	"\247*\240\177]\332\3712Wl\327\371\230\252p\332\300R"
 327      5DDAF932 
 327      576CD7F9 
 327      98AA70DA 
 327      C052
 328 0243 52DEC6B6 		.ascii	"R\336\306\266\276\207\231\340\250n\325\321\334\230&"
 328      BE8799E0 
 328      A86ED5D1 
 328      DC9826
 329 0252 E10C8A63 		.ascii	"\341\014\212c&\245\\\336\275\266\343\276\313a|\2710"
ARM GAS  /var/folders/nx/qt6_p4ls4xzbnqkz75ny5wl40000gp/T//ccVv7vsg.s 			page 26


 329      26A55CDE 
 329      BDB6E3BE 
 329      CB617CB9 
 329      30
 330 0263 A61CCE22 		.ascii	"\246\034\316\"\030\225R(\364\032>\341\370\226\241tB"
 330      18955228 
 330      F41A3EE1 
 330      F896A174 
 330      42
 331 0274 289B707A 		.ascii	"(\233pz\323\252NJ\341\034g\347\002\014\206+*>\222\357"
 331      D3AA4E4A 
 331      E11C67E7 
 331      020C862B 
 331      2A3E92EF 
 332 0288 60EF76C7 		.ascii	"`\357v\30780J\337\233\002\330*\256\341\012\264D\257"
 332      38304ADF 
 332      9B02D82A 
 332      AEE10AB4 
 332      44AF
 333 029a AE58EFAD 		.ascii	"\256X\357\255@\276$\214q\236+\300\257\305\024c\232l"
 333      40BE248C 
 333      719E2BC0 
 333      AFC51463 
 333      9A6C
 334 02ac 229DD791 		.ascii	"\"\235\327\221\255\316\177\0052c\\x'\320\255\324%l\333"
 334      ADCE7F05 
 334      32635C78 
 334      27D0ADD4 
 334      256CDB
 335 02bf 32B2F77C 		.ascii	"2\262\367|\24529v\230\330&)n\223\210Y\016\3004\206t"
 335      A5323976 
 335      98D82629 
 335      6E938859 
 335      0EC03486 
 336 02d4 2D3B9978 		.ascii	"-;\231x_\361\227\217\0014\345Ub\206\210\275\021NJ\220"
 336      5FF1978F 
 336      0134E555 
 336      628688BD 
 336      114E4A90 
 337 02e8 04E6B7DE 		.ascii	"\004\346\267\336s=d`\246)\\L\304\216\000c\304\355\307"
 337      733D6460 
 337      A6295C4C 
 337      C48E0063 
 337      C4EDC7
 338 02fb 30EEB8CF 		.ascii	"0\356\270\3178\2364\322\0034F\273\2760\002\224|\026"
 338      389E34D2 
 338      033446BB 
 338      BE300294 
 338      7C16
 339 030d 6023EB9D 		.ascii	"`#\353\235U[\033|\266\246nE\335\242\305\301\272\015"
 339      555B1B7C 
 339      B6A66E45 
 339      DDA2C5C1 
 339      BA0D
 340 031f C19AE5F5 		.ascii	"\301\232\345\365\301\372u_5l\010\026/Y8\353\223`\301"
 340      C1FA755F 
 340      356C0816 
ARM GAS  /var/folders/nx/qt6_p4ls4xzbnqkz75ny5wl40000gp/T//ccVv7vsg.s 			page 27


 340      2F5938EB 
 340      9360C1
 341 0332 82F9C1E7 		.ascii	"\202\371\301\347K\227|\271qf\260\372\353\206e\365\365"
 341      4B977CB9 
 341      7166B0FA 
 341      EB8665F5 
 341      F5
 342 0343 AB6A57AA 		.ascii	"\253jW\252\024o\327\247\352\353\326\256\376\007\237"
 342      146FD7A7 
 342      EAEBD6AE 
 342      FE079F
 343 0352 428B57   		.ascii	"B\213W"
 344              		.text
 345              		.section	.gnu.lto_.symbol_nodes.8d0d1319a63c7750,"",%progbits
 346 0000 789C55C9 		.ascii	"x\234U\311-\022\302P\014E\341\363n\232\266x${M\025\272"
 346      2D12C250 
 346      0C45E1F3 
 346      6E9AB678 
 346      247B4D15 
 347 0015 FC836180 		.ascii	"\374\203a\200a\017\030\024\013\300b+\272\016\2062 ^"
 347      610F1814 
 347      0BC0622B 
 347      BA0E8632 
 347      205E
 348 0027 A3EEF962 		.ascii	"\243\356\371b\300\215\377i\241\200\366\011\021\034O"
 348      C08DFF69 
 348      A180F609 
 348      111C4F
 349 0036 35DE8AF3 		.ascii	"5\336\212\363`Z)R\376\320Z\241\021l\0246\202\245\242"
 349      605A2952 
 349      FED05AA1 
 349      116C1436 
 349      82A5A2
 350 0049 C8216D15 		.ascii	"\310!m\025\376\003\232f\350\275\242\314{\247\250\262"
 350      FE039A66 
 350      E8BDA2CC 
 350      7BA7A8B2 
 351 0059 364AAEDD 		.ascii	"6J\256\335;\231*\372\373\314\274\246\357\246\346\306"
 351      3B992AFA 
 351      FBCCBCA6 
 351      EFA6E6C6 
 352 0069 65FE3A4C 		.ascii	"e\376:L\314\013\036\337\301\007\362\\1\327"
 352      CC0B1EDF 
 352      C107F25C 
 352      31D7
 353              		.text
 354              		.section	.gnu.lto_.refs.8d0d1319a63c7750,"",%progbits
 355 0000 789C6366 		.ascii	"x\234cf```c\200\000F\006&FF\006\000\000\257\000\017"
 355      60606063 
 355      80004606 
 355      26464606 
 355      0000AF00 
 356              		.text
 357              		.section	.gnu.lto_.decls.8d0d1319a63c7750,"",%progbits
 358 0000 789CAD58 		.ascii	"x\234\255X{PT\327\031\277\347\236\335eY\027\2600\243"
 358      7B5054D7 
 358      19BFE79E 
ARM GAS  /var/folders/nx/qt6_p4ls4xzbnqkz75ny5wl40000gp/T//ccVv7vsg.s 			page 28


 358      DD655917 
 358      B030A3
 359 0013 19D2A448 		.ascii	"\031\322\244H\222\035\223Q\027\227\266\323v\246\323"
 359      921D9351 
 359      1797B6D3 
 359      76A6D3
 360 0022 74101332 		.ascii	"t\020\0232\321X i;\351\224AX#-\202\2055c\376\351\\@"
 360      D1582069 
 360      3BE99441 
 360      58232D82 
 360      853563FE 
 361 0039 11118D21 		.ascii	"\021\021\215!>\0005Y\004\025\224\227\020PQ\024P\036"
 361      3E003559 
 361      04159497 
 361      10505114 
 361      501E
 362 004b 8241EA93 		.ascii	"\202A\352\223\230 \013\211D\003\362\010\210 \257~\347"
 362      98200B89 
 362      4403F208 
 362      8820AF7E 
 362      E7
 363 005c 9C7B77EF 		.ascii	"\234{w\357.\273&\355\344\316|\354y\374\316\357\373}"
 363      2EBB26ED 
 363      E4CE7CEC 
 363      79FCCEEF 
 363      FB7D
 364 006e DF79DC73 		.ascii	"\337y\334s\301\034\307\235\3469n\026\236\233>\034\267"
 364      C11CC79D 
 364      E6396E16 
 364      9E9B3E1C 
 364      B7
 365 007f 0E739C0A 		.ascii	"\016s\234\012\332\326\200A\221{\000v\012\254\205c\217"
 365      DAD68041 
 365      917B0076 
 365      0AAC8563 
 365      8F
 366 0090 1A6C106C 		.ascii	"\032l\020l\004\354\021\330c\260\011\260I\260i\260Y0"
 366      04EC11D8 
 366      63B009B0 
 366      49B069B0 
 366      5930
 367 00a2 440C7176 		.ascii	"D\014qv\017\031\243\024yy\304x{\300\206\305~^\304L\272"
 367      0F19A314 
 367      7979C478 
 367      7BC086C5 
 367      7E5EC44C 
 368 00b7 184FFC69 		.ascii	"\030O\374i\305\361\236b\231pT\212<D#\2061\017\341w)"
 368      C5F19E62 
 368      9970548A 
 368      3C442386 
 368      310FE177 
 369 00cc FC2E0173 		.ascii	"\374.\001sC,\226n0\177(?\007\366\022\330\"\260g\021"
 369      432C966E 
 369      307F283F 
 369      07F612D8 
 369      22B06711 
 370 00e0 F33922EA 		.ascii	"\3639\"\352v|Hl\013\235\370#yh\000{\003l\021X/\330\267"
ARM GAS  /var/folders/nx/qt6_p4ls4xzbnqkz75ny5wl40000gp/T//ccVv7vsg.s 			page 29


 370      767C486C 
 370      0B9DF823 
 370      7968007B 
 370      036C1158 
 371 00f7 A286BB60 		.ascii	"\242\206\273`z\340]\006\026\000\026\014\266\002\354"
 371      7AE05D06 
 371      1600160C 
 371      B602EC
 372 0106 77A21649 		.ascii	"w\242\026I\327J\260\327\300<\000\177\023\354\006\230"
 372      D74AB0D7 
 372      C03C007F 
 372      13EC0698 
 373 0116 05ECF7D0 		.ascii	"\005\354\367\320\366\013\260\027\301:8\246\227\350~"
 373      F60BB017 
 373      C13A38A6 
 373      97E87E
 374 0125 1E4C27EA 		.ascii	"\036L'\352~\031\261\374<r\242\231\314\305\274\037\241"
 374      7E19B1FC 
 374      3C72A299 
 374      CCC5BC1F 
 374      A1
 375 0136 599E1F8D 		.ascii	"Y\236\037\215\314\217\344\373%\231/\311\367\263\242"
 375      CC8FE4FB 
 375      25992FC9 
 375      F7B3A2
 376 0145 DFC74EFC 		.ascii	"\337\307N\374\222\371\367v\341\267R\314\321\"'\363\344"
 376      92F9F776 
 376      E1B752CC 
 376      D12227F3 
 376      E4
 377 0156 982F92C7 		.ascii	"\230/\222\307o\300\024\342\234\311s\243\020\375\314"
 377      6FC014E2 
 377      9CC973A3 
 377      10FDCC
 378 0165 72B675E7 		.ascii	"r\266u\347\370\014\363\250<\357H\225\373}\036yj^%\325"
 378      F80CF3A8 
 378      3CEF4895 
 378      FB7D1E79 
 378      6A5E25D5 
 379 0179 FCBDFB8A 		.ascii	"\374\275\373\212\224P\325j\324\244\332\276?{@\215a\371"
 379      9450D56A 
 379      D4A4DABE 
 379      3F7B408D 
 379      61F9
 380 018b 41392FAB 		.ascii	"A9/\253\373\206f\311qA\020\322\204Z\013\262Q\214\246"
 380      FB8666C9 
 380      714110D2 
 380      845A0BB2 
 380      518CA6
 381 019e 1674CCC3 		.ascii	"\026t\314\303>\024t\373\321\215./\374<-\227d<\370\\"
 381      3E1474FB 
 381      D18D2E2F 
 381      FC3C2D97 
 381      643CF85C 
 382 01b2 815FA6E5 		.ascii	"\201_\246\345/\356\335-\362\304\006Z\316\271}o\024\203"
 382      2FEEDD2D 
 382      F2C4065A 
ARM GAS  /var/folders/nx/qt6_p4ls4xzbnqkz75ny5wl40000gp/T//ccVv7vsg.s 			page 30


 382      CEB97D6F 
 382      1483
 383 01c4 8F37343C 		.ascii	"\21774<\251\236jN\316W(x\016\225 \214J\221/\345\254"
 383      A99E6A4E 
 383      CE572878 
 383      0E95208C 
 383      4A912FE5 
 384 01d9 355FABF3 		.ascii	"5_\253\363\"\215\305\320\370\242/*C\012\322\334t\362"
 384      228DC5D0 
 384      F8A22F2A 
 384      430AD2DC 
 384      74F2
 385 01eb A36E0FD2 		.ascii	"\243n\017\322\\\004\315/\370\242\223\2549\351\350\331"
 385      5C04CD2F 
 385      F8A293AC 
 385      39E9E8D9 
 386 01fb 0C37605C 		.ascii	"\0147`\\\240\241\203w\265\346\324aZ\235%\016\371\364"
 386      A0A18377 
 386      B5E6D461 
 386      5A9D250E 
 386      F9F4
 387 020d FE894635 		.ascii	"\376\211F5R\353R\005!Y\030JN\302Y\236\034Z\342\213^"
 387      52EB5205 
 387      2159184A 
 387      4EC2599E 
 387      1C5AE28B 
 388 0222 065FA812 		.ascii	"\006_\250\022\251\321q\264\004U!\035*G\012T\201|\321"
 388      A9D171B4 
 388      0455211D 
 388      2A470A54 
 388      817CD1
 389 0235 67A0221F 		.ascii	"g\240\"\037\002\035\232\236\371@\020\024\004\303\021"
 389      021D9A9E 
 389      F9401014 
 389      04C311
 390 0244 903C73FC 		.ascii	"\220<s\374x\327\241v\205sVt\032\310\236Fl\331\021\245"
 390      78D7A176 
 390      85735674 
 390      1AC89E46 
 390      6CD911A5 
 391 0258 46A70070 		.ascii	"F\247\000p\002\342`\304\324\211\224\322-\371c\323\012"
 391      02E260C4 
 391      D48994D2 
 391      2DF963D3 
 391      0A
 392 0269 FC779AAE 		.ascii	"\374w\232\256\353\025\003\311J:C\302\317hj\006\237\264"
 392      EB1503C9 
 392      4A3A43C2 
 392      CF686A06 
 392      9FB4
 393 027b 6AE814ED 		.ascii	"j\350\024\355\246\371\353\312(\337\346\211\243)\366"
 393      A6F9EBCA 
 393      28DFE689 
 393      A329F6
 394 028a 4CC9E8E7 		.ascii	"L\311\350\347\363(\326\217T\2533\233\263T\024J\323t"
 394      F328D68F 
 394      54AB339B 
ARM GAS  /var/folders/nx/qt6_p4ls4xzbnqkz75ny5wl40000gp/T//ccVv7vsg.s 			page 31


 394      B354144A 
 394      D374
 395 029c E1FC78A3 		.ascii	"\341\374x\243\006o\242\310\2144\313e\015\3767\222\247"
 395      066FA2C8 
 395      8C34CB65 
 395      0DFE3792 
 395      A7
 396 02ad 6F114B5F 		.ascii	"o\021K_\327\201\211|wZ%g\234\027\211\265\271W\310\363"
 396      D781897C 
 396      775A2567 
 396      9C1789B5 
 396      B957C8F3 
 397 02c1 443A0D4D 		.ascii	"D:\015MJ\366\221\236\327S\204W\321%\244A\2656\375d4"
 397      4AF6919E 
 397      D7538457 
 397      D125A441 
 397      B536FD64 
 398 02d6 79D2483E 		.ascii	"y\322H>v\247\010\356\315\220\217\032\010\372<\004\215"
 398      76A708EE 
 398      CD908F1A 
 398      08FA3C04 
 398      8D
 399 02e7 2E421616 		.ascii	".B\026\026i(\026\325Ac=4\002q\303\324\371-J\244\321"
 399      692816D5 
 399      41633D34 
 399      0271C3D4 
 399      F92D4AA4 
 400 02fc 391FD4E8 		.ascii	"9\037\324\350d\020\225\320\266-s\001\231\230\006\220"
 400      641095D0 
 400      B62D7301 
 400      99980690 
 401 030c 70C12601 		.ascii	"p\301&\001\024YS\370\355\304\203c\036\3704[\273m\035"
 401      145953F8 
 401      EDC48363 
 401      1EF8345B 
 401      BB6D1D
 402 031f 83C7DD70 		.ascii	"\203\307\335p\015\255\360\267g\247\276TJ\301\344\234"
 402      0DADF0B7 
 402      67A7BE54 
 402      4AC1E49C 
 403 032f E85D930C 		.ascii	"\350]\223\014\301\264\000S\263\215\251\001=5\232\313"
 403      C1B40053 
 403      B38DA901 
 403      3D359ACB 
 404 033f 4EA34125 		.ascii	"N\243A%\255-\327\310\362\344(\335\2734\351\237\244_"
 404      AD2DD7C8 
 404      F2E428DD 
 404      BB34E99F 
 404      A45F
 405 0351 EA57E019 		.ascii	"\352W\340\031\246\343^\345\331B-\316\300\264rmdO\301"
 405      A6E35EE5 
 405      D9422DCE 
 405      C0B4726D 
 405      644FC1
 406 0364 3C3A3B8B 		.ascii	"<:;\213H\265\273\252\264B\245\001\177\202\350\017:\254"
 406      48B5BBAA 
 406      B442A501 
ARM GAS  /var/folders/nx/qt6_p4ls4xzbnqkz75ny5wl40000gp/T//ccVv7vsg.s 			page 32


 406      7F82E80F 
 406      3AAC
 407 0376 1E397495 		.ascii	"\0369t\225(B\213}Q\033\363u\250\242\274^\213?dT\371"
 407      28428B7D 
 407      511BF375 
 407      A8A2BC5E 
 407      8B3F6454 
 408 038b 499D473C 		.ascii	"I\235G<q\026\253\244\026u6)\360aZ\361\355\3356Y\341"
 408      7116ABA4 
 408      16753629 
 408      F0615AF1 
 408      EDDD3659 
 409 03a0 8174FEFE 		.ascii	"\201t\376\376>\336\376>>:\0370(\353\026*\264\360\350"
 409      3EDEFE3E 
 409      3E3A1F30 
 409      28EB162A 
 409      B4F0E8
 410 03b3 743ABA1A 		.ascii	"t:\272\032\013S4\002B\367\221\026]\261\245\340[\244"
 410      0B533402 
 410      42F79116 
 410      5DB1A5E0 
 410      5BA4
 411 03c5 65293013 		.ascii	"e)0\023\310Wy\253\205\346\000t\033y\243v\300t\"\037"
 411      C85779AB 
 411      85E60074 
 411      1B79A376 
 411      C074221F 
 412 03d9 540DDACE 		.ascii	"T\015\332\316\222l,&\372^\361e\320d\313\344\305\253"
 412      926C2C26 
 412      FA5EF165 
 412      D064CBE4 
 412      C5AB
 413 03eb 5A82ED05 		.ascii	"Z\202\355\005\276k\200\275\005Xk\346(\266\206D\304}"
 413      BE6B80BD 
 413      05586BE6 
 413      28B68644 
 413      C47D
 414 03fd 4443350B 		.ascii	"DC5\013\257\2328t\014\372\013H\177\2418\200\354\234"
 414      AF9A3874 
 414      0CFA0B48 
 414      7FA13880 
 414      EC9C
 415 040f 7EC87237 		.ascii	"~\310r7\362G7\221?\025\262\233\016\020\004?\023\372"
 415      F2473791 
 415      3F15B29B 
 415      0E10043F 
 415      13FA
 416 0421 42E69F23 		.ascii	"B\346\237#\252\244\0141\011\227\363\332\250\004\022"
 416      AAA40C31 
 416      0997F3DA 
 416      A80412
 417 0430 D2E7C078 		.ascii	"\322\347\300x\347\177\221\360%\270\275#J\370\016\312"
 417      E77F91F0 
 417      25B8BD23 
 417      4AF80ECA 
 418 0440 1690D021 		.ascii	"\026\220\320!Jp6\200s\211\246\311m\201\255N\344\236"
 418      4A703680 
ARM GAS  /var/folders/nx/qt6_p4ls4xzbnqkz75ny5wl40000gp/T//ccVv7vsg.s 			page 33


 418      7389A6C9 
 418      6D81AD4E 
 418      E49E
 419 0452 B3A516F0 		.ascii	"\263\245\026\360\234\214N\240t\326tv\001K\247\310\330"
 419      9C8C4EA0 
 419      74D67476 
 419      014BA7C8 
 419      D8
 420 0463 07E51B76 		.ascii	"\007\345\033v\276\355\301\334\323\220fW\264\234\025"
 420      BEEDC1DC 
 420      D3906657 
 420      B49C15
 421 0472 49149AEF 		.ascii	"I\024\232\357b\204\276\202\236\377\330\024vJ\012i:\253"
 421      6284BE82 
 421      9EFFD814 
 421      764A0A69 
 421      3AAB
 422 0484 C57492ED 		.ascii	"\305t\222\355\326\3444\235\266\331\037\314\273:O\310"
 422      D6E4349D 
 422      B6D91FCC 
 422      BB3A4FC8 
 423 0494 0AA0A7DB 		.ascii	"\012\240\247\333\031q2\305S\321\206\224\207b\315\373"
 423      197132C5 
 423      53D18694 
 423      8762CDFB 
 424 04a4 D720D0D5 		.ascii	"\327 \320\325\324\263\323\270,\3659\262\353{\000Th\323"
 424      D4B3D3B8 
 424      2CF539B2 
 424      EB7B0054 
 424      68D3
 425 04b6 7A4BD2BA 		.ascii	"zK\322\272W\334;\363\025h\315\002\331\326\371\006\301"
 425      57DC3BF3 
 425      1568CD02 
 425      D9D6F906 
 425      C1
 426 04c7 C504DD43 		.ascii	"\305\004\335C\344\225H6\347\003X\025\255PK\267\355m"
 426      E4954836 
 426      E7035815 
 426      AD504BB7 
 426      ED6D
 427 04d9 74571612 		.ascii	"tW\026\022G\226.!\224\003\200D\006\200\315!\272w\205"
 427      47962E21 
 427      94038044 
 427      0680CD21 
 427      BA7785
 428 04ec 41D72104 		.ascii	"A\327!\004\347\260\036;_\017\230/v\032\265\366\275\236"
 428      E7B01E3B 
 428      5F0F982F 
 428      761AB5F6 
 428      BD9E
 429 04fe 04A71159 		.ascii	"\004\247\021Y \366/\034:Q\0350Q\235N\273,})*\330\302"
 429      20F62F1C 
 429      3A511D30 
 429      519D4EBB 
 429      2C7D292A 
 430 0514 B7E67412 		.ascii	"\267\346t\022z8\023\316N\366\334P,t\225\240\2074A\357"
 430      7A3813CE 
ARM GAS  /var/folders/nx/qt6_p4ls4xzbnqkz75ny5wl40000gp/T//ccVv7vsg.s 			page 34


 430      4EF6DC50 
 430      2C7495A0 
 430      873441EF 
 431 0528 2AD8C9D9 		.ascii	"*\330\311\331\177h\014\216\365Bv\230\244L>\232\360\362"
 431      7F680C8E 
 431      F5427698 
 431      A44C3E9A 
 431      F0F2
 432 053a FB443097 		.ascii	"\373D0\227\015\015\354\354\015\310\026\314\311\302\314"
 432      0D0DECEC 
 432      0DC816CC 
 432      C9C2CC
 433 0549 2CBC57C9 		.ascii	",\274W\311 4`\235\005\216\224\231\307A\344\007\003\017"
 433      2034609D 
 433      058E9499 
 433      C741E407 
 433      030F
 434 055b 9E1C3FAC 		.ascii	"\236\034?\254PH\351fg\341\255\264\273}\236.U\014S\025"
 434      5048E966 
 434      67E1ADB4 
 434      BB7D9E2E 
 434      550C5315 
 435 056f 434894D1 		.ascii	"CH\224\321\365\345\035\213\006\177\307dX\266}\374DK"
 435      F5E51D8B 
 435      067FC764 
 435      58B67DFC 
 435      444B
 436 0581 6598EFE4 		.ascii	"e\230\357\344\251\232\205\332\331\331?\220\001\350{"
 436      A99A85DA 
 436      D9D93F90 
 436      01E87B
 437 0590 9982EF25 		.ascii	"\231\202\357%\005#TAj\335\354=\204\0373\202\364\035"
 437      05235441 
 437      6ADDEC3D 
 437      841F3382 
 437      F41D
 438 05a2 1776F040 		.ascii	"\027v\360@`)3\247\035\221\010\310|\215\312\010F%\202"
 438      602933A7 
 438      1D9108C8 
 438      7C8DCA08 
 438      462582
 439 05b5 4794A037 		.ascii	"G\224\2407\265#\031\343]\012J0z\262\240T\315\010\212"
 439      B52319E3 
 439      5D0A4A30 
 439      7AB2A054 
 439      CD088A
 440 05c8 8EC909C6 		.ascii	"\216\311\011\306d\004c\022\301cJ\260g\353\247;\335\361"
 440      64046312 
 440      C1634AB0 
 440      67EBA73B 
 440      DDF1
 441 05da 51465096 		.ascii	"QFP\226\332tQ\315B(\266\013a\\F0.\021LP\202s\333\256"
 441      DA7451CD 
 441      4228B60B 
 441      615C4630 
 441      2E114C50 
 442 05f2 17AAF067 		.ascii	"\027\252\360g\214\340R~A\237\033Q\000;\341`\2726[\310"
ARM GAS  /var/folders/nx/qt6_p4ls4xzbnqkz75ny5wl40000gp/T//ccVv7vsg.s 			page 35


 442      8CE0527E 
 442      419F1B51 
 442      003BE160 
 442      BA365BC8 
 443 0606 95A682B0 		.ascii	"\225\246\202\260<\221\261<\221X&)\313\245\376\226\001"
 443      3C91B13C 
 443      91582629 
 443      CBA5FE96 
 443      01
 444 0617 2DAE672C 		.ascii	"-\256g,#\327\373\222h\"\204\262\263\025\226\0052\026"
 444      23D7FB92 
 444      682284B2 
 444      B3159605 
 444      3216
 445 0629 32A15332 		.ascii	"2\241S2\226)\211e\232\262|\327\235\225\251\304\231J"
 445      96298965 
 445      9AB27CD7 
 445      9D95A9C4 
 445      994A
 446 063b CAB2B53E 		.ascii	"\312\262\265>\247\230i1_=\222\352'FC\030fd\0143\022"
 446      A7986931 
 446      5F3D92EA 
 446      27464318 
 446      66640C33 
 447 0650 C32C65E8 		.ascii	"\303,e\3509U5\246\302\307\031C\333T\323\264\352\205"
 447      395535A6 
 447      C2C71943 
 447      DB54D3B4 
 447      EA85
 448 0662 5CC1621E 		.ascii	"\\\301b\036\032(\276\343\221D\026\226@H\350\366\020"
 448      1A28BEE3 
 448      91441696 
 448      4048E8F6 
 448      10
 449 0673 78CA223B 		.ascii	"x\312\";c\241\205R%\361/\300\350'7szTZ\371\246\032\266"
 449      63A18552 
 449      25F12FC0 
 449      E8273773 
 449      7A545AF9 
 450 068a DB9FC93C 		.ascii	"\333\237\311<\335T\344\027\320w\263j\323\025v\350\207"
 450      DD54E417 
 450      D077B36A 
 450      D31576E8 
 450      87
 451 069b 76E81411 		.ascii	"v\350\024\021\235B\321W\366\335\177\235\336\241j1\275"
 451      9D42D157 
 451      F6DD7F9D 
 451      DEA16A31 
 451      BD
 452 06ac 1DD5165F 		.ascii	"\035\325\026_w\243\257\351\337\320WxG}\207\012\227\261"
 452      77A3AFE9 
 452      DFD05778 
 452      477D870A 
 452      97B1
 453 06be 201ED6E7 		.ascii	" \036\326\347o&\257\354\224\037ww\201\021\331\247R\027"
 453      6F26AFEC 
 453      941F7777 
ARM GAS  /var/folders/nx/qt6_p4ls4xzbnqkz75ny5wl40000gp/T//ccVv7vsg.s 			page 36


 453      8111D9A7 
 453      5217
 454 06d0 E21A367A 		.ascii	"\342\0326z\362\366\264\331\035\327\261JK\322\303*\017"
 454      F2F6B4D9 
 454      1DD7B14A 
 454      4BD2C32A 
 454      0F
 455 06e1 DCC02ACD 		.ascii	"\334\300*\315\303\245\323\036\270Et\222:\376\265\007"
 455      C3A5D31E 
 455      B8457492 
 455      3AFEB507 
 456 06f1 BECA2AAD 		.ascii	"\276\312*\255=\343#Z\252f>\275K\017\024\347\360\370"
 456      3DE3235A 
 456      AA663EBD 
 456      4B0F14E7 
 456      F0F8
 457 0703 A6985221 		.ascii	"\246\230R!k\267'\356`\225\354\307W\032\275(\360\031"
 457      6BB727EE 
 457      6095ECC7 
 457      571ABD28 
 457      F019
 458 0715 52ED2D6E 		.ascii	"R\355-n\314\363\304=\254\357|\325X\207\026\367+\355"
 458      CCF3C43D 
 458      ACEF7CD5 
 458      588716F7 
 458      2BED
 459 0727 EE8C5A76 		.ascii	"\356\214Zvg\334YS\334\203\3600\353+\231\272\177\305"
 459      67DC5953 
 459      DC83F030 
 459      EB2B99BA 
 459      7FC5
 460 0739 138FB14A 		.ascii	"\023\217\261JAO[\246\007\005.&\325\276\303_\357W\341"
 460      414F5BA6 
 460      07052E26 
 460      D5BEC35F 
 460      EF57E1
 461 074c 29D657D3 		.ascii	")\326W\323\331\271\025\341d\025\255t=\356\252g\031\013"
 461      D9B915E1 
 461      6415AD74 
 461      3DEEAA67 
 461      190B
 462 075e A0F79CCC 		.ascii	"\240\367\234\314\302\033*\274\235\366\315\277\225\273"
 462      C21B2ABC 
 462      9DF6CDBF 
 462      95BB
 463 076c 671746FE 		.ascii	"g\027F\376\362\307\307_g\026\266\244\014\035:S\364\313"
 463      F2C7C75F 
 463      6716B6A4 
 463      0C1D3A53 
 463      F4CB
 464 077e C272A176 		.ascii	"\302r\241v\013F\333x\015\202\270P\001/{\321d\363\266"
 464      0B46DB78 
 464      0D82B850 
 464      012F7BD1 
 464      64F3B6
 465 0791 17371960 		.ascii	"\0277\031`N/V\301K\211`\263\234c_\261B\007NH\3204G\350"
 465      4E2F56C1 
ARM GAS  /var/folders/nx/qt6_p4ls4xzbnqkz75ny5wl40000gp/T//ccVv7vsg.s 			page 37


 465      4B8960B3 
 465      9C635FB1 
 465      42074E48 
 466 07a9 627B649A 		.ascii	"b{d\232\225t\257#r\237\003\351\270\2254\335\021\312"
 466      9574AF23 
 466      729F03E9 
 466      B89534DD 
 466      11CA
 467 07bb D6AC0DFA 		.ascii	"\326\254\015\372\304\012\315p\204\356t`\235\261B3\035"
 467      C40ACD70 
 467      84EE7460 
 467      9DB14233 
 467      1D
 468 07cc A11F3B40 		.ascii	"\241\037;@"
 469 07d0 07ADD0ED 		.ascii	"\007\255\320\355N\243\222r%$\233\247)\224\274\300?r"
 469      4EA39272 
 469      25249BA7 
 469      2994BCC0 
 469      3F72
 470 07e2 84EE76CC 		.ascii	"\204\356v\314\353\204\225v\207\363\270d\330I+v\227\363"
 470      EB849576 
 470      87F3B864 
 470      D8492B76 
 470      97F3
 471 07f4 C064D8ED 		.ascii	"\300d\330\355\326\324\356w\236Z\231\336)\253\336\017"
 471      D6D4EE77 
 471      9E5A99DE 
 471      29ABDE0F 
 472 0804 9DEB9D73 		.ascii	"\235\353\235s\217\330\302\373\242\255\264\213\240\311"
 472      8FD8C2FB 
 472      A2ADB48B 
 472      A0C9
 473 0812 E1719CD7 		.ascii	"\341q\234\327\241C\274?:\014\366)X>\230\031\354\010"
 473      A143BC3F 
 473      3A0CF629 
 473      583E9819 
 473      EC08
 474 0824 D831B03C 		.ascii	"\3301\260<\260\\\260B\260O\300\216\202\035\004;\300"
 474      B05CB042 
 474      B04FC08E 
 474      821D043B 
 474      C0
 475 0835 FB8B771F 		.ascii	"\373\213w\037\020=k\015p\217\363\351`\242\351K\270\377"
 475      103D6B0D 
 475      708FF3E9 
 475      60A2E94B 
 475      B8FF
 476 0847 04790903 		.ascii	"\004y\011\003f\356\327b\376\2079\231nH\347Cq\031\253"
 476      66EED762 
 476      FE873999 
 476      6E48E743 
 476      7119AB
 477 085a D4A80898 		.ascii	"\324\250\010\230Ry\353%\206\014\222\337\335\354BB' "
 477      5279EB25 
 477      860C92DF 
 477      DDEC4242 
 477      2720
ARM GAS  /var/folders/nx/qt6_p4ls4xzbnqkz75ny5wl40000gp/T//ccVv7vsg.s 			page 38


 478 086c 929F2A2A 		.ascii	"\222\237**\262[O4\226\253\355\316\303\"^~%)\026\317"
 478      B25B4F34 
 478      96ABEDCE 
 478      C3225E7E 
 478      252916CF 
 479 0880 C3627A1E 		.ascii	"\303bz\036\236\031\027.\250|\304\233\257\331\325U\231"
 479      9E19172E 
 479      A87CC49B 
 479      AFD9D555 
 479      99
 480 0891 B3BBF992 		.ascii	"\263\273\371\222kDn\365\240\227\267\354\316^\302\273"
 480      6B446EF5 
 480      A097B7EC 
 480      CE5EC2BB 
 481 08a1 BAB3A352 		.ascii	"\272\263\243R\336\033F\0340\267\357\327j\304/\256\264"
 481      DE1B461C 
 481      30B7EFD7 
 481      6AC42FAE 
 481      B4
 482 08b2 1F3E4E51 		.ascii	"\037>NQ\031\257!w\233\361\252c\236\364\300\266\320\343"
 482      19AF2177 
 482      9BF1AA63 
 482      9EF4C0B6 
 482      D0E3
 483 08c4 A7FCDCFD 		.ascii	"\247\374\334\375G\354\344\3739=\371\206\316\344*p\035"
 483      47ECE4FB 
 483      393DF986 
 483      CEE42A70 
 483      1D
 484 08d5 3B9ABE68 		.ascii	";\232\276h\255oW\341vV\251\036\3361\252\306\267Xe\357"
 484      AD6F57E1 
 484      7656A91E 
 484      DE31AAC6 
 484      B75865EF 
 485 08e9 B98399EC 		.ascii	"\271\203\231\354\037!\002\255\357*\311\037a,\364-P\220"
 485      1F2102AD 
 485      EF2AC91F 
 485      612CF42D 
 485      5090
 486 08fb FBD515EC 		.ascii	"\373\325\025\354\372\353\3544/~\235\235\342\331\327"
 486      FAEBEC34 
 486      2F7E9D9D 
 486      E2D9D7
 487 090a 595FFB71 		.ascii	"Y_\373q\273\340\311J\256\202\351d\233\342\014\357-\015"
 487      BBE0C94A 
 487      AE82E964 
 487      9BE20CEF 
 487      2D0D
 488 091c 22E8FD37 		.ascii	"\"\350\3757\013\206\334\344h\262\334\\\242\257\227L"
 488      0B86DCE4 
 488      68B2DC5C 
 488      A2AF974C 
 489 092c 0CA9F11D 		.ascii	"\014\251\361\035&\373r\376\201\011O\334M+\252\364\312"
 489      26FB72FE 
 489      81094FDC 
 489      4D2BAAF4 
 489      CA
ARM GAS  /var/folders/nx/qt6_p4ls4xzbnqkz75ny5wl40000gp/T//ccVv7vsg.s 			page 39


 490 093d 4F9BBCC8 		.ascii	"O\233\274\310\341\012\037y\260x\223,9\245o\220{{5\357"
 490      E10A1F79 
 490      B078932C 
 490      39A56F90 
 490      7B7B35EF 
 491 0951 8DCEC25A 		.ascii	"\215\316\302Z\253\205\031\220h\347\034QY\245\322B\377"
 491      AB851990 
 491      68E71C51 
 491      59A5D242 
 491      FF
 492 0962 4C84BA3A 		.ascii	"L\204\272:\"\263\255\310J\247H\371\267\025[\310'\301"
 492      22B3ADC8 
 492      4AA748F9 
 492      B7155BC8 
 492      27C1
 493 0974 69398DA5 		.ascii	"i9\215\245V\\\305u\260\212\317\303\252\274\000V\003"
 493      565CC575 
 493      B08ACFC3 
 493      AABC0056 
 493      03
 494 0985 56CFCB3E 		.ascii	"V\317\313>\231v\225\222}T;g\037\021\357\226\003\245"
 494      99769592 
 494      7D543B67 
 494      1F11EF96 
 494      03A5
 495 0997 2DF46384 		.ascii	"-\364c\204\370?\347\350_v6\300\246\253\336'\264\361"
 495      F83FE7E8 
 495      5F7636C0 
 495      A6ABDE27 
 495      B4F1
 496 09a9 D2A63B18 		.ascii	"\322\246;\030\257F\227\000[a\333t\265\3166\235\244\025"
 496      AF469700 
 496      5B61DB74 
 496      B5CE369D 
 496      A415
 497 09bb 5D04893F 		.ascii	"]\004\211?$\227l\246\234\022\2707\3107\323%\273\315"
 497      24976CA6 
 497      9C12B837 
 497      C837D325 
 497      BBCD
 498 09cd D4206EA6 		.ascii	"\324 n\246\006\272\231\362g*+\265\022:\355i\037\026"
 498      06BA99F2 
 498      672A2BB5 
 498      123AED69 
 498      1F16
 499 09df A8910E38 		.ascii	"\250\221\0168ZS\263\335\303\345\000\207\257\014\324"
 499      5A53B3DD 
 499      C3E50087 
 499      AF0CD4
 500 09ee 04CEDC83 		.ascii	"\004\316\334\203\377\022\276\"!\346}c\202\352\265\325"
 500      FF12BE22 
 500      21E67D63 
 500      82EAB5D5 
 501 09fe 6FFB0571 		.ascii	"o\373\005q\032\343fS\242)\322d\2140i\240/\342\355\325"
 501      1AE36653 
 501      A229D264 
 501      8C3069A0 
ARM GAS  /var/folders/nx/qt6_p4ls4xzbnqkz75ny5wl40000gp/T//ccVv7vsg.s 			page 40


 501      2FE2EDD5 
 502 0a12 21AB43C2 		.ascii	"!\253C\302\325\244\030\026\376\326\032\332\366\307\240"
 502      D5A41816 
 502      FED61ADA 
 502      F6C7A0
 503 0a21 F0907782 		.ascii	"\360\220w\202\375\226-\323\007\255\217Y\033\363V\230"
 503      FD962DD3 
 503      07AD8F59 
 503      1BF35698 
 504 0a31 3E3E51BF 		.ascii	">>Q\277>2V\037\023\027\025\273)\332\250\007\216e\353"
 504      3E32561F 
 504      131715BB 
 504      29DAA807 
 504      8E65EB
 505 0a44 3925E599 		.ascii	"9%\345\231\017#\202\326G\306\305\031c\203\342\343\326"
 505      0F2382D6 
 505      47C6C519 
 505      6383E2E3 
 505      D6
 506 0a55 C5BCA7DE 		.ascii	"\305\274\247\336\024\023g\0124\000\177D\204T\374\233"
 506      1413670A 
 506      34007F44 
 506      8454FC9B 
 507 0a65 7E536282 		.ascii	"~Sb\202>6>\012H\202\214\261\261\221\011\372\310\204"
 507      3E363E0A 
 507      48828CB1 
 507      B19109FA 
 507      C884
 508 0a77 0D4BE3E2 		.ascii	"\015K\343\342\343\214K\215\221kc\226\276\027\025\245"
 508      E38C4B8D 
 508      916B6396 
 508      BE1715A5 
 509 0a87 37042CFF 		.ascii	"7\004,\377U\300o\015\313\355\273\254N7DF\255\217\211"
 509      55C06F0D 
 509      CBEDBBAC 
 509      4E374446 
 509      AD8F89
 510 0a9a 33EA23A2 		.ascii	"3\352#\242\215\353\"7\305\232\"L\037l4&\202\216?\375"
 510      8DEB2237 
 510      C59A224C 
 510      1F6C3426 
 510      828E3FFD 
 511 0aae 04E4891F 		.ascii	"\004\344\211\037$\352#\022M\321\240\027\030\025\033"
 511      24EA2312 
 511      4DD1A017 
 511      18151B
 512 0abd E2A38D5A 		.ascii	"\342\243\215Z\343\346\215Q,\260\010S\340\334dl\214O"
 512      E3E68D51 
 512      2CB00853 
 512      E0DC646C 
 512      8C4F
 513 0acf 3025EAC3 		.ascii	"0%\352\303\302W\005\032\364o\276\271B\017y\010y\177"
 513      C257051A 
 513      F46FBEB9 
 513      420F7908 
 513      797F
 514 0ae1 39C94D44 		.ascii	"9\311MDll4\260x@\0214\305\256\215\214\372g\204\211\217"
ARM GAS  /var/folders/nx/qt6_p4ls4xzbnqkz75ny5wl40000gp/T//ccVv7vsg.s 			page 41


 514      6C6C34B0 
 514      78401134 
 514      C5AE8D8C 
 514      FA678489 
 515 0af6 5AAB16E9 		.ascii	"Z\253\026\351\022\311\254\260d\251\242\350\217V\034"
 515      12C9ACB0 
 515      64A9A2E8 
 515      8F561C
 516 0b05 15111317 		.ascii	"\025\021\023\027\363\177\370\212\342\254\004\211\246"
 516      F37FF88A 
 516      E2AC0489 
 516      A6
 517 0b12 F88D0BA4 		.ascii	"\370\215\013\244\212$\337\030\027\2716\326\270\320\261"
 517      8A24DF18 
 517      17B936D6 
 517      B8D0B1
 518 0b21 393A2691 		.ascii	"9:&\221\264{\330\306F&\230H\355\255\265\3770F\231B@"
 518      B47BD8C6 
 518      46269848 
 518      EDADB5FF 
 518      30469942 
 519 0b36 CB33521F 		.ascii	"\3133R\037\374\306D\304$\374K\032\364\353\247\213\244"
 519      FCC644C4 
 519      24FC4B1A 
 519      F4EBA78B 
 519      A4
 520 0b47 7F57066E 		.ascii	"\177W\006n\336\254\267F\226\230\0009Y8\207\217iS\222"
 520      DEACB746 
 520      96980039 
 520      5938878F 
 520      695392
 521 0b5a 75BA5C4B 		.ascii	"u\272\\K\342\212\010\207y]a\\\207CV\205\342\340U\241"
 521      E28A0887 
 521      795D615C 
 521      87435685 
 521      E2E055A1 
 522 0b6e 8AD0F0B0 		.ascii	"\212\320\360\260P\305J\370\243\014\373sHp(\277&\324"
 522      50C54AF8 
 522      A30CFB73 
 522      487028BF 
 522      26D4
 523 0b80 3D34382C 		.ascii	"=48,8\364\235\340\025\313\255%\203\002\340\006\005\340"
 523      38F49DE0 
 523      15CBAD25 
 523      8302E006 
 523      05E0
 524 0b92 0D4A32C0 		.ascii	"\015J2\300\240$#\014*:\304\200\327\204\032\034\322\012"
 524      A024230C 
 524      2A3AC480 
 524      D7841A1C 
 524      D20A
 525 0ba4 02F441AB 		.ascii	"\002\364A\253\302B\302@\253Ln\242iC\240a]`@\340\346"
 525      C242C240 
 525      AB4C6EA2 
 525      6943A061 
 525      5D6040E0 
 526 0bb9 2890EB19 		.ascii	"(\220\353\031\366\327\260\240\225\257I\222\224P\016"
ARM GAS  /var/folders/nx/qt6_p4ls4xzbnqkz75ny5wl40000gp/T//ccVv7vsg.s 			page 42


 526      F6D7B0A0 
 526      95AF4992 
 526      94500E
 527 0bc8 5D8E4383 		.ascii	"]\216C\203BUDiP(m0\374\027N\375\375\255"
 527      42554469 
 527      50286D30 
 527      FC174EFD 
 527      FDAD
 528              		.text
 529              		.section	.gnu.lto_.symtab.8d0d1319a63c7750,"",%progbits
 530 0000 6578745F 		.ascii	"ext_lld_init\000\000\000\000\000\000\000\000\000\000"
 530      6C6C645F 
 530      696E6974 
 530      00000000 
 530      00000000 
 531 0016 0000EF00 		.ascii	"\000\000\357\000\000\000EXTD1\000\000\000\000\000\000"
 531      00004558 
 531      54443100 
 531      00000000 
 531      00
 532 0027 00000000 		.ascii	"\000\000\000\000\000\000\001\001\000\000ext_lld_sto"
 532      00000101 
 532      00006578 
 532      745F6C6C 
 532      645F7374 
 533 003c 70000000 		.ascii	"p\000\000\000\000\000\000\000\000\000\000\000\000\363"
 533      00000000 
 533      00000000 
 533      00F3
 534 004a 00000065 		.ascii	"\000\000\000ext_lld_channel_enable\000\000\000\000\000"
 534      78745F6C 
 534      6C645F63 
 534      68616E6E 
 534      656C5F65 
 535 0068 00000000 		.ascii	"\000\000\000\000\000\000\000\365\000\000\000ext_lld"
 535      000000F5 
 535      00000065 
 535      78745F6C 
 535      6C64
 536 007a 5F636861 		.ascii	"_channel_disable\000\000\000\000\000\000\000\000\000"
 536      6E6E656C 
 536      5F646973 
 536      61626C65 
 536      00000000 
 537 0093 000000F7 		.ascii	"\000\000\000\367\000\000\000ext_lld_start\000\000\000"
 537      00000065 
 537      78745F6C 
 537      6C645F73 
 537      74617274 
 538 00aa 00000000 		.ascii	"\000\000\000\000\000\000\000\000\000\371\000\000\000"
 538      00000000 
 538      00F90000 
 538      00
 539 00b7 6578744F 		.ascii	"extObjectInit\000\000\002\000\000\000\000\000\000\000"
 539      626A6563 
 539      74496E69 
 539      74000002 
ARM GAS  /var/folders/nx/qt6_p4ls4xzbnqkz75ny5wl40000gp/T//ccVv7vsg.s 			page 43


 539      00000000 
 540 00ce 0000FB00 		.ascii	"\000\000\373\000\000\000ext_lld_exti_irq_disable\000"
 540      00006578 
 540      745F6C6C 
 540      645F6578 
 540      74695F69 
 541 00ed 00020000 		.ascii	"\000\002\000\000\000\000\000\000\000\000\000\375\000"
 541      00000000 
 541      000000FD 
 541      00
 542 00fa 00006578 		.ascii	"\000\000ext_lld_exti_irq_enable\000\000\002\000\000"
 542      745F6C6C 
 542      645F6578 
 542      74695F69 
 542      72715F65 
 543 0118 00000000 		.ascii	"\000\000\000\000\000\000\000\377\000\000\000"
 543      000000FF 
 543      000000
 544              		.text
 545              		.section	.gnu.lto_.opts,"",%progbits
 546 0000 272D666E 		.ascii	"'-fno-trapv' '-mcpu=cortex-m4' '-mno-thumb-interwor"
 546      6F2D7472 
 546      61707627 
 546      20272D6D 
 546      6370753D 
 547 0033 6B272027 		.ascii	"k' '-mthumb' '-ggdb' '-O2' '-fomit-frame-pointer' '"
 547      2D6D7468 
 547      756D6227 
 547      20272D67 
 547      67646227 
 548 0066 2D66616C 		.ascii	"-falign-functions=16' '-ffunction-sections' '-fdata"
 548      69676E2D 
 548      66756E63 
 548      74696F6E 
 548      733D3136 
 549 0099 2D736563 		.ascii	"-sections' '-fno-common' '-flto'\000"
 549      74696F6E 
 549      73272027 
 549      2D666E6F 
 549      2D636F6D 
 550              		.text
 551              		.comm	__gnu_lto_v1,1,1
 552              		.comm	__gnu_lto_slim,1,1
 553              		.ident	"GCC: (GNU Tools for ARM Embedded Processors) 4.9.3 20150529 (release) [ARM/embedded-4_9-br
ARM GAS  /var/folders/nx/qt6_p4ls4xzbnqkz75ny5wl40000gp/T//ccVv7vsg.s 			page 44


DEFINED SYMBOLS
                            *ABS*:0000000000000000 ext_lld.c
                            *COM*:0000000000000001 __gnu_lto_v1
                            *COM*:0000000000000001 __gnu_lto_slim

NO UNDEFINED SYMBOLS
