ARM GAS  /var/folders/nx/qt6_p4ls4xzbnqkz75ny5wl40000gp/T//ccSYrJSD.s 			page 1


   1              		.syntax unified
   2              		.cpu cortex-m4
   3              		.fpu softvfp
   4              		.eabi_attribute 20, 1
   5              		.eabi_attribute 21, 1
   6              		.eabi_attribute 23, 3
   7              		.eabi_attribute 24, 1
   8              		.eabi_attribute 25, 1
   9              		.eabi_attribute 26, 1
  10              		.eabi_attribute 30, 2
  11              		.eabi_attribute 34, 1
  12              		.eabi_attribute 18, 4
  13              		.thumb
  14              		.file	"hal.c"
  15              		.text
  16              	.Ltext0:
  17              		.section	.gnu.lto_.profile.74e8af153e65f026,"",%progbits
  18 0000 789C6366 		.ascii	"x\234cf```a\200\000F\006ON\000\001\017\000["
  18      60606061 
  18      80004606 
  18      4F4E0001 
  18      0F005B
  19              		.text
  20              		.section	.gnu.lto_.jmpfuncs.74e8af153e65f026,"",%progbits
  21 0000 789C6366 		.ascii	"x\234cf\300\0164\2404#L\200\221\351#\023\343\264\376"
  21      C00E34A0 
  21      34234C80 
  21      91E92313 
  21      E3B4FE
  22 0013 2B3B986B 		.ascii	"+;\230k\1777\314h\340\370\311\304\360\227\011$\276\234"
  22      7F37CC68 
  22      E0F8C9C4 
  22      F0970924 
  22      BE9C
  23 0025 B1164801 		.ascii	"\261\026H\001\000\302<\012\020"
  23      00C23C0A 
  23      10
  24              		.text
  25              		.section	.gnu.lto_.inline.74e8af153e65f026,"",%progbits
  26 0000 789C6366 		.ascii	"x\234cf\300\016,\2414#\003\003\367I \311\004d\263-\220"
  26      C00E2CA1 
  26      34230303 
  26      F74920C9 
  26      0464B32D 
  27 0015 67028B71 		.ascii	"g\002\213q\341 \230\270A\032\300L\006\000e\035\002,"
  27      E12098B8 
  27      411AC04C 
  27      0600651D 
  27      022C
  28              		.text
  29              		.section	.gnu.lto_.pureconst.74e8af153e65f026,"",%progbits
  30 0000 789C6366 		.ascii	"x\234cf```f\200\000F\006\011\000\000x\000 "
  30      60606066 
  30      80004606 
  30      09000078 
  30      0020
  31              		.text
ARM GAS  /var/folders/nx/qt6_p4ls4xzbnqkz75ny5wl40000gp/T//ccSYrJSD.s 			page 2


  32              		.section	.gnu.lto_halInit.74e8af153e65f026,"",%progbits
  33 0000 789C75D1 		.ascii	"x\234u\321\301J\002Q\024\006\340\363\337\321\321\222"
  33      C14A0251 
  33      1406E0F3 
  33      DFD1D192 
  34 0010 205A8544 		.ascii	" Z\205D[w\316C\264kS\320\023\224\033\205 \310\365\340"
  34      5B77CE43 
  34      B46B53D0 
  34      13941B85 
  34      20C8F5E0 
  35 0024 4CBA6895 		.ascii	"L\272h\225\022\"RT\213\2104M\2556\022\004\367\011\222"
  35      12225254 
  35      8B88344D 
  35      AD361204 
  35      F70992
  36 0037 306823B5 		.ascii	"0h#\2651(h\221\270\032J\354\3341B\310\031\030\316\314"
  36      31286891 
  36      B81A4AEC 
  36      DC3142C8 
  36      1918CECC 
  37 004b FDBF39F7 		.ascii	"\375\2779\3670W\243\377W\230\357o\020-r\205F\020\271"
  37      3057A3FF 
  37      5798EF6F 
  37      102D7285 
  37      4610B9
  38 005e 7B223B28 		.ascii	"{\";(\000\365@\240\224@\012\357\242'\220\223\225b(r"
  38      00F540A0 
  38      94400AEF 
  38      A2279093 
  38      95622872 
  39 0072 6659D6E7 		.ascii	"fY\326\347N\313^\225p\004Q_\214\372\340\034\021b\324"
  39      4ECB5E95 
  39      7004515F 
  39      8CFAE01C 
  39      1162D4
  40 0085 CB0C9E42 		.ascii	"\313\014\236Bz\206\321\354(C\011:\367\247\372\234\264"
  40      7A86D1EC 
  40      2843093A 
  40      F7A7FA9C 
  40      B4
  41 0096 86C3D3C2 		.ascii	"\206\303\323\302G\3337E\324\345Hm\360*\204\252Z\007"
  41      47DB3745 
  41      D4E5486D 
  41      F02A84AA 
  41      5A07
  42 00a8 69399851 		.ascii	"i9\230QV59n\357\325\204\371e\355ZAG\240/\370{\224a\222"
  42      5635396E 
  42      EFD584F9 
  42      65ED5A41 
  42      47A02FF8 
  43 00c0 C3BA838C 		.ascii	"\303\272\203\214\334\327'J\255\3179\341\202%G\205\354"
  43      DCD7274A 
  43      ADCF39E1 
  43      82254785 
  43      EC
  44 00d1 6353E3A8 		.ascii	"cS\343\250\250\"\337@\315\302\253/\335\326C\360M\360"
  44      A822DF40 
ARM GAS  /var/folders/nx/qt6_p4ls4xzbnqkz75ny5wl40000gp/T//ccSYrJSD.s 			page 3


  44      CDC2AB2F 
  44      DDD643F0 
  44      4DF0
  45 00e3 8AFB5ACE 		.ascii	"\212\373Z\316\346\2338\302\241\235S\312\217\012LT\021"
  45      E69B38C2 
  45      A19D53CA 
  45      8F0A4C54 
  45      11
  46 00f4 76B3936E 		.ascii	"v\263\223n\251\030\342\006\363\214q\311\312\335\024"
  46      A918E206 
  46      F38C71C9 
  46      CADD14
  47 0103 35988ED0 		.ascii	"5\230\216\320IM|;y\016\236X\3439\352\177\023\247e>\340"
  47      494D7C3B 
  47      790E9E58 
  47      E339EA7F 
  47      13A7653E 
  48 0118 25790E34 		.ascii	"%y\0164\306d\303S\372Y^\215\311\203i/\251\263\274\036"
  48      C664C353 
  48      FA595E8D 
  48      C983692F 
  48      A9B3BC1E 
  49 012c 934D4F19 		.ascii	"\223MO\031`y\363+\237a\313\273eW\222:!\250\223\341\337"
  49      6079F32B 
  49      9F61CBBB 
  49      6557923A 
  49      21A893E1 
  50 0141 B6108D1A 		.ascii	"\266\020\215\032K\361\304Fbe\315\330J\032\361\365M#"
  50      4BF1C446 
  50      6265CDD8 
  50      4A1AF1F5 
  50      4D23
  51 0153 B91D5335 		.ascii	"\271\035S5\032\243\037\275F\274D"
  51      1AA31FBD 
  51      46BC44
  52              		.text
  53              		.section	.gnu.lto_.symbol_nodes.74e8af153e65f026,"",%progbits
  54 0000 789C4DC8 		.ascii	"x\234M\310\273\015\302@\024D\321\273\263\376lH\307\343"
  54      BB0DC240 
  54      1444D1BB 
  54      B3FE6C48 
  54      C7E3
  55 0012 8002CC9F 		.ascii	"\200\002\314\237\010\021\270\022\344\230\032@r\035\010"
  55      0811B812 
  55      E4981A40 
  55      721D08
  56 0021 5808DE24 		.ascii	"X\010\336$Gw2p\343?\2152\214w\260\271\\\013\355N\254"
  56      47773270 
  56      E33F8D32 
  56      8C77B0B9 
  56      5C0BED4E 
  57 0036 4C3ACBE9 		.ascii	"L:\313\351\3673\014\205t\222\025\373(\347\330\007\271"
  57      F7330C85 
  57      749215FB 
  57      28E7D807 
  57      B9
  58 0047 89BD97DB 		.ascii	"\211\275\227\333\330[\271\213\275\221\373\320\231\302"
ARM GAS  /var/folders/nx/qt6_p4ls4xzbnqkz75ny5wl40000gp/T//ccSYrJSD.s 			page 4


  58      D85BB98B 
  58      BD91FBD0 
  58      99C2
  59 0055 F478A54C 		.ascii	"\364x\245L\317\\\355X\252-\353\347\327\206\251\232\231"
  59      CF5CED58 
  59      AA2DEBE7 
  59      D786A99A 
  59      99
  60 0066 AB62F9C8 		.ascii	"\253b\371\310\033;\3705\023"
  60      1B3BF835 
  60      13
  61              		.text
  62              		.section	.gnu.lto_.refs.74e8af153e65f026,"",%progbits
  63 0000 789C6366 		.ascii	"x\234cf```c\200\000F\006&F&\006\000\000\261\000\020"
  63      60606063 
  63      80004606 
  63      26462606 
  63      0000B100 
  64              		.text
  65              		.section	.gnu.lto_.decls.74e8af153e65f026,"",%progbits
  66 0000 789CAD95 		.ascii	"x\234\255\225{L\323W\024\307\177\267\267\264P+\030\331"
  66      7B4CD357 
  66      14C77FB7 
  66      B7B4502B 
  66      18D9
  67 0012 D4183299 		.ascii	"\324\0302\231nd[\224\237B\266l\177M\207\217\2308e\323"
  67      6E645B94 
  67      9F42B66C 
  67      7F4D878F 
  67      983865D3 
  68 0026 6D59B6A4 		.ascii	"mY\266\244\253\264J\223B\233\266,\372\337Oq[U\324\212"
  68      ABB44A93 
  68      429BB62C 
  68      FADF4F71 
  68      5B55D48A 
  69 003a 8FC0A652 		.ascii	"\217\300\246R\225\311C|\343\003\251\210:\221\207l2\337"
  69      95C9437C 
  69      E303A988 
  69      3A91876C 
  69      32DF
  70 004c 4EA5A0BC 		.ascii	"N\245\240\274\004\344\255E\005v\356\275\375\365%\262"
  70      04E4AD45 
  70      0576EEBD 
  70      FDF525B2 
  71 005c 2DD92F9C 		.ascii	"-\331/\234\376z~\367{>\347\234{\317\257`\216\343\012"
  71      FE7A7EF7 
  71      7B3EE79C 
  71      7BCFAF60 
  71      8EE30A
  72 006f C086E08A 		.ascii	"\300\206\340\212Qp\334\035\011\307\301\037\027\017\206"
  72      5170DC1D 
  72      09C7C11F 
  72      170F86
  73 007e C0EA3976 		.ascii	"\300\3529v\005\2035\2005\201\265\200\265\202\265\203"
  73      05833580 
  73      3581B580 
  73      B582B583 
ARM GAS  /var/folders/nx/qt6_p4ls4xzbnqkz75ny5wl40000gp/T//ccSYrJSD.s 			page 5


  74 008e 7580F580 		.ascii	"u\200\365\200\365\271\365O9\377\213\304\310\335<\027"
  74      F5B9F54F 
  74      39FF8BC4 
  74      C8DD3C17 
  75 009e D803B07E 		.ascii	"\330\003\260~7\267\016\254+\200\337\347\346u\270\371"
  75      37B70EAC 
  75      2B80DFE7 
  75      E675B8F9 
  76 00ae ADEE7C4D 		.ascii	"\255\356|M\257\340wI\220\243#\255&\270Y\202B\025\245"
  76      AFE07749 
  76      90A323AD 
  76      26B85982 
  76      4215A5
  77 00c1 0AE26757 		.ascii	"\012\342gW\3312\021\370JE.\"\376\336\214\272k\212\251"
  77      D93211F8 
  77      4A452E22 
  77      FEDE8CBA 
  77      6B8AA9
  78 00d4 F9822058 		.ascii	"\371\202 X\205\3221\336\270b\327\211\234P\032\347\244"
  78      85D231DE 
  78      B862D789 
  78      9C501AE7 
  78      A4
  79 00e5 BAA38EE6 		.ascii	"\272\243\216\346\2760\032\027A\334\332\222\342F\031"
  79      BE301A17 
  79      41DCDA92 
  79      E24619
  80 00f4 0EA14B45 		.ascii	"\016\241KE\007{\253GQi$qO\247\227g\310\250RJ\334\263"
  80      077BAB47 
  80      51692471 
  80      4FA79767 
  80      C8A8524A 
  81 010a 25AE3205 		.ascii	"%\2562\005\216\240\3124\253\263B\201\337\246\337W\355"
  81      8EA0CA34 
  81      ABB34281 
  81      DFA6DF57 
  81      ED
  82 011b 2B4E9383 		.ascii	"+N\223\203\354M\005\315W\373K\177v\010u\311f\207\301"
  82      EC4D05CD 
  82      57FB4B7F 
  82      760875C9 
  82      6687C1
  83 012e 234979A3 		.ascii	"#Iy\243\2607\024E)\262\241\270\316\346\364\262\010A"
  83      B0371445 
  83      29B2A1B8 
  83      CEE6F4B2 
  83      0841
  84 0140 90A242A4 		.ascii	"\220\242B\244@\207\021Fyh*i\232D\223\313*\010\253\005"
  84      40871146 
  84      79682A69 
  84      9A4493CB 
  84      2A08AB05 
  85 0154 5BAA1052 		.ascii	"[\252\020R\036\312\241\003h\":\210&r\350\030\212\002"
  85      1ECAA103 
  85      68223A88 
  85      2672E818 
  85      8A02
ARM GAS  /var/folders/nx/qt6_p4ls4xzbnqkz75ny5wl40000gp/T//ccSYrJSD.s 			page 6


  86 0166 05D5A223 		.ascii	"\005\325\242#\360\360(<\004\360\305\027%k\202\220\""
  86      F0F0283C 
  86      04F0C517 
  86      256B8290 
  86      22
  87 0177 6AF8A013 		.ascii	"j\370\240\023\303\004\321\022v\376\220>\216\224p\034"
  87      C304D112 
  87      76FE903E 
  87      8E94701C 
  88 0187 4A38E42D 		.ascii	"J8\344-\001*\362\354\332\213\312\237\213\224\270\026"
  88      012AF2EC 
  88      DA8BCA9F 
  88      8B94B816 
  89 0197 D10EB36C 		.ascii	"\321\016\263l;\372\202p\003s\366\366^\351\012\306m\314"
  89      3BFA8270 
  89      0373F6F6 
  89      5EE90AC6 
  89      6DCC
  90 01a9 C9DEB6BD 		.ascii	"\311\336\266\275 \210nQ0q\367\034*\372\012\367\262\245"
  90      20886E51 
  90      3071F71C 
  90      2AFA0AF7 
  90      B2A5
  91 01bb 427BC125 		.ascii	"B{\301%\214\2371\247\252\336\325\243\244\2721\304=\337"
  91      8C9F31A7 
  91      AADED5A3 
  91      A4BA31C4 
  91      3DDF
  92 01cd BE7F7D28 		.ascii	"\276\177}(\036dk\271\277nh\3028UB\235\314\247\227\313"
  92      1E646BB9 
  92      BF6E68C2 
  92      3855429D 
  92      CCA797CB 
  93 01e1 D8E94C00 		.ascii	"\330\351L\0007d\355\2715\215J4\231]\341Qv\350\2633#"
  93      3764EDB9 
  93      358D4A34 
  93      995DE151 
  93      76E8B333 
  94 01f6 6F70FE96 		.ascii	"op\376\226T!{\002\255\377\024\324_\216\302\275]\277"
  94      54217B02 
  94      ADFF14D4 
  94      5F8EC2BD 
  94      5DBF
  95 0208 3391A37B 		.ascii	"3\221\243{\000}\020\271}(GV>\235J\035\201\3223D\205"
  95      007D10B9 
  95      7D284756 
  95      3E9D4A1D 
  95      81D23344 
  96 021d DEF3483B 		.ascii	"\336\363H;<\322\223\303R\275\312\001\217\2628Py\032"
  96      3CD293C3 
  96      52BDCA01 
  96      8FB23850 
  96      791A
  97 022f 0514B036 		.ascii	"\005\024\2606O\324\226\014_\200\217\366\271\207[4<\327"
  97      4FD4960C 
  97      5F808FF6 
  97      B9875B34 
ARM GAS  /var/folders/nx/qt6_p4ls4xzbnqkz75ny5wl40000gp/T//ccSYrJSD.s 			page 7


  97      3CD7
  98 0241 5BC27A0F 		.ascii	"[\302z\017\366l\240\264\324+\335\014\347-\330\004a\246"
  98      F66CA0B4 
  98      D42BDD0C 
  98      E72DD804 
  98      61A6
  99 0253 8543F9B0 		.ascii	"\205C\371\260\276\237.\0215\034:\252\200\011\271\200"
  99      BE9F2E11 
  99      351C3AAA 
  99      8009B980 
 100 0263 26A37360 		.ascii	"&\243s`e`\277\201\235\007\273\010v\011M\246\303@&\306"
 100      6560BF81 
 100      9D07BB08 
 100      76094DA6 
 100      C34026C6 
 101 0277 D99E2313 		.ascii	"\331\236#\023\020\011\343\334\303\342y\277$i\325\333"
 101      1009E3DC 
 101      C3E279BF 
 101      2469D5DB 
 102 0287 D346A3F0 		.ascii	"\323F\243\360\250\3412\241*H\360\237\223\245\351\202"
 102      A8E132A1 
 102      2A48F09F 
 102      93A5E982 
 103 0297 51250415 		.ascii	"Q%\004\025xG\223d\026G\363\372@\365\033\330\301\306"
 103      78479364 
 103      1647F3FA 
 103      40F51BD8 
 103      C1C6
 104 02a9 C539602B 		.ascii	"\3059`+\014\302\027\230\263\265r\363w\270\222}_Uz\340"
 104      0CC21798 
 104      B3B572F3 
 104      77B8927D 
 104      5F557AE0 
 105 02bd AA9CCED1 		.ascii	"\252\234\316\321\207\304-(\260m\227\343\032\266\326"
 105      87C42D28 
 105      B06D97E3 
 105      1AB6D6
 106 02cc 54D22648 		.ascii	"T\322&H\350Z<q[\316\2668F\341[l-k\343\321~\366\316\033"
 106      E85A3C71 
 106      5BCEB638 
 106      46E15B6C 
 106      2D6BE3D1 
 107 02e4 89DB7EFE 		.ascii	"\211\333~\376\211U\216k\331Z\341\331c\335l\210\255\304"
 107      89558E6B 
 107      D95AE1D9 
 107      63DD6C88 
 107      ADC4
 108 02f6 0FB6EFE9 		.ascii	"\017\266\357\351sJQ8\033N\277\376s\240\377\\\272\323"
 108      734A5138 
 108      1B4EBFFE 
 108      73A0FF5C 
 108      BAD3
 109 0308 37DCCDDF 		.ascii	"7\334\315\337\203\346oB\243w\300n\201\335\005\273\015"
 109      83E66F42 
 109      A377C06E 
 109      81DD05BB 
 109      0D
ARM GAS  /var/folders/nx/qt6_p4ls4xzbnqkz75ny5wl40000gp/T//ccSYrJSD.s 			page 8


 110 0319 F697BB71 		.ascii	"\366\227\273q;i<7o\241\000gJz\277\014\275\223X\317N"
 110      3B693C37 
 110      6FA10067 
 110      4A7ABF0C 
 110      BD9358CF 
 111 032e FA0DA060 		.ascii	"\372\015\240`?\365\256[\370{\240\360\017\344\257,\027"
 111      3FF5AE5B 
 111      F87BA0F0 
 111      0FE4AF2C 
 111      17
 112 033f 957F062A 		.ascii	"\225\177\006*\257\006(\013Deu\240\262\324\177N\005\373"
 112      AF06280B 
 112      446575A0 
 112      B2D47F4E 
 112      05FB
 113 0351 65517A2D 		.ascii	"eQz-Pz=P\352\020\245W\002\2455>Rz\360;\363\310\224\335"
 113      507A3D50 
 113      EA10A557 
 113      02A5353E 
 113      527AF03B 
 114 0369 1866CAD0 		.ascii	"\030f\312\320\356\336\202\223r\334H\017Brac\245#4`\344"
 114      EEDE8293 
 114      72DC480F 
 114      42726163 
 114      A5233460 
 115 037e C42D474E 		.ascii	"\304-GN\330\351\177\273\3534\3533\030\267Z\010\270\357"
 115      D8E97FBB 
 115      EB34EB33 
 115      18B75A08 
 115      B8EF
 116 0390 1DB71BBE 		.ascii	"\035\267\033\276\343V\270o\025\012w\247\262\277*\025"
 116      E356B86F 
 116      150A77A7 
 116      B2BF2A15 
 117 03a0 37621EC0 		.ascii	"7b\036\300<}\334\233\021\252\\\347\375\241Fu>\257,\207"
 117      3C7DDC9B 
 117      11AA5CE7 
 117      FDA14675 
 117      3EAF2C87 
 118 03b4 EA919228 		.ascii	"\352\221\222(\311\235\374\323z^\177M:~\033M\232*\214"
 118      C99DFCD3 
 118      7A5E7F4D 
 118      3A7E1B4D 
 118      9A2A8C
 119 03c7 91A2F871 		.ascii	"\221\242\370q>\332\007h<|~#e\344\372\322\234\2460\334"
 119      3EDA0768 
 119      3C7C7E23 
 119      65E4FAD2 
 119      9CA630DC 
 120 03db C966F4E0 		.ascii	"\311f\364\340\346\314\034y\344.\301~\270\323\265~\027"
 120      E6CC1C79 
 120      E42EC17E 
 120      B8D3B57E 
 120      17
 121 03ec CE14ECAB 		.ascii	"\316\024\354\253\205\301\241!D\203\320CO\213\034\371"
 121      85C1A121 
 121      4483D043 
ARM GAS  /var/folders/nx/qt6_p4ls4xzbnqkz75ny5wl40000gp/T//ccSYrJSD.s 			page 9


 121      4F8B1CF9 
 122 03fc 4E6B430D 		.ascii	"NkC\015(\022\002\355'\327tK\3616\314^\253F\207\013\003"
 122      281202ED 
 122      27D7744B 
 122      F136CC5E 
 122      AB46870B 
 123 0411 C529743A 		.ascii	"\305)t:\252[gnN\265e\013\316\241\241I\214\322\350Ci"
 123      AA5B676E 
 123      4EB5650B 
 123      CEA1A149 
 123      8CD2E843 
 124 0426 14294D94 		.ascii	"\024)M\224\222\237\265\351\272\034;\030%\177KC\317("
 124      929FB5E9 
 124      BA1C3B18 
 124      257F4B43 
 124      CF28
 125 0438 4A39BCF1 		.ascii	"J9\274\361\320\211\3273\205\335\276\2654\373P\232EJ"
 125      D089D733 
 125      85DDBEB5 
 125      34FB509A 
 125      454A
 126 044a 0BA5E416 		.ascii	"\013\245\344\026\026\332G\341\001F\311<y\273+\214Q6"
 126      16DA47E1 
 126      0146C93C 
 126      79BB2B8C 
 126      5136
 127 045c 1C39F556 		.ascii	"\0349\365V\000\345\221\017\345\221Hi\245\024\307\015"
 127      00E5910F 
 127      E5914869 
 127      A514C70D 
 128 046c AB538EF7 		.ascii	"\253S\216\367I)\245g\333\355\376\020F\271w\304\025H"
 128      4929A567 
 128      DBEDFE10 
 128      46B977C4 
 128      1548
 129 047e 69F3A1B4 		.ascii	"i\363\241\264\211\224vJ\311\370q\307u\011\256a\224\374"
 129      8994764A 
 129      C9F871C7 
 129      7509AE61 
 129      94FC
 130 0490 9CAD2F14 		.ascii	"\234\255/\024\214Rt\254\360\265\000\312c\037\312c\221"
 130      8C5274AC 
 130      F0B500CA 
 130      631FCA63 
 130      91
 131 04a1 D241298F 		.ascii	"\322A)\217\317\034\333\022$\225\260\363%'\007\317~\252"
 131      CF1CDB12 
 131      2495B0F3 
 131      252707CF 
 131      7EAA
 132 04b3 183837FA 		.ascii	"\03087\372\225g\334E\317\270\023\211\207\234{\263X\216"
 132      9567DC45 
 132      CFB81389 
 132      879C7BB3 
 132      588E
 133 04c5 9FB132EA 		.ascii	"\237\2612\352\254\326\273RVFF\313Q\245O\031\020\205"
 133      ACD6BB52 
ARM GAS  /var/folders/nx/qt6_p4ls4xzbnqkz75ny5wl40000gp/T//ccSYrJSD.s 			page 10


 133      564646CB 
 133      51A54F19 
 133      1085
 134 04d7 BA7DCAE8 		.ascii	"\272}\312\350\026\313\350\241el\262\265\303\1776k\020"
 134      16CBE8A1 
 134      656CB2B5 
 134      C37F366B 
 134      10
 135 04e8 A5DC3D53 		.ascii	"\245\334=S\327\355\336\330\003\307s\227\244\373\037"
 135      D7EDDED8 
 135      03C77397 
 135      A4FB1F
 136 04f7 72AF0FA5 		.ascii	"r\257\017\245W\244\364Q\312\315\246\207Y\030\2273Jk"
 136      57A4F451 
 136      CACDA687 
 136      59189733 
 136      4A6B
 137 0509 956BAB64 		.ascii	"\225k\253d\312n\241S\350\314\2508\244<\265Z8\277F\020"
 137      CA6EA153 
 137      E8CCA838 
 137      A43CB55A 
 137      38BF4610 
 138 051d 063F1EC2 		.ascii	"\006?\036\302t\300\2370\214\317/\342\023\006CO\321\024"
 138      74C09F30 
 138      8CCF2FE2 
 138      1306434F 
 138      D114
 139 052f 08BF9F51 		.ascii	"\010\277\237Q\272N\352\367Z\220\344\336mp\271_\013\027"
 139      BA4EEAF7 
 139      5A90E4DE 
 139      6D70B95F 
 139      0B17
 140 0541 7D2DDAAC 		.ascii	"}-\332\254\266\2260?u\227\237\272\337\255&w\331\274"
 140      B696303F 
 140      75979FBA 
 140      DFAD2677 
 140      D9BC
 141 0553 855F44C6 		.ascii	"\205_D\306qc\315\226\244\330\030\325r\243\316\2402k"
 141      7163CD96 
 141      A4D818D5 
 141      72A3CEA0 
 141      326B
 142 0565 2D294695 		.ascii	"-)F\225%8E\227l\201g\026\205J%~\375\226O1\233x\275!"
 142      25384597 
 142      6C816716 
 142      854A257E 
 142      FD964F31 
 143 057d 41ADE7E3 		.ascii	"A\255\347\343\264z\275\332\304\253MI\323\222\015\311"
 143      B47ABDDA 
 143      C4AB4D49 
 143      D3920DC9 
 144 058d DA695AF5 		.ascii	"\332iZ\365R\335\264\345\011\011|\314\364\031\357O\377"
 144      52DDB4E5 
 144      09097CCC 
 144      F419EF4F 
 144      FF
 145 059e 286686FF 		.ascii	"(f\206\377\022\257KN\320\247h\264|\222:!Q\227\254\345"
ARM GAS  /var/folders/nx/qt6_p4ls4xzbnqkz75ny5wl40000gp/T//ccSYrJSD.s 			page 11


 145      12AF4B4E 
 145      D0A768B4 
 145      7C923A21 
 145      5197ACE5 
 146 05b2 551AED32 		.ascii	"U\032\3552u\212\336\242\262\2544j\315\321\211\334g\377"
 146      758ADEA2 
 146      B2AC346A 
 146      CDD189DC 
 146      67FF
 147 05c4 03DCBCD2 		.ascii	"\003\334\274\322\314\253\314\026\015\324\013\304\240"
 147      CCABCC16 
 147      0DD40BC4 
 147      A0
 148 05d1 2483466B 		.ascii	"$\203Fk\222\031H\006\223\334`6j\265\032S\2201\305\250"
 148      92194806 
 148      93DC6036 
 148      6AB51A53 
 148      9031C5A8 
 149 05e5 316183C6 		.ascii	"1a\203\306$U/3\351\311Gblt4\037\227\250[\252[\264\230"
 149      24552F33 
 149      E9C94762 
 149      6C74341F 
 149      97A85BAA 
 150 05fc 3798F944 		.ascii	"7\230\371D\250\300h0Y\314\374\342%\237\306\306\360\013"
 150      A8C06830 
 150      59CCFCE2 
 150      259FC6C6 
 150      F00B
 151 060e 16CCE6E7 		.ascii	"\026\314\346\347\305\317_\364}\014oT\353Uz\275\006\340"
 151      C5CF5FF4 
 151      7D0C6F54 
 151      EB557ABD 
 151      06E0
 152 0620 B2F859B3 		.ascii	"\262\370Y\263\325\026\265,\376\023v\213c\267\331\354"
 152      D516B52C 
 152      FE13768B 
 152      63B7D9EC 
 153 0630 3687DDE6 		.ascii	"6\207\335\346\222[H\374\254\005q\206\344e\272\345r "
 153      925B48FC 
 153      AC057186 
 153      E465BAE5 
 153      7220
 154 0642 CF4FD659 		.ascii	"\317O\326Y\"^\316g6%\220{t\002'3[\210f\322\313\032O"
 154      225ECE67 
 154      3625907B 
 154      74022733 
 154      5B8866D2 
 155 0659 97A4B990 		.ascii	"\227\244\271\220\245\006\265IC\224\037\274\254\244k"
 155      A506B549 
 155      43941FBC 
 155      ACA46B
 156 0668 A47C15ED 		.ascii	"\244|\025\355`n\254j\366\374\305q\213\276\234\363\371"
 156      606EAC6A 
 156      F6FCC571 
 156      8BBE9CF3 
 156      F9
 157 0679 D76C0D00 		.ascii	"\327l\015\000r\263QG\302#GHd\324\221N\3154\315\224\021"
ARM GAS  /var/folders/nx/qt6_p4ls4xzbnqkz75ny5wl40000gp/T//ccSYrJSD.s 			page 12


 157      72B35147 
 157      C2234748 
 157      64D4914E 
 157      CD34CD94 
 158 068e 745A930E 		.ascii	"tZ\223\016j\007\246v\205\345\037\230\240\000\341h\225"
 158      6A07A676 
 158      85E51F98 
 158      A000E168 
 158      95
 159 069f 7B27553A 		.ascii	"{'U:\220+\023}\234\230\221\017\303\335\320\212\025|"
 159      902B137D 
 159      9C98910F 
 159      C3DDD08A 
 159      157C
 160 06b1 A2E72CC6 		.ascii	"\242\347,\306\022\2308O\011t\253\377\006\360R\034\231"
 160      1298384F 
 160      0974ABFF 
 160      06F0521C 
 160      99
 161              		.text
 162              		.section	.gnu.lto_.symtab.74e8af153e65f026,"",%progbits
 163 0000 68616C49 		.ascii	"halInit\000\000\000\000\000\000\000\000\000\000\000"
 163      6E697400 
 163      00000000 
 163      00000000 
 163      0000
 164 0012 00E50000 		.ascii	"\000\345\000\000\000pal_default_config\000\000\002\000"
 164      0070616C 
 164      5F646566 
 164      61756C74 
 164      5F636F6E 
 165 002d 00000000 		.ascii	"\000\000\000\000\000\000\000\000\367\000\000\000stI"
 165      00000000 
 165      F7000000 
 165      737449
 166 003c 6E697400 		.ascii	"nit\000\000\002\000\000\000\000\000\000\000\000\000"
 166      00020000 
 166      00000000 
 166      000000
 167 004b E7000000 		.ascii	"\347\000\000\000boardInit\000\000\002\000\000\000\000"
 167      626F6172 
 167      64496E69 
 167      74000002 
 167      00000000 
 168 005f 00000000 		.ascii	"\000\000\000\000\000\351\000\000\000spiInit\000\000"
 168      00E90000 
 168      00737069 
 168      496E6974 
 168      0000
 169 0071 02000000 		.ascii	"\002\000\000\000\000\000\000\000\000\000\353\000\000"
 169      00000000 
 169      0000EB00 
 169      00
 170 007e 00736449 		.ascii	"\000sdInit\000\000\002\000\000\000\000\000\000\000\000"
 170      6E697400 
 170      00020000 
 170      00000000 
ARM GAS  /var/folders/nx/qt6_p4ls4xzbnqkz75ny5wl40000gp/T//ccSYrJSD.s 			page 13


 170      0000
 171 0090 00ED0000 		.ascii	"\000\355\000\000\000extInit\000\000\002\000\000\000"
 171      00657874 
 171      496E6974 
 171      00000200 
 171      0000
 172 00a2 00000000 		.ascii	"\000\000\000\000\000\000\357\000\000\000_pal_lld_in"
 172      0000EF00 
 172      00005F70 
 172      616C5F6C 
 172      6C645F69 
 173 00b7 69740000 		.ascii	"it\000\000\002\000\000\000\000\000\000\000\000\000\363"
 173      02000000 
 173      00000000 
 173      0000F3
 174 00c6 00000068 		.ascii	"\000\000\000hal_lld_init\000\000\002\000\000\000\000"
 174      616C5F6C 
 174      6C645F69 
 174      6E697400 
 174      00020000 
 175 00dc 00000000 		.ascii	"\000\000\000\000\000\365\000\000\000"
 175      00F50000 
 175      00
 176              		.text
 177              		.section	.gnu.lto_.opts,"",%progbits
 178 0000 272D666E 		.ascii	"'-fno-trapv' '-mcpu=cortex-m4' '-mno-thumb-interwor"
 178      6F2D7472 
 178      61707627 
 178      20272D6D 
 178      6370753D 
 179 0033 6B272027 		.ascii	"k' '-mthumb' '-ggdb' '-O2' '-fomit-frame-pointer' '"
 179      2D6D7468 
 179      756D6227 
 179      20272D67 
 179      67646227 
 180 0066 2D66616C 		.ascii	"-falign-functions=16' '-ffunction-sections' '-fdata"
 180      69676E2D 
 180      66756E63 
 180      74696F6E 
 180      733D3136 
 181 0099 2D736563 		.ascii	"-sections' '-fno-common' '-flto'\000"
 181      74696F6E 
 181      73272027 
 181      2D666E6F 
 181      2D636F6D 
 182              		.text
 183              		.comm	__gnu_lto_v1,1,1
 184              		.comm	__gnu_lto_slim,1,1
 185              		.ident	"GCC: (GNU Tools for ARM Embedded Processors) 4.9.3 20150529 (release) [ARM/embedded-4_9-br
ARM GAS  /var/folders/nx/qt6_p4ls4xzbnqkz75ny5wl40000gp/T//ccSYrJSD.s 			page 14


DEFINED SYMBOLS
                            *ABS*:0000000000000000 hal.c
                            *COM*:0000000000000001 __gnu_lto_v1
                            *COM*:0000000000000001 __gnu_lto_slim

NO UNDEFINED SYMBOLS
