ARM GAS  /var/folders/nx/qt6_p4ls4xzbnqkz75ny5wl40000gp/T//cctYJSy8.s 			page 1


   1              		.syntax unified
   2              		.cpu cortex-m4
   3              		.fpu softvfp
   4              		.eabi_attribute 20, 1
   5              		.eabi_attribute 21, 1
   6              		.eabi_attribute 23, 3
   7              		.eabi_attribute 24, 1
   8              		.eabi_attribute 25, 1
   9              		.eabi_attribute 26, 1
  10              		.eabi_attribute 30, 2
  11              		.eabi_attribute 34, 1
  12              		.eabi_attribute 18, 4
  13              		.thumb
  14              		.file	"hal_lld.c"
  15              		.text
  16              	.Ltext0:
  17              		.section	.gnu.lto_.profile.e45f708c3208a6aa,"",%progbits
  18 0000 789C6366 		.ascii	"x\234cf```a\200\000F\206\322\004\000\001\276\000\336"
  18      60606061 
  18      80004686 
  18      D2040001 
  18      BE00DE
  19              		.text
  20              		.section	.gnu.lto_.jmpfuncs.e45f708c3208a6aa,"",%progbits
  21 0000 789C6366 		.ascii	"x\234cf\300\016x\24143\0203\202\030L@\014\000\001\375"
  21      C00E78A1 
  21      34331033 
  21      82184C40 
  21      0C0001FD 
  22 0014 0017     		.ascii	"\000\027"
  23              		.text
  24              		.section	.gnu.lto_.inline.e45f708c3208a6aa,"",%progbits
  25 0000 789C6366 		.ascii	"x\234cf\300\016<\24143\003\203\230\020#\003\223\332"
  25      C00E3CA1 
  25      34330383 
  25      98102303 
  25      93DA
  26 0012 89DF8C0C 		.ascii	"\211\337\214\014l\013\344\231@\202\214\014\342\032@"
  26      6C0BE499 
  26      40828C0C 
  26      E21A40
  27 0021 31950533 		.ascii	"1\225\0053\231\020b\\0\202\211\301r5\023P:g\303l\025"
  27      9910625C 
  27      308289C1 
  27      72351350 
  27      3A67C36C 
  28 0036 B8340300 		.ascii	"\2704\003\000e\207\0118"
  28      65870938 
  29              		.text
  30              		.section	.gnu.lto_.pureconst.e45f708c3208a6aa,"",%progbits
  31 0000 789C6366 		.ascii	"x\234cf```g\200\000f\006)F)&)\000\001\274\000_"
  31      60606067 
  31      80006606 
  31      29462926 
  31      290001BC 
  32              		.text
  33              		.section	.gnu.lto_hal_lld_backup_domain_init.e45f708c3208a6aa,"",%progbits
ARM GAS  /var/folders/nx/qt6_p4ls4xzbnqkz75ny5wl40000gp/T//cctYJSy8.s 			page 2


  34 0000 789C9D53 		.ascii	"x\234\235SMHTQ\024>\347\276\237\031\235Q\264\010\304"
  34      4D485451 
  34      143EE7BE 
  34      9F199D51 
  34      B408C4
  35 0013 A096AEC6 		.ascii	"\240\226\256\306\007\332\302U\233\302U\321\302\366\321"
  35      07DAC255 
  35      9BC255D1 
  35      C2F6D1
  36 0022 CF424130 		.ascii	"\317BA0\262\205;\357\344\024\005e\026\024Q\010Fh\232"
  36      B2853BEF 
  36      E4140565 
  36      16145108 
  36      46689A
  37 0035 DAA895E6 		.ascii	"\332\250\225\346O:YYD\024\346\317\224\213\376\034!w"
  37      4F3A5959 
  37      4414E6CF 
  37      948BFE1C 
  37      2177
  38 0047 6F2AA909 		.ascii	"o*\251\011\304\316\271w\364\245A\250\003s\356\233s\317"
  38      C4CEB977 
  38      F4A541A8 
  38      0373EE9B 
  38      73CF
  39 0059 7CDF77BE 		.ascii	"|\337w\276s\236\001\377~\366\321w\326\004\330E'\372"
  39      739E01FF 
  39      7EF6D177 
  39      D604D845 
  39      27FA
  40 006b 0045C36B 		.ascii	"\000E\303k\200\260_\010\243\251\004d\246\351n\003\031"
  40      80B05F08 
  40      A3A90464 
  40      A6E96E03 
  40      19
  41 007c 34D0D469 		.ascii	"4\320\324iSX\223\016\245\355\241\035\224\266\320\326"
  41      5358930E 
  41      A5EDA11D 
  41      94B6D0D6 
  42 008c 691B911F 		.ascii	"i\033\221\037\000\241V\030\246ec-\316\213\244\300\206"
  42      00A15618 
  42      A665632D 
  42      CE8BA4C0 
  42      86
  43 009d 58FBB540 		.ascii	"X\373\265@A\263\224\322\375\322\351;\235\227\022\000"
  43      41B394D2 
  43      FDD2E93B 
  43      9D971200 
  44 00ad DF8526C6 		.ascii	"\337\205&\306\333X\000T\223\214,\306\003v\204jr\364"
  44      DB580054 
  44      938C2CC6 
  44      0376846A 
  44      72F4
  45 00bf 1DB6A28D 		.ascii	"\035\266\242\215tF\267\304\344\322\322\255hG\237\271"
  45      7446B7C4 
  45      E4D2D2AD 
  45      68479FB9 
  46 00cf D5849440 		.ascii	"\325\204\224@\213\203\217\203\237C\200C\220C\026\207"
ARM GAS  /var/folders/nx/qt6_p4ls4xzbnqkz75ny5wl40000gp/T//cctYJSy8.s 			page 3


  46      8B838F83 
  46      9F438043 
  46      90431687 
  47 00df 6C0E391C 		.ascii	"l\0169\034r9\000$\010\214U\315\011\301\2471\203\243"
  47      72390024 
  47      088C55CD 
  47      09C1A731 
  47      83A3
  48 00f1 BDC9A1ED 		.ascii	"\275\311\241\355\014\377S\230\304\\\367vb\357W\221\022"
  48      0CFF5398 
  48      C45CF776 
  48      62EF5791 
  48      12
  49 0102 427E0A4B 		.ascii	"B~\012K\223\265|L\274\031\367\253\024\360\317\370\300"
  49      93B57C4C 
  49      BC19F7AB 
  49      14F0CFF8 
  49      C0
  50 0113 B9CF7623 		.ascii	"\271\317v#\336\300\2240\260\015\363\361\016\346\253"
  50      DEC09430 
  50      B00DF3F1 
  50      0EE6AB
  51 0122 8B9E2B89 		.ascii	"\213\236+\211\251\314P\273\214\204\375)ab;6\3427\325"
  51      A9CC50BB 
  51      8C84FD29 
  51      61623B36 
  51      E237D5
  52 0135 16766008 		.ascii	"\026v`\010f\260\356\207\255i,\3154\370\252-*\030\027"
  52      66B0EE87 
  52      AD692CCD 
  52      34F8AA2D 
  52      2A1817
  53 0148 A500EC24 		.ascii	"\245\000\354$\024\022s\031\271f\0034w=\232(\206\010"
  53      14127319 
  53      B9660334 
  53      773D9A28 
  53      8608
  54 015a 9C517A2F 		.ascii	"\234Qz/\355\326T>\372\303\313\027\315\375\031\314c\311"
  54      EDD6543E 
  54      FAC3CB17 
  54      CDFD19CC 
  54      63C9
  55 016c A6B36B5A 		.ascii	"\246\263kZ\262\024\344\251\226\233\003~\315ec\027qu"
  55      B214E4A9 
  55      969B037E 
  55      CD656317 
  55      7175
  56 017e A7B9667F 		.ascii	"\247\271f\177_\237\0130\0272U\217\242\342)\340=\335"
  56      5F9F0B30 
  56      1732558F 
  56      A2E229E0 
  56      3DDD
  57 0190 D1AF3393 		.ascii	"\321\2573\223B\023\3715\327\330\374p}P\367d\003\336"
  57      4213F935 
  57      D7D8FC70 
  57      7D50F764 
  57      03DE
ARM GAS  /var/folders/nx/qt6_p4ls4xzbnqkz75ny5wl40000gp/T//cctYJSy8.s 			page 4


  58 01a2 2798298C 		.ascii	"'\230)\214\274\257\313O\027Q\305Ew\374B\206\2560\001"
  58      BCAFCB4F 
  58      1751C545 
  58      77FC4286 
  58      AE3001
  59 01b5 1F3011F0 		.ascii	"\0370\021\3608\014h*\341i\270]#;\323\026,\313\012K\031"
  59      380C682A 
  59      E169B85D 
  59      233BD316 
  59      2CCB0A4B 
  60 01ca CBFBBFB4 		.ascii	"\313\373\277\264^OZ\037\206\350\372\352Bk\233\255i\230"
  60      5E4F5A1F 
  60      86E8FAEA 
  60      426B9BAD 
  60      6998
  61 01dc E7A176D7 		.ascii	"\347\241v\327u7\003\336\357\201\017(\360\025\373\350"
  61      753703DE 
  61      EF810F28 
  61      F015FBE8 
  62 01ec 15C141D5 		.ascii	"\025\301A\325\302\034=/\357S\367T\267\241\033\016\254"
  62      C21C3D2F 
  62      EF53F754 
  62      B7A11B0E 
  62      AC
  63 01fd DFDC218F 		.ascii	"\337\334!\217\344\321Zs\203\032iq\242\336\015\244{\242"
  63      E4D15A73 
  63      831A6971 
  63      A2DE0DA4 
  63      7BA2
  64 020f 8D19D6EE 		.ascii	"\215\031\326\356\276[v7H%\341\226\301\363>UB8#+\346"
  64      BE5B7637 
  64      4825E196 
  64      C1F33E55 
  64      4238232B 
  65 0224 5A30E968 		.ascii	"Z0\351hi\323\311\264\264\254uI\323;\026\363\264=^\275"
  65      69D3C9B4 
  65      B4AC7549 
  65      D33B16F3 
  65      B43D5EBD 
  66 0238 CAD904A4 		.ascii	"\312\331\004\244\206\370\367\352\256\027v\324\203}\302"
  66      86F8F7EA 
  66      AE1776D4 
  66      837DC2
  67 0247 AB9BAD56 		.ascii	"\253\233\255Vw<\216\032;g\003PO=\250g\253\025\346\022"
  67      773C8E1A 
  67      3B670350 
  67      4F3DA867 
  67      AB15E612 
  68 025b 90B26A33 		.ascii	"\220\262j3\012\307<\330\347\2540W\271i\253I\177\300"
  68      0AC73CD8 
  68      E7AC3057 
  68      B969AB49 
  68      7FC0
  69 026d 706CA194 		.ascii	"pl\241\224\001\331\343\004UQ\226^\304\242\302BgOy\305"
  69      01D9E304 
  69      5551965E 
  69      C4A2C242 
ARM GAS  /var/folders/nx/qt6_p4ls4xzbnqkz75ny5wl40000gp/T//cctYJSy8.s 			page 5


  69      674F79C5 
  70 0281 918A0365 		.ascii	"\221\212\003eNU\265S~\270\3229^u\342d\265Svp\177q\221"
  70      4E55B553 
  70      7EB8D239 
  70      5E75E264 
  70      B5537670 
  71 0298 8EA5C535 		.ascii	"\216\245\30555|s\250\262\362X\341Q\370\003\0353\272"
  71      357C73A8 
  71      B2F258E1 
  71      51F8031D 
  71      33BA
  72 02aa 2F       		.ascii	"/"
  73              		.text
  74              		.section	.gnu.lto_hal_lld_init.e45f708c3208a6aa,"",%progbits
  75 0000 789C9D94 		.ascii	"x\234\235\224\313k\023Q\024\306\317\271\231IF&hc\203"
  75      CB6B1351 
  75      14C6CFB9 
  75      99494626 
  75      686383
  76 0013 94ACDC75 		.ascii	"\224\254\334u\225\004[\377\003\301\205 .\352^|,Z\010"
  76      95045BFF 
  76      03C18520 
  76      2EEA5E7C 
  76      2C5A08
  77 0026 B45817DD 		.ascii	"\264X\027\335\224N\332\010\025Dj@\020k|\200\365\025"
  77      944EDA08 
  77      15446A40 
  77      106B7C80 
  77      F515
  78 0038 9BDA5AA3 		.ascii	"\233\332Z\243i}\304Z\373\322\246\006\027\212\264UL\003"
  78      697DC45A 
  78      FBD2A606 
  78      178AB455 
  78      4C03
  79 004a 75D31A1B 		.ascii	"u\323\032\033\220\361A\274\347\336\224\261\025\301\311"
  79      90F141BC 
  79      E7DE94B1 
  79      15C1C9
  80 0059 40CE4C66 		.ascii	"@\316Lf\316\374\276\357;wf\034\360\367\346\343\277U"
  80      CEFCBEEF 
  80      3B77661C 
  80      F0F7E6E3 
  80      BF55
  81 006b 156037DF 		.ascii	"\025`7\337\243\003\220\365d\000\302\032C\244\003@\350"
  81      A30390F5 
  81      6400C21A 
  81      43A40340 
  81      E8
  82 007c 60D8819F 		.ascii	"`\330\201\237Y\201aO:~^\257\3553\014\343Kt\264\346d"
  82      5981614F 
  82      3A7E5EAF 
  82      ED330CE3 
  82      4B74B4E6 
  83 0091 8DC900D6 		.ascii	"\215\311\000\326\230\304\340\015\254\005\336S\210\374"
  83      98C4E00D 
  83      AC05DE53 
  83      88FC
ARM GAS  /var/folders/nx/qt6_p4ls4xzbnqkz75ny5wl40000gp/T//cctYJSy8.s 			page 6


  84 009f 7AAB3B23 		.ascii	"z\253;#\274\247J^\303\233\350D\276\037\330\2366J\245"
  84      BCA74A5E 
  84      C39BE844 
  84      BE1FD89E 
  84      364AA5
  85 00b2 DCC59F59 		.ascii	"\334\305\237Ye\007\003\223\241JE\243\242SqS\251\242"
  85      65070393 
  85      A14A45A3 
  85      A2537153 
  85      A9A2
  86 00c4 E2A1524D 		.ascii	"\342\241RM\305K\005`\211s\310L\2361\332;\336\343Xrp"
  86      C54B0560 
  86      8973C84C 
  86      9E31DA3B 
  86      DEE35872 
  87 00d9 651791BF 		.ascii	"e\027\221\2771263\325\227\332\262\314L\306\214+\335"
  87      31323633 
  87      D597DAB2 
  87      CC4CC68C 
  87      2BDD
  88 00eb 86423E3E 		.ascii	"\206B>>,\315e5q\012\350o\347\365\253#Z\014{\321d\016"
  88      2CCD6535 
  88      710AE86F 
  88      E7F5AB23 
  88      5A0C7BD1 
  89 0101 BC853EBC 		.ascii	"\274\205>\274\215>q!\367\375B^\367\307\215HX3\231\202"
  89      8D3E7121 
  89      F7FD425E 
  89      F7C78D48 
  89      58339982 
  90 0115 718CE157 		.ascii	"q\214\341W\021\011\357\240\037\270R\013\311\330 \364"
  90      1109EFA0 
  90      1FB8520B 
  90      C9D820F4 
  91 0125 5B8404FA 		.ascii	"[\204\004\372\311I\257yM\230\303\022\337\266\001\016"
  91      C949AF79 
  91      4D98C312 
  91      DFB6010E 
  92 0135 F01B6D81 		.ascii	"\360\033m\201\221\270w-\356\240\344\256'T\370\251!\311"
  92      91B8772D 
  92      EEA0E4AE 
  92      2754F8A9 
  92      21C9
  93 0147 4C665750 		.ascii	"LfWP\216E\265a\371\236@\323\"\341pe\241\357[\204$\372"
  93      8E45B561 
  93      F99E40D3 
  93      22E17065 
  93      A1EF5B84 
  94 015d 2B4CF8C0 		.ascii	"+L\370\300\202<\344\220\365HgW\313\2214\033\206R\202"
  94      823CE490 
  94      F5486757 
  94      CB91341B 
  94      865282
  95 0170 259EBF91 		.ascii	"%\236\277\221\312\"\215Z\204G\025GzlA\236\374\021)["
  95      CA228D5A 
  95      84471547 
  95      7A6C419E 
ARM GAS  /var/folders/nx/qt6_p4ls4xzbnqkz75ny5wl40000gp/T//cctYJSy8.s 			page 7


  95      FC11295B 
  96 0184 2C47D26D 		.ascii	",G\322m\030z*X\016b\245E\244\256\242SR\334\0224\335"
  96      187A2A58 
  96      0E62A545 
  96      A4AEA253 
  96      52DC1234 
  97 0199 99CBEBE2 		.ascii	"\231\313\353\342A\343o\237\201\200\317\244\\\024mF\037"
  97      41E36F9F 
  97      8180CFA4 
  97      5C146D46 
  97      1F
  98 01aa B3949EA3 		.ascii	"\263\224\236\243\237\363a\036\273\322\357\\\204\241"
  98      9FF3611E 
  98      BBD2EF5C 
  98      84A1
  99 01b8 F64B6FCE 		.ascii	"\366Ko\316$X\373\017\243\333\340\355\352\032-\031\216"
  99      2458FB0F 
  99      A3DBE0ED 
  99      EA1A2D19 
  99      8E
 100 01c9 633B7F59 		.ascii	"c;\177Y\235\242s\361\237\235|\022\370\242\334)\0061"
 100      9DA273F1 
 100      9F9D7C12 
 100      F8A2DC29 
 100      0631
 101 01db CE64842A 		.ascii	"\316d\204*\033\366&\204=\205\354Mn\034\204G\202&c\313"
 101      1BF62684 
 101      3D85EC4D 
 101      6E1C8447 
 101      822663CB 
 102 01ef 438A1804 		.ascii	"C\212\030\004\037\302T\205C\230\266Tfh\010\036a\270"
 102      1FC25485 
 102      4398B654 
 102      6668081E 
 102      61B8
 103 0201 301155A5 		.ascii	"0\021U\245V5\277\345\334|<\343&!\227aD6}w\\\002\032"
 103      5635BFE5 
 103      DC7C3CE3 
 103      26219761 
 103      44367D77 
 104 0218 3DBD30CC 		.ascii	"=\2750\314\244\232\206/\271\332\253\262\332\307S\375"
 104      A49A862F 
 104      B9DAABB2 
 104      DAC753FD 
 105 0228 9FB65A6A 		.ascii	"\237\266Zj\263BM%\265\314\306L^)\225J\024g\345\342\356"
 105      B3424D25 
 105      B5CCC64C 
 105      5E29954A 
 105      1467E5E2 
 106 023d 049CDB94 		.ascii	"\004\234\333\224\351\177U^[*Y\312\344\205E\014\247/"
 106      E97F555E 
 106      5B2A59CA 
 106      E485450C 
 106      A72F
 107 024f EF13CB05 		.ascii	"\357\023\313\005\364\241E\372\300\362U\252\013\004\202"
 107      F4A145FA 
 107      C0F255AA 
ARM GAS  /var/folders/nx/qt6_p4ls4xzbnqkz75ny5wl40000gp/T//cctYJSy8.s 			page 8


 107      0B0482
 108 025e 7B1A9B8E 		.ascii	"{\032\233\2164\035h\0106\267\006\033\017\207\202-\315"
 108      341D6808 
 108      36B7061B 
 108      0F87822D 
 108      CD
 109 026f C74FB406 		.ascii	"\307O\264\006\033\016\356\257\257\223uo}[\033]9\024"
 109      1B0EEEAF 
 109      AF93756F 
 109      7D5B1B5D 
 109      3914
 110 0281 0A1D0B1C 		.ascii	"\012\035\013\034\205\337\332\273\011\222"
 110      85DFDABB 
 110      0992
 111              		.text
 112              		.section	.gnu.lto_stm32_clock_init.e45f708c3208a6aa,"",%progbits
 113 0000 789C9D56 		.ascii	"x\234\235V\337O\\E\030\235o\366\356\356\335\337\313"
 113      DF4F5C45 
 113      189D6FF6 
 113      EEEEDDDF 
 113      CB
 114 0011 2E50020F 		.ascii	".P\002\017%mJ\013\0210\255\377\300j\342\233\372P\337"
 114      256D4A0B 
 114      1130ADFF 
 114      C06AE29B 
 114      FA50DF
 115 0024 8D3F62DA 		.ascii	"\215?b\332\204\244\306\366\241o\275\374(\221\204hS\243"
 115      84A4C6F6 
 115      A16FBDFC 
 115      28918468 
 115      53A3
 116 0036 A96D68DA 		.ascii	"\251mh\332\304\266*\255\005T\224bu\305\012H\005\012"
 116      C4B62AAD 
 116      05549462 
 116      75C50A48 
 116      050A
 117 0048 2DA5A082 		.ascii	"-\245\240\202\262\254\202E\273\013\010]\025\327\371"
 117      B2AC8245 
 117      BB0B085D 
 117      15D7F9
 118 0057 66E6EE2C 		.ascii	"f\346\356,Kbv\227\207s\227\371&g\316\234\357\314\334"
 118      4B627697 
 118      877397F9 
 118      2667CE9C 
 118      EFCCDC
 119 006a 6B215BFF 		.ascii	"k![\377\212\201\220KnB\036c\277\241\210\000=1BH\275"
 119      8A81904B 
 119      6E421E63 
 119      BFA18800 
 119      3D314248 
 120 007f 4EC1227E 		.ascii	"N\301\"~Xha\353\000!\206Sk\262\023\303](\306C\032XE"
 120      586861EB 
 120      00218653 
 120      6BB213C3 
 120      5D28C643 
 121 0096 DD4A83A2 		.ascii	"\335J\203\242n\343\365\240\030\017\331\300.\352v\032"
 121      6EE3F5A0 
ARM GAS  /var/folders/nx/qt6_p4ls4xzbnqkz75ny5wl40000gp/T//cctYJSy8.s 			page 9


 121      180FD9C0 
 121      2EEA761A 
 122 00a6 10759DD7 		.ascii	"\020u\235\327\003b<\244\203C\324\035\264@\324\235\274"
 122      03623CA4 
 122      8343D41D 
 122      B440D49D 
 122      BC
 123 00b7 5E20C643 		.ascii	"^ \306CNp\211\272\213\372E\335\315\353~1\036r\203G\324"
 123      4E7089BA 
 123      8BFA45DD 
 123      CDEB7E31 
 123      1E728347 
 124 00cc 3DD427EA 		.ascii	"=\324'\352^^\367\211\361\220\027\000\237\004\3101j)"
 124      5E5EF789 
 124      F1901700 
 124      9F04C831 
 124      6A29
 125 00de D4AC419B 		.ascii	"\324\254A\233=\240;\012\234.\277\333\343\363\3021\273"
 125      3DA03B0A 
 125      9C2EBFDB 
 125      E3F3C231 
 125      BB
 126 00ef 456CDF2A 		.ascii	"El\337*\036v\361p\210\207K<<\342\261H\343\024N\204\333"
 126      1E76F170 
 126      88874B3C 
 126      3CE2B148 
 126      E3144E84 
 127 0104 4FB9765F 		.ascii	"O\271v_0\014#\3260Qr\274$A\011Y\241b\002\\\202\335\204"
 127      300C23D6 
 127      305172BC 
 127      24410959 
 127      A162025C 
 128 011b CD89376D 		.ascii	"\315\2117mL\272lMl\216_\324\340=\2601{\311\325@\330"
 128      4CBA6C4D 
 128      6C8E5FD4 
 128      E03DB031 
 128      7BC9D540 
 129 0130 48262367 		.ascii	"H&#g[\327\265G(I0o\021\254\0106\004;\202\216\340Dp#"
 129      5BD7B547 
 129      2849306F 
 129      11AC0836 
 129      043B828E 
 130 0148 7810BC08 		.ascii	"x\020\274\010>\204\000B\020\241\010\241\030a\033B\011"
 130      3E840042 
 130      10A108A1 
 130      18611B42 
 130      09
 131 0159 42294219 		.ascii	"B)B\031\302v\204r\204\035\010;\021v!T \354A\250D\250"
 131      C2768472 
 131      841D083B 
 131      11762154 
 131      20EC41A8 
 132 016f 4220649E 		.ascii	"B d\236\311d\276E)e\017\3134\364u\307\357vYP\367:\305"
 132      C964BE45 
 132      29650FCB 
 132      34F475C7 
 132      EF765950 
ARM GAS  /var/folders/nx/qt6_p4ls4xzbnqkz75ny5wl40000gp/T//cctYJSy8.s 			page 10


 133 0186 6D0F0D5E 		.ascii	"m\017\015^\350q,\320\004\245\306\271\327\014\015w9;"
 133      E8712CD0 
 133      04A5C6B9 
 133      D70C0D77 
 133      393B
 134 0198 3F3AA6F3 		.ascii	"?:\246\363!\202\3776\\<\177Mo\2033\220\240\026x\037"
 134      2182FF36 
 134      5C3C7F4D 
 134      6F833390 
 134      A016781F 
 135 01ac 4AE103A6 		.ascii	"J\341\003\246\006\013\221\277NG]\325\355FS\275\236\240"
 135      060B91BF 
 135      4E475DD5 
 135      ED4653BD 
 135      9EA0
 136 01be 1AB4431B 		.ascii	"\032\264C\033,s\303\3402T\223ih\\\265\211u,b\251\201"
 136      2C73C3E0 
 136      32549369 
 136      685CB589 
 136      752C62A9 
 137 01d3 B6852E0D 		.ascii	"\266\205.\015y\001\010\\a$L\315I\300)9\254\362\241Z"
 137      7901085C 
 137      61244CCD 
 137      49C02939 
 137      ACF2A15A 
 138 01e7 E52A5433 		.ascii	"\345*T3n\366+\312\220e\201\357\256srY\356\316\232\025"
 138      6EF62BCA 
 138      906581EF 
 138      AE737259 
 138      EECE9A15 
 139 01fb 2B206987 		.ascii	"+ i\207\"\355\024\322\0376\317SA#\231NOFW-\\<%\320\305"
 139      22ED14D2 
 139      1F36CF53 
 139      4123994E 
 139      4F46572D 
 140 0214 5826A0E9 		.ascii	"X&\240\351^\343\313r\016\233P\177\261\267\325\316'0"
 140      5EE3CB72 
 140      0E9B507F 
 140      B1B7D5CE 
 140      2730
 141 0226 968F7019 		.ascii	"\226\217p\031\202\356\027\022\026^\210R\315\264\277"
 141      82EE1712 
 141      165E8852 
 141      CDB4BF
 142 0235 73665C0A 		.ascii	"sf\\\012\264\347\260\355\217\271B\214\032|\"\025Jsu"
 142      B4E7B0ED 
 142      8FB9428C 
 142      1A7C2215 
 142      4A7375
 143 0248 41141D69 		.ascii	"A\024\035ih\361\360\345\377I&\223>\002\335y\032\374"
 143      68F1F0E5 
 143      FF492693 
 143      3E02DD79 
 143      1AFC
 144 025a A95AE933 		.ascii	"\251Z\35134XG\226\356\261\031i\2073\007\252\036Eu\215"
 144      34584796 
 144      EEB11969 
ARM GAS  /var/folders/nx/qt6_p4ls4xzbnqkz75ny5wl40000gp/T//cctYJSy8.s 			page 11


 144      873307AA 
 144      1E45758D 
 145 026e 8BCE5D4D 		.ascii	"\213\316]M\257\242\370\034\3258y\273\255\252\335\263"
 145      AFA2F81C 
 145      D53879BB 
 145      ADAADDB3 
 146 027e 73D24D77 		.ascii	"s\322Mw\366\355\276\256H\2770\333\275$\367\347\021L"
 146      F6EDBEAE 
 146      48BF30DB 
 146      BD24F7E7 
 146      114C
 147 0290 EBC7632D 		.ascii	"\353\307c-Nn\247\233\300\227\242\335Sf\273=i\375\015"
 147      4E6EA79B 
 147      C097A2DD 
 147      5366BB3D 
 147      69FD0D
 148 02a3 CAFEDA52 		.ascii	"\312\376\332R\375\215\232\307\313\233\303>\303*\201"
 148      FD8D9AC7 
 148      CB9BC33E 
 148      C32A81
 149 02b2 5F6DEEAF 		.ascii	"_m\356\257O\020umt\274\351\342\202\022\354\364\364\345"
 149      4F10756D 
 149      74BCE9E2 
 149      8212ECF4 
 149      F4E5
 150 02c4 D9DCAFD5 		.ascii	"\331\334\257\32527\320N\037\262\304bQ\021\3114\242z"
 150      3237D04E 
 150      1FB2C462 
 150      5111C934 
 150      A27A
 151 02d6 C308DBFE 		.ascii	"\303\010\333\376\337\305o\224\213\375P\235~ohlh@(\354"
 151      DFC56F94 
 151      8BFD509D 
 151      7E6F686C 
 151      684028EC 
 152 02ea 8E2F9976 		.ascii	"\216/\231v\004r\3209\250t~\273\371.\011\012\242\363"
 152      0472D039 
 152      A8747EBB 
 152      F92E090A 
 152      A2F3
 153 02fc 6786AFBB 		.ascii	"g\206\257\273\271\035\206QH`(O?n\252u\276C?\202<^v\025"
 153      B91D8651 
 153      4860284F 
 153      3F6EAA75 
 153      BE433F82 
 154 0314 AF07E66D 		.ascii	"\257\007\346mR\224}\274\206\025\351H\346mR,\230\316"
 154      52947DBC 
 154      8615E948 
 154      E66D522C 
 154      98CE
 155 0326 3EBCD2A0 		.ascii	">\274\322\240I\371:\201\321\214\373\2448-`\001\0310"
 155      49F93A81 
 155      D18CFBA4 
 155      382D6001 
 155      1930
 156 0338 3D15B0B5 		.ascii	"=\025\260\265>\251i[\016;\275\305E\361w\326\330fGK\030"
 156      3EA9695B 
ARM GAS  /var/folders/nx/qt6_p4ls4xzbnqkz75ny5wl40000gp/T//cctYJSy8.s 			page 12


 156      0E3BBDC5 
 156      45F177D6 
 156      D866474B 
 157 034d 51DED7F1 		.ascii	"Q\336\327\361\270\242\275\215\006\226p\003\035)\003"
 157      B8A2BD8D 
 157      06967003 
 157      1D2903
 158 035c E36BE6F9 		.ascii	"\343k\346\371,\315\336\300;\212t\"\323\3002\306\264"
 158      2CCDDEC0 
 158      3B8A7422 
 158      D3C032C6 
 158      B4
 159 036d E5FE2D4B 		.ascii	"\345\376-K\363\253@\372\345\224~\305:6\346\362H\367"
 159      F3AB40FA 
 159      E5947EC5 
 159      3A36E6F2 
 159      48F7
 160 037f 5D95EE49 		.ascii	"]\225\356I\236\356\327\317\375\335\313/X\315\030<B\340"
 160      9EEED7CF 
 160      FDDDCB2F 
 160      58CD183C 
 160      42E0
 161 0391 9E302C16 		.ascii	"\2360,\026\3737\037\366)\316\216\357.\230\346\354S\267"
 161      FB371FF6 
 161      29CE8EEF 
 161      2E98E6EC 
 161      53B7
 162 03a3 4E89D78B 		.ascii	"N\211\327\213f<N\340{I\336\221\314\207\374\007N\256"
 162      663C4EE0 
 162      7B49DE91 
 162      CC87FC07 
 162      4EAE
 163 03b5 21F98F9C 		.ascii	"!\371\217\234|\356\215\306i\376\216\327\036%0#\017f"
 163      7CEE8DC6 
 163      69FE8ED7 
 163      1E253023 
 163      0F66
 164 03c7 67FF6DD9 		.ascii	"g\377m\331\231\3559\364{Ve\373\247\3151*\027D'{\246"
 164      99ED39F4 
 164      7B5665FB 
 164      A7CD312A 
 164      1744277B 
 165 03dc 5A9D32D9 		.ascii	"Z\2352\331\030\355\237\363\014\326\234Z(\202\301*\347"
 165      18ED9FF3 
 165      0CD69C5A 
 165      2882C12A 
 165      E7
 166 03ed C172A960 		.ascii	"\301r\251`\365\257H\371;\262\017\326\274\"\215f\006"
 166      F5AF48F9 
 166      3BB20FD6 
 166      BC228D66 
 166      06
 167 03fe 6BA7606A 		.ascii	"k\247`j\036]X\264\230\372\375\004~\311\210\332\316\264"
 167      1E5D58B4 
 167      98FAFD04 
 167      7EC988DA 
 167      CEB4
ARM GAS  /var/folders/nx/qt6_p4ls4xzbnqkz75ny5wl40000gp/T//cctYJSy8.s 			page 13


 168 0410 A8F965D4 		.ascii	"\250\371e\324\334\251\250\015G\314~m\264\3647\363\023"
 168      DCA9A80D 
 168      47CC7E6D 
 168      B4F437F3 
 168      13
 169 0421 6E35C299 		.ascii	"n5\302\231\337UV.m`\374~\247Wv\224}m\332\340W\246{A"
 169      DF55562E 
 169      6D60FC7E 
 169      A7577694 
 169      7D6DDAE0 
 170 0439 EA5E6EEC 		.ascii	"\352^n\354\332\200\224\356E\256\033\277d\3417\336\321"
 170      DA8094EE 
 170      45AE1BBF 
 170      64E137DE 
 170      D1
 171 044a A1C8CD77 		.ascii	"\241\310\315w\200w4@\340\276y\325\216\232\035\335\225"
 171      80773440 
 171      E0BE79D5 
 171      8E9A1DDD 
 171      95
 172 045b 83D14B2A 		.ascii	"\203\321K*\350\277o\356h\005#\342G-\237\376\375\241"
 172      E8BF6FEE 
 172      680523E2 
 172      472D9FFE 
 172      FDA1
 173 046d 681F60FF 		.ascii	"h\037`\377*x\377<\352f\275\023\221b\367d\337\277\230"
 173      2A78FF3C 
 173      EA66BD13 
 173      9162F764 
 173      DFBF98
 174 0480 228D67BE 		.ascii	"\"\215g\276\270+\031\323\2267u%\243x\367\255\267/[y"
 174      B82B19D3 
 174      96377525 
 174      A378F7AD 
 174      B72F5B79 
 175 0494 47591C97 		.ascii	"GY\034\227S\315\363\311\346yS\367\352\244\251\250*\207"
 175      53CDF3C9 
 175      E67953F7 
 175      EAA4A9A8 
 175      2A87
 176 04a6 7DAEA8C3 		.ascii	"}\256\250\303\266\232\3477\316\237\212b\015\255\252"
 176      B69AE737 
 176      CE9F8A62 
 176      0DADAA
 177 04b5 2233501F 		.ascii	"\"3P\037\216?\2154B+0\215,\266{kjj\2378p\360\205\203"
 177      8E3F8D34 
 177      422B308D 
 177      2CB67B6B 
 177      6A6A9F38 
 178 04cd CFECAF3D 		.ascii	"\317\354\257=t\270\366\300\363u\265\257\034z\365\310"
 178      74B8F6C0 
 178      F375B5AF 
 178      1C7AF5C8 
 179 04dd E1DAFDCF 		.ascii	"\341\332\375\317>\265o\257\300'\367\035=\212\225\347"
 179      3EB56FAF 
 179      C027F71D 
 179      3D8A95E7 
ARM GAS  /var/folders/nx/qt6_p4ls4xzbnqkz75ny5wl40000gp/T//cctYJSy8.s 			page 14


 180 04ed EAEA5EAA 		.ascii	"\352\352^\252y\221\374\007#Xh\223"
 180      7991FC07 
 180      23586893 
 181              		.text
 182              		.section	.gnu.lto_.symbol_nodes.e45f708c3208a6aa,"",%progbits
 183 0000 789C4D8B 		.ascii	"x\234M\213\275\011\2000\030\005//\012)\334\301\315\\"
 183      BD098030 
 183      18052F2F 
 183      0A29DCC1 
 183      CD5C
 184 0012 E54BA7A5 		.ascii	"\345K\247\245\177\255\022\235\305\332I\034\302\200\012"
 184      7FAD129D 
 184      C5DA491C 
 184      C2800A
 185 0021 5EF3E01E 		.ascii	"^\363\340\036\347\201\206\027\0152\350O0cI]\205F\231"
 185      E7818617 
 185      0D32E84F 
 185      3063495D 
 185      854699
 186 0034 FBCC9A02 		.ascii	"\373\314\232\002\232d\372\213\262\027[\316\334,\363"
 186      9A64FA8B 
 186      B2175BCE 
 186      DC2CF3
 187 0043 CF418C01 		.ascii	"\317A\214\001\357`o\257\332\273\202#/7\322\036\031b"
 187      EF606FAF 
 187      DABB8223 
 187      2F37D21E 
 187      1962
 188              		.text
 189              		.section	.gnu.lto_.refs.e45f708c3208a6aa,"",%progbits
 190 0000 789C6366 		.ascii	"x\234cf```d\200\002\000\000=\000\005"
 190      60606064 
 190      80020000 
 190      3D0005
 191              		.text
 192              		.section	.gnu.lto_.decls.e45f708c3208a6aa,"",%progbits
 193 0000 789CAD56 		.ascii	"x\234\255V}PSW\026\177\367\335\020B\210\340\310l\355"
 193      7D505357 
 193      167FF7DD 
 193      104288E0 
 193      C86CED
 194 0013 389DD6D2 		.ascii	"8\235\326\322\035\246\323\251D\240\373\307\376\265b"
 194      1DA6D3A9 
 194      44A0FBC7 
 194      FEB562
 195 0022 C0EA562B 		.ascii	"\300\352V+\233\270u;\335\231L\204\2702\345\303\221\260"
 195      9BB8753B 
 195      DD994C84 
 195      B832E5C3 
 195      91B0
 196 0034 83FF3D08 		.ascii	"\203\377=\010*\240\002\342G\371RAcA\344\273EW\261\232"
 196      2AA002E2 
 196      47F95241 
 196      6341E4BB 
 196      4557B19A 
 197 0048 A2521044 		.ascii	"\242R\020DE+\213\353J\0044*\312\206*\012\253\222=\367"
 197      452B8BEB 
ARM GAS  /var/folders/nx/qt6_p4ls4xzbnqkz75ny5wl40000gp/T//cctYJSy8.s 			page 15


 197      4A04342A 
 197      CA862A0A 
 197      AB923DF7 
 198 005c DE242F79 		.ascii	"\336$/y\244\356\316N\337\314/\357\235w\177\347w\317"
 198      A4EECE4E 
 198      DFCC2FEF 
 198      9D777FE7 
 198      77CF
 199 006e 3BF7DC73 		.ascii	";\367\334s\2039\216[\2028\316\011\327\333\241\034W\304"
 199      83398E5B 
 199      8238CE09 
 199      D7DBA11C 
 199      57C4
 200 0080 739C0CDE 		.ascii	"s\234\014\336%p\342E\354z@#\240\031\320\012\000\027"
 200      2570E245 
 200      EC7A4023 
 200      A019D00A 
 200      0017
 201 0092 EE0CE77B 		.ascii	"\356\014\347{\021N\240\313\367]@\017\240\033\320\001"
 201      114EA0CB 
 201      F75D400F 
 201      A01BD001 
 202 00a2 7000C601 		.ascii	"p\000\306\001 \317]\000\334si\324s\263/2O\220\227\216"
 202      20CF5D00 
 202      DC7369D4 
 202      73B32F32 
 202      4F90978E 
 203 00b6 DB97E84C 		.ascii	"\333\227\350L\000\216\002\002\300Y\006\220\303\363\003"
 203      008E0202 
 203      C0590690 
 203      C3F303
 204 00c5 C05DC028 		.ascii	"\300]\300(\340!\3401`\006\200]Z\365\256\230\245W\263"
 204      E021E031 
 204      6006805D 
 204      5AF5AE98 
 204      A557B3
 205 00d8 245EEF79 		.ascii	"$^\357y\336\006\355\267\\\372C\000\033`\004p\0070\006"
 205      DE06EDB7 
 205      5CFA4300 
 205      1B600470 
 205      073006
 206 00eb 988F58FC 		.ascii	"\230\217X\374\315~t'xt\262\361\351\245\340\373<\012"
 206      CD7E7427 
 206      7874B2F1 
 206      E9A5E0FB 
 206      3C0A
 207 00fd 512E24E6 		.ascii	"Q.$\346\251\222\256R9\230*\245\214\230\355/\206\257"
 207      A992AE52 
 207      39982AA5 
 207      8C98ED2F 
 207      86AF
 208 010f CBE6EF15 		.ascii	"\313\346\357\025\340*6\013se(\341\015T\203\026\240Z"
 208      E02A360B 
 208      736528E1 
 208      0D548316 
 208      A05A
 209 0121 B400548F 		.ascii	"\264\000T\217\242\371\360\373\205\214)\035l\2758&\303"
ARM GAS  /var/folders/nx/qt6_p4ls4xzbnqkz75ny5wl40000gp/T//cctYJSy8.s 			page 16


 209      A2F9F0FB 
 209      858C291D 
 209      6CBD3826 
 209      C3
 210 0132 3C22CF87 		.ascii	"<\"\317\207K\357\\W~X\007ny\202\365>\026\247\253\356"
 210      4BEF5C57 
 210      7E58076E 
 210      7982F53E 
 210      16A7ABEE 
 211 0146 DFD23867 		.ascii	"\337\3228g\341\001\301\332\354\350\275\225Y&T\345\010"
 211      E101C1DA 
 211      ECE8BD95 
 211      592654E5 
 211      08
 212 0157 334E27A2 		.ascii	"3N'\242Z\250\016at\014}H\250\344\231\372\240z\264\020"
 212      5AA80E61 
 212      740C7D48 
 212      A8E499FA 
 212      A07AB410 
 213 016b FC8A8A1F 		.ascii	"\374\212\212\037\237@x-\025\0378\262#[\005\032U\315"
 213      9F40782D 
 213      151F38B2 
 213      235B051A 
 213      55CD
 214 017d B6C17346 		.ascii	"\266\301sFk\256\360\322\351\304L\241\301K\241\301\255"
 214      6BAEF0D2 
 214      E9C44CA1 
 214      C14BA1C1 
 214      AD
 215 018e D048156A 		.ascii	"\320H\025jjn4\004\340$\252\360\223u\350&\246\012U\265"
 215      6A6E3404 
 215      E024AAF0 
 215      9375E826 
 215      A60A55B5 
 216 01a2 47E45D82 		.ascii	"G\344]\202\325\351\374\035\365o\362\362or\3737S\177"
 216      D5E9FC1D 
 216      F56FF2F2 
 216      6F72FB37 
 216      537F
 217 01b4 FBD55723 		.ascii	"\373\325W#!8\223\372\367n\275{Y\011\3766\301\361\312"
 217      213893FA 
 217      F76EBD7B 
 217      5909FE36 
 217      C1F1CA
 218 01c7 3CA6D965 		.ascii	"<\246\331e.\266\0106\247\363\035\026D\213\227H\213["
 218      2EB60836 
 218      A7F31D16 
 218      448B9748 
 218      8B5B
 219 01d9 A4958A9C 		.ascii	"\244\225\212\234=3\325\251\304\255\210\252\354\310\263"
 219      3D33D5A9 
 219      C4AD88AA 
 219      ECC8B3
 220 01e8 752B713B 		.ascii	"u+q;3\262\277n\337\021\010\211\177WI\3634T1m\011\242"
 220      33B2BF6E 
 220      DF110889 
 220      7F5749F3 
ARM GAS  /var/folders/nx/qt6_p4ls4xzbnqkz75ny5wl40000gp/T//cctYJSy8.s 			page 17


 220      3454316D 
 221 01fe 26A9F750 		.ascii	"&\251\367Px\305w\335\023\016\207\240\010\245\005\262"
 221      78C577DD 
 221      130E87A0 
 221      08A505B2 
 222 020e EA28AC19 		.ascii	"\352(\254\031^n\026\226\240\277!%\372\3263\037\365&"
 222      5E6E1696 
 222      A0BF2125 
 222      FAD6331F 
 222      F526
 223 0220 579E20E4 		.ascii	"W\236 \344\220\025\013\352\012\341<\013\206N\240\010"
 223      90150BEA 
 223      0AE13C0B 
 223      864EA008 
 224 0230 60502E6A 		.ascii	"`P.j\203\227\307\341%\010_xy&7\000)#\374;\235\362\343"
 224      8397C7E1 
 224      25085F78 
 224      79263700 
 224      2923FC3B 
 225 0247 4443E8C9 		.ascii	"DC\350\311/yC\020d\350$\204\360\215\030\002D\344Y\355"
 225      2F794310 
 225      64E82484 
 225      F08D1802 
 225      44E459ED 
 226 025b BB8F8EF5 		.ascii	"\273\217\216\365+\361$\253\211\316\247\355\371\362w"
 226      2BF124AB 
 226      89CEA7ED 
 226      F9F277
 227 026a B6E0FD82 		.ascii	"\266\340\375\202\202\016\366\265\345\237\014\205O\004"
 227      820EF6B5 
 227      E59F0C85 
 227      4F04
 228 0278 7FE17C5D 		.ascii	"\177\341|]8]\227\311\332m\312\367\252\205\252C\216\336"
 228      385D97C9 
 228      DA6DCAF7 
 228      AA85AA43 
 228      8EDE
 229 028a 03C9B43A 		.ascii	"\003\311\264:\004\2624t\216v6\207W\375\2217\247\021"
 229      04B23474 
 229      8E763687 
 229      57FD9137 
 229      A711
 230 029c 64FD3B12 		.ascii	"d\375;\022\350\031\364\036H\264\036>r<\210\326\363\022"
 230      E819F41E 
 230      48B41E3E 
 230      723C88D6 
 230      F312
 231 02ae A268D9BB 		.ascii	"\242h\331\273\257>\200\326\263\202\230\217\316\225M"
 231      AF3E80D6 
 231      B382988F 
 231      CE954D
 232 02bd 635C8169 		.ascii	"c\\\201i@\217;,YJ\370h\363\377\366\321\340\221s\345"
 232      408F3B2C 
 232      594AF868 
 232      F3FFF6D1 
 232      E09173E5 
 233 02d1 D14828AE 		.ascii	"\321H(\256a\356g;\373\016\005\341:j\310\234/\263\373"
ARM GAS  /var/folders/nx/qt6_p4ls4xzbnqkz75ny5wl40000gp/T//cctYJSy8.s 			page 18


 233      61EE673B 
 233      FB0E05E1 
 233      3A6AC89C 
 233      2FB3FB
 234 02e4 83517878 		.ascii	"\203QxxXD\225\220kv\334\336\371\342\223\022\263`y\023"
 234      58449590 
 234      6B76DCDE 
 234      F9E29312 
 234      B3607913 
 235 02f8 7540E4E7 		.ascii	"u@\344\347 \316\037P\230(\377>\211\376\003\370\341\010"
 235      20CE1F50 
 235      9828FF3E 
 235      89FE03F8 
 235      E108
 236 030a BBEA7193 		.ascii	"\273\352q\223\274k1e\236\367\313\254!_\313\355\242\273"
 236      BC6B3165 
 236      9EF7CBAC 
 236      215FCBED 
 236      A2BB
 237 031c B04A5862 		.ascii	"\260JXb\342\320Y\030\267\322\034\0206\311J\027D|\001"
 237      E2D05918 
 237      B7D21C10 
 237      36C94A17 
 237      447C01
 238 032f 85A34E14 		.ascii	"\205\243N\024N\263O\226\310\366\260I. B\341\334\005"
 238      4EB34F96 
 238      C8F6B049 
 238      2E2042E1 
 238      DC05
 239 0341 E95E1AFE 		.ascii	"\351^\032\376^\371t\241\022\205E\370SE\027A\354\265"
 239      5EF974A1 
 239      128545F8 
 239      53451741 
 239      ECB5
 240 0353 C2E3E90A 		.ascii	"\302\343\351\012\324\015\204\357\305u'\263\270\327}"
 240      D40D84EF 
 240      C57527B3 
 240      B8D77D
 241 0362 E4FBFE7A 		.ascii	"\344\373\376z\271\252@\254'J\026\027\256\007\251\350"
 241      B9AA40AC 
 241      274A1617 
 241      AE07A9E8 
 242 0372 A6803BD9 		.ascii	"\246\200;\331Me\026\213\212.Y\025&\336\316\343\003w"
 242      4D65168B 
 242      8A2E5915 
 242      26DECEE3 
 242      0377
 243 0384 105DB38F 		.ascii	"\020]\263\217\210Y\3367\220\037\200\207Y\322\205\"{"
 243      8859DE37 
 243      901F8087 
 243      59D28522 
 243      7B
 244 0395 2EC6E3CC 		.ascii	".\306\343\314\310/1\333\025\370\0113\256\325\026\347"
 244      C82F31DB 
 244      15F80933 
 244      AED516E7 
 245 03a5 29F07366 		.ascii	")\360sfL\367\331\3330\206\342$F\317\360\324\023\025"
ARM GAS  /var/folders/nx/qt6_p4ls4xzbnqkz75ny5wl40000gp/T//cctYJSy8.s 			page 19


 245      4CF7D9DB 
 245      3086E224 
 245      46CFF0D4 
 245      1315
 246 03b7 D59B4BCC 		.ascii	"\325\233K\314\266\"\373A\031\316gc\027\006\266>\220"
 246      B622FB41 
 246      19CE6763 
 246      1706B63E 
 246      90
 247 03c8 E3626694 		.ascii	"\343bf\224=\357\355\014\245\3047\2119X\263m\267\002"
 247      3DEFED0C 
 247      A5C43789 
 247      3958B36D 
 247      B702
 248 03da 97B2B15D 		.ascii	"\227\262\261]G\366l\345q\0253\334MS\305\232\346\344"
 248      47F66CE5 
 248      711533DC 
 248      4D53C59A 
 248      E6E4
 249 03ec 64510E8F 		.ascii	"dQ\016\217\217\260\261\332\341\276\2229t\354}bv[*\246"
 249      8FB0B1DA 
 249      E1BE9239 
 249      74EC7D62 
 249      765B2AA6 
 250 0400 4370031B 		.ascii	"Cp\003\033{f\277lE\370\033f\014=\037\352\010\244\304"
 250      7B66BF6C 
 250      45F81B66 
 250      0C3D1FEA 
 250      08A4C4
 251 0413 C560864E 		.ascii	"\305`\206N\217\215\366\007A\005\261+\214\374D\204\223"
 251      8F8DF607 
 251      4105B12B 
 251      8CFC4484 
 251      93
 252 0424 F2B0BD6A 		.ascii	"\362\260\275j\272\250\022\\\005BJ\311\376\232R\232\361"
 252      BAA8125C 
 252      05424AC9 
 252      FE9A529A 
 252      F1
 253 0435 94D265BF 		.ascii	"\224\322e\277LVJ\224Z\332\222d\315\305\224{K\312\375"
 253      4C564A94 
 253      5ADA9264 
 253      CDC5947B 
 253      4BCAFD
 254 0448 0792900B 		.ascii	"\007\222\220\013D\362u)\371\232\224\\(\222\317K\311"
 254      44F27529 
 254      F99A945C 
 254      2892CF4B 
 254      C9
 255 0459 8352729E 		.ascii	"\203Rr\236H\276*%[\245\344|\221\334\357?\0141\025;E"
 255      48BE2A25 
 255      5BA5E47C 
 255      91DCEF3F 
 255      0C31153B 
 256 046e EEDFFD47 		.ascii	"\356\337\375G\361\201\270\255\004\272\001za\374\022"
 256      F181B8AD 
 256      04BA017A 
ARM GAS  /var/folders/nx/qt6_p4ls4xzbnqkz75ny5wl40000gp/T//cctYJSy8.s 			page 20


 256      61FC12
 257 047d 1DB2BBAA 		.ascii	"\035\262\273\252\377\021T\377\020T\277\015p\0370\012"
 257      FF1154FF 
 257      1054BF0D 
 257      701F300A 
 258 048d B80B1806 		.ascii	"\270\013\030\006<\006<\004\334\003\214\000\036\000\356"
 258      3C063C04 
 258      DC038C00 
 258      1E00EE
 259 049c 00C65C3B 		.ascii	"\000\306\\;\205F\341\364,\310\025\377_'\006\\$\006|"
 259      8546E1F4 
 259      2CC815FF 
 259      5F27065C 
 259      24067C
 260 04af D3FF8288 		.ascii	"\323\377\202\210\334\035\"w@\312\275!\315Z\231H\376"
 260      DC1D2277 
 260      40CABD21 
 260      CD5A9948 
 260      FE
 261 04c0 A7947C5B 		.ascii	"\247\224|[\024\246;\373\005m\031\366Y-\203V\342\366"
 261      14A63BFB 
 261      056D19F6 
 261      592D8356 
 261      E2F6
 262 04d2 160B82AE 		.ascii	"\026\013\202\256\334\201\250\326\217\376'\246Z\320a"
 262      DC81A8D6 
 262      8FFE27A6 
 262      5AD061
 263 04e1 0EDD3C77 		.ascii	"\016\335<w\002{:\214o\202\321\277 \257\277D\216i\314"
 263      027B3A8C 
 263      6F82D1BF 
 263      20AFBF44 
 263      8E69CC
 264 04f4 E52D2A88 		.ascii	"\345-*\210y\034\344\372\304~d\367\352G\316\352\376\317"
 264      791CE4FA 
 264      C47E64F7 
 264      EA47CEEA 
 264      FECF
 265 0506 7CDAD1B8 		.ascii	"|\332\321\270O;r\270\332\221\203\266\243\333\245\326"
 265      4F3B72B8 
 265      DA9183B6 
 265      A3DBA5D6 
 266 0516 02990F9B 		.ascii	"\002\231\017\233\034\352\"{\302\305\236\240\354\366"
 266      1CEA227B 
 266      C2C59EA0 
 266      ECF6
 267 0524 A9E33521 		.ascii	"\251\3435!\264y\331\350\256n=}\177\222\365\220\267\210"
 267      B479D9E8 
 267      AE6E3D7D 
 267      7F92F590 
 267      B788
 268 0536 79CF71B2 		.ascii	"y\317q\262Z\206O\262\035?\330\323qE\216\273\230qjb\373"
 268      5A864FB2 
 268      1D3FD8D3 
 268      71458EBB 
 268      98716A62 
 269 054b 5305EE63 		.ascii	"S\005\356c\306\336\323\225%\354\324\022\250]\330hy\302"
ARM GAS  /var/folders/nx/qt6_p4ls4xzbnqkz75ny5wl40000gp/T//cctYJSy8.s 			page 21


 269      C6DED395 
 269      25ECD412 
 269      A85DD868 
 269      79C2
 270 055d 546847AC 		.ascii	"ThG\254\255\276\325\213\311Q%\270CR)\275\"\232&G.\354"
 270      ADBED58B 
 270      C95125B8 
 270      435229BD 
 270      229A2647 
 271 0573 6F34C58E 		.ascii	"o4\305\216\251\375cW\352B\347\025\273\362\276\320D\217"
 271      A9FD6357 
 271      EA42E715 
 271      BBF2BED0 
 271      448F
 272 0585 CFE74067 		.ascii	"\317\347@g[\344\337h\236\333\211\260\277\372\261\326"
 272      5BE4DF68 
 272      9EDB89B0 
 272      BFFAB1D6 
 273 0595 11E8CDEE 		.ascii	"\021\350\315\356x\035\373Z\343\264C\201\373i\330\362"
 273      781DFB5A 
 273      E3B44381 
 273      FB69D8F2 
 274 05a5 82B6833F 		.ascii	"\202\266\203?\204\222\236\025F[U\266\255\274\351\367"
 274      84929E15 
 274      465B55B6 
 274      ADBCE9F7 
 275 05b5 A453BD40 		.ascii	"\244S\275@\363\320KX\012\201\017\363(\315*\367R\317"
 275      F3D04B58 
 275      0A810FF3 
 275      28CD2AF7 
 275      52CF
 276 05c7 CE987451 		.ascii	"\316\230tQ\177\256\251\225y\230\317\3742\275\317GVg"
 276      7FAEA995 
 276      7998CFFC 
 276      32BDCF47 
 276      5667
 277 05d9 3FC1F813 		.ascii	"?\301\370\023:\037a\223\"\313\346#\320\014\024\216\023"
 277      3A1F6193 
 277      22CBE623 
 277      D00C148E 
 277      13
 278 05ea F00A90C3 		.ascii	"\360\012\220\303{\025P!-z\240\372+\372\012\257\366{"
 278      7B155021 
 278      2D7AA0FA 
 278      2BFA0AAF 
 278      F67B
 279 05fc 4B3ABF6F 		.ascii	"K:\277o\311\237\332'\364\361(\"\214\212V\302\031\231"
 279      C99FDA27 
 279      F4F12822 
 279      8C8A56C2 
 279      1999
 280 060e 0BDCA762 		.ascii	"\013\334\247bM\222\031\350\345/Vd\206\020\377[\270\260"
 280      4D9219E8 
 280      E52F5664 
 280      8610FF5B 
 280      B8B0
 281 0620 02DF9537 		.ascii	"\002\337\2257\232y\237\372\314\345\275\253y\013\317"
ARM GAS  /var/folders/nx/qt6_p4ls4xzbnqkz75ny5wl40000gp/T//cctYJSy8.s 			page 22


 281      9A799FFA 
 281      CCE5BDAB 
 281      790BCF
 282 062f EA13EEE4 		.ascii	"\352\023\356\344_\327\245\253\243\210\035\256<\375\003"
 282      5FD7A5AB 
 282      A3881DAE 
 282      3CFD03
 283 063e 3E72B187 		.ascii	">r\261\207\035]\277\246\377h\254[\236\361x\220U\341"
 283      1D5DBFA6 
 283      FF68AC5B 
 283      9EF17890 
 283      55E1
 284 0650 FDC252F3 		.ascii	"\375\302R\363\034lgFG\327\356\246`<\346\252\334\213"
 284      1C6C6746 
 284      47D7EEA6 
 284      603CE6AA 
 284      DC8B
 285 0662 0F6BE4D8 		.ascii	"\017k\344\330\301\214\257\367<\317\017\305S\314\260"
 285      C18CAFF7 
 285      3CCF0FC5 
 285      53CCB0
 286 0671 55F619F0 		.ascii	"U\366\031\360\013\366<~f|&\010\3170\343e\311\364\000"
 286      0BF63C7E 
 286      667C2608 
 286      CF30E365 
 286      C9F400
 287 0684 8FB70550 		.ascii	"\217\267\005P\243\255\373\246\240\300\333\251\021<\342"
 287      A3ADFBA6 
 287      A0C0DBA9 
 287      113CE2
 288 0693 183C1FE0 		.ascii	"\030<\037\3409\351\"\302\303h\232\3677\210i.\3401\252"
 288      39E922C2 
 288      C3689AF7 
 288      3788692E 
 288      E031AA
 289 06a6 F89965A6 		.ascii	"\370\231e\246\025q\264\301]\021;\245\324Y\247\321A\017"
 289      1571B4C1 
 289      5D113BA5 
 289      D459A7D1 
 289      410F
 290 06b8 778794EB 		.ascii	"w\207\224\353{\276\0109Uu\224K\266K\241\224{CR\276\365"
 290      7BBE0839 
 290      5575944B 
 290      B64BA194 
 290      7B4352BE 
 291 06cd 1ED96229 		.ascii	"\036\331b)uPB=\340\241n\367\037\201H\255\364P\363\375"
 291      7550423D 
 291      E0A16EF7 
 291      1F8148AD 
 291      F450F3FD 
 292 06e1 E640641E 		.ascii	"\346@d\036\3630\213\374\207\312>\2135\310\006R\337\025"
 292      F3308BFC 
 292      87CA3E8B 
 292      35C80652 
 292      DF15
 293 06f3 FEEBBBB6 		.ascii	"\376\353\273\266\301\367\357\205\237l\316:(\267\362"
 293      C1F7EF85 
ARM GAS  /var/folders/nx/qt6_p4ls4xzbnqkz75ny5wl40000gp/T//cctYJSy8.s 			page 23


 293      9F6CCE3A 
 293      28B7F2
 294 0702 0BD0369E 		.ascii	"\013\3206\236\014U\270\012\266\014\012\366+>\034\355"
 294      0C55B80A 
 294      B60C0AF6 
 294      2B3E1CED 
 295 0712 02EC03EC 		.ascii	"\002\354\003\354\006\224\003J\000{\000\245\200\275\236"
 295      0694034A 
 295      007B00A5 
 295      80BD9E
 296 0721 22E6ABFB 		.ascii	"\"\346\253\373zK\224\222\303\301-\212\366\203\326\377"
 296      7A4B9492 
 296      C3C12D8A 
 296      F683D6FF 
 297 0731 A34BBFB5 		.ascii	"\243K\277\2651U\201*\3019\217\367l\273\012^<\012\216"
 297      3155812A 
 297      C1398FF7 
 297      6CBB0A5E 
 297      3C0A8E
 298 0744 4F8C1604 		.ascii	"O\214\026\004\370\354\236J\237\335s\300\265{\310}\301"
 298      F8EC9E4A 
 298      9FDD73C0 
 298      B57BC87D 
 298      C1
 299 0755 06438A3E 		.ascii	"\006C\212>%%I\277\316\220\370e\346F}Rz\252!9M\237\234"
 299      252549BF 
 299      CE90F865 
 299      E6467D52 
 299      7AAA2139 
 300 076c 966C927F 		.ascii	"\226l\222\177\374\351\037\027j\270\350\310H\265fC\362"
 300      FCE91F17 
 300      6AB8E8C8 
 300      48B56643 
 300      F2
 301 077d BAE4D53A 		.ascii	"\272\344\325:uz\206\032\370\352\215\351\233L\031j\335"
 301      757A861A 
 301      F8EA8DE9 
 301      9B4C196A 
 301      DD
 302 078e 9A5531D1 		.ascii	"\232U1\321\354wYLV\226\332\245\024\231\310\251\334\242"
 302      EC77594C 
 302      5696DAA5 
 302      1499C8A9 
 302      DCA2
 303 07a0 44666E86 		.ascii	"Dfn\206)5&Z\237\230\222\236\370%}\021\230\224jX\001"
 303      2935265A 
 303      9F98929E 
 303      F8257D11 
 303      98946A58 
 304 07b5 F78F5E2F 		.ascii	"\367\217^/\274re\234:nU\354_\243\324L\000\274\"7p\212"
 304      BC72659C 
 304      3A6E55EC 
 304      5FA3D44C 
 304      00BC2237 
 305 07cb CCE43413 		.ascii	"\314\3444\023X"
 305      58
 306 07d0 26A55EEF 		.ascii	"&\245^\357~\374\263:3c\223\032\364AAcLI1lR\0336\245"
ARM GAS  /var/folders/nx/qt6_p4ls4xzbnqkz75ny5wl40000gp/T//cctYJSy8.s 			page 24


 306      7EFCB33A 
 306      3363931A 
 306      F4414163 
 306      4C49316C 
 307 07e8 2E4A4B4F 		.ascii	".JKO3.2\032\326%/\372Kb\242:zq\324o\026\3776:\312wH"
 307      332E321A 
 307      D6252FFA 
 307      4B62A23A 
 307      7A71D46F 
 308 0803 9D9C9698 		.ascii	"\235\234\226\230\222\231dT\247\032\0227$\247\031\325"
 308      92996454 
 308      A71A1237 
 308      24A719D5 
 309 0813 FA24E37A 		.ascii	"\372$\343zCf\212Io\332\274\321\230\001\023\376\341\027"
 309      43668A49 
 309      6FDABCD1 
 309      980113FE 
 309      E117
 310 0825 10CFD89C 		.ascii	"\020\317\330\234\241\326g\230\222 ^P\014\325m\3160\031"
 310      A1D66798 
 310      92205E50 
 310      0CD56DCE 
 310      3019
 311 0837 5335E99B 		.ascii	"S5\351\233\214\032\222\224_E&\031L\206H\311\333\340"
 311      8C1A9294 
 311      5F452619 
 311      4C8648C9 
 311      DBE0
 312 0849 84B55AFD 		.ascii	"\204\265Z\375\032\010\"\316\270\236\327h\261F\247\215"
 312      1A0822CE 
 312      B89ED768 
 312      B146A78D 
 313 0859 F14D9831 		.ascii	"\361M\2301\313\244\326\254\322\255\320A\302\274\226"
 313      CBA4D6AC 
 313      D2ADD041 
 313      C2BC96
 314 0868 81666B7D 		.ascii	"\201fk}\314\342\230\254D\230,X\253\321\270ed\232e\037"
 314      CCE298AC 
 314      44982C58 
 314      ABD1B865 
 314      649A651F 
 315 087c 83D00AAD 		.ascii	"\203\320\012\255\"6ai\264V\267\206>D\221\007y\354\362"
 315      22366169 
 315      B456B786 
 315      3E449107 
 315      79ECF2
 316 088f A5F19F6A 		.ascii	"\245\361\237j\003\311\200\353\036\005w\331\3228\015"
 316      03C980EB 
 316      1E0577D9 
 316      D2380D
 317 089e 18CB9712 		.ascii	"\030\313\227\022N\000q\217\246\2771!\272\317u\360\340"
 317      4E00718F 
 317      A6BF3121 
 317      BACF75F0 
 317      E0
 318 08af 56A62FA3 		.ascii	"V\246/\243\260V\243\225\307\377i\315\012\215v\316\262"
 318      B056A395 
ARM GAS  /var/folders/nx/qt6_p4ls4xzbnqkz75ny5wl40000gp/T//cctYJSy8.s 			page 25


 318      C7FF69CD 
 318      0A8D76CE 
 318      B2
 319 08c0 95B1BAE5 		.ascii	"\225\261\272\345\356a\034\253\321\312>\211\377\\\033"
 319      EE611CAB 
 319      D1CA3E89 
 319      FF5C1B
 320 08cf B83A610D 		.ascii	"\270:a\015\271\363:-\037\253Uh\343u\361\332\317\342"
 320      B9F33A2D 
 320      1FAB5568 
 320      E375F1DA 
 320      CFE2
 321 08e1 E3F0EAA5 		.ascii	"\343\360\352\245Z\331Zm\202\366?\251\0009\017"
 321      5AD95A6D 
 321      82F63FA9 
 321      00390F
 322              		.text
 323              		.section	.gnu.lto_.symtab.e45f708c3208a6aa,"",%progbits
 324 0000 68616C5F 		.ascii	"hal_lld_init\000\000\000\000\000\000\000\000\000\000"
 324      6C6C645F 
 324      696E6974 
 324      00000000 
 324      00000000 
 325 0016 0000AE00 		.ascii	"\000\000\256\000\000\000stm32_clock_init\000\000\000"
 325      00007374 
 325      6D33325F 
 325      636C6F63 
 325      6B5F696E 
 326 002f 00000000 		.ascii	"\000\000\000\000\000\000\000\000\000\260\000\000\000"
 326      00000000 
 326      00B00000 
 326      00
 327 003c 53797374 		.ascii	"SystemCoreClock\000\000\000\000\000\000\000\000\000"
 327      656D436F 
 327      7265436C 
 327      6F636B00 
 327      00000000 
 328 0054 000000BE 		.ascii	"\000\000\000\276\000\000\000dmaInit\000\000\002\000"
 328      00000064 
 328      6D61496E 
 328      69740000 
 328      0200
 329 0066 00000000 		.ascii	"\000\000\000\000\000\000\000\000\262\000\000\000"
 329      00000000 
 329      B2000000 
 330              		.text
 331              		.section	.gnu.lto_.opts,"",%progbits
 332 0000 272D666E 		.ascii	"'-fno-trapv' '-mcpu=cortex-m4' '-mno-thumb-interwor"
 332      6F2D7472 
 332      61707627 
 332      20272D6D 
 332      6370753D 
 333 0033 6B272027 		.ascii	"k' '-mthumb' '-ggdb' '-O2' '-fomit-frame-pointer' '"
 333      2D6D7468 
 333      756D6227 
 333      20272D67 
 333      67646227 
ARM GAS  /var/folders/nx/qt6_p4ls4xzbnqkz75ny5wl40000gp/T//cctYJSy8.s 			page 26


 334 0066 2D66616C 		.ascii	"-falign-functions=16' '-ffunction-sections' '-fdata"
 334      69676E2D 
 334      66756E63 
 334      74696F6E 
 334      733D3136 
 335 0099 2D736563 		.ascii	"-sections' '-fno-common' '-flto'\000"
 335      74696F6E 
 335      73272027 
 335      2D666E6F 
 335      2D636F6D 
 336              		.text
 337              		.comm	__gnu_lto_v1,1,1
 338              		.comm	__gnu_lto_slim,1,1
 339              		.ident	"GCC: (GNU Tools for ARM Embedded Processors) 4.9.3 20150529 (release) [ARM/embedded-4_9-br
ARM GAS  /var/folders/nx/qt6_p4ls4xzbnqkz75ny5wl40000gp/T//cctYJSy8.s 			page 27


DEFINED SYMBOLS
                            *ABS*:0000000000000000 hal_lld.c
                            *COM*:0000000000000001 __gnu_lto_v1
                            *COM*:0000000000000001 __gnu_lto_slim

NO UNDEFINED SYMBOLS
