ARM GAS  /var/folders/nx/qt6_p4ls4xzbnqkz75ny5wl40000gp/T//ccoSqN7w.s 			page 1


   1              		.syntax unified
   2              		.cpu cortex-m4
   3              		.fpu softvfp
   4              		.eabi_attribute 20, 1
   5              		.eabi_attribute 21, 1
   6              		.eabi_attribute 23, 3
   7              		.eabi_attribute 24, 1
   8              		.eabi_attribute 25, 1
   9              		.eabi_attribute 26, 1
  10              		.eabi_attribute 30, 2
  11              		.eabi_attribute 34, 1
  12              		.eabi_attribute 18, 4
  13              		.thumb
  14              		.file	"memstreams.c"
  15              		.text
  16              	.Ltext0:
  17              		.section	.gnu.lto_.profile.93ce59ac84248398,"",%progbits
  18 0000 789C6366 		.ascii	"x\234cf```a\200\000F\206\000K\000\001M\000\222"
  18      60606061 
  18      80004686 
  18      004B0001 
  18      4D0092
  19              		.text
  20              		.section	.gnu.lto_.jmpfuncs.93ce59ac84248398,"",%progbits
  21 0000 789C6366 		.ascii	"x\234cf\300\016\354\2414+\003\023##s}=#\020\32431\003"
  21      C00EECA1 
  21      342B0313 
  21      2323737D 
  21      3D2310D4 
  22 0017 49F67AC6 		.ascii	"I\366z\306zf\346rFF\260<3\\\010\310\206\010\262\260"
  22      7A66E672 
  22      4646B03C 
  22      335C08C8 
  22      8608B2B0 
  23 002b 8014F3D7 		.ascii	"\200\024\363\327\003\001\003\000\323a\007\002"
  23      03010300 
  23      D3610702 
  24              		.text
  25              		.section	.gnu.lto_.inline.93ce59ac84248398,"",%progbits
  26 0000 789C6366 		.ascii	"x\234cf\300\016\212\031!4+\003\003/\017#3\003#\003\263"
  26      C00E8A19 
  26      21342B03 
  26      032F0F23 
  26      33032303 
  27 0015 03884800 		.ascii	"\003\210H\000\021\012\\l\023\364\0308.\350110\276`g"
  27      110A5C6C 
  27      13F41838 
  27      2EE83131 
  27      30BE6067 
  28 0029 81902082 		.ascii	"\201\220 \202\003\314\344``Y \317\303\300x\203]\200"
  28      03CCE460 
  28      605920CF 
  28      C3C07883 
  28      5D80
  29 003b 094C3230 		.ascii	"\011L20m\340\227\000\231\306\310\300\303\0151\014lN"
  29      6DE09700 
  29      99C6C8C0 
ARM GAS  /var/folders/nx/qt6_p4ls4xzbnqkz75ny5wl40000gp/T//ccoSqN7w.s 			page 2


  29      C30D310C 
  29      6C4E
  30 004d 0323C434 		.ascii	"\003#\3044\346\016q\006\366\037jXLc\236!\216\3334&\006"
  30      E60E7106 
  30      F61F6A58 
  30      4C639E21 
  30      8EDB3426 
  31 0062 41494616 		.ascii	"AIF\026$\323\230\030\301v0+p\003\2650p|\300\351>\246"
  31      24D39818 
  31      C176302B 
  31      7003B530 
  31      707CC0E9 
  32 0078 0BFC3C20 		.ascii	"\013\374< ce@\\\005\260\240\002HP\003d,\013/\003\003"
  32      6365405C 
  32      05B0A002 
  32      48500364 
  32      2C0B2F03 
  33 008d F3043F10 		.ascii	"\363\004?\020d\206\333\000\361<\325-`a\340`gd`b\355"
  33      6486DB00 
  33      F13CD52D 
  33      6061E060 
  33      67646062 
  34 00a2 5067E05E 		.ascii	"Pg\340^\341\306\004\016r\000\014\0123\273"
  34      E1C6040E 
  34      72000C0A 
  34      33BB
  35              		.text
  36              		.section	.gnu.lto_.pureconst.93ce59ac84248398,"",%progbits
  37 0000 789C6366 		.ascii	"x\234cf``\340f\200\000V\006)F)&)f)\026)\000\004\026"
  37      6060E066 
  37      80005606 
  37      29462926 
  37      29662916 
  38 0018 00A0     		.ascii	"\000\240"
  39              		.text
  40              		.section	.gnu.lto_put.93ce59ac84248398,"",%progbits
  41 0000 789C8D53 		.ascii	"x\234\215S\335KSa\030\177\177\357{v\316\326\346\007"
  41      DD4B5361 
  41      187F7FEF 
  41      7B76CED6 
  41      E607
  42 0012 2104BBA8 		.ascii	"!\004\273\250@D\302\334\210\242k\241?\240\213\376\002"
  42      4044C2DC 
  42      88A26BA1 
  42      3FA08BFE 
  42      02
  43 0023 0DC18123 		.ascii	"\015\301\201#i]t\347\231\016C\272\221i\245\251\231I"
  43      695D74E7 
  43      990E43BA 
  43      9169A5A9 
  43      9949
  44 0035 6699DA5C 		.ascii	"f\231\332\\\232\332\327\2022\211\225zQ\331\007e`fQ\324"
  44      9ADAD782 
  44      3289957A 
  44      51D90765 
  44      606651D4 
  45 0049 4C58BBA8 		.ascii	"LX\273\250\365<\347\014T\272\310\003{?\236\363\376\276"
ARM GAS  /var/folders/nx/qt6_p4ls4xzbnqkz75ny5wl40000gp/T//ccoSqN7w.s 			page 3


  45      F53CE70C 
  45      54BAC803 
  45      7B3F9EF3 
  45      FEBE
  46 005b 9EF34E89 		.ascii	"\236\363N\211\177\237\003\364\233UB\034\244\031\016"
  46      7F9F03F4 
  46      9B55421C 
  46      A4190E
  47 006a 01D9F24C 		.ascii	"\001\331\362L\210\260SJ\255\007\302\334\246RI!L\217"
  47      88B0534A 
  47      AD07C2DC 
  47      A6524921 
  47      4C8F
  48 007c 8266D735 		.ascii	"\202f\3275\200\027\002\242^*\015\365\370,S\022\223\303"
  48      801702A2 
  48      5E2A0DF5 
  48      F82C5312 
  48      93C3
  49 008e 6B4FDD2B 		.ascii	"kO\335+2#\305nA\333\251\350L\273\316[h\274}\323\222"
  49      3223C56E 
  49      41DBA9E8 
  49      4CBBCE5B 
  49      68BC7DD3 
  50 00a3 FD925F7A 		.ascii	"\375\222_z\3314\315\037\227b';\332.\322\033)~J\201+"
  50      D934CD1F 
  50      9762273B 
  50      DA2ED21B 
  50      297E4A81 
  51 00b8 F062005E 		.ascii	"\360b\000^\346\273\212R:\032]\3504\224\017\214\372\276"
  51      E6BB8A52 
  51      3A1A5DE8 
  51      34940F8C 
  51      FABE
  52 00ca 3A179725 		.ascii	":\027\227%}\246\331\220\230\0305+\264\214T\270\006\265"
  52      7DA6D990 
  52      9818352B 
  52      B48C54B8 
  52      06B5
  53 00dc 11462581 		.ascii	"\021F%\201A\224\320\351\013+o'\240\366Y\310\271\271"
  53      4194D0E9 
  53      0B2B6F27 
  53      A0F659C8 
  53      B9B9
  54 00ee E636D8C8 		.ascii	"\3466\330\310\344\260Y\201\214\324p\335F\356\365b\017"
  54      E4B05981 
  54      8CD470DD 
  54      46EEF562 
  54      0F
  55 00ff E3348121 		.ascii	"\3434\201!\224\360\341\314\303O\247<j\277\005l:\323"
  55      94F0E1CC 
  55      C34FA73C 
  55      6ABF056C 
  55      3AD3
  56 0111 DFEA28EE 		.ascii	"\337\352(\356%\340\342\351\276'\036s\306\214,f\263\273"
  56      25E0E2E9 
  56      BE271E73 
  56      C68C2C66 
ARM GAS  /var/folders/nx/qt6_p4ls4xzbnqkz75ny5wl40000gp/T//ccoSqN7w.s 			page 4


  56      B3BB
  57 0123 32D281E1 		.ascii	"2\322\201\341\315\312\366C\220T\344\367K\267\036\241"
  57      CDCAF643 
  57      9054E4F7 
  57      4BB71EA1 
  58 0133 6C851841 		.ascii	"l\205\030A1\247\24207\240\203\346\221\355\0113\233\215"
  58      31A7A230 
  58      37A083E6 
  58      91ED0933 
  58      9B8D
  59 0145 3F4A3597 		.ascii	"?J5\227u\310|\220.e`\303\016Z\352:\017\006\015\206\223"
  59      75C87C90 
  59      2E6560C3 
  59      0E5AEA3A 
  59      0F060D86 
  60 015a 0717D892 		.ascii	"\007\027\330\222\233\213\036\036\204X\".n\366G\352\026"
  60      9B8B1E1E 
  60      8458222E 
  60      6EF647EA 
  60      16
  61 016b CDEA051A 		.ascii	"\315\352\005\032\022\347\246\213,v\322JS\372\327h\030"
  61      12E7A68B 
  61      2C76D24A 
  61      53FAD768 
  61      18
  62 017c 4F4DF72A 		.ascii	"OM\367*\256\245\245\203\014\275_\232\235wr\357\035\226"
  62      AEA5A583 
  62      0CBD5F9A 
  62      9D7772EF 
  62      1D96
  63 018e BFB15F3D 		.ascii	"\277\261_=\337\362\272\321IMp\022\00016O\365\256\265"
  63      DFF2BAD1 
  63      494D7012 
  63      0031364F 
  63      F5AEB5
  64 01a1 D65705E5 		.ascii	"\326W\005\345e\031\351\302(\272\261\312\266\005\342"
  64      6519E9C2 
  64      28BAB1CA 
  64      B605E2
  65 01b0 28B7287B 		.ascii	"(\267({w\330\204\372\326\030nZ\014\234\030c\304\360"
  65      77D884FA 
  65      D6186E5A 
  65      0C9C1863 
  65      C4F0
  66 01c2 1C918546 		.ascii	"\034\221\205Fo\316R\232\223\010\016\241\004\335%e9~"
  66      6FCE529A 
  66      93080EA1 
  66      04DD2565 
  66      397E
  67 01d4 1CCE3936 		.ascii	"\034\31696\266\"``\334\022\260Z{\313\262\330\330\336"
  67      B6226060 
  67      DC12B05A 
  67      7BCBB2D8 
  67      D8DE
  68 01e6 94943605 		.ascii	"\224\2246\005a\014\026!\342\263\037vrmc\027\214M]\010"
  68      610C1621 
  68      E2B31F76 
ARM GAS  /var/folders/nx/qt6_p4ls4xzbnqkz75ny5wl40000gp/T//ccoSqN7w.s 			page 5


  68      726D6317 
  68      8C4D5D08 
  69 01fa 9B6642D1 		.ascii	"\233fB\321\327'\024&X\006\223\304\234\226.+u,\371 g"
  69      D7271426 
  69      580693C4 
  69      9C962E2B 
  69      752CF920 
  70 020f CBFD5F5B 		.ascii	"\313\375_[\203\364\305\235\234}j=\373m\333ZT\267I<6"
  70      83F4C59D 
  70      9C7D6A3D 
  70      FB6DDB5A 
  70      54B7493C 
  71 0224 CFFCF9FE 		.ascii	"\317\374\371\376\306\002\266\342\202\300\035\"!\251"
  71      C602B6E2 
  71      82C01D22 
  71      21A9
  72 0232 28723EB7 		.ascii	"(r>\267(rw]\344\036\312\211\332j\250f\335\212w\010\027"
  72      2872775D 
  72      E41ECA89 
  72      DA6AA866 
  72      DD8A7708 
  73 0247 8A34BF5C 		.ascii	"\2124\277\\\006\010\272<0\324\237\307z\362O6\367\320"
  73      0608BA3C 
  73      30D49FC7 
  73      7AF24F36 
  73      F7D0
  74 0259 DFF43EBC 		.ascii	"\337\364>\274\362k\254hck\250\235H\300\253\272\342\036"
  74      F26BAC68 
  74      636BA89D 
  74      48C0ABBA 
  74      E21E
  75 026b BA6A6032 		.ascii	"\272j`2*\225\371|\376C5\201\252\300\341#\376c!\177M"
  75      2A95F97C 
  75      FE433581 
  75      AAC0E123 
  75      FE63217F 
  76 0280 65ADBF36 		.ascii	"e\255\2776P\345\017\2358^]\031\014\371\203\325\301\334"
  76      50E50F9D 
  76      385E5D19 
  76      0CF983D5 
  76      C1DC
  77 0292 D27754C8 		.ascii	"\322wT\310@\035\252T0T\367\027\237\305d\240"
  77      401DAA54 
  77      3054F717 
  77      9FC564A0 
  78              		.text
  79              		.section	.gnu.lto_get.93ce59ac84248398,"",%progbits
  80 0000 789C8D53 		.ascii	"x\234\215S\335KSa\030\177\177\357{v\316\346fJH\027\273"
  80      DD4B5361 
  80      187F7FEF 
  80      7B76CEE6 
  80      664A4817 
  81 0015 29109150 		.ascii	")\020\221P7\242\250\273\010\372\003\272\350/\320\020"
  81      37A2A8BB 
  81      08FA03BA 
  81      E82FD010 
  82 0025 1C3892D6 		.ascii	"\0348\222\326Ew\036u(t\0212\023l~%\226Y\246\246s\246"
ARM GAS  /var/folders/nx/qt6_p4ls4xzbnqkz75ny5wl40000gp/T//ccoSqN7w.s 			page 6


  82      45771E75 
  82      28741132 
  82      136C7E25 
  82      9659A6A6 
  83 003b 96302344 		.ascii	"\2260#D\302,!\313>0#5\213\2424\311vQ\353y\316Y\245t"
  83      C22C21CB 
  83      3E302335 
  83      8BA234C9 
  83      7651EB79 
  84 0053 9107CEFB 		.ascii	"\221\007\316\373\361\354\375}<\277\363N\211\177\237"
  84      F1ECFD7D 
  84      3CBFF34E 
  84      897F9F
  85 0062 43F4F628 		.ascii	"C\364\366(!\016\323\014\207\200\254\237\021\242\312"
  85      210ED30C 
  85      8780AC9F 
  85      11A2CA
  86 0071 29A5D60E 		.ascii	")\245\326\016af\250\265i!L\217\202f\3275\200\027\002"
  86      6166A8B5 
  86      69214C8F 
  86      8266D735 
  86      801702
  87 0084 A2522A0D 		.ascii	"\242R*\015\225x/\327$F\3736\036\272WeR\212}\202\266"
  87      95782FD7 
  87      2446FB36 
  87      1EBA5765 
  87      528A7D82 
  88 0099 6391A926 		.ascii	"c\221\251&\235\267\320x\373\262>\365aW\376U\3234\277"
  88      9DB7D078 
  88      FBB23EF5 
  88      6157FE55 
  88      D334BF
  89 00ac DC8B9DBB 		.ascii	"\334\213\235\273t\3612\375\"\305W)p\015^t\303\313|\327"
  89      74F132FD 
  89      22C55729 
  89      700D5E74 
  89      C3CB7CD7 
  90 00c0 914F4723 		.ascii	"\221OG#\363\315\206\362\201Q\237\327\037\307d^\247i"
  90      F3CD86F2 
  90      81519FD7 
  90      1FC7645E 
  90      A769
  91 00d2 56274606 		.ascii	"V'F\006\315cZR*\334\200\332\012\243\222@\017\362\370"
  91      CD635A52 
  91      2ADC80DA 
  91      0AA39240 
  91      0FF2F8
  92 00e5 78DBEAAB 		.ascii	"x\333\352\253\021\250\003\026\364\312\205\241F\231\333"
  92      11A80316 
  92      F4CA85A1 
  92      4699DB
  93 00f4 41D0C5D6 		.ascii	"A\320\305\326\267\223n\263\311\014/\246R{\223R\303M"
  93      B7936EB3 
  93      C90C2FA6 
  93      527B9352 
  93      C34D
  94 0106 9BA1D08B 		.ascii	"\233\241\320\213\375\336t\002\004H\336\177W\347Q\007"
ARM GAS  /var/folders/nx/qt6_p4ls4xzbnqkz75ny5wl40000gp/T//ccoSqN7w.s 			page 7


  94      FDDE7402 
  94      0448DE7F 
  94      57E75107 
  95 0116 2D706D63 		.ascii	"-pmcW\203\303\006\267u>\360\230S\277\301\016\364m\227"
  95      5783C306 
  95      B7753EF0 
  95      9853BFC1 
  95      0EF46D97 
  96 012a FF035F0B 		.ascii	"\377\003_\013\377x\346\326\303\324`6z\221\213~\344r"
  96      FF78E6D6 
  96      C3D46036 
  96      7A918B7E 
  96      E472
  97 013c 7BD4D52D 		.ascii	"{\324\325-\350\240\211\253\375\273\023f*\025\233\231"
  97      E8A089AB 
  97      FDBB1366 
  97      2A159B99 
  98 014c A83B1295 		.ascii	"\250;\022\225\231 \363\324\020\273w\320R\327y0h0\234"
  98      9920F3D4 
  98      10BB77D0 
  98      52D77930 
  98      68309C
  99 015f 3CB80443 		.ascii	"<\270\004C2\270\350\341\223B,\321\313\311/\323\206f"
  99      32B8E8E1 
  99      93422CD1 
  99      CBC92FD3 
  99      8666
 100 0171 F514D589 		.ascii	"\365\024\325\211\361\311\034K\201\3646)\212\027\250"
 100      F1C91C4B 
 100      81F43629 
 100      8A17A8
 101 0180 1E1E78D2 		.ascii	"\036\036x\322\241\270\266)\035d\354\365\322\243Y'\177"
 101      A1B8B629 
 101      1D64ECF5 
 101      D2A35927 
 101      7F
 102 0191 0887E533 		.ascii	"\010\207\3453\376\275\375Sf+\232\221\224N\002`\200\233"
 102      FEBDFD53 
 102      662B9A91 
 102      944E0260 
 102      809B
 103 01a3 A07ACB46 		.ascii	"\240z\313F\303\363\254\242\202\244ta\020\255Xg\353\002"
 103      C3F3ACA2 
 103      82A47461 
 103      10AD5867 
 103      EB02
 104 01b5 31145994 		.ascii	"1\024Y\224o\366\330\204\372\316\030\206,\0060C\234\030"
 104      6FF6D884 
 104      FACE1886 
 104      2C063043 
 104      9C18
 105 01c7 E6109EAF 		.ascii	"\346\020\236\257\361\246-\021\211\225\3312\271\245\213"
 105      F1A62D11 
 105      8995D932 
 105      B9A58B
 106 01d6 A52CC773 		.ascii	"\245,\307s\023i\307\306N\004\014\014[\002V\274\267-"
 106      1369C7C6 
ARM GAS  /var/folders/nx/qt6_p4ls4xzbnqkz75ny5wl40000gp/T//ccoSqN7w.s 			page 8


 106      4E040C0C 
 106      5B0256BC 
 106      B72D
 107 01e8 8B354DB5 		.ascii	"\2135M\265\037\245MA\030\203E\210\370\333\371B\273\346"
 107      1FA54D41 
 107      18834588 
 107      F8DBF942 
 107      BBE6
 108 01fa DA1A84B1 		.ascii	"\332\032\204\261-\210*\323L\030t-\010\210\021V\302("
 108      2D882AD3 
 108      4C18742D 
 108      08881156 
 108      C228
 109 020c 910BCAD6 		.ascii	"\221\013\312\326t[\311\366r\262.\326\210\324.D\217\332"
 109      745BC9F6 
 109      72B22ED6 
 109      88D42E44 
 109      8FDA
 110 021e 84197616 		.ascii	"\204\031v\026\263\321\256\232,\346tA`\214\320$\032\001"
 110      B3D1AE9A 
 110      2CE67441 
 110      608CD024 
 110      1A01
 111 0230 1FF96F1F 		.ascii	"\037\371o\037=tU\234\014\274\3637\254\273(\"j&Y\250"
 111      3D74559C 
 111      0CBCF337 
 111      ACBB2822 
 111      6A2659A8 
 112 0244 5B89EAB6 		.ascii	"[\211\352\266\224\207\3259/\315\372\350\013\250\312"
 112      9487D539 
 112      2FCDFAE8 
 112      0BA8CA
 113 0253 169B7C7E 		.ascii	"\026\233|~\005 \266\225\356\336\256L\266 \177\246\322"
 113      0520B695 
 113      EEDEAE4C 
 113      B6207FA6 
 113      D2
 114 0264 0FFD25C7 		.ascii	"\017\375%\307\341\225-\361\034B\253\351\270\207n\016"
 114      E1952DF1 
 114      1C42ABE9 
 114      B8876E0E 
 115 0274 184C8115 		.ascii	"\030L\201\025\370|\376\343e\201\222\300\211\223\376"
 115      F87CFEE3 
 115      658192C0 
 115      8993FE
 116 0283 D3217F59 		.ascii	"\323!\177Yq\271\277<P\342\017\235=SZ\034\014\371\203"
 116      71B9BF3C 
 116      50E20F9D 
 116      3D535A1C 
 116      0CF983
 117 0296 A5C1F4D2 		.ascii	"\245\301\364\322wJ\310@\005JT0T\361\013%\013X]"
 117      774AC840 
 117      054A5430 
 117      54F10B25 
 117      0B585D
 118              		.text
 119              		.section	.gnu.lto_reads.93ce59ac84248398,"",%progbits
ARM GAS  /var/folders/nx/qt6_p4ls4xzbnqkz75ny5wl40000gp/T//ccoSqN7w.s 			page 9


 120 0000 789C8D52 		.ascii	"x\234\215RKOSA\024\2363s\357\355mi\003\272p\321\370"
 120      4B4F5341 
 120      149E3373 
 120      EFED6D69 
 120      03BA70D1 
 121 0015 8A841043 		.ascii	"\212\204\020C\350\215\321\230\2703q\343\316\205\277"
 121      E88DD198 
 121      B83371E3 
 121      CE85BF
 122 0024 00948426 		.ascii	"\000\224\204&T\211uK\270\224ZY\031S4i\202\370\210\301"
 122      5489754B 
 122      B8945A59 
 122      19533469 
 122      82F888C1 
 123 0038 175A0404 		.ascii	"\027Z\004\004\005\012vA\324\005\276\021\2521*\021|\304"
 123      050A7641 
 123      D405BE11 
 123      AA312A11 
 123      7CC4
 124 004a 289492D4 		.ascii	"(\224\222\324\033\243\365\234\031\024\305\205\334\344"
 124      1BA3F59C 
 124      1914C585 
 124      DCE4
 125 0058 CEE3CCF9 		.ascii	"\316\343\314\371\276\363}gF\260\177\277\255\370\027"
 125      BEF37D67 
 125      46B07FBF 
 125      ADF817
 126 0067 04633B70 		.ascii	"\004c;p\006\235\001?\376\200\261&\223s1n1\333\243\245"
 126      069D013F 
 126      FE80B126 
 126      9373316E 
 126      31DBA3A5 
 127 007b D633DB2B 		.ascii	"\3263\333+@Sa\015\200\026\014X#\027\0324\302G\236\345"
 127      4053610D 
 127      80160C58 
 127      23171A34 
 127      C2479EE5 
 128 008f 30905CB8 		.ascii	"0\220\\\270_\364\201;\234md\270\035\214\337K\030\264"
 128      5FF4813B 
 128      9C6D64B8 
 128      1D8CDF4B 
 128      18B4
 129 00a1 058DB693 		.ascii	"\005\215\266\223\023\211Iwy\207mG\346\"\263w\275Gv;"
 129      13894977 
 129      79876D47 
 129      E622B377 
 129      BD47763B 
 130 00b5 9CB31C67 		.ascii	"\234\263\034gp\021\374p\011\374Dw\031\31213\236is\211"
 130      7011FC70 
 130      09FC4477 
 130      19CA3133 
 130      9E697389 
 131 00c9 00106876 		.ascii	"\000\020hv\376Q//;\217\240\364P\217\275Ss\270\200+ "
 131      FE512F2F 
 131      3B8FA0F4 
 131      508FBD53 
 131      73B8802B 
ARM GAS  /var/folders/nx/qt6_p4ls4xzbnqkz75ny5wl40000gp/T//ccoSqN7w.s 			page 10


 132 00de FE846188 		.ascii	"\376\204a\210A'\224av2\025\2353\304\026\211\234\212"
 132      41279461 
 132      7632159D 
 132      33C41689 
 132      9C8A
 133 00f0 B664BC0A 		.ascii	"\266d\274\012\231QH\015\256.Gj\014\256I\344x\346mL\023"
 133      9951480D 
 133      AE2E476A 
 133      0CAE49E4 
 133      78E66D4C 
 134 0105 DB24B26F 		.ascii	"\333$\262o8y\247X!?)$2/G\342\246\013\312(\335\031}\177"
 134      3879A758 
 134      213F2924 
 134      322F47E2 
 134      A60BCA28 
 135 011d D42BB64B 		.ascii	"\324+\266Kh\354\344\205V\275\364\034B\3378O\366\247"
 135      68ECE485 
 135      56BDF41C 
 135      42DF384F 
 135      F6A7
 136 012f A367ED1F 		.ascii	"\243g\355\037\205\0028\\\207\353\177\023\250\017\021"
 136      8502385C 
 136      87EB7F13 
 136      A80F11
 137 013e D9E8F7C9 		.ascii	"\331\350\367\311\"#j\333v\011tC)5\004\373\320\003\006"
 137      22236ADB 
 137      76097443 
 137      293504FB 
 137      D00306
 138 0151 E0DCB53A 		.ascii	"\340\334\265:m\027\012\275\251/\211M\253\212AV\344@"
 138      6D170ABD 
 138      A92F894D 
 138      AB8A4156 
 138      E440
 139 0163 5E355460 		.ascii	"^5T`\3504\0304\270\200\216L2\344\306\301\345\001\262"
 139      E8341834 
 139      B8808E4C 
 139      32E4C6C1 
 139      E501B2
 140 0176 E5A5231F 		.ascii	"\345\245#\037\015\214M#-\335\330\014\012\307YL@$\235"
 140      0D8C4D23 
 140      2DDDD80C 
 140      0AC7594C 
 140      40249D
 141 0189 EB005908 		.ascii	"\353\000Y\010\313\3461\374\002\"\375\331a?\205\362\\"
 141      CBE631FC 
 141      0222FDD9 
 141      613F85F2 
 141      5C
 142 019a 4369AFA7 		.ascii	"Ci\257\247\037>6\351\376t\251\264\357\353\231\317\276"
 142      1F3E36E9 
 142      FE74A9B4 
 142      EFEB99CF 
 142      BE
 143 01ab 7668433B 		.ascii	"vhC;&\346C/\331\300\370\251\205\326\347\305\225\025"
 143      26E6432F 
 143      D9C0F8A9 
ARM GAS  /var/folders/nx/qt6_p4ls4xzbnqkz75ny5wl40000gp/T//ccoSqN7w.s 			page 11


 143      85D6E7C5 
 143      9515
 144 01bd D4A51BD0 		.ascii	"\324\245\033\320\016\363d\200A\037TJ\306\2515\212P_"
 144      0EF36480 
 144      411F544A 
 144      C6A9358A 
 144      505F
 145 01cf 1943BF64 		.ascii	"\031C\277d \357pS24\237\210\215rEA\262\220\210=\203"
 145      20EF7053 
 145      32349F88 
 145      8D724541 
 145      B290883D 
 146 01e4 E858B3FF 		.ascii	"\350X\263\377w\314%[9\203\257`\334\222\276\234u\322"
 146      77CC255B 
 146      3983AF60 
 146      DC92BE9C 
 146      75D2
 147 01f6 1676244F 		.ascii	"\026v$O\326\361H\373\345\271\204\2510(\267#\233\025"
 147      D6F148FB 
 147      E5B984A9 
 147      3028B723 
 147      9B15
 148 0208 8BB91271 		.ascii	"\213\271\022q\032\334\222\342\344\005\015(q\211\330"
 148      1ADC92E2 
 148      E4050D28 
 148      7189D8
 149 0217 5AC5E0CE 		.ascii	"Z\305\340\316\023Jg/\2610\006\010x\372\351\261$o\370"
 149      134A672F 
 149      B1300608 
 149      78FAE9B1 
 149      246FF8
 150 022a 66B7D8A6 		.ascii	"f\267\330\246\303\33592\005\203\320\300\362\334#\363"
 150      C3DD3932 
 150      0583D0C0 
 150      F2DC23F3 
 151 023a B19047CA 		.ascii	"\261\220G\312\350\276\275A\221x\377+\243\023\337\211"
 151      E8BEBD41 
 151      9178FF2B 
 151      A313DF89 
 152 024a 497D1A5A 		.ascii	"I}\032Z\352SJI\211\033\212\304\207<\213\006\343\362"
 152      EA534A49 
 152      891B8AC4 
 152      873C8B06 
 152      E3F2
 153 025c 7E574E3A 		.ascii	"~WN:\274D:\002\225H\305^AS\272\340S\304\030\177\007"
 153      BC443A02 
 153      9548C55E 
 153      4153BAE0 
 153      53C4187F 
 154 0271 80FDE638 		.ascii	"\200\375\3468\030bl\026\360U\001u\026;R\021\010X\273"
 154      18626C16 
 154      F0550175 
 154      163B5211 
 154      0858BB
 155 0284 6A83D5C1 		.ascii	"j\203\325\301={\255\203a\253\266\252\316\252\013V[\341"
 155      3D7BAD83 
 155      61ABB6AA 
ARM GAS  /var/folders/nx/qt6_p4ls4xzbnqkz75ny5wl40000gp/T//ccoSqN7w.s 			page 12


 155      CEAA0B56 
 155      5BE1
 156 0296 C3876AAA 		.ascii	"\303\207j\252Ba+T\023Z\\\006\3661\036\254\347\325\365"
 156      42612B54 
 156      135A5C06 
 156      F6311EAC 
 156      E7D5F5
 157 02a9 704084C2 		.ascii	"p@\204\302\365?\001\322\362f\324"
 157      F53F01D2 
 157      F266D4
 158              		.text
 159              		.section	.gnu.lto_writes.93ce59ac84248398,"",%progbits
 160 0000 789C8D52 		.ascii	"x\234\215RKOSA\030\235o\346\336\333\333\322\006\342"
 160      4B4F5341 
 160      189D6FE6 
 160      DEDBDBD2 
 160      06E2
 161 0012 C6A48A31 		.ascii	"\306\244\2121!\204\005\2417Fc\342\316\304\215;\027\376"
 161      218405A1 
 161      374663E2 
 161      CEC48D3B 
 161      17FE
 162 0024 0250129A 		.ascii	"\002P\022\232P%\326-\341\002\265\2622\246hB\202\250"
 162      5025D62D 
 162      E102B5B2 
 162      32A66842 
 162      82A8
 163 0036 C4E00B6C 		.ascii	"\304\340\013l\205R\024,\332\205Q\027\370\346Q\037\021"
 163      8552142C 
 163      DA855117 
 163      F8E6511F 
 163      11
 164 0047 1FE02386 		.ascii	"\037\340#\206\310+\251W\203\365\373fP\024\027r\223;"
 164      C82BA957 
 164      83F5FB66 
 164      50141772 
 164      933B
 165 0059 8F6FE69C 		.ascii	"\217o\346\2349\347\314\010\366\357\267\025\377\274`"
 165      39E7CC08 
 165      F6EFB715 
 165      FFBC60
 166 0068 6C07F6A0 		.ascii	"l\007\366\2403\340\307\0370\326hr.F-f{\264\364&f{\005"
 166      33E0C71F 
 166      30D66872 
 166      2E462D66 
 166      7BB4F426 
 167 007f 68AAAC01 		.ascii	"h\252\254\001\320\200\001k\340B\203\006\370\304\347"
 167      D080016B 
 167      E0428306 
 167      F8C4E7
 168 008e 380CC617 		.ascii	"8\014\306\027\357\027|\344\016g\233\031N\207b\367\332"
 168      EF177CE4 
 168      0E679B19 
 168      4E8762F7 
 168      DA
 169 009f 0C9A8246 		.ascii	"\014\232\202F\323\211\361\266\011wY\227m7\315\276\375"
 169      D389F1B6 
ARM GAS  /var/folders/nx/qt6_p4ls4xzbnqkz75ny5wl40000gp/T//ccoSqN7w.s 			page 13


 169      09775997 
 169      6D37CDBE 
 169      FD
 170 00b0 7CD77B64 		.ascii	"|\327{d\267\3039[\340\014.\200\037.\202\237\350.A\031"
 170      B7C3395B 
 170      E00C2E80 
 170      1F2E829F 
 170      E82E4119 
 171 00c4 EE8C65DB 		.ascii	"\356\214e\333]\"\000\004\3722\377(\311K\317!(\223\356"
 171      5D220004 
 171      FA32FF28 
 171      C94BCF21 
 171      2893EE
 172 00d7 B3776A0E 		.ascii	"\263wj\016\027p\031\304\2370,1\350\206R\334\035OGf\015"
 172      177019C4 
 172      9F302C31 
 172      E88652DC 
 172      1D4F4766 
 173 00ec B14522DF 		.ascii	"\261E\"\337DZ\262^\205\234TH\015zV#5\006W$r4\373.\252"
 173      445AB25E 
 173      859C5448 
 173      0D7A5623 
 173      35065724 
 174 0105 896D1299 		.ascii	"\211m\022\231\032\216\337)T\310o\012\211\314\253\221"
 174      1A8EDF29 
 174      54C86F0A 
 174      89CCAB91 
 175 0115 38494029 		.ascii	"8I@)mwn\1778\352\025\333%4z\362|\253^\322\211\320\327"
 175      6D776E7F 
 175      38EA15DB 
 175      25347AF2 
 175      7CAB5ED2 
 176 012c 934FF667 		.ascii	"\223O\366g\"g\355\037\371<8\\\207\253\177\023\250\017"
 176      2267ED1F 
 176      F93C385C 
 176      87AB7F13 
 176      A80F
 177 013e 117391A5 		.ascii	"\021s\221\245\211\002#b\333v\021\364B\011\005\2029\364"
 177      89022362 
 177      DB7611F4 
 177      42090582 
 177      39F4
 178 0150 8101D827 		.ascii	"\201\001\330'\326e\354|>\231X\312n\200B\220'r \257\032"
 178      D665EC7C 
 178      3E9958CA 
 178      6E804290 
 178      277220AF 
 179 0165 2A30746A 		.ascii	"*0tj\014j\\@K&\016]n\312\303\003d\313KK>j\030\233BZ"
 179      0C6A5C40 
 179      4B260E5D 
 179      6ECAC303 
 179      64CB4B4B 
 180 017f BAB16914 		.ascii	"\272\261i\024\216\275\030\207\246\314\255.\220\007\341"
 180      8EBD1887 
 180      A6CCAD2E 
 180      9007E1
 181 018e B1392C3F 		.ascii	"\2619,?\207\246\201\271~?\225r\\Ci\223S\017\037\233"
ARM GAS  /var/folders/nx/qt6_p4ls4xzbnqkz75ny5wl40000gp/T//ccoSqN7w.s 			page 14


 181      87A681B9 
 181      7E3F9572 
 181      5C436993 
 181      530F1F9B 
 182 01a2 747FBA54 		.ascii	"t\177\272T\232\372zf\306\327\001\355h\307\304\375\220"
 182      9AFA7A66 
 182      C6D701ED 
 182      68C7C4FD 
 182      90
 183 01b3 241B583F 		.ascii	"$\033X?\265\330\372\254\260\242\234R\352\207\016\230"
 183      B5D8FAAC 
 183      B0A29C52 
 183      EA870E98 
 184 01c3 27030C52 		.ascii	"'\003\014RP!\031;\327+B}m\014\003\222\201\274\3035\311"
 184      5021193B 
 184      D72B427D 
 184      6D0C0392 
 184      81BCC335 
 185 01d8 D07C223A 		.ascii	"\320|\":\302\025\005\311B\"6\006\221\221f\377\357\232"
 185      C21505C9 
 185      42223606 
 185      919166FF 
 185      EF9A
 186 01ea 4B46398D 		.ascii	"KF9\215\257`\324\222\276\306\212\245-L$G\326qI\373\345"
 186      AF60D492 
 186      BEC68AA5 
 186      2D4C2447 
 186      D67149FB 
 187 01ff B988A932 		.ascii	"\271\210\2512(\267\251b\305b\256E\234\013\256Kq\362"
 187      28B7A962 
 187      C562AE45 
 187      9C0BAE4B 
 187      71F2
 188 0211 820695B8 		.ascii	"\202\006\225\270\266\350F\305\340\316\021Jg/\361`,\020"
 188      B6E846C5 
 188      E0CE114A 
 188      672FF160 
 188      2C10
 189 0223 F0F4D363 		.ascii	"\360\364\323cq^\377\335n\261M\207\273\027\310\024\014"
 189      715EFFDD 
 189      6EB14D87 
 189      BB17C814 
 189      0C
 190 0234 413D939B 		.ascii	"A=\223\233=\250\301\341\036)\243w`\231\304\373_\031"
 190      3DA8C1E1 
 190      1E29A377 
 190      6099C4FB 
 190      5F19
 191 0246 DDF84E4C 		.ascii	"\335\370NL\312\351\306JNi%%f(\022\037\362,\033\214\311"
 191      CAE9C64A 
 191      4E692525 
 191      6628121F 
 191      F22C1B8C 
 192 025b FB5D3BE9 		.ascii	"\373];\351\360\012\351M\250@*\366\012\0323/|\212\030"
 192      F00AE94D 
 192      A8402AF6 
 192      0A1A332F 
ARM GAS  /var/folders/nx/qt6_p4ls4xzbnqkz75ny5wl40000gp/T//ccoSqN7w.s 			page 15


 192      7C8A18
 193 026e EBEF0130 		.ascii	"\353\357\0010o\216\215!zf\000_\025P\262\230Hy `\355"
 193      6F8E8D21 
 193      7A66005F 
 193      1550B298 
 193      48792060 
 194 0283 AA095605 		.ascii	"\252\011V\005\367\354\265\016\206\255\232\312Z\2536"
 194      F7ECB50E 
 194      86AD9ACA 
 194      5AAB36
 195 0292 5865850F 		.ascii	"Xe\205\017\037\252\256\014\205\255Puhy\030\330\307x"
 195      1FAAAE0C 
 195      85AD5075 
 195      687918D8 
 195      C778
 196 02a4 B08E57D5 		.ascii	"\260\216W\325\301\001\021\012\327\375\0043\002f["
 196      C101110A 
 196      D7FD0433 
 196      02665B
 197              		.text
 198              		.section	.gnu.lto_msObjectInit.93ce59ac84248398,"",%progbits
 199 0000 789C9591 		.ascii	"x\234\225\221\317KTQ\024\307\357\367\3367\317\0073a"
 199      CF4B5451 
 199      14C7EFF7 
 199      DE37CF07 
 199      3361
 200 0012 B412576D 		.ascii	"\264\022WmDB\234\201vm\244hQ\273\026\375\005N\2148\340"
 200      44429C81 
 200      766DA468 
 200      51BB16FD 
 200      054E8C38 
 201 0027 60380511 		.ascii	"`8\005\021\014\336\021C\202@\351\207\015\324\340B\""
 201      0CDE1143 
 201      8240E987 
 201      0DD4E042 
 201      22
 202 0038 CDD251B3 		.ascii	"\315\322Q\263\374Q\371\312\026\271H\023\"\255 \205F"
 202      FC51F9CA 
 202      16B94813 
 202      22AD2085 
 202      46
 203 0049 B285E9A8 		.ascii	"\262\205\351\250d\257\022;\347\316\020a-\362\301\343"
 203      64AF123B 
 203      E7CE1061 
 203      2DF2C1E3 
 204 0059 DE73EFF9 		.ascii	"\336s\357\371~\316\271\337\243\304\337_)\375\347\224"
 204      7ECEB9DF 
 204      A3C4DF5F 
 204      29FDE794 
 205 0069 10476885 		.ascii	"\020Gh\205\022\220mSB$\035\011\360F@4J4\342\263\314"
 205      12906D53 
 205      42241D09 
 205      F0464034 
 205      4A34E2B3 
 206 007e 49B4B93D 		.ascii	"I\264\271=)\177\371-\255\365\352\332H\311\205\022O\012"
 206      297FF92D 
 206      ADF5EADA 
ARM GAS  /var/folders/nx/qt6_p4ls4xzbnqkz75ny5wl40000gp/T//ccoSqN7w.s 			page 16


 206      48C98512 
 206      4F0A
 207 0090 B12EF318 		.ascii	"\261.\363\030\334F9\245x\317?\265\004T\020\202\366#"
 207      DC4639A5 
 207      78CF3FB5 
 207      04541082 
 207      F623
 208 00a2 BD1B2FFD 		.ascii	"\275\033/\375K\322\223\330\317\341\350\345\027)\233"
 208      4BD293D8 
 208      CFE1E8E5 
 208      17299B
 209 00b1 43697138 		.ascii	"Ciq8\263\270\260ZT\326\251u\223;9\240\017[\236T\350"
 209      B3B8B05A 
 209      54D6A975 
 209      933B39A0 
 209      0F5B9E54 
 210 00c6 82221EBA 		.ascii	"\202\"\036\272Q\212;(\025t$\320\2032\312\3768\236\371"
 210      518A3B28 
 210      157424D0 
 210      8332CAFE 
 210      389EF9
 211 00d9 EE57070D 		.ascii	"\356W\007\015w\366\342\245\245\202r>\257\264pw\247\322"
 211      77F6E2A5 
 211      A582723E 
 211      AFB47077 
 211      A7D2
 212 00eb 12B86794 		.ascii	"\022\270g\224\257&\223\357\213\325!\243\334X\231\230"
 212      AF2693EF 
 212      8BD521A3 
 212      DC589998 
 213 00fb 0B18E5C2 		.ascii	"\013\030\345\302\334\304T@\037\367\244\017\275;\245"
 213      DCC45440 
 213      1FF7A40F 
 213      BD3BA5
 214 010a 3E813E23 		.ascii	">\201>#\235X\036\274\006Ue\244\372\372z\332\311\027"
 214      9D581EBC 
 214      065565A4 
 214      FAFA7ADA 
 214      C917
 215 011c 9DCE17F5 		.ascii	"\235\316\027\365!\363\017e?\3128=\327\2745\353\267\233"
 215      21F30F65 
 215      3FCA383D 
 215      D7BC35EB 
 215      B79B
 216 012e C9AABD79 		.ascii	"\311\252\275y\2130\000\033\264\366\355s\365\366vg\357"
 216      8B30001B 
 216      B4F6ED73 
 216      F5F67667 
 216      EF
 217 013f CF31CB4F 		.ascii	"\3171\313O\036\323\353,p\2476\270\250\003\003\020Y\222"
 217      1ED3EB2C 
 217      70A736B8 
 217      A8030310 
 217      5992
 218 0151 B0FD8B52 		.ascii	"\260\375\213R\362\252\336\241\351k\313\233t\025S\210"
 218      F2AADEA1 
 218      E96BCB9B 
ARM GAS  /var/folders/nx/qt6_p4ls4xzbnqkz75ny5wl40000gp/T//ccoSqN7w.s 			page 17


 218      74155388 
 219 0161 3E9F9D9E 		.ascii	">\237\235\236q\330J\232\033\205C\337:\226\367\244q#"
 219      71D84A9A 
 219      1B8543DF 
 219      3A96F7A4 
 219      7123
 220 0173 A9B56B7B 		.ascii	"\251\265k{\322\336\224\022\203\324\020\337\335\334\270"
 220      D2DE9412 
 220      83D410DF 
 220      DDDCB8
 221 0182 F2B6B8B2 		.ascii	"\362\266\270\262\302\223E\270\2174\326\314\2700\204"
 221      C29345B8 
 221      8F34D6CC 
 221      B83084
 222 0191 4ABA6B6F 		.ascii	"J\272ko}=\254\022?tJ;t\277\305W\177\302\213L\330\335"
 222      7D3DAC12 
 222      3F744A3B 
 222      74BFC557 
 222      7FC28B4C 
 223 01a7 7A75180C 		.ascii	"zu\030\014o\343,\007\017\220\300\303\002\274#\333\225"
 223      6FE32C07 
 223      0F90C0C3 
 223      02BC23DB 
 223      95
 224 01b8 F21B807B 		.ascii	"\362\033\200{\200+p\"\321G\220\020\324q{n9\247\012\035"
 224      802B7022 
 224      D1479010 
 224      D4717B6E 
 224      39A70A1D 
 225 01cc FF578B16 		.ascii	"\377W\213\026FM\213\354\023\306P\271ISdN\377\227\335"
 225      464D8BEC 
 225      13C650B9 
 225      4953644E 
 225      FF97DD
 226 01df 717C7864 		.ascii	"q|xd8\306\367\307\314\261\363\375\354\232\363\304p\024"
 226      38C6F7C7 
 226      CCB1F3FD 
 226      EC9AF3C4 
 226      7014
 227 01f1 73C699E3 		.ascii	"s\306\231\3430g5\263\262[\216k8\026s\236\032\353\177"
 227      306735B3 
 227      B25B8E6B 
 227      3816739E 
 227      1AEB7F
 228 0204 9BECA3A3 		.ascii	"\233\354\243\243g$\370\200\244;~\214\251<\240,y@s\247"
 228      6724F880 
 228      A43B7E8C 
 228      A93CA02C 
 228      794073A7 
 229 0218 07540483 		.ascii	"\007T\004\203\241\243\265\321p\364\304\311P}<T[]\027"
 229      A1A3B5D1 
 229      70F4C4C9 
 229      507D3C54 
 229      5B5D17
 230 022b AA8B8643 		.ascii	"\252\213\206C\3613\015\221\352X<\024\213\304\012\333"
 230      F1330D91 
 230      EA583C14 
ARM GAS  /var/folders/nx/qt6_p4ls4xzbnqkz75ny5wl40000gp/T//ccoSqN7w.s 			page 18


 230      8BC40ADB 
 231 023b E029A162 		.ascii	"\340)\241b\361\323v\370lMM\244\301\212G\317GT\244>\376"
 231      F1D376F8 
 231      6C4D4DA4 
 231      C18A47CF 
 231      4754A43E 
 232 0250 0B1A1850 		.ascii	"\013\032\030P\016"
 232      0E
 233              		.text
 234              		.section	.gnu.lto_.symbol_nodes.93ce59ac84248398,"",%progbits
 235 0000 789C55CA 		.ascii	"x\234U\312\275\011\200@\024\003\340\\\236\312\025\356"
 235      BD098040 
 235      1403E05C 
 235      9ECA15EE 
 236 0010 E0A81104 		.ascii	"\340\250\021\004\261<\177+\221+\235\306),\035BA-.M\340"
 236      B13C7F2B 
 236      912B9DC6 
 236      292C1D42 
 236      412D2E4D 
 237 0025 4B0C4083 		.ascii	"K\014@\203/\034( \034\200\204u\357Jp\244\\*=\305T\002"
 237      2F1C2820 
 237      1C808475 
 237      EF4A70A4 
 237      5C2A3DC5 
 238 003b 65A9CC54 		.ascii	"e\251\314T\366\313\026=\362\211\210\317\313-T\376\016"
 238      F6CB163D 
 238      F28988CF 
 238      CB2D54FE 
 238      0E
 239 004c A86B0F63 		.ascii	"\250k\017c\201\263\275*\263\267q\003\314\"%/"
 239      81B3BD2A 
 239      B3B77103 
 239      CC22252F 
 240              		.text
 241              		.section	.gnu.lto_.refs.93ce59ac84248398,"",%progbits
 242 0000 789C6366 		.ascii	"x\234cf``\020`\200\000F\026&VF\026V&f&&&\006&F\006\000"
 242      60601060 
 242      80004616 
 242      26564616 
 242      56266626 
 243 001b 03590038 		.ascii	"\003Y\0008"
 244              		.text
 245              		.section	.gnu.lto_.decls.93ce59ac84248398,"",%progbits
 246 0000 789CAD57 		.ascii	"x\234\255W}PT\327\025\177\347\275\375\220eY\234\321"
 246      7D5054D7 
 246      157FE7BD 
 246      FD906559 
 246      9CD1
 247 0012 6AC7FE21 		.ascii	"j\307\376!Cf\230\266QVM\3534\177\325\0143\211\235\251"
 247      436698B6 
 247      51564DEB 
 247      347FD50C 
 247      33899DA9 
 248 0026 3569D2FE 		.ascii	"5i\322\376\321f\206\201e\221\315,\037\263\373\250\241"
 248      D1668681 
 248      6591CD2C 
 248      1FB3FBA8 
ARM GAS  /var/folders/nx/qt6_p4ls4xzbnqkz75ny5wl40000gp/T//ccoSqN7w.s 			page 19


 248      A1
 249 0037 334E9F8B 		.ascii	"3N\237\213F4*\037\202\001\203\272\010~\243(\037*\002"
 249      46342A1F 
 249      820183BA 
 249      087EA328 
 249      1F2A02
 250 004a 114494CD 		.ascii	"\021D\224\315\252\200X\020A\001I\374FPP\021\002\364"
 250      AA805810 
 250      410149FC 
 250      46505011 
 250      02F4
 251 005c DC7BDFDB 		.ascii	"\334{\337\333\017]m\332\311\216g\367\335s\317\371\335"
 251      0F5D6DDA 
 251      C98E67F7 
 251      DD73CFF9 
 251      DD
 252 006d DFFD9DFB 		.ascii	"\337\375\235\373\316E\201\343\270\231<\307M\343g \204"
 252      CE4581E3 
 252      B8993CC7 
 252      4DE36720 
 252      84
 253 007e E3F6E3B3 		.ascii	"\343\366\343\263\006}\037r\336\017\0317\2405\241\265"
 253      067D1F72 
 253      DE0F1937 
 253      A035A1B5 
 254 008e A175A1A9 		.ascii	"\241u\241\251\200\343f\243\341?n\036p~\037\022\253C"
 254      80E366A3 
 254      E13F6E1E 
 254      707E1F12 
 254      AB43
 255 00a0 33A0E9D1 		.ascii	"3\240\351\321*\321V\242\325\240M\242-Gs\243M\240\271"
 255      2AD156A2 
 255      D5A04DA2 
 255      2D4773A3 
 255      4DA0B9
 256 00b3 D004B4E7 		.ascii	"\320\004\264\347hch\3178\206\331\300\275\372i\372?p"
 256      686368CF 
 256      3886D9C0 
 256      BDFA69FA 
 256      3F70
 257 00c5 09E6B80F 		.ascii	"\011\346\270\017nS\000\\\262\247`\037\\\227\214\353"
 257      6E53005C 
 257      B2A7601F 
 257      5C978CEB 
 258 00d5 F6C17D5F 		.ascii	"\366\301}_\306\375\005\202\030\340Ul^\306\231\015\257"
 258      C6FD0582 
 258      18E0556C 
 258      5EC6990D 
 258      AF
 259 00e6 C053BD02 		.ascii	"\300S\275\002\341\267\007\340\355\213\357\253\011/\343"
 259      E1B707E0 
 259      ED8BEFAB 
 259      092FE3
 260 00f5 04C227B5 		.ascii	"\004\302'\265\010\342X\315\2245&eL\227\214\373\010m"
 260      08E258CD 
 260      94352665 
 260      4C978CFB 
ARM GAS  /var/folders/nx/qt6_p4ls4xzbnqkz75ny5wl40000gp/T//ccoSqN7w.s 			page 20


 260      086D
 261 0107 104D8D36 		.ascii	"\020M\2156*c*\370\343\2626\252\327\324\3631\017\325"
 261      2A632AF8 
 261      E3B236AA 
 261      D7D4F331 
 261      0FD5
 262 0119 47472F05 		.ascii	"GG/\005\337\345\301\240\013#\303\3239\315\371\032\034"
 262      DFE5C1A0 
 262      0B23C3D3 
 262      39CDF91A 
 262      1C
 263 012a EA752A32 		.ascii	"\352u*2\254<\337{)D\340\201<\027\347\367_\325-8$IR\206"
 263      AC3CDF7B 
 263      2944E081 
 263      3C17E7F7 
 263      5FD52D38 
 264 0142 545F0F5E 		.ascii	"T_\017^\210\232;\216.\255\020J\203\306\356\337y\010"
 264      889A3B8E 
 264      2EAD104A 
 264      83C6EEDF 
 264      7908
 265 0154 C25CFA7C 		.ascii	"\302\\\372|\364F\343j\204\322\3500E\032#\347\020\376"
 265      F446E36A 
 265      84D2E830 
 265      451A23E7 
 265      10FE
 266 0166 856E577B 		.ascii	"\205nW{K\253\232\372\211K\213\221\374\213s\247\3124"
 266      4BAB9AFA 
 266      894B8B91 
 266      FC8B73A7 
 266      CA34
 267 0178 A08BC820 		.ascii	"\240\213\310 \221Y\351RP\263\201\203\3750\017\016\300"
 267      9159E952 
 267      50B38183 
 267      FD300F0E 
 267      C0
 268 0189 3C0E8E41 		.ascii	"<\016\216A\004\006\303!X\300\301\021t\036Eg\011\006"
 268      0406C321 
 268      58C0C111 
 268      741E4567 
 268      0906
 269 019b 0EBBA6FA 		.ascii	"\016\273\246\372A\222TP\006:(\005\201F\340F5:\205\032"
 269      41925450 
 269      063A2805 
 269      8146E046 
 269      353A851A 
 270 01af DF555574 		.ascii	"\337UUt\332\000\021:\032>5\320\3623\022^\216\341\207"
 270      DA00113A 
 270      1A3E35D0 
 270      F233125E 
 270      8EE187
 271 01c2 BDE198CD 		.ascii	"\275\341\230\315\342\003\257~<\300\352\210\274\347\312"
 271      E203AF7E 
 271      3CC0EA88 
 271      BCE7CA
 272 01d1 C0265090 		.ascii	"\300&P\220\017\354\277\225\220.-\203JD>\350E.\1773r"
 272      0FECBF95 
ARM GAS  /var/folders/nx/qt6_p4ls4xzbnqkz75ny5wl40000gp/T//ccoSqN7w.s 			page 21


 272      902E2D83 
 272      4A443EE8 
 272      452E7F33 
 273 01e6 454064F8 		.ascii	"E@d\370\252\355\332I\225\260\201\211\276\251\373\340"
 273      AAEDDA49 
 273      95B08189 
 273      BEA9FBE0 
 274 01f6 45AD90C9 		.ascii	"E\255\220\311\006k\367\325l\326\242rstT\367\255\356"
 274      066BF7D5 
 274      6CD6A272 
 274      737454F7 
 274      ADEE
 275 0208 1D0D021D 		.ascii	"\035\015\002\035N\223i>g`t/0\025\035\322p\216$\374\234"
 275      4E93693E 
 275      6760742F 
 275      30151DD2 
 275      708E24FC 
 276 021d 8305F3E0 		.ascii	"\203\005\363\340W\270\324i\\j\216\274\324I\\\352\224"
 276      57B8D469 
 276      5C6A8EBC 
 276      D4495CEA 
 276      94
 277 022e 47C2F13E 		.ascii	"G\302\361>*a52?\341e>\307+a_\347\336\217\002\203\326"
 277      2A613532 
 277      3FE1653E 
 277      C72B615F 
 277      E7DE8F02 
 278 0244 BE0E742A 		.ascii	"\276\016t*\335M\205\256A\320*/h5xPa\327\223\035[g\250"
 278      DD4D85AE 
 278      41D02A2F 
 278      68357850 
 278      61D7931D 
 279 025b F0ECD3A0 		.ascii	"\360\354\323\240\277\323\303\366\305\211\313\267\201"
 279      BFD3C3F6 
 279      C589CBB7 
 279      81
 280 0268 FA56EAA1 		.ascii	"\372V\352\241\016\250\317\231[\332\301\317\315\223\365"
 280      0EA8CF99 
 280      5BDAC1CF 
 280      CD93F5
 281 0277 9BA9A212 		.ascii	"\233\251\242\022+\012rp\006\346\342\3677\030KQw4d\037"
 281      2B0A7270 
 281      06E6E2F7 
 281      37184B51 
 281      7734641F 
 282 028b 0B150A98 		.ascii	"\013\025\012\230ZY\331\273w\361a\273\244\372c\303u\256"
 282      5A59D9BB 
 282      77F161BB 
 282      A4FA63C3 
 282      75AE
 283 029d 5B29D9E9 		.ascii	"[)\331\351R\211\3247==\237fA\275\207\027G\236)/h\200"
 283      5289D437 
 283      3D3D9F66 
 283      41BD8717 
 283      479E292F 
 284 02b3 304C3CDB 		.ascii	"0L<\333rj\273\207\007\243Vu\246\240\177\306\353i4R\032"
 284      726ABB87 
ARM GAS  /var/folders/nx/qt6_p4ls4xzbnqkz75ny5wl40000gp/T//ccoSqN7w.s 			page 22


 284      07A35675 
 284      A6A07FC6 
 284      EB693452 
 285 02c8 67151AD9 		.ascii	"g\025\032\331\225w6\350\004\027\243\3214Z=\245\2454"
 285      957736E8 
 285      0417A3D1 
 285      345A3DA5 
 285      A534
 286 02da 9C85C59A 		.ascii	"\234\205\305\232f\251~z\372\367$\001\316\37108\2470"
 286      66A97E7A 
 286      FAF72401 
 286      CEF93038 
 286      A730
 287 02ec 68A20C6A 		.ascii	"h\242\014j\367\035W\013\227\374\213\276\234\025\275"
 287      F71D570B 
 287      97FC8BBE 
 287      9C15BD
 288 02fb F7EB1725 		.ascii	"\367\353\027%AtH\336\236PR\241\226\303\025\375z\245"
 288      417448DE 
 288      9E5052A1 
 288      96C315FD 
 288      7AA5
 289 030d 44AF9CB2 		.ascii	"D\257\234\262o\261J\313\345*]@g\263R\245\322/\037\244"
 289      6FB14ACB 
 289      E52A5D40 
 289      67B352A5 
 289      D22F1FA4 
 290 0321 39F0D0BA 		.ascii	"9\360\320\272p+\347\275UZ\356-Rw\317\346\\\320o\362"
 290      702BE7BD 
 290      555AEE2D 
 290      5277CFE6 
 290      5CD06FF2 
 291 0335 C2D26279 		.ascii	"\302\322by\267\355\006\275\034\371\360E\321\220\236"
 291      B7ED06BD 
 291      1CF9F045 
 291      D1909E
 292 0344 4AE6F294 		.ascii	"J\346\362\224\323\221\361\344\005+1\306\301EV\317\256"
 292      D391F1E4 
 292      052B31C6 
 292      C14556CF 
 292      AE
 293 0355 6D43635A 		.ascii	"mCcZE\333K\314\367]I\273[\357+\256\313o\225\026*\356"
 293      45DB4BCC 
 293      F75D49BB 
 293      5BEF2BAE 
 293      CB6F9516 
 294 036b 6545DC7B 		.ascii	"eE\334{\373:\353\202\2052\201\212\223\235\331\230\031"
 294      FB3AEB82 
 294      8532818A 
 294      939DD998 
 294      19
 295 037c 22D778E3 		.ascii	"\"\327x\343\315\320\002\311\351\220\246\260\317\320"
 295      CDD002C9 
 295      E990A6B0 
 295      CFD0
 296 038a 2C68F551 		.ascii	",h\365Q\270UQ\270\215*\234\331\336\\\255\326\311\207"
 296      B85551B8 
ARM GAS  /var/folders/nx/qt6_p4ls4xzbnqkz75ny5wl40000gp/T//ccoSqN7w.s 			page 23


 296      8D2A9CD9 
 296      DE5CADD6 
 296      C987
 297 039c 3AE3BF1C 		.ascii	":\343\277\034j\214\037\250*>h\360\223\342\212\037\311"
 297      6A8C1FA8 
 297      2A3E68F0 
 297      93E28A1F 
 297      C9
 298 03ad F6374A71 		.ascii	"\3667Jqt\313\275\265l\327\030\007W\331\266k/\026ez\244"
 298      74CBBDB5 
 298      6CD71807 
 298      57D9B66B 
 298      2F16657A 
 299 03c2 F837F36D 		.ascii	"\3707\363mk\270\3560\274^\212N*E\207\"Ei\326\311gZ\241"
 299      6BB8EE30 
 299      BC5E8A4E 
 299      2A458722 
 299      4569D6C9 
 300 03d9 8A4951E6 		.ascii	"\212IQ\346\250o\004v\316n\226K\313\326I?LO\013$\003"
 300      A86F0476 
 300      CE6E964B 
 300      CBD6493F 
 300      4C4F0B24 
 301 03ee AEF9C870 		.ascii	"\256\371\310pM\221\241\213\312p\256\255\373\260\206"
 301      4D91A18B 
 301      CA70AEAD 
 301      FBB086
 302 03fd 767F2705 		.ascii	"v\177'\005\311s\237\272\241\243\355\1776\031\366\264"
 302      C9739FBA 
 302      A1A3ED7F 
 302      3619F6B4 
 303 040d D4E5AA85 		.ascii	"\324\345\252\205Z\266@^maN\020\215\225\350\330}klDO"
 303      5AB6405E 
 303      6D614E10 
 303      8D95E8D8 
 303      7D6B6C44 
 304 0422 636792E1 		.ascii	"cg\222\341\361u9\335!\202\213\305V7N\356\016\362\223"
 304      F17539DD 
 304      21828BC5 
 304      56374EEE 
 304      0EF293
 305 0435 8B10F16E 		.ascii	"\213\020\361n\244\317#\327\325+C\222 t\260\264\243\215"
 305      A4CF23D7 
 305      D52B4392 
 305      2074B0B4 
 305      A38D
 306 0447 3B73F47E 		.ascii	";s\364~i-~i\267<i\233K\012\037\004\013=,\315\321?\325"
 306      692D7E69 
 306      B73C699B 
 306      4B0A1F04 
 306      0B3D2CCD 
 307 045e AEF64B3B 		.ascii	"\256\366K;\343\227\366\235'\255$o{\251\232r\236A\206"
 307      E397F69D 
 307      27AD246F 
 307      7BA99A72 
 307      9E4186
 308 0471 D79ABA77 		.ascii	"\327\232\272w\207\372%6\372%\336V\0225\371\275}\305"
ARM GAS  /var/folders/nx/qt6_p4ls4xzbnqkz75ny5wl40000gp/T//ccoSqN7w.s 			page 24


 308      87FA2536 
 308      FA25DE56 
 308      1235F9BD 
 308      7DC5
 309 0483 06080F0F 		.ascii	"\006\010\017\017\237\025\036\341\304\370aWK/\340q;\013"
 309      9F151EE1 
 309      C4F86157 
 309      4B2FE071 
 309      3B0B
 310 0495 049D7693 		.ascii	"\004\235v\223\3730\313\373\326}O\363\177\215_\034\011"
 310      FB30CBFB 
 310      D67D4FF3 
 310      7F8D5F1C 
 310      09
 311 04a6 973094D7 		.ascii	"\2270\224\327\020<\372\332\007\010\335\017/\305\342"
 311      103CFADA 
 311      0708DD0F 
 311      2FC5E2
 312 04b5 5E61E0E5 		.ascii	"^a\340\345\330_zC\263\351!\221\244e\"\0077p\376&\231"
 312      D85F7A43 
 312      B3E92191 
 312      A4652207 
 312      3770FE26 
 313 04ca EF9513B0 		.ascii	"\357\225\023\260\334\360\020O\362\003\010\207{hw\320"
 313      DCF0104F 
 313      F2030887 
 313      7B6877D0 
 314 04da EE42382D 		.ascii	"\356B8-\275\317\032X\006\350\017\270\006eN\332D\337"
 314      BDCF1A58 
 314      06E80FB8 
 314      06654EDA 
 314      44DF
 315 04ec E4A21964 		.ascii	"\344\242\031d\236S\216\220\247;\214lk\271\257\235%\323"
 315      9E538E90 
 315      A73B8C6C 
 315      6BB9AF9D 
 315      25D3
 316 04fe 70BE8E06 		.ascii	"p\276\216\006\027\220\003\246?\036Y+\351\374\264\037"
 316      179003A6 
 316      3F1E592B 
 316      E9FCB41F 
 317 050e F461C1C1 		.ascii	"\364a\301\301#O\321\016\027m\351\015\021\266\250h\255"
 317      234FD10E 
 317      176DE90D 
 317      11B6A868 
 317      AD
 318 051f 07CE1C1B 		.ascii	"\007\316\034\033\017\026\262\331\240\325\265\266;T\310"
 318      0F16B2D9 
 318      A0D5B5B6 
 318      3B54C8
 319 052e 6783C6C1 		.ascii	"g\203\306\301\212<\020v\262A\351\235\212\353\202PD\007"
 319      8A3C1076 
 319      B241E99D 
 319      8AEB8250 
 319      4407
 320 0540 DA9181B6 		.ascii	"\332\221\201\266]z\300\322\205\207G\204\223\355\367"
 320      5D7AC0D2 
ARM GAS  /var/folders/nx/qt6_p4ls4xzbnqkz75ny5wl40000gp/T//ccoSqN7w.s 			page 25


 320      85874784 
 320      93EDF7
 321 054f E537B6E8 		.ascii	"\3457\266\350\245\346Ed\021\030B\262O\003\013\340\253"
 321      A5E64564 
 321      111842B2 
 321      4F030BE0 
 321      AB
 322 0560 F1759CEE 		.ascii	"\361u\234\356\246\314\236\312\002\277@\201GqS\317\320"
 322      A6CC9ECA 
 322      02BF4081 
 322      477153CF 
 322      D0
 323 0571 9EA38DA1 		.ascii	"\236\243\215\241\215\373\210\334W0\020W\277N\240\355"
 323      8DFB88DC 
 323      57301057 
 323      BF4EA0ED 
 324 0581 6F38E022 		.ascii	"o8\340\"\257\024\235\274\356\217_\016\015|\226H\350"
 324      AF149DBC 
 324      EE8F5F0E 
 324      0D7C9648 
 324      E8
 325 0592 93C0A10C 		.ascii	"\223\300\241\014\226Vok\261F\002\022\363R\375|\371\021"
 325      96566F6B 
 325      B1460212 
 325      F352FD7C 
 325      F911
 326 05a4 A4919791 		.ascii	"\244\221\227\221nz\027\305+\346PS\306Y\003\314\212\010"
 326      6E7A17C5 
 326      2BE65053 
 326      C65903CC 
 326      8A08
 327 05b6 2408FC80 		.ascii	"$\010\374\200:\374\030M\010!\347\016\001`\002\203{\274"
 327      3AFC184D 
 327      0821E70E 
 327      01600283 
 327      7BBC
 328 05c8 370E61A7 		.ascii	"7\016a\247\234\212\316\321\365n\225\337\251\230\360"
 328      9C8ACED1 
 328      F56E95DF 
 328      A998F0
 329 05d7 3B15936F 		.ascii	";\025\223o\354\263\267\367\224vh=\276)\326S\313Ol\254"
 329      ECB3B7F7 
 329      9476683D 
 329      BE29D653 
 329      CB4F6CAC 
 330 05eb F4DE43D3 		.ascii	"\364\336C\323\314\331\234{cX\240ND\004\211\247N\327"
 330      CCD99C7B 
 330      6358A04E 
 330      440489A7 
 330      4ED7
 331 05fd A9CD4FD5 		.ascii	"\251\315O\325\276\335\367\3039>K;x\322|\327\362r\363"
 331      BEDDF7C3 
 331      393E4B3B 
 331      78D27CD7 
 331      F272F3
 332 0610 7DD274D1 		.ascii	"}\322t\321m\020\016\260\343vd\303\223\273\244\371:\361"
 332      6D100EB0 
ARM GAS  /var/folders/nx/qt6_p4ls4xzbnqkz75ny5wl40000gp/T//ccoSqN7w.s 			page 26


 332      E37664C3 
 332      93BBA4F9 
 332      3AF1
 333 0622 1EBA37B2 		.ascii	"\036\2727\262\310\347\036\302,H\347\275\015\030\237"
 333      C8E71EC2 
 333      2C48E7BD 
 333      0D189F
 334 0631 59035EC7 		.ascii	"Y\003^\307\223\006\\W\3228\034$T1\224\323\217z\236\033"
 334      93065C57 
 334      D2381C24 
 334      543194D3 
 334      8F7A9E1B 
 335 0645 843A3618 		.ascii	"\204:6\030\334S=\250\237\337\244\332)\315\240\353M\024"
 335      DC533DA8 
 335      9FDFA4DA 
 335      29CDA0EB 
 335      4D14
 336 0657 ED2D668C 		.ascii	"\355-f\2147\360\363\251'w\177fy\010z\340\013\304\317"
 336      37F0F3A9 
 336      27777F66 
 336      79087AE0 
 336      0BC4CF
 337 066a 20BCC82B 		.ascii	" \274\310+\361\364\240CG\234\353q!\330\3106\026H\253"
 337      F1F4A043 
 337      479CEB71 
 337      21D8C836 
 337      1648AB
 338 067d 237BDA0E 		.ascii	"#{\332\0161\337\373z\370\222\305=\277\260\363\210Z\271"
 338      31DFFB7A 
 338      F892C53D 
 338      BFB0F388 
 338      5AB9
 339 068f 9236339F 		.ascii	"\22263\237\273w2\306W\023\234\2215\201M\030\001[\251"
 339      BB7732C6 
 339      57139C91 
 339      35814D18 
 339      015BA9
 340 06a2 2C5B1459 		.ascii	",[\024Yz\234[kx\341\002\333C\326\241\236*\215p\231\015"
 340      7A9C5B6B 
 340      78E102DB 
 340      43D6A19E 
 340      2A8D7099 
 341 06b7 CE3B2A7B 		.ascii	"\316;*{tB\007\033\024\256\353\353\2444\263\251\036\344"
 341      7442071B 
 341      14AEEBEB 
 341      A434B3A9 
 341      1EE4
 342 06c9 2218AADE 		.ascii	"\"\030\252\336\024D<Y\204x\016[|\"\263\360{=\352\332"
 342      14443C59 
 342      84780E5B 
 342      7C22B3F0 
 342      7B3DEADA 
 343 06dd 97355C53 		.ascii	"\2275\\SQ\373^vz\026\373\033.]r\276MV\206LEZ\330F\310"
 343      51FB5E76 
 343      7A16FB1B 
 343      2E5D72BE 
 343      4D56864C 
ARM GAS  /var/folders/nx/qt6_p4ls4xzbnqkz75ny5wl40000gp/T//ccoSqN7w.s 			page 27


 344 06f6 642AEAE6 		.ascii	"d*\352\346Ru\313\012\332O\302\232\011\374\017\013\226"
 344      5275CB0A 
 344      DA4FC29A 
 344      09FC0F0B 
 344      96
 345 0707 E5C17235 		.ascii	"\345\301r5mxx\363\321\005\327o\031?\031B'\353-\264\333"
 345      6D7878F3 
 345      D105D76F 
 345      193F1942 
 345      27EB2DB4 
 346 071c B6C91383 		.ascii	"\266\311\023\203\035\367\356j\330\304\347\264\2737\310"
 346      1DF7EE6A 
 346      D8C4E7B4 
 346      BB37C8
 347 072b 1315D7BF 		.ascii	"\023\025\327\277\331\315\263\2115\264\2277\311\023\373"
 347      D9CDB389 
 347      35B49737 
 347      C913FB
 348 073a 1E154E05 		.ascii	"\036\025N\005/\255\2242\234a\264\213\221\226\227\307"
 348      2FAD9432 
 348      9C61B48B 
 348      919697C7 
 349 074a AFA16D6F 		.ascii	"\257\241mo;\376\222\326\367\025\376b\373\203|~\015I"
 349      3BFE92D6 
 349      F715FE62 
 349      FB837C7E 
 349      0D49
 350 075c E92FBB1B 		.ascii	"\351/\273\033\361V\221\324\352\254\377\326Ankz\\h\362"
 350      F15691D4 
 350      EAACFFD6 
 350      416E6B7A 
 350      5C68F2
 351 076f 107B333C 		.ascii	"\020{3<\335\224#\036\374.\340\227r\260\203\177\013\223"
 351      DD94231E 
 351      FC2EE097 
 351      72B0837F 
 351      0B93
 352 0781 0F548E0D 		.ascii	"\017T\216\015\371\3775B\264\360\036\325\257y\372\226"
 352      F9FF3542 
 352      B4F01ED5 
 352      AF79FA96 
 353 0791 D05F75A2 		.ascii	"\320_u\242}U\264\250\371\340O\177\011\213\342\264\226"
 353      7D55B4A8 
 353      F9E04F7F 
 353      098BE2B4 
 353      96
 354 07a2 24F19D25 		.ascii	"$\361\235%\321bPt\264\374\364\2511\325n3Z\223M1Vc\224"
 354      D1625074 
 354      B4FCF4A9 
 354      31D56E33 
 354      5A934D31 
 355 07b9 D96A8DB1 		.ascii	"\331j\215\261\031cl\211\013\223\222\223\314\013\315"
 355      19636C89 
 355      0B939293 
 355      CC0BCD
 356 07c8 31B19685 		.ascii	"1\261\226\205\253L&\343"
 356      AB4C26E3 
ARM GAS  /var/folders/nx/qt6_p4ls4xzbnqkz75ny5wl40000gp/T//ccoSqN7w.s 			page 28


 357 07d0 92458B7F 		.ascii	"\222E\213\177\273\350\335%\213\375\247\214\226$\223"
 357      BBE8DD25 
 357      8BFDA78C 
 357      962493
 358 07df 3535CE6C 		.ascii	"55\316lL\2141%X\222\314\306\3508s|L\252U\214\026\323"
 358      4C8C3125 
 358      5892CCC6 
 358      E838737C 
 358      4CAA558C 
 359 07f5 52CCF6C8 		.ascii	"R\314\366\310\004\356\243\237\000\334\236f7F\333\305"
 359      04EEA39F 
 359      00DC9E66 
 359      3746DBC5 
 360 0805 38E48B88 		.ascii	"8\344\213\210K##\215Q\011\226X\313\312\217\215\311v"
 360      4B23238D 
 360      51099658 
 360      CBCA8F8D 
 360      C976
 361 0817 A34D34A6 		.ascii	"\243M4\246$\333D\273\361\275?\257\210Z\361\271\321\224"
 361      24DB44BB 
 361      F1BD3FAF 
 361      885AF1B9 
 361      D194
 362 0829 9C9862B1 		.ascii	"\234\230b\261\232mv\343\007QQFS\202BD\233\212\351\277"
 362      9A6D76E3 
 362      07515146 
 362      53824244 
 362      9B8AE9BF 
 363 083d A3FB969F 		.ascii	"\243\373\226\237\204\224T\361m\177\260\004di\265\304"
 363      849454F1 
 363      6D7FB004 
 363      6469B5C4 
 364 084d 1AEDA2CD 		.ascii	"\032\355\242\315\034\223h7&\232\023\345\307H\023'\254"
 364      1C936837 
 364      269A13E5 
 364      C7481327 
 364      AC
 365 085e 328B1ABB 		.ascii	"2\213\032\273\345\237\346h\361o\377\323\256\010\"q\370"
 365      E59FE668 
 365      F16FFFD3 
 365      AE082271 
 365      F8
 366 086f EFEE3791 		.ascii	"\357\3567\221\357F\276\343\335\243\030\207\322!O5.\027"
 366      EF46BEE3 
 366      DDA31887 
 366      D2214F35 
 366      2E17
 367 0881 67D7ACB6 		.ascii	"g\327\254\266YD\263]\277\302\234\230lK\373\230r \003"
 367      5944B35D 
 367      BFC29C98 
 367      6C4BFB98 
 367      722003
 368 0894 F6F4D715 		.ascii	"\366\364\327\025\237\250i\200\212\004\377\370=$p\302"
 368      9FA86980 
 368      8A04FFF8 
 368      3D2470C2 
 369 08a4 3F12454D 		.ascii	"?\022EMlj|\274\331\246\"[\021\314\311vMr|\274\335,\352"
ARM GAS  /var/folders/nx/qt6_p4ls4xzbnqkz75ny5wl40000gp/T//ccoSqN7w.s 			page 29


 369      6C6A7CBC 
 369      D9A6225B 
 369      11CCC976 
 369      4D727CBC 
 370 08bb 13ED2B63 		.ascii	"\023\355+c?3\233\304?$YD-\362LJ\265Z\265\361Ia\366\024"
 370      3F339BC4 
 370      3F245944 
 370      2DF24C4A 
 370      B55AB5F1 
 371 08d3 B309166B 		.ascii	"\263\011\026k\020\307\224\222\206\023b\202-y\265\312"
 371      10C79492 
 371      86136282 
 371      2D79B5CA 
 372 08e3 6A8E89FF 		.ascii	"j\216\211\377\343OQ\\\321fIZ\205\324\376\003\215X=R"
 372      E34F515C 
 372      D166495A 
 372      85D4FE03 
 372      8D583D52 
 373              		.text
 374              		.section	.gnu.lto_.symtab.93ce59ac84248398,"",%progbits
 375 0000 6D734F62 		.ascii	"msObjectInit\000\000\000\000\000\000\000\000\000\000"
 375      6A656374 
 375      496E6974 
 375      00000000 
 375      00000000 
 376 0016 00000401 		.ascii	"\000\000\004\001\000\000"
 376      0000
 377              		.text
 378              		.section	.gnu.lto_.opts,"",%progbits
 379 0000 272D666E 		.ascii	"'-fno-trapv' '-mcpu=cortex-m4' '-mno-thumb-interwor"
 379      6F2D7472 
 379      61707627 
 379      20272D6D 
 379      6370753D 
 380 0033 6B272027 		.ascii	"k' '-mthumb' '-ggdb' '-O2' '-fomit-frame-pointer' '"
 380      2D6D7468 
 380      756D6227 
 380      20272D67 
 380      67646227 
 381 0066 2D66616C 		.ascii	"-falign-functions=16' '-ffunction-sections' '-fdata"
 381      69676E2D 
 381      66756E63 
 381      74696F6E 
 381      733D3136 
 382 0099 2D736563 		.ascii	"-sections' '-fno-common' '-flto'\000"
 382      74696F6E 
 382      73272027 
 382      2D666E6F 
 382      2D636F6D 
 383              		.text
 384              		.comm	__gnu_lto_v1,1,1
 385              		.comm	__gnu_lto_slim,1,1
 386              		.ident	"GCC: (GNU Tools for ARM Embedded Processors) 4.9.3 20150529 (release) [ARM/embedded-4_9-br
ARM GAS  /var/folders/nx/qt6_p4ls4xzbnqkz75ny5wl40000gp/T//ccoSqN7w.s 			page 30


DEFINED SYMBOLS
                            *ABS*:0000000000000000 memstreams.c
                            *COM*:0000000000000001 __gnu_lto_v1
                            *COM*:0000000000000001 __gnu_lto_slim

NO UNDEFINED SYMBOLS
