ARM GAS  /var/folders/nx/qt6_p4ls4xzbnqkz75ny5wl40000gp/T//ccKAZcvm.s 			page 1


   1              		.syntax unified
   2              		.cpu cortex-m4
   3              		.fpu softvfp
   4              		.eabi_attribute 20, 1
   5              		.eabi_attribute 21, 1
   6              		.eabi_attribute 23, 3
   7              		.eabi_attribute 24, 1
   8              		.eabi_attribute 25, 1
   9              		.eabi_attribute 26, 1
  10              		.eabi_attribute 30, 2
  11              		.eabi_attribute 34, 1
  12              		.eabi_attribute 18, 4
  13              		.thumb
  14              		.file	"nvic.c"
  15              		.text
  16              	.Ltext0:
  17              		.section	.gnu.lto_.profile.c4aea7865cd7fd1c,"",%progbits
  18 0000 789C6366 		.ascii	"x\234cf```a\200\000F\006)1\000\000\276\0009"
  18      60606061 
  18      80004606 
  18      29310000 
  18      BE0039
  19              		.text
  20              		.section	.gnu.lto_.jmpfuncs.c4aea7865cd7fd1c,"",%progbits
  21 0000 789C6366 		.ascii	"x\234cf\300\016\244\2404\013\003\023##s}=#\020\3243"
  21      C00EA4A0 
  21      340B0313 
  21      2323737D 
  21      3D2310D4 
  22 0015 41D8CC20 		.ascii	"A\330\314 6\003\000(\334\0036"
  22      36030028 
  22      DC0336
  23              		.text
  24              		.section	.gnu.lto_.inline.c4aea7865cd7fd1c,"",%progbits
  25 0000 789C6D8C 		.ascii	"x\234m\214\313\015\2000\014C\235\017i\340\302\010\335"
  25      CB0D8030 
  25      0C439D0F 
  25      69E0C208 
  25      DD
  26 0011 801199A5 		.ascii	"\200\021\231\245#1\012#`\240\2528`)J\"\373\331\360\257"
  26      23310A23 
  26      60A0AA38 
  26      60294A22 
  26      FBD9F0AF 
  27 0025 BD6F0796 		.ascii	"\275o\007\226YT\2047\307\343\334\020\255*\364X\035\374"
  27      59548437 
  27      C7E3DC10 
  27      AD2AF458 
  27      1DFC
  28 0037 9246D2CA 		.ascii	"\222F\322\312\302\014\023\346\255\276\011\232\3764("
  28      C20C13E6 
  28      ADBE099A 
  28      FE3428
  29 0046 2617B92B 		.ascii	"&\027\271+\214\324\007\247\014%:8\274\001\342\002F;"
  29      8CD407A7 
  29      0C253A38 
  29      BC01E202 
ARM GAS  /var/folders/nx/qt6_p4ls4xzbnqkz75ny5wl40000gp/T//ccKAZcvm.s 			page 2


  29      463B
  30 0058 0CFC     		.ascii	"\014\374"
  31              		.text
  32              		.section	.gnu.lto_.pureconst.c4aea7865cd7fd1c,"",%progbits
  33 0000 789C6366 		.ascii	"x\234cf``\340d\200\000\026\006)F)&)f)\000\002\305\000"
  33      6060E064 
  33      80001606 
  33      29462926 
  33      29662900 
  34 0017 7F       		.ascii	"\177"
  35              		.text
  36              		.section	.gnu.lto_nvicEnableVector.c4aea7865cd7fd1c,"",%progbits
  37 0000 789C9552 		.ascii	"x\234\225R\337K\223Q\030>\317\371\276\355\233\233Zt"
  37      DF4B9351 
  37      183ECFF9 
  37      BEED9B9B 
  37      5A74
  38 0012 132CA26E 		.ascii	"\023,\242n\304+\367E\027\335V\010\335IR\177A\355\306"
  38      C42BF745 
  38      17DD5608 
  38      DD49527F 
  38      41EDC6
  39 0025 413AD188 		.ascii	"A:\321\210\356<sc^\024(\3368\222\335\244\321\217\345"
  39      EE3C7363 
  39      5E1428DE 
  39      3892DDA4 
  39      D18FE5
  40 0038 6C2B2B4D 		.ascii	"l++M\341C\260\274(m\264H\206L\242\005\366\343\"M\230"
  40      E143B0BC 
  40      286DB448 
  40      864CA205 
  40      F6E3224D 
  41 004d 83CADEF7 		.ascii	"\203\312\336\367l\321\205^\324`\347\234\367\307\363"
  41      6CD1855E 
  41      D460E79C 
  41      F7C7F3
  42 005c 3ECF73CE 		.ascii	">\317s\316g\210\335??\375O\032B\234\240\035\206\200"
  42      6788DD3F 
  42      3FFD4F1A 
  42      429CA01D 
  42      8680
  43 006e 1C5A1222 		.ascii	"\034Z\022\"\342\221\000\037\004D\237D\037>\311\015\211"
  43      E291001F 
  43      04449F44 
  43      1F3EC90D 
  43      89
  44 007f 212795F0 		.ascii	"!'\225\3605\337RJ}\033^\216\264;\250H!\276\313\352\034"
  44      35DF524A 
  44      7D1B5E8E 
  44      B43BA848 
  44      21BECBEA 
  45 0094 DC4633F5 		.ascii	"\334F3\365\344W>\304M\343\030\004\235\247\323[\257|"
  45      E4573EC4 
  45      4DE31804 
  45      9DA7D35B 
  45      AF7C
  46 00a6 EBB22271 		.ascii	"\353\262\"q\224\303\231\341\305\204\233Cir85\227~\276"
ARM GAS  /var/folders/nx/qt6_p4ls4xzbnqkz75ny5wl40000gp/T//ccKAZcvm.s 			page 3


  46      94C399E1 
  46      C5849B43 
  46      69723835 
  46      977EBE
  47 00b9 AF694CA9 		.ascii	"\257iL\251~g1\253N\231\025i\340\016\014\232\207\273"
  47      7E6731AB 
  47      4E991569 
  47      E00E0C9A 
  47      87BB
  48 00cb F0E31EFC 		.ascii	"\360\343\036\374\202R\002)4Q\367\353\033[y\3238\256"
  48      82520229 
  48      3451F7EB 
  48      1B5B79D3 
  48      38AE
  49 00dd E7E6D22F 		.ascii	"\347\346\322/\3635\344\352\037\344\375=\220\023h\342"
  49      F335E4EA 
  49      1FE4FD3D 
  49      901368E2 
  50 00ed F68DD8CF 		.ascii	"\366\215\330\317w>w\214d\357\257\252E\032n\320>y\300"
  50      773E778C 
  50      64EFAFAA 
  50      451A6ED0 
  50      3E79C0
  51 0100 513B3B63 		.ascii	"Q;;cS\263\031\263\001\340vI@\323\340\305\005&\266\350"
  51      53B319B3 
  51      01E07649 
  51      40D3E0C5 
  51      0526B6E8 
  52 0114 E8F2D0E2 		.ascii	"\350\362\320\342\256\343\305K\213%D\211\206\360\345"
  52      AEE3C54B 
  52      8B254489 
  52      86F0E5
  53 0123 7C949277 		.ascii	"|\224\222w\243\200\376\225\201_e\203\347\226\245,K\210"
  53      A380FE95 
  53      815F6583 
  53      E796A52C 
  53      4B88
  54 0135 02A2ABEE 		.ascii	"\002\242\253\356jlP\212T\214\347\326r\006\273\367\230"
  54      6A6C508A 
  54      548CE7D6 
  54      7206BBF7 
  54      98
  55 0146 029324B1 		.ascii	"\002\223$\261\200\371ap\013\0257\277\250\244\311\305"
  55      80F96170 
  55      0B1537BF 
  55      A8A4C9C5 
  56 0156 3A351F55 		.ascii	":5\037U\215\254z\255\264\234\363\350\224\340\360\346"
  56      8DAC7AAD 
  56      B49CF3E8 
  56      94E0F0E6 
  57 0166 DBEDCF8D 		.ascii	"\333\355\317\215I\214F\224r\254\212\364\342\0019\315"
  57      498C4694 
  57      72AC8AF4 
  57      E20139CD 
  58 0176 D0182E56 		.ascii	"\320\030.V\306\257\373ZR*F\017\342C\026Il\352G\241\312"
  58      C6AFFB5A 
  58      522A460F 
ARM GAS  /var/folders/nx/qt6_p4ls4xzbnqkz75ny5wl40000gp/T//ccKAZcvm.s 			page 4


  58      E2431649 
  58      6CEA47A1 
  59 018b B591DCB6 		.ascii	"\265\221\334\266\307\236P\261\210s\210\250\361\020-"
  59      C79E50B1 
  59      887388A8 
  59      F1102D
  60 019a 65E9D2EF 		.ascii	"e\351\322\357\365\0106\211c\245\305\370R\242\275*\326"
  60      F5083689 
  60      63A5C5F8 
  60      52A2BD2A 
  60      D6
  61 01ab A22AC1BE 		.ascii	"\242*\301\276\276\031\235\251gr\267K`J\213\355/\016"
  61      BE199DA9 
  61      6772B74B 
  61      604A8BED 
  61      2F0E
  62 01bd FC90D526 		.ascii	"\374\220\325&\017\217 \334v\315a\035\245\0104;8\270"
  62      0F8F20DC 
  62      76CD611D 
  62      A508343B 
  62      38B8
  63 01cf 6069D011 		.ascii	"`i\320\021\201\307\032\024]\215\227j\327\342\245\216"
  63      81C71A14 
  63      5D8D976A 
  63      D7E2A58E 
  64 01df 17C9F5AC 		.ascii	"\027\311\365\254\266iA\340\011\374\004\325\327\360\376"
  64      B66941E0 
  64      09FC04D5 
  64      D7F0FE
  65 01ee 60ED1EFE 		.ascii	"`\355\036\376\325e=\236j\227\330\345\362pE6`\232]Z\332"
  65      D5653D9E 
  65      6A97D8E5 
  65      F2704536 
  65      609A5D5A 
  66 0203 E50CBBF4 		.ascii	"\345\014\273\364j\226\314\302\206\353\277y\236i\036"
  66      6A96CCC2 
  66      86EBBF79 
  66      9E691E
  67 0212 B937CFEC 		.ascii	"\2717\317\354_\236\271*O\021\021g\344\014\263p\266D"
  67      5F9EB92A 
  67      4F111167 
  67      E40CB370 
  67      B644
  68 0224 02E90321 		.ascii	"\002\351\003!tK `\267v\204.\206\316\236\267\303\275"
  68      744B2060 
  68      B776842E 
  68      86CE9EB7 
  68      C3BD
  69 0236 76C7854B 		.ascii	"v\307\205Kvw\270\347r\257\035\014wv\206\273\354\323"
  69      7677B8E7 
  69      72AF1D0C 
  69      777686BB 
  69      ECD3
  70 0248 E7DA5ADB 		.ascii	"\347\332Z\333\256\332]WB\301@P\240\313\354\356\011\205"
  70      AEDA5D57 
  70      42C14050 
  70      A0CBECEE 
ARM GAS  /var/folders/nx/qt6_p4ls4xzbnqkz75ny5wl40000gp/T//ccKAZcvm.s 			page 5


  70      0985
  71 025a 7F035FA8 		.ascii	"\177\003_\250/j"
  71      2F6A
  72              		.text
  73              		.section	.gnu.lto_nvicDisableVector.c4aea7865cd7fd1c,"",%progbits
  74 0000 789C8D91 		.ascii	"x\234\215\221\313k\023Q\024\306\357wf2IM\250\342\306"
  74      CB6B1351 
  74      14C6EF77 
  74      6632494D 
  74      A8E2C6
  75 0013 1211DD94 		.ascii	"\022\021\335\224\256\222\253\377\201RpW\024\375\013"
  75      AE92ABFF 
  75      81527057 
  75      14FD0B
  76 0022 349B066C 		.ascii	"4\233\006l\"V\304]o\232\030\027\012-\335X)\331\264\276"
  76      2256C45D 
  76      6F9A1817 
  76      0A2DDD58 
  76      29D9B4BE 
  77 0036 D3A63535 		.ascii	"\323\24655>\212\302P\360\265P)\266(E\"b\224\372X4Uh"
  77      3E8AC250 
  77      F0B55029 
  77      B6284522 
  77      6294FA58 
  78 004d 06947ACE 		.ascii	"\006\224z\316\214\013\241\033\007\346\3369\347\376\276"
  78      8C0BA11B 
  78      07E6DE39 
  78      E7FEBE
  79 005c F39D33D7 		.ascii	"\363\2353\327R\233\2378\277iRj\037\357\260\024h\370"
  79      529B9F38 
  79      BF69526A 
  79      1FEFB014 
  79      68F8
  80 006e A552B908 		.ascii	"\245R\271\010\001\362\241\240\006\010\003\370BM\302"
  80      01F2A1A0 
  80      060803F8 
  80      424DC2
  81 007d B05B1E8D 		.ascii	"\260[\036\215v]5\306\254\216\317v\234\353\360X\366\203"
  81      765D35C6 
  81      AC8ECF76 
  81      9CEBF058 
  81      F683
  82 008f 8232B88E 		.ascii	"\2022\270\216.F\026\337~,\332\326^(\376~P\371\371\""
  82      2E4616DF 
  82      7E2CDAD6 
  82      5E28FE7E 
  82      50F9F922 
  83 00a3 BA421E61 		.ascii	"\272B\036a\217\204s#\317F\035\011\311\226\260\366\250"
  83      8F847323 
  83      CF461D09 
  83      C996B0F6 
  83      A8
  84 00b4 F2646BE7 		.ascii	"\362dk\347\2041\203\356\363\252\331o{d\341\006,\256"
  84      843183EE 
  84      F3AAD96F 
  84      7B64E106 
  84      2CAE
ARM GAS  /var/folders/nx/qt6_p4ls4xzbnqkz75ny5wl40000gp/T//ccKAZcvm.s 			page 6


  85 00c6 879B88E3 		.ascii	"\207\233\210\343\026\342\212S\012et\012\336,\374~\023"
  85      16E28A53 
  85      0A65740A 
  85      DE2CFC7E 
  85      13
  86 00d7 750AECBD 		.ascii	"u\012\354\275-\360\304$\034\360>\275\3355\033\033\023"
  86      2DF0C424 
  86      1CF03EBD 
  86      DD351B1B 
  86      13
  87 00e8 D7266B76 		.ascii	"\327&kv\033 8\261\320\266x\011\331\262\204xq\224j\260"
  87      1B2038B1 
  87      D0B67809 
  87      D9B28478 
  87      71946AB0 
  88 00fc 4826FA44 		.ascii	"H&\372D$\273\265\214|\275\370\371\362a\251\263N\264"
  88      24BBB58C 
  88      7CBDF8F9 
  88      F261A9B3 
  88      4EB4
  89 010e CE1684EF 		.ascii	"\316\026\204\357\257\307\346b\322#\2530\305-,c\260~"
  89      AFC7E662 
  89      D223AB30 
  89      C52D2C63 
  89      B07E
  90 0120 FE170590 		.ascii	"\376\027\005\220\305\020g\362-'\210mN\261\350\341\320"
  90      C51067F2 
  90      2D27886D 
  90      4EB1E8E1 
  90      D0
  91 0131 D0E3B02F 		.ascii	"\320\343\260/\332\255P\361E\371w\305\206\025@!&\236"
  91      DAAD50F1 
  91      45F977C5 
  91      86154021 
  91      269E
  92 0143 9656AAB6 		.ascii	"\226V\252\266\020\3341\246\021g)C\363#\037v\010\303"
  92      10DC31A6 
  92      11672943 
  92      F3231F76 
  92      08C3
  93 0155 C0DA3753 		.ascii	"\300\3327S\362\201\260\231\317\233v\031\370}\343\325"
  93      F281B099 
  93      CF9B7619 
  93      F87DE3D5 
  94 0165 42C44F29 		.ascii	"B\304O)\011\307\227Z_\333K\030\313\031\343\206=\212"
  94      09C7975A 
  94      5FDB4B18 
  94      CB19E386 
  94      3D8A
  95 0177 60867FD2 		.ascii	"`\206\177\322m6\223C\357\312\305h\242l\012\360\250\015"
  95      6D369343 
  95      EFCAC568 
  95      A26C0AF0 
  95      A80D
  96 0189 5594B0E6 		.ascii	"U\224\260\346\337\012\237\\\270\264\320\212\350)S\310"
  96      DF0A9F5C 
  96      B8B4D08A 
ARM GAS  /var/folders/nx/qt6_p4ls4xzbnqkz75ny5wl40000gp/T//ccKAZcvm.s 			page 7


  96      E82953C8 
  97 0199 B9BB3CDA 		.ascii	"\271\273<\332\202Y$xX\377\302\356@sw\322\307\352\314"
  97      82592478 
  97      58FFC2EE 
  97      407377D2 
  97      C7EACC
  98 01ac 62D3FADB 		.ascii	"b\323\372\333\311\377\372DQ\363}\260\311g\247G1\334"
  98      C9FFFA44 
  98      51F37DB0 
  98      C967A747 
  98      31DC
  99 01be 151FF83E 		.ascii	"\025\037\370>\367\240\377\035'\306\251\373\\\257\216"
  99      F7A0FF1D 
  99      27C6A9FB 
  99      5CAF8E
 100 01cd 9CBB7450 		.ascii	"\234\273tP\\\205j0\314\267\302\235%\222I\335\335\233"
 100      5C856A30 
 100      CCB7C29D 
 100      259249DD 
 100      DD9B
 101 01df 3E9E3E74 		.ascii	">\236>tTg\373u\357\261\023\372d\366\324\351~\235\312"
 101      5467FB75 
 101      EFB113FA 
 101      64F6D4E9 
 101      7E9DCA
 102 01f2 F6F56533 		.ascii	"\366\365e3\372\300\221\236\356\236\263:s&\235J\246\024"
 102      FAC0919E 
 102      EE9EB33A 
 102      73269D4A 
 102      A614
 103 0204 327F0097 		.ascii	"2\177\000\227?\347s"
 103      3FE773
 104              		.text
 105              		.section	.gnu.lto_nvicSetSystemHandlerPriority.c4aea7865cd7fd1c,"",%progbits
 106 0000 789C6D51 		.ascii	"x\234mQ=hSQ\024>\337\271//\321\250\025\247\022\027\227"
 106      3D685351 
 106      143EDFB9 
 106      2F2FD1A8 
 106      15A71217 
 107 0015 D029798E 		.ascii	"\320)y\216\035\034\224\016NE\320\315\255F!\2016\257"
 107      1D1C940E 
 107      4E45D0CD 
 107      AD462181 
 107      36AF
 108 0027 A4226EBD 		.ascii	"\244\"n\275i\237t\221R:\0255\010F\261\2326\265U\020"
 108      699F7491 
 108      523A1535 
 108      0846B19A 
 108      36B55510 
 109 003b 9D9E0E52 		.ascii	"\235\236\016R\212V\003\205J(\206B\224\212\213\375\201"
 109      8A560385 
 109      4A288642 
 109      948A8BFD 
 109      81
 110 004c F0A0359E 		.ascii	"\360\2405\236\373B'\275p\177\316\317\367\235\357\334"
 110      FB4227BD 
 110      707FCECF 
ARM GAS  /var/folders/nx/qt6_p4ls4xzbnqkz75ny5wl40000gp/T//ccKAZcvm.s 			page 8


 110      F79DEFDC 
 111 005c A3E8DF95 		.ascii	"\243\350\337\225\220\275\011\242srC\021xj\225\250\030"
 111      90BD09A2 
 111      73724311 
 111      786A95A8 
 111      18
 112 006d 63C03C08 		.ascii	"c\300<\0104\312\030\305O\336fL\371\225\231x\317\023"
 112      34CA18C5 
 112      4FDE664C 
 112      F9959978 
 112      CF13
 113 007f ADF5EF47 		.ascii	"\255\365\357G\257\273\357t\007L\264\313\035\032<E\217"
 113      AFBBEF74 
 113      074CB4CB 
 113      1D1A3C45 
 113      8F
 114 0090 A43C9C5D 		.ascii	"\244<\234]\237\353RgA\362~S\335\373\024\337\342\200"
 114      9FEB5267 
 114      41F27E53 
 114      DDFB14DF 
 114      E280
 115 00a2 71C6986F 		.ascii	"q\306\230o\247\227glc\262e\314\305}o\037\311\262\326"
 115      A797676C 
 115      63B265CC 
 115      C57D6F1F 
 115      C9B2D6
 116 00b5 63FEC692 		.ascii	"c\376\306\222>o\005\2540\013%|x\206\004\236#A\342\""
 116      3E6F05AC 
 116      300B257C 
 116      7886049E 
 116      2341E222 
 117 00c9 549094EC 		.ascii	"T\220\224\354/\367\366\326,\325\033\362\326\252\037"
 117      2FF7F6D6 
 117      2CD51BF2 
 117      D6AA1F
 118 00d8 D7BA3AC8 		.ascii	"\327\272:\310?\207\310\271\377 \347\2214\351\333\336"
 118      3F87C8B9 
 118      FF20E791 
 118      34E9DBDE 
 119 00e8 C17ADCF6 		.ascii	"\301z\334\366D\365\311\203C\301\250\302\226\236i\341"
 119      44F5C983 
 119      43C1A8C2 
 119      969E69E1 
 120 00f8 94AFDBED 		.ascii	"\224\257\333\355\362\207w\245(\242\200\201\260\200-"
 120      F28777A5 
 120      28A28081 
 120      B0802D
 121 0107 658E084C 		.ascii	"e\216\010Lq\242\246 \314_|g6\267\252c\354\353\304\217"
 121      71A2A620 
 121      CC5F7C67 
 121      36B7AA63 
 121      ECEBC48F 
 122 011b 07570D49 		.ascii	"\007W\015I\213\271\305\240:\3067\354\216\255\304%U\037"
 122      8BB9C5A0 
 122      3AC637EC 
 122      8EADC425 
 122      551F
ARM GAS  /var/folders/nx/qt6_p4ls4xzbnqkz75ny5wl40000gp/T//ccKAZcvm.s 			page 9


 123 012d D71A3565 		.ascii	"\327\0325e\272\215X\204\005\221T\307\373i\230\024\011"
 123      BA8D5884 
 123      059154C7 
 123      FB699814 
 123      09
 124 013e FEDA996C 		.ascii	"\376\332\231l\0345A[\327\307\365\011\243\262\321\374"
 124      1C35415B 
 124      D7C7F509 
 124      A3B2D1FC 
 125 014e 5C8B852E 		.ascii	"\\\213\205.\012\177g\245\275r\254\204\373E\255};\340"
 125      0A7F67A5 
 125      BD72AC84 
 125      FB45AD7D 
 125      3BE0
 126 0160 285E4867 		.ascii	"(^Hg\213Bc\202\223\273\313\233GR\025\355!\340\030\226"
 126      8B426382 
 126      93BBCB9B 
 126      475215ED 
 126      21E01896 
 127 0174 50C24E38 		.ascii	"P\302N8\005\011UW\313w\217;\363\332+\372\247\2456^\""
 127      05095557 
 127      CB778F3B 
 127      F3DA2BFA 
 127      A7A5365E 
 128 0189 D5E24838 		.ascii	"\325\342H8\240WpD\035}C\321/]4B\214\267)\342\245'\201"
 128      A0577044 
 128      1D7D43D1 
 128      2F5D3442 
 128      8CB729E2 
 129 01a0 A7D269A7 		.ascii	"\247\322i\247/\233\273\226\273t\305qG\234\354\300\240"
 129      2F9BBB96 
 129      BB74C571 
 129      479CECC0 
 129      A0
 130 01b1 33EC166E 		.ascii	"3\354\026n\2168\031wh\310\315;\027.\367\367\365\337"
 130      8E381977 
 130      68C8CD3B 
 130      172EF7F7 
 130      F5DF
 131 01c3 76F2B772 		.ascii	"v\362\267r\231t\206\242\331\201\374\365\301\033\005"
 131      997486A2 
 131      D981FCF5 
 131      C11B05
 132 01d2 6BB89073 		.ascii	"k\270\220s\377\002\215\375\273\226"
 132      FF028DFD 
 132      BB96
 133              		.text
 134              		.section	.gnu.lto_nvicClearPending.c4aea7865cd7fd1c,"",%progbits
 135 0000 789C6551 		.ascii	"x\234eQMkSQ\020\2353\367\345%%R\305U\011\210.,]%W\377"
 135      4D6B5351 
 135      109D33F7 
 135      E5252552 
 135      C5550988 
 136 001a 81D285AB 		.ascii	"\201\322\205\253\242\350/\320l\032\260\211X\021w\275"
 136      A2E82FD0 
 136      6C1AB089 
 136      581177BD 
ARM GAS  /var/folders/nx/qt6_p4ls4xzbnqkz75ny5wl40000gp/T//ccKAZcvm.s 			page 10


 137 002a 69625D58 		.ascii	"ib]Xh\351\306B\311F-~\304\246Zqa\265\360((\335\250D"
 137      68E9C642 
 137      C9462D7E 
 137      C4A65A71 
 137      61B5F028 
 138 0042 2B4A91B8 		.ascii	"+J\221\270h\004\277\026\266V\232\267\320:\363\236;\037"
 138      6804BF16 
 138      B6569AB7 
 138      D03AF39E 
 138      3B1F
 139 0054 BCB977CE 		.ascii	"\274\271w\316=\347\314\314\275\206\376\3772\362\377"
 139      3DE7CCCC 
 139      BD86FEFF 
 139      32F2FF
 140 0063 02D16159 		.ascii	"\002\321aYa\010<\371\222\250\234b@7\004\032a\214\340"
 140      61083CF9 
 140      92A89C62 
 140      4037041A 
 140      618CE0
 141 0076 0B6F3026 		.ascii	"\013o0&\203\372t\272o\3269\367\343\365\223\236\313="
 141      83FA74BA 
 141      6FD639F7 
 141      E3F5939E 
 141      CB3D
 142 0088 2113FDE4 		.ascii	"!\023\375\344\330\006\267\320'\224\325\367\353c\236"
 142      D806B7D0 
 142      2794D5F7 
 142      EB639E
 143 0097 390492FD 		.ascii	"9\004\222\375\343\306\326\213\364g\016\031\0074]\234"
 143      E3C6D68B 
 143      F4670E19 
 143      07345D9C 
 144 00a7 5A99F635 		.ascii	"Z\231\3665eO\323GK\215\347\273{o87\032\254,\270#^\310"
 144      654FD347 
 144      4B8DE7BB 
 144      7B6F3837 
 144      1AAC2CB8 
 145 00be 06B761C4 		.ascii	"\006\267a\304\017w\220\301]dH B\035\275J\337\250\376"
 145      0F7790C1 
 145      5D644820 
 145      421DBD4A 
 145      DFA8FE
 146 00d1 7E97F6AB 		.ascii	"~\227\366\253R{O\\\023\367\340K\3334\2777p;;\353\263"
 146      527B4F5C 
 146      13F7E04B 
 146      DB34BF37 
 146      703B3BEB 
 147 00e6 E34B5E17 		.ascii	"\343K^\027\240t\026\241g$$<\015\011\015\276bDmQ\352"
 147      A07416A1 
 147      6724243C 
 147      0D090DBE 
 147      62446D51 
 148 00fb 589F9875 		.ascii	"X\237\230u5k\250\264\306\376\324N\250\3316\363\266\324"
 148      356BA8B4 
 148      C6FED44E 
 148      A8D936F3 
 148      B6D4
ARM GAS  /var/folders/nx/qt6_p4ls4xzbnqkz75ny5wl40000gp/T//ccKAZcvm.s 			page 11


 149 010d 617C7F33 		.ascii	"a|\1773\263\270K\033\025)\346\244\2175\214\266\256\254"
 149      B3B84B1B 
 149      1529E6A4 
 149      8F358CB6 
 149      AEAC
 150 011f 9A986484 		.ascii	"\232\230d\204$H\245\343\307\271'\220\210\236NL<KF\242"
 150      2448A5E3 
 150      C7B92790 
 150      889E4E4C 
 150      3C4B46A2 
 151 0133 FD844624 		.ascii	"\375\204F$\252|\370GI\340`F\210\261\317\026\307\240"
 151      AA7CF847 
 151      49E06046 
 151      88B1CF16 
 151      C7A0
 152 0145 E2822C4F 		.ascii	"\342\202,OAsq\330\374\346j\236:\370n\271\342\272u\350"
 152      417371D8 
 152      FCE66A9E 
 152      3AF86EB9 
 152      E2BA75E8 
 153 0159 8FED57CD 		.ascii	"\217\355W\315T\004\221\246\327\337v\276v\3270Sv.H\206"
 153      540491A6 
 153      D7DF76BE 
 153      76D73053 
 153      762E4886 
 154 016d 9CC4BC5C 		.ascii	"\234\304\274\\\324}\251\245\207\341\315\361t\266\356"
 154      D47DA9A5 
 154      87E1CDF1 
 154      74B6EE
 155 017c AA083985 		.ascii	"\252\0109\205\007\250a3z\0319\271z\255\331I\3319W-\007"
 155      07A86133 
 155      7A1939B9 
 155      7AADD949 
 155      D939572D 
 156 0191 FB42EEC2 		.ascii	"\373B\356\302\002\2622k\364h\017a\245\023j\241\0344"
 156      02B2326B 
 156      F4680F61 
 156      A5136AA1 
 156      1C34
 157 01a3 8F691F8A 		.ascii	"\217i\037\212\266e@\271\034ads9\333?X8S8~\312\226\206"
 157      B66540B9 
 157      1C616473 
 157      39DB3F58 
 157      3853387E 
 158 01ba EDE0E9B3 		.ascii	"\355\340\351\263\366\\\351\374\205a\233/\015\015\225"
 158      F65CE9FC 
 158      85619B2F 
 158      0D0D95
 159 01c9 8AF6E8C9 		.ascii	"\212\366\350\311\201\376\201K\266x\261\220\317\345\011"
 159      81FE814B 
 159      B678B190 
 159      CFE509
 160 01d8 C5BF674D 		.ascii	"\305\277gM\274K"
 160      BC4B
 161              		.text
 162              		.section	.gnu.lto_.symbol_nodes.c4aea7865cd7fd1c,"",%progbits
 163 0000 789C55C8 		.ascii	"x\234U\310\273\025\000\020\024D\301k_\2422mm\013>\271"
ARM GAS  /var/folders/nx/qt6_p4ls4xzbnqkz75ny5wl40000gp/T//ccKAZcvm.s 			page 12


 163      BB150010 
 163      1444C16B 
 163      5FA2326D 
 163      6D0B3EB9 
 164 0014 A3223549 		.ascii	"\243\"5I\004L8\001\024.U\031\352\006\233\2712jr\372"
 164      044C3801 
 164      142E5519 
 164      EA069BB9 
 164      326A72FA 
 165 0028 A2CBFA62 		.ascii	"\242\313\372b\310\361\006\007\260\022\023*"
 165      C8F10607 
 165      B012132A 
 166              		.text
 167              		.section	.gnu.lto_.refs.c4aea7865cd7fd1c,"",%progbits
 168 0000 789C6366 		.ascii	"x\234cf```d\200\002\000\000=\000\005"
 168      60606064 
 168      80020000 
 168      3D0005
 169              		.text
 170              		.section	.gnu.lto_.decls.c4aea7865cd7fd1c,"",%progbits
 171 0000 789CBD58 		.ascii	"x\234\275XiPTW\026\356\373n\2635\0158:\243)*ScL\025"
 171      69505457 
 171      16EEFB6E 
 171      B3350D38 
 171      3AA3292A 
 172 0018 95CC44DB 		.ascii	"\225\314D\333\230\244\222\374J\010\232\221\2312!M\342"
 172      98A492FC 
 172      4A089A91 
 172      9932214D 
 172      E2
 173 0029 9F992A42 		.ascii	"\237\231*B\260\023\251B\260\000S\361\337\303&\332\310"
 173      B013A942 
 173      B00053F1 
 173      DFC326DA 
 173      C8
 174 003a 22414176 		.ascii	"\"AAv[\026A\366M\024d\023\025\221E@\221E\024\332%\202"
 174      5B1641F6 
 174      4D146413 
 174      15914540 
 174      914514DA 
 175 0050 80828202 		.ascii	"\200\202\202\002\302\300\234{\357{\275<\033&?R\363\212"
 175      C2C09C7B 
 175      EF7BBD3C 
 175      1B263F52 
 175      F38A
 176 0062 F3BACFBB 		.ascii	"\363\272\317\273\337=\367;\347\235{\356\241\261L&KE"
 176      DF3DF73B 
 176      E79D7BEE 
 176      A1B14C26 
 176      4B45
 177 0074 32D9125C 		.ascii	"2\331\022\\1\353d\262\0379\231\314\006\236y\311L\227"
 177      31EB64B2 
 177      1F3999CC 
 177      069E79C9 
 177      4C97
 178 0086 1CA412A4 		.ascii	"\034\244\022\244\032\244\006\244N\366\352E\306\235\205"
 178      1AA406A4 
ARM GAS  /var/folders/nx/qt6_p4ls4xzbnqkz75ny5wl40000gp/T//ccKAZcvm.s 			page 13


 178      4EF6EA45 
 178      C69D85
 179 0095 79E45309 		.ascii	"y\344S\011R\002\262\026\344\015\220\177\200l\007\271"
 179      5202B216 
 179      E40D907F 
 179      806C07B9 
 180 00a5 02B20AD6 		.ascii	"\002\262\012\326s\006\231\202\357] \255 \030\304\021"
 180      73069982 
 180      EF5D20AD 
 180      2018C411 
 181 00b5 9E712032 		.ascii	"\236q 2D\377\250M\351E88YY\307|\015\321\276h{JX\227"
 181      44FFA84D 
 181      E9453838 
 181      5959C77C 
 181      0DD1BE68 
 182 00cd 2378C4D6 		.ascii	"#x\304\326A\202-\351E\374sX\306\017b\303\027&~\013\262"
 182      41822DE9 
 182      45FC7358 
 182      C60F62C3 
 182      17267E0B 
 183 00e2 41B0F1A5 		.ascii	"A\260\361\245\360Y\303h\313\366\"K{$V\212\025\370J\271"
 183      F059C368 
 183      CBF6224B 
 183      7B24568A 
 183      15F84AB9 
 184 00f6 92E99C60 		.ascii	"\222\351\234`\323Z\234\237r\250\252h\272\335q\204C\316"
 184      D35A9C9F 
 184      72A8AA68 
 184      BADD7184 
 184      43CE
 185 0108 8AF544AD 		.ascii	"\212\365D\255\216kN\264\005U\251\220\023\265\276n\266"
 185      8E6B4EB4 
 185      0555A990 
 185      13B5BE6E 
 185      B6
 186 0119 4981C104 		.ascii	"I\201\301\004|\317L\274\333\255x'\217\347y\035\337\320"
 186      7CCF4CBC 
 186      DBAD7827 
 186      8FE7791D 
 186      DFD0
 187 012b 874C26A2 		.ascii	"\207L&\242t\206\253\012\274\232\202\302N\235\217\262"
 187      7486AB0A 
 187      BC9A82C2 
 187      4E9D8FB2 
 188 013b 83F96F28 		.ascii	"\203\371o(\350\320P\312\\\226\003UIJ\270\300#\256\371"
 188      E8D050CA 
 188      5C960355 
 188      494AB8C0 
 188      23AEF9
 189 014e 219FE98C 		.ascii	"!\237\351\214\334\024Y`h\2626\256\351u\236\227\243b"
 189      DC145960 
 189      68B236AE 
 189      E9759E97 
 189      A362
 190 0160 A440F908 		.ascii	"\244@\371\010\243<\364\016\241Mf\223K\307\363\007\370"
 190      A33CF40E 
 190      A14D6693 
ARM GAS  /var/folders/nx/qt6_p4ls4xzbnqkz75ny5wl40000gp/T//ccKAZcvm.s 			page 14


 190      4BC7F307 
 190      F8
 191 0171 582DEFD0 		.ascii	"X-\357\320\354,C9\310\025\345\"W\031*Bn\200\240XT\000"
 191      EC2C4339 
 191      C815E522 
 191      57192A42 
 191      6E80A058 
 192 0187 0F0BE121 		.ascii	"\017\013\341!\030\276\274P\027n\203\024n\326'\225Z\231"
 192      18BEBC50 
 192      176E8314 
 192      6ED62795 
 192      5A99
 193 0199 4429BCD4 		.ascii	"D)\274\324\306\255%\024J\200\302i\023\005`dtPWXR\343"
 193      C6AD2514 
 193      4A80C269 
 193      13056064 
 193      74505758 
 194 01af 2087174E 		.ascii	" \207\027NA\377\242\221I\356,HQ\032\237\225!\372\260"
 194      41FFA291 
 194      49EE2C48 
 194      511A9F95 
 194      21FAB0
 195 01c2 F0C8F34B 		.ascii	"\360\310\363K\312u\361`\226\020X%G^k\215\014d\250\002"
 195      CA75F160 
 195      96105825 
 195      475E6B8D 
 195      0C64A802 
 196 01d6 C19640E5 		.ascii	"\301\226@\345H\316\254\226u\347\247+p\033\242q+\351"
 196      48CEAC96 
 196      75E7A72B 
 196      701BA271 
 196      2BE9
 197 01e8 EECFC3EB 		.ascii	"\356\317\303\353\323y}\311dmN:N\342\365\007\370\305"
 197      D3797DC9 
 197      646D4E3A 
 197      4EE2F507 
 197      F8C5
 198 01fa A5254467 		.ascii	"\245%Dg\2413F^2\362\235\362B\225h\3752\334\006\312\027"
 198      A133465E 
 198      32F29DF2 
 198      429568FD 
 198      32DC06CA 
 199 020f 9FB82C4B 		.ascii	"\237\270,K\343\034\245qV\244\321\026u\350\262\022G\262"
 199      E31CA571 
 199      56A4D116 
 199      75E8B212 
 199      47B2
 200 0221 775CDB7A 		.ascii	"w\\\333z\341\205\015\245\241O\316\264m\346\033\226\226"
 200      E1850DA5 
 200      A14FCEB4 
 200      6DE61B96 
 200      96
 201 0232 3E211350 		.ascii	">!\023P\225\031\203*\221A5ep\354\\\225\326\011\2471"
 201      9519832A 
 201      91413565 
 201      70EC5C95 
 201      D609A731 
ARM GAS  /var/folders/nx/qt6_p4ls4xzbnqkz75ny5wl40000gp/T//ccKAZcvm.s 			page 15


 202 0246 03258F13 		.ascii	"\003%\217\023\265v\314@\265\321\000q\341\274\231\201"
 202      B576CC40 
 202      B5D10071 
 202      E1BC9981 
 203 0256 F3A2811A 		.ascii	"\363\242\201\032j\240?\212\237\225\343jf`\256afL0p\307"
 203      6AA03F8A 
 203      9F95E36A 
 203      6660AE61 
 203      664C3070 
 204 026b 8241AD99 		.ascii	"\202A\255\231\201Z\321@\0355 &\335Z\226t1\255\311\027"
 204      815AD140 
 204      1D352026 
 204      DD5A9674 
 204      31ADC917 
 205 027f 305597A8 		.ascii	"0U\227\250\311\343]}g\345\270\225\331?<p\272\315\016"
 205      C9E35D7D 
 205      67E5B895 
 205      D93F3C70 
 205      BACD0E
 206 0292 DFA00A17 		.ascii	"\337\240\012\027w\177:\033\211)3\031\307\343\327d\350"
 206      777F3A1B 
 206      89293319 
 206      C7E3D764 
 206      E8
 207 02a3 1D57F436 		.ascii	"\035W\3646\344\313%\310\227\265B\276\324C\354\032\304"
 207      E4CB25C8 
 207      97B542BE 
 207      D443EC1A 
 207      C4
 208 02b4 7CA97D69 		.ascii	"|\251}i@$_.B\270\033M\371\262\326\230.\234\2417\373"
 208      40245F2E 
 208      42B81B4D 
 208      F9B2D698 
 208      2E9CA137 
 209 02c9 2BEB469B 		.ascii	"+\353F\233\2263\372R\333\372'b\3642\030\275`2z\321,"
 209      9633FA52 
 209      DBFA2762 
 209      F43218BD 
 209      60327AD1 
 210 02de 097BA2C2 		.ascii	"\011{\242\302\216c\005\030\325\376\006\243\350\012R"
 210      8E630518 
 210      D5FE06A3 
 210      E80A52
 211 02ed C09CE148 		.ascii	"\300\234\341H~ZN7\267\336@\275\357hY\3229\323\355\035"
 211      7E5A4E37 
 211      B7DE40BD 
 211      EF6859D2 
 211      39D3ED1D 
 212 0301 FE3AD10F 		.ascii	"\376:\321\017\265\364\366\333\342;,4\217\033\263~b\013"
 212      B5F4F6DB 
 212      E23B2C34 
 212      8F1BB37E 
 212      620B
 213 0313 FCA6DD03 		.ascii	"\374\246\335\0033\316\267\235.\346\250}\2363/&JVLf2"
 213      33CEB79D 
 213      2EE6A87D 
 213      9E332F26 
ARM GAS  /var/folders/nx/qt6_p4ls4xzbnqkz75ny5wl40000gp/T//ccKAZcvm.s 			page 16


 213      4A564C66 
 214 0328 0D6388AA 		.ascii	"\015c\210\252vD5,\306\362.d\001^X\000\006\314\362\262"
 214      7644352C 
 214      C6F22E64 
 214      015E5800 
 214      06CCF2B2 
 215 033c 83388BDE 		.ascii	"\2038\213\336rE\327\230\361\362\262\231\016\347\325"
 215      7245D798 
 215      F1F2B299 
 215      0EE7D5
 216 034b B114CEF3 		.ascii	"\261\024\316\363\353Ci\202\267\001\274\235\302;\321"
 216      EB436982 
 216      B701BC9D 
 216      C23BD1
 217 035a 6A71122D 		.ascii	"jq\022-B\243\323\0136\346\350\326\225\320\203y\325\227"
 217      42A3D30B 
 217      36E6E8D6 
 217      95D08379 
 217      D597
 218 036c 1CF130F3 		.ascii	"\034\3610\363\273\351Q]\214\222yaKs\270>?\302\201\322"
 218      BBE9515D 
 218      8C927961 
 218      4B73B83E 
 218      3FC281D2 
 219 0380 FE96A8B7 		.ascii	"\376\226\250\267;o\346\263\230\255#\352\342}\335\224"
 219      3B6FE6B3 
 219      98AD23EA 
 219      E27DDD94 
 220 0390 CDF25EF4 		.ascii	"\315\362^\364\210^\334d^\324\225\214'\331J\275\270\001"
 220      885EDC64 
 220      5ED4958C 
 220      27D94ABD 
 220      B801
 221 03a2 F06E0AEF 		.ascii	"\360n\012\357\245\274zD^Y}GR1\036g\274\016\245.e8\341"
 221      A5BC7A44 
 221      5E597D47 
 221      52311E67 
 221      BC0EA52E 
 222 03b9 174C89AF 		.ascii	"\027L\211\257I\215c\244x\252\267\247\247\235\305x\236"
 222      498D63A4 
 222      78AAB7A7 
 222      A79DC578 
 222      9E
 223 03ca 0D5EEA1A 		.ascii	"\015^\352\032\310gU[Ou\335\345\331N9\016\307\310\374"
 223      C867555B 
 223      4F75DDE5 
 223      D94E390E 
 223      C7C8FC
 224 03dd 25298597 		.ascii	"%)\205\227\364\260\260)\323\031G\260\301\246\366\256"
 224      F4B0B029 
 224      D31947B0 
 224      C1A6F6AE 
 225 03ed 07EC15E9 		.ascii	"\007\354\025\351\351\340\213G\027N\331\341\243lp\356"
 225      E9E08B47 
 225      174ED9E1 
 225      A36C70EE 
 226 03fd 68443C33 		.ascii	"hD<3\313c\242/U&^u\302\211l\260-)+K\311f\322\301\201"
ARM GAS  /var/folders/nx/qt6_p4ls4xzbnqkz75ny5wl40000gp/T//ccKAZcvm.s 			page 17


 226      CB63A22F 
 226      55265E75 
 226      C2896CB0 
 226      2D292B4B 
 227 0416 B6D87925 		.ascii	"\266\330y%\316`\203G&\273\242\005\266\264\"=\316^\030"
 227      CE608347 
 227      26BBA205 
 227      B6B4223D 
 227      CE5E18
 228 0429 6589C83B 		.ascii	"e\211\310;SN\263\2259,\246,/\371\227\011B\310?\244\305"
 228      534EB395 
 228      392CA62C 
 228      2FF99709 
 228      42C83FA4 
 229 043e B521A1D3 		.ascii	"\265!\241\323a\371\030\217\2121~\304b\334}-\375\330"
 229      61F9188F 
 229      8A317EC4 
 229      62DC7D2D 
 229      FDD8
 230 0450 2B99320C 		.ascii	"+\2312\014\360\021\012\037\2431\036\025c<\277xz\302"
 230      F0110A1F 
 230      A3311E15 
 230      633CBF78 
 230      7AC2
 231 0462 09E730A2 		.ascii	"\011\3470\242\331\0153\221,8zJ4\267>.G \352B\303\234"
 231      D90D3391 
 231      2C387A4A 
 231      34B73E2E 
 231      4720EA42 
 232 0478 64A86044 		.ascii	"d\250`D')>\274W\327aG\365\011\252\347<\271Qb\277<\323"
 232      27293EBC 
 232      57D76147 
 232      F509AAE7 
 232      3CB95162 
 233 048f A722D349 		.ascii	"\247\"\323I\306tv\360l\255\213\211)\242\033\376\011"
 233      C67476F0 
 233      6CAD8B89 
 233      29A21BFE 
 233      09
 234 04a0 C02728FC 		.ascii	"\300'(\374\031e\372Td\272X7\327\2524G_Y\011}\242\373"
 234      1965FA54 
 234      64BA5837 
 234      D7AA3447 
 234      5F59097D 
 235 04b6 698A1297 		.ascii	"i\212\022\227b\213\234V\0129=\251?w\327\201\371u\222"
 235      628B9C56 
 235      0A393DA9 
 235      3F77D781 
 235      F97592
 236 04c9 0296B2C7 		.ascii	"\002\226\262\307\217\332S@\354\037\211\236q\240z\330"
 236      8FDA5340 
 236      EC1F899E 
 236      71A07AD8 
 237 04d9 89EA5A1B 		.ascii	"\211\352Z\033\242\347\317\337\030[!\315\347D\307f\231"
 237      A2E7CFDF 
 237      185B21CD 
 237      E744C766 
ARM GAS  /var/folders/nx/qt6_p4ls4xzbnqkz75ny5wl40000gp/T//ccKAZcvm.s 			page 18


 237      99
 238 04ea 63D1B7CA 		.ascii	"c\321\267\312\345\3227\360\002\3203\024\375\2222\235"
 238      E5D237F0 
 238      02D03314 
 238      FD92329D 
 239 04fa 1399F65C 		.ascii	"\023\231\366\\\276u\333\011W0\246\271\0257\015,\003"
 239      BE75DB09 
 239      5730A6B9 
 239      15370D2C 
 239      03
 240 050b 27699598 		.ascii	"'i\225\230\234]\270\356\200\353\330\240\266`pN\301\334"
 240      9C5DB8EE 
 240      80EBD8A0 
 240      B660704E 
 240      C1DC
 241 051d 20F5CA65 		.ascii	" \365\312e.7\362/h\203x\255!77=)\240\221\305g\377\031"
 241      2E37F22F 
 241      688378AD 
 241      2137373D 
 241      29A091C5 
 242 0534 C7F359AF 		.ascii	"\307\363Y\257\221\265\320<\224P\035\267\306\310\000"
 242      91B5D03C 
 242      94501DB7 
 242      C6C800
 243 0543 2D501A7F 		.ascii	"-P\032\177\205\233L\317\207\207\351[66oF]\200\274. "
 243      859B4CCF 
 243      8787E95B 
 243      36366F46 
 243      5D80BC2E 
 244 0558 C54A012E 		.ascii	"\305J\001.\231\001\265\372\301B[@\222Z\362\037\001i"
 244      9901B5FA 
 244      C1425B40 
 244      925AF21F 
 244      0169
 245 056a AC898B12 		.ascii	"\254\211\213\022\233}\242\315\273R\233\367\314\221<"
 245      9B7DA2CD 
 245      BB529BF7 
 245      CC913C
 246 0579 AF6F2548 		.ascii	"\257o%H\330\371\250O@\212\365@(V&d\207\210\034\222\""
 246      D8F9A84F 
 246      408AF540 
 246      28562664 
 246      87881C92 
 247 058e 0D1264BF 		.ascii	"\015\022d\277\210\274/E>\220 \333E\344\200\024y[\342"
 247      88BC2F45 
 247      3E9020DB 
 247      45E48014 
 247      795BE2
 248 05a1 D12DD1A3 		.ascii	"\321-\321\243_\245\036=4!\177\021^\372\247\2412\324"
 248      5FA51E3D 
 248      34217F11 
 248      5EFAA7A1 
 248      32D4
 249 05b3 0CE357E9 		.ascii	"\014\343W\351\020A\303i\201\24297\304s\033\220\026$"
 249      1041C369 
 249      81A23937 
 249      C4731B90 
ARM GAS  /var/folders/nx/qt6_p4ls4xzbnqkz75ny5wl40000gp/T//ccKAZcvm.s 			page 19


 249      1624
 250 05c5 0AE420C8 		.ascii	"\012\344 \310a\220p\220\003 ?\203\034\002\211\000\211"
 250      61907090 
 250      03203F83 
 250      1C028900 
 250      89
 251 05d6 0459421B 		.ascii	"\004YB\033P\030\267\201\036z\224\355\000\341\000;\030"
 251      5018B781 
 251      1E7A94ED 
 251      00E1003B 
 251      18
 252 05e7 8D0B1CC4 		.ascii	"\215\013\034\304}\215\036K\330^\023\331\336\221\262"
 252      7D8D1E4B 
 252      D85E13D9 
 252      DE91B2
 253 05f6 1D94206F 		.ascii	"\035\224 ooL\334\214\246\0009- \305=\205\236K\220m\242"
 253      6F4CDC8C 
 253      A600392D 
 253      20C53D85 
 253      9E4B906D 
 254 060b CD7EA9CD 		.ascii	"\315~\251\315[&$9\301\015\315\205\266<\"\020\231\330"
 254      5B262439 
 254      C10DCD85 
 254      B63C2210 
 254      99D8
 255 061d A518FB81 		.ascii	"\245\030\373\201\361\347\013\363\316h\215\233\265H\241"
 255      F1E70BF3 
 255      CE688D9B 
 255      B548A1
 256 062c 2310A0DF 		.ascii	"#\020\240\337#X\224\304P4\262G1`\255\305\324C\020Jb"
 256      235894C4 
 256      5034B247 
 256      3160ADC5 
 256      D443104A 
 257 0641 0F71EA97 		.ascii	"\017q\352\227\\\275\255\362\260\251A\246`\323\256\216"
 257      5CBDADF2 
 257      B0A941A6 
 257      60D3AE8E 
 258 0651 E594B4AD 		.ascii	"\345\224\264\255\202O@\327\014F\214\262\232a\260'\263"
 258      824F40D7 
 258      0C468CB2 
 258      9A61B027 
 258      B3
 259 0662 5B968E86 		.ascii	"[\226\216\206\331\320\315\030E7g\331p\364A\027<\301"
 259      D9D0CD18 
 259      453767D9 
 259      70F44117 
 259      3CC1
 260 0674 76EA61ED 		.ascii	"v\352a\355\325<\205\330=\350~S\367P\333Q\324\350\202"
 260      D53C85D8 
 260      3DE87E53 
 260      F750DB51 
 260      D4E882
 261 0687 67D9FCD6 		.ascii	"g\331\374\326\351\206\022\007\274\310\224\347\023\215"
 261      E9861207 
 261      BCC894E7 
 261      138D
ARM GAS  /var/folders/nx/qt6_p4ls4xzbnqkz75ny5wl40000gp/T//ccKAZcvm.s 			page 20


 262 0695 77ECB156 		.ascii	"w\354\261VN\225\254\370\204\002\266,eQ\321\246\255\263"
 262      4E95ACF8 
 262      8402B62C 
 262      6551D1A6 
 262      ADB3
 263 06a7 C53A3656 		.ascii	"\305:6V\021q\246\335\026\3070\245\365\336\354\024\253"
 263      1171A6DD 
 263      16C730A5 
 263      F5DEEC14 
 263      AB
 264 06b8 79AB28A3 		.ascii	"y\253(\243\204cM\010\307\2611\361Lwfg\372\314\317\223"
 264      84634D08 
 264      C7B131F1 
 264      4C776667 
 264      FACCCF93 
 265 06cc 11ACAE28 		.ascii	"\021\254\256(\211:\034\233[\314f:\322\177\202\236\246"
 265      893A1C9B 
 265      5BCC663A 
 265      D27F829E 
 265      A6
 266 06dd 27382D5F 		.ascii	"'8-_\373\364\234P\373Np\324\217\264\316\336\024'iQO"
 266      FBF49C50 
 266      FB4E70D4 
 266      8FB4CEDE 
 266      14276951 
 267 06f2 E35C513A 		.ascii	"\343\\Q:G\340'\271\325\342$\332\020\314\017^w\224\026"
 267      47E027B9 
 267      D5E224DA 
 267      10CC0F5E 
 267      779416
 268 0705 F565D1F5 		.ascii	"\365e\321\365\323\317\226\034q\002s\"i\246\255\311\205"
 268      D3CF961C 
 268      71027322 
 268      69A6ADC9 
 268      85
 269 0716 D27C8DA8 		.ascii	"\322|\215\250\235M\027\007\034q2\033\323\361\332B\005"
 269      9D4D1707 
 269      1C71321B 
 269      D3F1DA42 
 269      05
 270 0727 D63325F7 		.ascii	"\3263%\367\336\2658V\314\337\242%\365\301X\212\023\316"
 270      DEB53856 
 270      CCDFA225 
 270      F5C1588A 
 270      13CE
 271 0739 6663A319 		.ascii	"fc\243\031\271}J\234\307\224\241\231\241Fv\234m&\352"
 271      B97D4A9C 
 271      C794A199 
 271      A146769C 
 271      6D26EA
 272 074c 85036995 		.ascii	"\205\003i\225\216\270\230\215\015\217\307M\310\361\031"
 272      8EB8988D 
 272      0D8FC74D 
 272      C8F119
 273 075b A6843514 		.ascii	"\246\2045\024\336`\300\217\350Y\363,\343\240=\256fc"
 273      DE60C08F 
 273      E859F32C 
ARM GAS  /var/folders/nx/qt6_p4ls4xzbnqkz75ny5wl40000gp/T//ccKAZcvm.s 			page 21


 273      E3A03DAE 
 273      6663
 274 076d 6599D995 		.ascii	"e\231\331\225,\266\237\322\270G\226.\331-\037\275\022"
 274      2CB69FD2 
 274      B847962E 
 274      D92D1FBD 
 274      12
 275 077e 317A6FD3 		.ascii	"1zo\323\340\205\245e\033\260\020\016\275xr\024C8\022"
 275      E085A565 
 275      1BB0100E 
 275      BD787214 
 275      433812
 276 0791 69384A69 		.ascii	"i8Ji8J\304p\\=\2326lk\216>\306\255\200\256j\354]t\304"
 276      384AC470 
 276      5C3D9A36 
 276      6C6B8E3E 
 276      C6AD80AE 
 277 07aa F5962C95 		.ascii	"\365\226,\225\214\345\202\226/w\300\027\331XUi\354\034"
 277      8CE58296 
 277      2F77C017 
 277      D9585569 
 277      EC1C
 278 07bc 3BE5B713 		.ascii	";\345\267\023\265Q\307\237T\342+r\213\306\313Yh\274"
 278      B551C79F 
 278      54E22B72 
 278      8BC6CB59 
 278      68BC
 279 07ce 628A     		.ascii	"b\212"
 280 07d0 B2A6D84B 		.ascii	"\262\246\330K\240mO\356\311\333mxyo\253Eo\253\204\\"
 280      A06D4FEE 
 280      C9DB6D78 
 280      796FAB45 
 280      6FAB845C 
 281 07e4 19EBCC73 		.ascii	"\031\353\314s\221\036\224\347\300\201\024\352\300y\352"
 281      911E94E7 
 281      C08114EA 
 281      C079EA
 282 07f3 40B5E8C0 		.ascii	"@\265\350\300\341\271\322zl\216&\356.\213\236(\313\205"
 282      E1B9D27A 
 282      6C8E26EE 
 282      2E8B9E28 
 282      CB85
 283 0805 06A05578 		.ascii	"\006\240Ux{u\343<kl\274\314;Dg\241C\214o=w\207m\000"
 283      7B75E33C 
 283      6B6CBCCC 
 283      3B4467A1 
 283      438C6F3D 
 284 081d 7AFAE73D 		.ascii	"z\372\347=(\035Y\241\215\271 z\221\313vnuF\305.\251"
 284      281D59A1 
 284      8DB9207A 
 284      91CB766E 
 284      7546C52E 
 285 0832 13F540AB 		.ascii	"\023\365@\253\201\322j\244\264.\210\264^\314\347\017"
 285      81D26AA4 
 285      B42E88B4 
 285      5ECCE70F 
 286 0842 BFE2C4B2 		.ascii	"\277\342\304\262\350\361\236\213\221J\334\311\2348\021"
ARM GAS  /var/folders/nx/qt6_p4ls4xzbnqkz75ny5wl40000gp/T//ccKAZcvm.s 			page 22


 286      E8F19E8B 
 286      914ADCC9 
 286      9C3811
 287 0851 5336C71A 		.ascii	"S6\307\032\320\275D=x<\274]\216o\012[\277\276\374\031"
 287      D0BD443D 
 287      783CBC5D 
 287      8E6F0A5B 
 287      BFBEFC19 
 288 0865 DBB33AA2 		.ascii	"\333\263:\242\257+\032zXao\352\0156\230w\011n\344,7"
 288      AF2B1A7A 
 288      58616FEA 
 288      0D369877 
 288      096EE42C 
 289 087a 1C296E51 		.ascii	"\034)nQ\362\302i\236\312a4`~\232\263\210\346 \343\311"
 289      F2C2699E 
 289      CA613460 
 289      7E9AB388 
 289      E620E3C9 
 290 088e 1F532C9E 		.ascii	"\037S,\236\374\311\326\261\246&\241\310\010m\222B\257"
 290      FCC9D6B1 
 290      A626A1C8 
 290      086D9242 
 290      AF
 291 089f 48A05146 		.ascii	"H\240QF\350q)4\321\034z,L\237\253\002d\031\267\032\225"
 291      E8712934 
 291      D11C7A2C 
 291      4C9FAB02 
 291      6419B71A 
 292 08b4 0B4831CF 		.ascii	"\013H1\317Q\205\304\350\011\243\321\"\251\321B\013\267"
 292      5185C4E8 
 292      09A3D122 
 292      A9D1420B 
 292      B7
 293 08c5 8E69F579 		.ascii	"\216i\365y\024K^\301Y)\266\3222\004a\372D\025\234\223"
 293      144B5EC1 
 293      5929B6D2 
 293      320461FA 
 293      44159C93 
 294 08d9 19C02053 		.ascii	"\031\300 S\200\212e\012eYp\325\352\017\033\255\306K"
 294      808A650A 
 294      655970D5 
 294      EA0F1BAD 
 294      C64B
 295 08eb ADBE6589 		.ascii	"\255\276e\211<mD\236\261\276\276\311\255t\243[\005\326"
 295      3C6D449E 
 295      B1BEBEC9 
 295      AD74A35B 
 295      05D6
 296 08fd DD324123 		.ascii	"\3352A#\215\320\004\253\353\233\275\327d#\364\224\024"
 296      8DD004AB 
 296      EB9BBDD7 
 296      6423F494 
 296      14
 297 090e 9A636E15 		.ascii	"\232cn\025z\217B\362\006 ?i\237F\220b\326\242\313\226"
 297      7A8F42F2 
 297      06203F69 
 297      9F469062 
ARM GAS  /var/folders/nx/qt6_p4ls4xzbnqkz75ny5wl40000gp/T//ccKAZcvm.s 			page 23


 297      D6A2CB96 
 298 0922 610DD317 		.ascii	"a\015\323\027\020\350E\200^\342$\320ndI5\332\270~\222"
 298      10E84580 
 298      5EE224D0 
 298      6E644935 
 298      DAB87E92 
 299 0936 F50C30E3 		.ascii	"\365\0140\343\232b\304\346Z\347j\206M3b\363\245\330"
 299      9A62C4E6 
 299      5AE76A86 
 299      4D3362F3 
 299      A5D8
 300 0948 3C2936D5 		.ascii	"<)6\325\210=m\035\373Jg\367\013\270\023G\207\006\204"
 300      883D6D1D 
 300      FB4A67F7 
 300      0BB81347 
 300      870684
 301 095b 6665109A 		.ascii	"fe\020\232\225NhBn\200\264\202\364\202\\\005i\006\351"
 301      954E6842 
 301      6E80B482 
 301      F4825C05 
 301      6906E9
 302 096e 00B903D2 		.ascii	"\000\271\003\322\015\322\007r\013\244\037\344:H;H\033"
 302      0DD20772 
 302      0BA41FE4 
 302      3A483B48 
 302      1B
 303 097f 4817C835 		.ascii	"H\027\3105\220\333 = 7AZ\214\235\037\2044\237\204\264"
 303      90DB203D 
 303      2037415A 
 303      8C9D1F84 
 303      349F84B4 
 304 0993 06425A2B 		.ascii	"\006BZ+p\024\013\037\252\223\274\375$\243;\331RwXC\315"
 304      70140B1F 
 304      AA93BCFD 
 304      24A33BD9 
 304      52775843 
 305 09a8 5CA72D92 		.ascii	"\\\247-\222\256\230\364i\003\326\372\264\360\3764\275"
 305      AE98F469 
 305      03D6FAB4 
 305      F0FE34BD 
 306 09b8 2D725B43 		.ascii	"-r[Cq\305A\366\310\000\226\216r\306Nj@\354\244\254\005"
 306      71C541F6 
 306      C800968E 
 306      72C64E6A 
 306      40ECA4AC 
 307 09cd 060D413C 		.ascii	"\006\015A<\376\037\261\201\322\027q\354f\205\243E\033"
 307      FE1FB181 
 307      D21771EC 
 307      6685A345 
 307      1B
 308 09de 67B068E3 		.ascii	"g\260h\343\356\012m\334]\332\3065\347\247}\213\007h"
 308      EE0A6DDC 
 308      5DDAC635 
 308      E7A77D8B 
 308      0768
 309 09f0 D194DF4F 		.ascii	"\321\224\337O-\251tAn\256\256\364\347W\035\377)z\010"
 309      2DA97441 
ARM GAS  /var/folders/nx/qt6_p4ls4xzbnqkz75ny5wl40000gp/T//ccKAZcvm.s 			page 24


 309      6EAEAEF4 
 309      E7571DFF 
 309      297A08
 310 0a03 3BF11E87 		.ascii	";\361\036\207M\201\220%\302\363\331O\310\000|\265\247"
 310      4D819025 
 310      C2F3D94F 
 310      C8007CB5 
 310      A7
 311 0a14 9F567ECA 		.ascii	"\237V~\312\272\017.>\244\307\302\257\020\201\007\354"
 311      BA0F2E3E 
 311      A4C7C2AF 
 311      108107EC 
 312 0a24 74BB77F4 		.ascii	"t\273w\364i\004\375\247\221\240u\377\013}\260\367`/"
 312      6904FDA7 
 312      91A075FF 
 312      0B7DB0F7 
 312      602F
 313 0a36 A667D208 		.ascii	"\246g\322\010\255\350)'z\237\260\256\345\317\364\300"
 313      ADE82927 
 313      7A9FB0AE 
 313      E5CFF4C0 
 314 0a46 AE1979CE 		.ascii	"\256\031y\316\016Z\372S\225\266?\354\300\012\277\036"
 314      0E5AFA53 
 314      95B63FEC 
 314      C00ABF1E 
 315 0a56 8D8947D4 		.ascii	"\215\211G\324(3\336>R\037mk\336f\021GG`\361G4y\306\351"
 315      2833DE3E 
 315      521F6D6B 
 315      DE661147 
 315      4760F147 
 316 0a6e A933269E 		.ascii	"\2513&\236:\005yS\311\026\377\227\017\257\204\3765."
 316      3A057953 
 316      C916FF97 
 316      0FAF84FE 
 316      352E
 317 0a80 7E126303 		.ascii	"~\022c\003;\207j\372{\213\235\361#\246\024M\247\364"
 317      3B876AFA 
 317      7B8B9DF1 
 317      23A6144D 
 317      A7F4
 318 0a92 C8DF3CC9 		.ascii	"\310\337<\311w\352Kj\017\005\205\305\032\300\034\371"
 318      77EA4B6A 
 318      0F0585C5 
 318      1AC01CF9 
 319 0aa2 01133D86 		.ascii	"\001\023=\206<~\002\251T\203\326\233\331\235 \201G\247"
 319      3C7E02A9 
 319      5483D69B 
 319      D99D2081 
 319      47A7
 320 0ab4 10274393 		.ascii	"\020'C\223\334\2332\373}\376\201\241\357m\361\011\265"
 320      DC9B32FB 
 320      7DFE81A1 
 320      EF6DF109 
 320      B5
 321 0ac5 FDFB17DF 		.ascii	"\375\373\027\337\254\367\220)||\304'\377V\355\013\011"
 321      ACF79029 
 321      7C7CC427 
ARM GAS  /var/folders/nx/qt6_p4ls4xzbnqkz75ny5wl40000gp/T//ccKAZcvm.s 			page 25


 321      FF56ED0B 
 321      09
 322 0ad6 560504F9 		.ascii	"V\005\004\371\371\006\250<4\001\001\276\301*\337\340"
 322      F906A83C 
 322      340101BE 
 322      C12ADFE0 
 323 0ae6 3D1B0383 		.ascii	"=\033\003\203\0025\0335\276\337\371o\374\301\317O\265"
 323      02351B35 
 323      BEDFF96F 
 323      FCC1CF4F 
 323      B5
 324 0af7 65F3BB1F 		.ascii	"e\363\273\037l\376x\313\273\226C*\377@\277\200}\273"
 324      6CFE78CB 
 324      BB96432A 
 324      FF40BF80 
 324      7DBB
 325 0b09 34AA3DBE 		.ascii	"4\252=\276~\273\375\0035*\237]\232\357}\367\005\204"
 325      7EBBFD03 
 325      352A9F5D 
 325      9AEF7DF7 
 325      0584
 326 0b1b FA84EEDF 		.ascii	"\372\204\356\337\253\011\331\264[\366\325\357`<d\177"
 326      AB09D9B4 
 326      5BF6D5EF 
 326      603C647F 
 327 0b2b 88CA2724 		.ascii	"\210\312'$t\027\360\005\213\253\002\177\364\367\333"
 327      7417F005 
 327      8BAB027F 
 327      F4F7DB
 328 0b3a 16E8FB5D 		.ascii	"\026\350\373]\200f\247\306/4(x\343\246M*\217\335\376"
 328      8066A7C6 
 328      2F342878 
 328      E3A64D2A 
 328      8FDDFE
 329 0b4d DFF97FE9 		.ascii	"\337\371\177\351\255\012\012Q\355\206\225\366\006\005"
 329      AD0A0A51 
 329      ED8695F6 
 329      0605
 330 0b5b 8786A8FC 		.ascii	"\207\206\250\374\202\366\354\011\012T\271\253wx\354"
 330      82F6EC09 
 330      0A54B9AB 
 330      7778EC
 331 0b6a F84945A6 		.ascii	"\370IE\246m\362\223\375\201|n\365\0171\315\177\235<"
 331      6DF293FD 
 331      817C6EF5 
 331      0F31CD7F 
 331      9D3C
 332 0b7c F1D6847A 		.ascii	"\361\326\204z\357\017\011\325\354\331\356\033\270+@"
 332      EF0F09D5 
 332      ECD9EE1B 
 332      B82B40
 333 0b8b 13EC15EC 		.ascii	"\023\354\025\354\037\024\354\037\272\237\256\346\021"
 333      1F14EC1F 
 333      BA9FAEE6 
 333      11
 334 0b98 A0F10DF6 		.ascii	"\240\361\015\366\322\004\002\203\037\354H\330>\362\011"
 334      D2040283 
ARM GAS  /var/folders/nx/qt6_p4ls4xzbnqkz75ny5wl40000gp/T//ccKAZcvm.s 			page 26


 334      1FEC48D8 
 334      3EF209
 335 0ba7 75600124 		.ascii	"u`\001$\337\276\330\351\351\341\36358,\367\364\336\246"
 335      DFBED8E9 
 335      E9E1F335 
 335      382CF7F4 
 335      DEA6
 336 0bb9 76506F83 		.ascii	"vPo\203\373\316m[7\313==\266\251\355\325L{\027\006\275"
 336      FBCE6D5B 
 336      37CB3D3D 
 336      B6A9EDD5 
 336      4C7B1706 
 337 0bce 4C835B60 		.ascii	"L\203[`\320L}O\356\351\376\231I}\237\363\3642*\037\310"
 337      D04C7D4F 
 337      EEE9FE99 
 337      497D9FF3 
 337      F4322A1F 
 338 0be3 BDBFF654 		.ascii	"\275\277\366T\377\315\322K\315O\241*\217\035\336\236"
 338      FFCDD24B 
 338      CD4FA12A 
 338      8F1DDE9E 
 339 0bf3 DEC628F9 		.ascii	"\336\306(\371\005\005k|\374\366\274\017!\262\367\366"
 339      05056B7C 
 339      FCF6BC0F 
 339      21B2F7F6 
 340 0c03 F88C12B2 		.ascii	"\370\214\022\262\361\360\372\306s+,\345\255\226\357"
 340      F1F0FAC6 
 340      732B2CE5 
 340      AD96EF
 341 0c12 FCFA4BB5 		.ascii	"\374\372K\265\215\273\247\332C\215\275A<\310\347v/\033"
 341      8DBBA7DA 
 341      438DBD41 
 341      3CC8E776 
 341      2F1B
 342 0c24 EFED64D0 		.ascii	"\357\355d\320\343s\270m'\267\255p\263\331\261\343sw"
 342      E373B86D 
 342      27B7AD70 
 342      B3D9B1E3 
 342      7377
 343 0c36 B5FC3372 		.ascii	"\265\3743rs\007\035{}\256\306[A\334\267\252\3450\246"
 343      73071D7B 
 343      7DAEC65B 
 343      41DCB7AA 
 343      E530A6
 344 0c49 065FDCD5 		.ascii	"\006_\334\325`\334\335C-\367\333\355\033l\357\343\363"
 344      60DCDD43 
 344      2DF7DBED 
 344      1B6CEFE3 
 344      F3
 345 0c5a FDBE403F 		.ascii	"\375\276@?\037\037'\361\313\246\0177\177\374\361\177"
 345      1F1F27F1 
 345      CBA60F37 
 345      7FFCF17F 
 346 0c6a 01499A91 		.ascii	"\001I\232\221?"
 346      3F
 347              		.text
 348              		.section	.gnu.lto_.symtab.c4aea7865cd7fd1c,"",%progbits
ARM GAS  /var/folders/nx/qt6_p4ls4xzbnqkz75ny5wl40000gp/T//ccKAZcvm.s 			page 27


 349 0000 6E766963 		.ascii	"nvicEnableVector\000\000\000\000\000\000\000\000\000"
 349      456E6162 
 349      6C655665 
 349      63746F72 
 349      00000000 
 350 0019 000000B6 		.ascii	"\000\000\000\266\000\000\000nvicDisableVector\000\000"
 350      0000006E 
 350      76696344 
 350      69736162 
 350      6C655665 
 351 0033 00000000 		.ascii	"\000\000\000\000\000\000\000\000\000\000\272\000\000"
 351      00000000 
 351      0000BA00 
 351      00
 352 0040 006E7669 		.ascii	"\000nvicSetSystemHandlerPriority\000\000\000\000\000"
 352      63536574 
 352      53797374 
 352      656D4861 
 352      6E646C65 
 353 0062 00000000 		.ascii	"\000\000\000\000\000\000\000\274\000\000\000nvicCle"
 353      000000BC 
 353      0000006E 
 353      76696343 
 353      6C65
 354 0074 61725065 		.ascii	"arPending\000\000\000\000\000\000\000\000\000\000\000"
 354      6E64696E 
 354      67000000 
 354      00000000 
 354      00000000 
 355 0088 00BE0000 		.ascii	"\000\276\000\000\000"
 355      00
 356              		.text
 357              		.section	.gnu.lto_.opts,"",%progbits
 358 0000 272D666E 		.ascii	"'-fno-trapv' '-mcpu=cortex-m4' '-mno-thumb-interwor"
 358      6F2D7472 
 358      61707627 
 358      20272D6D 
 358      6370753D 
 359 0033 6B272027 		.ascii	"k' '-mthumb' '-ggdb' '-O2' '-fomit-frame-pointer' '"
 359      2D6D7468 
 359      756D6227 
 359      20272D67 
 359      67646227 
 360 0066 2D66616C 		.ascii	"-falign-functions=16' '-ffunction-sections' '-fdata"
 360      69676E2D 
 360      66756E63 
 360      74696F6E 
 360      733D3136 
 361 0099 2D736563 		.ascii	"-sections' '-fno-common' '-flto'\000"
 361      74696F6E 
 361      73272027 
 361      2D666E6F 
 361      2D636F6D 
 362              		.text
 363              		.comm	__gnu_lto_v1,1,1
 364              		.comm	__gnu_lto_slim,1,1
 365              		.ident	"GCC: (GNU Tools for ARM Embedded Processors) 4.9.3 20150529 (release) [ARM/embedded-4_9-br
ARM GAS  /var/folders/nx/qt6_p4ls4xzbnqkz75ny5wl40000gp/T//ccKAZcvm.s 			page 28


ARM GAS  /var/folders/nx/qt6_p4ls4xzbnqkz75ny5wl40000gp/T//ccKAZcvm.s 			page 29


DEFINED SYMBOLS
                            *ABS*:0000000000000000 nvic.c
                            *COM*:0000000000000001 __gnu_lto_v1
                            *COM*:0000000000000001 __gnu_lto_slim

NO UNDEFINED SYMBOLS
