ARM GAS  /var/folders/nx/qt6_p4ls4xzbnqkz75ny5wl40000gp/T//ccrb4d1i.s 			page 1


   1              		.syntax unified
   2              		.cpu cortex-m4
   3              		.fpu softvfp
   4              		.eabi_attribute 20, 1
   5              		.eabi_attribute 21, 1
   6              		.eabi_attribute 23, 3
   7              		.eabi_attribute 24, 1
   8              		.eabi_attribute 25, 1
   9              		.eabi_attribute 26, 1
  10              		.eabi_attribute 30, 2
  11              		.eabi_attribute 34, 1
  12              		.eabi_attribute 18, 4
  13              		.thumb
  14              		.file	"pal.c"
  15              		.text
  16              	.Ltext0:
  17              		.section	.gnu.lto_.profile.6fd140be5cf2b21f,"",%progbits
  18 0000 789C6366 		.ascii	"x\234cf```a\200\000F\006\015\031\000\000\340\000M"
  18      60606061 
  18      80004606 
  18      0D190000 
  18      E0004D
  19              		.text
  20              		.section	.gnu.lto_.jmpfuncs.6fd140be5cf2b21f,"",%progbits
  21 0000 789C6366 		.ascii	"x\234cf\300\016\344\24143\003##c=#\023##s}=\023\230"
  21      C00EE4A1 
  21      34330323 
  21      23633D23 
  21      13232373 
  22 0018 6264064B 		.ascii	"bd\006K\2243\002I\0000\362\002\265"
  22      94330249 
  22      0030F202 
  22      B5
  23              		.text
  24              		.section	.gnu.lto_.inline.6fd140be5cf2b21f,"",%progbits
  25 0000 789C6366 		.ascii	"x\234cf\300\016\336Bif\006\006N\016Ff\006F\020\013H"
  25      C00EDE42 
  25      69660606 
  25      4E0E4666 
  25      0646100B 
  26 0015 38800805 		.ascii	"8\200\010\005\016\266\017z\014l\013\344\231\030\030"
  26      0EB60F7A 
  26      0C6C0BE4 
  26      991818
  27 0024 5FB0B340 		.ascii	"_\260\263@H\020\301\001fr\200\010\0010S\000d\006#\003"
  27      4810C101 
  27      66728008 
  27      01305300 
  27      64062303 
  28 0038 1F2F230B 		.ascii	"\037/#\013\330\010FF0\237Y\001l\0267\323\005~\014c\200"
  28      D8084646 
  28      309F5901 
  28      6C1637D3 
  28      057E0C63 
  29 004d 622806B0 		.ascii	"b(\006\260,\220\227\000\261\024\230\030\230w\210+0\000"
  29      2C909700 
  29      B1149818 
ARM GAS  /var/folders/nx/qt6_p4ls4xzbnqkz75ny5wl40000gp/T//ccrb4d1i.s 			page 2


  29      9877882B 
  29      3000
  30 005f ADB60099 		.ascii	"\255\266\000\231\312\304\300-\214\3440\210\211\234@"
  30      CAC4C02D 
  30      8CE43088 
  30      899C40
  31 006e 09E2DC05 		.ascii	"\011\342\334\005\264F\002d\014\013/\320\223\023\374"
  31      B4460264 
  31      0C0B2FD0 
  31      9313FC
  32 007d 40900100 		.ascii	"@\220\001\000\311\250\037}"
  32      C9A81F7D 
  33              		.text
  34              		.section	.gnu.lto_.pureconst.6fd140be5cf2b21f,"",%progbits
  35 0000 789C6366 		.ascii	"x\234cf```g\200\000f\006)F)&I\000\001\273\000^"
  35      60606067 
  35      80006606 
  35      29462926 
  35      490001BB 
  36              		.text
  37              		.section	.gnu.lto_palReadBus.6fd140be5cf2b21f,"",%progbits
  38 0000 789C8D90 		.ascii	"x\234\215\220\317J[Q\020\306\347;\347\346\3761\225\226"
  38      CF4A5B51 
  38      10C6E73B 
  38      E7E6FE31 
  38      9596
  39 0012 2E45B014 		.ascii	".E\260\024\304\205$\367\025\004\037\240\213>At\243 "
  39      C48524F7 
  39      15041FA0 
  39      8B3E4174 
  39      A320
  40 0024 580C0577 		.ascii	"X\014\005w^\223\340\246\233b\273\210hP)m\265\266j\324"
  40      5E93E0A6 
  40      9B62BB88 
  40      6850296D 
  40      B5B66AD4 
  41 0038 0674255D 		.ascii	"\006t%]\024\027\266E\004C\262\210\013#X\250`\254`\262"
  41      1417B645 
  41      0443B288 
  41      0B2358A8 
  41      60AC60B2 
  42 004c 0871E6DE 		.ascii	"\010q\346\336\010A7^8s\356\2343\363\373\2769\232\356"
  42      0841375E 
  42      3873EE9C 
  42      33F3FBBE 
  42      399AEE
  43 005f 7F1DBC62 		.ascii	"\177\035\274b\212\3509\357\320\004\365\3667\321\244"
  43      8AE839EF 
  43      D004F5F6 
  43      37D1A4
  44 006e AD00F921 		.ascii	"\255\000\371!\320\204\302\004\376\252\212\302\366\352"
  44      D084C204 
  44      FEAA8AC2 
  44      F6EA
  45 007c D5AFF099 		.ascii	"\325\257\360\231\252)zF\234\356L\357\245MIaH\232?J\347"
  45      AA297A46 
  45      9CEE4CEF 
ARM GAS  /var/folders/nx/qt6_p4ls4xzbnqkz75ny5wl40000gp/T//ccrb4d1i.s 			page 3


  45      A54D4961 
  45      489A3F4A 
  46 0091 9D9E8F9E 		.ascii	"\235\236\217\236\227\270\230\316\216\317\274_\340\033"
  46      97B898CE 
  46      8ECFBC5F 
  46      E01B
  47 009f 45FF15E1 		.ascii	"E\377\025\3413:\260\004\021\3022z\270\364b\262P\266"
  47      333AB004 
  47      11C2327A 
  47      B8F462B2 
  47      50B6
  48 00b1 7417A4ED 		.ascii	"t\027\244\355\250P84\273?p\333\356\336\206\327g\324"
  48      A8503834 
  48      BB3F70DB 
  48      EEDE86D7 
  48      67D4
  49 00c3 94C617E8 		.ascii	"\224\306\027\350\326>>\"\254\240[\312+\251z>l\246<\317"
  49      D63E3E22 
  49      ACA05BCA 
  49      2BA97A3E 
  49      6CA63CCF 
  50 00d7 7B5267D7 		.ascii	"{Rg\327\\\306\324\2570\301\373\332\323]\257\3218\371"
  50      5CC6D4AF 
  50      30C1FBDA 
  50      D35DAFD1 
  50      38F9
  51 00e9 F42F6BB4 		.ascii	"\364/k\264\261\177\356\320\334k\030\034B!\016\246\311"
  51      B17FEED0 
  51      DC6B181C 
  51      42210EA6 
  51      C9
  52 00fa C1B224B5 		.ascii	"\301\262$\265%8$\016\251\314Kf=\345\204w]D\"W\371\271"
  52      2538240E 
  52      A9CC4B66 
  52      3DE58477 
  52      5D442257 
  53 0110 A8057BAD 		.ascii	"\250\005{\2554\213\036\227\377\034\3302\251&\361\360"
  53      348B1E97 
  53      FF1CD832 
  53      A926F1F0 
  54 0120 BD3A7FDE 		.ascii	"\275:\177\336\236\301,j\312\276V\012\337d6>\237\273"
  54      9EC12C6A 
  54      CABE560A 
  54      DF64363E 
  54      9FBB
  55 0132 7A57781C 		.ascii	"zWx\034\351\255)\007\253\310\340R\274\021\326\020\241"
  55      E9AD2907 
  55      ABC8E052 
  55      BC11D610 
  55      A1
  56 0143 227EE410 		.ascii	"\"~\344\020\360\214V\236s\227\327\306\202Xo\362\312"
  56      F08C569E 
  56      7397D7C6 
  56      82586FF2 
  56      CA
  57 0154 FB6F7276 		.ascii	"\373orvd\305K\361E\030Y\037)sb\303G&n\221\241\207xz"
  57      64C54BF1 
ARM GAS  /var/folders/nx/qt6_p4ls4xzbnqkz75ny5wl40000gp/T//ccrb4d1i.s 			page 4


  57      4518591F 
  57      297362C3 
  57      47266E91 
  58 016c 844D1FE0 		.ascii	"\204M\037\340?\330V\000(Y\001@\030\234'Kf\220[l\223"
  58      3FD85600 
  58      28590140 
  58      189C274B 
  58      66905B6C 
  59 0181 4F5B35EC 		.ascii	"O[5\354\207hp\211\257\241E#\347k$\253S\235\001\301\361"
  59      87687089 
  59      AFA14523 
  59      E76B24AB 
  59      539D01C1 
  60 0196 B93695D0 		.ascii	"\2716\225\320D\362\360\374\366\2207gS\235\321\250\333"
  60      44F2F0FC 
  60      F6903767 
  60      539DD1A8 
  60      DB
  61 01a7 3F343C30 		.ascii	"?4<0\374\342\245;\032w\207b#n|l\320}\025\033\211\016"
  61      FCE2A53B 
  61      1A778762 
  61      236E7C6C 
  61      D07D151B 
  62 01bd 921E781D 		.ascii	"\222\036x\035\277\001r~\324\375"
  62      BF01727E 
  62      D4FD
  63              		.text
  64              		.section	.gnu.lto_palWriteBus.6fd140be5cf2b21f,"",%progbits
  65 0000 789C8D52 		.ascii	"x\234\215R\317k\023Q\020~\337{\233\335$\233M\252\247"
  65      CF6B1351 
  65      107EDF7B 
  65      9BDD249B 
  65      4DAAA7
  66 0013 12040509 		.ascii	"\022\004\005\0119H\022\374\017D\241W\017\376\005m/\015"
  66      394812FC 
  66      0F44A157 
  66      0FFE056D 
  66      2F0D
  67 0025 1414A3E7 		.ascii	"\024\024\243\347nj<y)\361R\322\026A\021\255\321\326"
  67      6E6A3C79 
  67      29F152D2 
  67      164111AD 
  67      D1D6
  68 0037 D63631C5 		.ascii	"\32661\305C\360$\370\243TA\211J\013\032A\017B\177\004"
  68      43F024F8 
  68      A3544189 
  68      4A0B1A41 
  68      0F427F04 
  69 004b 928825CE 		.ascii	"\222\210%\316\274\335B\250\227\0062\357\315\274\371"
  69      BCDD42A8 
  69      970632EF 
  69      CDBCF9
  70 005a BE996F66 		.ascii	"\276\231of\225\370\377\027\247\377\220\022\"I'\224\200"
  70      95F8FF17 
  70      A7FF9012 
  70      22492794 
  70      80
ARM GAS  /var/folders/nx/qt6_p4ls4xzbnqkz75ny5wl40000gp/T//ccrb4d1i.s 			page 5


  71 006b 9C7A2744 		.ascii	"\234z'D>(\001\276\010\210\011\211\011\374\222;\022S"
  71      3E2801BE 
  71      08880989 
  71      09FC923B 
  71      1253
  72 007d F5F2B49D 		.ascii	"\365\362\264\235\274\357\272\356\366\335\352\340\315"
  72      BCEFBAEE 
  72      F6DDEAE0 
  72      CD
  73 008a C1AE1462 		.ascii	"\301\256\024bOz4x\200$\245l\347\033MK\235\204\240{m"
  73      4F7A3478 
  73      8024A56C 
  73      E71B4D4B 
  73      9D84A07B 
  74 009f A1F5D6FE 		.ascii	"\241\365\326\376)\273\022\247\330]+\276\2326\331\225"
  74      29BB12A7 
  74      D85D2BBE 
  74      9A36D995 
  75 00af 06BB1F1B 		.ascii	"\006\273\037\033\215\017f\342\236\353N\326k\313\356"
  75      8D0F66E2 
  75      9EEB4ED6 
  75      6BCBEE
  76 00be 39A32B15 		.ascii	"9\243+\025\036B\021\037\346\021\307#\304\005\205\004"
  76      1E42111F 
  76      E611C723 
  76      C4058504 
  77 00ce CA4850F6 		.ascii	"\312HP\366be\243\344\250\323\232\367\305L\351\274\007"
  77      6265A3E4 
  77      A8D39AF7 
  77      C54CE9BC 
  77      07
  78 00df FCE2010D 		.ascii	"\374\342\001\015<>\0144\004\236 \301\331;\205\375O\266"
  78      3C3E0C34 
  78      049E20C1 
  78      D93B85FD 
  78      4FB6
  79 00f1 59A0A607 		.ascii	"Y\240\246\007\366\017\372\305\002L\320\271x\274\356"
  79      F60FFAC5 
  79      024CD0B9 
  79      78BCEE
  80 0100 F67ADF57 		.ascii	"\366z\337W\376V\215c$\230J)\302\006\01408@W\323dc\261"
  80      FE568D63 
  80      24984A29 
  80      C2060C30 
  80      384057D3 
  81 0117 0992B142 		.ascii	"\011\222\261Bl\302d\2026\307\"l\034v\243|\213\261\021"
  81      6CC26482 
  81      36C7226C 
  81      1C76A37C 
  81      8BB111
  82 012a A2492578 		.ascii	"\242I%xv?\244\344S}\306dei\353,\027mKE-m5\3277\202<"
  82      763FA4E4 
  82      537DC664 
  82      6569EB2C 
  82      176D4B45 
  83 0145 091A3BB9 		.ascii	"\011\032;\271\253\235;\277\2359\314\240+CmIZI\001\307"
  83      AB9D3BBF 
ARM GAS  /var/folders/nx/qt6_p4ls4xzbnqkz75ny5wl40000gp/T//ccrb4d1i.s 			page 6


  83      9D39CCA0 
  83      2B436D49 
  83      5A4901C7 
  84 0159 675BB71B 		.ascii	"g[\267\033\261\324\231\256\014\343)\346\260\253'\215"
  84      B1D499AE 
  84      0CE329E6 
  84      B0AB278D 
  85 0169 25A40431 		.ascii	"%\244\0041\3761=\276@\233\264r\005x\276y\024B\003\313"
  85      FE313DBE 
  85      409BB472 
  85      0578BE79 
  85      144203CB 
  86 017d 9A906780 		.ascii	"\232\220g\200g\232\360F\307'\2644\247\331\317\031<\012"
  86      679AF046 
  86      C727B434 
  86      A7D9CF19 
  86      3C0A
  87 018f A78D15CD 		.ascii	"\247\215\025\315\251\347\273\352q\026}\316\220\307\361"
  87      A9E7BBEA 
  87      71167DCE 
  87      90C7F1
  88 019e FA5B672F 		.ascii	"\372[g/\302\272\255\001\201\012\021P\215M\313K\011S"
  88      C2BAAD01 
  88      810A1150 
  88      8D4DCB4B 
  88      0953
  89 01b0 1643BEFA 		.ascii	"\026C\276\372\020[w\022\356\357,BR\375\316\016P\016"
  89      105B7712 
  89      EEEF2C42 
  89      52FDCE0E 
  89      500E
  90 01c2 11F7A3A2 		.ascii	"\021\367\243\242:\313\341P\313\017\3054W\224B/\213Z"
  90      3ACBE150 
  90      CB0FC534 
  90      5794422F 
  90      8B5A
  91 01d4 4FFF02C2 		.ascii	"O\377\002\302\207\027@h\205\252\257\255\371\346V%\230"
  91      87174068 
  91      85AAAFAD 
  91      F9E65625 
  91      98
  92 01e5 2ABB057A 		.ascii	"*\273\005zp\360\\\313\243\225\361\323\373\371\365R\304"
  92      70F05CCB 
  92      A395F1D3 
  92      FBF9F552 
  92      C4
  93 01f6 7F8AA286 		.ascii	"\177\212\242\206\324.\255\201\204\257!E%\305&\362\365"
  93      D42EAD81 
  93      84AF2145 
  93      25C526F2 
  93      F5
  94 0207 DE1057E3 		.ascii	"\336\020W\343\2355i\320\364!\320dN\244\323\231\013c"
  94      9D3569D0 
  94      F421D064 
  94      4EA4D399 
  94      0B63
  95 0219 D991ECC5 		.ascii	"\331\221\354\305K\231\313\271\314\330\360x&wu4sex<="
ARM GAS  /var/folders/nx/qt6_p4ls4xzbnqkz75ny5wl40000gp/T//ccrb4d1i.s 			page 7


  95      4B99CBB9 
  95      CCD8F078 
  95      26777534 
  95      7365783C 
  96 022e 2AD4C8F5 		.ascii	"*\324\310\365\2341\222\275\226\373\007\315P\035l"
  96      9C3192BD 
  96      96FB07CD 
  96      501D6C
  97              		.text
  98              		.section	.gnu.lto_palSetBusMode.6fd140be5cf2b21f,"",%progbits
  99 0000 789C8D90 		.ascii	"x\234\215\220\317K\224a\020\307\347;\317\273\357\373"
  99      CF4B9461 
  99      10C7E73B 
  99      CFBBEFFB 
 100 0010 B6DB5674 		.ascii	"\266\333Vt\222%(\210e\017\341\276\364\037\004\035<v"
 100      92252888 
 100      650FE1BE 
 100      F41F041D 
 100      3C76
 101 0022 E8D2552D 		.ascii	"\350\322U-P0\214\226\216\342\263f\320)\314.Bj\207\010"
 101      50308C96 
 101      8EE2B366 
 101      D029CC2E 
 101      426A8708 
 102 0036 4B6BB72C 		.ascii	"Kk\267,\205\012a\217]*B(\3360;\264QB\201\233\222\275"
 102      850A618F 
 102      5D2A4228 
 102      DE303BB4 
 102      5142819B 
 103 004c C4A233CF 		.ascii	"\304\2423\317K\207\352\342\013\357\3143\303|?\363\303"
 103      4B87EAE2 
 103      0BEFCC33 
 103      C37C3FF3 
 103      C3
 104 005d D0FF5F41 		.ascii	"\320\377_A\3763LT\022\017C\340\261WD\325\220\001}\020"
 104      FE334C54 
 104      120F43E0 
 104      B15744D5 
 104      90017D10 
 105 0071 6898318C 		.ascii	"h\2301\2145n1\306\032s\023\271\322\035k\355\372\370"
 105      356E31C6 
 105      1A7313B9 
 105      D21D6BED 
 105      FAF8
 106 0083 52C7958E 		.ascii	"R\307\225\216Dd\033\234b0\203\222\224\254W\343f`\016"
 106      44641B9C 
 106      62308392 
 106      94AC57E3 
 106      66600E
 107 0096 83E4FDB4 		.ascii	"\203\344\375\264\266\3712\367\225\023\306\021\015\237"
 107      B6F932F7 
 107      9513C611 
 107      0D9F
 108 00a4 8DBF98F0 		.ascii	"\215\277\230\3605dO\303\267q\274\354\027o[;\322x>oO"
 108      35644FC3 
 108      B771BCEC 
 108      176F5B3B 
ARM GAS  /var/folders/nx/qt6_p4ls4xzbnqkz75ny5wl40000gp/T//ccrb4d1i.s 			page 8


 108      D2783E6F 
 109 00b9 78091BDC 		.ascii	"x\011\033\334\205\021\036\356\241\200Y\024HR\2049\024"
 109      85111EEE 
 109      A1805914 
 109      48528439 
 109      14
 110 00ca A5FA4BB2 		.ascii	"\245\372K\2626\2237G\035\267={}2\233*\343T\351\341\376"
 110      36933747 
 110      1DB73D7B 
 110      7D329B2A 
 110      E354E9E1 
 111 00df BF4A8FF0 		.ascii	"\277J\217\360\000E-o\215\266\337\345\374Q\231\372@\373"
 111      00452D6F 
 111      8DB6DFE5 
 111      FC5199FA 
 111      40FB
 112 00f1 CFC0A8C1 		.ascii	"\317\300\250\301\207\370\372\301\206\335\336\376T\377"
 112      87F8FAC1 
 112      86DDDEFE 
 112      54FF
 113 00ff B6E46565 		.ascii	"\266\344eec\351eD\233\361\304\370\0311\201/&\0144\014"
 113      63E96544 
 113      9BF1C4F8 
 113      1931812F 
 113      260C340C 
 114 0113 E180D414 		.ascii	"\341\200\324\024\275^\3463\263z\363\036#\213\255\237"
 114      BD5EE633 
 114      B37AF31E 
 114      238BAD9F 
 115 0123 C795B8C5 		.ascii	"\307\225\270\305F\372}l\276~\023\352\236\206\264\375"
 115      46FA7D6C 
 115      BE7E13EA 
 115      9E86B4FD 
 116 0133 C2AF5BDF 		.ascii	"\302\257[\337\363S\270\211\204\367l1\243.\343i~r\363"
 116      F353B889 
 116      84F76C31 
 116      A32EE369 
 116      7E72F3
 117 0146 46BCBFF3 		.ascii	"F\274\277\363X\302Y<\304\024~\270;\342\021:I\211Hy\336"
 117      58C2593C 
 117      C4147EB8 
 117      3BE2113A 
 117      49894879 
 118 015b 6E0039CC 		.ascii	"n\0009\314;\200.\204\307\177\0032\273\001\354\305\023"
 118      3B802E84 
 118      C77F0332 
 118      BB01ECC5 
 118      13
 119 016c 07709759 		.ascii	"\007p\227YH\001\253A\012P\206\304\227W\3744\016d(\311"
 119      4801AB41 
 119      0A5086C4 
 119      9757FC34 
 119      0E6428C9 
 120 0180 D20A5C42 		.ascii	"\322\012\\B9\323\313\327j<\364\333^\265a\302\371\015"
 120      39D3CBD7 
 120      6A3CF4DB 
 120      5EB561C2 
ARM GAS  /var/folders/nx/qt6_p4ls4xzbnqkz75ny5wl40000gp/T//ccrb4d1i.s 			page 9


 120      F90D
 121 0192 9D038B18 		.ascii	"\235\003\213\030\"9\207\253\227\354>ZE\265\361\241\313"
 121      223987AB 
 121      97EC3E5A 
 121      45B5F1A1 
 121      CB
 122 01a3 49488F08 		.ascii	"IH\217\010=\2364<T.G'\373\372{\372O\235\216\006+Q_\367"
 122      3D9E343C 
 122      542E4727 
 122      FBFA7BFA 
 122      4F9D8E06 
 123 01bb 4054B9D8 		.ascii	"@T\271\330\033]\350\036(\367\222\351\271T\361\316\017"
 123      1B5DE81E 
 123      28F792E9 
 123      B954F1CE 
 123      0F
 124 01cc 9E3DB703 		.ascii	"\236=\267\003%\231\323*"
 124      2599D32A 
 125              		.text
 126              		.section	.gnu.lto_.symbol_nodes.6fd140be5cf2b21f,"",%progbits
 127 0000 789C55C8 		.ascii	"x\234U\310\261\015\2000\020\004\301\375\373\304\315"
 127      B10D8030 
 127      1004C1FD 
 127      FBC4CD
 128 000f 51D3B904 		.ascii	"Q\323\271\004\033\211\024Q\014\261{\240\021\344\000"
 128      1B891451 
 128      0CB17BA0 
 128      11E400
 129 001e 02987012 		.ascii	"\002\230p\022Xx\251\311\320\006\330\354GA]\216_\254"
 129      5878A9C9 
 129      D006D8EC 
 129      47415D8E 
 129      5FAC
 130 0030 B2BE119B 		.ascii	"\262\276\021\233\234OPk!\225\234\327\035L:\223\025!"
 130      9C4F506B 
 130      21959CD7 
 130      1D4C3A93 
 130      1521
 131              		.text
 132              		.section	.gnu.lto_.refs.6fd140be5cf2b21f,"",%progbits
 133 0000 789C6366 		.ascii	"x\234cf```d\200\002\000\000=\000\005"
 133      60606064 
 133      80020000 
 133      3D0005
 134              		.text
 135              		.section	.gnu.lto_.decls.6fd140be5cf2b21f,"",%progbits
 136 0000 789CAD57 		.ascii	"x\234\255WyPTG\032\177\375zf\030\206\031H\324\030\213"
 136      79505447 
 136      1A7FFD7A 
 136      66188619 
 136      48D4188B 
 137 0014 B24A8255 		.ascii	"\262J\202U\224\273\253\016hmv\375+\256\307\006w5\220"
 137      94BBAB0E 
 137      686D76FD 
 137      2BAEC706 
 137      773590
 138 0027 31A9ECD6 		.ascii	"1\251\354\326n\325\204\300\250\324\"P\314\260\265\371"
ARM GAS  /var/folders/nx/qt6_p4ls4xzbnqkz75ny5wl40000gp/T//ccrb4d1i.s 			page 10


 138      6ED584C0 
 138      A8D42250 
 138      CCB0B5F9 
 139 0037 EF712828 		.ascii	"\357q(((\310%^\3101r(\"\207\267\010\036\021\001\021"
 139      28C8255E 
 139      C8317228 
 139      2287B708 
 139      1E110111 
 140 004b 5C244639 		.ascii	"\\$F9\224c\211F<PQA\021\366\353\356\367\346\315\214"
 140      94638946 
 140      3C505141 
 140      11F6EBEE 
 140      F7E6CD8C 
 141 005f 839BAACD 		.ascii	"\203\233\252\315\253\352\351\367u\377\372\373~\337\321"
 141      ABEAE9F7 
 141      75FFFAFB 
 141      7EDFD1
 142 006e FD7A30C7 		.ascii	"\375z0\307q\251\210\343&\341\351x\237\343*x\216S\300"
 142      71A988E3 
 142      26E1E978 
 142      9FE32A78 
 142      8E53C0
 143 0081 5830273F 		.ascii	"X0'?Dv\007\214'\264\231\320f#\356\255\207\314\353\240"
 143      4476078C 
 143      27B499D0 
 143      6623EEAD 
 143      87CCEBA0 
 144 0095 F784A685 		.ascii	"\367\204\246\205v\024\232\022\306\236A\377\021\264@"
 144      76149A12 
 144      C69E41FF 
 144      11B440
 145 00a4 687F22BA 		.ascii	"h\177\"\272`\3549\364O\240\235\201\366Z\324?\011m\220"
 145      60EC39F4 
 145      4FA09D81 
 145      F65AD43F 
 145      096D90
 146 00b7 28827984 		.ascii	"(\202y\204hGu\222\3767N\366\010\017/\221\243d\217\330"
 146      68477592 
 146      FE374EF6 
 146      080F2F91 
 146      A3648FD8 
 147 00cb 2236A7B2 		.ascii	"\"6\247\262\367Z\264\331)\332U\2126\211-b\344!t7\330"
 147      F75AB4D9 
 147      29DA558A 
 147      36892D62 
 147      E4217437 
 148 00e0 2BD54F7A 		.ascii	"+\325Oz\177'\2733\247\260\373\376;\374<*\332\016\000"
 148      7F27BB33 
 148      A7B0FBFE 
 148      3BFC3C2A 
 148      DA0E00
 149 00f3 D91B1A76 		.ascii	"\331\033\032v\262\313srL\311\320\022'\233Oxt\252b\344"
 149      B2CB7372 
 149      4CC9D012 
 149      279B4F78 
 149      74AA62E4 
 150 0107 AAC73D1E 		.ascii	"\252\307=\036yj|\210x:\2431W\005\242V\243 bF{K\215\007"
ARM GAS  /var/folders/nx/qt6_p4ls4xzbnqkz75ny5wl40000gp/T//ccrb4d1i.s 			page 11


 150      796A7C88 
 150      783AA331 
 150      5705A256 
 150      A3206246 
 151 011f E611792F 		.ascii	"\346\021y/\312\355\353\320\314?(\010B\262pn\024\311"
 151      CAEDEBD0 
 151      CC3F2808 
 151      42B2706E 
 151      14C9
 152 0131 2AEAEB46 		.ascii	"*\352\353F\0334x&\005\245&\3676i\360\034\372\036W|&"
 152      1B347826 
 152      05A526F7 
 152      3669F01C 
 152      FA1E577C 
 153 0146 D50D747D 		.ascii	"\325\015t}\244\241\260;{\306\254\356T$\345\340\005C"
 153      A4A1B03B 
 153      7BC6ACEE 
 153      5424E5E0 
 153      0543
 154 0158 7CE38F42 		.ascii	"|\343\217B\221'\362\323XA\351pgF\303lAP\240J\244A\345"
 154      9127F2D3 
 154      5841E970 
 154      6746C36C 
 154      4150A04A 
 155 016f 08A38368 		.ascii	"\010\243\203h>\361\202\254&O\262 \304\013\351\011\202"
 155      3EF182AC 
 155      264FB220 
 155      C40BE909 
 155      82
 156 0180 7BA32787 		.ascii	"{\243'\207J\2207*E\336\034:\202\374\000A\261\3500\014"
 156      4A90372A 
 156      45DE1C3A 
 156      82FC0041 
 156      B1E8300C 
 157 0194 56C02028 		.ascii	"V\300 (\2764^\227\250D\032?\327\213\252],\242\024\322"
 157      BE345E97 
 157      A8441A3F 
 157      D78BAA5D 
 157      2CA214D2 
 158 01a8 3665CC24 		.ascii	"6e\314$\024\252\200\302!\231\0020\222\234\345+N\336"
 158      14AA80C2 
 158      21990230 
 158      929CE52B 
 158      4EDE
 159 01ba 79AC9628 		.ascii	"y\254\226(\237\272[o\210\027\226\242\243\200/\223\361"
 159      9FBA5B6F 
 159      881796A2 
 159      A3802F93 
 159      F1
 160 01cb 55E89D9C 		.ascii	"U\350\235\234k\\rF\225\365\207\266\270\323L|M\304\227"
 160      6B5C7246 
 160      95F587B6 
 160      B8D34C7C 
 160      4DC497
 161 01de 9B86B768 		.ascii	"\233\206\267hh&\264D\274\321]uG\211\267\261T\\l,\350"
 161      6826B444 
 161      BCD15D75 
ARM GAS  /var/folders/nx/qt6_p4ls4xzbnqkz75ny5wl40000gp/T//ccrb4d1i.s 			page 12


 161      4789B7B1 
 161      545C6C2C 
 162 01f3 5252682F 		.ascii	"RRh/O\344\316\266\252>O\212\235O\304\234\203\367\302"
 162      4FE4CEB6 
 162      AA3E4F8A 
 162      9D4FC49C 
 162      83F7C2
 163 0206 7026833E 		.ascii	"p&\203>\274`\375\227\006x$\374\2740\300\212\211\256"
 163      BC60FD97 
 163      067824FC 
 163      BC30C08A 
 163      89AE
 164 0218 CD895A9C 		.ascii	"\315\211Z\234\317\226o\253\331\275[\215\213\2310\232"
 164      CF966FAB 
 164      D9BD5B8D 
 164      8B99309A 
 165 0228 7EE08002 		.ascii	"~\340\200\002\037f\2025;\247\\Im\252\211x\246\240\354"
 165      1F668235 
 165      3BA75C49 
 165      6DAA8978 
 165      A6A0EC
 166 023b B11A1F63 		.ascii	"\261\032\037cs\365MqW5\370\014\023\256\364\217>\323"
 166      73F54D71 
 166      5735F80C 
 166      13AEF48F 
 166      3ED3
 167 024d 52E07B44 		.ascii	"R\340{D\354\312((\361\304\365l\256u\"\375\251\033\276"
 167      ECCA2828 
 167      F1C4F56C 
 167      AE7522FD 
 167      A91BBE
 168 0260 E808F464 		.ascii	"\350\010\364d\300\335?\014\216`\272\216\372\230\335"
 168      C0DD3F0C 
 168      8E60BA8E 
 168      FA98DD
 169 026f BC274D89 		.ascii	"\274'M\211/1hz_\306u\005n\345\035\352\314\207\325\331"
 169      2F31687A 
 169      5FC67505 
 169      6EE51DEA 
 169      CC87D5D9 
 170 0283 CEA1D1A3 		.ascii	"\316\241\321\243j*NNb\222\262\302\236k}\356\266*;>\210"
 170      6A2A4E4E 
 170      6292B2C2 
 170      9E6B7DEE 
 170      B62A3B3E 
 171 0298 488A5B20 		.ascii	"H\212[ e\215r\312|\3543\006\301R\226B\244.AP\032H\244"
 171      658D72CA 
 171      7CEC3306 
 171      C1529642 
 171      A42E4150 
 172 02af AE40A47C 		.ascii	"\256@\244|\304H5\301`3\253\262\232\376G)\032Iq\332\245"
 172      C44835C1 
 172      6033ABB2 
 172      9AFE4729 
 172      1A4971DA 
 173 02c4 EDB4765A 		.ascii	"\355\264vZA\361eYq\013z\247\346\253.5\243\023\217\323"
 173      41F16559 
ARM GAS  /var/folders/nx/qt6_p4ls4xzbnqkz75ny5wl40000gp/T//ccrb4d1i.s 			page 13


 173      710B7AA7 
 173      E6AB2E35 
 173      A3138FD3 
 174 02d8 FA11BEC5 		.ascii	"\372\021\276\305\374K\311\032i\342q\017\025\024[\353"
 174      FC4BC91A 
 174      69E2710F 
 174      15145BEB 
 175 02e8 6B6720DF 		.ascii	"kg \337\351\276~\371\240o\370T\322\213U\011\011B\326"
 175      E9BE7EF9 
 175      A06FF854 
 175      D28B5509 
 175      0942D6
 176 02fb 2C6AB60D 		.ascii	",j\266\015\314\266\243\351\262\366y\336\300\340\327"
 176      CCB6A3E9 
 176      B2F679DE 
 176      C0E0D7
 177 030a F0C3ED00 		.ascii	"\360\303\355\000\212Bz\276\2604F.\000\216\202\3014\352"
 177      8A427ABE 
 177      B034462E 
 177      008E82C1 
 177      34EA
 178 031c 0016FF46 		.ascii	"\000\026\377F\276\350:\362\245\\\211\356\374[I\252R"
 178      BEE83AF2 
 178      A55C89EE 
 178      FC5B49AA 
 178      52
 179 032d 7FAAF79A 		.ascii	"\177\252\367\232K\275\227\210\012\272oz\333J\220\232"
 179      4BBD9788 
 179      0ABA6F7A 
 179      DB4A909A 
 180 033d 2038D16B 		.ascii	" 8\321k\371lh\276\337\360P\205\007\030\367\324\347'"
 180      F96C68BE 
 180      DFF05085 
 180      0718F7D4 
 180      E727
 181 034f BAB4C8D7 		.ascii	"\272\264\310\327w\006%\337\333Z\322\252\025\032\375"
 181      770625DF 
 181      DB5AD2AA 
 181      151AFD
 182 035e E96EFB0E 		.ascii	"\351n\373\016L\334D3\344\342\224\251\347\023\013\235"
 182      4CDC4433 
 182      E4E294A9 
 182      E7130B9D 
 183 036e 7795E7E2 		.ascii	"w\225\347\342\031\213\357\247\206fP/\023\204\245\026"
 183      198BEFA7 
 183      8666502F 
 183      1384A516 
 184 037e 7B2F0998 		.ascii	"{/\011\230xy\013\274\274\001^\376 zI\251_Mr\023\020"
 184      78790BBC 
 184      BC015EFE 
 184      207A49A9 
 184      5F4D7213 
 185 0393 81BCCDBD 		.ascii	"\201\274\315\2750\355q\212\327\014\320\0317\245N\316"
 185      30ED718A 
 185      D70CD019 
 185      37A54ECE 
 186 03a3 4121ACC9 		.ascii	"A!\254\311\274Y8\241\301\203,q\273^\2664x\321\012\236"
ARM GAS  /var/folders/nx/qt6_p4ls4xzbnqkz75ny5wl40000gp/T//ccrb4d1i.s 			page 14


 186      BC5938A1 
 186      C1832C71 
 186      BB5EB634 
 186      78D10A9E 
 187 03b7 45C4AAEF 		.ascii	"E\304\252\357\352\022<\360}6'L4\276\321\341\307L\220"
 187      EA123CF0 
 187      7D36274C 
 187      34BED1E1 
 187      C74C90
 188 03ca 0E612D3B 		.ascii	"\016a-;\204\367\365\\\177\240\303#l\256\246.9S\203\307"
 188      84F7F55C 
 188      7FA0C323 
 188      6CAEA62E 
 188      395383C7 
 189 03de 9850DADF 		.ascii	"\230P\332\337\232\241\243\300y \352\012\013\237\337"
 189      9AA1A3C0 
 189      7920EA0A 
 189      0B9FDF
 190 03ed 57A1E9BE 		.ascii	"W\241\351\276\362\343\307\022-P\272'\201\356)Jw@L\364"
 190      F2E3C712 
 190      2D50BA27 
 190      81EE294A 
 190      77404CF4 
 191 0401 6308C13D 		.ascii	"c\010\301=`\374\010\332O\320\376\003m\020\332]h\017"
 191      60FC08DA 
 191      4FD0FE03 
 191      6D10DA5D 
 191      680F
 192 0413 A1FD08ED 		.ascii	"\241\375\010\355>\264!h\017l\305\220\230\320\333,\346"
 192      3EB42168 
 192      0F6CC590 
 192      98D0DB2C 
 192      E6
 193 0424 EA0CE4EA 		.ascii	"\352\014\344\352\034$\200(\264%\240\236\332(A\336\""
 193      1C248028 
 193      B425A09E 
 193      DA2841DE 
 193      22
 194 0435 3AFF4A89 		.ascii	":\377J\211J\304\236w\306^@v\211\005h\267\015\332\343"
 194      4AC49E77 
 194      C65E4076 
 194      890568B7 
 194      0DDAE3
 195 0448 0CED7656 		.ascii	"\014\355vV\333b\303^t\255\326\016[o\303\326:c\34792"
 195      DB62C35E 
 195      74ADD60E 
 195      5B6FC3D6 
 195      3A63E739 
 196 045d 68B221EB 		.ascii	"h\262!\353\\;&C{l\320\333\316\320;N\320\3336h\257k\250"
 196      5C3B2643 
 196      7B6CD0DB 
 196      CED03B4E 
 196      D0DB3668 
 197 0474 1DD73B36 		.ascii	"\035\327;6l\2373\266\337Am\\oW\211\351\\\"F\235P~]\256"
 197      6C9F33B6 
 197      DF416D5C 
 197      6F5789E9 
ARM GAS  /var/folders/nx/qt6_p4ls4xzbnqkz75ny5wl40000gp/T//ccrb4d1i.s 			page 15


 197      5C22469D 
 198 048c E365A3D0 		.ascii	"\343e\243\320\333h\227\263\263.\203P\"o\341\263%*\330"
 198      DB6897B3 
 198      B32E8350 
 198      226FE1B3 
 198      252AD8
 199 049f 07032EF6 		.ascii	"\007\003.\3660\237W<2\344\201\374\246S\334\275\365j"
 199      309F573C 
 199      32E481FC 
 199      A653DCBD 
 199      F56A
 200 04b1 F404149D 		.ascii	"\364\004\024\235\226\2178\262\210>\256j\017\015C\311"
 200      968F38B2 
 200      883EAE6A 
 200      0F0D43C9 
 201 04c1 FD3FE507 		.ascii	"\375?\345\007U?\326\2749I\207\337\210_\244\332\375O"
 201      553FD6BC 
 201      394987DF 
 201      885FA4DA 
 201      FD4F
 202 04d3 DDB55BE5 		.ascii	"\335\265[\345/+\245#\357\314gH+\022\003\352\2677\015"
 202      2F2BA523 
 202      EFCC6748 
 202      2B1203EA 
 202      B7370D
 203 04e6 A5C209AD 		.ascii	"\245\302\011\255\245\324\313R<\301\305\3470\377T&\017"
 203      A5D4CB52 
 203      3CC1C5E7 
 203      30FF5426 
 203      0F
 204 04f7 70467E2A 		.ascii	"pF~*\215h\004H\333+E\257S\333\252\021N\306\224Na\367"
 204      8D680448 
 204      DB2B45AF 
 204      53DBAA11 
 204      4EC6944E 
 205 050d E04B8CD3 		.ascii	"\340K\214\323\230p\343\247\362C\0368\013;|\226\002\035"
 205      9870E3A7 
 205      F2431E38 
 205      0B3B7C96 
 205      021D
 206 051f AF3F81F2 		.ascii	"\257?\201\362\365\247,o\357;n)\343`7P\3744\214\301\340"
 206      F5A72C6F 
 206      EF3B6E29 
 206      E3603750 
 206      FC348CC1 
 207 0534 2BE996D2 		.ascii	"+\351\226\322\264\255k\016\371\322\274\206\274\216\312"
 207      B4AD6B0E 
 207      F9D2BC86 
 207      BC8ECA
 208 0543 9E04DA2E 		.ascii	"\236\004\332.)\250\374nM'\306\217(\017\345\341\342Q"
 208      29A8FC6E 
 208      4D27C68F 
 208      280FE5E1 
 208      E251
 209 0555 2BA28784 		.ascii	"+\242\207\204\303\341p\014T\036\247\021\233\020\263"
 209      C3E1700C 
 209      541EA711 
ARM GAS  /var/folders/nx/qt6_p4ls4xzbnqkz75ny5wl40000gp/T//ccrb4d1i.s 			page 16


 209      9B10B3
 210 0564 13CFFBA1 		.ascii	"\023\317\373\241I\210|\034\357\213\004^\376\022\014"
 210      49887C1C 
 210      EF8B045E 
 210      FE120C
 211 0573 3F6C9B0C 		.ascii	"?l\233\014\314L\020\254\263h\360^\200\311\211\251\366"
 211      CC4C10AC 
 211      B368F05E 
 211      80C989A9 
 211      F6
 212 0584 137C3772 		.ascii	"\023|7r\017\220j&\344\3368#\035\366\023@S)\224\334\236"
 212      0F906A26 
 212      E4DE3823 
 212      1DF61340 
 212      532994DC 
 213 0599 5EBA546A 		.ascii	"^\272TjW\237\257\212H}N\270\252\317\203\245\343\233"
 213      579FAF8A 
 213      487D4EB8 
 213      AACF83A5 
 213      E39B
 214 05ab DDA5FADC 		.ascii	"\335\245\372\334eR\243D~::!\007f\302U}J\356\243\004"
 214      6552A344 
 214      7E3A3A21 
 214      0766C255 
 214      7D4AEEA3 
 215 05c0 F0FA5D11 		.ascii	"\360\372]\021\200p\366\275\271\337\352\341Pr\304\202"
 215      8070F6BD 
 215      B9DFEAE1 
 215      5072C482 
 216 05d0 5C729B78 		.ascii	"\\r\233x\255\210l\351\311\312T+x6\206\376F\357\320\011"
 216      AD886CE9 
 216      C9CA542B 
 216      783686FE 
 216      46EFD009 
 217 05e4 67D2CEEA 		.ascii	"g\322\316\352>\314\026?M\357)\250\277\362\342$\376C"
 217      3ECC163F 
 217      4DEF29A8 
 217      BFF2E224 
 217      FE43
 218 05f6 F8DDCC2B 		.ascii	"\370\335\314+\230\206\216g[\227\340\034\005\255\240"
 218      98868E67 
 218      5B97E01C 
 218      05ADA0
 219 0605 EBEDD537 		.ascii	"\353\355\3257\221O\236\220_9\334Te\325\346U\013\347"
 219      914F9E90 
 219      5F39DC54 
 219      65D5E655 
 219      0BE7
 220 0617 1285F1C9 		.ascii	"\022\205\361\311I\204\310*\224\314K.r\344\235\262E["
 220      4984C82A 
 220      94CC4B2E 
 220      72E49DB2 
 220      455B
 221 0629 781F58D9 		.ascii	"x\037X\331\320\225y\217\361 \306\030\217GC%\0032\267"
 221      D095798F 
 221      F120C618 
 221      8F474325 
ARM GAS  /var/folders/nx/qt6_p4ls4xzbnqkz75ny5wl40000gp/T//ccrb4d1i.s 			page 17


 221      0332B7
 222 063c AD3C1D1C 		.ascii	"\255<\035\034:\233\226\247\265'\027<\323\216[*\345\226"
 222      3A9B96A7 
 222      B527173C 
 222      D38E5B2A 
 222      E596
 223 064e 2271B31E 		.ascii	"\"q\263\036\250\355P\341:F.\256=}\247\206\222\353=}"
 223      A8ED50E1 
 223      3A462EAE 
 223      3D7DA786 
 223      92EB3D7D 
 224 0662 D1C48861 		.ascii	"\321\304\210a\272\004m\263#\266M\"\266\235\022\253\274"
 224      BA046DB3 
 224      23B64D22 
 224      B69D12AB 
 224      BC
 225 0673 70E103DC 		.ascii	"p\341\003\334L5\360\233\013\306\313t\266\253t\322\000"
 225      4C35F09B 
 225      0BC6CB74 
 225      B6AB74D2 
 225      00
 226 0684 BD4AEFE0 		.ascii	"\275J\357\3405(\215\377\271W\351t\336\345\025\266\243"
 226      35288DFF 
 226      B957E974 
 226      DEE515B6 
 226      A3
 227 0695 E3D5454C 		.ascii	"\343\325EL]%\352\230\373G\332o\215im\356g0\367w\305"
 227      5D25EA98 
 227      FB47DA6F 
 227      8D696DEE 
 227      6730F777 
 228 06aa 17DF9FDA 		.ascii	"\027\337\237\332\375,\352~\246\344\376\216sMe^\370:"
 228      FD2CEA7E 
 228      A6E4FE8E 
 228      734D655E 
 228      F83A
 229 06bc 733FBF7B 		.ascii	"s?\277{\3703[j\274r`w\010\275\223\223s\350\"\224m\027"
 229      F8335B6A 
 229      BC726077 
 229      08BD9393 
 229      73E82294 
 230 06d2 806C2900 		.ascii	"\200l)\00094\000\256\250\245\245=:\353f\313\326NF\255"
 230      393400AE 
 230      A8A5A53D 
 230      3AEB66CB 
 230      D64E46AD 
 231 06e6 EF764A9E 		.ascii	"\357vJ\236\222\016\222M\227\313\006_\035\337wM3%\337"
 231      920E924D 
 231      97CB065F 
 231      1DDF774D 
 231      3325DF
 232 06f9 DD94EF2E 		.ascii	"\335\224\357.\211o\333\371\332l/\334\307\370\326\266"
 232      896FDBF9 
 232      DA6C2FDC 
 232      C7F8D6B6 
 233 0709 0F8C6881 		.ascii	"\017\214h\201p/\011u\2156\267Z\270 \325\022,C{\354\030"
 233      702F0975 
ARM GAS  /var/folders/nx/qt6_p4ls4xzbnqkz75ny5wl40000gp/T//ccrb4d1i.s 			page 18


 233      8D36B75A 
 233      B820D512 
 233      2C437BEC 
 234 071e EF9118EF 		.ascii	"\357\221\030\357\245\214\033\017\355\373\032\277\244"
 234      A58C1B0F 
 234      EDFB1ABF 
 234      A4
 235 072b 5A14037B 		.ascii	"Z\024\003{+\217{!?oo\232\264d\310W\001x\261O\\\300\236"
 235      2B8F7B21 
 235      3F6F6F9A 
 235      B464C857 
 235      0178B14F 
 236 0742 5C181FFD 		.ascii	"\\\030\037\375\204L\300\253\232\3664y\303\031\002\236"
 236      844CC0AB 
 236      9AF63479 
 236      C319029E 
 237 0752 C5A1F9DE 		.ascii	"\305\241\371\336\350W\220\271<\310\034\231\342P>\357"
 237      E85790B9 
 237      3CC81C99 
 237      E2503EEF 
 238 0762 8DF6F334 		.ascii	"\215\366\3634o\375\231O\266(5\":\371\177\241\223k\263"
 238      6FFD994F 
 238      B6283522 
 238      3AF97FA1 
 238      936BB3
 239 0775 8AD91FA6 		.ascii	"\212\331\037\246\277\020\361nz\351\021\366?\303\203"
 239      BF10F16E 
 239      7AE911F6 
 239      3FC383
 240 0784 7E275E3D 		.ascii	"~'^=\271\312\376\023ih\344\306.\307\251\210jA\332\303"
 240      B9CAFE13 
 240      6968E4C6 
 240      2EC7A988 
 240      6A41DAC3 
 241 0798 5AFB5D58 		.ascii	"Z\373]XL\225\317\363F\007\230\356\306\304\203m\272i"
 241      4C95CFF3 
 241      460798EE 
 241      C6C4836D 
 241      BA69
 242 07aa E9E281E1 		.ascii	"\351\342\201\341\203\250\237E`\333\312\323\203\211\237"
 242      83A89F45 
 242      60DBCAD3 
 242      83899F
 243 07b9 262DA27F 		.ascii	"&-\242\177\231\036L6y\331\243\013\337\205\036\314\310"
 243      991E4C36 
 243      79D9A30B 
 243      DF851ECC 
 243      C8
 244 07ca 1EC6789C 		.ascii	"\036\306x\234\345\245"
 244      E5A5
 245 07d0 A86A6F99 		.ascii	"\250jo\231\007\336\244\244\302\371G\335\227\274\346"
 245      07DEA4A4 
 245      C2F947DD 
 245      97BCE6
 246 07df 1608D7F2 		.ascii	"\026\010\327\362\241\252\312\265\231B|*\034\277\223"
 246      A1AACAB5 
 246      99427C2A 
ARM GAS  /var/folders/nx/qt6_p4ls4xzbnqkz75ny5wl40000gp/T//ccrb4d1i.s 			page 19


 246      1CBF93
 247 07ee 9FCC41A5 		.ascii	"\237\314A\245\3744T\0069\202\355m\247\370 \011<*F<\207"
 247      FC345406 
 247      3982ED6D 
 247      A7F82009 
 247      3C2A463C 
 248 0803 0EF173C9 		.ascii	"\016\361s\311\337\367'y9\272\251\275,\227\274\2642/"
 248      DFF72779 
 248      39BAA9BD 
 248      2C97BCB4 
 248      322F
 249 0815 2F7F1FD7 		.ascii	"/\177\037\327\340\356\354\245\374a8Ly\227K\274\213\333"
 249      E0EEECA5 
 249      FC61384C 
 249      79974BBC 
 249      8BDB
 250 0827 5FEC573A 		.ascii	"_\354W:{9%\372AR\263U\2073\231c\317\272\352\366\270"
 250      7B3925FA 
 250      4152B355 
 250      87339963 
 250      CFBAEAF6 
 251 083c 53C7F26B 		.ascii	"S\307\362k\213\004E\256\220H6\013\252\020\275\202\263"
 251      8B0445AE 
 251      9048360B 
 251      AA10BD82 
 251      B3
 252 084d C14ED111 		.ascii	"\301N\321\021\331\253J\352\325\320\363\352$\265\303"
 252      D9AB4AEA 
 252      D5D0F3EA 
 252      24B5C3
 253 085c F94B4A56 		.ascii	"\371KJVv\253\212\235\277\244\007\364\376\355\325c*Z"
 253      76AB8A9D 
 253      BFA407F4 
 253      FEEDD563 
 253      2A5A
 254 086e 16D1F4D6 		.ascii	"\026\321\364\326]\320\365\222\375\215\364\244\264\252"
 254      5DD0F592 
 254      FD8DF4A4 
 254      B4AA
 255 087c F31BD454 		.ascii	"\363\033\324T\324\021\361\332\246\011\365\324\361:&"
 255      D411F1DA 
 255      A609F5D4 
 255      F13A26
 256 088b C5EB288B 		.ascii	"\305\353(\213\327\201\362\275\243\036\316\361\252\206"
 256      D781F2BD 
 256      A31ECEF1 
 256      AA86
 257 0899 74D4D074 		.ascii	"t\324\320t\034\247\0218&E \247\367M\252\3129^S\242\273"
 257      1CA71138 
 257      264520A7 
 257      F74DAACA 
 257      395E53A2 
 258 08ae B6BEA9F0 		.ascii	"\266\276\251\360\300\005,^\361V\353N7\026\257!\273x"
 258      C0052C5E 
 258      F156EB4E 
 258      3716AF21 
 258      BB78
ARM GAS  /var/folders/nx/qt6_p4ls4xzbnqkz75ny5wl40000gp/T//ccrb4d1i.s 			page 20


 259 08c0 9D10E305 		.ascii	"\235\020\343\005G\211\235\242\223r\274N\361s9mxTtT\214"
 259      47899DA2 
 259      9372BC4E 
 259      F173396D 
 259      78547454 
 260 08d5 656388F9 		.ascii	"ec\210\371\037F\213\352\323\317\276\364Y\316\251c\303"
 260      1F468BEA 
 260      D3CFBEF4 
 260      59CEA963 
 260      C3
 261 08e6 232D8B17 		.ascii	"#-\213\027\031-\032\243Qz\375\273>\326\034\243\217\210"
 261      192D1AA3 
 261      517AFDBB 
 261      3ED61CA3 
 261      8F88
 262 08f8 0A0D89D0 		.ascii	"\012\015\211\320/7ED\204\304\350Cb6.\210\214\2124-0"
 262      2F374544 
 262      84C4E843 
 262      62362E88 
 262      8C8A342D 
 263 090d 857C13BE 		.ascii	"\205|\023\276`}h\250~\221\177\300o\375\227,\012p\234"
 263      607D68A8 
 263      7E917FC0 
 263      6FFD972C 
 263      0A709C
 264 0920 D2874786 		.ascii	"\322\207G\206F\304\206\231\364\033CB7\204G\232\364\306"
 264      46C48699 
 264      F41B4342 
 264      3784479A 
 264      F4C6
 265 0932 30D3BA90 		.ascii	"0\323\272\220\330\010\213\321\362m\264\311\274p\003"
 265      D8088BD1 
 265      F26DB4C9 
 265      BC7003
 266 0941 F7F92FA0 		.ascii	"\367\371/\240\334\374\255Yo4[\302\200/h\\\274p\241~"
 266      DCFCAD59 
 266      6F345BC2 
 266      802F685C 
 266      BC70A17E 
 267 0955 F986F06F 		.ascii	"\371\206\360o\302\203\326\352\243\314\372\015\240\230"
 267      C283D6EA 
 267      A3CCFA0D 
 267      A098
 268 0963 B869D6AF 		.ascii	"\270i\326\257\375b\315\342E\372\325\253W\350?\015^\025"
 268      FD62CDE2 
 268      45FAD5AB 
 268      57E83F0D 
 268      5E15
 269 0975 F4CF45FA 		.ascii	"\364\317E\372\350\220\010cDD\030\254Q\256\012Z\026k"
 269      E8900863 
 269      444418AC 
 269      51AE0A5A 
 269      166B
 270 0987 D69A2D1B 		.ascii	"\326\232-\033\301\341\365\321\341QF\213rM\320\212\225"
 270      C1E1F5D1 
 270      E151468B 
 270      724DD08A 
ARM GAS  /var/folders/nx/qt6_p4ls4xzbnqkz75ny5wl40000gp/T//ccrb4d1i.s 			page 21


 270      95
 271 0998 0655D017 		.ascii	"\006U\320\027\177\015^ip\013Z\033\274r\345\012\2032"
 271      7F0D5E69 
 271      700B5A1B 
 271      BC72E50A 
 271      8332
 272 09aa F8CBE015 		.ascii	"\370\313\340\025\006\274\012Z\320\012\003\372\212\206"
 272      06BC0A5A 
 272      D00A03FA 
 272      8A86
 273 09b8 2BE0635B 		.ascii	"+\340c[\270\310+6\233,\312\320\010SH\014\012T,[k0(V"
 273      B8C82B36 
 273      9B2CCAD0 
 273      0853480C 
 273      0A542C5B 
 274 09d0 2FFFB341 		.ascii	"/\377\263A\361\207?\032V\223\237@\274\314`\320\260\320"
 274      F1873F1A 
 274      56939F40 
 274      BCCC60D0 
 274      B0D0
 275 09e2 878741E0 		.ascii	"\207\207A\340\331\213\202\244AKt\030\327\205\230-\277"
 275      D98B82A4 
 275      414B7418 
 275      D785982D 
 275      BF
 276 09f3 375A56FF 		.ascii	"7ZV\377\022\221\221\202\242\212Z\267\016x\371\274\035"
 276      12919182 
 276      A28A5AB7 
 276      0E78F9BC 
 276      1D
 277 0a04 1B090AC1 		.ascii	"\033\011\012\301\000\234\006:\203)$\014\2421\373m\254"
 277      009C063A 
 277      8329240C 
 277      A231FB6D 
 277      AC
 278 0a15 392694E2 		.ascii	"9&\224\342B9\017\350\276\212\011\267\230\000\250\016"
 278      42390FE8 
 278      BE8A09B7 
 278      9800A80E 
 279 0a25 8FDA1815 		.ascii	"\217\332\030\025f2Zt0\270\326d\201\2415 \177`\024\343"
 279      66325A74 
 279      30B8D664 
 279      81A13520 
 279      7F6014E3 
 280 0a39 6B04C3EB 		.ascii	"k\004\303\353c\242b\243\011J\021\272!$Fm4\256\213\215"
 280      63A262A3 
 280      094A11BA 
 280      2124466D 
 280      34AE8B8D 
 281 0a4d 0C351A75 		.ascii	"\0145\032u\322\313\302\337\371/\011p\220>\266\223\002"
 281      D2CBC2DF 
 281      F92F0970 
 281      903EB693 
 281      02
 282 0a5e FC03FE0B 		.ascii	"\374\003\376\013\320(\026\200"
 282      D0281680 
 283              		.text
ARM GAS  /var/folders/nx/qt6_p4ls4xzbnqkz75ny5wl40000gp/T//ccrb4d1i.s 			page 22


 284              		.section	.gnu.lto_.symtab.6fd140be5cf2b21f,"",%progbits
 285 0000 70616C52 		.ascii	"palReadBus\000\000\000\000\000\000\000\000\000\000\000"
 285      65616442 
 285      75730000 
 285      00000000 
 285      00000000 
 286 0015 00090100 		.ascii	"\000\011\001\000\000palWriteBus\000\000\000\000\000"
 286      0070616C 
 286      57726974 
 286      65427573 
 286      00000000 
 287 002a 00000000 		.ascii	"\000\000\000\000\000\000\000\016\001\000\000palSetB"
 287      0000000E 
 287      01000070 
 287      616C5365 
 287      7442
 288 003c 75734D6F 		.ascii	"usMode\000\000\000\000\000\000\000\000\000\000\000\000"
 288      64650000 
 288      00000000 
 288      00000000 
 288      0000
 289 004e 16010000 		.ascii	"\026\001\000\000_pal_lld_setgroupmode\000\000\002\000"
 289      5F70616C 
 289      5F6C6C64 
 289      5F736574 
 289      67726F75 
 290 006b 00000000 		.ascii	"\000\000\000\000\000\000\000\000\034\001\000\000"
 290      00000000 
 290      1C010000 
 291              		.text
 292              		.section	.gnu.lto_.opts,"",%progbits
 293 0000 272D666E 		.ascii	"'-fno-trapv' '-mcpu=cortex-m4' '-mno-thumb-interwor"
 293      6F2D7472 
 293      61707627 
 293      20272D6D 
 293      6370753D 
 294 0033 6B272027 		.ascii	"k' '-mthumb' '-ggdb' '-O2' '-fomit-frame-pointer' '"
 294      2D6D7468 
 294      756D6227 
 294      20272D67 
 294      67646227 
 295 0066 2D66616C 		.ascii	"-falign-functions=16' '-ffunction-sections' '-fdata"
 295      69676E2D 
 295      66756E63 
 295      74696F6E 
 295      733D3136 
 296 0099 2D736563 		.ascii	"-sections' '-fno-common' '-flto'\000"
 296      74696F6E 
 296      73272027 
 296      2D666E6F 
 296      2D636F6D 
 297              		.text
 298              		.comm	__gnu_lto_v1,1,1
 299              		.comm	__gnu_lto_slim,1,1
 300              		.ident	"GCC: (GNU Tools for ARM Embedded Processors) 4.9.3 20150529 (release) [ARM/embedded-4_9-br
ARM GAS  /var/folders/nx/qt6_p4ls4xzbnqkz75ny5wl40000gp/T//ccrb4d1i.s 			page 23


DEFINED SYMBOLS
                            *ABS*:0000000000000000 pal.c
                            *COM*:0000000000000001 __gnu_lto_v1
                            *COM*:0000000000000001 __gnu_lto_slim

NO UNDEFINED SYMBOLS
