ARM GAS  /var/folders/nx/qt6_p4ls4xzbnqkz75ny5wl40000gp/T//ccPMBxOj.s 			page 1


   1              		.syntax unified
   2              		.cpu cortex-m4
   3              		.fpu softvfp
   4              		.eabi_attribute 20, 1
   5              		.eabi_attribute 21, 1
   6              		.eabi_attribute 23, 3
   7              		.eabi_attribute 24, 1
   8              		.eabi_attribute 25, 1
   9              		.eabi_attribute 26, 1
  10              		.eabi_attribute 30, 2
  11              		.eabi_attribute 34, 1
  12              		.eabi_attribute 18, 4
  13              		.thumb
  14              		.file	"pal_lld.c"
  15              		.text
  16              	.Ltext0:
  17              		.section	.gnu.lto_.profile.a4a4593739921b44,"",%progbits
  18 0000 789C6366 		.ascii	"x\234cf```c\200\000F\206)\214\223\030\001\004\032\001"
  18      60606063 
  18      80004686 
  18      298C9318 
  18      01041A01 
  19 0014 33       		.ascii	"3"
  20              		.text
  21              		.section	.gnu.lto_.jmpfuncs.a4a4593739921b44,"",%progbits
  22 0000 789C6366 		.ascii	"x\234cf\300\016\004\2404\023\003##c=#3\220d\257\257"
  22      C00E04A0 
  22      34130323 
  22      23633D23 
  22      339064AF 
  23 0015 AF670000 		.ascii	"\257g\000\000\014\320\002#"
  23      0CD00223 
  24              		.text
  25              		.section	.gnu.lto_.inline.a4a4593739921b44,"",%progbits
  26 0000 789C6DCE 		.ascii	"x\234m\316\261\015\3020\024\004\320\273\357HNie\002"
  26      B10DC230 
  26      1404D0BB 
  26      EF484E69 
  26      6502
  27 0012 B7D981C2 		.ascii	"\267\331\201\302C0\000\213 \271\240d\004\012F\2102A"
  27      4330008B 
  27      20B9A064 
  27      040A4688 
  27      3241
  28 0024 4A3A4207 		.ascii	"J:B\007L\2201\242\373\246\344\027\357\256\372\272\200"
  28      4C9031A2 
  28      FBA6E417 
  28      EFAEFABA 
  28      80
  29 0035 FF37FDD2 		.ascii	"\3777\375\322\200/>`\004\021\262(\342$*\345\335]\\\244"
  29      802F3E60 
  29      0411B228 
  29      E2242AE5 
  29      DD5D5CA4 
  30 0049 F3638D18 		.ascii	"\363c\215\030\337\223\031\270\305\256)z\257\275H^\223"
  30      DF9319B8 
  30      C5AE297A 
ARM GAS  /var/folders/nx/qt6_p4ls4xzbnqkz75ny5wl40000gp/T//ccPMBxOj.s 			page 2


  30      AFBD485E 
  30      93
  31 005a C85EB328 		.ascii	"\310^\263(^\213\250\264\026n{UMs\210\303l\244\021\010"
  31      5E8BA8B4 
  31      166E7B55 
  31      4D7388C3 
  31      6CA41108 
  32 006e C7CB3363 		.ascii	"\307\3133c\270\275\202aX\257\354|\357\016H>\036\364"
  32      B8BD8261 
  32      58AFEC7C 
  32      EF0E483E 
  32      1EF4
  33              		.text
  34              		.section	.gnu.lto_.pureconst.a4a4593739921b44,"",%progbits
  35 0000 789C6366 		.ascii	"x\234cf```e\200\000&\006)F)\000\000\371\000@"
  35      60606065 
  35      80002606 
  35      29462900 
  35      00F90040 
  36              		.text
  37              		.section	.gnu.lto__pal_lld_init.a4a4593739921b44,"",%progbits
  38 0000 789CA59A 		.ascii	"x\234\245\232{L\224\331\031\207\277s\276\001\006\206"
  38      7B4C94D9 
  38      1987BF73 
  38      BE010686 
  39 0010 9B77C4BB 		.ascii	"\233w\304\273xW\030\273\2334M\323&\233\266I\323f\233"
  39      785718BB 
  39      9B344DD3 
  39      269BB649 
  39      D3669B
  40 0023 6DB29B26 		.ascii	"m\262\233&\335\1776\333m\273kc\252\351n\372\337f\207"
  40      DD7F36DB 
  40      6DBB6B63 
  40      AAE96EFA 
  40      DF6687
  41 0036 015D5644 		.ascii	"\001]VD\021W\026\265\324[\275\013\212\027\274\262\316"
  41      115716B5 
  41      D45BBD0B 
  41      8A17BCB2 
  41      CE
  42 0047 8272D155 		.ascii	"\202r\321U\300\033+\336\301\013\350\202\"(\014\202\364"
  42      C01B2BDE 
  42      C10BE882 
  42      22280C82 
  42      F4
  43 0058 BCBF3987 		.ascii	"\274\2779\207\357\003\201\314\347g\342;\014s\346w\236"
  43      EF0381CC 
  43      E767E23B 
  43      0C73E677 
  43      9E
  44 0069 73DE779E 		.ascii	"s\336w\236\004E\327^\375\023/\376\376i\232\246\375J"
  44      0445D75E 
  44      FD132FFE 
  44      FE699AA6 
  44      FD4A
  45 007b 3C325D63 		.ascii	"<2]c<\363\274\246%;9c\364\205\306\264/8\373\2025\362"
  45      3CF3BCA6 
ARM GAS  /var/folders/nx/qt6_p4ls4xzbnqkz75ny5wl40000gp/T//ccPMBxOj.s 			page 3


  45      253B3963 
  45      F485C6B4 
  45      2F38FB82 
  46 0091 16CE327D 		.ascii	"\026\3162}\273s\\3\267z<\236'\336\303qK\342\374\\\323"
  46      BB735C33 
  46      B77A3C9E 
  46      27DEC371 
  46      4BE2FC5C 
  47 00a6 5A792086 		.ascii	"Zy \206mg3\305\222\245{n\2249\364\2372M|}4\277\355\234"
  47      6D6733C5 
  47      92A57B6E 
  47      9439F49F 
  47      324D7C7D 
  48 00be AB81FB39 		.ascii	"\253\201\3739\233LO\217e\225\347\204\322S\356\240\247"
  48      9B4C4F8F 
  48      6595E784 
  48      D253EEA0 
  48      A7
  49 00cf 27FDBBAA 		.ascii	"'\375\273\252\035\323\267x<^\337\271\375\236\267\034"
  49      1DD3B778 
  49      3C5EDFB9 
  49      FD9EB71C 
  50 00df 7EAEB31D 		.ascii	"~\256\263\035L\027yl'\213g\273X\274&\276\245\261\335"
  50      4C17796C 
  50      278B67BB 
  50      58BC26BE 
  50      A5B1DD
  51 00f2 6C3A2D6F 		.ascii	"l:-oI\355\256q\205\246\212\275c\003{\262=,\224\211\307"
  51      49EDAE71 
  51      85A68ABD 
  51      63037BB2 
  51      3D2C9489 
  52 0107 BDC37D9E 		.ascii	"\275\303}\236\236\236\372\374\345\227\035\357s\361\026"
  52      9E9EFAFC 
  52      E5971DEF 
  52      73F116
  53 0116 874E2584 		.ascii	"\207N%\204\321\033C\351\3130*N*\341T\"\250DR\211\242"
  53      D11B43E9 
  53      CB302A4E 
  53      2AE15422 
  53      A8445289 
  54 012b 124D2586 		.ascii	"\022M%\206J,\225aT\206S\031Ae$\225QTFS\031C%\216\312"
  54      4A2C9561 
  54      54865319 
  54      41652495 
  54      51544653 
  55 0144 582A44E8 		.ascii	"X*D\350\030Ge<\225\011T&R\231De2\225)T\246RI\2402\215"
  55      1847653C 
  55      95095426 
  55      52994465 
  55      32952954 
  56 015e CA742A33 		.ascii	"\312t*3\250\314\2442\213\312l*s\250\314\2452\217J\""
  56      A8CCA432 
  56      8BCA6C2A 
  56      73A8CCA5 
  56      328F4A22 
  57 0172 95242A6E 		.ascii	"\225$*n*\363\251h\332]qx\352\314=\316\351Q\257e\305"
ARM GAS  /var/folders/nx/qt6_p4ls4xzbnqkz75ny5wl40000gp/T//ccPMBxOj.s 			page 4


  57      2AF3A968 
  57      DA5D7178 
  57      EACC3DCE 
  57      E951AF65 
  58 0187 85050F7E 		.ascii	"\205\005\017~B\327\321\316\251Kg\312\267\036\015\247"
  58      42D7D1CE 
  58      A94B67CA 
  58      B71E0DA7 
  59 0197 7B0EF16C 		.ascii	"{\016\361lL\363\340\256o\335\255\254v\342[\032=\365"
  59      4CF3E0AE 
  59      6FDDADAC 
  59      76E25B1A 
  59      3DF5
  60 01a9 6EDB74CC 		.ascii	"n\333t\314\231\313\3263?\017ey\342\262\363\305e\323"
  60      99CBD633 
  60      3F0F6579 
  60      E2B2F3C5 
  60      65D3
  61 01bb 0BF59DEB 		.ascii	"\013\365\235\353\356\271\022w{R\223\235~\036\306\366"
  61      EEB91277 
  61      7B52939D 
  61      7E1EC6F6 
  62 01cb B25CF614 		.ascii	"\262\\\366\024\375e\373X\242V\313R\332B\003\373\350"
  62      FD65FB58 
  62      A256CB52 
  62      DA4203FB 
  62      E8
  63 01dc 81ADAE16 		.ascii	"\201\255\256\0267\034d\224\353\360x:D\257\012D\216\340"
  63      371C6494 
  63      EBF0783A 
  63      44AF0A44 
  63      8EE0
  64 01ee C962B4CA 		.ascii	"\311b\264\312\302F\373\215\215\016\260D\021\257]a^_"
  64      C246FB8D 
  64      8D0EB044 
  64      11AF5D61 
  64      5E5F
  65 0200 55988CB9 		.ascii	"U\230\214\271Zzj\227k\3266\321\373\333\351\333\357\276"
  65      5A7A6A97 
  65      6BD636D1 
  65      FBDBE9DB 
  65      EFBE
  66 0212 25DEE294 		.ascii	"%\336\342\224\303\313\016\262Y\346\363\351H?\324\261"
  66      C3CB0EB2 
  66      59E6F3E9 
  66      483FD4B1 
  67 0222 A1294A6C 		.ascii	"\241)Jl\233,\336\320P\022\355\347\341\355<\204\035\222"
  67      9B2CDED0 
  67      5012EDE7 
  67      E1ED3C84 
  67      1D92
  68 0234 7B3717AF 		.ascii	"{7\027\257\350\214\021{\307\372y\004+\304\3164G\342"
  68      E88C117B 
  68      C7FA7904 
  68      2BC4CE34 
  68      47E2
  69 0246 955D454D 		.ascii	"\225]EM\327c>\177\341\311\364\370t\261\007;\314\022"
ARM GAS  /var/folders/nx/qt6_p4ls4xzbnqkz75ny5wl40000gp/T//ccPMBxOj.s 			page 5


  69      D7633E7F 
  69      E1C9F4F8 
  69      74B1073B 
  69      CC12
  70 0258 89406347 		.ascii	"\211@cG\330\347\202\210K\234\332\212\342_\350\277\304"
  70      D8E78288 
  70      4B9CDA8A 
  70      E25FE8BF 
  70      C4
  71 0269 889FBDFA 		.ascii	"\210\237\275\372x\203\236\260I\014\361\355#%\177\363"
  71      78839EB0 
  71      490CF1ED 
  71      23257FF3 
  72 0279 A56EF4BC 		.ascii	"\245n\364\274\354\351\021\247u\261\243}GY\342\036c\011"
  72      ECE911A7 
  72      75B1A37D 
  72      4759E21E 
  72      6309
  73 028b E25D4545 		.ascii	"\342]EEk\216\353\204\353\022G\36294v\\\254\240\023W"
  73      6B8EEB84 
  73      EB1247F2 
  73      3934765C 
  73      ACA01357 
  74 029f 97A99B6B 		.ascii	"\227\251\233k,,\353b\003\004;\373\177Fd\360\011\226"
  74      2C2CEB62 
  74      03043BFB 
  74      7F4664F0 
  74      0996
  75 02b1 4077216E 		.ascii	"@w!n\337[\330r\362\347}>0\210\245\005bw|lZ9\353\377"
  75      DF5BD872 
  75      F2E77D3E 
  75      3088A505 
  75      62777C6C 
  76 02c9 916245E2 		.ascii	"\221bE\342\234\032\373\226\232\033i\276Qg\377\033\025"
  76      9C1AFB96 
  76      9A1B69BE 
  76      5167FF1B 
  76      15
  77 02da B71F49D7 		.ascii	"\267\037I\327y\262\337ufzn\367|\346\347Q\314\207+\345"
  77      79B2DF75 
  77      667A6EF7 
  77      7CE6E751 
  77      CC872BE5 
  78 02ee 8148F61D 		.ascii	"\201H\366\035\006\2478k\323(\0127'\273\360\366\202\254"
  78      06A7386B 
  78      D3280A37 
  78      27BBF0F6 
  78      82AC
  79 0300 F44E1725 		.ascii	"\364N\027%gRr4]\005+\226\321/V\037-\343\230\022_\034"
  79      67527234 
  79      5D052B96 
  79      D12F561F 
  79      2DE39812 
  80 0316 8D490992 		.ascii	"\215I\011\222u\231|\212&%\022'.8\265),\300\036\025\034"
  80      75997C8A 
  80      26251227 
  80      2E38B529 
ARM GAS  /var/folders/nx/qt6_p4ls4xzbnqkz75ny5wl40000gp/T//ccPMBxOj.s 			page 6


  80      2CC01E15 
  81 032b 6C2C819E 		.ascii	"l,\201\236F\234C\306\225\366\007\265BV\206\250\020\031"
  81      469C43C6 
  81      95F607B5 
  81      425686A8 
  81      1019
  82 033d 554E6451 		.ascii	"UNdQ\201^\364\222E[ \253@\\\250\214;c\207\354,\242\302"
  82      815EF492 
  82      455B20AB 
  82      405CA88C 
  82      3B6387EC 
  83 0354 64D4F744 		.ascii	"d\324\367D\026\035\270\263\323\212,\306\002\3319\304"
  83      161DB8B3 
  83      D38A2CC6 
  83      02D939C4 
  84 0364 3965DC79 		.ascii	"9e\334y;d\225\210\012\227QUD\026\023\270\263^\262X\013"
  84      3B649588 
  84      0A975155 
  84      441613B8 
  84      B35EB258 
  85 0379 64D5888B 		.ascii	"d\325\210\213\220q\027\354\220]D\224KF]\"\262\330\300"
  85      907117EC 
  85      905D4494 
  85      4B465D22 
  85      B2D8C0
  86 038c 9D952AB2 		.ascii	"\235\225*\262a\026\310.#.R\306]\261CV\203\250(\031\365"
  86      6116C82E 
  86      232E52C6 
  86      5DB14356 
  86      83A82819 
  87 03a1 03910D0B 		.ascii	"\003\221\015\013\334Y/\331p\013dW\021\027-\343j\355"
  87      DC592FD9 
  87      700B6457 
  87      11172DE3 
  87      6AED
  88 03b3 905D4354 		.ascii	"\220]CT\214\214\272Nd\303\341\264\232^\247\015\241\361"
  88      8C8CBA4E 
  88      64C3E1B4 
  88      9A5EA70D 
  88      A1F1
  89 03c5 1BD0B8D9 		.ascii	"\033\320\270\331\333\217\206\366\366Ml\027;\260\267"
  89      DB8F86F6 
  89      F64D6C17 
  89      3BB0B7
  90 03d4 6F296FDF 		.ascii	"o)o\337\356\343m\253\262\276\003Y\267\354\337\234\021"
  90      EEE36DAB 
  90      B2BE0359 
  90      B7ECDF9C 
  90      11
  91 03e5 F095270D 		.ascii	"\360\225'\015\262\256\223\262\256ymY\327\013\027\337"
  91      B2AE93B2 
  91      AE796D59 
  91      D70B17DF 
  92 03f5 184CD614 		.ascii	"\030L\326\024K\013\356\014!\353\273\220\365=j7\355\177"
  92      4B0BEE0C 
  92      21EBBB90 
  92      F53D6A37 
ARM GAS  /var/folders/nx/qt6_p4ls4xzbnqkz75ny5wl40000gp/T//ccPMBxOj.s 			page 7


  92      ED7F
  93 0407 E469D386 		.ascii	"\344i\323\206\010\310z<d\335\334\230\355\352\333\375"
  93      08C87A3C 
  93      64DDDC98 
  93      EDEADBFD 
  94 0417 FBF20E1F 		.ascii	"\373\362\016\037\346\345\237\327\315\262~\240dM\221"
  94      E6E59FD7 
  94      CDB27EA0 
  94      644D91
  95 0426 ACC19880 		.ascii	"\254\301\230\200{8\331\216\372\263\373\315\023Pg\232"
  95      7B38D98E 
  95      FAB3FBCD 
  95      1350679A 
  96 0436 005FE9C5 		.ascii	"\000_\351\305\373\346\011hTvF\324C\232\200P\303\316"
  96      FBE60968 
  96      547646D4 
  96      439A8050 
  96      C3CE
  97 0448 801D111C 		.ascii	"\200\035\021\034\035f\363\221\2623\342~\264C\326\244"
  97      1D66F391 
  97      B233E27E 
  97      B443D6A4 
  98 0458 EC8CA866 		.ascii	"\354\214\250f\"\033a\330\031d#-\220=VvF\334\023;d-\312"
  98      221B61D8 
  98      1964232D 
  98      903D5676 
  98      46DC133B 
  99 046f CE887A4A 		.ascii	"\316\210zJd#\015;\203l\224\005\262Veg\304\265\331!{"
  99      64230D3B 
  99      836C9405 
  99      B2566567 
  99      C4B5D921 
 100 0484 A6EC8CA8 		.ascii	"\246\354\214\250\347D6\312\2603\310F[ kWvF\\\207\035"
 100      E74436CA 
 100      B033C846 
 100      5B206B57 
 100      76465C87 
 101 0499 32BFB233 		.ascii	"2\277\2623\242:\211l\264ag\220\215\261@\366B\331\031"
 101      A23A896C 
 101      B4616790 
 101      8DB140F6 
 101      42D919
 102 04ac 715D76C8 		.ascii	"q]v\310\272\225\235\021\365\222\310\306\030v\006Y\234"
 102      BA959D11 
 102      F592C8C6 
 102      18760659 
 102      9C
 103 04bd 05B21E65 		.ascii	"\005\262\036eg\304y\270\015\262d.\355\214(/\027dq\220"
 103      67C479B8 
 103      0DB2642E 
 103      ED8C282F 
 103      17647190 
 104 04d1 D88D60EC 		.ascii	"\330\215`\354\234\302\373\333\271yh;\247b\273a\003\333"
 104      9CC2FBDB 
 104      B979683B 
 104      A762BB61 
 104      03DB
ARM GAS  /var/folders/nx/qt6_p4ls4xzbnqkz75ny5wl40000gp/T//ccPMBxOj.s 			page 8


 105 04e3 79099776 		.ascii	"y\011\227v^\312\355\330\371KNv\316+Hi\211\016\3309\023"
 105      5ECAEDD8 
 105      F94B4E76 
 105      CE2B4869 
 105      890ED839 
 106 04f8 764EE3F1 		.ascii	"vN\343\361\375\016f\325\316_\361\004:\361\300v\246X"
 106      FD0E66D5 
 106      CE5FF104 
 106      3AF1C076 
 106      A658
 107 050a 5A20761F 		.ascii	"Z v\037\324\316\3138\3319\235\213v\207\211\327\232V"
 107      D4CECB38 
 107      D9399D8B 
 107      768789D7 
 107      9A56
 108 051c 1E7F849F 		.ascii	"\036\177\204\237{\235?\243\245\317O\257\272\326\257"
 108      7B9D3FA3 
 108      A5CF4FAF 
 108      BAD6AF
 109 052b FBCB79E0 		.ascii	"\373\313y\340\016\227zK\274\314l\347\014.\355L\221l"
 109      0E977A4B 
 109      BCCC6CE7 
 109      0C2EED4C 
 109      916C
 110 053d 853101E9 		.ascii	"\2051\001\351\360\376\346\312\346\353\021\246\011\020"
 110      F0FEE6CA 
 110      E6EB11A6 
 110      0910
 111 054b 67EF9D80 		.ascii	"g\357\235\200\365)\031U\221\246\011X\311\245\235\021"
 111      F5291955 
 111      91A60958 
 111      C9A59D11 
 112 055b 95491310 		.ascii	"\225I\023\020f\330\031\260c\203\243\303l\256\342\322"
 112      66D819B0 
 112      6383A3C3 
 112      6CAEE2D2 
 113 056b CE88CBB2 		.ascii	"\316\210\313\262C\266\232K;#\352k\"\033k\330\031d\361"
 113      43B69A4B 
 113      3B23EA6B 
 113      221B6BD8 
 113      1964F1
 114 057e 16C8D670 		.ascii	"\026\310\326pig\304e\333!\373\206K;#*\207\310\342\015"
 114      6967C465 
 114      DB21FB86 
 114      4B3B232A 
 114      87C8E20D 
 115 0592 3B836C9C 		.ascii	";\203l\234\005\262\265\\\332\031q\353\354\220\255\347"
 115      05B2B55C 
 115      DA1971EB 
 115      EC90ADE7 
 116 05a2 D2CE88FA 		.ascii	"\322\316\210\372\017\221\2153\354\014\262\361\026\310"
 116      0F918D33 
 116      EC0CB2F1 
 116      16C8
 117 05b0 72B9B433 		.ascii	"r\271\2643\342\376k\207l\003\227vF\324F\"\033o\330\031"
 117      E2FE6B87 
 117      6C039776 
ARM GAS  /var/folders/nx/qt6_p4ls4xzbnqkz75ny5wl40000gp/T//ccPMBxOj.s 			page 9


 117      46D44622 
 117      1B6FD819 
 118 05c4 64132C90 		.ascii	"d\023,\220m\342\322\316\210\333l\207l\013\227vF\324"
 118      6DE2D2CE 
 118      88DB6C87 
 118      6C0B9776 
 118      46D4
 119 05d6 FF886C82 		.ascii	"\377\210l\202ag\220M\264@\266\225K;#n\233\035\262\355"
 119      6167904D 
 119      B440B695 
 119      4B3B236E 
 119      9B1DB2ED 
 120 05ea CACE88DA 		.ascii	"\312\316\210\332Ad\023!\261\326`\354\274\363\025;\373"
 120      41641321 
 120      B1D660EC 
 120      BCF3153B 
 120      FB
 121 05fb 87B6F32E 		.ascii	"\207\266\363.l7|`;\357Vv\336c\313\316y\260s\307\276"
 121      6C377C60 
 121      3BEF5676 
 121      DE63CBCE 
 121      79B073C7 
 122 0610 BACC9880 		.ascii	"\272\314\230\200\235s`\347|i\347\326\327\266\363^!\337"
 122      9D7360E7 
 122      7C69E7D6 
 122      D7B6F35E 
 122      21DF
 123 0622 9D83D999 		.ascii	"\235\203\331\231biA\336\020v\336\007;\027P\273\235t"
 123      626941DE 
 123      1076DE07 
 123      3B1750BB 
 123      9D74
 124 0634 FE03DE17 		.ascii	"\376\003\336\027a\260\363{\264t\337\262\254\177\364"
 124      61B0F37B 
 124      B474DFB2 
 124      AC7FF4
 125 0643 6DFE7ED9 		.ascii	"m\376~\331\374\354\344\215EQf9\037Pr\246Dv\320\030\200"
 125      FCECE48D 
 125      45516639 
 125      1F5072A6 
 125      4476D018 
 126 0658 020C40B9 		.ascii	"\002\014@\271\357P\213\3034\000\371\246\001h_\271\245"
 126      EF508BC3 
 126      3400F9A6 
 126      01685FB9 
 126      A5
 127 0669 3BC63400 		.ascii	";\3064\000\207\224\234\021UH\003\3404\344\014\326IA"
 127      87949C11 
 127      554803E0 
 127      34E40CD6 
 127      4941
 128 067b C161320F 		.ascii	"\301a2\017+7#\355\210\035\260\243\312\315\210:F`\223"
 128      2B3723ED 
 128      881DB0A3 
 128      CACD883A 
 128      466093
 129 068e 0C37036C 		.ascii	"\0147\003lr\360`\307\225\232\221v\302\016X\221R3\242"
ARM GAS  /var/folders/nx/qt6_p4ls4xzbnqkz75ny5wl40000gp/T//ccPMBxOj.s 			page 10


 129      72F060C7 
 129      959A9176 
 129      C20E5891 
 129      5233A2
 130 06a1 BE25B0C9 		.ascii	"\276%\260\311\206\232\0016%x\260\223\312\314H\363\331"
 130      869A0136 
 130      2578B093 
 130      CACC48F3 
 130      D9
 131 06b2 01FB4E99 		.ascii	"\001\373N\231\031Q\305\0046\30503\300\246\006\017V\242"
 131      1951C504 
 131      36C53033 
 131      C0A6060F 
 131      56A2
 132 06c4 C48CB453 		.ascii	"\304\214\264Sv\300N+1#\252\224\300\246\032b\006XB\360"
 132      76C04E2B 
 132      3123AA94 
 132      C0A61A62 
 132      065842F0 
 133 06d8 6065CACB 		.ascii	"`e\312\313H+\267\003V\241\274\214\2503\004\226`x\031"
 133      482BB703 
 133      56A1BC8C 
 133      A8330496 
 133      607819
 134 06eb 60D38207 		.ascii	"`\323\202\007;\253\264\214\264\357\355\200\235SZF\324"
 134      3BABB48C 
 134      B4EFED80 
 134      9D535A46 
 134      D4
 135 06fc 79029B06 		.ascii	"y\002\233\006{\371\203\321r\345+Z\356\032Z\313U\330"
 135      7BF983D1 
 135      72E52B5A 
 135      EE1A5ACB 
 135      55D8
 136 070e 6EC4C05A 		.ascii	"n\304\300Z\256VZ\276`K\313\027\321\343\272\214\346\356"
 136      AE565ABE 
 136      604BCB17 
 136      D1E3BA8C 
 136      E6EE
 137 0720 88809637 		.ascii	"\210\200\2267B\313\227\244\226\375\257\255\345\313\302"
 137      42CB97A4 
 137      96FDAFAD 
 137      E5CBC2
 138 072f BA958369 		.ascii	"\272\225\203i\231bi\301\305!\264|\005Z\256\241n\207"
 138      996269C1 
 138      C521B47C 
 138      055AAEA1 
 138      6E87
 139 0741 8BD74ED6 		.ascii	"\213\327N\326v\255\340\320\362bZZ\345\331\331\245\367"
 139      76ADE0D0 
 139      F2625A5A 
 139      E5D9D9A5 
 139      F7
 140 0752 EDFE0FB2 		.ascii	"\355\376\017\262\3739;\032\266\207\230\275|Uy\231\""
 140      FB393B1A 
 140      B68798BD 
 140      7C557999 
ARM GAS  /var/folders/nx/qt6_p4ls4xzbnqkz75ny5wl40000gp/T//ccPMBxOj.s 			page 11


 140      22
 141 0763 59AD3101 		.ascii	"Y\2551\0015\230\200\264\362\216\263Q\246\011\270d\232"
 141      359880B4 
 141      F28EB351 
 141      A609B864 
 141      9A
 142 0774 808A8CC3 		.ascii	"\200\212\214\303\025a\346\177\324R^F\324u\232\200p\303"
 142      1561E67F 
 142      D4525E46 
 142      D4759A80 
 142      70C3
 143 0786 CB809D1E 		.ascii	"\313\200\235\036\034\035f\363\206\0223\342n\332!\273"
 143      1C1D66F3 
 143      861233E2 
 143      6EDA21BB 
 144 0796 A5C48CA8 		.ascii	"\245\304\214\250\333D6\335\0203\310fX \273\243\314\214"
 144      DB4436DD 
 144      1033C866 
 144      5820BBA3 
 144      CC8C
 145 07a8 B83A3B64 		.ascii	"\270:;d\365\312\314\210\272Kd3\0143\203l\246\005\262"
 145      F5CACC88 
 145      BA4B6433 
 145      0C33836C 
 145      A605B2
 146 07bb 7B4ACD88 		.ascii	"{J\315\210\273o\207\354\201R3\242\032\210l\246\241f"
 146      BB6F87EC 
 146      815233A2 
 146      1A886CA6 
 146      A166
 147 07cd 90CDB2   		.ascii	"\220\315\262"
 148 07d0 40D6A8DC 		.ascii	"@\326\250\334\214\270\207v\310\036)7#\352G\"\233e\270"
 148      8CB88776 
 148      C81E2937 
 148      23EA4722 
 148      9B65B8
 149 07e3 1964B32D 		.ascii	"\031d\263-\2205)9#\256\331\016\331c%gD=!\262\331\206"
 149      90352939 
 149      23AED90E 
 149      D9632567 
 149      443D21B2 
 150 07f9 9C4136C7 		.ascii	"\234A6\307\002Y\213\2623\342\236\332!kUvFT\033\221\315"
 150      02598BB2 
 150      33E29EDA 
 150      216B5576 
 150      46541B91 
 151 080e 81C47A82 		.ascii	"\201\304z\202\261\363\263W\354\3343\264\235\237c\273"
 151      B1F3B357 
 151      ECDC33B4 
 151      9D9F63BB 
 152 081e 9103DBB9 		.ascii	"\221\003\333\271]\331\271\303\226\235\375\260s\367\205"
 152      5DD9B9C3 
 152      969DFDB0 
 152      73F785
 153 082d 3DE98E80 		.ascii	"=\351\216\200\235w\300\316\235\322\316=\257m\347\027"
 153      9D77C0CE 
 153      9DD2CE3D 
ARM GAS  /var/folders/nx/qt6_p4ls4xzbnqkz75ny5wl40000gp/T//ccPMBxOj.s 			page 12


 153      AF6DE717 
 154 083d 42BECF06 		.ascii	"B\276\317\006\2633\305\322\002\377\020v\356\202\235"
 154      B333C5D2 
 154      02FF1076 
 154      EE829D
 155 084c BBA9DD11 		.ascii	"\273\251\335\021\342\265\023\017\333J\003v^\216\265"
 155      E2B5130F 
 155      DB4A0376 
 155      5E8EB5
 156 085b 7BD62EFF 		.ascii	"{\326.\377s\337\356\277\224\335\317\315;\237\335\347"
 156      73DFEEBF 
 156      94DDCFCD 
 156      3B9FDDE7 
 157 086b 7F077B94 		.ascii	"\177\007{\224\235)\222y\364\336\011\350\306\004\224"
 157      9D299279 
 157      F4DE09E8 
 157      C60494
 158 087a 6CBF76C4 		.ascii	"l\277v\304\374cS\247i\002N\227\344n1O@\262.\355\214"
 158      FC6353A7 
 158      69024E97 
 158      E46E314F 
 158      40B22EED 
 159 088f 28AF2E26 		.ascii	"(\257.& \302\2603`\347\006\005\207\321L\321\245\234"
 159      20C2B033 
 159      60E70605 
 159      87D14CD1 
 159      A59C
 160 08a1 91966A07 		.ascii	"\221\226j\007l\211.\345\214\250\245\0046\327\2203\300"
 160      6C892EE5 
 160      8CA8A504 
 160      36D79033 
 160      C0
 161 08b2 E6050FF6 		.ascii	"\346\005\017\366\245.\335\214\2644;`_\351\322\315\210"
 161      A52EDD8C 
 161      B4343B60 
 161      5FE9D2CD 
 161      88
 162 08c3 5A4660F3 		.ascii	"ZF`\363\0147\003,1x\260t]\252\031i\313\355\200e\350"
 162      0C37032C 
 162      3178B074 
 162      5DAA1969 
 162      CBED8065 
 163 08d8 52CD885A 		.ascii	"R\315\210ZA`\211\206\232\001\226\024<\330J]\232\031"
 163      41608986 
 163      9A019614 
 163      3CD84A5D 
 163      9A19
 164 08ea 699976C0 		.ascii	"i\231v\300V\351\322\314\210\312\"\260$\303\314\000s"
 164      56E9D2CC 
 164      88CA22B0 
 164      24C3CC00 
 164      73
 165 08fb 070FB65A 		.ascii	"\007\017\266Z\227bF\332\327v\300\326\350R\314\210\312"
 165      976246DA 
 165      D776C0D6 
 165      E852CC88 
 165      CA
ARM GAS  /var/folders/nx/qt6_p4ls4xzbnqkz75ny5wl40000gp/T//ccPMBxOj.s 			page 13


 166 090c 2630B721 		.ascii	"&0\267!f\200\315\017\036\354\033]z\031i9v\300\326\352"
 166      6680CD0F 
 166      1EEC1B5D 
 166      7A196939 
 166      76C0D6EA 
 167 0920 D2CB885A 		.ascii	"\322\313\210ZG`\363\265\233,\331W\375{8R\243_aa\364"
 167      4760F3B5 
 167      9B2CD957 
 167      FD7B3852 
 167      A35F6161 
 168 0935 AB2B5CD3 		.ascii	"\253+\\\323\336LJr\377\372\223\005\177Y\360\316\273"
 168      DE4C4A72 
 168      FFFA9305 
 168      7F59F0CE 
 168      BB
 169 0946 EE459FBA 		.ascii	"\356E\237\272?\371p\241{\361\242\177}\366\251\373\335"
 169      3FF970A1 
 169      7BF1A27F 
 169      7DF6A9FB 
 169      DD
 170 0957 F7FEF0E6 		.ascii	"\367\376\360\346\033\356\267\337\376\215\373\267\177"
 170      1BEEB7DF 
 170      FE8DFBB7 
 170      7F
 171 0964 FCDD3BFF 		.ascii	"\374\335;\377~\303\275\370\303\205\037,\\\370\327\244"
 171      7EC3BDF8 
 171      C3851F2C 
 171      5CF8D7A4 
 172 0974 8FB4D08F 		.ascii	"\217\264\320\217\026\375\363\357\013>\016\371x\361\202"
 172      16FDF3EF 
 172      0B3E0EF9 
 172      78F182
 173 0983 458BFF0F 		.ascii	"E\213\377\017\274p\262\321"
 173      BC70B2D1 
 174              		.text
 175              		.section	.gnu.lto__pal_lld_setgroupmode.a4a4593739921b44,"",%progbits
 176 0000 789C9D57 		.ascii	"x\234\235W{PTe\024\277\347\273w\237\200\370\032E\324"
 176      7B505465 
 176      14BFE7BB 
 176      779F80F8 
 176      1A45D4
 177 0013 B4417CCB 		.ascii	"\264A|\313*\230\246\246\246\200\325TSS\31545\315\370"
 177      2A98A6A6 
 177      A680D554 
 177      5353CD34 
 177      35CDF8
 178 0026 48667482 		.ascii	"Hft\202\201Aj\252\177\272\362\352E\215\321Tf2\276B\015"
 178      81416AAA 
 178      7FBAF2EA 
 178      458DD154 
 178      6632BE42 
 179 003b 90257C42 		.ascii	"\220%|B\245\033\221 \342\203D|!P\001b\022E\242\033\015"
 179      A51B9120 
 179      E283447C 
 179      21500162 
 179      1245A21B 
 180 0050 4AE79CEF 		.ascii	"J\347\234\357.\354\0224\214\314\354\331\373\235\375"
ARM GAS  /var/folders/nx/qt6_p4ls4xzbnqkz75ny5wl40000gp/T//ccPMBxOj.s 			page 14


 180      2EEC1234 
 180      8CCCECD9 
 180      FB9DFD
 181 005f 9DDF3DE7 		.ascii	"\235\337=\347\367\235s\277\213\252\374\367o#~>\016T"
 181      F79D73BF 
 181      8BAAFCF7 
 181      6F237E3E 
 181      0E54
 182 0071 9437F11B 		.ascii	"\2247\361\033\374\024\020\233N\243\323*@\225\027\252"
 182      FC14109B 
 182      4EA3D32A 
 182      409517AA 
 183 0081 D0DE99A2 		.ascii	"\320\336\231\242\350v+Y\177M\230xe\346\225\011,\022"
 183      E8762B59 
 183      7F4D9878 
 183      65E69509 
 183      2C12
 184 0093 64F65C58 		.ascii	"d\366\\X\300*/\254\302\236jA\240-\243LA\244M\322}o\265"
 184      C02A2FAC 
 184      C29E6A41 
 184      A02DA34C 
 184      41A44DD2 
 185 00aa 03D08502 		.ascii	"\003\320\205\002\312[B\325Lf\213\325f\007\274\224\311"
 185      CA5B42D5 
 185      4C668BD5 
 185      6607BC94 
 185      C9
 186 00bb 5C17ED02 		.ascii	"\\\027\355\0026\271r7\373M\311\326u\375\317\277.\004"
 186      36B97237 
 186      FB4DC9D6 
 186      75FDCFBF 
 186      2E04
 187 00cd A505750A 		.ascii	"\245\005u\012E\271)$\000\366\300\024\204\\u\037\316"
 187      45B92924 
 187      00F6C014 
 187      845C751F 
 187      CE
 188 00de 0850E781 		.ascii	"\010P\347\201\202\327E\371\035\247\374ZD\247\200\211"
 188      82D745F9 
 188      1DA7FC5A 
 188      44A78089 
 189 00ee B42CCE2C 		.ascii	"\264,\316,\337l\246\245\320hY\343\274|I\204\356\322"
 189      DF6CA6A5 
 189      D06859E3 
 189      BC7C4984 
 189      EED2
 190 0100 F564D799 		.ascii	"\365d\327\231B\375a\255S\250\260\027T\344\203\257 \030"
 190      42FD61AD 
 190      53A8B017 
 190      54E483AF 
 190      2018
 191 0112 72205841 		.ascii	"r XA\227\002\271\020\212\350\235\265MnU]\304\2749%E"
 191      9702B910 
 191      8AE89DB5 
 191      4D6E555D 
 191      C4BC3925 
 192 0127 D338B0A1 		.ascii	"\3238\260\241<\273\306_\177\264Sh\220\3277RS`\037G^"
ARM GAS  /var/folders/nx/qt6_p4ls4xzbnqkz75ny5wl40000gp/T//ccPMBxOj.s 			page 15


 192      3CBBC65F 
 192      7FB45368 
 192      90D73752 
 192      53601F47 
 193 013c EBBCBE27 		.ascii	"\353\274\276'@}\230#\357\344|\264\325.COd\237\343P\023"
 193      407D9823 
 193      EFE47CB4 
 193      D52E434F 
 193      649FE350 
 194 0151 E4F70D35 		.ascii	"\344\367\0155)\340\204P\302wUl)\362W\24396\275\340\237"
 194      29E08450 
 194      C277556C 
 194      29F257A3 
 194      3936BDE0 
 195 0166 5A53C80E 		.ascii	"ZS\310\016\212=\231V\346\257\227\353\251\015\335\335"
 195      8A3D9956 
 195      E6AF97EB 
 195      A90DDDDD 
 196 0176 133A8519 		.ascii	"\023:\205\031\012|\031\344\037\206l\333\264\365\226"
 196      0A7C19E4 
 196      1F866CDB 
 196      B4F596
 197 0185 497D9CC3 		.ascii	"I}\234\303o\334\332\373\211\037\207o\257\3146{\005\027"
 197      6FDCDAFB 
 197      891F876F 
 197      AFCC367B 
 197      0517
 198 0197 0E10BCAB 		.ascii	"\016\020\274\253\343l\273U}\206\203K\367\374\221\025"
 198      E36CBB55 
 198      7D86834B 
 198      F7FC9115 
 199 01a7 28834FF9 		.ascii	"(\203O\371\004\037\030 x\247\263\350y\365E\216\255:"
 199      041F1820 
 199      78A7B3E8 
 199      79F5458E 
 199      AD3A
 200 01b9 70BB6E88 		.ascii	"p\273n\210\214=\355\023{h\200\330\252\326kN\233\272"
 200      8C3DED13 
 200      7B6880D8 
 200      AAD66B4E 
 200      9BBA
 201 01cb 8A83F503 		.ascii	"\212\203\365\003\231wm2\370\214O\360\221\001\202Ol="
 201      99776D32 
 201      F88C4FF0 
 201      9101824F 
 201      6C3D
 202 01dd 77D4AEC6 		.ascii	"w\324\256\306p\360\365\003\311EF\311\027}\202\213\007"
 202      70F0F503 
 202      C94546C9 
 202      177D828B 
 202      07
 203 01ee 086E4FBD 		.ascii	"\010nO\275s\301\317\234\212\3755\024\276\206\020\330"
 203      73C1CF9C 
 203      8AFD3514 
 203      BE8610D8 
 204 01fe 8F9F83F8 		.ascii	"\217\237\203\3709\214\237\"\374|\003!\262\337\340[0"
 204      398C9F22 
ARM GAS  /var/folders/nx/qt6_p4ls4xzbnqkz75ny5wl40000gp/T//ccPMBxOj.s 			page 16


 204      FC7C0321 
 204      B2DFE05B 
 204      30
 205 020f 83A2D807 		.ascii	"\203\242\330\007B!\227\373\253\274w\205\272^V\261\377"
 205      422197FB 
 205      ABBC7785 
 205      BA5E56B1 
 205      FF
 206 0220 ED645945 		.ascii	"\355dYE\303\225\264\012\237\255\373\256\277T\340(S\034"
 206      C395B40A 
 206      9FADFBAE 
 206      BF54E028 
 206      531C
 207 0232 6DCB2D1F 		.ascii	"m\313-\037\242&2EKK\361lfp\025c\263\246n\327\357vw\003"
 207      A2263245 
 207      4B4BF16C 
 207      66701563 
 207      B3A66ED7 
 208 024a 111CEB97 		.ascii	"\021\034\353\227\300\305\004\037\350\271\037\203\372"
 208      C0C5041F 
 208      E8B91F83 
 208      FA
 209 0257 2A1364B7 		.ascii	"*\023d\267g}\027 \031\216\3722|\337/C\01134\356nK\003"
 209      677D1720 
 209      198EFA32 
 209      7CDF2F43 
 209      093334EE 
 210 026e F5756678 		.ascii	"\365ufx/'-\023$C\205/\303\017\3752\224B\210s\270K\357"
 210      2F272D13 
 210      2443852F 
 210      C30FFD32 
 210      94428873 
 211 0285 EEBED958 		.ascii	"\356\276\331X\370\276\343\210x\004x$\020\210\252\341"
 211      F8BEE388 
 211      78047824 
 211      1088AAE1 
 212 0295 60A16E38 		.ascii	"`\241n8$\250\034\366;jgVH9|\012`\357\3731\306\037g\301"
 212      24A81CF6 
 212      3B6A6756 
 212      48397C0A 
 212      60EFFB31 
 213 02ad 12C0C021 		.ascii	"\022\300\300!t\031\310\350\241t9\214C\206\323\345\010"
 213      7419C8E8 
 213      A174398C 
 213      4386D3E5 
 213      08
 214 02be 85541F09 		.ascii	"\205T\037\011\304=\212\034\243\311\004\221\031\203\306"
 214      C43D8A1C 
 214      A3C90491 
 214      1983C6
 215 02cd 1ACC728E 		.ascii	"\032\314r\216\245\313q\234\324x\240\231\276\217\000"
 215      A5CB719C 
 215      D478A099 
 215      BE8F00
 216 02dc 13C84C24 		.ascii	"\023\310L$s?\231\0202\223\310\204\222\231Lf*\005N#3"
 216      733F9910 
 216      3293C884 
ARM GAS  /var/folders/nx/qt6_p4ls4xzbnqkz75ny5wl40000gp/T//ccPMBxOj.s 			page 17


 216      92994C66 
 216      2A054E23 
 217 02f1 9D659D41 		.ascii	"\235e\235A\316\231df\221\011#3\233\314\034\302\204\223"
 217      CE996466 
 217      91092333 
 217      9BCC1CC2 
 217      8493
 218 0303 8960F5E6 		.ascii	"\211`\365\346\222\363\0012\363\310\314'\263\200\314"
 218      92F30132 
 218      F3C8CC27 
 218      B380CC
 219 0312 42328BC8 		.ascii	"B2\213\310,&\263\204\314R2\313X\237\345\\p$\327\032"
 219      2C26B384 
 219      CC5232CB 
 219      589FE55C 
 219      7024D71A 
 220 0326 C56546B3 		.ascii	"\305eF\263\032+X\037Ei\304\006\304\007h\223\020\370"
 220      1A2B581F 
 220      4569C406 
 220      C4076893 
 220      10F8
 221 0338 A55E8694 		.ascii	"\245^\206\224\277\323\353\362\036\244\216t\013?\267"
 221      BFD3EBF2 
 221      1EA48E74 
 221      0B3FB7
 222 0347 B0E34E7D 		.ascii	"\260\343N}\230\377\345\315@z\322YP\346\037qGj@p\313"
 222      98FFE5CD 
 222      407AD259 
 222      50E61F71 
 222      476A4070 
 223 035c 220D8214 		.ascii	"\"\015\202\024\016j\316{]\006\371\313\240\236\307\243"
 223      0E6ACE7B 
 223      5D06F9CB 
 223      A09EC7A3 
 224 036c 0577E538 		.ascii	"\005w\3458\006!\252.\275\021$(\000q\010\332r\241\251"
 224      0621AA2E 
 224      BD112428 
 224      007108DA 
 224      72A1A9
 225 037f 43259015 		.ascii	"C%\220\025\267\261\314\213y?1\007H\3466\017\363\020"
 225      B7B1CC8B 
 225      793F3107 
 225      48E6360F 
 225      F310
 226 0391 C9FCB9BB 		.ascii	"\311\374\271\273\362\270L'H\201\362\276\314\201\210"
 226      F2B84C27 
 226      4881F2BE 
 226      CC8188
 227 03a0 83D05EA6 		.ascii	"\203\320^\246\203\304\024(\231n{\230\206J\246\202c\271"
 227      83C41428 
 227      996E7B98 
 227      864AA682 
 227      63B9
 228 03b2 EFDA9869 		.ascii	"\357\332\230i\225\002'\3722\015C\034\202Z\317}Q\354"
 228      950227FA 
 228      320D431C 
 228      825ACF7D 
ARM GAS  /var/folders/nx/qt6_p4ls4xzbnqkz75ny5wl40000gp/T//ccPMBxOj.s 			page 18


 228      51EC
 229 03c4 CF396263 		.ascii	"\3179bcUx\345x\230\230\207I\346\273\036\346\341\222"
 229      5578E578 
 229      98988749 
 229      E6BB1EE6 
 229      E192
 230 03d6 79EFB1CC 		.ascii	"y\357\261\314=\0323\353\330f'\373R\217@ \015\365\256"
 230      3D1A33EB 
 230      D86627FB 
 230      528F4020 
 230      0DF5AE
 231 03e9 861BC0D4 		.ascii	"\206\033\300\324\026\005*\275\250\213\210z\004.\223"
 231      16052ABD 
 231      A88B887A 
 231      042E93
 232 03f8 5D057EEC 		.ascii	"]\005~\354\221O\201\372\3063UV\0120\343@\234\342\331"
 232      914F81FA 
 232      C6335556 
 232      0A30E340 
 232      9CE2D9
 233 040b 68C24305 		.ascii	"h\302C\005\017:\025\261CyK\335\370\243\\p\202&c\301"
 233      0F3A15B1 
 233      43794BDD 
 233      F8A35C70 
 233      822663C1 
 234 041f 3A68C682 		.ascii	":h\306\202\345U\215\005\357\2420\026\3301n\001\262\250"
 234      E5558D05 
 234      EFA23016 
 234      D8316E01 
 234      B2A8
 235 0431 9A7D4B64 		.ascii	"\232}Kd\272\243\320\205w/\313j)\224E\341\350\235\306"
 235      BAA3D085 
 235      772FCB6A 
 235      299445E1 
 235      E89DC6
 236 0444 BB9F87D4 		.ascii	"\273\237\207\324K)k\014\014\0026\356\376&\303\302\000"
 236      4B296B0C 
 236      0C0236EE 
 236      FE26C3C2 
 236      00
 237 0455 4CEF8C1C 		.ascii	"L\357\214\034\335f\000\267\030\211\265\212e\266\274"
 237      DD6600B7 
 237      1889B58A 
 237      65B6BC
 238 0464 FA75CD20 		.ascii	"\372u\315 \260e\304\267\227\022\334\"\332\226\321\036"
 238      B065C4B7 
 238      9712DC22 
 238      DA96D11E 
 239 0474 DB0C2AEE 		.ascii	"\333\014*\356\264\250$\307r[\365\312f\320p\277D\365"
 239      B4A824C7 
 239      725BF5CA 
 239      66D070BF 
 239      44F5
 240 0486 0B6E1169 		.ascii	"\013n\021ik\255Oj\006\023\252,Z\351\367([W=\006\230"
 240      6BAD4F6A 
 240      0613AA2C 
 240      5AE9F728 
ARM GAS  /var/folders/nx/qt6_p4ls4xzbnqkz75ny5wl40000gp/T//ccPMBxOj.s 			page 19


 240      5B573D06 
 241 049b A9749171 		.ascii	"\251t\221q\005=+l[\333W\241\006\232\362\316\024\331"
 241      053D2B6C 
 241      5BDB57A1 
 241      069AF2CE 
 241      14D9
 242 04ad BC6DFB36 		.ascii	"\274m\3736A\237g/\316+\215\032M\021\015,?n1\301\263"
 242      419F672F 
 242      CE2B8D1A 
 242      4D110D2C 
 242      3F6E31C1 
 243 04c2 94F66894 		.ascii	"\224\366h\224\313{',\270\023Ur\273>Mo\325$(\010qF\017"
 243      CB7B272C 
 243      B8135572 
 243      BB3E4D6F 
 243      D5242808 
 244 04d9 27D7BDDD 		.ascii	"'\327\275\335%\244w\014\376@\270\332\364R\303\023\314"
 244      25A4770C 
 244      FE40B8DA 
 244      F452C313 
 244      CC
 245 04ea 3B3B86B7 		.ascii	";;\206\267\021\035tctJ\314m\024\223Ac\361v\027\033\222"
 245      111D7463 
 245      744ACC6D 
 245      14934163 
 245      F176171B 
 246 04ff 2BF855C2 		.ascii	"+\370U\302\212\335\361\023\004S\020sW\203\004\215C\\"
 246      8ADDF113 
 246      04531073 
 246      5783048D 
 246      435C
 247 0511 0F4D29D1 		.ascii	"\017M)\321\214#\265O\245\334\031%\001\234tWY\032\017"
 247      8C23B54F 
 247      A5DC1925 
 247      019C7457 
 247      591A0F
 248 0524 8219933E 		.ascii	"\202\031\223>g<)\233p\307KG\240\026%\207\276\356(\264"
 248      673C299B 
 248      70C74B47 
 248      A0162587 
 248      BEEE28B4 
 249 0538 48F47DDE 		.ascii	"H\364}\336\275\243\362\341t\360\357m\277\007d\301\027"
 249      BDA3F2E1 
 249      74F0EF6D 
 249      BF0764C1 
 249      17
 250 0549 F8C4B5B9 		.ascii	"\370\304\265\271\305x\250\246xzDW\276\177\310:+WO\305"
 250      C578A8A6 
 250      787A4457 
 250      BE7FC83A 
 250      2B574FC5 
 251 055d 1FEC701E 		.ascii	"\037\354p\036\262\340/~%\202\032\230E9\376\223\336h"
 251      B2E02F7E 
 251      25821A98 
 251      4539FE93 
 251      DE68
 252 056f A8328192 		.ascii	"\2502\201\222b\315\253\015\317D\274\023\372\311\331"
ARM GAS  /var/folders/nx/qt6_p4ls4xzbnqkz75ny5wl40000gp/T//ccPMBxOj.s 			page 20


 252      62CDAB0D 
 252      CF44BC13 
 252      FAC9D9
 253 057e 915E6992 		.ascii	"\221^i\222\316\373\331O*\224d\356\340\354\275\356\276"
 253      CEFBD94F 
 253      2A9464EE 
 253      E0ECBDEE 
 253      BE
 254 058f 51D75DE3 		.ascii	"Q\327]\343\3777\203\013\275\031\\\204YH\3075\232{j\274"
 254      FF37830B 
 254      BD195C84 
 254      5948C735 
 254      9A7B6ABC 
 255 05a3 E5A93164 		.ascii	"\345\2511d\320E]bJ \312\313}\213\232\364\237\242p\036"
 255      D0455D62 
 255      4A20CACB 
 255      7D8B9AF4 
 255      9FA2701E 
 256 05b7 50FE49BE 		.ascii	"P\376I\276EMf\377=\027u\2457\203Z*j2\027e\221M\214m"
 256      454D66FF 
 256      3D1775A5 
 256      37835A2A 
 256      6A321765 
 257 05cf 5097FF90 		.ascii	"P\227\377\220\274\317T\232f\352\037\263\\O\203I\330"
 257      BCCF549A 
 257      66EA1FB3 
 257      5C4F8349 
 257      D8
 258 05e0 2C537D9B 		.ascii	",S}\233e:\372{\232\305E\3152]amn\227\030\332\314\030"
 258      653AFA7B 
 258      9AC545CD 
 258      325D616D 
 258      6E9718DA 
 259 05f6 B4365739 		.ascii	"\2646W93~)\251\363h\323e(1S\022\2436\236\301\300\324"
 259      337E29A9 
 259      F368D365 
 259      28315312 
 259      A3369EC1 
 260 060c 67A05F6A 		.ascii	"g\240_j\323hh\023\306~\225\265\371\271?m\306\376o\006"
 260      D3686813 
 260      C67E95B5 
 260      F9B93F6D 
 260      C6FE6F06 
 261 0620 F5BD1934 		.ascii	"\365\275\0314\2206ar\026\333\362_\222\364\263e\363\367"
 261      90366172 
 261      16DBF25F 
 261      92F4B365 
 261      F3F7
 262 0632 1C1D163C 		.ascii	"\034\035\026<:~\366\314f\207!\311\034\304y\353\026\216"
 262      3A7EF6CC 
 262      668721C9 
 262      1CC479EB 
 262      168E
 263 0644 47027A7D 		.ascii	"G\002z}u\213@\177\217n%\244[\204\324\315\355\321m\356"
 263      758B407F 
 263      8F6E25A4 
 263      5B84D4CD 
ARM GAS  /var/folders/nx/qt6_p4ls4xzbnqkz75ny5wl40000gp/T//ccPMBxOj.s 			page 21


 263      EDD16DEE 
 264 0658 A075FB85 		.ascii	"\240u\373\205\263\246\377.\340W\217n\245\206 \017Hb"
 264      B3A6FF2E 
 264      E0578F6E 
 264      A586200F 
 264      4862
 265 066a D4ADC3D0 		.ascii	"\324\255\303\320m\036R\243_\352\326j\300\346\263_\273"
 265      6D1E52A3 
 265      5FEAD66A 
 265      C0E6B35F 
 265      BB
 266 067b 57DD1A7B 		.ascii	"W\335\032{3h\"\335\346s-\355=\265,\030t-\315\314\244"
 266      336822DD 
 266      E6732DED 
 266      3DB52C18 
 266      742DCDCC 
 267 0690 11D335AE 		.ascii	"\021\3235\256\0053\367\314\307B.g\201\314\274\326\310"
 267      0533F7CC 
 267      C7422E67 
 267      81CCBCD6 
 267      C8
 268 06a1 7C11FB4D 		.ascii	"|\021\373M\367\232yK\357\375\256S\346\213\344.ty2_<"
 268      F79A794B 
 268      EFFDAE53 
 268      E68BE42E 
 268      7479325F 
 269 06b6 E8CC7F63 		.ascii	"\350\314\177c&\0231\335\350\233\371\022\316|\261o\346"
 269      261331DD 
 269      E89BF912 
 269      CE7CB16F 
 269      E6
 270 06c7 4BD92FEE 		.ascii	"K\331/\3565\363\326\336\373\375N\231/\3459\266\362\201"
 270      35F3D6DE 
 270      FBFD4E99 
 270      2FE539B6 
 270      F281
 271 06d9 CC077E8D 		.ascii	"\314\007~\215s\256<\036\227\341\021\212\263\333s\302"
 271      73AE3C1E 
 271      97E1118A 
 271      B3DB73C2 
 272 06e9 F339BB8C 		.ascii	"\3639\273\214\236\351\027S\376\370,\310\000y\016M$\261"
 272      9EE91753 
 272      FEF82CC8 
 272      00790E4D 
 272      24B1
 273 06fb 29F80FAD 		.ascii	")\370\017\255\312GG\233\323x\037[\216c\345M\302\307"
 273      CA47479B 
 273      D3781F5B 
 273      8E63E54D 
 273      C2C7
 274 070d F872E37C 		.ascii	"\370r\343|q.\224\240H\354!\237w)>\371#%\352\256s\236"
 274      712E94A0 
 274      48EC219F 
 274      77293EF9 
 274      2325EAAE 
 275 0723 4445E17E 		.ascii	"DE\341~\371\240\370e!J\242J\214\373E\2434> ~U\210&P"
 275      F9A0F865 
ARM GAS  /var/folders/nx/qt6_p4ls4xzbnqkz75ny5wl40000gp/T//ccPMBxOj.s 			page 22


 275      214AA24A 
 275      8CFB45A3 
 275      343E207E 
 276 073b 66FAE923 		.ascii	"f\372\351#\263%j\205\034\310\252-\273S\344i\204o\007"
 276      B3256A85 
 276      1CC8AA2D 
 276      BB53E469 
 276      846F07
 277 074e 6D5E41FC 		.ascii	"m^A\374N\262\202\213\262\323;f\035ltu\236T\345)L/\240"
 277      4EB2828B 
 277      B2D33B66 
 277      1D6C7475 
 277      9E54E529 
 278 0765 805E9CF7 		.ascii	"\200^\234\367\210\2600G\344\272\365k\326?\365\254#~"
 278      88B03047 
 278      E4BAF56B 
 278      D63FF5AC 
 278      237E
 279 0777 8363DDEA 		.ascii	"\203c\335\352XGB|b\322\006\307\263\317=\031\021\356"
 279      5847427C 
 279      62D206C7 
 279      B3CF3D19 
 279      11EE
 280 0789 78E28928 		.ascii	"x\342\211(\307#O?\366\324k\341\216\204\325\261+cc\327"
 280      C7234F3F 
 280      F6D46BE1 
 280      8E84D5B1 
 280      2B6363D7 
 281 079d 86BDAC68 		.ascii	"\206\275\254h\204\320\342VoxE\213\213_\033c\"\223h\216"
 281      84D0E256 
 281      6F78458B 
 281      8B5F1B63 
 281      2293688E 
 282 07b1 4F7A2321 		.ascii	"Oz#!&\321\022\277!!&fm\242)\341\325\204\265\211\332"
 282      26D112BF 
 282      21212666 
 282      6DA229E1 
 282      D584B589 
 283 07c6 EAD8A444 		.ascii	"\352\330\244Du\315\372$+]"
 283      75CDFA24 
 283      2B5D
 284 07d0 5084889B 		.ascii	"P\204\210\233#\342\302E\334\334\177\001G\213u\037"
 284      23E2C245 
 284      DCDC7F01 
 284      478B751F 
 285              		.text
 286              		.section	.gnu.lto_.symbol_nodes.a4a4593739921b44,"",%progbits
 287 0000 789C6366 		.ascii	"x\234cf``Pa\200\002\246\211L\365\014\014\023\31610\324"
 287      60605061 
 287      8002A689 
 287      4CF50C0C 
 287      13CE3130 
 288 0015 D733CC5B 		.ascii	"\3273\314[\300\301\3004\211\251\236\021Y\200\001\000"
 288      C0C1C034 
 288      89A99E11 
 288      59800100 
 289 0025 B3430996 		.ascii	"\263C\011\226"
ARM GAS  /var/folders/nx/qt6_p4ls4xzbnqkz75ny5wl40000gp/T//ccPMBxOj.s 			page 23


 290              		.text
 291              		.section	.gnu.lto_.refs.a4a4593739921b44,"",%progbits
 292 0000 789C6366 		.ascii	"x\234cf```d\200\002\000\000=\000\005"
 292      60606064 
 292      80020000 
 292      3D0005
 293              		.text
 294              		.section	.gnu.lto_.decls.a4a4593739921b44,"",%progbits
 295 0000 789CAD58 		.ascii	"x\234\255X{PT\327\031\277\347\236\335eY\226\305)j2N"
 295      7B5054D7 
 295      19BFE79E 
 295      DD655996 
 295      C5296A32 
 296 0015 DA12A6A5 		.ascii	"\332\022\246\245\266\023\263\010m\247\375\253\021\320"
 296      B613B308 
 296      6DA7FDAB 
 296      11D0
 297 0023 686A942C 		.ascii	"hj\224,\246\231L;\263%\260*S\004\006\326\216\371\357"
 297      A6994C3B 
 297      B325B02A 
 297      530406D6 
 297      8EF9EF
 298 0036 F28882A0 		.ascii	"\362\210\202\240 \250\001\025]\020\005\024\037\274|"
 298      20A80115 
 298      5D100514 
 298      1FBC7C
 299 0045 445E823C 		.ascii	"D^\202<\345%\020\361\021\345\021\025\025Ac@\301\010"
 299      E52510F1 
 299      11E51115 
 299      15416340 
 299      C108
 300 0057 F43BE7EC 		.ascii	"\364;\347\354\356\335\275,\306Lsg\276=\367;\347w\276"
 300      EEDDBD2C 
 300      C64C7367 
 300      BE3DF73B 
 300      E777BE
 301 006a D7F9CEF9 		.ascii	"\327\371\316\371\316]\314q\334j\304q3\360\274\267\220"
 301      CE5DCC71 
 301      DC6AC471 
 301      33F0BCB7 
 301      90
 302 007b E346788E 		.ascii	"\343Fx\216\303\320\027\310\211\017tq\367\200\226 n\326"
 302      C3D017C8 
 302      890F7471 
 302      F7809620 
 302      6ED6
 303 008d 43FADDCC 		.ascii	"C\372\335\314x\015\220\032h\020\350m\322\007\3705@\017"
 303      780D901A 
 303      6810E86D 
 303      D207F835 
 303      400F
 304 009f E15D07ED 		.ascii	"\341]\007\355\000\264A\320\376\032\350#\240u@\277\004"
 304      00B441D0 
 304      FE1AE823 
 304      A07540BF 
 304      04
 305 00b0 5A00FD7E 		.ascii	"Z\000\375~\320\366B{\021h\021\2747@\273\000\332K\320"
ARM GAS  /var/folders/nx/qt6_p4ls4xzbnqkz75ny5wl40000gp/T//ccPMBxOj.s 			page 24


 305      D0F6427B 
 305      116811BC 
 305      3740BB00 
 305      DA4BD0
 306 00c3 CE83B616 		.ascii	"\316\203\266\026Zwh\353\241]\010m#\264o@[\007\355|h"
 306      5A7768EB 
 306      A15D086D 
 306      23B46F40 
 306      5B07ED7C 
 307 00d8 6F407B0D 		.ascii	"o@{\015\350\033\240\353@7m\354\376\324\201\335\304\027"
 307      E81BA0EB 
 307      40376DEC 
 307      FED481DD 
 307      C417
 308 00ea 1789DD6F 		.ascii	"\027\211\335oC\337o\200~\007Tn\366\341\003\216\331H"
 308      43DF6F80 
 308      7E07546E 
 308      F6E1038E 
 308      D948
 309 00fc 7C509875 		.ascii	"|P\230u\023\275\304Fb\037\261\215\350Gs\304\347;\036"
 309      13BDC446 
 309      621FB18D 
 309      E84773C4 
 309      E73B1E
 310 010f 9D3F39D6 		.ascii	"\235?9\326\346r\237G\032\225\007a\277Jo\312T\000\253"
 310      E6729F47 
 310      1A950761 
 310      BF4A6FCA 
 310      5400AB
 311 0122 56C9085B 		.ascii	"V\311\010[\3618\345\212\222\216\326\250\010\237w9-\013"
 311      F138E58A 
 311      928ED6A8 
 311      089F7739 
 311      2D0B
 312 0134 D1E10244 		.ascii	"\321\341\002D\370\303\231\003=\252w\216\011\202\220"
 312      F8C39903 
 312      3DAA778E 
 312      098290
 313 0143 28D4CC13 		.ascii	"(\324\314\023\245^\2308\223\257\241\363\372)\256\244"
 313      A55E9838 
 313      93AFA1F3 
 313      FA29AEA4 
 314 0153 E2FEB81B 		.ascii	"\342\376\270\033\235\367\026a\373\252.\334S`g:T]5\321"
 314      9DF71661 
 314      FBAA2EDC 
 314      5360673A 
 314      545D35D1 
 315 0167 A0C26FD1 		.ascii	"\240\302o\321\367\224\304\376f\025\376-}\217=z!\305"
 315      F794C4FE 
 315      6615FE2D 
 315      7D8F3D7A 
 315      21C5
 316 0179 09A6BCAD 		.ascii	"\011\246\274\255\242\022\373\366O\3469S\226$\203\033"
 316      A212FBF6 
 316      4FE63953 
 316      9624831B 
 317 0189 74F14DF7 		.ascii	"t\361M\367\204\303\032\344\245\312\003\365O\356\247"
ARM GAS  /var/folders/nx/qt6_p4ls4xzbnqkz75ny5wl40000gp/T//ccPMBxOj.s 			page 25


 317      84C31AE4 
 317      A5CA03F5 
 317      4FEEA7
 318 0198 37BC2508 		.ascii	"7\274%\0102T\206T\3504\302\3508z\007L\241\263\311\223"
 318      32548654 
 318      E834C2E8 
 318      387A074C 
 318      A1B3C993 
 319 01ac 28087142 		.ascii	"(\010qBZ\274\340\334\244\341P>Z\204\012\320\"\016\225"
 319      5ABCE0DC 
 319      A4E1503E 
 319      5A840AD0 
 319      220E95
 320 01bf 222F4050 		.ascii	"\"/@P,*\206\316\022\350\004\301\365/\253\022\344H\345"
 320      2C2A86CE 
 320      12E804C1 
 320      F52FAB12 
 320      E448E5
 321 01d2 E578D219 		.ascii	"\345x\322\031\007\223\250\011\331_\244/$&\224\203\011"
 321      0793A809 
 321      D95FA42F 
 321      24269483 
 321      09
 322 01e3 A74413C0 		.ascii	"\247D\023\300\"k\\^\266\354;\257\306}\210zx(\355\300"
 322      226B5C5E 
 322      B6EC3BAF 
 322      C67D887A 
 322      7828EDC0 
 323 01f7 B81CDF65 		.ascii	"\270\034\337e\314\341\261\316\357\224\370\021c\362\366"
 323      CCE1B1CE 
 323      EF94F811 
 323      63F2F6
 324 0206 EC2D92D3 		.ascii	"\354-\222\323p)\011\233{\352\374'x\214\015\225\231\212"
 324      7029099B 
 324      7BEAFC27 
 324      788C0D95 
 324      998A
 325 0218 1A317EC1 		.ascii	"\0321~\301\230\313\203\023\337\253)n\036akG\216'k\360"
 325      98CB8313 
 325      DFAB296E 
 325      1E616B47 
 325      8E276BF0 
 326 022c 341B2B38 		.ascii	"4\033+8\262c\010\343x\2362Y\317[\033X\374\337\004\326"
 326      B26308E3 
 326      789E3259 
 326      CF5B1B58 
 326      FCDF04D6 
 327 0240 39E962C2 		.ascii	"9\351b\302=5\362d\217\273\227\011\374|\222Y8\275*#^"
 327      3D35F264 
 327      8FBB9709 
 327      FC7C9259 
 327      38BD2A23 
 328 0255 C87B93DA 		.ascii	"\310{\223\332\177\016\354oB\356\242\327\213\027q4\006"
 328      7F0EEC6F 
 328      42EEA2D7 
 328      8B177134 
 328      06
ARM GAS  /var/folders/nx/qt6_p4ls4xzbnqkz75ny5wl40000gp/T//ccPMBxOj.s 			page 26


 329 0266 E007819B 		.ascii	"\340\007\201\233f\362\025M\336\024Z!\205V\022\024\372"
 329      66F2154D 
 329      DE145A21 
 329      85561214 
 329      FA
 330 0277 8315FAD8 		.ascii	"\203\025\372\330\012=\353P\252\210\234\262\"/H\221_"
 330      0A3DEB50 
 330      AA889CB2 
 330      222F4891 
 330      5F
 331 0288 21890149 		.ascii	"!\211\001I\205\026l\225c\003l\260?X\345\236w,W4!\331"
 331      85166C95 
 331      63036CB0 
 331      3F58E59E 
 331      772C5734 
 332 029e 2AB65A0A 		.ascii	"*\266Z\012\255\021\241\273`\275\2054Ax\317\310\241\""
 332      AD11A1BB 
 332      60BD8534 
 332      4178CFC8 
 332      A122
 333 02b0 183F4187 		.ascii	"\030?A\207\010\032\026\0355C\206\324!Ot\021\250\001"
 333      081A161D 
 333      354386D4 
 333      214F7411 
 333      A801
 334 02c2 E812502D 		.ascii	"\350\022P-P=P#\362\244\311@2\246\177$_! 2\2153'\213"
 334      503D5023 
 334      F2A4C940 
 334      32A67F24 
 334      5F212032 
 335 02da 7507F129 		.ascii	"u\007\361)m{S\\\221\273\227#M\3502(\370\311\312R\302"
 335      6D7B535C 
 335      91BB9723 
 335      4DE83228 
 335      F8C9CA52 
 336 02ef 94A80526 		.ascii	"\224\250\005&\235\024S\223h\266\244\346\327Sm\277\302"
 336      9D145393 
 336      68B6A4E6 
 336      D7536DBF 
 336      C2
 337 0300 152C5DFA 		.ascii	"\025,]\372\247\322\312\344\270\2161\273[v\375\033\267"
 337      A7D2CAE4 
 337      B88E31BB 
 337      5B76FD1B 
 337      B7
 338 0311 B0F7D89A 		.ascii	"\260\367\330\232\023\335N4\217\376B\330\242\242\264"
 338      13DD4E34 
 338      8FFE42D8 
 338      A2A2B4
 339 0320 BD4EF80A 		.ascii	"\275N\370\012\033\033\252z$\360t,\220\260\017\252\037"
 339      1B1BAA7A 
 339      24F0742C 
 339      90B00FAA 
 339      1F
 340 0331 54B8E06B 		.ascii	"T\270\340kl\354\320\316\222Iv\254D\021v\244\366Y\242"
 340      6CECD0CE 
 340      924976AC 
ARM GAS  /var/folders/nx/qt6_p4ls4xzbnqkz75ny5wl40000gp/T//ccPMBxOj.s 			page 27


 340      441176A4 
 340      F659A2
 341 0344 13EE6363 		.ascii	"\023\356cce\325\245OY\022'\022^i\312\035\357\227!w\226"
 341      65D5A54F 
 341      59122712 
 341      5E69CA1D 
 341      EF972177 
 342 0359 9C76FE17 		.ascii	"\234v\376\027\202\377\307h\244\257\232\235\277\005\316"
 342      82FFC768 
 342      A4AF9A9D 
 342      BF05CE
 343 0368 F782A337 		.ascii	"\367\202\2437\200\256\001}\003t\035\350\246\331q\023"
 343      80AE017D 
 343      03741DE8 
 343      A6D97113 
 344 0378 71BCA070 		.ascii	"q\274\240p\215\000kJ|o\005\337\311\\k$\355\022P0\235"
 344      8D006B4A 
 344      7C6F05DF 
 344      C95C6B24 
 344      ED125030 
 345 038d FBBD19D8 		.ascii	"\373\275\031\330.\005v {d\223\005\331%EvK\220E\026d"
 345      2E057620 
 345      7B649305 
 345      D9254576 
 345      4B904516 
 346 03a2 9B145963 		.ascii	"\233\024Yc\237\247\202\251\325\002\355\221B\277\226"
 346      9FA782A9 
 346      D502ED91 
 346      42BF96
 347 03b1 422B2CD0 		.ascii	"B+,\320N)\364\212\015\224.|v!\311\262\253\016\262\014"
 347      4E29F48A 
 347      0D942E7C 
 347      7621C9B2 
 347      AB0EB20C 
 348 03c5 E58C159D 		.ascii	"\345\214\025\235u\302\367\350B\360u;[*4\222\224\263"
 348      75C2F7E8 
 348      42F0753B 
 348      5B2A3492 
 348      94B3
 349 03d7 841CF543 		.ascii	"\204\034\365C\244_7\352T\353\013H\267>\230p[L\267\253"
 349      A45F37EA 
 349      54EB0B48 
 349      B73E9870 
 349      5B4CB7AB 
 350 03eb B6E95676 		.ascii	"\266\351Vv4\026\271\233U\231\346R\305\275R\017\210y"
 350      3416B99B 
 350      5599E652 
 350      C5BD520F 
 350      8879
 351 03fd 3E3A96A9 		.ascii	">:\226\251Qo\027\017j4`\263e94\210\324f\344hei\206\\"
 351      516F170F 
 351      6A3460B3 
 351      65393488 
 351      D466E468 
 352 0415 C6B33EF4 		.ascii	"\306\263>\364OZ\336\2665O]t}c\0175\"^\230'C\201\013"
 352      4F5ADEB6 
 352      354F5D74 
ARM GAS  /var/folders/nx/qt6_p4ls4xzbnqkz75ny5wl40000gp/T//ccPMBxOj.s 			page 28


 352      7D630F35 
 352      225E9827 
 353 042c 6DE6DE41 		.ascii	"m\346\336Ao\300\357\267H\306\004\014\026\364^p\302O"
 353      6FC0EFB7 
 353      48C6040C 
 353      16F45E70 
 353      C24F
 354 043e 58D23E7D 		.ascii	"X\322>}\271\367\241\213\307A\301t\372\311t\362\250w"
 354      B9F7A18B 
 354      C741C174 
 354      FAC974F2 
 354      A877
 355 0450 96608A13 		.ascii	"\226`\212\023\246gf\020\235\205\356Z}\346\310;5\026"
 355      A6676610 
 355      9D85EE5A 
 355      7DE6C83B 
 355      3516
 356 0462 DD431E30 		.ascii	"\335C\0360\261\256)\347\246\234UF\236\010\272\321Q<"
 356      B1AE29E7 
 356      A69C5546 
 356      9E08BAD1 
 356      513C
 357 0474 A0A1D9FF 		.ascii	"\240\241\331\377\016a\367\036\273\037\212K0b\273$o\213"
 357      0E61F71E 
 357      BB1F8A4B 
 357      3062BB24 
 357      6F8B
 358 0486 0A6A50FC 		.ascii	"\012jP\374\353\325 \2301}sk\202\032W\263\351;J\367\355"
 358      EBD52098 
 358      317D736B 
 358      821A57B3 
 358      E93B4AF7 
 359 049b 53E27AC6 		.ascii	"S\342z\306L\244\0359\"\303\255\214\271\220S\370X\211"
 359      4CA41D39 
 359      22C3AD8C 
 359      B99053F8 
 359      5889
 360 04ad 7B1853DD 		.ascii	"{\030S\335\034\333\246\3027\030s3='_\203o3\246}:\355"
 360      1CDBA6C2 
 360      37187333 
 360      3D275F83 
 360      6F33A67D 
 361 04c3 A9131EC4 		.ascii	"\251\023\036\304v\245F\303J\315\276\336\273c\230\232"
 361      76A546C3 
 361      4ACDBEDE 
 361      BB63989A 
 362 04d3 4DBDD8D3 		.ascii	"M\275\330\323\262?U\216\3570h\332@z\267\014\217`\273"
 362      B23F558E 
 362      EF3068DA 
 362      407AB70C 
 362      8F60BB
 363 04e6 32EEC1CA 		.ascii	"2\356\301\312\370\227\303\023eJ\312\316\314`\222t\271"
 363      F897C313 
 363      654ACACE 
 363      CC609274 
 363      B9
 364 04f7 B73A079C 		.ascii	"\267:\007\234\255E\374\314]D*\350$\034\277\343b\336"
ARM GAS  /var/folders/nx/qt6_p4ls4xzbnqkz75ny5wl40000gp/T//ccPMBxOj.s 			page 29


 364      AD45FCCC 
 364      5D442AE8 
 364      241CBFE3 
 364      62DE
 365 0509 78D81671 		.ascii	"x\330\026q\010\207\274\000b\361\024\334\376\236\304"
 365      0887BC00 
 365      62F114DC 
 365      FE9EC4
 366 0518 620262E1 		.ascii	"b\002b\341a\216\3053\350|\316\212x\351\340h\262\312"
 366      618EC533 
 366      E87CCE8A 
 366      78E9E068 
 366      B2CA
 367 052a 2238BB7E 		.ascii	"\"8\273~'-\315?\200\3401Q\360$z\245\344\027\016%\243"
 367      272DCD3F 
 367      80E03151 
 367      F0247AA5 
 367      E4170E25 
 368 053f B38F5307 		.ascii	"\263\217S\007\021\236`\376%\357\036k\346\361K\312\310"
 368      119E60FE 
 368      25EF1E6B 
 368      E6F14BCA 
 368      C8
 369 0550 B65757CC 		.ascii	"\266WW\314G\236\356\236\346\212\232\364lU|\274\260\373"
 369      479EEE9E 
 369      E68A9AF4 
 369      6C557CBC 
 369      B0FB
 370 0562 4DAAF625 		.ascii	"M\252\366%\250\235\201\334\264J_,\251&&\341\275h\316"
 370      A89D81DC 
 370      B44A5F2C 
 370      A92626E1 
 370      BD68CE
 371 0575 26FD66CC 		.ascii	"&\375f\314\273-\226\367B\323\220\365\002o=\323\342L"
 371      BB2D96F7 
 371      42D390F5 
 371      026F3DD3 
 371      E24C
 372 0587 D7B7290A 		.ascii	"\327\267)\012\274\251\334)\207r\237\212\333\277#\037"
 372      BCA9DC29 
 372      87729F8A 
 372      DBBF231F 
 373 0597 290962F6 		.ascii	")\011b\366\356oy\3300\242\300q2j{\312\370\331\233\344"
 373      EE6F79D8 
 373      30A2C071 
 373      326A7BCA 
 373      F8D99BE4 
 374 05ab 4E309F1A 		.ascii	"N0\237\032\337\337\236\337\256\026\314\225\360;P\361"
 374      DFDF9EDF 
 374      AE16CC95 
 374      F03B50F1 
 375 05bb 053F7F8E 		.ascii	"\005?\177\216\262-\364\337\030\222\327\3041+\342\370"
 375      B22DF4DF 
 375      1892D7C4 
 375      312BE2F8 
 376 05cb 39A1E9E6 		.ascii	"9\241\351\346mF\366\272\350%\001\023/\267\202\227\361"
 376      6D46F6BA 
ARM GAS  /var/folders/nx/qt6_p4ls4xzbnqkz75ny5wl40000gp/T//ccPMBxOj.s 			page 30


 376      E8250113 
 376      2FB78297 
 376      F1
 377 05dc BC274AE0 		.ascii	"\274'J\340m\316\220\266mNpr\001d\266\355\271\251\217"
 377      6DCE90B6 
 377      6D4E7072 
 377      0164B6ED 
 377      B9A98F
 378 05ef 93DDE683 		.ascii	"\223\335\346\203\314\3309erv\002aN\306\265\334i\025"
 378      CCD83965 
 378      72760261 
 378      4EC6B5DC 
 378      6915
 379 0601 4EA0FEA2 		.ascii	"N\240\376\242\342KU\361.8\2111\302t\323\224+\336\311"
 379      E24B55F1 
 379      2E388931 
 379      C274D394 
 379      2BDEC9
 380 0614 18CB9558 		.ascii	"\030\313\225X\315\256\304\331\267\272\037\271\342\014"
 380      CDAEC4D9 
 380      B7BA1FB9 
 380      E20C
 381 0622 36565A95 		.ascii	"6VZ\225\230\241\302\231\214)\030lOw\245\300\305\300"
 381      98A1C299 
 381      8C29186C 
 381      4F77A5C0 
 381      C5C0
 382 0634 BAE6E68E 		.ascii	"\272\346\346\216?TX\012\327\354\3525\004\366\335\247"
 382      3F54580A 
 382      D7ECEA35 
 382      04F6DDA7 
 383 0644 F6A5F26C 		.ascii	"\366\245\362le\367\203\317\273\301\304}@{\200\322\200"
 383      65F783CF 
 383      BBC1C47D 
 383      407B80D2 
 383      80
 384 0655 76016500 		.ascii	"v\001e\000e\001\245\003\355\005\372\022(\323\272\372"
 384      6501A503 
 384      ED05FA12 
 384      28D3BAFA 
 385 0665 09F1FD2D 		.ascii	"\011\361\375-\346\305y\010\2133\012\213C\004\316qSJ"
 385      E6C57908 
 385      8B330A8B 
 385      4304CE71 
 385      534A
 386 0677 88375DA6 		.ascii	"\2107]\246\267\037\202},\305\332]\325\000\372\215\025"
 386      B71F827D 
 386      2CC5DA5D 
 386      D500FA8D 
 386      15
 387 0688 9AC44BA0 		.ascii	"\232\304K\2405R\261\255V\354\023\307bm\260\325V\354"
 387      3552B1AD 
 387      56EC13C7 
 387      626DB0D5 
 387      56EC
 388 069a B014BBD8 		.ascii	"\260\024\273\330\336\202f+r\304\261c\"\364\226\025\272"
 388      DE82662B 
ARM GAS  /var/folders/nx/qt6_p4ls4xzbnqkz75ny5wl40000gp/T//ccPMBxOj.s 			page 31


 388      72C4B163 
 388      22F49615 
 388      BA
 389 06ab 5D6A6C32 		.ascii	"]jl2o\017\275m\205\2468\206\332\330\332g\305\356\220"
 389      6F0FBD6D 
 389      85A63886 
 389      DAD8DA67 
 389      C5EE90
 390 06be 6277DA89 		.ascii	"bw\332\211\215\355\277\231o\250I\300h\033\344[\242\343"
 390      8DEDBF99 
 390      6FA849C0 
 390      681BE45B 
 390      A2E3
 391 06d0 78594DE8 		.ascii	"xYM\350o\262Y\263G\016\203`S\262+\351\305\020 \263/"
 391      6FB259B3 
 391      470E8360 
 391      53B22BE9 
 391      C51020B3 
 392 06e5 86078F8E 		.ascii	"\206\007\217\216\015\273 /w\212\273\277A\211\262A\320"
 392      0DBB202F 
 392      778ABBBF 
 392      4189B241 
 392      D0
 393 06f6 03F14C23 		.ascii	"\003\361L#\223\350\343(\367\320\001H\271\377'\375 \353"
 393      93E8E328 
 393      F7D00148 
 393      B9FF27FD 
 393      20EB
 394 0708 275BB66E 		.ascii	"'[\266ns\305\007\330\026\330Qq\350\251\263]\375\315"
 394      73C507D8 
 394      16D85171 
 394      E8A9B35D 
 394      FDCD
 395 071a E66DEBEF 		.ascii	"\346m\353\357!^m6\014L\277\375\305p\012\034\311jjza"
 395      215E6D36 
 395      0C4CBFFD 
 395      C5700A1C 
 395      C96A6A7A 
 396 072f B2065CCC 		.ascii	"\262\006\\\314\201\361\203\274\325x\2003\343\347\222"
 396      81F183BC 
 396      D5788033 
 396      E3E792
 397 073e 884C60B4 		.ascii	"\210L`\264\255P\224\336\325Z\352\202\363\2519\374\311"
 397      AD5094DE 
 397      D55AEA82 
 397      F3A939FC 
 397      C9
 398 074f 737D8F95 		.ascii	"s}\217\225\346C\277\177\246Y\005\032\362x\025\312\025"
 398      E643BF7F 
 398      A659051A 
 398      F27815CA 
 398      15
 399 0760 3594A357 		.ascii	"5\224\243W~\021\036\346\035\026\326\323\265\265\013"
 399      7E111EE6 
 399      1D16D6D3 
 399      B5B50B
 400 076f 7019D3B1 		.ascii	"p\031\323\2615\347e\241\253Y\207)\305\005\241|\320p"
ARM GAS  /var/folders/nx/qt6_p4ls4xzbnqkz75ny5wl40000gp/T//ccPMBxOj.s 			page 32


 400      35E765A1 
 400      AB598729 
 400      C505A17C 
 400      D070
 401 0781 E4B5351C 		.ascii	"\344\2655\034u\254\241\247\347E\035\246\327\023\"\216"
 401      75ACA1A7 
 401      E7451DA6 
 401      D713228E 
 402 0791 5D4F5253 		.ascii	"]ORSG+\235h\037q\242\200\247\235\003\267\223\017\262"
 402      472B9D68 
 402      1F71A280 
 402      A79D03B7 
 402      930FB2
 403 07a4 7B0C895D 		.ascii	"{\014\211]!\353|q&\273S5\347E\3468O.2\307x\363E\246"
 403      21EB7C71 
 403      26BB5335 
 403      E745E638 
 403      4F2E32C7 
 404 07bc E362C51E 		.ascii	"\343b\305\0367\\\311\026\260\244\240\343\260\253\371"
 404      375CC916 
 404      B0A4A0E3 
 404      B0ABF9
 405 07cb 22337C6A 		.ascii	"\"3|j\251"
 405      A9
 406 07d0 CD450666 		.ascii	"\315E\006f\241\"^\274\310\300;\273\310\234\340\311E"
 406      A1225EBC 
 406      C8C03BBB 
 406      C89CE0C9 
 406      45
 407 07e1 A6352B2F 		.ascii	"\2465+/\217]\010L\244\220\243\2313\275\003\354\257\201"
 407      8F5D084C 
 407      A490A399 
 407      33BD03EC 
 407      AF81
 408 07f3 3FD20B42 		.ascii	"?\322\013B{o\222\034w3%q\235\217\276u\303}\346\2636"
 408      7B6F921C 
 408      77332571 
 408      9D8FBE75 
 408      C37DE6B3 
 409 0808 752801E3 		.ascii	"u(\001\343A\306$\245\307\017)\361\020c\272\013\322\022"
 409      41C624A5 
 409      C70F29F1 
 409      1063BA0B 
 409      D212
 410 081a 95789831 		.ascii	"\225x\2301\223\355C\345\030\2171\246<u\350\220\014O"
 410      93ED43E5 
 410      188F31A6 
 410      3C75E890 
 410      0C4F
 411 082c 31A6BE77 		.ascii	"1\246\276w\353\003\005\206/t\302\\\317\337\226\241\304"
 411      EB030586 
 411      2F74C25C 
 411      CFDF96A1 
 411      C4
 412 083d 298CD975 		.ascii	")\214\331ud\367V\036\357fLuC{\2563\316b\314\370x*\224"
 412      64F7561E 
 412      EF664C75 
ARM GAS  /var/folders/nx/qt6_p4ls4xzbnqkz75ny5wl40000gp/T//ccPMBxOj.s 			page 33


 412      437BAE33 
 412      CE62CCF8 
 413 0854 A66CC634 		.ascii	"\246l\3064\347\355\237\324\340#\214y6\324Q\203\360q"
 413      E7ED9FD4 
 413      E0238C79 
 413      36D45183 
 413      F071
 414 0866 C6F43DEF 		.ascii	"\306\364=\357\253e\3377\336\300\272M\016\337\351r\266"
 414      AB65DF37 
 414      DEC0BA4D 
 414      0EDFE972 
 414      B6
 415 0877 7C277BD2 		.ascii	"|'{\322\223\335\313\223\354\346'\017\312\307\376VX\""
 415      93DDCB93 
 415      ECE6270F 
 415      CAC7FE56 
 415      5822
 416 0889 90DD4F36 		.ascii	"\220\335O6t1\304\251\361\025\247\332\364)\313\231R\342"
 416      7431C4A9 
 416      F115A7DA 
 416      F429CB99 
 416      52E2
 417 089b 106973FC 		.ascii	"\020is\374d\026\207Z\244VH\261;\245g\325v\021|F\012"
 417      6416875A 
 417      A45648B1 
 417      3BA567D5 
 417      76117C46 
 418 08b0 9E7508EF 		.ascii	"\236u\010\357\024\301_I\301\263N\301D\021\\&\005\317"
 418      14C15F49 
 418      C1B34EC1 
 418      44115C26 
 418      05CF
 419 08c2 AA304922 		.ascii	"\2520I\"\270\334\261\031b(v\210\330\363\216\255\230"
 419      B8DCB119 
 419      62287688 
 419      D8F38EAD 
 419      98
 420 08d3 F5857D92 		.ascii	"\365\205}\222_\204N\321\241F\363\321\325\012\233\250"
 420      5F844ED1 
 420      A146F3D1 
 420      D50A9BA8 
 421 08e3 1A8EA51A 		.ascii	"\032\216\245\032\240&\240K@\365@\265@m@-@\015@u@\315"
 421      A026A04B 
 421      40F540B5 
 421      406D402D 
 421      400D4075 
 422 08f9 4017812E 		.ascii	"@\027\201.\333TP\323\214uAJ\035{'\032\234*\032|\301"
 422      DB5450D3 
 422      8C75414A 
 422      1D7B271A 
 422      9C2A1A7C 
 423 090e F18288D8 		.ascii	"\361\202\210\330\024\021{N\212\235U@\263Dp\245\024\\"
 423      14117B4E 
 423      8A9D5540 
 423      B34470A5 
 423      145C
 424 0920 250AA667 		.ascii	"%\012\246g\331\017\247HAh\234U\020hiI.\316C\260qk\021"
ARM GAS  /var/folders/nx/qt6_p4ls4xzbnqkz75ny5wl40000gp/T//ccPMBxOj.s 			page 34


 424      D90FA748 
 424      41689C55 
 424      10686949 
 424      2ECE43B0 
 425 0937 9575D6B1 		.ascii	"\225u\326\261b*\213\\\270o\324\235\305\222\257<K\200"
 425      622A8B5C 
 425      B86FD49D 
 425      C592AF3C 
 425      4B80
 426 0949 5107C4F5 		.ascii	"Q\007\304\365\347\2101\265y_\261\032ln\007q\247\305"
 426      E78831B5 
 426      795FB11A 
 426      6C6E0771 
 426      A7C5
 427 095b D3B19117 		.ascii	"\323\261\221\027\277\001gr\272\376aW;\332\355jG'+\006"
 427      BF016772 
 427      BAFE6157 
 427      3BDAED6A 
 427      47272B06 
 428 096f A405F089 		.ascii	"\244\005\360\211\276\352\253\330\356\203\321\321\337"
 428      BEEAABD8 
 428      EE83D1D1 
 428      DF
 429 097c 21DC8FFE 		.ascii	"!\334\217\376\027BN\363\342\253#\274\235\342+v\212\273"
 429      17424EF3 
 429      E2AB23BC 
 429      9DE22B76 
 429      8ABB
 430 098e CC8ABBA8 		.ascii	"\314\212\273\250\342\256\232\204&\215C\305\334\353k"
 430      E2AE9A84 
 430      268D43C5 
 430      DCEB6B
 431 099d 45DDBC3B 		.ascii	"E\335\274;\310\332o\352\374R\2552\027\206\304\037\377"
 431      C8DA6FEA 
 431      FC52AD32 
 431      1786C41F 
 431      FF
 432 09ae A6433DBC 		.ascii	"\246C=\274\212\034r\243-Un\364\314\007\223\314\305\341"
 432      8A1C72A3 
 432      2D556EF4 
 432      CC0793CC 
 432      C5E1
 433 09c0 C133414D 		.ascii	"\3013AM\273H5\374\232\225\201\342\003'J\235\347,\003"
 433      BB4835FC 
 433      9A9581E2 
 433      03274A9D 
 433      E72C03
 434 09d3 BDB40C5C 		.ascii	"\275\264\014\\\265\224\201\312\272\361+\256\370.;\370"
 434      B59481CA 
 434      BAF12BAE 
 434      F82E3BF8 
 435 09e3 1ABFEFB9 		.ascii	"\032\277\357\271\303C\031\250\2012p\274Oc-\003<\231"
 435      C34319A8 
 435      813270BC 
 435      4F632D03 
 435      3C99
 436 09f5 85AED994 		.ascii	"\205\256\331\224\201k\2262p\235\367\340\024\357\257"
ARM GAS  /var/folders/nx/qt6_p4ls4xzbnqkz75ny5wl40000gp/T//ccPMBxOj.s 			page 35


 436      816B9632 
 436      709DF7E0 
 436      14EFAF
 437 0a04 F9D8C39F 		.ascii	"\371\330\303\237\373E\214q\223\257\217~CTX\244>\306"
 437      FB458C71 
 437      93AF8F7E 
 437      435458A4 
 437      3EC6
 438 0a16 60DC1CA5 		.ascii	"`\334\034\2457*7\207E\030\241\317\250\322\353-\257\377"
 438      372A3787 
 438      4518A1CF 
 438      A8D2EB2D 
 438      AFFF
 439 0a28 D26E8E89 		.ascii	"\322n\216\211\326\206G\206\004\207k\375\015\341\341"
 439      D6864786 
 439      04876BFD 
 439      0DE1E1
 440 0a37 C1D1DAE0 		.ascii	"\301\321\332\340\350MK\"\"#\014K\014\301\237\205-\331"
 440      E84D4B22 
 440      22230C4B 
 440      0CC19F85 
 440      2DD9
 441 0a49 1012A2F5 		.ascii	"\020\022\242\365\361^\372'\357\277\372,\265\037\322"
 441      F15EFA27 
 441      EFBFFA2C 
 441      B51FD2
 442 0a58 86458484 		.ascii	"\206E\204\204o\0165h7\005\207l\014\2130h\365\241\206"
 442      6F0E3568 
 442      3705876C 
 442      0C8B3068 
 442      F5A186
 443 0a6b F5C19BC3 		.ascii	"\365\301\233\303\215z\343\347Q\206\230w7r\037\375\014"
 443      8D7AE3E7 
 443      51869877 
 443      37721FFD 
 443      0C
 444 0a7c C2633E8F 		.ascii	"\302c>\217\321\352c\214\241`/H\224o\212\0145D+\"\211"
 444      D1EA638C 
 444      A1602F48 
 444      946F8A0C 
 444      35442B22 
 445 0a91 8668A7C8 		.ascii	"\206h\247\310\230(\203!4Z\036\2659*4\032G\206F\313\202"
 445      98288321 
 445      345A1EB5 
 445      392A341A 
 445      478646CB 
 446 0aa6 D7478793 		.ascii	"\327G\207\223\237\215\276\357\276\253\365\337\030\366"
 446      9F8DBEEF 
 446      BEABF5DF 
 446      18F6
 447 0ab4 59D8DA20 		.ascii	"Y\330\332 md\214v#X\020\025\031m\214\321\006\255\373"
 447      6D648C76 
 447      23581015 
 447      196D8CD1 
 447      06ADFB
 448 0ac7 D0D747BB 		.ascii	"\320\327G\273zu\200\366\375\300Uk\377\353\243\215\012"
 448      7A7580F6 
ARM GAS  /var/folders/nx/qt6_p4ls4xzbnqkz75ny5wl40000gp/T//ccPMBxOj.s 			page 36


 448      FDC0556B 
 448      FFEBA38D 
 448      0A
 449 0ad8 0ED78787 		.ascii	"\016\327\207\207\207\202pE\340\262\200`c\260\"\320\217"
 449      87827045 
 449      E0B28060 
 449      63B022D0 
 449      8F
 450 0ae9 35FEAC09 		.ascii	"5\376\254\011`\315r\326\254 \215s\340\262\325\376\221"
 450      60CD72D6 
 450      AC208D73 
 450      E0B2D5FE 
 450      91
 451 0afa 11EBC336 		.ascii	"\021\353\3036\270\352\315\363\365a\021a\306\237\256"
 451      B8EACDF3 
 451      F5611161 
 451      C69FAE
 452 0b09 358453DB 		.ascii	"5\204S\333,\224Q\376\341\332\200\345:\305\332u\237\006"
 452      2C9451FE 
 452      E1DA80E5 
 452      3AC5DA75 
 452      9F06
 453 0b1b 2ED739AD 		.ascii	".\3279\255\015\012\\\276<@'\017\37480@\207W\001\255"
 453      0D0A5CBE 
 453      3C40270F 
 453      FC383040 
 453      875701AD 
 454 0b2f 0DD0A14F 		.ascii	"\015\320\241O\350:.\375\263u\035\311+\2065\226\207\204"
 454      E83A2EFD 
 454      B3751DC9 
 454      2B863596 
 454      8784
 455 0b41 1B82A3D1 		.ascii	"\033\202\243\321J\231_\220N'[\355\377w\235l\331\012"
 455      4A995F90 
 455      4E275BED 
 455      FF779D6C 
 455      D90A
 456 0b53 DD6AF2B3 		.ascii	"\335j\362\263\022\373\351t\252\260HbMX\250\336\250f"
 456      12FBE974 
 456      AAB04862 
 456      4D58A8DE 
 456      A866
 457 0b65 AF9B8263 		.ascii	"\257\233\202c\376\003y\021\026I\302\2527.\260:\003\322"
 457      FE037911 
 457      1649C2AA 
 457      372EB03A 
 457      03D2
 458 0b77 3644476E 		.ascii	"6DGn\216\"\375.:\177\177\375:\010x\200a=\357\257\223"
 458      8E22FD2E 
 458      3A7F7FFD 
 458      3A087880 
 458      613DEFAF 
 459 0b8c F9AF785F 		.ascii	"\371\257x_\207\375W\351\224\313\002\375|tA\353\350\313"
 459      87FD57E9 
 459      94CB02FD 
 459      7C7441EB 
 459      E8CB
ARM GAS  /var/folders/nx/qt6_p4ls4xzbnqkz75ny5wl40000gp/T//ccPMBxOj.s 			page 37


 460 0b9e 52F2A258 		.ascii	"R\362\242X\266\322o\371\032\235\023\0310\267K\241\225"
 460      B6D26FF9 
 460      1A9D1319 
 460      30B74BA1 
 460      95
 461 0baf F905F8C3 		.ascii	"\371\005\370\303\214 \350X\351Gpr\"\302\207\376\372"
 461      8C20E858 
 461      E9477072 
 461      22C287FE 
 461      FA
 462 0bc0 4A4266D8 		.ascii	"JBf\330b\324\372\177\030\264*\010B\306\242\266\302w"
 462      62D4FA7F 
 462      18B42A08 
 462      42C6A2B6 
 462      C277
 463 0bd2 CB162D8D 		.ascii	"\313\026-\215\321z_o\337-!\260PJ\022k\022\260\377\001"
 463      D17A5F6F 
 463      DF2D21B0 
 463      504A126B 
 463      12B0FF01 
 464 0be6 795232CE 		.ascii	"yR2\316"
 465              		.text
 466              		.section	.gnu.lto_.symtab.a4a4593739921b44,"",%progbits
 467 0000 5F70616C 		.ascii	"_pal_lld_init\000\000\000\000\000\000\000\000\000\000"
 467      5F6C6C64 
 467      5F696E69 
 467      74000000 
 467      00000000 
 468 0017 0000E600 		.ascii	"\000\000\346\000\000\000_pal_lld_setgroupmode\000\000"
 468      00005F70 
 468      616C5F6C 
 468      6C645F73 
 468      65746772 
 469 0034 00000000 		.ascii	"\000\000\000\000\000\000\000\000\000\000-\001\000\000"
 469      00000000 
 469      00002D01 
 469      0000
 470              		.text
 471              		.section	.gnu.lto_.opts,"",%progbits
 472 0000 272D666E 		.ascii	"'-fno-trapv' '-mcpu=cortex-m4' '-mno-thumb-interwor"
 472      6F2D7472 
 472      61707627 
 472      20272D6D 
 472      6370753D 
 473 0033 6B272027 		.ascii	"k' '-mthumb' '-ggdb' '-O2' '-fomit-frame-pointer' '"
 473      2D6D7468 
 473      756D6227 
 473      20272D67 
 473      67646227 
 474 0066 2D66616C 		.ascii	"-falign-functions=16' '-ffunction-sections' '-fdata"
 474      69676E2D 
 474      66756E63 
 474      74696F6E 
 474      733D3136 
 475 0099 2D736563 		.ascii	"-sections' '-fno-common' '-flto'\000"
 475      74696F6E 
 475      73272027 
ARM GAS  /var/folders/nx/qt6_p4ls4xzbnqkz75ny5wl40000gp/T//ccPMBxOj.s 			page 38


 475      2D666E6F 
 475      2D636F6D 
 476              		.text
 477              		.comm	__gnu_lto_v1,1,1
 478              		.comm	__gnu_lto_slim,1,1
 479              		.ident	"GCC: (GNU Tools for ARM Embedded Processors) 4.9.3 20150529 (release) [ARM/embedded-4_9-br
ARM GAS  /var/folders/nx/qt6_p4ls4xzbnqkz75ny5wl40000gp/T//ccPMBxOj.s 			page 39


DEFINED SYMBOLS
                            *ABS*:0000000000000000 pal_lld.c
                            *COM*:0000000000000001 __gnu_lto_v1
                            *COM*:0000000000000001 __gnu_lto_slim

NO UNDEFINED SYMBOLS
