ARM GAS  /var/folders/nx/qt6_p4ls4xzbnqkz75ny5wl40000gp/T//ccjOYUk7.s 			page 1


   1              		.syntax unified
   2              		.cpu cortex-m4
   3              		.fpu softvfp
   4              		.eabi_attribute 20, 1
   5              		.eabi_attribute 21, 1
   6              		.eabi_attribute 23, 3
   7              		.eabi_attribute 24, 1
   8              		.eabi_attribute 25, 1
   9              		.eabi_attribute 26, 1
  10              		.eabi_attribute 30, 2
  11              		.eabi_attribute 34, 1
  12              		.eabi_attribute 18, 4
  13              		.thumb
  14              		.file	"st.c"
  15              		.text
  16              	.Ltext0:
  17              		.section	.gnu.lto_.profile.4c50ae857ab3ff83,"",%progbits
  18 0000 789C6366 		.ascii	"x\234cf```a\200\000F\006)\036\000\000\264\000/"
  18      60606061 
  18      80004606 
  18      291E0000 
  18      B4002F
  19              		.text
  20              		.section	.gnu.lto_.jmpfuncs.4c50ae857ab3ff83,"",%progbits
  21 0000 789C6366 		.ascii	"x\234cf\300\016\304\2404+\210`\004\202z&\006\006f\020"
  21      C00EC4A0 
  21      342B8860 
  21      04827A26 
  21      06066610 
  22 0014 CD021400 		.ascii	"\315\002\024\000\000\015^\001-"
  22      000D5E01 
  22      2D
  23              		.text
  24              		.section	.gnu.lto_.inline.4c50ae857ab3ff83,"",%progbits
  25 0000 789C6366 		.ascii	"x\234cf\300\016R\2414+\003\003\013\017#\003\023\220"
  25      C00E52A1 
  25      342B0303 
  25      0B0F2303 
  25      1390
  26 0012 C9B6401E 		.ascii	"\311\266@\036D10r\201\010\0066V\2400\333\007=\2708\023"
  26      44313072 
  26      81080636 
  26      56A030DB 
  26      073DB838 
  27 0027 030B3350 		.ascii	"\003\0133P\210\351\002?\\\210\031S\210\005S\210\001"
  27      88E9023F 
  27      5C881953 
  27      88055388 
  27      01
  28 0038 0099C708 		.ascii	"\000\231\307\010l"
  28      6C
  29              		.text
  30              		.section	.gnu.lto_.pureconst.4c50ae857ab3ff83,"",%progbits
  31 0000 789C6366 		.ascii	"x\234cf``\340f\200\000V\006\011F)&)f)\026)\000\004\004"
  31      6060E066 
  31      80005606 
  31      09462926 
ARM GAS  /var/folders/nx/qt6_p4ls4xzbnqkz75ny5wl40000gp/T//ccjOYUk7.s 			page 2


  31      29662916 
  32 0018 009E     		.ascii	"\000\236"
  33              		.text
  34              		.section	.gnu.lto_stInit.4c50ae857ab3ff83,"",%progbits
  35 0000 789C6366 		.ascii	"x\234cf\300\004R@\274\020\210e\201\230\221\231\201\221"
  35      C0045240 
  35      BC108865 
  35      81989199 
  35      8191
  36 0012 69C23906 		.ascii	"i\3029\006\206F\016&FF\020\203\201\221\241\236\211\261"
  36      86460E26 
  36      46461083 
  36      8191A19E 
  36      89B1
  37 0024 9EF125D3 		.ascii	"\236\361%\323G&\306\011\007V\317\340V_\332\320\320\360"
  37      4726C609 
  37      0756CFE0 
  37      565FDAD0 
  37      D0F0
  38 0036 E1D0F9C6 		.ascii	"\341\320\371\306\200\003\214?\231\030\030>3A\314a\\"
  38      80038C3F 
  38      9918183E 
  38      3341CC61 
  38      5C
  39 0047 CEA8CE00 		.ascii	"\316\250\316\000T\364\261\345\357un\266\026\240\"\001"
  39      54F4B1E5 
  39      EF756EB6 
  39      16A02201 
  40 0057 881CE30A 		.ascii	"\210\034\343\012F6F \275^\350@\303\377\377\217\247\376"
  40      46364620 
  40      BD5EE840 
  40      C3FFFF8F 
  40      A7FE
  41 0069 D1676660 		.ascii	"\321gf`x\002\224\001\231\377\224\211\011D3\337al>\360"
  41      78029401 
  41      99FF9489 
  41      094433DF 
  41      616C3EF0 
  42 007d 9717A414 		.ascii	"\227\027\244\024d\306\274\313}\353\230j\1777t4p\374"
  42      64C6BCCB 
  42      7DEB986A 
  42      7F377434 
  42      70FC
  43 008f 6462FCCC 		.ascii	"db\374\314\004\324\316\270\222\261\226\341'P\365=\306"
  43      04D4CEB8 
  43      92B196E1 
  43      2750F53D 
  43      C6
  44 00a0 C603FF59 		.ascii	"\306\003\377Y\301*\031@\3460\202\364\003M\223\326\323"
  44      C12A1940 
  44      E63082F4 
  44      034D93D6 
  44      D3
  45 00b1 D377CEC8 		.ascii	"\323w\316\310L\312\364\017\326\317/\326\317H\314\321"
  45      4CCAF40F 
  45      D6CF2FD6 
  45      CF48CCD1 
ARM GAS  /var/folders/nx/qt6_p4ls4xzbnqkz75ny5wl40000gp/T//ccjOYUk7.s 			page 3


  46 00c1 2F2E4AD6 		.ascii	"/.J\326/.\321Kf\000\000\316qCw"
  46      2F2ED14B 
  46      660000CE 
  46      714377
  47              		.text
  48              		.section	.gnu.lto_stStartAlarm.4c50ae857ab3ff83,"",%progbits
  49 0000 789C9D51 		.ascii	"x\234\235Q\321KSa\024\377~\337\275\273\033LLz\032\013"
  49      D14B5361 
  49      14FF7EDF 
  49      BDBB1B4C 
  49      4C7A1A0B 
  50 0014 2A18E64B 		.ascii	"*\030\346K\333\305\372\007\202z\011\224\036\3641\010"
  50      DBC5FA07 
  50      827A0994 
  50      1EF43108 
  51 0024 35618385 		.ascii	"5a\203\205\341\035\275\372mm=\004\345H*!\006\205\014"
  51      E11DBDFA 
  51      6D6D3D04 
  51      E5482A21 
  51      06850C
  52 0037 CB79D55C 		.ascii	"\313y\325\\\266T\202[\022IQ\243\036\012\022l\017\013"
  52      B654825B 
  52      124951A3 
  52      1E0A126C 
  52      0F0B
  53 0049 CA20664A 		.ascii	"\312 fJr\005]\347\273\335 \363%\272\360\335\363\235"
  53      72055DE7 
  53      BBDD20F3 
  53      25BAF0DD 
  53      F39D
  54 005b 737EE777 		.ascii	"s~\347w~\347|\012\333\375\005\351\230\234\261\323d\241"
  54      7EE77C0A 
  54      DBFD05E9 
  54      989CB1D3 
  54      64A1
  55 006d 30F0EC6B 		.ascii	"0\360\354k\306\222>\016\310\013\003\033\340\030\300"
  55      C6923E0E 
  55      C80B031B 
  55      E018C0
  56 007c 17BECA91 		.ascii	"\027\276\312\221\265\012\303\376\226\274\020\242\366"
  56      B50AC3FE 
  56      96BC10A2 
  56      F6
  57 0089 B618C804 		.ascii	"\266\030\310\004l*[\343\277h0\212\026\202\014^\315\\"
  57      6C2A5BE3 
  57      BF68308A 
  57      16820C5E 
  57      CD5C
  58 009b 81B21F8C 		.ascii	"\201\262\037\214\356\263\023\353\257\374\237\271\315"
  58      EEB313EB 
  58      AFFC9FB9 
  58      CD
  59 00a8 7150BA73 		.ascii	"qP\272s\327\026\2075\351rU\272\233\327\027/z\232G\204"
  59      D7168735 
  59      E97255BA 
  59      9BD7172F 
  59      7A9A4784 
ARM GAS  /var/folders/nx/qt6_p4ls4xzbnqkz75ny5wl40000gp/T//ccjOYUk7.s 			page 4


  60 00bc 48598FA7 		.ascii	"HY\217\247\3051\325\346\012\356B!>\334C\020c\0102\012"
  60      C531D5E6 
  60      0AEE4221 
  60      3EDC4310 
  60      6308320A 
  61 00d0 3114D02C 		.ascii	"1\024\320,\341\253\351\255\367~-M\275\233\266~\267\305"
  61      E1ABE9AD 
  61      F77E2D4D 
  61      BD9BB67E 
  61      B7C5
  62 00e2 3834909D 		.ascii	"84\220\235\334k\211z}dt|F\325H\267\254`U\002\310\001"
  62      DC6B897A 
  62      7D64747C 
  62      46D548B7 
  62      AC605502 
  63 00f8 3E712EAD 		.ascii	">q.\255\362\016\251&\311S\314o^\206r\310\021\270T*m"
  63      F20EA926 
  63      C953CC6F 
  63      5E8672C8 
  63      11B8542A 
  64 010d 3784EE90 		.ascii	"7\204\356\220\204Jn\241\327J\337\026\333\365:\244\020"
  64      844A6EA1 
  64      D74ADF16 
  64      DBF53AA4 
  64      10
  65 011e 73A71077 		.ascii	"s\247\020w\304\011\2046\210\356\003\236\336\260\315"
  65      C4098436 
  65      88EE039E 
  65      DEB0CD
  66 012d F94CE30E 		.ascii	"\371L\343\016Y\225\374J@\"\034Uk\034\177\211f\230\204"
  66      5995FC4A 
  66      40221C55 
  66      6B1C7F89 
  66      669884
  67 0140 461C53D0 		.ascii	"F\034S\320(\361\355\345\363K\036\271\013\225r\302\331"
  67      28F1EDE5 
  67      F34B1EB9 
  67      0B9572C2 
  67      D9
  68 0151 C7C76AF9 		.ascii	"\307\307j\371\215\317\0111\351\336,\177\035\3439\334"
  68      8DCF0931 
  68      E9DE2C7F 
  68      1DE339DC 
  69 0161 4A6685CF 		.ascii	"Jf\205\317\346\036\334')\323R\012\3456\206\252fc\270"
  69      E61EDC27 
  69      29D3520A 
  69      E53686AA 
  69      6663B8
  70 0174 20D2C9DA 		.ascii	" \322\311\332\322\217\027{l\256\241\210\034\276\323"
  70      D28F177B 
  70      6CAEA188 
  70      1CBED3
  71 0183 C84E1782 		.ascii	"\310N\027\202<\031Z\317s\335$\210u\330\346^<@\030\241"
  71      3C195ACF 
  71      73DD2488 
  71      75D8E65E 
  71      3C4018A1 
ARM GAS  /var/folders/nx/qt6_p4ls4xzbnqkz75ny5wl40000gp/T//ccjOYUk7.s 			page 5


  72 0197 A09BC70C 		.ascii	"\240\233\307\014tw\220\332\324r\312\353\212\372\267"
  72      747790DA 
  72      D472CAEB 
  72      8AFAB7
  73 01a6 96D601C9 		.ascii	"\226\326\001\311\367\320\351\007\227\257\204\360\237"
  73      F7D0E907 
  73      97AF84F0 
  73      9F
  74 01b3 1378A9CF 		.ascii	"\023x\251\317#*\224\374\265\377\343\237u\370\271\313"
  74      232A94FC 
  74      B5FFE39F 
  74      75F8B9CB 
  75 01c3 3FE7F097 		.ascii	"?\347\360\227+\013\203\015\016?\305\347\251p\031\311"
  75      2B0B830D 
  75      0E3FC5E7 
  75      A97019C9 
  76 01d3 CAB3159F 		.ascii	"\312\263\025\237\\\270|\237*\351\241\247\246-\354\213"
  76      5CB87C9F 
  76      2AE9A1A7 
  76      A62DEC8B 
  77 01e3 44F4E3D1 		.ascii	"D\364\343\321Xw\354T\207\336g\350\321\256\270n\364\367"
  77      5877EC54 
  77      87DE67E8 
  77      D1AEB86E 
  77      F4F7
  78 01f5 E84622D2 		.ascii	"\350F\"\322\303\274]\335F\"v\256W\225\277\326\335\300"
  78      C3BC5DDD 
  78      462276AE 
  78      5795BFD6 
  78      DDC0
  79 0207 F37DFD09 		.ascii	"\363}\375\011C\357\350l?zDok;\241w\236l\277\320J\245"
  79      43EFE86C 
  79      3F7A446F 
  79      6B3BA177 
  79      9E6CBFD0 
  80 021d 67E2F1B3 		.ascii	"g\342\361\263\221(\373\011\341\220\021f"
  80      9128FB09 
  80      E1901166 
  81              		.text
  82              		.section	.gnu.lto_stStopAlarm.4c50ae857ab3ff83,"",%progbits
  83 0000 789C6366 		.ascii	"x\234cf\300\004R@\254\313\310\300\340\017\244\031\231"
  83      C0045240 
  83      ACCBC8C0 
  83      E00FA419 
  83      99
  84 0011 19189926 		.ascii	"\031\030\231&\234c`h\344`bd\0041\030\030\031\352\231"
  84      9C636068 
  84      E4606264 
  84      04311818 
  84      19EA99
  85 0024 18EB195F 		.ascii	"\030\353\031_2}db\234p`\365\014n\365\245\015\015\015"
  85      327D6462 
  85      9C7060F5 
  85      0C6EF5A5 
  85      0D0D0D
  86 0037 1F366D97 		.ascii	"\0376m\227h\225\370\311\304\300\360\231\011b\014\343"
  86      6895F8C9 
ARM GAS  /var/folders/nx/qt6_p4ls4xzbnqkz75ny5wl40000gp/T//ccjOYUk7.s 			page 6


  86      C4C0F099 
  86      09620CE3 
  87 0047 72467506 		.ascii	"rFu\006\240\232\217-\177\257s\263\265\000\325\010@\344"
  87      A09A8F2D 
  87      7FAF73B3 
  87      B500D508 
  87      40E4
  88 0059 185730B2 		.ascii	"\030W0\262\001\215gX/t\240\341\377\377\305s\336lgaf"
  88      018D6758 
  88      2F74A0E1 
  88      FFFFC573 
  88      DE6C6761 
  89 006e 60780294 		.ascii	"`x\002\224\002\231\377\224\211\011D3\337b<\364a\307"
  89      0299FF94 
  89      89094433 
  89      DF623CF4 
  89      61C7
  90 0080 FCF347B9 		.ascii	"\374\363G\271Q\214x\260\364\275\004\330\200\317L\214"
  90      518C78B0 
  90      F4BD04D8 
  90      80CF4C8C 
  91 0090 E88633AE 		.ascii	"\350\2063\256dd\003\232\276\212\221\015(\361\356\364"
  91      6464039A 
  91      BE8A910D 
  91      28F1EEF4 
  92 00a0 F136D617 		.ascii	"\3616\326\027L?\231\030\201r\015, \265\367\237\234\277"
  92      4C3F9918 
  92      81720D2C 
  92      20B5F79F 
  92      9CBF
  93 00b2 C8011662 		.ascii	"\310\001\026b\000q\247\237\177\275\212i.\343\354\306"
  93      0071A79F 
  93      7FBD8A69 
  93      2EE3ECC6 
  94 00c2 090D1C3F 		.ascii	"\011\015\034?\231\230\030W3J1\256a\224\002\313}\237"
  94      99981857 
  94      334A31AE 
  94      619402CB 
  94      7D9F
  95 00d4 FC642D9F 		.ascii	"\374d-\237\356\352\206\226\306\017\373\346\235\346\377"
  95      EEEA8696 
  95      C60FFBE6 
  95      9DE6FF
  96 00e3 C9C4CCB8 		.ascii	"\311\304\314\270\226q.\343'\240\033\301\2660\256c\324"
  96      96712EE3 
  96      27A01BC1 
  96      B630AE63 
  96      D4
  97 00f4 453611E8 		.ascii	"E6\021\350~\306\365@\275\367\030\033\037\034}\317\001"
  97      7EC6F540 
  97      BDF7181B 
  97      1F1C7DCF 
  97      01
  98 0105 72202808 		.ascii	"r (\010\236\000\255\002\372\005\250KZOO\3379#3)\323"
  98      9E00AD02 
  98      FA05A84B 
  98      5A4F4FDF 
ARM GAS  /var/folders/nx/qt6_p4ls4xzbnqkz75ny5wl40000gp/T//ccjOYUk7.s 			page 7


  98      39233329 
  99 011a 3F583FBF 		.ascii	"?X?\277X?#1G\277\270(Y\277\270D/\231\301\020S\256 \277"
  99      583F2331 
  99      47BFB828 
  99      59BFB844 
  99      2F99C110 
 100 0132 A8A4583F 		.ascii	"\250\244X?8\304\327\330H\337\307\307E?\304\323\267\314"
 100      38C4D7D8 
 100      48DFC7C7 
 100      453FC4D3 
 100      B7CC
 101 0144 10A83A3E 		.ascii	"\020\250:>''E/\203\001\000\343(\211+"
 101      2727452F 
 101      830100E3 
 101      28892B
 102              		.text
 103              		.section	.gnu.lto_stSetAlarm.4c50ae857ab3ff83,"",%progbits
 104 0000 789C6590 		.ascii	"x\234e\220\317KTQ\024\307\317\367\2747\317\201\011\223"
 104      CF4B5451 
 104      14C7CFF7 
 104      BC37CF81 
 104      0993
 105 0012 56C30411 		.ascii	"V\303\004\021\014\346&\347b\375\003Am\002\245\205.\203"
 105      0CE626E7 
 105      62FD0341 
 105      6D02A585 
 105      2E83
 106 0024 50136660 		.ascii	"P\023f`\302p\206\266\336\261\231\026A5(\225\020B!\323"
 106      C27086B6 
 106      DEB19916 
 106      41352895 
 106      104221D3 
 107 0038 0FA7D1D2 		.ascii	"\017\247\321\322Bj6\257\"\022\244\244\215QB\315b\202"
 107      426A36AF 
 107      2212A4A4 
 107      8D5142CD 
 107      6282
 108 004a C20A4D61 		.ascii	"\302\012Max\202N\347\276la>\270\357\336s\317\367~\317"
 108      78824EE7 
 108      BE6C613E 
 108      B8EFDE73 
 108      CFF77ECF 
 109 005e E71C8B76 		.ascii	"\347\034\213v\177\021Y?AtZvX\004\316\277#\312\004\031"
 109      7F11593F 
 109      41745A76 
 109      5804CEBF 
 109      23CA0419 
 110 0072 3007020D 		.ascii	"0\007\002\0152\006\361\235W\031y\2678\032j)h\255W\206"
 110      3206F19D 
 110      571979B7 
 110      381A6A29 
 110      68AD5786 
 111 0086 CBE15CD8 		.ascii	"\313\341\\\330c\2425\376k\203{h\021\311\265\253\271"
 111      63A235FE 
 111      6B837B68 
 111      11C9B5AB 
 111      B9
ARM GAS  /var/folders/nx/qt6_p4ls4xzbnqkz75ny5wl40000gp/T//ccjOYUk7.s 			page 8


 112 0097 2BB00E80 		.ascii	"+\260\016\200\344\374lr\375m\350\033{\214\203&|><7\352"
 112      E4FC6C72 
 112      FD6DE81B 
 112      7B8C8326 
 112      7C3E3C37 
 113 00ac 98906D13 		.ascii	"\230\220m\023n\\\237\273\030h\036\327z\310-O\353c\266"
 113      6E5C9FBB 
 113      18681ED7 
 113      7AC82D4F 
 113      EB63B6
 114 00bf C716EEC3 		.ascii	"\307\026\356\303\022?<@\004\023\210\220\\\021\212h6"
 114      123F3C40 
 114      04138890 
 114      5C118A68 
 114      36
 115 00d0 F2D5ECE6 		.ascii	"\362\325\354\346\207\220\223\225\332M\233\377\312\342"
 115      87909395 
 115      DA4D9BFF 
 115      CAE2
 116 00de 211C21A7 		.ascii	"!\034!\247\251}\256\256\327\307\357\376(\333\266p\233"
 116      A97DAEAE 
 116      D7C7EFFE 
 116      28DBB670 
 116      9B
 117 00ef 17541581 		.ascii	"\027T\025\201i\340+\263\331\255E\0145\031\237\231\302"
 117      69E02BB3 
 117      D9AD450C 
 117      35199F99 
 117      C2
 118 0100 C6655887 		.ascii	"\306eX\207|\300\245\331\331\255=\321;\202P\371\370\252"
 118      7CC0A5D9 
 118      D9AD3DD1 
 118      3B8250F9 
 118      F8AA
 119 0112 CFCDDED6 		.ascii	"\317\315\336\326[\365:\014Hi'\310v\213\223\210\326\304"
 119      5BF53A0C 
 119      486927C8 
 119      768B9388 
 119      D6C4
 120 0124 EE135EDE 		.ascii	"\356\023^\336\360J\313\271\306\035X\225B-l\024>\325"
 120      F04ACBB9 
 120      C61D5895 
 120      422D6C14 
 120      3ED5
 121 0136 1AE33F68 		.ascii	"\032\343?h\302\024\034\361x\004G\022\277\346\337\\\012"
 121      C2141CF1 
 121      78044712 
 121      BFE6DF5C 
 121      0A
 122 0147 9859D892 		.ascii	"\230Y\330\222\323\376<\276T\027\336\007\375+2\341\315"
 122      D3FE3CBE 
 122      5417DE07 
 122      FD2B32E1 
 122      CD
 123 0158 85E5091E 		.ascii	"\205\345\011\036\303\255L^\007=\016\340\261\240L\033"
 123      C3AD4C5E 
 123      073D0EE0 
ARM GAS  /var/folders/nx/qt6_p4ls4xzbnqkz75ny5wl40000gp/T//ccjOYUk7.s 			page 9


 123      B1A04C1B 
 124 0168 14C9D546 		.ascii	"\024\311\325F\252\245\306\326\242\316fV\226\026\347"
 124      AAA5C6D6 
 124      A2CE6656 
 124      9616E7
 125 0177 F77AEC60 		.ascii	"\367z\354`\006c\370--\373UD\362bd\275\300\252$\022\367"
 125      0663F82D 
 125      2DFB5544 
 125      F26264BD 
 125      C0AA2412 
 126 018c B0C70D78 		.ascii	"\260\307\015x\202VD#\333y<\2052\215|F\246\362\272\026"
 126      82564423 
 126      DB793C85 
 126      328D7C46 
 126      A6F2BA16 
 127 01a0 34C0A6BF 		.ascii	"4\300\246\277\252@\313\250\304e\177,\246\216\307\023"
 127      AA40CBA8 
 127      C4657F2C 
 127      A68EC713 
 128 01b0 3D89539D 		.ascii	"=\211S\235\252?\245\342\335I\225\032\350U\251t\254\227"
 128      AA3FA5E2 
 128      DD49951A 
 128      E855A974 
 128      AC97
 129 01c2 1ABA7B52 		.ascii	"\032\272{R\351\304\271>\333\374\332v\013\317\367\017"
 129      E9C4B93E 
 129      DBFCDA76 
 129      0BCFF70F 
 130 01d2 A453AAB3 		.ascii	"\244S\252\263\253\343\350\021\325\336~Bu\235\354\270"
 130      ABE3E811 
 130      D5DE7E42 
 130      759DECB8 
 131 01e2 D0264FCF 		.ascii	"\320&O\317$\223gcq\372\003)\254\315\340"
 131      24936763 
 131      71FA0329 
 131      ACCDE0
 132              		.text
 133              		.section	.gnu.lto_stGetAlarm.4c50ae857ab3ff83,"",%progbits
 134 0000 789C654F 		.ascii	"x\234eO\313+\304a\024\275\347\376f~\215\224d\245\261"
 134      CB2BC461 
 134      14BDE7FE 
 134      667E8D94 
 134      64A5B1
 135 0013 519495F9 		.ascii	"Q\224\225\371\302\237\300F\215,\330\313\253F\246\310"
 135      C29FC046 
 135      8D2CD8CB 
 135      AB46A6C8 
 136 0023 C876BED1 		.ascii	"\310v\276\321d\255\031\205\344QL\236\343\261d\341\265"
 136      64AD1985 
 136      E4514C9E 
 136      E3B164E1 
 136      B5
 137 0034 A1846C4C 		.ascii	"\241\204lLY`1\212H3FM\263\030\343~\223\015\276\272\335"
 137      5960318A 
 137      4833464D 
 137      B318E37E 
 137      930DBEBA 
ARM GAS  /var/folders/nx/qt6_p4ls4xzbnqkz75ny5wl40000gp/T//ccjOYUk7.s 			page 10


 138 0049 7BBE73BA 		.ascii	"{\276s\272\367\034\213\376?\267\324 \210\332\245\303"
 138      F71C8BFE 
 138      3FB7D420 
 138      88DAA5C3 
 139 0059 22F0E415 		.ascii	"\"\360\344\025Q\310\305\200\031\010\024d\004\361\302"
 139      51C8C580 
 139      19081464 
 139      04F1C2
 140 0068 69C6FEF6 		.ascii	"i\306\376\366\347e\3513\347\230\252I\340A\344|\3066"
 140      E765E933 
 140      E798AA49 
 140      E041E47C 
 140      C636
 141 007a 100E0313 		.ascii	"\020\016\003\023\2673\211\222\272\230\326\343\251\310"
 141      B7338992 
 141      BA98D6E3 
 141      A9C8
 142 0088 917F766A 		.ascii	"\221\177vjI\030\246\014\023V\341\306\032\314!\254\243"
 142      4918A60C 
 142      1356E1C6 
 142      1ACC21AC 
 142      A3
 143 0099 CE68D3E1 		.ascii	"\316h\323\341|\242\324\016k\255\313\363LF$\334\006l"
 143      7CA2D40E 
 143      6BADCBF3 
 143      4C4624DC 
 143      066C
 144 00ab F1413B15 		.ascii	"\361A;\025\307\272PX^x;rXLf\007%\245\214\233'\001\322"
 144      C7BA5058 
 144      5E783B72 
 144      584C6607 
 144      25A58C9B 
 145 00c2 AD3B9C1E 		.ascii	"\255;\234\036\354/\026\372\177mz\\\011\026wd\030\177"
 145      EC2F16FA 
 145      7F6D7A5C 
 145      09167764 
 145      187F
 146 00d4 4E103661 		.ascii	"N\0206a\313\201-\330Y6A\336/\316&\234\306\271%\264."
 146      CB812DD8 
 146      593641DE 
 146      2FCE269C 
 146      C6B925B4 
 147 00e9 BA7F485E 		.ascii	"\272\177H^\337\270\212_d\340\364\365\353\006\317c.4"
 147      DFB88A5F 
 147      64E0F4F5 
 147      EB06CF63 
 147      2E34
 148 00fb A95D3976 		.ascii	"\251]9v .\021\266M\004\341\262\321d\274\254~S\207C\251"
 148      202E11B6 
 148      4D04E1B2 
 148      D164BCAC 
 148      7E538743 
 149 0110 C3AF8BDA 		.ascii	"\303\257\213\332\034;\261\203y|\210\311\342!\221\234"
 149      1C3BB183 
 149      797C88C9 
 149      E221919C 
 150 0120 443F63AC 		.ascii	"D?c\254\342\"9v\347\330\306.\352Q\343\376\341\261\007"
ARM GAS  /var/folders/nx/qt6_p4ls4xzbnqkz75ny5wl40000gp/T//ccjOYUk7.s 			page 11


 150      E2223976 
 150      E7D8C62E 
 150      EA51E3FE 
 150      E1B107
 151 0133 45F7083D 		.ascii	"E\367\010=\306\012\225\306p\326D\224\2140\331d\254\362"
 151      C60A95C6 
 151      70D64494 
 151      8C30D964 
 151      ACF2
 152 0145 7854B36F 		.ascii	"xT\263o\240g\240\275C\015\005\224\257\333\257\002#\275"
 152      A067A0BD 
 152      430D0594 
 152      AFDBAF02 
 152      23BD
 153 0157 2A30EAE9 		.ascii	"*0\352\351\245\206\377\334\360\320\310h@ut\26655*\257"
 153      A586FFDC 
 153      F0D0C868 
 153      407574B6 
 153      35352AAF 
 154 016b B74575B6 		.ascii	"\267Eu\266\266\2155\210\272\313\357\357\363\370\350"
 154      B68D3588 
 154      BACBEFEF 
 154      F3F8E8
 155 017a 1B8DCB9F 		.ascii	"\033\215\313\237\035"
 155      1D
 156              		.text
 157              		.section	.gnu.lto_.symbol_nodes.4c50ae857ab3ff83,"",%progbits
 158 0000 789C55C8 		.ascii	"x\234U\310\273\021\200 \000D\301\307!3tk\011G\011\370"
 158      BB118020 
 158      0044C1C7 
 158      2133746B 
 158      094709F8 
 159 0014 21750CAC 		.ascii	"!u\014\254\307\032\254\3041\320@6\334\010\214|Te\250"
 159      C71AACC4 
 159      31D04036 
 159      DC088C7C 
 159      5465A8
 160 0027 27D86C7B 		.ascii	"'\330l{F\223\034\272\230eu\261\310\261\213U\036\376"
 160      46931CBA 
 160      986575B1 
 160      C8B18B55 
 160      1EFE
 161 0039 119A9CDE 		.ascii	"\021\232\234\336\240\224L$q\\w\340\001\306>\036\234"
 161      A0944C24 
 161      715C77E0 
 161      01C63E1E 
 161      9C
 162              		.text
 163              		.section	.gnu.lto_.refs.4c50ae857ab3ff83,"",%progbits
 164 0000 789C6366 		.ascii	"x\234cf```d\200\002\000\000=\000\005"
 164      60606064 
 164      80020000 
 164      3D0005
 165              		.text
 166              		.section	.gnu.lto_.decls.4c50ae857ab3ff83,"",%progbits
 167 0000 789CB557 		.ascii	"x\234\265W{LTW\032\277\347\236\3415\014\340b\326\032"
 167      7B4C5457 
ARM GAS  /var/folders/nx/qt6_p4ls4xzbnqkz75ny5wl40000gp/T//ccjOYUk7.s 			page 12


 167      1ABFE79E 
 167      E1350CE0 
 167      62D61A
 168 0013 76B36B31 		.ascii	"v\263k1!n\243\016`\273\233\376\245\356h\254\331\332"
 168      216EA30E 
 168      60BB9BFE 
 168      A5EE68AC 
 168      D9DA
 169 0025 DAC14D9A 		.ascii	"\332\301M\232t\223)\305i!\341a\230q\263\375\357\016"
 169      749329C5 
 169      6921E161 
 169      9871B3FD 
 169      EF0E
 170 0037 83155014 		.ascii	"\203\025P\024\021\225\207\350(\010\010\362\320\212\010"
 170      119587E8 
 170      280808F2 
 170      D08A08
 171 0046 28202A0F 		.ascii	"( *\017\225\207\212\"Ee\304\372\004u\360\005#\225\331"
 171      95878A22 
 171      4565C4FA 
 171      0475F005 
 171      2395D9
 172 0059 EF9C73EF 		.ascii	"\357\234s\357\235a:\272n\262{\303\231{\276{~\337\357"
 172      9D613ABA 
 172      6EB27BC3 
 172      997BBE7B 
 172      7EDFEF
 173 006c 7B9D7BEE 		.ascii	"{\235{\356\007\3468\316\2028\316\001\327\334\031\034"
 173      07E638CE 
 173      8238CE01 
 173      D7DC191C 
 174 007c 57C2739C 		.ascii	"W\302s\2347<[\3159/\"\037\202\321\010\343$\214f\030"
 174      373C5BCD 
 174      392F221F 
 174      82D108E3 
 174      248C6618 
 175 0090 AD30CE70 		.ascii	"\2550\316p\277\276\010\016\213\372ga\034\024\237\363"
 175      BFBE080E 
 175      8BFA6761 
 175      1C149FF3 
 176 00a0 E29A271D 		.ascii	"\342\232'\035\302\353+\352\004\302P\301\250\203\341"
 176      C2EB2BEA 
 176      04C250C1 
 176      A883E1
 177 00af 077EF9C0 		.ascii	"\007~\371\300\270\005\363N\221\227\007\3719\334'EN\242"
 177      B805F34E 
 177      919707F9 
 177      39DC2745 
 177      4EA2
 178 00c1 EB0FCFE0 		.ascii	"\353\017\317\340\217\013A\323y\211\257\012\221W\342"
 178      8F0B41D3 
 178      7989AF0A 
 178      9157E2
 179 00d0 223CC845 		.ascii	"\"<\310E\237`~\357\246\307\2111\276\213OH\364\211\027"
 179      9F607EEF 
 179      A6C78931 
 179      BE8B4F48 
ARM GAS  /var/folders/nx/qt6_p4ls4xzbnqkz75ny5wl40000gp/T//ccjOYUk7.s 			page 13


 179      F48917
 180 00e3 75FE20FA 		.ascii	"u\376 \372\022\346\306I\362\345\363_p\021\374<\221\353"
 180      12E6C649 
 180      F2E5F35F 
 180      7011FC3C 
 180      91EB
 181 00f5 0337AE31 		.ascii	"\0037\2561\036\325W=\357\362\277\317\243@\345\034\""
 181      1ED5573D 
 181      EFF2BFCF 
 181      A340E51C 
 181      22
 182 0106 366477E4 		.ascii	"6dw\344z\203\250R*\210\33089\334\247xo\207\000W\226"
 182      7A83A852 
 182      2A88D838 
 182      39DCA778 
 182      6F870057 
 183 011b 5998A140 		.ascii	"Y\230\241@\253g\241R\024\202\312P\0100\036D\357\301"
 183      AB67A152 
 183      1482CA50 
 183      08301E44 
 183      EFC1
 184 012d EF570AC6 		.ascii	"\357W\012\306d\251K}\252\300`\026\346E\271\267\372\224"
 184      64A94B7D 
 184      AAC06016 
 184      E645B9B7 
 184      FA94
 185 013f F3CB412D 		.ascii	"\363\313A-Mh\351@Nsw\253\356\344\363s\366\010\226\032"
 185      4D68E940 
 185      4E7377AB 
 185      EEE4F373 
 185      F608961A 
 186 0153 5BD9C480 		.ascii	"[\331\304\200J\350\020Z\034\216\305\224\012\225#\214"
 186      4AE8105A 
 186      1C8EC594 
 186      0A95238C 
 187 0163 2AD07C82 		.ascii	"*\320|\202$s\252\202\016\2419\240\326\275\307r4\010"
 187      2473AA82 
 187      0EA139A0 
 187      D6BDC772 
 187      3408
 188 0175 CFA7DCCD 		.ascii	"\317\247\334\315M\023mJ\374g:\337\234f\355T\342\305"
 188      4D136D4A 
 188      FC673ADF 
 188      9C66ED54 
 188      E2C5
 189 0187 746E2A69 		.ascii	"tn*i\334\354\003\256\277\257\244\226\206\012\354\305"
 189      DCEC03AE 
 189      BFAFA496 
 189      860AECC5 
 190 0197 7E54243B 		.ascii	"~T$;2\010\036\361\035w\205\242@\024\246,\006\277l\371"
 190      32081EF1 
 190      1D7785A2 
 190      4014A62C 
 190      06BF6CF9 
 191 01ab 45C39F98 		.ascii	"E\303\237\230\205%\350G\244D\325\262e\252M\2564AH!1"
 191      8525E847 
 191      A444D5B2 
ARM GAS  /var/folders/nx/qt6_p4ls4xzbnqkz75ny5wl40000gp/T//ccjOYUk7.s 			page 14


 191      65AA4DAE 
 191      34414821 
 192 01c0 FB750472 		.ascii	"\373u\004rr\310\350\010\012\003\004\305\242\032xx\030"
 192      72C8E808 
 192      0A0304C5 
 192      A21A7878 
 192      18
 193 01d1 1E02F1D9 		.ascii	"\036\002\361\331_\232R\275\2202\314\263R\255\007%\352"
 193      5F9A52BD 
 193      9032CCB3 
 193      52AD0725 
 193      EA
 194 01e2 42CF86EC 		.ascii	"B\317\206\354Y\202\240@G\301\205*\247\013\340\221\224"
 194      5982A040 
 194      47C1852A 
 194      A70BE091 
 194      94
 195 01f3 2FFE5155 		.ascii	"/\376QUv-\222\\\266\337\313\377-\301\327\001\276\322"
 195      762D925C 
 195      B6DFCBFF 
 195      2DC1D701 
 195      BED2
 196 0205 893F8ADE 		.ascii	"\211?\212\336\352\3631\217>\243\303\2317\323}\024\260"
 196      EAF3318F 
 196      3EA3C399 
 196      37D37D14 
 196      B0
 197 0216 4328DD57 		.ascii	"C(\335W\264\334\003\327\322\347\275\261\332\365\264"
 197      B4DC03D7 
 197      D2E7BDB1 
 197      DAF5B4
 198 0225 DAC79158 		.ascii	"\332\307\221X\356\332\206\336Q%\266\260z\367\034n\356"
 198      EEDA86DE 
 198      5125B6B0 
 198      7AF71C6E 
 198      EE
 199 0236 F787B25A 		.ascii	"\367\207\262Z\241\254\015?\340<\301\222\"L9\034\210"
 199      A1AC0D3F 
 199      E03CC192 
 199      224C391C 
 199      88
 200 0247 6AA10697 		.ascii	"j\241\006\227\3026H\205m\244\205\335\272\351\341\006"
 200      C2364885 
 200      6DA485DD 
 200      BAE9E106 
 201 0257 1E573296 		.ascii	"\036W2\226\363\246\323&o\312bi,\362f[\203\356\214\023"
 201      F3A6D326 
 201      6FCA6269 
 201      2CF2665B 
 201      83EE8C13 
 202 026b 2E042724 		.ascii	".\004'$\202\223\224\240\246\314\326\024\200\353\031"
 202      829394A0 
 202      A6CCD614 
 202      80EB19
 203 027a C1F5D2FE 		.ascii	"\301\365\322\376+\314\015\313\200L@<hr!h\222\010\232"
 203      2BCC0DCB 
 203      804C403C 
ARM GAS  /var/folders/nx/qt6_p4ls4xzbnqkz75ny5wl40000gp/T//ccjOYUk7.s 			page 15


 203      68722168 
 203      92089A
 204 028d 29C1F14B 		.ascii	")\301\361K}\343>\256A\223t8\243n\231\266\307+\255\023"
 204      7DE33EAE 
 204      41937438 
 204      A36E99B6 
 204      C72BAD13 
 205 02a1 232A7C86 		.ascii	"#*|\206Y\313\313+\210\244\306\254\366\333m\316\255\014"
 205      59CBCB2B 
 205      88A4C6AC 
 205      F6DB6DCE 
 205      AD0C
 206 02b3 1AE8948B 		.ascii	"\032\350\224\213\275S\222\275Vj\357r~\366Q\204{\030"
 206      BD5392BD 
 206      566AEF72 
 206      7EF65184 
 206      7B18
 207 02c5 455D813D 		.ascii	"E]\201=\007\023\016\301\32682\265d\2339\253X\260:\034"
 207      07130EC1 
 207      D63832B5 
 207      649B39AB 
 207      58B03A1C 
 208 02d9 7F642FC4 		.ascii	"\177d/\304i\027\226\323\022\313\031\312r3\267%C\241"
 208      691796D3 
 208      12CB19CA 
 208      7233B725 
 208      43A1
 209 02eb CA70169C 		.ascii	"\312p\026\234*8\335>\213T\024\015w@\267=h\332\242\242"
 209      2A38DD3E 
 209      8B54140D 
 209      7740B73D 
 209      68DAA2A2 
 210 02ff 2FB9E04D 		.ascii	"/\271\340M\314\3264W\244\373\321\267\374k\"\266\326"
 210      CCD63457 
 210      A4FBD1B7 
 210      FC6B22B6 
 210      D6
 211 0310 6F2C54E0 		.ascii	"o,T\340LL]z\324Z\374/%\354$\363\273md\320H\315s\274"
 211      4C4C5D7A 
 211      D45AFC2F 
 211      25EC24F3 
 211      BB6D64D0 
 212 0328 C0388FA9 		.ascii	"\3008\217\251\347\333\253\017\372\343BQ\310k\037T\340"
 212      E7DBAB0F 
 212      FAE34251 
 212      C86B1F54 
 212      E0
 213 0339 7D4C28DE 		.ascii	"}L(\336\261\363\220\0275\352K_\335\236\276\255~\270"
 213      B1F39017 
 213      35EA4B5F 
 213      DD9EBEAD 
 213      7EB8
 214 034b 84AD95E4 		.ascii	"\204\255\225\344\214\247\007\341\012&\234\037\236x\246"
 214      8CA707E1 
 214      0A269C1F 
 214      9E78A6
 215 035a A2C01944 		.ascii	"\242\300\031D\264O\366\015\360\270\212\255\235\273z"
ARM GAS  /var/folders/nx/qt6_p4ls4xzbnqkz75ny5wl40000gp/T//ccjOYUk7.s 			page 16


 215      B44FF60D 
 215      F0B88AAD 
 215      9DBB7A
 216 0369 6BBF173E 		.ascii	"k\277\027>\302\204\274\361\013mA\0248\233\210\343\005"
 216      C284BCF1 
 216      0B6D4114 
 216      389B88E3 
 216      05
 217 037a 6673103E 		.ascii	"fs\020>\316\326,\245\257\035\201\270\211\011\322!\247"
 217      CED62CA5 
 217      AF1D81B8 
 217      8909D221 
 217      A7
 218 038b 6287DCEE 		.ascii	"b\207\334\356S\017/\006\340\323l\355\331p\312\024\302"
 218      530F2F06 
 218      E0D36CED 
 218      D970CA14 
 218      C2
 219 039c ED4C281B 		.ascii	"\355L(\033\356\316\016\240\300yD\334\233c\327\340\363"
 219      EECE0EA0 
 219      C07944DC 
 219      9B63D7E0 
 219      F3
 220 03ad 6CA9616C 		.ascii	"l\251al\323s_\334\303\204\241\361\241V\037\212\013'"
 220      D3735FDC 
 220      C384A1F1 
 220      A1561F8A 
 220      0B27
 221 03bf E28E13BB 		.ascii	"\342\216\023\273\263\375X~\351\362\226\252\342g\314"
 221      B3FD587E 
 221      E9F296AA 
 221      E267CC
 222 03ce 314C59F7 		.ascii	"1LY\367]\277\200IN\005\251X*\327-6D\336_4/\004\335d"
 222      5DBF8049 
 222      4E05A958 
 222      2AD72D36 
 222      44DE5F34 
 223 03e6 F92C1CE9 		.ascii	"\371,\034\351-\017\012\316\242pA\230c\244\347\303\015"
 223      2D0F0ACE 
 223      A2704198 
 223      63A4E7C3 
 223      0D
 224 03f7 80F752B8 		.ascii	"\200\367R\270\025\005KJ\004\275\353J\231\315\307\025"
 224      15054B4A 
 224      04BDEB4A 
 224      99CDC715 
 225 0407 DDF93674 		.ascii	"\335\3716t\306\316\2346\204/\263(\256\230\356^\345q"
 225      C6CE9C36 
 225      842FB328 
 225      AE98EE5E 
 225      E571
 226 0419 3F138E14 		.ascii	"?\023\216\024\0358\306\366\304\022\032B\377\305+>\370"
 226      1D38C6F6 
 226      C4121A42 
 226      FFC52B3E 
 226      F8
 227 042a BA98BFC3 		.ascii	"\272\230\277\303Y\366@\272\366\011\021;k3[\224\330\312"
ARM GAS  /var/folders/nx/qt6_p4ls4xzbnqkz75ny5wl40000gp/T//ccjOYUk7.s 			page 17


 227      59F640BA 
 227      F609113B 
 227      6B335B94 
 227      D8CA
 228 043c D65E57FC 		.ascii	"\326^W\374<\301\343;L\270\3274*\360\024\270\232\210"
 228      3CC1E33B 
 228      4CB8D734 
 228      2AF014B8 
 228      9A88
 229 044e 371F650E 		.ascii	"7\037e\016\371\342\373\323\015\0042\003\031\233\016"
 229      F9E2FBD3 
 229      0D043203 
 229      199B0E
 230 045d 3B7CDE9C 		.ascii	";|\336\234\224Q))\177\24291\025\036\260b1J\213\224\223"
 230      94512929 
 230      7FA23931 
 230      151EB062 
 230      314A8B94 
 231 0472 11407751 		.ascii	"\021@wQ\364#\032\345\250\024\345\330\265\324\036\177"
 231      F4231AE5 
 231      A814E5D8 
 231      B5D41E7F 
 232 0482 5774E7DB 		.ascii	"Wt\347\333\320]/\313\012\275\361c\346e\332\211\234\022"
 232      D05D2FCB 
 232      0ABDF163 
 232      E665DA89 
 232      9C12
 233 0494 96862F41 		.ascii	"\226\206/A\2345\330\263\261:\000\205\262kf\250\313\025"
 233      9C35D8B3 
 233      B13A0085 
 233      B26B66A8 
 233      CB15
 234 04a6 166A1152 		.ascii	"\026j\021R\315\266\221'\015\177\333n\026\212gS\033\367"
 234      CDB69127 
 234      0D7FDB6E 
 234      168A6753 
 234      1BF7
 235 04b8 E18D9D40 		.ascii	"\341\215\235@3\235\257\314\003j\360\003\370\341\010"
 235      339DAFCC 
 235      036AF003 
 235      F8E108
 236 04c7 DCF2B0D2 		.ascii	"\334\362\260\322\273#\234B\357\271C\357Rh)\222\261?"
 236      BB239C42 
 236      EFB943EF 
 236      52682992 
 236      B13F
 237 04d9 C9D82BEE 		.ascii	"\311\330+\356\330\253n\264\3352\264\307\035\332\353"
 237      D8AB6EB4 
 237      DD32B4C7 
 237      1DDAEB
 238 04e8 06BD2143 		.ascii	"\006\275!C\177r\207\016\270{0 c\373\334\261\227\335"
 238      7F72870E 
 238      B87B3020 
 238      63FBDCB1 
 238      97DD
 239 04fa B1D764EC 		.ascii	"\261\327d\354%\317X\352\3026q\237.1r\250\015\326\333"
 239      25CF58EA 
ARM GAS  /var/folders/nx/qt6_p4ls4xzbnqkz75ny5wl40000gp/T//ccjOYUk7.s 			page 18


 239      C236719F 
 239      2E3172A8 
 239      0DD6DB
 240 050d E91241C3 		.ascii	"\351\022A\303\251\2026\360a\350\025\012Ev\030\002\037"
 240      A98236F0 
 240      61E8150A 
 240      45761802 
 240      1F
 241 051e 8A26E1FE 		.ascii	"\212&\341\376\034\206\011\346\343p\177\011\343\031\214"
 241      1C8609E6 
 241      E3707F09 
 241      E3198C
 242 052d D73052E1 		.ascii	"\3270R\341\331\013\270O\301H\201\271\031\306/0\177\012"
 242      D90BB84F 
 242      C14881B9 
 242      19C62F30 
 242      7F0A
 243 053f 630CC60F 		.ascii	"c\014\306\017 ;P(=4\251\203\347e\007\317\273;8\317-"
 243      203B5028 
 243      3D34A983 
 243      E76507CF 
 243      BB3B38CF 
 244 0554 967332F4 		.ascii	"\226s2\364\234G\2503\233]2\262\333\035\331\345\236\241"
 244      9C47A833 
 244      9B5D32B2 
 244      DB1DD9E5 
 244      9EA1
 245 0566 0732F68E 		.ascii	"\0072\366\216\347\332;i\007eh\277\347\322\273\320\336"
 245      E7DA3B69 
 245      076568BF 
 245      E7D2BBD0 
 245      DE
 246 0577 94B183EE 		.ascii	"\224\261\203\356\330\353\323hM\226G\013\000\371\030"
 246      D8EBD368 
 246      4D96470B 
 246      00F918
 247 0586 05A32722 		.ascii	"\005\243'\"Rz'\220\315\315\201\0132\351\005\317q9\241"
 247      527A2790 
 247      CDCD810B 
 247      32E905CF 
 247      7139A1
 248 0599 3D32F4A2 		.ascii	"=2\364\242\347\275'\373j\262\014\021\007n\201\003\303"
 248      E7BD27FB 
 248      6AB20C11 
 248      076E8103 
 248      C3
 249 05aa 22543AA8 		.ascii	"\"T:\250DW]\302\272/\323\336v\247\375\331\035{]\306"
 249      44575DC2 
 249      BA2FD3DE 
 249      76A7FDD9 
 249      1D7B5DC6 
 250 05be 5EF3BCA7 		.ascii	"^\363\274\247\251\267\244\207\262vVz\013\210@8\351\323"
 250      A9B7A487 
 250      B276567A 
 250      0B884038 
 250      E9D3
 251 05d0 CAC95BC4 		.ascii	"\312\311[\304:Z\331\015\337q\306\364\320\363\253\314"
ARM GAS  /var/folders/nx/qt6_p4ls4xzbnqkz75ny5wl40000gp/T//ccjOYUk7.s 			page 19


 251      3A5AD90D 
 251      DF71C6F4 
 251      D0F3ABCC 
 252 05e0 AC4267D6 		.ascii	"\254Bg\326n\253\237\302hf\230\247\035\215\322`#\377"
 252      6EAB9FC2 
 252      686698A7 
 252      1D8DD260 
 252      23FF
 253 05f2 BF37350D 		.ascii	"\27775\015\347q\202/\332\310\317D\035\316v\220\304&"
 253      E771822F 
 253      DAC8CF44 
 253      1DCE7690 
 253      C426
 254 0604 B5DB27F7 		.ascii	"\265\333'\367\266\215\371Lk\023\010\330y\312\246\363"
 254      B68DF94C 
 254      6B1308D8 
 254      79CAA6F3 
 255 0614 AC4D803B 		.ascii	"\254M\200;\240w\326\336\213\302e\012z\016>I\3515\007"
 255      A077D6DE 
 255      8BC2650A 
 255      7A0E3E49 
 255      E93507
 256 0627 4067D252 		.ascii	"@g\322Rck\254\250\212\316\206#\216v&\026_\332Pe\360"
 256      636BACA8 
 256      8ACE8623 
 256      8E762616 
 256      5FDA5065 
 257 063c CED604E6 		.ascii	"\316\326\004\346\2545\331\304\223\326\244\243\242\360"
 257      AC35D9C4 
 257      93D6A4A3 
 257      A2F0
 258 064a 6BDC4859 		.ascii	"k\334HY\024\267w\327\034\013Ba!!\264\201M\203v;\213"
 258      14B777D7 
 258      1C0B4261 
 258      2121B481 
 258      4D83763B 
 259 065f 57A2CDA2 		.ascii	"W\242\315\242\002\273r\341\371\304b\262\000S_z\247\215"
 259      02BB72E1 
 259      F9C462B2 
 259      00535F7A 
 259      A78D
 260 0671 AC2D5BC0 		.ascii	"\254-[\300\26394\237~\002P&d\221,qh+\037\202\266\360"
 260      B339349F 
 260      7E025026 
 260      64912C71 
 260      682B1F82 
 261 0687 F4AB30BC 		.ascii	"\364\2530\274},\335K)\242\323\376\023\272 \353R\036"
 261      7D2CDD4B 
 261      29A2D3FE 
 261      13BA20EB 
 261      521E
 262 0699 EB826289 		.ascii	"\353\202b\2118z\304\322\346KO\372\000\332=l\260\245"
 262      387AC4D2 
 262      E64B4FFA 
 262      00DA3D6C 
 262      B0A5
 263 06ab 2BA9A8A2 		.ascii	"+\251\250\242\342\323\212I\305\233?O;x\361\363\224\303"
ARM GAS  /var/folders/nx/qt6_p4ls4xzbnqkz75ny5wl40000gp/T//ccjOYUk7.s 			page 20


 263      E2D38A49 
 263      C59B3F4F 
 263      3B78F1F3 
 263      94C3
 264 06bd B82F6C3D 		.ascii	"\270/l={M\345\374\012#\032g6\330\336\316\023\370N>X"
 264      7B4DE5FC 
 264      0A231A67 
 264      36D8DECE 
 264      13F84E3E 
 265 06d2 5222E88A 		.ascii	"R\"\350\212\373\265\325\274+z\333\333\320w\262w\330"
 265      FBB5D5BC 
 265      2B7ADBDB 
 265      D077B277 
 265      D8
 266 06e3 306E6175 		.ascii	"0nau\251~\236\333\350\205;\231\3209\262\313\0348w\237"
 266      A97E9EDB 
 266      E8853B99 
 266      D039B2CB 
 266      1C38779F 
 267 06f7 D06BB195 		.ascii	"\320k\261\2255\265!S\226\025\370H\317\213v\361\301("
 267      35B52153 
 267      9615F848 
 267      CF8B76F1 
 267      C128
 268 0709 176A045D 		.ascii	"\027j\004]\266\013q\036I<*A<\207\362\371\271\344\377"
 268      B60B711E 
 268      493C2A41 
 268      3C87F2F9 
 268      B9E4FF
 269 071c B4177575 		.ascii	"\264\027uu^\270\237\261\325\347\357\335\030$\225\374"
 269      5EB89FB1 
 269      D5E7EFDD 
 269      182495FC 
 270 072c C7692527 		.ascii	"\307i%'\315e\201K\311\013\244\222\357\246%\277q\261"
 270      CD65814B 
 270      C90BA492 
 270      EFA625BF 
 270      71B1
 271 073e BC3C103F 		.ascii	"\274<\020?`4m\217\273\317))\215\345\301\001\326\204"
 271      60346D8F 
 271      BBCF2929 
 271      8DE5C101 
 271      D684
 272 0750 370BEFD3 		.ascii	"7\013\357\323]S\350BQ(Q\354\241\024\322w7\220~w\321"
 272      5D53E842 
 272      512851EC 
 272      A114D277 
 272      37907E77 
 273 0765 BDACB26A 		.ascii	"\275\254\262j\326\003\372\0231\363\325X\027k@\224D|"
 273      D603FA13 
 273      31F3D558 
 273      176B4094 
 273      447C
 274 0777 656F3779 		.ascii	"eo7y\277\2718\373\245\342\354c\305\351H-\357\011p/\316"
 274      BFB938FB 
 274      A5E2EC63 
 274      C5E9482D 
ARM GAS  /var/folders/nx/qt6_p4ls4xzbnqkz75ny5wl40000gp/T//ccjOYUk7.s 			page 21


 274      EF09702F 
 275 078c 5EC88A85 		.ascii	"^\310\212\205f\245\210\246{\277\224\356\251QGg\220{"
 275      66A588A6 
 275      7BBF94EE 
 275      A9514767 
 275      907B
 276 079e 71DE881E 		.ascii	"q\336\210\036\314x]\345\217_\261\320+o=\261+\304z\034"
 276      CC785DE5 
 276      8F5FB1D0 
 276      2B6F3DB1 
 276      2BC47A1C 
 277 07b2 6B77AD47 		.ascii	"kw\255G\261X\017\370\237\303\205\353\200\263\036%\264"
 277      B1580FF8 
 277      9FC385EB 
 277      80B31E25 
 277      B4
 278 07c3 1E1D96F1 		.ascii	"\036\035\226\361\033A8\315\213\262\2454\230"
 278      1B4138CD 
 278      8BB2A534 
 278      98
 279 07d0 4ABCA47A 		.ascii	"J\274\244z4\257\334\356R\017\362?F\251K2K\245d\226\321"
 279      34AFDCEE 
 279      520FF23F 
 279      46A94B32 
 279      4BA56496 
 280 07e5 649E1CB9 		.ascii	"d\236\034\271Q\251\300y\214\346\320\356\356A$:\365\322"
 280      51A9C079 
 280      8CE6D0EE 
 280      EE41243A 
 280      F5D2
 281 07f7 A353ADD3 		.ascii	"\243S\255\323\234:\350t\252\234\237\313y\033\214+\023"
 281      9C3AE874 
 281      AA9C9FCB 
 281      791B8C2B 
 281      13
 282 0808 E38CDE2B 		.ascii	"\343\214\336+>\373\373\034\015\367\273\205\013\325\232"
 282      3EFBFB1C 
 282      0DF7BB85 
 282      0BD59A
 283 0817 D8B86FE2 		.ascii	"\330\270o\342>\217R'\031\324\261\321\361jCr\214\332"
 283      3E8F5227 
 283      19D4B1D1 
 283      F16A4372 
 283      8CDA
 284 0829 605C18C3 		.ascii	"`\\\030\303\371\031\2767\030\343\022\364:\243\357\372"
 284      F919BE37 
 284      18E312F4 
 284      3AA3EFFA 
 285 0839 B844E3A2 		.ascii	"\270D\343\242H\235Q\251\323I\323\177\250\327\033\222"
 285      489D51A9 
 285      D349D37F 
 285      A8D71B92 
 286 0849 D5F14931 		.ascii	"\325\361I1\240\242\321\307\307G'\253\243\223\023\026"
 286      A0A2D1C7 
 286      C74727AB 
 286      A3931316 
 287 0859 242625EA 		.ascii	"$&%\352\027\350\243\277\211[\360]L\214:2<\342\243\360"
ARM GAS  /var/folders/nx/qt6_p4ls4xzbnqkz75ny5wl40000gp/T//ccjOYUk7.s 			page 22


 287      17E8A3BF 
 287      895BF05D 
 287      4C8C3A32 
 287      3CE2A3F0 
 288 086d 8F2323A6 		.ascii	"\217##\246/\251\343\022c\342\327\257\325\253\023\242"
 288      2FA9E312 
 288      63E2D7AF 
 288      D5AB13A2 
 289 087d 6362E312 		.ascii	"cb\343\022\365j\335Z\375\267\321\353\343\215:\343\367"
 289      F56ADD5A 
 289      FDB7D1EB 
 289      E38D3AE3 
 289      F7
 290 088e EBF48685 		.ascii	"\353\364\206\205\261\334\027\377\003r\360^\2553\030"
 290      B1DC17FF 
 290      0372F05E 
 290      AD3318
 291 089d D782BFC0 		.ascii	"\327\202\277\300\0306=\320d\243\214\213\211%q\212\206"
 291      18363DD0 
 291      64A38C8B 
 291      8925718A 
 291      86
 292 08ae 55066394 		.ascii	"U\006c\2241:\331\270\024L&\370\023!i\035\235+a\2567"
 292      313AD9B8 
 292      144C26F8 
 292      1321691D 
 292      9D2B61AE 
 293 08c3 4AD3157A 		.ascii	"J\323\025z\031\241\213\217_\253\213\203\214F\374:\225"
 293      19A18B8F 
 293      5FAB8B83 
 293      8C46FC3A 
 293      95
 294 08d4 EB92928D 		.ascii	"\353\222\222\215\006u\324\232U\213\"\325\237~\272L\275"
 294      0675D49A 
 294      558B22D5 
 294      9F7EBA4C 
 294      BD
 295 08e5 66E5AA7F 		.ascii	"f\345\252\177F\250\231\016\030\003\355\004\222\312\270"
 295      46A8990E 
 295      1803ED04 
 295      92CAB8
 296 08f4 049D116B 		.ascii	"\004\235\021k\264\0210\"\025Q\2534Z\305\262\225\313"
 296      B4113022 
 296      1551AB34 
 296      5AC5B295 
 296      CB
 297 0905 B57C9416 		.ascii	"\265|\224\026/_\241\365\322hVi#\350o\244B\243Y\256\305"
 297      2F5FA1F5 
 297      D2685669 
 297      23E86FA4 
 297      42A359AE 
 298 091a 9ACFD6E0 		.ascii	"\232\317\326\340\325Q\032\274T\253\305Z\015\310\240"
 298      D5511ABC 
 298      54ABC55A 
 298      0DC8A0
 299 0929 F0D7656B 		.ascii	"\360\327ek\264x\031\321\\\265T\313\177\316\264\026\001"
 299      B47819D1 
ARM GAS  /var/folders/nx/qt6_p4ls4xzbnqkz75ny5wl40000gp/T//ccjOYUk7.s 			page 23


 299      5CB554CB 
 299      7FCEB416 
 299      01
 300 093a FE4BED87 		.ascii	"\376K\355\207\357\356\227\350\015\270\026,\006f \311"
 300      EFEE97E8 
 300      0DB8162C 
 300      066620C9 
 301 094a D0459358 		.ascii	"\320E\223X\0251\261\321\311\276:\335\267\353\023ct\272"
 301      1531B1D1 
 301      C9BE3ADD 
 301      B7EB1363 
 301      74BA
 302 095c 0069B2F0 		.ascii	"\000i\262\360/\341\037\177\370\033\031\236\264\216\241"
 302      2FE11F7F 
 302      F81B199E 
 302      B48EA1
 303 096b 67484FF4 		.ascii	"gHO\364\242\272\213BDx\204\264\374\235\307\345\217\376"
 303      A2BA8B42 
 303      447884B4 
 303      FC9DC7E5 
 303      8FFE
 304 097d 0D7A66BE 		.ascii	"\015zf\276\354"
 304      EC
 305              		.text
 306              		.section	.gnu.lto_.symtab.4c50ae857ab3ff83,"",%progbits
 307 0000 7374496E 		.ascii	"stInit\000\000\000\000\000\000\000\000\000\000\000\000"
 307      69740000 
 307      00000000 
 307      00000000 
 307      0000
 308 0012 AC000000 		.ascii	"\254\000\000\000stStartAlarm\000\000\000\000\000\000"
 308      73745374 
 308      61727441 
 308      6C61726D 
 308      00000000 
 309 0028 00000000 		.ascii	"\000\000\000\000\000\000\273\000\000\000stStopAlarm"
 309      0000BB00 
 309      00007374 
 309      53746F70 
 309      416C6172 
 310 003d 00000000 		.ascii	"\000\000\000\000\000\000\000\000\000\000\000\000\275"
 310      00000000 
 310      00000000 
 310      BD
 311 004a 00000073 		.ascii	"\000\000\000stSetAlarm\000\000\000\000\000\000\000\000"
 311      74536574 
 311      416C6172 
 311      6D000000 
 311      00000000 
 312 005f 00000000 		.ascii	"\000\000\000\000\277\000\000\000stGetAlarm\000\000\000"
 312      BF000000 
 312      73744765 
 312      74416C61 
 312      726D0000 
 313 0074 00000000 		.ascii	"\000\000\000\000\000\000\000\000\000\302\000\000\000"
 313      00000000 
 313      00C20000 
ARM GAS  /var/folders/nx/qt6_p4ls4xzbnqkz75ny5wl40000gp/T//ccjOYUk7.s 			page 24


 313      00
 314 0081 73745F6C 		.ascii	"st_lld_init\000\000\002\000\000\000\000\000\000\000"
 314      6C645F69 
 314      6E697400 
 314      00020000 
 314      00000000 
 315 0096 0000C400 		.ascii	"\000\000\304\000\000\000"
 315      0000
 316              		.text
 317              		.section	.gnu.lto_.opts,"",%progbits
 318 0000 272D666E 		.ascii	"'-fno-trapv' '-mcpu=cortex-m4' '-mno-thumb-interwor"
 318      6F2D7472 
 318      61707627 
 318      20272D6D 
 318      6370753D 
 319 0033 6B272027 		.ascii	"k' '-mthumb' '-ggdb' '-O2' '-fomit-frame-pointer' '"
 319      2D6D7468 
 319      756D6227 
 319      20272D67 
 319      67646227 
 320 0066 2D66616C 		.ascii	"-falign-functions=16' '-ffunction-sections' '-fdata"
 320      69676E2D 
 320      66756E63 
 320      74696F6E 
 320      733D3136 
 321 0099 2D736563 		.ascii	"-sections' '-fno-common' '-flto'\000"
 321      74696F6E 
 321      73272027 
 321      2D666E6F 
 321      2D636F6D 
 322              		.text
 323              		.comm	__gnu_lto_v1,1,1
 324              		.comm	__gnu_lto_slim,1,1
 325              		.ident	"GCC: (GNU Tools for ARM Embedded Processors) 4.9.3 20150529 (release) [ARM/embedded-4_9-br
ARM GAS  /var/folders/nx/qt6_p4ls4xzbnqkz75ny5wl40000gp/T//ccjOYUk7.s 			page 25


DEFINED SYMBOLS
                            *ABS*:0000000000000000 st.c
                            *COM*:0000000000000001 __gnu_lto_v1
                            *COM*:0000000000000001 __gnu_lto_slim

NO UNDEFINED SYMBOLS
