ARM GAS  /var/folders/nx/qt6_p4ls4xzbnqkz75ny5wl40000gp/T//ccriKSMH.s 			page 1


   1              		.syntax unified
   2              		.cpu cortex-m4
   3              		.fpu softvfp
   4              		.eabi_attribute 20, 1
   5              		.eabi_attribute 21, 1
   6              		.eabi_attribute 23, 3
   7              		.eabi_attribute 24, 1
   8              		.eabi_attribute 25, 1
   9              		.eabi_attribute 26, 1
  10              		.eabi_attribute 30, 2
  11              		.eabi_attribute 34, 1
  12              		.eabi_attribute 18, 4
  13              		.thumb
  14              		.file	"st_lld.c"
  15              		.text
  16              	.Ltext0:
  17              		.section	.gnu.lto_.profile.6667886daec14fd6,"",%progbits
  18 0000 789C6366 		.ascii	"x\234cf```a\200\000F\006K\031\000\001\002\000^"
  18      60606061 
  18      80004606 
  18      4B190001 
  18      02005E
  19              		.text
  20              		.section	.gnu.lto_.jmpfuncs.6667886daec14fd6,"",%progbits
  21 0000 789C6366 		.ascii	"x\234cf\300\016L\2414\023\230d\0042\230>21\356\370\364"
  21      C00E4CA1 
  21      34139864 
  21      0432983E 
  21      3231EEF8 
  22 0015 763ED70B 		.ascii	"v>\327\013\246\237L\0142\014\214\313\031\245\030@\202"
  22      A69F4C0C 
  22      320C8CCB 
  22      19A51840 
  22      82
  23 0026 3716BE99 		.ascii	"7\026\276\231\306\013\026\344``\\\001\024d\000\000g"
  23      C60B16E4 
  23      60605C01 
  23      14640000 
  23      67
  24 0037 480DE7   		.ascii	"H\015\347"
  25              		.text
  26              		.section	.gnu.lto_.inline.6667886daec14fd6,"",%progbits
  27 0000 789C6366 		.ascii	"x\234cf\300\016\254\2404\023\003\003\217(#\003\023\337"
  27      C00EACA0 
  27      34130303 
  27      8F282303 
  27      13DF
  28 0012 BD0006B6 		.ascii	"\275\000\006\266\005\362L 1F.8\301 \"\003\224\224yp"
  28      05F24C20 
  28      31462E38 
  28      C1202203 
  28      94947970 
  29 0026 8B112ECB 		.ascii	"\213\021.\313\314\003\326\305\000\000\257\256\005`"
  29      CC03D6C5 
  29      0000AFAE 
  29      0560
  30              		.text
ARM GAS  /var/folders/nx/qt6_p4ls4xzbnqkz75ny5wl40000gp/T//ccriKSMH.s 			page 2


  31              		.section	.gnu.lto_.pureconst.6667886daec14fd6,"",%progbits
  32 0000 789C6366 		.ascii	"x\234cf```e\200\000&\006+F)\000\001Y\000`"
  32      60606065 
  32      80002606 
  32      2B462900 
  32      01590060 
  33              		.text
  34              		.section	.gnu.lto_VectorB0.6667886daec14fd6,"",%progbits
  35 0000 789C8D54 		.ascii	"x\234\215TmlSU\030~\337sno\273v?\026\177\020\\\310V"
  35      6D6C5355 
  35      187EDF73 
  35      6E6FBB76 
  35      3F167F10 
  36 0017 430C21BA 		.ascii	"C\014!\272^\276\022~\0222bBBCB\371OFi\322%\035%\355"
  36      5EBE127E 
  36      12326242 
  36      424342F9 
  36      4F4669D2 
  37 002f B6C00FC2 		.ascii	"\266\300\017\302\3516>\202J\026\005\3340\343C\235_\323"
  37      E9363E82 
  37      4A1605DC 
  37      30E3439D 
  37      5FD3
  38 0041 01A22805 		.ascii	"\001\242(\005\245|l\2141\030F\201\260\3611\224\031?"
  38      A57C6C8C 
  38      31184681 
  38      B0F13194 
  38      193F
  39 0053 00373618 		.ascii	"\00076\030uj}\337\323Z\327\026\2157\271\367\334s\236"
  39      756A7DDF 
  39      D35AD716 
  39      8D37B9F7 
  39      DC739E
  40 0066 E77DDFE7 		.ascii	"\347}\337\347\274\317\271WB\3415\237\356_\015\200q\032"
  40      BCCFB957 
  40      42E1359F 
  40      EE5F0D80 
  40      711A
  41 0078 D106289A 		.ascii	"\321\006(\232/\001\304\034B\310x\031(\247q\325\002U"
  41      2F01C41C 
  41      42C87819 
  41      28A771D5 
  41      0255
  42 008a 2CD1482F 		.ascii	",\321H/\033\210\374\002\010\233\2044p\023\376$F\005"
  42      1B88FC02 
  42      089B8434 
  42      7013FE24 
  42      4605
  43 009c 36273A5A 		.ascii	"6':Z\\\263\332\225R#\017'\215\315\323\223\002`L\244"
  43      5CB3DA95 
  43      52230F27 
  43      8DCDD393 
  43      02604CA4 
  44 00b0 F3E37B38 		.ascii	"\363\343{8\013\2103\332\364\3075\227\331D\234\2224\206"
  44      0B8833DA 
  44      F4C73597 
  44      D9449C92 
ARM GAS  /var/folders/nx/qt6_p4ls4xzbnqkz75ny5wl40000gp/T//ccriKSMH.s 			page 3


  44      3486
  45 00c2 EFA38934 		.ascii	"\357\243\2114\036|&\241R\251\267\367\375\2362\234\022"
  45      1E7C26A1 
  45      52A9B7F7 
  45      FD9E329C 
  45      12
  46 00d3 92020D7E 		.ascii	"\222\002\015~\000\334%\022\327\032\026\202G9\200\247"
  46      00DC2512 
  46      D71A1682 
  46      473980A7 
  47 00e3 8F1E9E38 		.ascii	"\217\036\2368c\343\270\011!)\345\203\013\347\266\330"
  47      63E3B809 
  47      2129E583 
  47      0BE7B6D8 
  48 00f3 7E144921 		.ascii	"~\024I!(\2532\270\312\355\273\375_;\364\022\360\264"
  48      28AB32B8 
  48      CAEDBBFD 
  48      5F3BF412 
  48      F0B4
  49 0105 757BCF4E 		.ascii	"u{\317N\331\206obRH\374\000K\361C,\325\300[\017\022"
  49      D9866F62 
  49      5248FC00 
  49      4BF1432C 
  49      D5C05B0F 
  50 011a 332A3A54 		.ascii	"3*:T\023\001\006v`\033>\324r\361#\254\200\001l|\262"
  50      13010676 
  50      601B3ED4 
  50      72F123AC 
  50      80016C7C 
  51 012f A54FA6EB 		.ascii	"\245O\246\353\030\351R{\256\015\217K\316\213\002\360"
  51      18E9527B 
  51      AE0D8F4B 
  51      CE8B02F0 
  52 013f 634A7205 		.ascii	"cJr\005\233\2567\226f8D\210\275{\374\025\273&P\226N"
  52      9BAE3796 
  52      66384488 
  52      BD7BFC15 
  52      BB265096 
  53 0154 AE022C5D 		.ascii	"\256\002,]B\274\214\225\217\214L|\257\225O\021\025S"
  53      42BC8C95 
  53      8F8C4C7C 
  53      AF954F11 
  53      1553
  54 0166 2A31FB3F 		.ascii	"*1\373?\205\035\374G\330!\254\230\272=2\014\017S\310"
  54      851DFC47 
  54      D821AC98 
  54      BA3D320C 
  54      0F53C8
  55 0179 556C28E1 		.ascii	"Ul(\341\260\261\016\265S\312\005\310\357\307:\307/\272"
  55      B0B10EB5 
  55      53CA05C8 
  55      EFC73AC7 
  55      2FBA
  56 018b 986473F3 		.ascii	"\230ds\3634\376ZO\213\311SSw\350\227o\017\264;g\036"
  56      34FE5A4F 
  56      8BC95353 
  56      77E8976F 
ARM GAS  /var/folders/nx/qt6_p4ls4xzbnqkz75ny5wl40000gp/T//ccriKSMH.s 			page 4


  56      0FB43B67 
  57 01a0 50AA61E4 		.ascii	"P\252a\344\267C{\247\265\252\375\015\315\324\377ET\320"
  57      B7437BA7 
  57      B5AAFD0D 
  57      CDD4FF45 
  57      54D0
  58 01b2 8E9FA024 		.ascii	"\216\237\240$o\360\010\011\3724\263\007*\364\031\316"
  58      6FF00809 
  58      FA34B307 
  58      2AF419CE 
  59 01c2 A4C03BAF 		.ascii	"\244\300;\257>:\202\234\307\356\006<J\350 6|\327\266"
  59      3E3A829C 
  59      C7EE063C 
  59      4AE82036 
  59      7CD7B6
  60 01d5 F5871633 		.ascii	"\365\207\0263\307\335\241\366?gko\307\004\346\372>4"
  60      C7DDA1F6 
  60      3F676B6F 
  60      C704E6FA 
  60      3E34
  61 01e7 D8DB355D 		.ascii	"\330\3335]\002~\316\230\310\303n\275\334m\002~\301\220"
  61      027ECE98 
  61      C8C36EBD 
  61      DC6D027E 
  61      C190
  62 01f9 CC83C6DB 		.ascii	"\314\203\306\333\027\001\036c\304\310E\022\227\313X"
  62      17011E63 
  62      C4C84512 
  62      97CB58
  63 0208 1B609C41 		.ascii	"\033`\234A[\376)\303\343h\222\372\023|\314\020\256#"
  63      5BFE29C3 
  63      E36892FA 
  63      137CCC10 
  63      AE23
  64 021a F7EFDE93 		.ascii	"\367\357\336\223\327e\371\317\330\246Z\334I\341\340"
  64      D765F9CF 
  64      D8A65ADC 
  64      49E1E0
  65 0229 885D8393 		.ascii	"\210]\203\2231\247AM\306/\261\\[\260g\363\033\255\305"
  65      31A7414D 
  65      C62FB15C 
  65      5BB067F3 
  65      1BADC5
  66 023c B4825FA1 		.ascii	"\264\202_\241\2417\012x\022\331\343\336\255\373\037"
  66      A1370A78 
  66      12D9E3DE 
  66      ADFB1F
  67 024b 1BE5F733 		.ascii	"\033\345\3673\321E\314\275|\257;^\244\243\023\034\215"
  67      D145CCBD 
  67      7CAF3B5E 
  67      A4A3131C 
  67      8D
  68 025c A7E8F4DE 		.ascii	"\247\350\364\336\300\306\241\201\336\276gsw\321\225"
  68      C0C6A181 
  68      DEBE6773 
  68      77D195
  69 026b 6D8B5920 		.ascii	"m\213Y \364\264\026z\0065\262\367\233\035\235b\343\244"
ARM GAS  /var/folders/nx/qt6_p4ls4xzbnqkz75ny5wl40000gp/T//ccriKSMH.s 			page 5


  69      F4B4167A 
  69      0635B2F7 
  69      9B1D9D62 
  69      E3A4
  70 027d DAA61C49 		.ascii	"\332\246\034I\341\034#W\030\306\263\270\221\276\013"
  70      E11C2357 
  70      18C6B3B8 
  70      91BE0B
  71 028c 57D6F1A9 		.ascii	"W\326\361\251>6\357\373_>vi\037\263g\310NK\335\377\356"
  71      3E36EFFB 
  71      5F3E7669 
  71      1FB367C8 
  71      4E4BDDFF 
  72 02a1 E37056B0 		.ascii	"\343pV\260#\337\307\355\375\354\3439\306\212\012|\274"
  72      23DFC7ED 
  72      FDECE339 
  72      C68A0A7C 
  72      BC
  73 02b2 49627B18 		.ascii	"Ib{\030r\346\3738J>\236g\304\225\347\343\356r\326\006"
  73      72E6FB38 
  73      4A3E9E67 
  73      C495E7E3 
  73      EE72D606 
  74 02c6 D8FB741F 		.ascii	"\330\373t\037/\350\366\364M\361\361\235\373Cq\363o\213"
  74      2FE8F6F4 
  74      4DF1F19D 
  74      FB4371F3 
  74      6F8B
  75 02d8 BAB54517 		.ascii	"\272\265E\027\265E\371~\\\"?\370;4\364/\204\2359\233"
  75      B545F97E 
  75      5C223FF8 
  75      3B34F42F 
  75      849D399B 
  76 02ec 42DED5D3 		.ascii	"B\336\325\323:]L\001\375\2316\337\302X\"\265\\3\201"
  76      3A5D4C01 
  76      FD9936DF 
  76      C25822B5 
  76      5C3381
  77 02ff FF45C809 		.ascii	"\377E\310\011(\357\\\217\307\252\014V\257\256^\356\263"
  77      28EF5C8F 
  77      C7AA0C56 
  77      AFAE5EEE 
  77      B3
  78 0310 C2512B58 		.ascii	"\302Q+X\025\262\326\205#\265Q\313\267\322;\177\236\265"
  78      15B2D685 
  78      23B551CB 
  78      B7D23B7F 
  78      9EB5
  79 0322 6CD9126B 		.ascii	"l\331\022k\345Ro\375\\+Z\273*\024Z\343\361\203\255\276"
  79      E5526FFD 
  79      5C2B5ABB 
  79      2A145AE3 
  79      F183ADBE 
  80 0336 2A541778 		.ascii	"*T\027x!7.R\233\011[\274\302[\351]o\371\203\376p$\260"
  80      21372E52 
  80      9B095BBC 
  80      C25BE95D 
ARM GAS  /var/folders/nx/qt6_p4ls4xzbnqkz75ny5wl40000gp/T//ccriKSMH.s 			page 6


  80      6FF983FE 
  81 034d AA7E618D 		.ascii	"\252~a\215'\010\236\\n`}\255U\351\365-\365Y\325k\375"
  81      27089E5C 
  81      6E607DAD 
  81      55E9F52D 
  81      F559D56B 
  82 0362 A1BA3501 		.ascii	"\241\2725\001Ks\3755/\325\255\365\023\375\271BI\341"
  82      4B73FD35 
  82      2FD5ADF5 
  82      13FDB942 
  82      49E1
  83 0374 283DA806 		.ascii	"(=\250\006\217\205\014\002\262\231\202\321\015Qb\224"
  83      8F850C02 
  83      B29982D1 
  83      0D516294 
  84 0384 787D2BDC 		.ascii	"x}+\334\253\253\242\201u\221\352\027\335\317\317\001"
  84      ABABA281 
  84      7591EA17 
  84      DDCFCF01 
  85 0394 11017B4D 		.ascii	"\021\001{M\240&\034\331\000\177\001y\223\026i"
  85      A0261CD9 
  85      007F0179 
  85      931669
  86              		.text
  87              		.section	.gnu.lto_st_lld_init.6667886daec14fd6,"",%progbits
  88 0000 789C9D94 		.ascii	"x\234\235\224KL\023A\030\307\347?\273\335.\324\367I"
  88      4B4C1341 
  88      18C7E73F 
  88      BBDD2ED4 
  88      F749
  89 0012 1B120F1E 		.ascii	"\033\022\017\036\270X6\210\007\357r1\201x\200\273\361"
  89      B8583688 
  89      07EF7231 
  89      817880BB 
  89      F1
  90 0023 71808404 		.ascii	"q\200\204\004#\304\033a\253\305\020c\014\2121\276*\242"
  90      23C41B61 
  90      ABC51063 
  90      0C8A31BE 
  90      2AA2
  91 0035 4140E421 		.ascii	"A@\344!j\345\341c\305\007\025\004$\030!\004!FH \021"
  91      6AE5E163 
  91      C5071504 
  91      24182104 
  91      21464820 
  92 004a 52C04856 		.ascii	"R\300HV\2438\337l)\"\027\350&\235ig\276\376~\337\267"
  92      A338DF6C 
  92      292217E8 
  92      269D6967 
  92      BEFE7EDF 
  93 005f F3ED2A6C 		.ascii	"\363\355*l\365\345\025\237t\027cib\206\302\300\313z"
  93      F5E5159F 
  93      74176369 
  93      6286C2C0 
  93      CB7A
  94 0071 19F3EB1C 		.ascii	"\031\363\353\034\240/\014\254\230\243\030S|\226\243"
  94      A02F0CAC 
ARM GAS  /var/folders/nx/qt6_p4ls4xzbnqkz75ny5wl40000gp/T//ccriKSMH.s 			page 7


  94      98A31853 
  94      7C96A3
  95 0080 CCAABBE2 		.ascii	"\314\252\273\342I\2562M3\322\\\276\243d\273\315\031"
  95      49AE324D 
  95      33D25CBE 
  95      A364BBCD 
  95      19
  96 0091 9BE70E06 		.ascii	"\233\347\016\006\325Hf\"f6\360{\320\243\005D\314\026"
  96      D5486622 
  96      6636F07B 
  96      D0A30544 
  96      CC16
  97 00a3 670F35D0 		.ascii	"g\0175\320 \346\306m\226\271\270x\347\306\271\240k+"
  97      20E6C66D 
  97      96B9B878 
  97      E7C6B9A0 
  97      6B2B
  98 00b5 6736172E 		.ascii	"g6\027.1\270h\320h`l\\\204\223s\202s\232\225at\204f"
  98      31B868D0 
  98      68606C5C 
  98      84937382 
  98      739A9561 
  99 00cc 3FEE25C0 		.ascii	"?\356%\300\002'\177W\270\2525a\222\333\234\233\267J"
  99      02277F57 
  99      B8AA3561 
  99      92DB9C9B 
  99      B74A
 100 00de 4D957463 		.ascii	"M\225tc\343}\375\272\\b\364\363\324\335\3126=\210\353"
 100      E37DFDBA 
 100      5C62F4F3 
 100      D4DDCA36 
 100      3D88EB
 101 00f1 B0B9825A 		.ascii	"\260\271\202Zxq\017^\271\361\365\347\265\011\217\257"
 101      78710F5E 
 101      B9F1F5E7 
 101      B5098FAF 
 102 0101 CE0CF875 		.ascii	"\316\014\370u\233\253\250C\020s2s\334\207\217\015\343"
 102      9BABA843 
 102      10733273 
 102      DC878F0D 
 102      E3
 103 0112 F477CDF1 		.ascii	"\364w\315\361(\216\25238\331\254\022\027`\250\027\020"
 103      288EAA33 
 103      38D9AC12 
 103      1760A817 
 103      10
 104 0123 91CC4550 		.ascii	"\221\314EP\310:,\015\313\226F\370\004\233(\241\013\237"
 104      C83A2C0D 
 104      CB9646F8 
 104      049B28A1 
 104      0B9F
 105 0135 5447E512 		.ascii	"TG\345\022\377X\250\231\032\222\371\273L\253\314\334"
 105      FF58A899 
 105      1A92F9BB 
 105      4CABCCDC 
 106 0145 B4A22497 		.ascii	"\264\242$\227d\366\224\367\005\341\31044\011\331\203"
 106      64F694F7 
ARM GAS  /var/folders/nx/qt6_p4ls4xzbnqkz75ny5wl40000gp/T//ccriKSMH.s 			page 8


 106      05E1C834 
 106      3409D983 
 107 0155 A8AC34FC 		.ascii	"\250\2544\374cZ_\2265K\031\335i<\\Y\022\251V\325\260"
 107      635A5F96 
 107      354B19DD 
 107      693C5C59 
 107      12A956D5 
 108 016a 56ECA365 		.ascii	"V\354\243e\354c\252A#J$2\030pGA3\335\235g\\\224\256"
 108      EC63AA41 
 108      234A2432 
 108      18704741 
 108      33DD9D67 
 109 0181 5B9CF97F 		.ascii	"[\234\371\177\207\342\226\304\253g\303\227\024\241\362"
 109      87E296C4 
 109      AB67C397 
 109      14A1F2
 110 0190 9BA6B5D3 		.ascii	"\233\246\265\323\346:BB\367$\252\273=c%\221\015$k\221"
 110      E63A4242 
 110      F724AABB 
 110      3D632591 
 110      0D246B91 
 111 01a4 32D935AD 		.ascii	"2\3315\255\360Q7U\177iM$\222Z\261\217\241\315\251!\322"
 111      F0513755 
 111      7F694D24 
 111      925AB18F 
 111      A1CDA921 
 112 01b9 3412B3AF 		.ascii	"4\022\263\257\235\335.\331\012\261\237J\366\237\323"
 112      9DDD2ED9 
 112      0AB19F4A 
 112      F69FD3
 113 01c8 032148F6 		.ascii	"\003!H\366\242\27063<\213\342#\361\340\237K\274J\370"
 113      A2B83633 
 113      3C8BE223 
 113      F1E09F4B 
 113      BC4AF8
 114 01db 17121FBB 		.ascii	"\027\022\037\273\011b\015\326R\346\237\327\215N\300"
 114      09620DD6 
 114      52E69FD7 
 114      8D4EC0
 115 01ea 4B8916DD 		.ascii	"K\211\026\335@;\037\332k\347a\324\213\343\261v\223\267"
 115      403B1FDA 
 115      6BE761D4 
 115      8BE3B176 
 115      93B7
 116 01fc 033EECF2 		.ascii	"\003>\354\362\312\036{\005#&\212\254_\244\342\265\024"
 116      CA1E7B05 
 116      23268AAC 
 116      5FA4E2B5 
 116      14
 117 020d 69C47A23 		.ascii	"i\304z#\260\261\244G\343`\275\225,7\261:\377aE\342a"
 117      B0B1A447 
 117      E360BD95 
 117      2C37B13A 
 117      FF6145E2 
 118 0222 85254B27 		.ascii	"\205%K'\326;\301\252_\312k,\016V\227d%\020\253;\312"
 118      D63BC1AA 
 118      5FCA6B2C 
ARM GAS  /var/folders/nx/qt6_p4ls4xzbnqkz75ny5wl40000gp/T//ccriKSMH.s 			page 9


 118      0E569764 
 118      2510AB3B 
 119 0237 1A418955 		.ascii	"\032A\211U> \037\014\012\2779p\276\201\027\3752KM\361"
 119      3E201F0C 
 119      0ABF3970 
 119      BE8117FD 
 119      324B4DF1 
 120 024b 0024CE53 		.ascii	"\000$\316S\357\343=\212h\253en\272B\266\243'\211\241"
 120      EFE33D8A 
 120      68AB656E 
 120      BA42B6A3 
 120      2789A1
 121 025e 075EB134 		.ascii	"\007^\2614T\371\355\362F\271\2443\364\302k\363\015l"
 121      54F9EDF2 
 121      46B9A433 
 121      F4C26BF3 
 121      0D6C
 122 0270 147EAB3F 		.ascii	"\024~\253?K\362\030\275\326@\2573\321\325\251))\306"
 122      4BF218BD 
 122      D640AF33 
 122      D1D5A929 
 122      29C6
 123 0282 FE9CDC23 		.ascii	"\376\234\334#\271\007\263\214\374\002#\347p\236q<\377"
 123      B907B38C 
 123      FC0223E7 
 123      709E713C 
 123      FF
 124 0293 44618191 		.ascii	"Da\201\221\225\235\231\266\307\310\310H7\262\017d\236"
 124      959D99B6 
 124      C7C8C848 
 124      37B20F64 
 124      9E
 125 02a4 4C350A0A 		.ascii	"L5\012\012\017\345\345\035K9\312\376\002[\235\341\243"
 125      0FE5E51D 
 125      4B39CAFE 
 125      025B9DE1 
 125      A3
 126              		.text
 127              		.section	.gnu.lto_.symbol_nodes.6667886daec14fd6,"",%progbits
 128 0000 789C4DC8 		.ascii	"x\234M\310\253\021\2000\024D\321\233}\021tA\023tE\021"
 128      AB118030 
 128      1444D19B 
 128      7D117441 
 128      13744511 
 129 0014 0F05367C 		.ascii	"\017\0056|4C\023t\200\246\212H\212 3 \262\253\3165\240"
 129      34431374 
 129      80A68A48 
 129      8A203320 
 129      B2ABCE35 
 130 0029 E79F921C 		.ascii	"\347\237\222\034\322\015\356\354G\203fy\250CX\344\372"
 130      D20DEEEC 
 130      47836679 
 130      A84358E4 
 130      FA
 131 003a 02C350BC 		.ascii	"\002\303P\274\312\255\366&\217\225\255<\237\235!\256"
 131      CAADF626 
 131      8F95AD3C 
ARM GAS  /var/folders/nx/qt6_p4ls4xzbnqkz75ny5wl40000gp/T//ccriKSMH.s 			page 10


 131      9F9D21AE 
 132 004a F1692D44 		.ascii	"\361i-D\362\364\264\274\0134\034}"
 132      F2F4B4BC 
 132      0B341C7D 
 133              		.text
 134              		.section	.gnu.lto_.refs.6667886daec14fd6,"",%progbits
 135 0000 789C6366 		.ascii	"x\234cf```d\200\002\000\000=\000\005"
 135      60606064 
 135      80020000 
 135      3D0005
 136              		.text
 137              		.section	.gnu.lto_.decls.6667886daec14fd6,"",%progbits
 138 0000 789CB558 		.ascii	"x\234\265XkPTG\026\236\276=\0140\274\\\314\232\254\265"
 138      6B505447 
 138      169EBE3D 
 138      0C30BC5C 
 138      CC9AACB5 
 139 0014 5551B796 		.ascii	"UQ\267\226M\262\321\021\310Vv\177%2\240R\221\350\016"
 139      4DB2D111 
 139      C856767F 
 139      2532A052 
 139      91E80E
 140 0027 249BCD6E 		.ascii	"$\233\315n\325\204\214c\2402@\026\306\254\376\273\002"
 140      D5848C63 
 140      A0324016 
 140      C6ACFEBB 
 140      02
 141 0038 11F00522 		.ascii	"\021\360\005\"*\210\017\304Q\021D\300'(\002\276x)\017"
 141      2A880FC4 
 141      511144C0 
 141      272802BE 
 141      78290F
 142 004b 11C56740 		.ascii	"\021\305g@\243\"\242\006\"\006\361\301\354\351\356{"
 142      A322A206 
 142      2206F1C1 
 142      ECE9EE7B 
 143 005b E7DEB90C 		.ascii	"\347\336\271\014\331\374Hn\325\231{O\367\327_\177}\372"
 143      D9FC486E 
 143      D5997B4F 
 143      F7D75F7F 
 143      7DFA
 144 006d 7500AB54 		.ascii	"u\000\253T\252\271H\245\262\303\363\346$\225*@\255R"
 144      AAB948A5 
 144      B2C3F3E6 
 144      24952A40 
 144      AD52
 145 007f 61285B00 		.ascii	"a([\000\006\305\252r\025{\334\300\016\202\035\006\253"
 145      06C5AA72 
 145      157BDCC0 
 145      0E821D06 
 145      AB
 146 0090 043B0A56 		.ascii	"\004;\012V\253\032\373\020\214\267\320~*\030\006\022"
 146      AB1AFB10 
 146      8CB7D07E 
 146      2A180612 
 147 00a0 04760ABE 		.ascii	"\004v\012\276}\205:\302\351\005e\023\300~\003\266_\350"
 147      7D853AC2 
ARM GAS  /var/folders/nx/qt6_p4ls4xzbnqkz75ny5wl40000gp/T//ccriKSMH.s 			page 11


 147      E9056513 
 147      C07E03B6 
 147      5FE8
 148 00b2 EB11988F 		.ascii	"\353\021\230\217\3001\021\012~\013\366*\330\357\300"
 148      C031110A 
 148      7E0BF62A 
 148      D8EFC0
 149 00c1 5E079B8A 		.ascii	"^\007\233\212X\277\177\200\367\037\301\376\004\366&"
 149      58BF7F80 
 149      F71FC1FE 
 149      04F626
 150 00d0 627A94CF 		.ascii	"bz\224\317a\201K\324\361\001\340\302\005\035\237\300"
 150      61814BD4 
 150      F101E0C2 
 150      051D9FC0 
 151 00e0 FB1F48D2 		.ascii	"\373\037H\322v\015\312\376\211\230\256\343`Z\2600\360"
 151      760DCAFE 
 151      8998AEE3 
 151      605AB030 
 151      F0
 152 00f1 23C146E1 		.ascii	"#\301F\341\373{\260A\260\027`O\300\036\203=\007\033"
 152      FB7BB041 
 152      B017604F 
 152      C01E833D 
 152      071B
 153 0103 02E384BE 		.ascii	"\002\343\204\276\\\305b\220CU\373\206Z\274\356q\310"
 153      5CC56290 
 153      4355FB86 
 153      5ABCEE71 
 153      C8
 154 0114 573B85B8 		.ascii	"W;\205\270G\263\033s5\340zk\325\304\255\255yZ\257\305"
 154      47B31B73 
 154      35E07A6B 
 154      D5C4ADAD 
 154      795AAFC5 
 155 0128 1C22DF3B 		.ascii	"\034\"\337;rovj\337.\346y>\235\257\273\214$\212U\351"
 155      726F766A 
 155      DF2EE679 
 155      3E9DAFBB 
 155      8C248A55 
 156 013d 3D4D5AEC 		.ascii	"=MZ\354OA\313v\035[\345\016\355\247jiUw\376\210\315"
 156      4F41CB76 
 156      1D5BE50E 
 156      EDA76A69 
 156      5577FE88 
 157 0152 93BA64FA 		.ascii	"\223\272d\372\374\240\210k\274\313\357\360E\001Z\033"
 157      FCA0886B 
 157      BCCBEFF0 
 157      45015A1B 
 158 0162 100D1CCF 		.ascii	"\020\015\034\317\256\377=\317\253Q\031\322\242\022\204"
 158      AEFF3DCF 
 158      AB5119D2 
 158      A21284
 159 0171 51317A9B 		.ascii	"Q1z\233\204\232\264&O:\317'\363Y)\274g\243\257\012\355"
 159      849AB426 
 159      4F3ACF27 
 159      F35929BC 
ARM GAS  /var/folders/nx/qt6_p4ls4xzbnqkz75ny5wl40000gp/T//ccriKSMH.s 			page 12


 159      67A3AF0A 
 160 0186 46935111 		.ascii	"F\223Q\021\232\254B\373P\000 (\026\355\205\302R(\004"
 160      9AAC42FB 
 160      50002028 
 160      16ED85C2 
 160      522804
 161 0199 E2332F6A 		.ascii	"\3423/jR\335\2206\300u\243\012\027\215\250\204g)\331"
 161      52DD9036 
 161      C075A30A 
 161      178DA884 
 161      6729D9
 162 01ac 93888472 		.ascii	"\223\210\204r\220\260G\222\000\212\230\006R\001#9\366"
 162      90B04792 
 162      008A9806 
 162      52012339 
 162      F6
 163 01bd FC56A7FA 		.ascii	"\374V\247\372\325\365\320\202pOP\243\005\223\034\344"
 163      D5F5D082 
 163      704F50A3 
 163      05931CE4 
 164 01cd 2AB41FBD 		.ascii	"*\264\037\275\012\277\377R\263\200\014\325\265_\302"
 164      0ABFFF52 
 164      B3800CD5 
 164      B55FC2
 165 01dc F81CA211 		.ascii	"\370\034\242\021I>p\"\315k\312V\276\240|\240\264w\330"
 165      493E7022 
 165      CD6BCA56 
 165      BEA07CA0 
 165      B477D8
 166 01ef 338F2F48 		.ascii	"3\217/H\346G\355vD\033\241\003\216\036U\344\233\365"
 166      E647ED76 
 166      441BA103 
 166      8E1E55E4 
 166      9BF5
 167 0201 78104D81 		.ascii	"x\020M\201\206\0276e\037D8\215\005\377X\326\272\233"
 167      86173665 
 167      1F44388D 
 167      05FF58D6 
 167      BA9B
 168 0213 DE94A527 		.ascii	"\336\224\245'\277\311\\\227\312\277\260\3331\2438$\243"
 168      BFC95C97 
 168      CABFB0DB 
 168      31A33824 
 168      A3
 169 0224 3824521C 		.ascii	"8$R\034\246\024\273\373\217\026{\342u\214\342\364\305"
 169      A614BBFB 
 169      8F167BE2 
 169      758CE2F4 
 169      C5
 170 0235 221D30F4 		.ascii	"\"\0350\364\360\003\255}\303!kS\262l|\217\335\376:#"
 170      F003AD7D 
 170      C3216B53 
 170      B26C7C8F 
 170      DDFE3A23 
 171 0249 39222339 		.ascii	"9\"#9\"\222TR\222\014\373\243J-\356`$\266\023]\367\335"
 171      22925452 
 171      920CFBA3 
ARM GAS  /var/folders/nx/qt6_p4ls4xzbnqkz75ny5wl40000gp/T//ccriKSMH.s 			page 13


 171      4A2DEE60 
 171      24B6135D 
 172 025f 284B79CB 		.ascii	"(Ky\313\312}\\\036\277]>\232*\031K\225\310r\224\262"
 172      CA7D5C1E 
 172      BF5D3E9A 
 172      2A194B95 
 172      C87294B2 
 173 0273 A4979657 		.ascii	"\244\227\226W{\2529\026O\022)(\333\324\2767\337\333"
 173      7BAA3916 
 173      4F122928 
 173      DBD4BE37 
 173      DFDB
 174 0285 51760CD1 		.ascii	"Qv\014\321\302\322\314'\247\275\307\015\364q\032\350"
 174      C2D2CC27 
 174      A7BDC70D 
 174      F4711AE8 
 175 0295 6A24447A 		.ascii	"j$Dz\177g\311V-N\303T[g\355\262\"\015\323V\331\362\205"
 175      7F67C956 
 175      2D4EC354 
 175      5B67EDB2 
 175      220DD356 
 176 02ac 4C1A3442 		.ascii	"L\0324B52i5\242\264Z*\255\276\257f\2157\335\002\274"
 176      35326935 
 176      A2B45A2A 
 176      ADBEAF66 
 176      8D37DD02 
 177 02c1 86F094D7 		.ascii	"\206\360\224\327\226dx\322=\360\031qOV\245mQ\343z\326"
 177      966478D2 
 177      3DF01971 
 177      4F56A56D 
 177      51E37AD6 
 178 02d5 C7C393B6 		.ascii	"\307\303\223\266%ZXa)?o\205A\213\324<\373\023\214;X"
 178      255A5861 
 178      293F6F85 
 178      418BD43C 
 178      FB138C3B 
 179 02ea F34D2365 		.ascii	"\363M#e{\274\360%\301\311k\270\246\306W\231c[\277a\257"
 179      7BBCF025 
 179      C1C96BB8 
 179      A6C65799 
 179      635BBF61 
 180 02ff 1BEDD483 		.ascii	"\033\355\324\203\356\251\266\316LO\334\315\352v\345"
 180      EEA9B6CE 
 180      4C4FDCCD 
 180      EA76E5
 181 030e 0C67F8E1 		.ascii	"\014g\370\341\333\3149{\353\351co\012\234@\334\221\347"
 181      DBCC397B 
 181      EBE9636F 
 181      0A9C40DC 
 181      91E7
 182 0320 9D5738DC 		.ascii	"\235W8\334\313\352\232/\335,t\303\375\314\311\033>W"
 182      CBEA9A2F 
 182      DD2C74C3 
 182      FDCCC91B 
 182      3E57
 183 0332 EF4781AF 		.ascii	"\357G\201\257\021w8?%\305\017\017\262\272\202\335/\355"
 183      1177383F 
ARM GAS  /var/folders/nx/qt6_p4ls4xzbnqkz75ny5wl40000gp/T//ccriKSMH.s 			page 14


 183      25C50F0F 
 183      B2BA82DD 
 183      2FED
 184 0344 BE789839 		.ascii	"\276x\2309\342\021\340\315\216\200\315'\356\237\367"
 184      E211E0CD 
 184      8E80CD27 
 184      EE9FF7
 185 0353 C12F58DD 		.ascii	"\301/X\335\343[\311\243\010\303\366 N\321\255\326l\037"
 185      E35BC9A3 
 185      08C3F620 
 185      4ED1ADD6 
 185      6C1F
 186 0365 0A7C83B8 		.ascii	"\012|\203\270\333rF\3648\225U\035\035\\9\344\201\323"
 186      DB7246F4 
 186      3895551D 
 186      1D5C39E4 
 186      81D3
 187 0377 99D33DDC 		.ascii	"\231\323=\334}\322\235\342f\022w}\365\346lO\026_Z\275"
 187      7DD29DE2 
 187      6612777D 
 187      F5E66C4F 
 187      165F5ABD 
 188 038b 669FED31 		.ascii	"f\237\3551\023\206)\353\366\353\3470\211)/\304\024*"
 188      138629EB 
 188      F6EBE730 
 188      89292FC4 
 188      142A
 189 039d 64337E85 		.ascii	"d3~\205lD\364\306dt\231\305sK\177{\261\237\177\026\205"
 189      6C44F4C6 
 189      647499C5 
 189      734B7F7B 
 189      B19F7F16 
 190 03b2 F3FC142B 		.ascii	"\363\374\024+];]\000o\246\360\253\310_lD\320\033/\026"
 190      5D3B5D00 
 190      6FA6F0AB 
 190      C85F6C44 
 190      D01B2F16 
 191 03c6 0DB8CBD1 		.ascii	"\015\270\313\321\247~\012\275bCN=\302\253\330(..\273"
 191      A77E0ABD 
 191      62434E3D 
 191      C2ABD828 
 191      2E2EBB
 192 03d9 7B89C359 		.ascii	"{\211\303Y\314\331\277c\347a\266&\336\247C\350:\177"
 192      CCD9BF63 
 192      E761B626 
 192      DEA743E8 
 192      3A7F
 193 03eb D11DAF67 		.ascii	"\321\035\257guU\025Y#\276\264n.q\233\016\255\256\323"
 193      75551559 
 193      23BEB46E 
 193      2E719B0E 
 193      ADAED3
 194 03fe E23C56F7 		.ascii	"\342<V\367\262\344\366S\016oeNo\315\003\236\243\300"
 194      B2E4F653 
 194      0E6F654E 
 194      6FCD039E 
 194      A3C0
ARM GAS  /var/folders/nx/qt6_p4ls4xzbnqkz75ny5wl40000gp/T//ccriKSMH.s 			page 15


 195 0410 05C4FDF6 		.ascii	"\005\304\375\366\341\352n\017\274\335\271\003_\326\301"
 195      E1EA6E0F 
 195      BCDDB903 
 195      5FD6C1
 196 041f 8A951576 		.ascii	"\212\225\025v\367\361\203rW\014\312\2334&\313\266\354"
 196      F7F18372 
 196      570CCA9B 
 196      3426CBB6 
 196      EC
 197 0430 ECC1C228 		.ascii	"\354\301\302(\013\304\230\334\001t\003E\367\322Q\336"
 197      0BC498DC 
 197      01740345 
 197      F7D251DE 
 198 0440 15473978 		.ascii	"\025G9x9\265\315K\216>\365S\350\226\037\213\266h\360"
 198      39B5CD4B 
 198      8E3EF553 
 198      E8961F8B 
 198      B668F0
 199 0453 6EA632BD 		.ascii	"n\2462\275:g\027\013\303'\340N\272\326\226V\346\203"
 199      3A67170B 
 199      C327E04E 
 199      BAD69656 
 199      E683
 200 0465 A6B167E2 		.ascii	"\246\261g\3424\331\0230\255\200OM\031\270^\261\367\335"
 200      34D91330 
 200      AD804F4D 
 200      19B85EB1 
 200      F7DD
 201 0477 AAFD7C5D 		.ascii	"\252\375|]*\246\235\334\202M\370\003\232(\355\231\357"
 201      2AA69DDC 
 201      824DF803 
 201      9A28ED99 
 201      EF
 202 0488 688F6FC1 		.ascii	"h\217o\301\217\212\340\013\356\227j\032gR\350M%\264"
 202      8F8AE00B 
 202      EE976A1A 
 202      6752E84D 
 202      25B4
 203 049a 87427723 		.ascii	"\207Bw#\007\366\252\003\333\246\304\266+h[\035\320&"
 203      07F6AA03 
 203      DBA6C4B6 
 203      2B685B1D 
 203      D026
 204 04ac 25B45901 		.ascii	"%\264Y\001\275\341\200v*\241\027\224\012\2568\260\255"
 204      BDE18076 
 204      2AA11794 
 204      0AAE38B0 
 204      AD
 205 04bd 4A6C8B12 		.ascii	"Jl\213\022{\331\201=\347\032K%\254\025\026\352\373V"
 205      7BD9813D 
 205      E71A4B25 
 205      AC1516EA 
 205      FB56
 206 04cf 15AA83FA 		.ascii	"\025\252\203\372\023\264\212\240\341XAv8a\206\3204\364"
 206      13B48AA0 
 206      E1584176 
 206      386186D0 
ARM GAS  /var/folders/nx/qt6_p4ls4xzbnqkz75ny5wl40000gp/T//ccriKSMH.s 			page 16


 206      34F4
 207 04e1 18EC19D8 		.ascii	"\030\354\031\330\023\260G`\317\301\006\301\006\300\036"
 207      13B04760 
 207      CFC106C1 
 207      06C01E
 208 04f0 820D838D 		.ascii	"\202\015\203\215\202}\017\366\024\354\005\330K\260\037"
 208      827D0FF6 
 208      14EC05D8 
 208      4BB01F
 209 04ff C11E80F5 		.ascii	"\301\036\200\365\203\361\33444\202\246\321s\220\012"
 209      83F1DC34 
 209      3482A6D1 
 209      73900A
 210 050e 3CEB1078 		.ascii	"<\353\020xF)\360\015\305X\232\035\320\323.\241R4[\034"
 210      4629F00D 
 210      C5589A1D 
 210      D0D32EA1 
 210      52345B1C 
 211 0522 C84625B2 		.ascii	"\310F%\262A\031\241>\007\266\333\365\334K\264\327\034"
 211      4119A13E 
 211      07B6DBF5 
 211      DC4BB4D7 
 211      1C
 212 0533 D0F3AEA7 		.ascii	"\320\363\256\247^F\373\255\003{Q\211\275\344D\273\254"
 212      5E46FBAD 
 212      037B5189 
 212      BDE444BB 
 212      AC
 213 0544 E0E17440 		.ascii	"\340\341t@\336C\376\250O@\212\233\002\335W\0108\347"
 213      DE43FEA8 
 213      4F408A9B 
 213      02DD5708 
 213      38E7
 214 0556 20AD773D 		.ascii	" \255w=.\011\332\346\200\236u\275\366\034Z\227\025t"
 214      2E09DAE6 
 214      809E75BD 
 214      F61C5A97 
 214      1574
 215 0568 1301D740 		.ascii	"\023\001\327@\300u\001*\236T\202T\331\260\3569ho(i\277"
 215      C075012A 
 215      9E548254 
 215      D9B0EE39 
 215      686F2869 
 216 057d 5562AF3B 		.ascii	"Ub\257;\260\035\256\3274UK\262\241\236\246R\015\217"
 216      B01DAED7 
 216      34554BB2 
 216      A19EA652 
 216      0D8F
 217 058f 084425DE 		.ascii	"\010D%\336\226*\307\022\351yP\332\352\315\013L\267]"
 217      962AC712 
 217      E97950DA 
 217      EACD0B4C 
 217      B75D
 218 05a1 6F65D62B 		.ascii	"oe\326+dc\015\003U\243\030M\014p\265\242Q2\027\360\253"
 218      64630D03 
 218      55A3184D 
 218      0C70B5A2 
ARM GAS  /var/folders/nx/qt6_p4ls4xzbnqkz75ny5wl40000gp/T//ccriKSMH.s 			page 17


 218      513217F0 
 219 05b6 2F6A3A9C 		.ascii	"/j:\234Gq\036h\0317\021\235\224\022;261s=\276\255~\320"
 219      47711E68 
 219      1937119D 
 219      94123B32 
 219      3631733D 
 220 05ce DD7B8594 		.ascii	"\335{\205\2240R\260t\314\246p\3364O\2007\240\033K\266"
 220      3052B074 
 220      CCA670DE 
 220      344F8037 
 220      A01B4BB6 
 221 05e2 7C866FD2 		.ascii	"|\206o\322\203P\375\335\346\362\303~(`\362d\232\307"
 221      8350FDDD 
 221      E6F2C37E 
 221      2860F264 
 221      9AC7
 222 05f4 A6F3EFA3 		.ascii	"\246\363\357\243tN\213R9,\313\256s\241\374\351{\244"
 222      744E8B52 
 222      392CCBAE 
 222      73A1FCE9 
 222      7BA4
 223 0606 023E3DE8 		.ascii	"\002>=\350\233\346\246\003\331<~M\205\336\246\2477\372"
 223      9BE6A603 
 223      D93C7E4D 
 223      85DEA6A7 
 223      37FA
 224 0618 066241AA 		.ascii	"\006bA\252T(\215\233\214\226s\223\345\227\274/\273\344"
 224      54288D9B 
 224      8C967393 
 224      E597BC2F 
 224      BBE4
 225 062a 3775DD19 		.ascii	"7u\335\031\302\364\330\345\210\273\365\336\206M\236"
 225      C2F4D8E5 
 225      88BBF5DE 
 225      864D9E
 226 0639 D2018E68 		.ascii	"\322\001\216h\337\031\320z\005GT\257\344\244\003\234"
 226      DF19D07A 
 226      054754AF 
 226      E4A4039C 
 227 0649 38E482A8 		.ascii	"8\344\202\250+\275\340N\371\376Js\201\035=\375\210\362"
 227      2BBDE04E 
 227      F9FE4A73 
 227      811D3DFD 
 227      88F2
 228 065b B91337FB 		.ascii	"\271\0237\373\233\312Jv\201\321\374\307f\033\330\340"
 228      9BCA4A76 
 228      81D1FCC7 
 228      661BD8E0 
 229 066b 33FEDD93 		.ascii	"3\376\335\223\311\011w\317\032\246\365aJ\177\251F\272"
 229      C90977CF 
 229      1AA6F561 
 229      4A7FA946 
 229      BA
 230 067c 62999A55 		.ascii	"b\231\232U\240f5U\223E\325\320F\324!\027_n\335\012\265"
 230      A0663555 
 230      9345D5D0 
 230      46D42117 
ARM GAS  /var/folders/nx/qt6_p4ls4xzbnqkz75ny5wl40000gp/T//ccriKSMH.s 			page 18


 230      5F6EDD0A 
 231 0691 53D849F2 		.ascii	"S\330I\362(\365\260V\010\373Z\032\366\232\255\215\243"
 231      28F5B056 
 231      08FB5A1A 
 231      F69AAD8D 
 231      A3
 232 06a2 5A7C975D 		.ascii	"Z|\227]@\225\375\367\222=!\307\253+\037\0309`\013=\261"
 232      4095FDF7 
 232      923D21C7 
 232      AB2B1F18 
 232      39600B3D 
 233 06b7 7339DFC8 		.ascii	"s9\337\310\327A\226\267\255n\002e\311\346\244</[\230"
 233      D74196B7 
 233      AD6E0265 
 233      C9E6A43C 
 233      2F5B98
 234 06ca 0EB48E23 		.ascii	"\016\264\216#y\336\316{%\337c\234\357F\211~\270p\371"
 234      79DECE7B 
 234      25DF639C 
 234      EF46897E 
 234      B870F9
 235 06dd A907252A 		.ascii	"\251\007%*o9[\210\035iy\010e\311\221\261\344\210,\353"
 235      6F395B88 
 235      1D697908 
 235      65C991B1 
 235      E4882CEB 
 236 06f1 29CBCDCE 		.ascii	")\313\315\316\213\355Z\274\227\261\330\212\213oh\031"
 236      8BED5ABC 
 236      97B1D88A 
 236      8B6F6819 
 237 0701 0B24D54A 		.ascii	"\013$\325J\226\0152\226\015\"\313F\312r\273s\220\327"
 237      960D3296 
 237      0D22CB46 
 237      CA72BB73 
 237      90D7
 238 0713 E25AC6B2 		.ascii	"\342Z\306\262\353a\365=6\250\202\3342\015\035O-?\225"
 238      EB61F53D 
 238      36A882DC 
 238      320D1D4F 
 238      2D3F95
 239 0726 52E4CA28 		.ascii	"R\344\312(rE\212<n\274\214\372\332\201\321G~\343&\317"
 239      72458A3C 
 239      6EBC8CFA 
 239      DA81D147 
 239      7EE326CF 
 240 073a F91C499E 		.ascii	"\371\034I\2367qB\362<\332\223\311{\342&\246a{\337\225"
 240      377142F2 
 240      3CDA93C9 
 240      7BE226A6 
 240      617BDF95 
 241 074e 4C2DEE62 		.ascii	"L-\356b\316\303\206\321\003n@\215\266\320.\241$e]\335"
 241      CEC386D1 
 241      036E408D 
 241      B6D02EA1 
 241      24655DDD 
 242 0762 1062716F 		.ascii	"\020bqo9R4{m\231\024w\310\220\200\030m\026\225\242\255"
 242      3952347B 
ARM GAS  /var/folders/nx/qt6_p4ls4xzbnqkz75ny5wl40000gp/T//ccriKSMH.s 			page 19


 242      6D991477 
 242      C8908018 
 242      6D1695A2 
 243 0777 D0017199 		.ascii	"\320\001q\231\330mT\254\275\360\356\020\3029\032J_["
 243      D86D54AC 
 243      BDF0EE10 
 243      C2391A4A 
 243      5F5B
 244 0789 D2B85A23 		.ascii	"\322\270Z#Nb\365\274\261\223X \033u\201H\264\235\022"
 244      4E62F5BC 
 244      B1935820 
 244      1B758148 
 244      B49D12
 245 079c 3D6B38B1 		.ascii	"=k8\261\222\303E\214h\2600\277L\315\002\267\271b!\373"
 245      92C3458C 
 245      68B030BF 
 245      4CCD02B7 
 245      B96221FB 
 246 07b0 AB28259D 		.ascii	"\253(%\235c\177\214\024\312H\012E\222\035\224\344\344"
 246      637F8C14 
 246      CA480A45 
 246      921D94E4 
 246      E4
 247 07c1 8EAE8DEE 		.ascii	"\216\256\215\356\370\270@r\247\254\335G\\\011%"
 247      F8B84072 
 247      A7ACDD47 
 247      5C0925
 248 07d0 CA39B4C9 		.ascii	"\3129\264\311Xl\"\313N\312\262\261\255\311\037\2673"
 248      586C22CB 
 248      4ECAB2B1 
 248      ADC91FB7 
 248      33
 249 07e1 9282EB1D 		.ascii	"\222\202\353\035\037\010\353\240iT\311\261K\306\261"
 249      1F08EBA0 
 249      6954C9B1 
 249      4BC6B1
 250 07f0 4BE4D84D 		.ascii	"K\344\330M9\266\266\337\350S\343;\214d4\245\275\333"
 250      39B6B6DF 
 250      E853E33B 
 250      8C6434A5 
 250      BDDB
 251 0802 8D0DA751 		.ascii	"\215\015\247Q\261\016\212d\024E\"\305\036Jq.\317fcg"
 251      B10E8A64 
 251      144522C5 
 251      1E4A712E 
 251      CF666367 
 252 0816 4501CDA7 		.ascii	"E\001\315\247\355\207\273n\262\315\375\016=;Z\2732\334"
 252      ED87BB6E 
 252      B2CDFD0E 
 252      3D3B5ABB 
 252      32DC
 253 0828 F020EB21 		.ascii	"\360 \353!\271\375\301w~\370%s\370\314\336T\214yw\352"
 253      B9FDC177 
 253      7EF82573 
 253      F8CCDE54 
 253      8C7977EA 
 254 083c 6464A7F4 		.ascii	"dd\247\364z\340o\230s\241(+\335\003g0g\244\265\367\020"
ARM GAS  /var/folders/nx/qt6_p4ls4xzbnqkz75ny5wl40000gp/T//ccriKSMH.s 			page 20


 254      7AE06F98 
 254      73A1282B 
 254      DD036730 
 254      67A4B5F7 
 255 0851 C6D9CC39 		.ascii	"\306\331\3149\224\331\273M\215\363\231s\246ky\237\006"
 255      94D9BB4D 
 255      8DF39973 
 255      A66B799F 
 255      06
 256 0862 1732E7CA 		.ascii	"\0272\347\312\356\264u\036\270\2309kw\346,\347\360~"
 256      EEB4751E 
 256      B898396B 
 256      77E62CE7 
 256      F07E
 257 0874 E6D4D6B7 		.ascii	"\346\324\326\267\026z\342#\314y\362$3\231\303\307\230"
 257      167AE223 
 257      CC79F224 
 257      3399C3C7 
 257      98
 258 0885 D364CB1F 		.ascii	"\323d\313\037\361\305\247\230\363co[\035\302M\324\361"
 258      F1C5A798 
 258      F3636F5B 
 258      1DC24DD4 
 258      F1
 259 0896 1BE9BFDD 		.ascii	"\033\351\277\335\341)f\226,\265\024R\312m\265C\357\355"
 259      E1296696 
 259      2CB51452 
 259      CA6DB543 
 259      EFED
 260 08a8 9152CA52 		.ascii	"\221R\312R\010\314In\374\014d\264L\274\373\366\271D"
 260      08CC496E 
 260      FC0C64B4 
 260      4CBCFBF6 
 260      B944
 261 08ba CAAEC95C 		.ascii	"\312\256\311\\\262\204\030k\245\022;&\367[!\201\367"
 261      B284186B 
 261      A5123B26 
 261      F75B2181 
 261      F7
 262 08cb 2BC1CD4A 		.ascii	"+\301\315J\360\032\011|X\011\036\223\260\244K\340r%"
 262      F01A097C 
 262      58091E93 
 262      B0A44BE0 
 262      7225
 263 08dd 784CD294 		.ascii	"xL\322\224!\201+\\\313\220B\261Z\302\036r\255bL\016"
 263      21812B5C 
 263      CB9042B1 
 263      5AC21E72 
 263      AD624C0E 
 264 08f1 5A0CC778 		.ascii	"Z\014\307x\011=\306\011\232\\\327\015p]\035\205k\366"
 264      093DC609 
 264      9A5CD70D 
 264      705D1D85 
 264      6BF6
 265 0903 18D829B0 		.ascii	"\030\330)\260Z\260:\260\343`\215`g\300N\200\325\200"
 265      5AB03AB0 
 265      E3608D60 
ARM GAS  /var/folders/nx/qt6_p4ls4xzbnqkz75ny5wl40000gp/T//ccriKSMH.s 			page 21


 265      67C04E80 
 265      D580
 266 0915 9D06AB06 		.ascii	"\235\006\253\006\253\347dy\246\3351!e\256G'\011\316"
 266      ABE76479 
 266      A6DD3121 
 266      65AE4727 
 266      09CE
 267 0927 94041F71 		.ascii	"\224\004\037q=!\022v\225\204=\250\304\216I\306\363$"
 267      3D211276 
 267      95843DA8 
 267      C48E49C6 
 267      F324
 268 0939 7095122C 		.ascii	"p\225\022,K\012i\012\361\274\214dD\000q\225\021\255"
 268      4B0A690A 
 268      F1BC8C64 
 268      44007195 
 268      11AD
 269 094b ACB021D8 		.ascii	"\254\260!\330\354'\021\345:\340\272\343\267\204\224"
 269      EC2711E5 
 269      3AE0BAE3 
 269      B78494
 270 095a A8F0EAA9 		.ascii	"\250\360\352\251#\312\224H\0140j\206\270\376\0221\246"
 270      23CA9448 
 270      0C306A86 
 270      B8FE1231 
 270      A6
 271 096b 9A375578 		.ascii	"\2327Ux\203\346&\240\333\35387\350\020\304\304\307\276"
 271      83E626A0 
 271      DBEB3837 
 271      E810C4C4 
 271      C7BE
 272 097d BDE363A7 		.ascii	"\275\343c\247\013\270\311)\3579+\\\300g\351\005\274"
 272      0BB8C929 
 272      EF392B5C 
 272      C067E905 
 272      BC
 273 098e B1F8599F 		.ascii	"\261\370Y\237\033N\361\240\273\264\241\364\314U\037"
 273      1B4EF1A0 
 273      BBB4A1F4 
 273      CC551F
 274 099d 9CCD9CFE 		.ascii	"\234\315\234\376u\375/}q\036s\252w\245\325x\341\002"
 274      75FD2F7D 
 274      711E73AA 
 274      77A5D578 
 274      E102
 275 09af EA68CEAE 		.ascii	"\352h\316\256:\335\354\216\310\316e\333\266\347XI\263"
 275      3ADDEC8E 
 275      C8CE65DB 
 275      B6E75849 
 275      B3
 276 09c0 23776C03 		.ascii	"#wl\003Q\035?\271\254\253J\304ER\252\304\312v\255<\220"
 276      511D3FB9 
 276      ACAB4AC4 
 276      4552AAC4 
 276      CA76AD3C 
 277 09d5 D2DFF41D 		.ascii	"\322\337\364\035B\024;!\212\027!2\347\301.\200\265\313"
 277      42143B21 
ARM GAS  /var/folders/nx/qt6_p4ls4xzbnqkz75ny5wl40000gp/T//ccriKSMH.s 			page 22


 277      8A172132 
 277      E7C12E80 
 277      B5CB
 278 09e7 57E15147 		.ascii	"W\341QG\007\255\256\305H\013`_\011Y\000\035\256\027"
 278      07ADAEC5 
 278      480B605F 
 278      0959001D 
 278      AE17
 279 09f9 40A56C58 		.ascii	"@\245lX-.\245\212\263\177\351\374\360\012\310\030'R"
 279      2D2EA58A 
 279      B37FE9FC 
 279      F00AC818 
 279      2752
 280 0a0b CEEA0F3C 		.ascii	"\316\352\017<P\027@\317I\323\323!N\217\253Q\241K0\230"
 280      501740CF 
 280      49D3D321 
 280      4E8FAB51 
 280      A14B3098 
 281 0a1f FF3730F2 		.ascii	"\37770\362\357\206\364=s\234\346\265\313i^/\013\363"
 281      EF86F43D 
 281      739CE6B5 
 281      CB695E2F 
 281      0BF3
 282 0a31 7A99CEEB 		.ascii	"z\231\316\353\252\315][\274\235\320\307\235\322\260"
 282      AACD5D5B 
 282      BC9DD0C7 
 282      9DD2B0
 283 0a40 2B029ABC 		.ascii	"+\002\232\274=\026\307\306[\203\203\214V\315\234\017"
 283      3D16C7C6 
 283      5B83838C 
 283      56CD9C0F 
 284 0a50 3F9AA257 		.ascii	"?\232\242Wi\215F\261\344\337\272\305I\211:K\202)\332"
 284      698D46B1 
 284      E4DFBAC5 
 284      49893A4B 
 284      8229DA
 285 0a63 A2D39B2D 		.ascii	"\242\323\233-\226\350D]tb\334\364\370\204x\363ts\364"
 285      96E8445D 
 285      7462DCF4 
 285      F88478F3 
 285      7473F4
 286 0a76 E7B1D3BF 		.ascii	"\347\261\323\2770\231tA3\003\3772\363oA\201\316U\272"
 286      30997441 
 286      3303FF32 
 286      F36F4181 
 286      CE55BA
 287 0a89 D8789365 		.ascii	"\330x\223e\361B\263..\332\024\023\033o\326\031\027\232"
 287      F142B32E 
 287      2EDA1413 
 287      1B6FD619 
 287      179A
 288 0a9b 17452FB6 		.ascii	"\027E/\266X\215\326\245_\231\223f\304\250\376\376\013"
 288      588DD6A5 
 288      5F999366 
 288      C4A8FEFE 
 288      0B
 289 0aac 90272D4D 		.ascii	"\220'-M\322\031\223\254\013A/0z|l6Y\023\022Cf\006\316"
ARM GAS  /var/folders/nx/qt6_p4ls4xzbnqkz75ny5wl40000gp/T//ccriKSMH.s 			page 23


 289      D21993AC 
 289      0B412F30 
 289      7A7C6C36 
 289      59131243 
 290 0ac3 98A1D3C7 		.ascii	"\230\241\323\307\304~\036;?R\227\220\244\213\201\036"
 290      C47E1E3B 
 290      3F529790 
 290      A48B811E 
 291 0ad3 BE4A48B4 		.ascii	"\276JH\264&\351\"\243\"\202\203t\363\346\205\352\242"
 291      26E922A3 
 291      22828374 
 291      F3E685EA 
 291      A2
 292 0ae4 C223BE0E 		.ascii	"\302#\276\016\324%Y\215\026\313\302\031&\225\027\373"
 292      D425598D 
 292      16CBC219 
 292      269517FB 
 293 0af4 32C6C6C7 		.ascii	"2\306\306\307Z\375\215\004l\214M\374\217\321\374U\254"
 293      5AFD8D04 
 293      6C8C4DFC 
 293      8FD1FC55 
 293      AC
 294 0b05 25E18BC5 		.ascii	"%\341\213\305\346?;\023&Z\005\276Y\206\010}\304\022"
 294      E63F3B13 
 294      265A05BE 
 294      5986087D 
 294      C412
 295 0b17 9D29C694 		.ascii	"\235)\306\224\220h6~\375n\034\250\3607\305D.M\212\212"
 295      9068367E 
 295      FD6E1CA8 
 295      F037C544 
 295      2E4D8A8A 
 296 0b2b 8D3327CE 		.ascii	"\2153'\316\215\216_h1'\206O\035\323\\\034\200)\006\206"
 296      8D8E5F68 
 296      3127864F 
 296      1DD35C1C 
 296      80290686 
 297 0b3f 008D26C4 		.ascii	"\000\215&\304\177\035k\012\213\217\376\334bf\203\230"
 297      7F1D6B0A 
 297      8B8FFEDC 
 297      62668398 
 298 0b4f 3EDE104C 		.ascii	">\336\020L\011qq\011\361b\317\244\0314\007\371qd\302"
 298      09717109 
 298      F162CFA4 
 298      193407F9 
 298      7164C2
 299 0b62 62E38C56 		.ascii	"b\343\214V\2547\004\202\005\251##\364\006uhx\230\201"
 299      AC370482 
 299      05A92323 
 299      F4067568 
 299      789881
 300 0b75 8B34E0B0 		.ascii	"\2134\340\2609\0067\275>\302\020H\177\203\324z}\230"
 300      390637BD 
 300      3EC21048 
 300      7F83D47A 
 300      7D98
 301 0b87 01EB3F8C 		.ascii	"\001\353?\214\302\013\"\365x\226\301\200\015z\360\241"
ARM GAS  /var/folders/nx/qt6_p4ls4xzbnqkz75ny5wl40000gp/T//ccriKSMH.s 			page 24


 301      C20B22F5 
 301      7896C180 
 301      0D7AF0A1 
 302 0b97 41486894 		.ascii	"AHh\224\001\207\222\226\021\263\014\334|\326*\030\360"
 302      01879296 
 302      11B30CDC 
 302      7CD62A18 
 302      F0
 303 0ba8 9F18DEF9 		.ascii	"\237\030\336\371\371a\025\324\2004\265)&:\321?!)\332"
 303      F96115D4 
 303      8034B529 
 303      263AD13F 
 303      2129DA
 304 0bbb 02519997 		.ascii	"\002Q\231\227`\372rvbB\\x\244a\352X2\002\"\301!o\022"
 304      60FA7276 
 304      62425C78 
 304      A461EA58 
 304      320222C1 
 305 0bd2 131A4859 		.ascii	"\023\032HY\023\177:/\260b\2764.\202\022clR\242\247\243"
 305      137F3A2F 
 305      B062BE34 
 305      2E821263 
 305      6C52A2A7 
 306 0be7 C8C7684C 		.ascii	"\310\307hL2[\215!\263\"\303\026\030\302}\242-\377\215"
 306      325B8D21 
 306      B322C316 
 306      18C27DA2 
 306      2DFF8D
 307 0bfa 5E9A04F3 		.ascii	"^\232\004\363i\201\3057\303\271/\363\022\253N\037\021"
 307      6981C537 
 307      C3B92FF3 
 307      12AB4E1F 
 307      11
 308 0c0b 191E294D 		.ascii	"\031\036)M\003\231>S\334\354\305\361$\232\023\211\200"
 308      03993E53 
 308      DCECC5F1 
 308      249A1389 
 308      80
 309 0c1c F9CE53F8 		.ascii	"\371\316S\370\2120\202\217\342-2AT\241S\321+T\320\342"
 309      8A30828F 
 309      E22D3241 
 309      54A153D1 
 309      2B54D0E2 
 310 0c30 7827955E 		.ascii	"x'\225^\262B/\203^o\214\202=\020j^\304A\230\365\263"
 310      B2422F83 
 310      5E6F8C82 
 310      3D106A5E 
 310      C44198F5 
 311 0c45 E740E0C3 		.ascii	"\347@\340\303\015\036\263\026\204\004\031\"\243\350"
 311      0D1EB316 
 311      84041922 
 311      A3E8
 312 0c53 4720F9D0 		.ascii	"G \371\320\314\232\033\022\366\241\301\235T\010\357"
 312      CC9A1B12 
 312      F6A1C19D 
 312      5408EF
 313 0c62 4078C30C 		.ascii	"@x\303\014\221\251\212\204\202\271!\004\347F(\202\350"
ARM GAS  /var/folders/nx/qt6_p4ls4xzbnqkz75ny5wl40000gp/T//ccriKSMH.s 			page 25


 313      91A98A84 
 313      82B92104 
 313      E7462882 
 313      E8
 314 0c73 6F70F078 		.ascii	"op\360x#\215\214b\2634;x\311\0226?\213\202g\006/!\303"
 314      238D8C62 
 314      B3343B78 
 314      C912363F 
 314      8B826706 
 315 0c8a F50D0D99 		.ascii	"\365\015\015\231\023\241\377H\024\245\011\017\325\317"
 315      13A1FF48 
 315      14A5090F 
 315      D5CF
 316 0c98 0F0DD390 		.ascii	"\017\015\323\220\356f\177J^A\263?\375\037h\240\345\372"
 316      EE667F4A 
 316      5E41B33F 
 316      FD1F68A0 
 316      E5FA
 317              		.text
 318              		.section	.gnu.lto_.symtab.6667886daec14fd6,"",%progbits
 319 0000 56656374 		.ascii	"VectorB0\000\000\000\000\000\000\000\000\000\000\000"
 319      6F724230 
 319      00000000 
 319      00000000 
 319      000000
 320 0013 00B40000 		.ascii	"\000\264\000\000\000st_lld_init\000\000\000\000\000"
 320      0073745F 
 320      6C6C645F 
 320      696E6974 
 320      00000000 
 321 0028 00000000 		.ascii	"\000\000\000\000\000\000\000\266\000\000\000_port_i"
 321      000000B6 
 321      0000005F 
 321      706F7274 
 321      5F69
 322 003a 72715F65 		.ascii	"rq_epilogue\000\000\002\000\000\000\000\000\000\000"
 322      70696C6F 
 322      67756500 
 322      00020000 
 322      00000000 
 323 004f 0000B800 		.ascii	"\000\000\270\000\000\000chSysTimerHandlerI\000\000\002"
 323      00006368 
 323      53797354 
 323      696D6572 
 323      48616E64 
 324 006a 00000000 		.ascii	"\000\000\000\000\000\000\000\000\000\272\000\000\000"
 324      00000000 
 324      00BA0000 
 324      00
 325 0077 6E766963 		.ascii	"nvicEnableVector\000\000\002\000\000\000\000\000\000"
 325      456E6162 
 325      6C655665 
 325      63746F72 
 325      00000200 
 326 0090 000000BF 		.ascii	"\000\000\000\277\000\000\000"
 326      000000
 327              		.text
ARM GAS  /var/folders/nx/qt6_p4ls4xzbnqkz75ny5wl40000gp/T//ccriKSMH.s 			page 26


 328              		.section	.gnu.lto_.opts,"",%progbits
 329 0000 272D666E 		.ascii	"'-fno-trapv' '-mcpu=cortex-m4' '-mno-thumb-interwor"
 329      6F2D7472 
 329      61707627 
 329      20272D6D 
 329      6370753D 
 330 0033 6B272027 		.ascii	"k' '-mthumb' '-ggdb' '-O2' '-fomit-frame-pointer' '"
 330      2D6D7468 
 330      756D6227 
 330      20272D67 
 330      67646227 
 331 0066 2D66616C 		.ascii	"-falign-functions=16' '-ffunction-sections' '-fdata"
 331      69676E2D 
 331      66756E63 
 331      74696F6E 
 331      733D3136 
 332 0099 2D736563 		.ascii	"-sections' '-fno-common' '-flto'\000"
 332      74696F6E 
 332      73272027 
 332      2D666E6F 
 332      2D636F6D 
 333              		.text
 334              		.comm	__gnu_lto_v1,1,1
 335              		.comm	__gnu_lto_slim,1,1
 336              		.ident	"GCC: (GNU Tools for ARM Embedded Processors) 4.9.3 20150529 (release) [ARM/embedded-4_9-br
ARM GAS  /var/folders/nx/qt6_p4ls4xzbnqkz75ny5wl40000gp/T//ccriKSMH.s 			page 27


DEFINED SYMBOLS
                            *ABS*:0000000000000000 st_lld.c
                            *COM*:0000000000000001 __gnu_lto_v1
                            *COM*:0000000000000001 __gnu_lto_slim

NO UNDEFINED SYMBOLS
