ARM GAS  /tmp/ccv8Hbwt.s 			page 1


   1              		.syntax unified
   2              		.cpu cortex-m4
   3              		.fpu softvfp
   4              		.eabi_attribute 20, 1
   5              		.eabi_attribute 21, 1
   6              		.eabi_attribute 23, 3
   7              		.eabi_attribute 24, 1
   8              		.eabi_attribute 25, 1
   9              		.eabi_attribute 26, 1
  10              		.eabi_attribute 30, 2
  11              		.eabi_attribute 34, 1
  12              		.eabi_attribute 18, 4
  13              		.thumb
  14              		.file	"hal.c"
  15              		.text
  16              	.Ltext0:
  17              		.section	.gnu.lto_.jmpfuncs.eef367ec85824837,"",%progbits
  18 0000 789C6362 		.ascii	"x\234cb`b\300\006d\2414#\214f\252f\370\3250\243A \223"
  18      6062C006 
  18      64A13423 
  18      8C66AA66 
  18      F8D530A3 
  19 0017 91211726 		.ascii	"\221!\027&\010\000@\377\004\033"
  19      080040FF 
  19      041B
  20              		.text
  21              		.section	.gnu.lto_.inline.eef367ec85824837,"",%progbits
  22 0000 789C6362 		.ascii	"x\234cb`b\300\006,\2414#\003\003\367I \011R\305\266"
  22      6062C006 
  22      2CA13423 
  22      0303F749 
  22      200952C5 
  23 0015 401EAC98 		.ascii	"@\036\254\230\221\013\007\301\304\015\322\000f2\000"
  23      910B07C1 
  23      C40DD200 
  23      663200
  24 0024 00657202 		.ascii	"\000er\002-"
  24      2D
  25              		.text
  26              		.section	.gnu.lto_.pureconst.eef367ec85824837,"",%progbits
  27 0000 789C6362 		.ascii	"x\234cb`b`f\200\000F\006\011\000\000\203\000!"
  27      60626066 
  27      80004606 
  27      09000083 
  27      0021
  28              		.text
  29              		.section	.gnu.lto_halInit.eef367ec85824837,"",%progbits
  30 0000 789C6362 		.ascii	"x\234cb`b@\007\222@\234\317\310\300 \007\244\031\231"
  30      60624007 
  30      92409CCF 
  30      C8C02007 
  30      A41999
  31 0013 19189926 		.ascii	"\031\030\231&\234c`h\344`bd\0041\030\030\031\352\231"
  31      9C636068 
  31      E4606264 
  31      04311818 
  31      19EA99
ARM GAS  /tmp/ccv8Hbwt.s 			page 2


  32 0026 18EB2319 		.ascii	"\030\353#\031\301j\3273\035x\360\377\377\272\017\033"
  32      C16AD733 
  32      1D78F0FF 
  32      FFBA0F1B 
  33 0036 1FCE6314 		.ascii	"\037\316c\024\342\004\012\2602\26444LP``H\006+\010\001"
  33      E2040AB0 
  33      32B43434 
  33      4C506060 
  33      48062B08 
  34 004b 92205DA1 		.ascii	"\222 ]\241\214L \232\371<C\363\203\177v\211\214\013"
  34      8C4C209A 
  34      F93C43F3 
  34      837F7689 
  34      8C0B
  35 005d 195981B2 		.ascii	"\031Y\201\262\325\014\277\032:\032\0042\031\201\252"
  35      D50CBF1A 
  35      3A1A0432 
  35      1981AA
  36 006c 21E66582 		.ascii	"!\346e\202\350\363\014-\017:\2231\0241%3B\034\013\022"
  36      E8F30C2D 
  36      0F3A9331 
  36      14312533 
  36      421C0B12 
  37 0080 91C86464 		.ascii	"\221\310dd\316ed\200*\312dd\001ik~0\3670\0336\303\231"
  37      CE656480 
  37      2ACA6464 
  37      01696B7E 
  37      30F7301B 
  38 0097 910D6F7E 		.ascii	"\221\015o~pj1VU,\250\252n`7\213\025UUo+;6Ul\250\252"
  38      706A3156 
  38      552CA8AA 
  38      6E60378B 
  38      1555556F 
  39 00b2 E62CC56A 		.ascii	"\346,\305j\026;B\325E\206\306\007\363Ta\212  \004(\001"
  39      163B42D5 
  39      4586C607 
  39      F354618A 
  39      20200428 
  40 00c7 0C3590AF 		.ascii	"\0145\220\257e\364\364\364\23532\2232\375\203\365\363"
  40      65F4F4F4 
  40      9D333293 
  40      32FD83F5 
  40      F3
  41 00d8 8BF53312 		.ascii	"\213\3653\022s\364\213\213\222A\264^2\003\000V\367c"
  41      73F48B8B 
  41      9241B45E 
  41      32030056 
  41      F763
  42 00ea F3       		.ascii	"\363"
  43              		.text
  44              		.section	.gnu.lto_.symbol_nodes.eef367ec85824837,"",%progbits
  45 0000 789C45C8 		.ascii	"x\234E\3101\022\202@\020D\321\236^\026\270uSEb\010("
  45      31128240 
  45      1044D19E 
  45      5E16B875 
  45      53456208 
  46 0015 6064C20D 		.ascii	"`d\302\015\274\002\271g\320\362\036\024\313j1\223\274"
ARM GAS  /tmp/ccv8Hbwt.s 			page 3


  46      BC02B967 
  46      D0F21E14 
  46      CB6A3193 
  46      BC
  47 0026 F94D104F 		.ascii	"\371M\020O\374\217\035\005t/@z\\,^\231>\330\235\262"
  47      FC8F1D05 
  47      742F407A 
  47      5C2C5E99 
  47      3ED89DB2 
  48 003a DFDA3466 		.ascii	"\337\3324f3E\257\211\012^#Ux\335\250\3505P\245WOUg\005"
  48      3345AF89 
  48      0A5E2355 
  48      78DDA8E8 
  48      3550A557 
  49 0052 D468DF5B 		.ascii	"\324h\337[\262\302\222-\261f#\276\331\002\355\3470`"
  49      B2C2922D 
  49      B16623BE 
  49      D902EDE7 
  49      3060
  50 0064 C9126B12 		.ascii	"\311\022k\022;\264\3524<"
  50      3BB4EA34 
  50      3C
  51              		.text
  52              		.section	.gnu.lto_.refs.eef367ec85824837,"",%progbits
  53 0000 789C6362 		.ascii	"x\234cb`b`e\200\000F\006&F\006\000\000\237\000\016"
  53      60626065 
  53      80004606 
  53      26460600 
  53      009F000E 
  54              		.text
  55              		.section	.gnu.lto_.decls.eef367ec85824837,"",%progbits
  56 0000 789CBD96 		.ascii	"x\234\275\226\177L\034E\024\307\337\334\301\301QDCb"
  56      7F4C1C45 
  56      14C7DFDC 
  56      C1C15144 
  56      4362
  57 0012 63B50957 		.ascii	"c\265\011W\265\3064\201\325\243\032\374\303\232\012"
  57      B5C63481 
  57      D5A31AFC 
  57      C39A0A
  58 0021 FD418242 		.ascii	"\375A\202B\2125\372\327f\271]\270M\356n\317\275E\361"
  58      8A35FAD7 
  58      66B95DB8 
  58      4DEE6ECF 
  58      BD45F1
  59 0034 2F07AAA4 		.ascii	"/\007\252\2441\325PR\215\244\204\034\025\024\222\376"
  59      31D55052 
  59      8DA4841C 
  59      151492FE 
  60 0044 30FDC318 		.ascii	"0\375\303\030\213\315\211%\322\230\024z\326R[\011gK"
  60      8BCD8925 
  60      D298147A 
  60      D6525B09 
  60      674B
  61 0056 B5E91F86 		.ascii	"\265\351\037\206\230\3304\246\35193\273w\267\313\355"
  61      98D834A6 
  61      E93933BB 
ARM GAS  /tmp/ccv8Hbwt.s 			page 4


  61      77B7CBED 
  62 0066 C2DD3F4E 		.ascii	"\302\335?N\362f\346v\337\373\314w\346\275\335[\027\270"
  62      F266E676 
  62      DFFBCC77 
  62      E6BDDD5B 
  62      17B8
  63 0078 600C00D2 		.ascii	"`\014\000\322\244-U\000<\351\006r\005`\0071Dl\024\364"
  63      A42D5500 
  63      3CE90672 
  63      05600731 
  63      446C14F4 
  64 008c 564EEC02 		.ascii	"VN\354\002\261$\261K\304.\023\273B\354*\261\337\210"
  64      B124B14B 
  64      C42E13BB 
  64      42EC2AB1 
  64      DF88
  65 009e A50CFFEB 		.ascii	"\245\014\377\353`m4\246\224\3302\2619b7\015\346\342"
  65      606D34A6 
  65      94D832B1 
  65      3962370D 
  65      E6E2
  66 00b0 2A6ECAE0 		.ascii	"*n\312\340\\5\270\227\215u\222\016\334\015\360!\306"
  66      5C35B897 
  66      8D75920E 
  66      DC0DF021 
  66      C6
  67 00c1 7D38DE8F 		.ascii	"}8\336\217\367\316VU\303aLZ\034c4[\005\360\006\022P"
  67      F7CE5655 
  67      C3614C5A 
  67      1C63345B 
  67      05F00612 
  68 00d6 95171215 		.ascii	"\225\027\022\025lV\351\205\011J\330\012c\030\017\244"
  68      6C56E985 
  68      094AD80A 
  68      63180FA4 
  69 00e6 66CE3E8A 		.ascii	"f\316>\212K\214\000\237\263\267\200>G[a}?\3529\216\252"
  69      4B8C009F 
  69      B3B7803E 
  69      475B617D 
  69      3FEA398E 
  70 00fb 611B4C12 		.ascii	"a\033L\022\307\001\214\247\037\263\350d\253\342\304"
  70      C7018CA7 
  70      1FB3E864 
  70      ABE2C4
  71 010a 9964252E 		.ascii	"\231d%.\321=i\304\027h\033\330\264-\020\247\316\027"
  71      D13D69C4 
  71      17681BD8 
  71      B42D10A7 
  71      CE17
  72 011c 93C308C7 		.ascii	"\223\303\010\307\247\221\315\352)\224Y}svK\211\241$"
  72      A791CDEA 
  72      2994597D 
  72      73764B89 
  72      A124
  73 012e F2096892 		.ascii	"\362\011h\222\370\273\340Ed\301\257\213\240j\216\223"
  73      F8BBE045 
  73      64C1AF8B 
ARM GAS  /tmp/ccv8Hbwt.s 			page 5


  73      A06A8E93 
  74 013e 483DC850 		.ascii	"H=\310P{m\216\251=^\200\332\276\304\322\334\360&\252"
  74      7B6D8EA9 
  74      3D5E80DA 
  74      BEC4D2DC 
  74      F026AA
  75 0151 D60B0773 		.ascii	"\326\013\007s\031\311\256\346\313,V\222K\301\305\376"
  75      19C9AEE6 
  75      CB2C5692 
  75      4BC1C5FE 
  76 0161 99EF511F 		.ascii	"\231\357Q\037I\226\200N\2210\027\234CV\325\205\243\316"
  76      4996804E 
  76      9130179C 
  76      4356D585 
  76      A3CE
  77 0173 7C3CF502 		.ascii	"|<\365\002\306\345\002:\315@I\227\025$\2402\257Y2\373"
  77      C6E5023A 
  77      CD404997 
  77      1524A032 
  77      AF5932FB 
  78 0187 9D71A034 		.ascii	"\235q\2404v\333\230\320G\340A(\326\335\005\213lQzXv"
  78      76DB98D0 
  78      47E04128 
  78      D6DD058B 
  78      6C517A58 
  79 019c 428DA9DE 		.ascii	"B\215\251\336\014\007\313\001\246\306\356\237Gx\260"
  79      0C07CB01 
  79      A6C6EE9F 
  79      4778B0
  80 01ab 32731837 		.ascii	"2s\0307\212\306\371,\371\2703W9 d`\267\013\201\225;"
  80      8AC6F92C 
  80      F9B83357 
  80      39206460 
  80      B70B8195 
  81 01c0 6A4BFC6B 		.ascii	"jK\374k\206\375]4\314\252\354\276\031v\267\020\330C"
  81      86FD5D34 
  81      CCAAECBE 
  81      1976B710 
  81      D843
  82 01d2 CECA0693 		.ascii	"\316\312\006\223&\330\275\242aVe\237\232a\275\356\002"
  82      26D8BDA2 
  82      6156659F 
  82      9A61BDEE 
  82      02
  83 01e3 608FD828 		.ascii	"`\217\330(\263k\346\247K@'\310;E@'\321\026\322\177\315"
  83      B36BE6A7 
  83      4B4027C8 
  83      3B454027 
  83      D116D27F 
  84 01f8 FA6F58FF 		.ascii	"\372oX\377-\353\247X\177\226\365\011\322g\233\013\372"
  84      2DEBA758 
  84      7F96F509 
  84      D2679B0B 
  84      FA
  85 0209 99A6F19C 		.ascii	"\231\246\361\234&\353S\274^\221\341\304\225}t\203\372"
  85      26EB53BC 
  85      5E91E1C4 
ARM GAS  /tmp/ccv8Hbwt.s 			page 6


  85      957D7483 
  85      FA
  86 021a 3BE2A382 		.ascii	";\342\243\202`\226\035\372,\260\025\023\354HA\260\006"
  86      60961DFA 
  86      2CB01513 
  86      EC4841B0 
  86      06
  87 022b 6765774D 		.ascii	"gewM\260\243\005\301\332\234\225\015\264\347`\307\012"
  87      B0A305C1 
  87      DA9C950D 
  87      B4E760C7 
  87      0A
  88 023c 82459D95 		.ascii	"\202E\235\225}f\202M\026\004;\210l\244\231jA\257\202"
  88      7D66824D 
  88      16043B88 
  88      6CA4996A 
  88      41AF82
  89 024f 2F59154C 		.ascii	"/Y\025L\260<\377\300\372\031\326\377\310\372\363\254"
  89      B03CFFC0 
  89      FA19D6FF 
  89      C8FAF3AC 
  90 025f FFC99AFF 		.ascii	"\377\311\232\377\257\334\253_l\372_\211\211=\236\255"
  90      AFDCAB5F 
  90      6CFA5F89 
  90      893D9EAD 
  91 026f 33288E6E 		.ascii	"3(\216nW\345\0241\2126d\\j`\004\307S\251\177\216Ny\206"
  91      57E51431 
  91      8A36645C 
  91      6A6004C7 
  91      53A97F8E 
  92 0286 70E27D9C 		.ascii	"p\342}\234N\277\007\033\341\023\366\247\333O^\344\232"
  92      4EBF071B 
  92      E113F6A7 
  92      DB4F5EE4 
  92      9A
  93 0297 80763CEC 		.ascii	"\200v<\354\010\232C\033\215\331~wfC\013\2536\004\360"
  93      089A431B 
  93      8DD97E77 
  93      66430BAB 
  93      3604F0
  94 02aa 148C531E 		.ascii	"\024\214S\036\236\300nF\243\376\027P\215u\223\363\310"
  94      9EC06E46 
  94      A3FE1750 
  94      8D7593F3 
  94      C8
  95 02bb 65BE4075 		.ascii	"e\276@u\245\006R\351\221\205^t\370@|\026\257\320w\262"
  95      A50652E9 
  95      91855E74 
  95      F8407C16 
  95      AFD077B2 
  96 02cf BEA20BD2 		.ascii	"\276\242\013\322yk\350\220\237m!\303\327gO\240\301<"
  96      796BE890 
  96      9F6D21C3 
  96      D7674FA0 
  96      C13C
  97 02e1 C87725F6 		.ascii	"\310w%\366\220_l!#\177\254\354\035\302\323\372\011e"
  97      905F6C21 
ARM GAS  /tmp/ccv8Hbwt.s 			page 7


  97      237FACEC 
  97      1DC2D3FA 
  97      0965
  98 02f3 10B71C10 		.ascii	"\020\267\034\020\013\266\210\371?W\232\363\020GJ\355"
  98      0BB688F9 
  98      3F579AF3 
  98      10474AED 
  99 0303 11BFDA22 		.ascii	"\021\277\332\"\356\334\276\365t\036b\312\001q\315\026"
  99      EEDCBEF5 
  99      741E62CA 
  99      0171CD16 
 100 0313 B17CFAD0 		.ascii	"\261|\372\320&<\332\227H\247_*\"\323\213F\246\335\354"
 100      263CDA97 
 100      48A75F2A 
 100      22D38B46 
 100      A6DDEC
 101 0326 1BD2A8A1 		.ascii	"\033\322\250\241\\\332\201f\376\234\203\216%[\035\227"
 101      5CDA8166 
 101      FE9C838E 
 101      255B1D97 
 102 0336 FE9A9FB0 		.ascii	"\376\232\237\260\311\312\007\036{\310\357V\310\3430"
 102      C9CA071E 
 102      7BC8EF56 
 102      C8E330
 103 0345 8A57C837 		.ascii	"\212W\3107\337\251C\015\275\364<\360\275t\032\021\311"
 103      DFA9430D 
 103      BDF43CF0 
 103      BD741A11 
 103      C9
 104 0356 C7D8333D 		.ascii	"\307\3303=\230\2058\177\333\335\310\001-\237\234\272"
 104      9885387F 
 104      DBDDC801 
 104      2D9F9CBA 
 105 0366 10A77358 		.ascii	"\020\247sX\316=:\253\242\026\327\210\272\231\213\202"
 105      CE3D3AAB 
 105      A216D788 
 105      BA998B82 
 106 0376 FABA3AAE 		.ascii	"\372\272:\2561(w\310\255\355\234\022\343\202B\210\213"
 106      312877C8 
 106      ADED9C12 
 106      E3824288 
 106      8B
 107 0387 2AAA16E3 		.ascii	"*\252\026\343\332_{\245\336\317\265\2644q{\332\232["
 107      DA5F7BA5 
 107      DECFB5B4 
 107      34717BDA 
 107      9A5B
 108 0399 DFF67351 		.ascii	"\337\366sQ!\304\207Bb]\020<{^\335\357k\204\352\230\026"
 108      21C48742 
 108      625D103C 
 108      7B5EDDEF 
 108      6B84EA98 
 109 03ae AEF7F35D 		.ascii	"\256\367\363]QY\341c\222\326\035\345IX\244\223\331s"
 109      5159E163 
 109      92D61DE5 
 109      4958A493 
 109      D973
ARM GAS  /tmp/ccv8Hbwt.s 			page 8


 110 03c0 5C50094B 		.ascii	"\\P\011K\234*\305$A\015\004\011W\025\337\021T\211\023"
 110      9C2AC524 
 110      410D0409 
 110      5715DF11 
 110      548913
 111 03d3 D4B09FEB 		.ascii	"\324\260\237\353\012\004j\311\244V\012wH\242(\211\331"
 111      0A046AC9 
 111      A4560A77 
 111      48A22889 
 111      D9
 112 03e4 0B112522 		.ascii	"\013\021%\"\325JB\207\\\273\235o\250\365?\363\354\366"
 112      D54A4287 
 112      5CBB9D6F 
 112      A8F53FF3 
 112      ECF6
 113 03f6 B7FC9CE5 		.ascii	"\267\374\234\345\006'G\002\241nQ\342b\232(G4\242\246"
 113      06274702 
 113      A16E51E2 
 113      629A2847 
 113      34A2A6
 114 0409 BC9B8C44 		.ascii	"\274\233\214D\207v\000\375\177\253\207\205@P\216H\034"
 114      877600FD 
 114      7FAB8785 
 114      40508E48 
 114      1C
 115 041a 2F4A9D42 		.ascii	"/J\235BwH\343\265w\243R\214\250\251\340\371\214\236"
 115      7748E3B5 
 115      77A3528C 
 115      A8A9E0F9 
 115      8C9E
 116 042c D2B0224A 		.ascii	"\322\260\"J\252G\241\267\3242%\026\225$Q-\215vGE\325"
 116      AA47A1B7 
 116      D4322516 
 116      9524512D 
 116      8D764745 
 117 0441 AD886A89 		.ascii	"\255\210j\211\320\251\206h\027\364\264\355l\0224\301"
 117      D0A98668 
 117      17F4B4ED 
 117      6C1234C1 
 118 0451 D3F6B23E 		.ascii	"\323\366\262>4\352C\223>\354\322\207\335t\360\266\355"
 118      34EA4393 
 118      3EECD287 
 118      DD74F0B6 
 118      ED
 119 0462 6C695422 		.ascii	"liT\"\235r\327\346\374\274\305\324\000\035\353\002P"
 119      9D72D7E6 
 119      FCBCC5D4 
 119      001DEB02 
 119      50
 120 0473 4686E688 		.ascii	"F\206\346\210\254\325\344;\345\216\217&2\246Q\267\347"
 120      ACD5E43B 
 120      E58E8F26 
 120      32A651B7 
 120      E7
 121 0484 F3DD3A14 		.ascii	"\363\335:\024rd\264\010xV\007\273\353\371\246\346\366"
 121      7264B408 
 121      785607BB 
ARM GAS  /tmp/ccv8Hbwt.s 			page 9


 121      EBF9A6E6 
 121      F6
 122 0495 C6D6D777 		.ascii	"\306\326\327w\355{S\277G\242\275lB\001\2765\326\211"
 122      ED7B53BF 
 122      47A2BD6C 
 122      4201BE35 
 122      D689
 123 04a7 CAC4B58C 		.ascii	"\312\304\265\214\014\324\361\2115\034%U&\342\251\250"
 123      0CD4F189 
 123      351C2555 
 123      26E2A9A8 
 124 04b7 F598520F 		.ascii	"\365\230R\017\025_F\006\352\370\000oT&/\223_\376\265"
 124      155F4606 
 124      EAF8006F 
 124      54262F93 
 124      5FFEB5
 125 04ca EBD9D84D 		.ascii	"\353\331\330MO\017\275c\224se\320\024_Ma\231\244\006"
 125      4F0FBD63 
 125      947365D0 
 125      145F4D61 
 125      99A406
 126 04dd D851FF07 		.ascii	"\330Q\377\007\037\3362\324"
 126      1FDE32D4 
 127              		.text
 128              		.section	.gnu.lto_.symtab.eef367ec85824837,"",%progbits
 129 0000 68616C49 		.ascii	"halInit\000\000\000\000\000\000\000\000\000\000\000"
 129      6E697400 
 129      00000000 
 129      00000000 
 129      0000
 130 0012 00CE0000 		.ascii	"\000\316\000\000\000pal_default_config\000\000\002\000"
 130      0070616C 
 130      5F646566 
 130      61756C74 
 130      5F636F6E 
 131 002d 00000000 		.ascii	"\000\000\000\000\000\000\000\000\342\000\000\000stI"
 131      00000000 
 131      E2000000 
 131      737449
 132 003c 6E697400 		.ascii	"nit\000\000\002\000\000\000\000\000\000\000\000\000"
 132      00020000 
 132      00000000 
 132      000000
 133 004b D2000000 		.ascii	"\322\000\000\000boardInit\000\000\002\000\000\000\000"
 133      626F6172 
 133      64496E69 
 133      74000002 
 133      00000000 
 134 005f 00000000 		.ascii	"\000\000\000\000\000\324\000\000\000spiInit\000\000"
 134      00D40000 
 134      00737069 
 134      496E6974 
 134      0000
 135 0071 02000000 		.ascii	"\002\000\000\000\000\000\000\000\000\000\326\000\000"
 135      00000000 
 135      0000D600 
 135      00
ARM GAS  /tmp/ccv8Hbwt.s 			page 10


 136 007e 00736449 		.ascii	"\000sdInit\000\000\002\000\000\000\000\000\000\000\000"
 136      6E697400 
 136      00020000 
 136      00000000 
 136      0000
 137 0090 00D80000 		.ascii	"\000\330\000\000\000extInit\000\000\002\000\000\000"
 137      00657874 
 137      496E6974 
 137      00000200 
 137      0000
 138 00a2 00000000 		.ascii	"\000\000\000\000\000\000\332\000\000\000_pal_lld_in"
 138      0000DA00 
 138      00005F70 
 138      616C5F6C 
 138      6C645F69 
 139 00b7 69740000 		.ascii	"it\000\000\002\000\000\000\000\000\000\000\000\000\334"
 139      02000000 
 139      00000000 
 139      0000DC
 140 00c6 00000068 		.ascii	"\000\000\000hal_lld_init\000\000\002\000\000\000\000"
 140      616C5F6C 
 140      6C645F69 
 140      6E697400 
 140      00020000 
 141 00dc 00000000 		.ascii	"\000\000\000\000\000\340\000\000\000"
 141      00E00000 
 141      00
 142              		.text
 143              		.section	.gnu.lto_.opts,"",%progbits
 144 0000 272D6D63 		.ascii	"'-mcpu=cortex-m4' '-mno-thumb-interwork' '-mthumb' "
 144      70753D63 
 144      6F727465 
 144      782D6D34 
 144      2720272D 
 145 0033 272D6767 		.ascii	"'-ggdb' '-O2' '-fomit-frame-pointer' '-falign-funct"
 145      64622720 
 145      272D4F32 
 145      2720272D 
 145      666F6D69 
 146 0066 696F6E73 		.ascii	"ions=16' '-ffunction-sections' '-fdata-sections' '-"
 146      3D313627 
 146      20272D66 
 146      66756E63 
 146      74696F6E 
 147 0099 666E6F2D 		.ascii	"fno-common' '-flto'\000"
 147      636F6D6D 
 147      6F6E2720 
 147      272D666C 
 147      746F2700 
 148              		.text
 149              		.cfi_sections	.debug_frame
 150              		.section	.text.halInit,"ax",%progbits
 151              		.align	2
 152              		.p2align 4,,15
 153              		.global	halInit
 154              		.thumb
 155              		.thumb_func
ARM GAS  /tmp/ccv8Hbwt.s 			page 11


 156              		.type	halInit, %function
 157              	halInit:
 158              	.LFB272:
 159              		.file 1 "../ChibiOS/os/hal/src/hal.c"
 160              		.loc 1 56 0
 161              		.cfi_startproc
 162              		@ args = 0, pretend = 0, frame = 0
 163              		@ frame_needed = 0, uses_anonymous_args = 0
 164 0000 08B5     		push	{r3, lr}
 165              		.cfi_def_cfa_offset 8
 166              		.cfi_offset 3, -8
 167              		.cfi_offset 14, -4
 168              		.loc 1 62 0
 169 0002 FFF7FEFF 		bl	hal_lld_init
 170              	.LVL0:
 171              		.loc 1 65 0
 172 0006 0748     		ldr	r0, .L2
 173 0008 FFF7FEFF 		bl	_pal_lld_init
 174              	.LVL1:
 175              		.loc 1 77 0
 176 000c FFF7FEFF 		bl	extInit
 177              	.LVL2:
 178              		.loc 1 98 0
 179 0010 FFF7FEFF 		bl	sdInit
 180              	.LVL3:
 181              		.loc 1 104 0
 182 0014 FFF7FEFF 		bl	spiInit
 183              	.LVL4:
 184              		.loc 1 133 0
 185 0018 FFF7FEFF 		bl	boardInit
 186              	.LVL5:
 187              		.loc 1 142 0
 188 001c BDE80840 		pop	{r3, lr}
 189              		.loc 1 140 0
 190 0020 FFF7FEBF 		b	stInit
 191              	.LVL6:
 192              	.L3:
 193              		.align	2
 194              	.L2:
 195 0024 00000000 		.word	pal_default_config
 196              		.cfi_endproc
 197              	.LFE272:
 198              		.size	halInit, .-halInit
 199 0028 AFF30080 		.text
 199      AFF30080 
 200              	.Letext0:
 201              		.file 2 "/nfs/nfs5/home/research/hardware/arm2/gcc-arm-embedded/gcc-arm-none-eabi-4_8-2014q2/arm-n
 202              		.file 3 "/nfs/nfs5/home/research/hardware/arm2/gcc-arm-embedded/gcc-arm-none-eabi-4_8-2014q2/arm-n
 203              		.file 4 "../ChibiOS/os/rt/ports/ARMCMx/compilers/GCC/chtypes.h"
 204              		.file 5 "../ChibiOS/os/rt/include/chsystypes.h"
 205              		.file 6 "../ChibiOS/os/rt/include/chschd.h"
 206              		.file 7 "../ChibiOS/os/rt/ports/ARMCMx/chcore.h"
 207              		.file 8 "../ChibiOS/os/rt/ports/ARMCMx/chcore_v7m.h"
 208              		.file 9 "../ChibiOS/os/rt/include/chtm.h"
 209              		.file 10 "../ChibiOS/os/rt/include/chsem.h"
 210              		.file 11 "../ChibiOS/os/rt/include/chmtx.h"
 211              		.file 12 "../ChibiOS/os/hal/ports/STM32/LLD/GPIOv2/pal_lld.h"
ARM GAS  /tmp/ccv8Hbwt.s 			page 12


 212              		.file 13 "../ChibiOS/os/ext/CMSIS/include/core_cm4.h"
 213              		.file 14 "../ChibiOS/os/hal/ports/STM32/STM32F3xx/hal_lld.h"
 214              		.file 15 "../ChibiOS/os/hal/include/ext.h"
 215              		.file 16 "../ChibiOS/os/hal/include/serial.h"
 216              		.file 17 "../ChibiOS/os/hal/include/spi.h"
 217              		.file 18 "../ChibiOS/os/hal/boards/ST_STM32F3_DISCOVERY/board.h"
 218              		.file 19 "../ChibiOS/os/hal/include/st.h"
 219              		.file 20 "../ChibiOS/os/hal/osal/rt/osal.h"
 220              		.section	.debug_info,"",%progbits
 221              	.Ldebug_info0:
 222 0000 B9070000 		.4byte	0x7b9
 223 0004 0400     		.2byte	0x4
 224 0006 00000000 		.4byte	.Ldebug_abbrev0
 225 000a 04       		.byte	0x4
 226 000b 01       		.uleb128 0x1
 227 000c E4040000 		.4byte	.LASF124
 228 0010 01       		.byte	0x1
 229 0011 AD030000 		.4byte	.LASF125
 230 0015 F9010000 		.4byte	.LASF126
 231 0019 00000000 		.4byte	.Ldebug_ranges0+0
 232 001d 00000000 		.4byte	0
 233 0021 00000000 		.4byte	.Ldebug_line0
 234 0025 02       		.uleb128 0x2
 235 0026 04       		.byte	0x4
 236 0027 05       		.byte	0x5
 237 0028 696E7400 		.ascii	"int\000"
 238 002c 03       		.uleb128 0x3
 239 002d 04       		.byte	0x4
 240 002e 07       		.byte	0x7
 241 002f 7D010000 		.4byte	.LASF0
 242 0033 03       		.uleb128 0x3
 243 0034 01       		.byte	0x1
 244 0035 06       		.byte	0x6
 245 0036 E4000000 		.4byte	.LASF1
 246 003a 04       		.uleb128 0x4
 247 003b 3D000000 		.4byte	.LASF5
 248 003f 02       		.byte	0x2
 249 0040 1C       		.byte	0x1c
 250 0041 45000000 		.4byte	0x45
 251 0045 03       		.uleb128 0x3
 252 0046 01       		.byte	0x1
 253 0047 08       		.byte	0x8
 254 0048 48030000 		.4byte	.LASF2
 255 004c 03       		.uleb128 0x3
 256 004d 02       		.byte	0x2
 257 004e 05       		.byte	0x5
 258 004f 6D030000 		.4byte	.LASF3
 259 0053 03       		.uleb128 0x3
 260 0054 02       		.byte	0x2
 261 0055 07       		.byte	0x7
 262 0056 BB010000 		.4byte	.LASF4
 263 005a 04       		.uleb128 0x4
 264 005b 4E020000 		.4byte	.LASF6
 265 005f 02       		.byte	0x2
 266 0060 37       		.byte	0x37
 267 0061 65000000 		.4byte	0x65
 268 0065 03       		.uleb128 0x3
ARM GAS  /tmp/ccv8Hbwt.s 			page 13


 269 0066 04       		.byte	0x4
 270 0067 05       		.byte	0x5
 271 0068 10010000 		.4byte	.LASF7
 272 006c 04       		.uleb128 0x4
 273 006d 68040000 		.4byte	.LASF8
 274 0071 02       		.byte	0x2
 275 0072 38       		.byte	0x38
 276 0073 77000000 		.4byte	0x77
 277 0077 03       		.uleb128 0x3
 278 0078 04       		.byte	0x4
 279 0079 07       		.byte	0x7
 280 007a 23040000 		.4byte	.LASF9
 281 007e 03       		.uleb128 0x3
 282 007f 08       		.byte	0x8
 283 0080 05       		.byte	0x5
 284 0081 D6000000 		.4byte	.LASF10
 285 0085 04       		.uleb128 0x4
 286 0086 EF020000 		.4byte	.LASF11
 287 008a 02       		.byte	0x2
 288 008b 4E       		.byte	0x4e
 289 008c 90000000 		.4byte	0x90
 290 0090 03       		.uleb128 0x3
 291 0091 08       		.byte	0x8
 292 0092 07       		.byte	0x7
 293 0093 62000000 		.4byte	.LASF12
 294 0097 04       		.uleb128 0x4
 295 0098 DC040000 		.4byte	.LASF13
 296 009c 03       		.byte	0x3
 297 009d 2A       		.byte	0x2a
 298 009e 3A000000 		.4byte	0x3a
 299 00a2 04       		.uleb128 0x4
 300 00a3 40030000 		.4byte	.LASF14
 301 00a7 03       		.byte	0x3
 302 00a8 41       		.byte	0x41
 303 00a9 5A000000 		.4byte	0x5a
 304 00ad 04       		.uleb128 0x4
 305 00ae F2030000 		.4byte	.LASF15
 306 00b2 03       		.byte	0x3
 307 00b3 42       		.byte	0x42
 308 00b4 6C000000 		.4byte	0x6c
 309 00b8 04       		.uleb128 0x4
 310 00b9 34000000 		.4byte	.LASF16
 311 00bd 03       		.byte	0x3
 312 00be 4E       		.byte	0x4e
 313 00bf 85000000 		.4byte	0x85
 314 00c3 04       		.uleb128 0x4
 315 00c4 99040000 		.4byte	.LASF17
 316 00c8 04       		.byte	0x4
 317 00c9 39       		.byte	0x39
 318 00ca AD000000 		.4byte	0xad
 319 00ce 04       		.uleb128 0x4
 320 00cf F1010000 		.4byte	.LASF18
 321 00d3 04       		.byte	0x4
 322 00d4 3C       		.byte	0x3c
 323 00d5 97000000 		.4byte	0x97
 324 00d9 04       		.uleb128 0x4
 325 00da 20010000 		.4byte	.LASF19
ARM GAS  /tmp/ccv8Hbwt.s 			page 14


 326 00de 04       		.byte	0x4
 327 00df 3D       		.byte	0x3d
 328 00e0 97000000 		.4byte	0x97
 329 00e4 04       		.uleb128 0x4
 330 00e5 FA020000 		.4byte	.LASF20
 331 00e9 04       		.byte	0x4
 332 00ea 3E       		.byte	0x3e
 333 00eb 97000000 		.4byte	0x97
 334 00ef 04       		.uleb128 0x4
 335 00f0 22030000 		.4byte	.LASF21
 336 00f4 04       		.byte	0x4
 337 00f5 40       		.byte	0x40
 338 00f6 AD000000 		.4byte	0xad
 339 00fa 04       		.uleb128 0x4
 340 00fb DF010000 		.4byte	.LASF22
 341 00ff 04       		.byte	0x4
 342 0100 41       		.byte	0x41
 343 0101 A2000000 		.4byte	0xa2
 344 0105 04       		.uleb128 0x4
 345 0106 42020000 		.4byte	.LASF23
 346 010a 04       		.byte	0x4
 347 010b 43       		.byte	0x43
 348 010c AD000000 		.4byte	0xad
 349 0110 04       		.uleb128 0x4
 350 0111 77010000 		.4byte	.LASF24
 351 0115 04       		.byte	0x4
 352 0116 45       		.byte	0x45
 353 0117 A2000000 		.4byte	0xa2
 354 011b 04       		.uleb128 0x4
 355 011c 4A040000 		.4byte	.LASF25
 356 0120 05       		.byte	0x5
 357 0121 33       		.byte	0x33
 358 0122 AD000000 		.4byte	0xad
 359 0126 04       		.uleb128 0x4
 360 0127 3A040000 		.4byte	.LASF26
 361 012b 05       		.byte	0x5
 362 012c 3F       		.byte	0x3f
 363 012d 31010000 		.4byte	0x131
 364 0131 05       		.uleb128 0x5
 365 0132 D5010000 		.4byte	.LASF45
 366 0136 40       		.byte	0x40
 367 0137 06       		.byte	0x6
 368 0138 C2       		.byte	0xc2
 369 0139 11020000 		.4byte	0x211
 370 013d 06       		.uleb128 0x6
 371 013e 9E030000 		.4byte	.LASF27
 372 0142 06       		.byte	0x6
 373 0143 C3       		.byte	0xc3
 374 0144 1C020000 		.4byte	0x21c
 375 0148 00       		.byte	0
 376 0149 06       		.uleb128 0x6
 377 014a 12030000 		.4byte	.LASF28
 378 014e 06       		.byte	0x6
 379 014f C5       		.byte	0xc5
 380 0150 1C020000 		.4byte	0x21c
 381 0154 04       		.byte	0x4
 382 0155 06       		.uleb128 0x6
ARM GAS  /tmp/ccv8Hbwt.s 			page 15


 383 0156 CF000000 		.4byte	.LASF29
 384 015a 06       		.byte	0x6
 385 015b C7       		.byte	0xc7
 386 015c EF000000 		.4byte	0xef
 387 0160 08       		.byte	0x8
 388 0161 06       		.uleb128 0x6
 389 0162 1A060000 		.4byte	.LASF30
 390 0166 06       		.byte	0x6
 391 0167 C8       		.byte	0xc8
 392 0168 4C040000 		.4byte	0x44c
 393 016c 0C       		.byte	0xc
 394 016d 06       		.uleb128 0x6
 395 016e 29010000 		.4byte	.LASF31
 396 0172 06       		.byte	0x6
 397 0173 CA       		.byte	0xca
 398 0174 1C020000 		.4byte	0x21c
 399 0178 10       		.byte	0x10
 400 0179 06       		.uleb128 0x6
 401 017a B2020000 		.4byte	.LASF32
 402 017e 06       		.byte	0x6
 403 017f CB       		.byte	0xcb
 404 0180 1C020000 		.4byte	0x21c
 405 0184 14       		.byte	0x14
 406 0185 06       		.uleb128 0x6
 407 0186 CB050000 		.4byte	.LASF33
 408 018a 06       		.byte	0x6
 409 018b D2       		.byte	0xd2
 410 018c D7050000 		.4byte	0x5d7
 411 0190 18       		.byte	0x18
 412 0191 06       		.uleb128 0x6
 413 0192 77030000 		.4byte	.LASF34
 414 0196 06       		.byte	0x6
 415 0197 DD       		.byte	0xdd
 416 0198 D9000000 		.4byte	0xd9
 417 019c 1C       		.byte	0x1c
 418 019d 06       		.uleb128 0x6
 419 019e A5030000 		.4byte	.LASF35
 420 01a2 06       		.byte	0x6
 421 01a3 E1       		.byte	0xe1
 422 01a4 CE000000 		.4byte	0xce
 423 01a8 1D       		.byte	0x1d
 424 01a9 06       		.uleb128 0x6
 425 01aa C1040000 		.4byte	.LASF36
 426 01ae 06       		.byte	0x6
 427 01af E6       		.byte	0xe6
 428 01b0 E4000000 		.4byte	0xe4
 429 01b4 1E       		.byte	0x1e
 430 01b5 07       		.uleb128 0x7
 431 01b6 705F7500 		.ascii	"p_u\000"
 432 01ba 06       		.byte	0x6
 433 01bb 3701     		.2byte	0x137
 434 01bd 06050000 		.4byte	0x506
 435 01c1 20       		.byte	0x20
 436 01c2 08       		.uleb128 0x8
 437 01c3 20060000 		.4byte	.LASF37
 438 01c7 06       		.byte	0x6
 439 01c8 3C01     		.2byte	0x13c
ARM GAS  /tmp/ccv8Hbwt.s 			page 16


 440 01ca 22020000 		.4byte	0x222
 441 01ce 24       		.byte	0x24
 442 01cf 08       		.uleb128 0x8
 443 01d0 99010000 		.4byte	.LASF38
 444 01d4 06       		.byte	0x6
 445 01d5 4201     		.2byte	0x142
 446 01d7 46020000 		.4byte	0x246
 447 01db 28       		.byte	0x28
 448 01dc 08       		.uleb128 0x8
 449 01dd E7030000 		.4byte	.LASF39
 450 01e1 06       		.byte	0x6
 451 01e2 4801     		.2byte	0x148
 452 01e4 05010000 		.4byte	0x105
 453 01e8 30       		.byte	0x30
 454 01e9 08       		.uleb128 0x8
 455 01ea 63030000 		.4byte	.LASF40
 456 01ee 06       		.byte	0x6
 457 01ef 4F01     		.2byte	0x14f
 458 01f1 D1050000 		.4byte	0x5d1
 459 01f5 34       		.byte	0x34
 460 01f6 08       		.uleb128 0x8
 461 01f7 54040000 		.4byte	.LASF41
 462 01fb 06       		.byte	0x6
 463 01fc 5301     		.2byte	0x153
 464 01fe EF000000 		.4byte	0xef
 465 0202 38       		.byte	0x38
 466 0203 08       		.uleb128 0x8
 467 0204 F0000000 		.4byte	.LASF42
 468 0208 06       		.byte	0x6
 469 0209 5A01     		.2byte	0x15a
 470 020b F9020000 		.4byte	0x2f9
 471 020f 3C       		.byte	0x3c
 472 0210 00       		.byte	0
 473 0211 04       		.uleb128 0x4
 474 0212 74020000 		.4byte	.LASF43
 475 0216 05       		.byte	0x5
 476 0217 44       		.byte	0x44
 477 0218 1C020000 		.4byte	0x21c
 478 021c 09       		.uleb128 0x9
 479 021d 04       		.byte	0x4
 480 021e 26010000 		.4byte	0x126
 481 0222 04       		.uleb128 0x4
 482 0223 DF050000 		.4byte	.LASF44
 483 0227 05       		.byte	0x5
 484 0228 49       		.byte	0x49
 485 0229 2D020000 		.4byte	0x22d
 486 022d 05       		.uleb128 0x5
 487 022e 13040000 		.4byte	.LASF46
 488 0232 04       		.byte	0x4
 489 0233 06       		.byte	0x6
 490 0234 B0       		.byte	0xb0
 491 0235 46020000 		.4byte	0x246
 492 0239 06       		.uleb128 0x6
 493 023a 9E030000 		.4byte	.LASF27
 494 023e 06       		.byte	0x6
 495 023f B1       		.byte	0xb1
 496 0240 1C020000 		.4byte	0x21c
ARM GAS  /tmp/ccv8Hbwt.s 			page 17


 497 0244 00       		.byte	0
 498 0245 00       		.byte	0
 499 0246 04       		.uleb128 0x4
 500 0247 A8040000 		.4byte	.LASF47
 501 024b 05       		.byte	0x5
 502 024c 50       		.byte	0x50
 503 024d 51020000 		.4byte	0x251
 504 0251 05       		.uleb128 0x5
 505 0252 BE000000 		.4byte	.LASF48
 506 0256 08       		.byte	0x8
 507 0257 06       		.byte	0x6
 508 0258 B7       		.byte	0xb7
 509 0259 76020000 		.4byte	0x276
 510 025d 06       		.uleb128 0x6
 511 025e 9E030000 		.4byte	.LASF27
 512 0262 06       		.byte	0x6
 513 0263 B8       		.byte	0xb8
 514 0264 1C020000 		.4byte	0x21c
 515 0268 00       		.byte	0
 516 0269 06       		.uleb128 0x6
 517 026a 12030000 		.4byte	.LASF28
 518 026e 06       		.byte	0x6
 519 026f B9       		.byte	0xb9
 520 0270 1C020000 		.4byte	0x21c
 521 0274 04       		.byte	0x4
 522 0275 00       		.byte	0
 523 0276 04       		.uleb128 0x4
 524 0277 13000000 		.4byte	.LASF49
 525 027b 05       		.byte	0x5
 526 027c 57       		.byte	0x57
 527 027d 81020000 		.4byte	0x281
 528 0281 0A       		.uleb128 0xa
 529 0282 34020000 		.4byte	.LASF50
 530 0286 1C       		.byte	0x1c
 531 0287 06       		.byte	0x6
 532 0288 9201     		.2byte	0x192
 533 028a DD020000 		.4byte	0x2dd
 534 028e 08       		.uleb128 0x8
 535 028f 02040000 		.4byte	.LASF51
 536 0293 06       		.byte	0x6
 537 0294 9301     		.2byte	0x193
 538 0296 46020000 		.4byte	0x246
 539 029a 00       		.byte	0
 540 029b 08       		.uleb128 0x8
 541 029c 89030000 		.4byte	.LASF52
 542 02a0 06       		.byte	0x6
 543 02a1 9401     		.2byte	0x194
 544 02a3 EF000000 		.4byte	0xef
 545 02a7 08       		.byte	0x8
 546 02a8 08       		.uleb128 0x8
 547 02a9 BA020000 		.4byte	.LASF53
 548 02ad 06       		.byte	0x6
 549 02ae 9601     		.2byte	0x196
 550 02b0 4C040000 		.4byte	0x44c
 551 02b4 0C       		.byte	0xc
 552 02b5 08       		.uleb128 0x8
 553 02b6 39010000 		.4byte	.LASF54
ARM GAS  /tmp/ccv8Hbwt.s 			page 18


 554 02ba 06       		.byte	0x6
 555 02bb 9901     		.2byte	0x199
 556 02bd 1C020000 		.4byte	0x21c
 557 02c1 10       		.byte	0x10
 558 02c2 08       		.uleb128 0x8
 559 02c3 E7020000 		.4byte	.LASF55
 560 02c7 06       		.byte	0x6
 561 02c8 9A01     		.2byte	0x19a
 562 02ca 1C020000 		.4byte	0x21c
 563 02ce 14       		.byte	0x14
 564 02cf 08       		.uleb128 0x8
 565 02d0 DD020000 		.4byte	.LASF56
 566 02d4 06       		.byte	0x6
 567 02d5 9D01     		.2byte	0x19d
 568 02d7 1C020000 		.4byte	0x21c
 569 02db 18       		.byte	0x18
 570 02dc 00       		.byte	0
 571 02dd 04       		.uleb128 0x4
 572 02de 5F040000 		.4byte	.LASF57
 573 02e2 05       		.byte	0x5
 574 02e3 5C       		.byte	0x5c
 575 02e4 E8020000 		.4byte	0x2e8
 576 02e8 09       		.uleb128 0x9
 577 02e9 04       		.byte	0x4
 578 02ea EE020000 		.4byte	0x2ee
 579 02ee 0B       		.uleb128 0xb
 580 02ef F9020000 		.4byte	0x2f9
 581 02f3 0C       		.uleb128 0xc
 582 02f4 F9020000 		.4byte	0x2f9
 583 02f8 00       		.byte	0
 584 02f9 0D       		.uleb128 0xd
 585 02fa 04       		.byte	0x4
 586 02fb 04       		.uleb128 0x4
 587 02fc 02030000 		.4byte	.LASF58
 588 0300 05       		.byte	0x5
 589 0301 61       		.byte	0x61
 590 0302 06030000 		.4byte	0x306
 591 0306 0A       		.uleb128 0xa
 592 0307 C9030000 		.4byte	.LASF59
 593 030b 14       		.byte	0x14
 594 030c 06       		.byte	0x6
 595 030d 6D01     		.2byte	0x16d
 596 030f 55030000 		.4byte	0x355
 597 0313 08       		.uleb128 0x8
 598 0314 8A010000 		.4byte	.LASF60
 599 0318 06       		.byte	0x6
 600 0319 6E01     		.2byte	0x16e
 601 031b E9050000 		.4byte	0x5e9
 602 031f 00       		.byte	0
 603 0320 08       		.uleb128 0x8
 604 0321 4A010000 		.4byte	.LASF61
 605 0325 06       		.byte	0x6
 606 0326 6F01     		.2byte	0x16f
 607 0328 E9050000 		.4byte	0x5e9
 608 032c 04       		.byte	0x4
 609 032d 08       		.uleb128 0x8
 610 032e 0A040000 		.4byte	.LASF62
ARM GAS  /tmp/ccv8Hbwt.s 			page 19


 611 0332 06       		.byte	0x6
 612 0333 7001     		.2byte	0x170
 613 0335 1B010000 		.4byte	0x11b
 614 0339 08       		.byte	0x8
 615 033a 08       		.uleb128 0x8
 616 033b 9E020000 		.4byte	.LASF63
 617 033f 06       		.byte	0x6
 618 0340 7101     		.2byte	0x171
 619 0342 DD020000 		.4byte	0x2dd
 620 0346 0C       		.byte	0xc
 621 0347 08       		.uleb128 0x8
 622 0348 A1040000 		.4byte	.LASF64
 623 034c 06       		.byte	0x6
 624 034d 7301     		.2byte	0x173
 625 034f F9020000 		.4byte	0x2f9
 626 0353 10       		.byte	0x10
 627 0354 00       		.byte	0
 628 0355 04       		.uleb128 0x4
 629 0356 9B000000 		.4byte	.LASF65
 630 035a 05       		.byte	0x5
 631 035b 66       		.byte	0x66
 632 035c 60030000 		.4byte	0x360
 633 0360 0A       		.uleb128 0xa
 634 0361 87020000 		.4byte	.LASF66
 635 0365 10       		.byte	0x10
 636 0366 06       		.byte	0x6
 637 0367 7D01     		.2byte	0x17d
 638 0369 A2030000 		.4byte	0x3a2
 639 036d 08       		.uleb128 0x8
 640 036e 8A010000 		.4byte	.LASF60
 641 0372 06       		.byte	0x6
 642 0373 7E01     		.2byte	0x17e
 643 0375 E9050000 		.4byte	0x5e9
 644 0379 00       		.byte	0
 645 037a 08       		.uleb128 0x8
 646 037b 4A010000 		.4byte	.LASF61
 647 037f 06       		.byte	0x6
 648 0380 8001     		.2byte	0x180
 649 0382 E9050000 		.4byte	0x5e9
 650 0386 04       		.byte	0x4
 651 0387 08       		.uleb128 0x8
 652 0388 0A040000 		.4byte	.LASF62
 653 038c 06       		.byte	0x6
 654 038d 8201     		.2byte	0x182
 655 038f 1B010000 		.4byte	0x11b
 656 0393 08       		.byte	0x8
 657 0394 08       		.uleb128 0x8
 658 0395 A6020000 		.4byte	.LASF67
 659 0399 06       		.byte	0x6
 660 039a 8A01     		.2byte	0x18a
 661 039c 1B010000 		.4byte	0x11b
 662 03a0 0C       		.byte	0xc
 663 03a1 00       		.byte	0
 664 03a2 04       		.uleb128 0x4
 665 03a3 53000000 		.4byte	.LASF68
 666 03a7 05       		.byte	0x5
 667 03a8 6B       		.byte	0x6b
ARM GAS  /tmp/ccv8Hbwt.s 			page 20


 668 03a9 AD030000 		.4byte	0x3ad
 669 03ad 0A       		.uleb128 0xa
 670 03ae 2A030000 		.4byte	.LASF69
 671 03b2 04       		.byte	0x4
 672 03b3 06       		.byte	0x6
 673 03b4 A401     		.2byte	0x1a4
 674 03b6 C8030000 		.4byte	0x3c8
 675 03ba 08       		.uleb128 0x8
 676 03bb 73040000 		.4byte	.LASF70
 677 03bf 06       		.byte	0x6
 678 03c0 AC01     		.2byte	0x1ac
 679 03c2 EF050000 		.4byte	0x5ef
 680 03c6 00       		.byte	0
 681 03c7 00       		.byte	0
 682 03c8 04       		.uleb128 0x4
 683 03c9 E5010000 		.4byte	.LASF71
 684 03cd 05       		.byte	0x5
 685 03ce 70       		.byte	0x70
 686 03cf D3030000 		.4byte	0x3d3
 687 03d3 0E       		.uleb128 0xe
 688 03d4 06010000 		.4byte	.LASF72
 689 03d8 5001     		.2byte	0x150
 690 03da 06       		.byte	0x6
 691 03db C401     		.2byte	0x1c4
 692 03dd 2F040000 		.4byte	0x42f
 693 03e1 08       		.uleb128 0x8
 694 03e2 D6040000 		.4byte	.LASF73
 695 03e6 06       		.byte	0x6
 696 03e7 C801     		.2byte	0x1c8
 697 03e9 76020000 		.4byte	0x276
 698 03ed 00       		.byte	0
 699 03ee 08       		.uleb128 0x8
 700 03ef 52010000 		.4byte	.LASF74
 701 03f3 06       		.byte	0x6
 702 03f4 CC01     		.2byte	0x1cc
 703 03f6 55030000 		.4byte	0x355
 704 03fa 1C       		.byte	0x1c
 705 03fb 07       		.uleb128 0x7
 706 03fc 64626700 		.ascii	"dbg\000"
 707 0400 06       		.byte	0x6
 708 0401 D001     		.2byte	0x1d0
 709 0403 A2030000 		.4byte	0x3a2
 710 0407 2C       		.byte	0x2c
 711 0408 08       		.uleb128 0x8
 712 0409 88000000 		.4byte	.LASF75
 713 040d 06       		.byte	0x6
 714 040e D401     		.2byte	0x1d4
 715 0410 26010000 		.4byte	0x126
 716 0414 30       		.byte	0x30
 717 0415 07       		.uleb128 0x7
 718 0416 746D00   		.ascii	"tm\000"
 719 0419 06       		.byte	0x6
 720 041a D901     		.2byte	0x1d9
 721 041c FB040000 		.4byte	0x4fb
 722 0420 70       		.byte	0x70
 723 0421 08       		.uleb128 0x8
 724 0422 68010000 		.4byte	.LASF76
ARM GAS  /tmp/ccv8Hbwt.s 			page 21


 725 0426 06       		.byte	0x6
 726 0427 E501     		.2byte	0x1e5
 727 0429 F4050000 		.4byte	0x5f4
 728 042d 78       		.byte	0x78
 729 042e 00       		.byte	0
 730 042f 03       		.uleb128 0x3
 731 0430 04       		.byte	0x4
 732 0431 07       		.byte	0x7
 733 0432 6B020000 		.4byte	.LASF77
 734 0436 04       		.uleb128 0x4
 735 0437 41010000 		.4byte	.LASF78
 736 043b 07       		.byte	0x7
 737 043c 65       		.byte	0x65
 738 043d F9020000 		.4byte	0x2f9
 739 0441 04       		.uleb128 0x4
 740 0442 58020000 		.4byte	.LASF79
 741 0446 07       		.byte	0x7
 742 0447 6D       		.byte	0x6d
 743 0448 B8000000 		.4byte	0xb8
 744 044c 05       		.uleb128 0x5
 745 044d 84040000 		.4byte	.LASF80
 746 0451 04       		.byte	0x4
 747 0452 07       		.byte	0x7
 748 0453 89       		.byte	0x89
 749 0454 65040000 		.4byte	0x465
 750 0458 0F       		.uleb128 0xf
 751 0459 72313300 		.ascii	"r13\000"
 752 045d 07       		.byte	0x7
 753 045e 8A       		.byte	0x8a
 754 045f E0040000 		.4byte	0x4e0
 755 0463 00       		.byte	0
 756 0464 00       		.byte	0
 757 0465 05       		.uleb128 0x5
 758 0466 47000000 		.4byte	.LASF81
 759 046a 24       		.byte	0x24
 760 046b 08       		.byte	0x8
 761 046c FD       		.byte	0xfd
 762 046d E0040000 		.4byte	0x4e0
 763 0471 07       		.uleb128 0x7
 764 0472 723400   		.ascii	"r4\000"
 765 0475 08       		.byte	0x8
 766 0476 1001     		.2byte	0x110
 767 0478 36040000 		.4byte	0x436
 768 047c 00       		.byte	0
 769 047d 07       		.uleb128 0x7
 770 047e 723500   		.ascii	"r5\000"
 771 0481 08       		.byte	0x8
 772 0482 1101     		.2byte	0x111
 773 0484 36040000 		.4byte	0x436
 774 0488 04       		.byte	0x4
 775 0489 07       		.uleb128 0x7
 776 048a 723600   		.ascii	"r6\000"
 777 048d 08       		.byte	0x8
 778 048e 1201     		.2byte	0x112
 779 0490 36040000 		.4byte	0x436
 780 0494 08       		.byte	0x8
 781 0495 07       		.uleb128 0x7
ARM GAS  /tmp/ccv8Hbwt.s 			page 22


 782 0496 723700   		.ascii	"r7\000"
 783 0499 08       		.byte	0x8
 784 049a 1301     		.2byte	0x113
 785 049c 36040000 		.4byte	0x436
 786 04a0 0C       		.byte	0xc
 787 04a1 07       		.uleb128 0x7
 788 04a2 723800   		.ascii	"r8\000"
 789 04a5 08       		.byte	0x8
 790 04a6 1401     		.2byte	0x114
 791 04a8 36040000 		.4byte	0x436
 792 04ac 10       		.byte	0x10
 793 04ad 07       		.uleb128 0x7
 794 04ae 723900   		.ascii	"r9\000"
 795 04b1 08       		.byte	0x8
 796 04b2 1501     		.2byte	0x115
 797 04b4 36040000 		.4byte	0x436
 798 04b8 14       		.byte	0x14
 799 04b9 07       		.uleb128 0x7
 800 04ba 72313000 		.ascii	"r10\000"
 801 04be 08       		.byte	0x8
 802 04bf 1601     		.2byte	0x116
 803 04c1 36040000 		.4byte	0x436
 804 04c5 18       		.byte	0x18
 805 04c6 07       		.uleb128 0x7
 806 04c7 72313100 		.ascii	"r11\000"
 807 04cb 08       		.byte	0x8
 808 04cc 1701     		.2byte	0x117
 809 04ce 36040000 		.4byte	0x436
 810 04d2 1C       		.byte	0x1c
 811 04d3 07       		.uleb128 0x7
 812 04d4 6C7200   		.ascii	"lr\000"
 813 04d7 08       		.byte	0x8
 814 04d8 1801     		.2byte	0x118
 815 04da 36040000 		.4byte	0x436
 816 04de 20       		.byte	0x20
 817 04df 00       		.byte	0
 818 04e0 09       		.uleb128 0x9
 819 04e1 04       		.byte	0x4
 820 04e2 65040000 		.4byte	0x465
 821 04e6 10       		.uleb128 0x10
 822 04e7 04       		.byte	0x4
 823 04e8 09       		.byte	0x9
 824 04e9 38       		.byte	0x38
 825 04ea FB040000 		.4byte	0x4fb
 826 04ee 06       		.uleb128 0x6
 827 04ef 7D040000 		.4byte	.LASF82
 828 04f3 09       		.byte	0x9
 829 04f4 3C       		.byte	0x3c
 830 04f5 C3000000 		.4byte	0xc3
 831 04f9 00       		.byte	0
 832 04fa 00       		.byte	0
 833 04fb 04       		.uleb128 0x4
 834 04fc C0020000 		.4byte	.LASF83
 835 0500 09       		.byte	0x9
 836 0501 3D       		.byte	0x3d
 837 0502 E6040000 		.4byte	0x4e6
 838 0506 11       		.uleb128 0x11
ARM GAS  /tmp/ccv8Hbwt.s 			page 23


 839 0507 04       		.byte	0x4
 840 0508 06       		.byte	0x6
 841 0509 FA       		.byte	0xfa
 842 050a 6F050000 		.4byte	0x56f
 843 050e 12       		.uleb128 0x12
 844 050f 2D000000 		.4byte	.LASF84
 845 0513 06       		.byte	0x6
 846 0514 0101     		.2byte	0x101
 847 0516 FA000000 		.4byte	0xfa
 848 051a 12       		.uleb128 0x12
 849 051b 7F000000 		.4byte	.LASF85
 850 051f 06       		.byte	0x6
 851 0520 0801     		.2byte	0x108
 852 0522 FA000000 		.4byte	0xfa
 853 0526 12       		.uleb128 0x12
 854 0527 C4050000 		.4byte	.LASF86
 855 052b 06       		.byte	0x6
 856 052c 0F01     		.2byte	0x10f
 857 052e F9020000 		.4byte	0x2f9
 858 0532 12       		.uleb128 0x12
 859 0533 27000000 		.4byte	.LASF87
 860 0537 06       		.byte	0x6
 861 0538 1601     		.2byte	0x116
 862 053a 6F050000 		.4byte	0x56f
 863 053e 12       		.uleb128 0x12
 864 053f 93000000 		.4byte	.LASF88
 865 0543 06       		.byte	0x6
 866 0544 1B01     		.2byte	0x11b
 867 0546 FA000000 		.4byte	0xfa
 868 054a 12       		.uleb128 0x12
 869 054b 92010000 		.4byte	.LASF89
 870 054f 06       		.byte	0x6
 871 0550 2401     		.2byte	0x124
 872 0552 9A050000 		.4byte	0x59a
 873 0556 12       		.uleb128 0x12
 874 0557 FB030000 		.4byte	.LASF90
 875 055b 06       		.byte	0x6
 876 055c 2D01     		.2byte	0x12d
 877 055e D1050000 		.4byte	0x5d1
 878 0562 12       		.uleb128 0x12
 879 0563 97030000 		.4byte	.LASF91
 880 0567 06       		.byte	0x6
 881 0568 3501     		.2byte	0x135
 882 056a 05010000 		.4byte	0x105
 883 056e 00       		.byte	0
 884 056f 09       		.uleb128 0x9
 885 0570 04       		.byte	0x4
 886 0571 11020000 		.4byte	0x211
 887 0575 05       		.uleb128 0x5
 888 0576 DA030000 		.4byte	.LASF92
 889 057a 0C       		.byte	0xc
 890 057b 0A       		.byte	0xa
 891 057c 34       		.byte	0x34
 892 057d 9A050000 		.4byte	0x59a
 893 0581 06       		.uleb128 0x6
 894 0582 31010000 		.4byte	.LASF93
 895 0586 0A       		.byte	0xa
ARM GAS  /tmp/ccv8Hbwt.s 			page 24


 896 0587 35       		.byte	0x35
 897 0588 46020000 		.4byte	0x246
 898 058c 00       		.byte	0
 899 058d 06       		.uleb128 0x6
 900 058e D2050000 		.4byte	.LASF94
 901 0592 0A       		.byte	0xa
 902 0593 37       		.byte	0x37
 903 0594 10010000 		.4byte	0x110
 904 0598 08       		.byte	0x8
 905 0599 00       		.byte	0
 906 059a 09       		.uleb128 0x9
 907 059b 04       		.byte	0x4
 908 059c 75050000 		.4byte	0x575
 909 05a0 05       		.uleb128 0x5
 910 05a1 B8040000 		.4byte	.LASF95
 911 05a5 10       		.byte	0x10
 912 05a6 0B       		.byte	0xb
 913 05a7 39       		.byte	0x39
 914 05a8 D1050000 		.4byte	0x5d1
 915 05ac 06       		.uleb128 0x6
 916 05ad F8000000 		.4byte	.LASF96
 917 05b1 0B       		.byte	0xb
 918 05b2 3A       		.byte	0x3a
 919 05b3 46020000 		.4byte	0x246
 920 05b7 00       		.byte	0
 921 05b8 06       		.uleb128 0x6
 922 05b9 FF050000 		.4byte	.LASF97
 923 05bd 0B       		.byte	0xb
 924 05be 3C       		.byte	0x3c
 925 05bf 1C020000 		.4byte	0x21c
 926 05c3 08       		.byte	0x8
 927 05c4 06       		.uleb128 0x6
 928 05c5 43040000 		.4byte	.LASF98
 929 05c9 0B       		.byte	0xb
 930 05ca 3E       		.byte	0x3e
 931 05cb 0F060000 		.4byte	0x60f
 932 05cf 0C       		.byte	0xc
 933 05d0 00       		.byte	0
 934 05d1 09       		.uleb128 0x9
 935 05d2 04       		.byte	0x4
 936 05d3 A0050000 		.4byte	0x5a0
 937 05d7 09       		.uleb128 0x9
 938 05d8 04       		.byte	0x4
 939 05d9 DD050000 		.4byte	0x5dd
 940 05dd 13       		.uleb128 0x13
 941 05de E2050000 		.4byte	0x5e2
 942 05e2 03       		.uleb128 0x3
 943 05e3 01       		.byte	0x1
 944 05e4 08       		.byte	0x8
 945 05e5 35040000 		.4byte	.LASF99
 946 05e9 09       		.uleb128 0x9
 947 05ea 04       		.byte	0x4
 948 05eb FB020000 		.4byte	0x2fb
 949 05ef 14       		.uleb128 0x14
 950 05f0 D7050000 		.4byte	0x5d7
 951 05f4 15       		.uleb128 0x15
 952 05f5 41040000 		.4byte	0x441
ARM GAS  /tmp/ccv8Hbwt.s 			page 25


 953 05f9 04060000 		.4byte	0x604
 954 05fd 16       		.uleb128 0x16
 955 05fe 2F040000 		.4byte	0x42f
 956 0602 1A       		.byte	0x1a
 957 0603 00       		.byte	0
 958 0604 04       		.uleb128 0x4
 959 0605 59010000 		.4byte	.LASF100
 960 0609 0B       		.byte	0xb
 961 060a 34       		.byte	0x34
 962 060b A0050000 		.4byte	0x5a0
 963 060f 09       		.uleb128 0x9
 964 0610 04       		.byte	0x4
 965 0611 04060000 		.4byte	0x604
 966 0615 03       		.uleb128 0x3
 967 0616 01       		.byte	0x1
 968 0617 02       		.byte	0x2
 969 0618 3A030000 		.4byte	.LASF101
 970 061c 10       		.uleb128 0x10
 971 061d 1C       		.byte	0x1c
 972 061e 0C       		.byte	0xc
 973 061f F5       		.byte	0xf5
 974 0620 7B060000 		.4byte	0x67b
 975 0624 06       		.uleb128 0x6
 976 0625 00010000 		.4byte	.LASF102
 977 0629 0C       		.byte	0xc
 978 062a F7       		.byte	0xf7
 979 062b AD000000 		.4byte	0xad
 980 062f 00       		.byte	0
 981 0630 06       		.uleb128 0x6
 982 0631 B4010000 		.4byte	.LASF103
 983 0635 0C       		.byte	0xc
 984 0636 F9       		.byte	0xf9
 985 0637 AD000000 		.4byte	0xad
 986 063b 04       		.byte	0x4
 987 063c 06       		.uleb128 0x6
 988 063d AC010000 		.4byte	.LASF104
 989 0641 0C       		.byte	0xc
 990 0642 FB       		.byte	0xfb
 991 0643 AD000000 		.4byte	0xad
 992 0647 08       		.byte	0x8
 993 0648 06       		.uleb128 0x6
 994 0649 79000000 		.4byte	.LASF105
 995 064d 0C       		.byte	0xc
 996 064e FD       		.byte	0xfd
 997 064f AD000000 		.4byte	0xad
 998 0653 0C       		.byte	0xc
 999 0654 0F       		.uleb128 0xf
 1000 0655 6F647200 		.ascii	"odr\000"
 1001 0659 0C       		.byte	0xc
 1002 065a FF       		.byte	0xff
 1003 065b AD000000 		.4byte	0xad
 1004 065f 10       		.byte	0x10
 1005 0660 08       		.uleb128 0x8
 1006 0661 56030000 		.4byte	.LASF106
 1007 0665 0C       		.byte	0xc
 1008 0666 0101     		.2byte	0x101
 1009 0668 AD000000 		.4byte	0xad
ARM GAS  /tmp/ccv8Hbwt.s 			page 26


 1010 066c 14       		.byte	0x14
 1011 066d 08       		.uleb128 0x8
 1012 066e D1020000 		.4byte	.LASF107
 1013 0672 0C       		.byte	0xc
 1014 0673 0301     		.2byte	0x103
 1015 0675 AD000000 		.4byte	0xad
 1016 0679 18       		.byte	0x18
 1017 067a 00       		.byte	0
 1018 067b 17       		.uleb128 0x17
 1019 067c 00000000 		.4byte	.LASF108
 1020 0680 0C       		.byte	0xc
 1021 0681 0401     		.2byte	0x104
 1022 0683 1C060000 		.4byte	0x61c
 1023 0687 18       		.uleb128 0x18
 1024 0688 A8       		.byte	0xa8
 1025 0689 0C       		.byte	0xc
 1026 068a 0D01     		.2byte	0x10d
 1027 068c DF060000 		.4byte	0x6df
 1028 0690 08       		.uleb128 0x8
 1029 0691 90030000 		.4byte	.LASF109
 1030 0695 0C       		.byte	0xc
 1031 0696 1001     		.2byte	0x110
 1032 0698 7B060000 		.4byte	0x67b
 1033 069c 00       		.byte	0
 1034 069d 08       		.uleb128 0x8
 1035 069e 61010000 		.4byte	.LASF110
 1036 06a2 0C       		.byte	0xc
 1037 06a3 1401     		.2byte	0x114
 1038 06a5 7B060000 		.4byte	0x67b
 1039 06a9 1C       		.byte	0x1c
 1040 06aa 08       		.uleb128 0x8
 1041 06ab D8050000 		.4byte	.LASF111
 1042 06af 0C       		.byte	0xc
 1043 06b0 1801     		.2byte	0x118
 1044 06b2 7B060000 		.4byte	0x67b
 1045 06b6 38       		.byte	0x38
 1046 06b7 08       		.uleb128 0x8
 1047 06b8 D6020000 		.4byte	.LASF112
 1048 06bc 0C       		.byte	0xc
 1049 06bd 1C01     		.2byte	0x11c
 1050 06bf 7B060000 		.4byte	0x67b
 1051 06c3 54       		.byte	0x54
 1052 06c4 08       		.uleb128 0x8
 1053 06c5 19010000 		.4byte	.LASF113
 1054 06c9 0C       		.byte	0xc
 1055 06ca 2001     		.2byte	0x120
 1056 06cc 7B060000 		.4byte	0x67b
 1057 06d0 70       		.byte	0x70
 1058 06d1 08       		.uleb128 0x8
 1059 06d2 CE010000 		.4byte	.LASF114
 1060 06d6 0C       		.byte	0xc
 1061 06d7 2401     		.2byte	0x124
 1062 06d9 7B060000 		.4byte	0x67b
 1063 06dd 8C       		.byte	0x8c
 1064 06de 00       		.byte	0
 1065 06df 17       		.uleb128 0x17
 1066 06e0 F5050000 		.4byte	.LASF115
ARM GAS  /tmp/ccv8Hbwt.s 			page 27


 1067 06e4 0C       		.byte	0xc
 1068 06e5 3A01     		.2byte	0x13a
 1069 06e7 87060000 		.4byte	0x687
 1070 06eb 19       		.uleb128 0x19
 1071 06ec 19030000 		.4byte	.LASF127
 1072 06f0 14       		.byte	0x14
 1073 06f1 C101     		.2byte	0x1c1
 1074 06f3 03       		.byte	0x3
 1075 06f4 1A       		.uleb128 0x1a
 1076 06f5 A4010000 		.4byte	.LASF128
 1077 06f9 01       		.byte	0x1
 1078 06fa 38       		.byte	0x38
 1079 06fb 00000000 		.4byte	.LFB272
 1080 06ff 28000000 		.4byte	.LFE272-.LFB272
 1081 0703 01       		.uleb128 0x1
 1082 0704 9C       		.byte	0x9c
 1083 0705 49070000 		.4byte	0x749
 1084 0709 1B       		.uleb128 0x1b
 1085 070a 06000000 		.4byte	.LVL0
 1086 070e 76070000 		.4byte	0x776
 1087 0712 1B       		.uleb128 0x1b
 1088 0713 0C000000 		.4byte	.LVL1
 1089 0717 7E070000 		.4byte	0x77e
 1090 071b 1B       		.uleb128 0x1b
 1091 071c 10000000 		.4byte	.LVL2
 1092 0720 96070000 		.4byte	0x796
 1093 0724 1B       		.uleb128 0x1b
 1094 0725 14000000 		.4byte	.LVL3
 1095 0729 9D070000 		.4byte	0x79d
 1096 072d 1B       		.uleb128 0x1b
 1097 072e 18000000 		.4byte	.LVL4
 1098 0732 A5070000 		.4byte	0x7a5
 1099 0736 1B       		.uleb128 0x1b
 1100 0737 1C000000 		.4byte	.LVL5
 1101 073b AD070000 		.4byte	0x7ad
 1102 073f 1C       		.uleb128 0x1c
 1103 0740 24000000 		.4byte	.LVL6
 1104 0744 B5070000 		.4byte	0x7b5
 1105 0748 00       		.byte	0
 1106 0749 1D       		.uleb128 0x1d
 1107 074a B1000000 		.4byte	.LASF116
 1108 074e 0D       		.byte	0xd
 1109 074f FA06     		.2byte	0x6fa
 1110 0751 55070000 		.4byte	0x755
 1111 0755 14       		.uleb128 0x14
 1112 0756 A2000000 		.4byte	0xa2
 1113 075a 1E       		.uleb128 0x1e
 1114 075b 636800   		.ascii	"ch\000"
 1115 075e 06       		.byte	0x6
 1116 075f 0B02     		.2byte	0x20b
 1117 0761 C8030000 		.4byte	0x3c8
 1118 0765 1D       		.uleb128 0x1d
 1119 0766 07060000 		.4byte	.LASF117
 1120 076a 0C       		.byte	0xc
 1121 076b 1E02     		.2byte	0x21e
 1122 076d 71070000 		.4byte	0x771
 1123 0771 13       		.uleb128 0x13
ARM GAS  /tmp/ccv8Hbwt.s 			page 28


 1124 0772 DF060000 		.4byte	0x6df
 1125 0776 1F       		.uleb128 0x1f
 1126 0777 8C040000 		.4byte	.LASF118
 1127 077b 0E       		.byte	0xe
 1128 077c 8204     		.2byte	0x482
 1129 077e 20       		.uleb128 0x20
 1130 077f C8040000 		.4byte	.LASF129
 1131 0783 0C       		.byte	0xc
 1132 0784 2302     		.2byte	0x223
 1133 0786 90070000 		.4byte	0x790
 1134 078a 0C       		.uleb128 0xc
 1135 078b 90070000 		.4byte	0x790
 1136 078f 00       		.byte	0
 1137 0790 09       		.uleb128 0x9
 1138 0791 04       		.byte	0x4
 1139 0792 71070000 		.4byte	0x771
 1140 0796 21       		.uleb128 0x21
 1141 0797 5B030000 		.4byte	.LASF119
 1142 079b 0F       		.byte	0xf
 1143 079c 85       		.byte	0x85
 1144 079d 1F       		.uleb128 0x1f
 1145 079e EE050000 		.4byte	.LASF120
 1146 07a2 10       		.byte	0x10
 1147 07a3 0E01     		.2byte	0x10e
 1148 07a5 1F       		.uleb128 0x1f
 1149 07a6 63020000 		.4byte	.LASF121
 1150 07aa 11       		.byte	0x11
 1151 07ab 0601     		.2byte	0x106
 1152 07ad 1F       		.uleb128 0x1f
 1153 07ae 7F030000 		.4byte	.LASF122
 1154 07b2 12       		.byte	0x12
 1155 07b3 A904     		.2byte	0x4a9
 1156 07b5 21       		.uleb128 0x21
 1157 07b6 20000000 		.4byte	.LASF123
 1158 07ba 13       		.byte	0x13
 1159 07bb 56       		.byte	0x56
 1160 07bc 00       		.byte	0
 1161              		.section	.debug_abbrev,"",%progbits
 1162              	.Ldebug_abbrev0:
 1163 0000 01       		.uleb128 0x1
 1164 0001 11       		.uleb128 0x11
 1165 0002 01       		.byte	0x1
 1166 0003 25       		.uleb128 0x25
 1167 0004 0E       		.uleb128 0xe
 1168 0005 13       		.uleb128 0x13
 1169 0006 0B       		.uleb128 0xb
 1170 0007 03       		.uleb128 0x3
 1171 0008 0E       		.uleb128 0xe
 1172 0009 1B       		.uleb128 0x1b
 1173 000a 0E       		.uleb128 0xe
 1174 000b 55       		.uleb128 0x55
 1175 000c 17       		.uleb128 0x17
 1176 000d 11       		.uleb128 0x11
 1177 000e 01       		.uleb128 0x1
 1178 000f 10       		.uleb128 0x10
 1179 0010 17       		.uleb128 0x17
 1180 0011 00       		.byte	0
ARM GAS  /tmp/ccv8Hbwt.s 			page 29


 1181 0012 00       		.byte	0
 1182 0013 02       		.uleb128 0x2
 1183 0014 24       		.uleb128 0x24
 1184 0015 00       		.byte	0
 1185 0016 0B       		.uleb128 0xb
 1186 0017 0B       		.uleb128 0xb
 1187 0018 3E       		.uleb128 0x3e
 1188 0019 0B       		.uleb128 0xb
 1189 001a 03       		.uleb128 0x3
 1190 001b 08       		.uleb128 0x8
 1191 001c 00       		.byte	0
 1192 001d 00       		.byte	0
 1193 001e 03       		.uleb128 0x3
 1194 001f 24       		.uleb128 0x24
 1195 0020 00       		.byte	0
 1196 0021 0B       		.uleb128 0xb
 1197 0022 0B       		.uleb128 0xb
 1198 0023 3E       		.uleb128 0x3e
 1199 0024 0B       		.uleb128 0xb
 1200 0025 03       		.uleb128 0x3
 1201 0026 0E       		.uleb128 0xe
 1202 0027 00       		.byte	0
 1203 0028 00       		.byte	0
 1204 0029 04       		.uleb128 0x4
 1205 002a 16       		.uleb128 0x16
 1206 002b 00       		.byte	0
 1207 002c 03       		.uleb128 0x3
 1208 002d 0E       		.uleb128 0xe
 1209 002e 3A       		.uleb128 0x3a
 1210 002f 0B       		.uleb128 0xb
 1211 0030 3B       		.uleb128 0x3b
 1212 0031 0B       		.uleb128 0xb
 1213 0032 49       		.uleb128 0x49
 1214 0033 13       		.uleb128 0x13
 1215 0034 00       		.byte	0
 1216 0035 00       		.byte	0
 1217 0036 05       		.uleb128 0x5
 1218 0037 13       		.uleb128 0x13
 1219 0038 01       		.byte	0x1
 1220 0039 03       		.uleb128 0x3
 1221 003a 0E       		.uleb128 0xe
 1222 003b 0B       		.uleb128 0xb
 1223 003c 0B       		.uleb128 0xb
 1224 003d 3A       		.uleb128 0x3a
 1225 003e 0B       		.uleb128 0xb
 1226 003f 3B       		.uleb128 0x3b
 1227 0040 0B       		.uleb128 0xb
 1228 0041 01       		.uleb128 0x1
 1229 0042 13       		.uleb128 0x13
 1230 0043 00       		.byte	0
 1231 0044 00       		.byte	0
 1232 0045 06       		.uleb128 0x6
 1233 0046 0D       		.uleb128 0xd
 1234 0047 00       		.byte	0
 1235 0048 03       		.uleb128 0x3
 1236 0049 0E       		.uleb128 0xe
 1237 004a 3A       		.uleb128 0x3a
ARM GAS  /tmp/ccv8Hbwt.s 			page 30


 1238 004b 0B       		.uleb128 0xb
 1239 004c 3B       		.uleb128 0x3b
 1240 004d 0B       		.uleb128 0xb
 1241 004e 49       		.uleb128 0x49
 1242 004f 13       		.uleb128 0x13
 1243 0050 38       		.uleb128 0x38
 1244 0051 0B       		.uleb128 0xb
 1245 0052 00       		.byte	0
 1246 0053 00       		.byte	0
 1247 0054 07       		.uleb128 0x7
 1248 0055 0D       		.uleb128 0xd
 1249 0056 00       		.byte	0
 1250 0057 03       		.uleb128 0x3
 1251 0058 08       		.uleb128 0x8
 1252 0059 3A       		.uleb128 0x3a
 1253 005a 0B       		.uleb128 0xb
 1254 005b 3B       		.uleb128 0x3b
 1255 005c 05       		.uleb128 0x5
 1256 005d 49       		.uleb128 0x49
 1257 005e 13       		.uleb128 0x13
 1258 005f 38       		.uleb128 0x38
 1259 0060 0B       		.uleb128 0xb
 1260 0061 00       		.byte	0
 1261 0062 00       		.byte	0
 1262 0063 08       		.uleb128 0x8
 1263 0064 0D       		.uleb128 0xd
 1264 0065 00       		.byte	0
 1265 0066 03       		.uleb128 0x3
 1266 0067 0E       		.uleb128 0xe
 1267 0068 3A       		.uleb128 0x3a
 1268 0069 0B       		.uleb128 0xb
 1269 006a 3B       		.uleb128 0x3b
 1270 006b 05       		.uleb128 0x5
 1271 006c 49       		.uleb128 0x49
 1272 006d 13       		.uleb128 0x13
 1273 006e 38       		.uleb128 0x38
 1274 006f 0B       		.uleb128 0xb
 1275 0070 00       		.byte	0
 1276 0071 00       		.byte	0
 1277 0072 09       		.uleb128 0x9
 1278 0073 0F       		.uleb128 0xf
 1279 0074 00       		.byte	0
 1280 0075 0B       		.uleb128 0xb
 1281 0076 0B       		.uleb128 0xb
 1282 0077 49       		.uleb128 0x49
 1283 0078 13       		.uleb128 0x13
 1284 0079 00       		.byte	0
 1285 007a 00       		.byte	0
 1286 007b 0A       		.uleb128 0xa
 1287 007c 13       		.uleb128 0x13
 1288 007d 01       		.byte	0x1
 1289 007e 03       		.uleb128 0x3
 1290 007f 0E       		.uleb128 0xe
 1291 0080 0B       		.uleb128 0xb
 1292 0081 0B       		.uleb128 0xb
 1293 0082 3A       		.uleb128 0x3a
 1294 0083 0B       		.uleb128 0xb
ARM GAS  /tmp/ccv8Hbwt.s 			page 31


 1295 0084 3B       		.uleb128 0x3b
 1296 0085 05       		.uleb128 0x5
 1297 0086 01       		.uleb128 0x1
 1298 0087 13       		.uleb128 0x13
 1299 0088 00       		.byte	0
 1300 0089 00       		.byte	0
 1301 008a 0B       		.uleb128 0xb
 1302 008b 15       		.uleb128 0x15
 1303 008c 01       		.byte	0x1
 1304 008d 27       		.uleb128 0x27
 1305 008e 19       		.uleb128 0x19
 1306 008f 01       		.uleb128 0x1
 1307 0090 13       		.uleb128 0x13
 1308 0091 00       		.byte	0
 1309 0092 00       		.byte	0
 1310 0093 0C       		.uleb128 0xc
 1311 0094 05       		.uleb128 0x5
 1312 0095 00       		.byte	0
 1313 0096 49       		.uleb128 0x49
 1314 0097 13       		.uleb128 0x13
 1315 0098 00       		.byte	0
 1316 0099 00       		.byte	0
 1317 009a 0D       		.uleb128 0xd
 1318 009b 0F       		.uleb128 0xf
 1319 009c 00       		.byte	0
 1320 009d 0B       		.uleb128 0xb
 1321 009e 0B       		.uleb128 0xb
 1322 009f 00       		.byte	0
 1323 00a0 00       		.byte	0
 1324 00a1 0E       		.uleb128 0xe
 1325 00a2 13       		.uleb128 0x13
 1326 00a3 01       		.byte	0x1
 1327 00a4 03       		.uleb128 0x3
 1328 00a5 0E       		.uleb128 0xe
 1329 00a6 0B       		.uleb128 0xb
 1330 00a7 05       		.uleb128 0x5
 1331 00a8 3A       		.uleb128 0x3a
 1332 00a9 0B       		.uleb128 0xb
 1333 00aa 3B       		.uleb128 0x3b
 1334 00ab 05       		.uleb128 0x5
 1335 00ac 01       		.uleb128 0x1
 1336 00ad 13       		.uleb128 0x13
 1337 00ae 00       		.byte	0
 1338 00af 00       		.byte	0
 1339 00b0 0F       		.uleb128 0xf
 1340 00b1 0D       		.uleb128 0xd
 1341 00b2 00       		.byte	0
 1342 00b3 03       		.uleb128 0x3
 1343 00b4 08       		.uleb128 0x8
 1344 00b5 3A       		.uleb128 0x3a
 1345 00b6 0B       		.uleb128 0xb
 1346 00b7 3B       		.uleb128 0x3b
 1347 00b8 0B       		.uleb128 0xb
 1348 00b9 49       		.uleb128 0x49
 1349 00ba 13       		.uleb128 0x13
 1350 00bb 38       		.uleb128 0x38
 1351 00bc 0B       		.uleb128 0xb
ARM GAS  /tmp/ccv8Hbwt.s 			page 32


 1352 00bd 00       		.byte	0
 1353 00be 00       		.byte	0
 1354 00bf 10       		.uleb128 0x10
 1355 00c0 13       		.uleb128 0x13
 1356 00c1 01       		.byte	0x1
 1357 00c2 0B       		.uleb128 0xb
 1358 00c3 0B       		.uleb128 0xb
 1359 00c4 3A       		.uleb128 0x3a
 1360 00c5 0B       		.uleb128 0xb
 1361 00c6 3B       		.uleb128 0x3b
 1362 00c7 0B       		.uleb128 0xb
 1363 00c8 01       		.uleb128 0x1
 1364 00c9 13       		.uleb128 0x13
 1365 00ca 00       		.byte	0
 1366 00cb 00       		.byte	0
 1367 00cc 11       		.uleb128 0x11
 1368 00cd 17       		.uleb128 0x17
 1369 00ce 01       		.byte	0x1
 1370 00cf 0B       		.uleb128 0xb
 1371 00d0 0B       		.uleb128 0xb
 1372 00d1 3A       		.uleb128 0x3a
 1373 00d2 0B       		.uleb128 0xb
 1374 00d3 3B       		.uleb128 0x3b
 1375 00d4 0B       		.uleb128 0xb
 1376 00d5 01       		.uleb128 0x1
 1377 00d6 13       		.uleb128 0x13
 1378 00d7 00       		.byte	0
 1379 00d8 00       		.byte	0
 1380 00d9 12       		.uleb128 0x12
 1381 00da 0D       		.uleb128 0xd
 1382 00db 00       		.byte	0
 1383 00dc 03       		.uleb128 0x3
 1384 00dd 0E       		.uleb128 0xe
 1385 00de 3A       		.uleb128 0x3a
 1386 00df 0B       		.uleb128 0xb
 1387 00e0 3B       		.uleb128 0x3b
 1388 00e1 05       		.uleb128 0x5
 1389 00e2 49       		.uleb128 0x49
 1390 00e3 13       		.uleb128 0x13
 1391 00e4 00       		.byte	0
 1392 00e5 00       		.byte	0
 1393 00e6 13       		.uleb128 0x13
 1394 00e7 26       		.uleb128 0x26
 1395 00e8 00       		.byte	0
 1396 00e9 49       		.uleb128 0x49
 1397 00ea 13       		.uleb128 0x13
 1398 00eb 00       		.byte	0
 1399 00ec 00       		.byte	0
 1400 00ed 14       		.uleb128 0x14
 1401 00ee 35       		.uleb128 0x35
 1402 00ef 00       		.byte	0
 1403 00f0 49       		.uleb128 0x49
 1404 00f1 13       		.uleb128 0x13
 1405 00f2 00       		.byte	0
 1406 00f3 00       		.byte	0
 1407 00f4 15       		.uleb128 0x15
 1408 00f5 01       		.uleb128 0x1
ARM GAS  /tmp/ccv8Hbwt.s 			page 33


 1409 00f6 01       		.byte	0x1
 1410 00f7 49       		.uleb128 0x49
 1411 00f8 13       		.uleb128 0x13
 1412 00f9 01       		.uleb128 0x1
 1413 00fa 13       		.uleb128 0x13
 1414 00fb 00       		.byte	0
 1415 00fc 00       		.byte	0
 1416 00fd 16       		.uleb128 0x16
 1417 00fe 21       		.uleb128 0x21
 1418 00ff 00       		.byte	0
 1419 0100 49       		.uleb128 0x49
 1420 0101 13       		.uleb128 0x13
 1421 0102 2F       		.uleb128 0x2f
 1422 0103 0B       		.uleb128 0xb
 1423 0104 00       		.byte	0
 1424 0105 00       		.byte	0
 1425 0106 17       		.uleb128 0x17
 1426 0107 16       		.uleb128 0x16
 1427 0108 00       		.byte	0
 1428 0109 03       		.uleb128 0x3
 1429 010a 0E       		.uleb128 0xe
 1430 010b 3A       		.uleb128 0x3a
 1431 010c 0B       		.uleb128 0xb
 1432 010d 3B       		.uleb128 0x3b
 1433 010e 05       		.uleb128 0x5
 1434 010f 49       		.uleb128 0x49
 1435 0110 13       		.uleb128 0x13
 1436 0111 00       		.byte	0
 1437 0112 00       		.byte	0
 1438 0113 18       		.uleb128 0x18
 1439 0114 13       		.uleb128 0x13
 1440 0115 01       		.byte	0x1
 1441 0116 0B       		.uleb128 0xb
 1442 0117 0B       		.uleb128 0xb
 1443 0118 3A       		.uleb128 0x3a
 1444 0119 0B       		.uleb128 0xb
 1445 011a 3B       		.uleb128 0x3b
 1446 011b 05       		.uleb128 0x5
 1447 011c 01       		.uleb128 0x1
 1448 011d 13       		.uleb128 0x13
 1449 011e 00       		.byte	0
 1450 011f 00       		.byte	0
 1451 0120 19       		.uleb128 0x19
 1452 0121 2E       		.uleb128 0x2e
 1453 0122 00       		.byte	0
 1454 0123 03       		.uleb128 0x3
 1455 0124 0E       		.uleb128 0xe
 1456 0125 3A       		.uleb128 0x3a
 1457 0126 0B       		.uleb128 0xb
 1458 0127 3B       		.uleb128 0x3b
 1459 0128 05       		.uleb128 0x5
 1460 0129 27       		.uleb128 0x27
 1461 012a 19       		.uleb128 0x19
 1462 012b 20       		.uleb128 0x20
 1463 012c 0B       		.uleb128 0xb
 1464 012d 00       		.byte	0
 1465 012e 00       		.byte	0
ARM GAS  /tmp/ccv8Hbwt.s 			page 34


 1466 012f 1A       		.uleb128 0x1a
 1467 0130 2E       		.uleb128 0x2e
 1468 0131 01       		.byte	0x1
 1469 0132 3F       		.uleb128 0x3f
 1470 0133 19       		.uleb128 0x19
 1471 0134 03       		.uleb128 0x3
 1472 0135 0E       		.uleb128 0xe
 1473 0136 3A       		.uleb128 0x3a
 1474 0137 0B       		.uleb128 0xb
 1475 0138 3B       		.uleb128 0x3b
 1476 0139 0B       		.uleb128 0xb
 1477 013a 27       		.uleb128 0x27
 1478 013b 19       		.uleb128 0x19
 1479 013c 11       		.uleb128 0x11
 1480 013d 01       		.uleb128 0x1
 1481 013e 12       		.uleb128 0x12
 1482 013f 06       		.uleb128 0x6
 1483 0140 40       		.uleb128 0x40
 1484 0141 18       		.uleb128 0x18
 1485 0142 9742     		.uleb128 0x2117
 1486 0144 19       		.uleb128 0x19
 1487 0145 01       		.uleb128 0x1
 1488 0146 13       		.uleb128 0x13
 1489 0147 00       		.byte	0
 1490 0148 00       		.byte	0
 1491 0149 1B       		.uleb128 0x1b
 1492 014a 898201   		.uleb128 0x4109
 1493 014d 00       		.byte	0
 1494 014e 11       		.uleb128 0x11
 1495 014f 01       		.uleb128 0x1
 1496 0150 31       		.uleb128 0x31
 1497 0151 13       		.uleb128 0x13
 1498 0152 00       		.byte	0
 1499 0153 00       		.byte	0
 1500 0154 1C       		.uleb128 0x1c
 1501 0155 898201   		.uleb128 0x4109
 1502 0158 00       		.byte	0
 1503 0159 11       		.uleb128 0x11
 1504 015a 01       		.uleb128 0x1
 1505 015b 9542     		.uleb128 0x2115
 1506 015d 19       		.uleb128 0x19
 1507 015e 31       		.uleb128 0x31
 1508 015f 13       		.uleb128 0x13
 1509 0160 00       		.byte	0
 1510 0161 00       		.byte	0
 1511 0162 1D       		.uleb128 0x1d
 1512 0163 34       		.uleb128 0x34
 1513 0164 00       		.byte	0
 1514 0165 03       		.uleb128 0x3
 1515 0166 0E       		.uleb128 0xe
 1516 0167 3A       		.uleb128 0x3a
 1517 0168 0B       		.uleb128 0xb
 1518 0169 3B       		.uleb128 0x3b
 1519 016a 05       		.uleb128 0x5
 1520 016b 49       		.uleb128 0x49
 1521 016c 13       		.uleb128 0x13
 1522 016d 3F       		.uleb128 0x3f
ARM GAS  /tmp/ccv8Hbwt.s 			page 35


 1523 016e 19       		.uleb128 0x19
 1524 016f 3C       		.uleb128 0x3c
 1525 0170 19       		.uleb128 0x19
 1526 0171 00       		.byte	0
 1527 0172 00       		.byte	0
 1528 0173 1E       		.uleb128 0x1e
 1529 0174 34       		.uleb128 0x34
 1530 0175 00       		.byte	0
 1531 0176 03       		.uleb128 0x3
 1532 0177 08       		.uleb128 0x8
 1533 0178 3A       		.uleb128 0x3a
 1534 0179 0B       		.uleb128 0xb
 1535 017a 3B       		.uleb128 0x3b
 1536 017b 05       		.uleb128 0x5
 1537 017c 49       		.uleb128 0x49
 1538 017d 13       		.uleb128 0x13
 1539 017e 3F       		.uleb128 0x3f
 1540 017f 19       		.uleb128 0x19
 1541 0180 3C       		.uleb128 0x3c
 1542 0181 19       		.uleb128 0x19
 1543 0182 00       		.byte	0
 1544 0183 00       		.byte	0
 1545 0184 1F       		.uleb128 0x1f
 1546 0185 2E       		.uleb128 0x2e
 1547 0186 00       		.byte	0
 1548 0187 3F       		.uleb128 0x3f
 1549 0188 19       		.uleb128 0x19
 1550 0189 03       		.uleb128 0x3
 1551 018a 0E       		.uleb128 0xe
 1552 018b 3A       		.uleb128 0x3a
 1553 018c 0B       		.uleb128 0xb
 1554 018d 3B       		.uleb128 0x3b
 1555 018e 05       		.uleb128 0x5
 1556 018f 27       		.uleb128 0x27
 1557 0190 19       		.uleb128 0x19
 1558 0191 3C       		.uleb128 0x3c
 1559 0192 19       		.uleb128 0x19
 1560 0193 00       		.byte	0
 1561 0194 00       		.byte	0
 1562 0195 20       		.uleb128 0x20
 1563 0196 2E       		.uleb128 0x2e
 1564 0197 01       		.byte	0x1
 1565 0198 3F       		.uleb128 0x3f
 1566 0199 19       		.uleb128 0x19
 1567 019a 03       		.uleb128 0x3
 1568 019b 0E       		.uleb128 0xe
 1569 019c 3A       		.uleb128 0x3a
 1570 019d 0B       		.uleb128 0xb
 1571 019e 3B       		.uleb128 0x3b
 1572 019f 05       		.uleb128 0x5
 1573 01a0 27       		.uleb128 0x27
 1574 01a1 19       		.uleb128 0x19
 1575 01a2 3C       		.uleb128 0x3c
 1576 01a3 19       		.uleb128 0x19
 1577 01a4 01       		.uleb128 0x1
 1578 01a5 13       		.uleb128 0x13
 1579 01a6 00       		.byte	0
ARM GAS  /tmp/ccv8Hbwt.s 			page 36


 1580 01a7 00       		.byte	0
 1581 01a8 21       		.uleb128 0x21
 1582 01a9 2E       		.uleb128 0x2e
 1583 01aa 00       		.byte	0
 1584 01ab 3F       		.uleb128 0x3f
 1585 01ac 19       		.uleb128 0x19
 1586 01ad 03       		.uleb128 0x3
 1587 01ae 0E       		.uleb128 0xe
 1588 01af 3A       		.uleb128 0x3a
 1589 01b0 0B       		.uleb128 0xb
 1590 01b1 3B       		.uleb128 0x3b
 1591 01b2 0B       		.uleb128 0xb
 1592 01b3 27       		.uleb128 0x27
 1593 01b4 19       		.uleb128 0x19
 1594 01b5 3C       		.uleb128 0x3c
 1595 01b6 19       		.uleb128 0x19
 1596 01b7 00       		.byte	0
 1597 01b8 00       		.byte	0
 1598 01b9 00       		.byte	0
 1599              		.section	.debug_aranges,"",%progbits
 1600 0000 1C000000 		.4byte	0x1c
 1601 0004 0200     		.2byte	0x2
 1602 0006 00000000 		.4byte	.Ldebug_info0
 1603 000a 04       		.byte	0x4
 1604 000b 00       		.byte	0
 1605 000c 0000     		.2byte	0
 1606 000e 0000     		.2byte	0
 1607 0010 00000000 		.4byte	.LFB272
 1608 0014 28000000 		.4byte	.LFE272-.LFB272
 1609 0018 00000000 		.4byte	0
 1610 001c 00000000 		.4byte	0
 1611              		.section	.debug_ranges,"",%progbits
 1612              	.Ldebug_ranges0:
 1613 0000 00000000 		.4byte	.LFB272
 1614 0004 28000000 		.4byte	.LFE272
 1615 0008 00000000 		.4byte	0
 1616 000c 00000000 		.4byte	0
 1617              		.section	.debug_line,"",%progbits
 1618              	.Ldebug_line0:
 1619 0000 51030000 		.section	.debug_str,"MS",%progbits,1
 1619      02002C03 
 1619      00000201 
 1619      FB0E0D00 
 1619      01010101 
 1620              	.LASF108:
 1621 0000 73746D33 		.ascii	"stm32_gpio_setup_t\000"
 1621      325F6770 
 1621      696F5F73 
 1621      65747570 
 1621      5F7400
 1622              	.LASF49:
 1623 0013 72656164 		.ascii	"ready_list_t\000"
 1623      795F6C69 
 1623      73745F74 
 1623      00
 1624              	.LASF123:
 1625 0020 7374496E 		.ascii	"stInit\000"
ARM GAS  /tmp/ccv8Hbwt.s 			page 37


 1625      697400
 1626              	.LASF87:
 1627 0027 77747472 		.ascii	"wttrp\000"
 1627      7000
 1628              	.LASF84:
 1629 002d 7264796D 		.ascii	"rdymsg\000"
 1629      736700
 1630              	.LASF16:
 1631 0034 75696E74 		.ascii	"uint64_t\000"
 1631      36345F74 
 1631      00
 1632              	.LASF5:
 1633 003d 5F5F7569 		.ascii	"__uint8_t\000"
 1633      6E74385F 
 1633      7400
 1634              	.LASF81:
 1635 0047 706F7274 		.ascii	"port_intctx\000"
 1635      5F696E74 
 1635      63747800 
 1636              	.LASF68:
 1637 0053 73797374 		.ascii	"system_debug_t\000"
 1637      656D5F64 
 1637      65627567 
 1637      5F7400
 1638              	.LASF12:
 1639 0062 6C6F6E67 		.ascii	"long long unsigned int\000"
 1639      206C6F6E 
 1639      6720756E 
 1639      7369676E 
 1639      65642069 
 1640              	.LASF105:
 1641 0079 70757064 		.ascii	"pupdr\000"
 1641      7200
 1642              	.LASF85:
 1643 007f 65786974 		.ascii	"exitcode\000"
 1643      636F6465 
 1643      00
 1644              	.LASF75:
 1645 0088 6D61696E 		.ascii	"mainthread\000"
 1645      74687265 
 1645      616400
 1646              	.LASF88:
 1647 0093 73656E74 		.ascii	"sentmsg\000"
 1647      6D736700 
 1648              	.LASF65:
 1649 009b 76697274 		.ascii	"virtual_timers_list_t\000"
 1649      75616C5F 
 1649      74696D65 
 1649      72735F6C 
 1649      6973745F 
 1650              	.LASF116:
 1651 00b1 49544D5F 		.ascii	"ITM_RxBuffer\000"
 1651      52784275 
 1651      66666572 
 1651      00
 1652              	.LASF48:
 1653 00be 63685F74 		.ascii	"ch_threads_queue\000"
ARM GAS  /tmp/ccv8Hbwt.s 			page 38


 1653      68726561 
 1653      64735F71 
 1653      75657565 
 1653      00
 1654              	.LASF29:
 1655 00cf 705F7072 		.ascii	"p_prio\000"
 1655      696F00
 1656              	.LASF10:
 1657 00d6 6C6F6E67 		.ascii	"long long int\000"
 1657      206C6F6E 
 1657      6720696E 
 1657      7400
 1658              	.LASF1:
 1659 00e4 7369676E 		.ascii	"signed char\000"
 1659      65642063 
 1659      68617200 
 1660              	.LASF42:
 1661 00f0 705F6D70 		.ascii	"p_mpool\000"
 1661      6F6F6C00 
 1662              	.LASF96:
 1663 00f8 6D5F7175 		.ascii	"m_queue\000"
 1663      65756500 
 1664              	.LASF102:
 1665 0100 6D6F6465 		.ascii	"moder\000"
 1665      7200
 1666              	.LASF72:
 1667 0106 63685F73 		.ascii	"ch_system\000"
 1667      79737465 
 1667      6D00
 1668              	.LASF7:
 1669 0110 6C6F6E67 		.ascii	"long int\000"
 1669      20696E74 
 1669      00
 1670              	.LASF113:
 1671 0119 50454461 		.ascii	"PEData\000"
 1671      746100
 1672              	.LASF19:
 1673 0120 74737461 		.ascii	"tstate_t\000"
 1673      74655F74 
 1673      00
 1674              	.LASF31:
 1675 0129 705F6E65 		.ascii	"p_newer\000"
 1675      77657200 
 1676              	.LASF93:
 1677 0131 735F7175 		.ascii	"s_queue\000"
 1677      65756500 
 1678              	.LASF54:
 1679 0139 725F6E65 		.ascii	"r_newer\000"
 1679      77657200 
 1680              	.LASF78:
 1681 0141 72656761 		.ascii	"regarm_t\000"
 1681      726D5F74 
 1681      00
 1682              	.LASF61:
 1683 014a 76745F70 		.ascii	"vt_prev\000"
 1683      72657600 
 1684              	.LASF74:
ARM GAS  /tmp/ccv8Hbwt.s 			page 39


 1685 0152 76746C69 		.ascii	"vtlist\000"
 1685      737400
 1686              	.LASF100:
 1687 0159 6D757465 		.ascii	"mutex_t\000"
 1687      785F7400 
 1688              	.LASF110:
 1689 0161 50424461 		.ascii	"PBData\000"
 1689      746100
 1690              	.LASF76:
 1691 0168 69646C65 		.ascii	"idle_thread_wa\000"
 1691      5F746872 
 1691      6561645F 
 1691      776100
 1692              	.LASF24:
 1693 0177 636E745F 		.ascii	"cnt_t\000"
 1693      7400
 1694              	.LASF0:
 1695 017d 756E7369 		.ascii	"unsigned int\000"
 1695      676E6564 
 1695      20696E74 
 1695      00
 1696              	.LASF60:
 1697 018a 76745F6E 		.ascii	"vt_next\000"
 1697      65787400 
 1698              	.LASF89:
 1699 0192 77747365 		.ascii	"wtsemp\000"
 1699      6D7000
 1700              	.LASF38:
 1701 0199 705F6D73 		.ascii	"p_msgqueue\000"
 1701      67717565 
 1701      756500
 1702              	.LASF128:
 1703 01a4 68616C49 		.ascii	"halInit\000"
 1703      6E697400 
 1704              	.LASF104:
 1705 01ac 6F737065 		.ascii	"ospeedr\000"
 1705      65647200 
 1706              	.LASF103:
 1707 01b4 6F747970 		.ascii	"otyper\000"
 1707      657200
 1708              	.LASF4:
 1709 01bb 73686F72 		.ascii	"short unsigned int\000"
 1709      7420756E 
 1709      7369676E 
 1709      65642069 
 1709      6E7400
 1710              	.LASF114:
 1711 01ce 50464461 		.ascii	"PFData\000"
 1711      746100
 1712              	.LASF45:
 1713 01d5 63685F74 		.ascii	"ch_thread\000"
 1713      68726561 
 1713      6400
 1714              	.LASF22:
 1715 01df 6D73675F 		.ascii	"msg_t\000"
 1715      7400
 1716              	.LASF71:
ARM GAS  /tmp/ccv8Hbwt.s 			page 40


 1717 01e5 63685F73 		.ascii	"ch_system_t\000"
 1717      79737465 
 1717      6D5F7400 
 1718              	.LASF18:
 1719 01f1 746D6F64 		.ascii	"tmode_t\000"
 1719      655F7400 
 1720              	.LASF126:
 1721 01f9 2F752F67 		.ascii	"/u/galexeev/classes/P442WifiTrailCounterProject/mil"
 1721      616C6578 
 1721      6565762F 
 1721      636C6173 
 1721      7365732F 
 1722 022c 6573746F 		.ascii	"estone1\000"
 1722      6E653100 
 1723              	.LASF50:
 1724 0234 63685F72 		.ascii	"ch_ready_list\000"
 1724      65616479 
 1724      5F6C6973 
 1724      7400
 1725              	.LASF23:
 1726 0242 6576656E 		.ascii	"eventmask_t\000"
 1726      746D6173 
 1726      6B5F7400 
 1727              	.LASF6:
 1728 024e 5F5F696E 		.ascii	"__int32_t\000"
 1728      7433325F 
 1728      7400
 1729              	.LASF79:
 1730 0258 73746B61 		.ascii	"stkalign_t\000"
 1730      6C69676E 
 1730      5F7400
 1731              	.LASF121:
 1732 0263 73706949 		.ascii	"spiInit\000"
 1732      6E697400 
 1733              	.LASF77:
 1734 026b 73697A65 		.ascii	"sizetype\000"
 1734      74797065 
 1734      00
 1735              	.LASF43:
 1736 0274 74687265 		.ascii	"thread_reference_t\000"
 1736      61645F72 
 1736      65666572 
 1736      656E6365 
 1736      5F7400
 1737              	.LASF66:
 1738 0287 63685F76 		.ascii	"ch_virtual_timers_list\000"
 1738      69727475 
 1738      616C5F74 
 1738      696D6572 
 1738      735F6C69 
 1739              	.LASF63:
 1740 029e 76745F66 		.ascii	"vt_func\000"
 1740      756E6300 
 1741              	.LASF67:
 1742 02a6 76745F6C 		.ascii	"vt_lasttime\000"
 1742      61737474 
 1742      696D6500 
ARM GAS  /tmp/ccv8Hbwt.s 			page 41


 1743              	.LASF32:
 1744 02b2 705F6F6C 		.ascii	"p_older\000"
 1744      64657200 
 1745              	.LASF53:
 1746 02ba 725F6374 		.ascii	"r_ctx\000"
 1746      7800
 1747              	.LASF83:
 1748 02c0 746D5F63 		.ascii	"tm_calibration_t\000"
 1748      616C6962 
 1748      72617469 
 1748      6F6E5F74 
 1748      00
 1749              	.LASF107:
 1750 02d1 61667268 		.ascii	"afrh\000"
 1750      00
 1751              	.LASF112:
 1752 02d6 50444461 		.ascii	"PDData\000"
 1752      746100
 1753              	.LASF56:
 1754 02dd 725F6375 		.ascii	"r_current\000"
 1754      7272656E 
 1754      7400
 1755              	.LASF55:
 1756 02e7 725F6F6C 		.ascii	"r_older\000"
 1756      64657200 
 1757              	.LASF11:
 1758 02ef 5F5F7569 		.ascii	"__uint64_t\000"
 1758      6E743634 
 1758      5F7400
 1759              	.LASF20:
 1760 02fa 74726566 		.ascii	"trefs_t\000"
 1760      735F7400 
 1761              	.LASF58:
 1762 0302 76697274 		.ascii	"virtual_timer_t\000"
 1762      75616C5F 
 1762      74696D65 
 1762      725F7400 
 1763              	.LASF28:
 1764 0312 705F7072 		.ascii	"p_prev\000"
 1764      657600
 1765              	.LASF127:
 1766 0319 6F73616C 		.ascii	"osalInit\000"
 1766      496E6974 
 1766      00
 1767              	.LASF21:
 1768 0322 74707269 		.ascii	"tprio_t\000"
 1768      6F5F7400 
 1769              	.LASF69:
 1770 032a 63685F73 		.ascii	"ch_system_debug\000"
 1770      79737465 
 1770      6D5F6465 
 1770      62756700 
 1771              	.LASF101:
 1772 033a 5F426F6F 		.ascii	"_Bool\000"
 1772      6C00
 1773              	.LASF14:
 1774 0340 696E7433 		.ascii	"int32_t\000"
ARM GAS  /tmp/ccv8Hbwt.s 			page 42


 1774      325F7400 
 1775              	.LASF2:
 1776 0348 756E7369 		.ascii	"unsigned char\000"
 1776      676E6564 
 1776      20636861 
 1776      7200
 1777              	.LASF106:
 1778 0356 6166726C 		.ascii	"afrl\000"
 1778      00
 1779              	.LASF119:
 1780 035b 65787449 		.ascii	"extInit\000"
 1780      6E697400 
 1781              	.LASF40:
 1782 0363 705F6D74 		.ascii	"p_mtxlist\000"
 1782      786C6973 
 1782      7400
 1783              	.LASF3:
 1784 036d 73686F72 		.ascii	"short int\000"
 1784      7420696E 
 1784      7400
 1785              	.LASF34:
 1786 0377 705F7374 		.ascii	"p_state\000"
 1786      61746500 
 1787              	.LASF122:
 1788 037f 626F6172 		.ascii	"boardInit\000"
 1788      64496E69 
 1788      7400
 1789              	.LASF52:
 1790 0389 725F7072 		.ascii	"r_prio\000"
 1790      696F00
 1791              	.LASF109:
 1792 0390 50414461 		.ascii	"PAData\000"
 1792      746100
 1793              	.LASF91:
 1794 0397 65776D61 		.ascii	"ewmask\000"
 1794      736B00
 1795              	.LASF27:
 1796 039e 705F6E65 		.ascii	"p_next\000"
 1796      787400
 1797              	.LASF35:
 1798 03a5 705F666C 		.ascii	"p_flags\000"
 1798      61677300 
 1799              	.LASF125:
 1800 03ad 2E2E2F43 		.ascii	"../ChibiOS/os/hal/src/hal.c\000"
 1800      68696269 
 1800      4F532F6F 
 1800      732F6861 
 1800      6C2F7372 
 1801              	.LASF59:
 1802 03c9 63685F76 		.ascii	"ch_virtual_timer\000"
 1802      69727475 
 1802      616C5F74 
 1802      696D6572 
 1802      00
 1803              	.LASF92:
 1804 03da 63685F73 		.ascii	"ch_semaphore\000"
 1804      656D6170 
ARM GAS  /tmp/ccv8Hbwt.s 			page 43


 1804      686F7265 
 1804      00
 1805              	.LASF39:
 1806 03e7 705F6570 		.ascii	"p_epending\000"
 1806      656E6469 
 1806      6E6700
 1807              	.LASF15:
 1808 03f2 75696E74 		.ascii	"uint32_t\000"
 1808      33325F74 
 1808      00
 1809              	.LASF90:
 1810 03fb 77746D74 		.ascii	"wtmtxp\000"
 1810      787000
 1811              	.LASF51:
 1812 0402 725F7175 		.ascii	"r_queue\000"
 1812      65756500 
 1813              	.LASF62:
 1814 040a 76745F64 		.ascii	"vt_delta\000"
 1814      656C7461 
 1814      00
 1815              	.LASF46:
 1816 0413 63685F74 		.ascii	"ch_threads_list\000"
 1816      68726561 
 1816      64735F6C 
 1816      69737400 
 1817              	.LASF9:
 1818 0423 6C6F6E67 		.ascii	"long unsigned int\000"
 1818      20756E73 
 1818      69676E65 
 1818      6420696E 
 1818      7400
 1819              	.LASF99:
 1820 0435 63686172 		.ascii	"char\000"
 1820      00
 1821              	.LASF26:
 1822 043a 74687265 		.ascii	"thread_t\000"
 1822      61645F74 
 1822      00
 1823              	.LASF98:
 1824 0443 6D5F6E65 		.ascii	"m_next\000"
 1824      787400
 1825              	.LASF25:
 1826 044a 73797374 		.ascii	"systime_t\000"
 1826      696D655F 
 1826      7400
 1827              	.LASF41:
 1828 0454 705F7265 		.ascii	"p_realprio\000"
 1828      616C7072 
 1828      696F00
 1829              	.LASF57:
 1830 045f 76746675 		.ascii	"vtfunc_t\000"
 1830      6E635F74 
 1830      00
 1831              	.LASF8:
 1832 0468 5F5F7569 		.ascii	"__uint32_t\000"
 1832      6E743332 
 1832      5F7400
ARM GAS  /tmp/ccv8Hbwt.s 			page 44


 1833              	.LASF70:
 1834 0473 70616E69 		.ascii	"panic_msg\000"
 1834      635F6D73 
 1834      6700
 1835              	.LASF82:
 1836 047d 6F666673 		.ascii	"offset\000"
 1836      657400
 1837              	.LASF80:
 1838 0484 636F6E74 		.ascii	"context\000"
 1838      65787400 
 1839              	.LASF118:
 1840 048c 68616C5F 		.ascii	"hal_lld_init\000"
 1840      6C6C645F 
 1840      696E6974 
 1840      00
 1841              	.LASF17:
 1842 0499 7274636E 		.ascii	"rtcnt_t\000"
 1842      745F7400 
 1843              	.LASF64:
 1844 04a1 76745F70 		.ascii	"vt_par\000"
 1844      617200
 1845              	.LASF47:
 1846 04a8 74687265 		.ascii	"threads_queue_t\000"
 1846      6164735F 
 1846      71756575 
 1846      655F7400 
 1847              	.LASF95:
 1848 04b8 63685F6D 		.ascii	"ch_mutex\000"
 1848      75746578 
 1848      00
 1849              	.LASF36:
 1850 04c1 705F7265 		.ascii	"p_refs\000"
 1850      667300
 1851              	.LASF129:
 1852 04c8 5F70616C 		.ascii	"_pal_lld_init\000"
 1852      5F6C6C64 
 1852      5F696E69 
 1852      7400
 1853              	.LASF73:
 1854 04d6 726C6973 		.ascii	"rlist\000"
 1854      7400
 1855              	.LASF13:
 1856 04dc 75696E74 		.ascii	"uint8_t\000"
 1856      385F7400 
 1857              	.LASF124:
 1858 04e4 474E5520 		.ascii	"GNU C 4.8.4 20140526 (release) [ARM/embedded-4_8-br"
 1858      4320342E 
 1858      382E3420 
 1858      32303134 
 1858      30353236 
 1859 0517 616E6368 		.ascii	"anch revision 211358] -mcpu=cortex-m4 -mno-thumb-in"
 1859      20726576 
 1859      6973696F 
 1859      6E203231 
 1859      31333538 
 1860 054a 74657277 		.ascii	"terwork -mthumb -ggdb -O2 -fomit-frame-pointer -fal"
 1860      6F726B20 
ARM GAS  /tmp/ccv8Hbwt.s 			page 45


 1860      2D6D7468 
 1860      756D6220 
 1860      2D676764 
 1861 057d 69676E2D 		.ascii	"ign-functions=16 -ffunction-sections -fdata-section"
 1861      66756E63 
 1861      74696F6E 
 1861      733D3136 
 1861      202D6666 
 1862 05b0 73202D66 		.ascii	"s -fno-common -flto\000"
 1862      6E6F2D63 
 1862      6F6D6D6F 
 1862      6E202D66 
 1862      6C746F00 
 1863              	.LASF86:
 1864 05c4 77746F62 		.ascii	"wtobjp\000"
 1864      6A7000
 1865              	.LASF33:
 1866 05cb 705F6E61 		.ascii	"p_name\000"
 1866      6D6500
 1867              	.LASF94:
 1868 05d2 735F636E 		.ascii	"s_cnt\000"
 1868      7400
 1869              	.LASF111:
 1870 05d8 50434461 		.ascii	"PCData\000"
 1870      746100
 1871              	.LASF44:
 1872 05df 74687265 		.ascii	"threads_list_t\000"
 1872      6164735F 
 1872      6C697374 
 1872      5F7400
 1873              	.LASF120:
 1874 05ee 7364496E 		.ascii	"sdInit\000"
 1874      697400
 1875              	.LASF115:
 1876 05f5 50414C43 		.ascii	"PALConfig\000"
 1876      6F6E6669 
 1876      6700
 1877              	.LASF97:
 1878 05ff 6D5F6F77 		.ascii	"m_owner\000"
 1878      6E657200 
 1879              	.LASF117:
 1880 0607 70616C5F 		.ascii	"pal_default_config\000"
 1880      64656661 
 1880      756C745F 
 1880      636F6E66 
 1880      696700
 1881              	.LASF30:
 1882 061a 705F6374 		.ascii	"p_ctx\000"
 1882      7800
 1883              	.LASF37:
 1884 0620 705F7761 		.ascii	"p_waiting\000"
 1884      6974696E 
 1884      6700
 1885              		.comm	__gnu_lto_v1,1,1
 1886              		.ident	"GCC: (GNU Tools for ARM Embedded Processors) 4.8.4 20140526 (release) [ARM/embedded-4_8-br
ARM GAS  /tmp/ccv8Hbwt.s 			page 46


DEFINED SYMBOLS
                            *ABS*:00000000 hal.c
     /tmp/ccv8Hbwt.s:151    .text.halInit:00000000 $t
     /tmp/ccv8Hbwt.s:157    .text.halInit:00000000 halInit
     /tmp/ccv8Hbwt.s:195    .text.halInit:00000024 $d
                            *COM*:00000001 __gnu_lto_v1
                     .debug_frame:00000010 $d
     /tmp/ccv8Hbwt.s:199    .text.halInit:00000028 $t

UNDEFINED SYMBOLS
hal_lld_init
_pal_lld_init
extInit
sdInit
spiInit
boardInit
stInit
pal_default_config
