ARM GAS  /tmp/ccCWl3Ow.s 			page 1


   1              		.syntax unified
   2              		.cpu cortex-m4
   3              		.fpu softvfp
   4              		.eabi_attribute 20, 1
   5              		.eabi_attribute 21, 1
   6              		.eabi_attribute 23, 3
   7              		.eabi_attribute 24, 1
   8              		.eabi_attribute 25, 1
   9              		.eabi_attribute 26, 1
  10              		.eabi_attribute 30, 2
  11              		.eabi_attribute 34, 1
  12              		.eabi_attribute 18, 4
  13              		.thumb
  14              		.file	"hal_queues.c"
  15              		.text
  16              	.Ltext0:
  17              		.section	.gnu.lto_.inline.1ee4d737dc796baf,"",%progbits
  18 0000 789C6362 		.ascii	"x\234cb`b\300\006\020\242\000\000\272\000\007"
  18      6062C006 
  18      10A20000 
  18      BA0007
  19              		.text
  20              		.section	.gnu.lto_.pureconst.1ee4d737dc796baf,"",%progbits
  21 0000 789C6362 		.ascii	"x\234cb`b`d\200\002\000\000F\000\006"
  21      60626064 
  21      80020000 
  21      460006
  22              		.text
  23              		.section	.gnu.lto_.symbol_nodes.1ee4d737dc796baf,"",%progbits
  24 0000 789C6362 		.ascii	"x\234cb`\002B\030\000\000\000V\000\007"
  24      60024218 
  24      00000056 
  24      0007
  25              		.text
  26              		.section	.gnu.lto_.refs.1ee4d737dc796baf,"",%progbits
  27 0000 789C6362 		.ascii	"x\234cb`b`d\200\002\000\000F\000\006"
  27      60626064 
  27      80020000 
  27      460006
  28              		.text
  29              		.section	.gnu.lto_.decls.1ee4d737dc796baf,"",%progbits
  30 0000 789C6362 		.ascii	"x\234cb`bPa``\370\017\004@\212\201\021\212\355\030\010"
  30      60625061 
  30      6060F80F 
  30      04408A81 
  30      118AED18 
  31 0015 0000CE1B 		.ascii	"\000\000\316\033\004e"
  31      0465
  32              		.text
  33              		.section	.gnu.lto_.symtab.1ee4d737dc796baf,"",%progbits
  34              		.text
  35              		.section	.gnu.lto_.opts,"",%progbits
  36 0000 272D6D63 		.ascii	"'-mcpu=cortex-m4' '-mno-thumb-interwork' '-mthumb' "
  36      70753D63 
  36      6F727465 
  36      782D6D34 
  36      2720272D 
ARM GAS  /tmp/ccCWl3Ow.s 			page 2


  37 0033 272D6767 		.ascii	"'-ggdb' '-O2' '-fomit-frame-pointer' '-falign-funct"
  37      64622720 
  37      272D4F32 
  37      2720272D 
  37      666F6D69 
  38 0066 696F6E73 		.ascii	"ions=16' '-ffunction-sections' '-fdata-sections' '-"
  38      3D313627 
  38      20272D66 
  38      66756E63 
  38      74696F6E 
  39 0099 666E6F2D 		.ascii	"fno-common' '-flto'\000"
  39      636F6D6D 
  39      6F6E2720 
  39      272D666C 
  39      746F2700 
  40              		.text
  41              		.cfi_sections	.debug_frame
  42              	.Letext0:
  43              		.file 1 "/nfs/nfs5/home/research/hardware/arm2/gcc-arm-embedded/gcc-arm-none-eabi-4_8-2014q2/arm-n
  44              		.file 2 "/nfs/nfs5/home/research/hardware/arm2/gcc-arm-embedded/gcc-arm-none-eabi-4_8-2014q2/arm-n
  45              		.file 3 "../ChibiOS/os/rt/ports/ARMCMx/compilers/GCC/chtypes.h"
  46              		.file 4 "../ChibiOS/os/rt/include/chsystypes.h"
  47              		.file 5 "../ChibiOS/os/rt/include/chschd.h"
  48              		.file 6 "../ChibiOS/os/rt/ports/ARMCMx/chcore.h"
  49              		.file 7 "../ChibiOS/os/rt/ports/ARMCMx/chcore_v7m.h"
  50              		.file 8 "../ChibiOS/os/rt/include/chtm.h"
  51              		.file 9 "../ChibiOS/os/rt/include/chsem.h"
  52              		.file 10 "../ChibiOS/os/rt/include/chmtx.h"
  53              		.file 11 "../ChibiOS/os/ext/CMSIS/include/core_cm4.h"
  54              		.section	.debug_info,"",%progbits
  55              	.Ldebug_info0:
  56 0000 2D060000 		.4byte	0x62d
  57 0004 0400     		.2byte	0x4
  58 0006 00000000 		.4byte	.Ldebug_abbrev0
  59 000a 04       		.byte	0x4
  60 000b 01       		.uleb128 0x1
  61 000c 7B040000 		.4byte	.LASF103
  62 0010 01       		.byte	0x1
  63 0011 AB010000 		.4byte	.LASF104
  64 0015 EC020000 		.4byte	.LASF105
  65 0019 00000000 		.4byte	.Ldebug_line0
  66 001d 02       		.uleb128 0x2
  67 001e 04       		.byte	0x4
  68 001f 05       		.byte	0x5
  69 0020 696E7400 		.ascii	"int\000"
  70 0024 03       		.uleb128 0x3
  71 0025 04       		.byte	0x4
  72 0026 07       		.byte	0x7
  73 0027 1D020000 		.4byte	.LASF0
  74 002b 03       		.uleb128 0x3
  75 002c 01       		.byte	0x1
  76 002d 06       		.byte	0x6
  77 002e E9010000 		.4byte	.LASF1
  78 0032 04       		.uleb128 0x4
  79 0033 77010000 		.4byte	.LASF5
  80 0037 01       		.byte	0x1
  81 0038 1C       		.byte	0x1c
ARM GAS  /tmp/ccCWl3Ow.s 			page 3


  82 0039 3D000000 		.4byte	0x3d
  83 003d 03       		.uleb128 0x3
  84 003e 01       		.byte	0x1
  85 003f 08       		.byte	0x8
  86 0040 D4010000 		.4byte	.LASF2
  87 0044 03       		.uleb128 0x3
  88 0045 02       		.byte	0x2
  89 0046 05       		.byte	0x5
  90 0047 3D000000 		.4byte	.LASF3
  91 004b 03       		.uleb128 0x3
  92 004c 02       		.byte	0x2
  93 004d 07       		.byte	0x7
  94 004e 84030000 		.4byte	.LASF4
  95 0052 04       		.uleb128 0x4
  96 0053 C9030000 		.4byte	.LASF6
  97 0057 01       		.byte	0x1
  98 0058 37       		.byte	0x37
  99 0059 5D000000 		.4byte	0x5d
 100 005d 03       		.uleb128 0x3
 101 005e 04       		.byte	0x4
 102 005f 05       		.byte	0x5
 103 0060 36010000 		.4byte	.LASF7
 104 0064 04       		.uleb128 0x4
 105 0065 97030000 		.4byte	.LASF8
 106 0069 01       		.byte	0x1
 107 006a 38       		.byte	0x38
 108 006b 6F000000 		.4byte	0x6f
 109 006f 03       		.uleb128 0x3
 110 0070 04       		.byte	0x4
 111 0071 07       		.byte	0x7
 112 0072 68030000 		.4byte	.LASF9
 113 0076 03       		.uleb128 0x3
 114 0077 08       		.byte	0x8
 115 0078 05       		.byte	0x5
 116 0079 19010000 		.4byte	.LASF10
 117 007d 04       		.uleb128 0x4
 118 007e 3D030000 		.4byte	.LASF11
 119 0082 01       		.byte	0x1
 120 0083 4E       		.byte	0x4e
 121 0084 88000000 		.4byte	0x88
 122 0088 03       		.uleb128 0x3
 123 0089 08       		.byte	0x8
 124 008a 07       		.byte	0x7
 125 008b FD010000 		.4byte	.LASF12
 126 008f 04       		.uleb128 0x4
 127 0090 C2000000 		.4byte	.LASF13
 128 0094 02       		.byte	0x2
 129 0095 2A       		.byte	0x2a
 130 0096 32000000 		.4byte	0x32
 131 009a 04       		.uleb128 0x4
 132 009b C9020000 		.4byte	.LASF14
 133 009f 02       		.byte	0x2
 134 00a0 41       		.byte	0x41
 135 00a1 52000000 		.4byte	0x52
 136 00a5 04       		.uleb128 0x4
 137 00a6 DB000000 		.4byte	.LASF15
 138 00aa 02       		.byte	0x2
ARM GAS  /tmp/ccCWl3Ow.s 			page 4


 139 00ab 42       		.byte	0x42
 140 00ac 64000000 		.4byte	0x64
 141 00b0 04       		.uleb128 0x4
 142 00b1 29000000 		.4byte	.LASF16
 143 00b5 02       		.byte	0x2
 144 00b6 4E       		.byte	0x4e
 145 00b7 7D000000 		.4byte	0x7d
 146 00bb 04       		.uleb128 0x4
 147 00bc 91000000 		.4byte	.LASF17
 148 00c0 03       		.byte	0x3
 149 00c1 39       		.byte	0x39
 150 00c2 A5000000 		.4byte	0xa5
 151 00c6 04       		.uleb128 0x4
 152 00c7 11010000 		.4byte	.LASF18
 153 00cb 03       		.byte	0x3
 154 00cc 3C       		.byte	0x3c
 155 00cd 8F000000 		.4byte	0x8f
 156 00d1 04       		.uleb128 0x4
 157 00d2 ED030000 		.4byte	.LASF19
 158 00d6 03       		.byte	0x3
 159 00d7 3D       		.byte	0x3d
 160 00d8 8F000000 		.4byte	0x8f
 161 00dc 04       		.uleb128 0x4
 162 00dd 09000000 		.4byte	.LASF20
 163 00e1 03       		.byte	0x3
 164 00e2 3E       		.byte	0x3e
 165 00e3 8F000000 		.4byte	0x8f
 166 00e7 04       		.uleb128 0x4
 167 00e8 2E010000 		.4byte	.LASF21
 168 00ec 03       		.byte	0x3
 169 00ed 40       		.byte	0x40
 170 00ee A5000000 		.4byte	0xa5
 171 00f2 04       		.uleb128 0x4
 172 00f3 6E040000 		.4byte	.LASF22
 173 00f7 03       		.byte	0x3
 174 00f8 41       		.byte	0x41
 175 00f9 9A000000 		.4byte	0x9a
 176 00fd 04       		.uleb128 0x4
 177 00fe 6C000000 		.4byte	.LASF23
 178 0102 03       		.byte	0x3
 179 0103 43       		.byte	0x43
 180 0104 A5000000 		.4byte	0xa5
 181 0108 04       		.uleb128 0x4
 182 0109 D8020000 		.4byte	.LASF24
 183 010d 03       		.byte	0x3
 184 010e 45       		.byte	0x45
 185 010f 9A000000 		.4byte	0x9a
 186 0113 04       		.uleb128 0x4
 187 0114 9B020000 		.4byte	.LASF25
 188 0118 04       		.byte	0x4
 189 0119 33       		.byte	0x33
 190 011a A5000000 		.4byte	0xa5
 191 011e 04       		.uleb128 0x4
 192 011f 00000000 		.4byte	.LASF26
 193 0123 04       		.byte	0x4
 194 0124 3F       		.byte	0x3f
 195 0125 29010000 		.4byte	0x129
ARM GAS  /tmp/ccCWl3Ow.s 			page 5


 196 0129 05       		.uleb128 0x5
 197 012a E4000000 		.4byte	.LASF45
 198 012e 40       		.byte	0x40
 199 012f 05       		.byte	0x5
 200 0130 C2       		.byte	0xc2
 201 0131 09020000 		.4byte	0x209
 202 0135 06       		.uleb128 0x6
 203 0136 8A000000 		.4byte	.LASF27
 204 013a 05       		.byte	0x5
 205 013b C3       		.byte	0xc3
 206 013c 14020000 		.4byte	0x214
 207 0140 00       		.byte	0
 208 0141 06       		.uleb128 0x6
 209 0142 5F000000 		.4byte	.LASF28
 210 0146 05       		.byte	0x5
 211 0147 C5       		.byte	0xc5
 212 0148 14020000 		.4byte	0x214
 213 014c 04       		.byte	0x4
 214 014d 06       		.uleb128 0x6
 215 014e 83000000 		.4byte	.LASF29
 216 0152 05       		.byte	0x5
 217 0153 C7       		.byte	0xc7
 218 0154 E7000000 		.4byte	0xe7
 219 0158 08       		.byte	0x8
 220 0159 06       		.uleb128 0x6
 221 015a 3D040000 		.4byte	.LASF30
 222 015e 05       		.byte	0x5
 223 015f C8       		.byte	0xc8
 224 0160 44040000 		.4byte	0x444
 225 0164 0C       		.byte	0xc
 226 0165 06       		.uleb128 0x6
 227 0166 F5010000 		.4byte	.LASF31
 228 016a 05       		.byte	0x5
 229 016b CA       		.byte	0xca
 230 016c 14020000 		.4byte	0x214
 231 0170 10       		.byte	0x10
 232 0171 06       		.uleb128 0x6
 233 0172 13040000 		.4byte	.LASF32
 234 0176 05       		.byte	0x5
 235 0177 CB       		.byte	0xcb
 236 0178 14020000 		.4byte	0x214
 237 017c 14       		.byte	0x14
 238 017d 06       		.uleb128 0x6
 239 017e 52030000 		.4byte	.LASF33
 240 0182 05       		.byte	0x5
 241 0183 D2       		.byte	0xd2
 242 0184 CF050000 		.4byte	0x5cf
 243 0188 18       		.byte	0x18
 244 0189 06       		.uleb128 0x6
 245 018a DE020000 		.4byte	.LASF34
 246 018e 05       		.byte	0x5
 247 018f DD       		.byte	0xdd
 248 0190 D1000000 		.4byte	0xd1
 249 0194 1C       		.byte	0x1c
 250 0195 06       		.uleb128 0x6
 251 0196 7F020000 		.4byte	.LASF35
 252 019a 05       		.byte	0x5
ARM GAS  /tmp/ccCWl3Ow.s 			page 6


 253 019b E1       		.byte	0xe1
 254 019c C6000000 		.4byte	0xc6
 255 01a0 1D       		.byte	0x1d
 256 01a1 06       		.uleb128 0x6
 257 01a2 28040000 		.4byte	.LASF36
 258 01a6 05       		.byte	0x5
 259 01a7 E6       		.byte	0xe6
 260 01a8 DC000000 		.4byte	0xdc
 261 01ac 1E       		.byte	0x1e
 262 01ad 07       		.uleb128 0x7
 263 01ae 705F7500 		.ascii	"p_u\000"
 264 01b2 05       		.byte	0x5
 265 01b3 3701     		.2byte	0x137
 266 01b5 FE040000 		.4byte	0x4fe
 267 01b9 20       		.byte	0x20
 268 01ba 08       		.uleb128 0x8
 269 01bb 33030000 		.4byte	.LASF37
 270 01bf 05       		.byte	0x5
 271 01c0 3C01     		.2byte	0x13c
 272 01c2 1A020000 		.4byte	0x21a
 273 01c6 24       		.byte	0x24
 274 01c7 08       		.uleb128 0x8
 275 01c8 78000000 		.4byte	.LASF38
 276 01cc 05       		.byte	0x5
 277 01cd 4201     		.2byte	0x142
 278 01cf 3E020000 		.4byte	0x23e
 279 01d3 28       		.byte	0x28
 280 01d4 08       		.uleb128 0x8
 281 01d5 EE000000 		.4byte	.LASF39
 282 01d9 05       		.byte	0x5
 283 01da 4801     		.2byte	0x148
 284 01dc FD000000 		.4byte	0xfd
 285 01e0 30       		.byte	0x30
 286 01e1 08       		.uleb128 0x8
 287 01e2 48030000 		.4byte	.LASF40
 288 01e6 05       		.byte	0x5
 289 01e7 4F01     		.2byte	0x14f
 290 01e9 C9050000 		.4byte	0x5c9
 291 01ed 34       		.byte	0x34
 292 01ee 08       		.uleb128 0x8
 293 01ef 90020000 		.4byte	.LASF41
 294 01f3 05       		.byte	0x5
 295 01f4 5301     		.2byte	0x153
 296 01f6 E7000000 		.4byte	0xe7
 297 01fa 38       		.byte	0x38
 298 01fb 08       		.uleb128 0x8
 299 01fc 58040000 		.4byte	.LASF42
 300 0200 05       		.byte	0x5
 301 0201 5A01     		.2byte	0x15a
 302 0203 F1020000 		.4byte	0x2f1
 303 0207 3C       		.byte	0x3c
 304 0208 00       		.byte	0
 305 0209 04       		.uleb128 0x4
 306 020a D3030000 		.4byte	.LASF43
 307 020e 04       		.byte	0x4
 308 020f 44       		.byte	0x44
 309 0210 14020000 		.4byte	0x214
ARM GAS  /tmp/ccCWl3Ow.s 			page 7


 310 0214 09       		.uleb128 0x9
 311 0215 04       		.byte	0x4
 312 0216 1E010000 		.4byte	0x11e
 313 021a 04       		.uleb128 0x4
 314 021b 5B050000 		.4byte	.LASF44
 315 021f 04       		.byte	0x4
 316 0220 49       		.byte	0x49
 317 0221 25020000 		.4byte	0x225
 318 0225 05       		.uleb128 0x5
 319 0226 91010000 		.4byte	.LASF46
 320 022a 04       		.byte	0x4
 321 022b 05       		.byte	0x5
 322 022c B0       		.byte	0xb0
 323 022d 3E020000 		.4byte	0x23e
 324 0231 06       		.uleb128 0x6
 325 0232 8A000000 		.4byte	.LASF27
 326 0236 05       		.byte	0x5
 327 0237 B1       		.byte	0xb1
 328 0238 14020000 		.4byte	0x214
 329 023c 00       		.byte	0
 330 023d 00       		.byte	0
 331 023e 04       		.uleb128 0x4
 332 023f 67020000 		.4byte	.LASF47
 333 0243 04       		.byte	0x4
 334 0244 50       		.byte	0x50
 335 0245 49020000 		.4byte	0x249
 336 0249 05       		.uleb128 0x5
 337 024a CA000000 		.4byte	.LASF48
 338 024e 08       		.byte	0x8
 339 024f 05       		.byte	0x5
 340 0250 B7       		.byte	0xb7
 341 0251 6E020000 		.4byte	0x26e
 342 0255 06       		.uleb128 0x6
 343 0256 8A000000 		.4byte	.LASF27
 344 025a 05       		.byte	0x5
 345 025b B8       		.byte	0xb8
 346 025c 14020000 		.4byte	0x214
 347 0260 00       		.byte	0
 348 0261 06       		.uleb128 0x6
 349 0262 5F000000 		.4byte	.LASF28
 350 0266 05       		.byte	0x5
 351 0267 B9       		.byte	0xb9
 352 0268 14020000 		.4byte	0x214
 353 026c 04       		.byte	0x4
 354 026d 00       		.byte	0
 355 026e 04       		.uleb128 0x4
 356 026f 1B040000 		.4byte	.LASF49
 357 0273 04       		.byte	0x4
 358 0274 57       		.byte	0x57
 359 0275 79020000 		.4byte	0x279
 360 0279 0A       		.uleb128 0xa
 361 027a 2F040000 		.4byte	.LASF50
 362 027e 1C       		.byte	0x1c
 363 027f 05       		.byte	0x5
 364 0280 9201     		.2byte	0x192
 365 0282 D5020000 		.4byte	0x2d5
 366 0286 08       		.uleb128 0x8
ARM GAS  /tmp/ccCWl3Ow.s 			page 8


 367 0287 47000000 		.4byte	.LASF51
 368 028b 05       		.byte	0x5
 369 028c 9301     		.2byte	0x193
 370 028e 3E020000 		.4byte	0x23e
 371 0292 00       		.byte	0
 372 0293 08       		.uleb128 0x8
 373 0294 D1020000 		.4byte	.LASF52
 374 0298 05       		.byte	0x5
 375 0299 9401     		.2byte	0x194
 376 029b E7000000 		.4byte	0xe7
 377 029f 08       		.byte	0x8
 378 02a0 08       		.uleb128 0x8
 379 02a1 66000000 		.4byte	.LASF53
 380 02a5 05       		.byte	0x5
 381 02a6 9601     		.2byte	0x196
 382 02a8 44040000 		.4byte	0x444
 383 02ac 0C       		.byte	0xc
 384 02ad 08       		.uleb128 0x8
 385 02ae 77020000 		.4byte	.LASF54
 386 02b2 05       		.byte	0x5
 387 02b3 9901     		.2byte	0x199
 388 02b5 14020000 		.4byte	0x214
 389 02b9 10       		.byte	0x10
 390 02ba 08       		.uleb128 0x8
 391 02bb 11000000 		.4byte	.LASF55
 392 02bf 05       		.byte	0x5
 393 02c0 9A01     		.2byte	0x19a
 394 02c2 14020000 		.4byte	0x214
 395 02c6 14       		.byte	0x14
 396 02c7 08       		.uleb128 0x8
 397 02c8 A1010000 		.4byte	.LASF56
 398 02cc 05       		.byte	0x5
 399 02cd 9D01     		.2byte	0x19d
 400 02cf 14020000 		.4byte	0x214
 401 02d3 18       		.byte	0x18
 402 02d4 00       		.byte	0
 403 02d5 04       		.uleb128 0x4
 404 02d6 0A040000 		.4byte	.LASF57
 405 02da 04       		.byte	0x4
 406 02db 5C       		.byte	0x5c
 407 02dc E0020000 		.4byte	0x2e0
 408 02e0 09       		.uleb128 0x9
 409 02e1 04       		.byte	0x4
 410 02e2 E6020000 		.4byte	0x2e6
 411 02e6 0B       		.uleb128 0xb
 412 02e7 F1020000 		.4byte	0x2f1
 413 02eb 0C       		.uleb128 0xc
 414 02ec F1020000 		.4byte	0x2f1
 415 02f0 00       		.byte	0
 416 02f1 0D       		.uleb128 0xd
 417 02f2 04       		.byte	0x4
 418 02f3 04       		.uleb128 0x4
 419 02f4 50010000 		.4byte	.LASF58
 420 02f8 04       		.byte	0x4
 421 02f9 61       		.byte	0x61
 422 02fa FE020000 		.4byte	0x2fe
 423 02fe 0A       		.uleb128 0xa
ARM GAS  /tmp/ccCWl3Ow.s 			page 9


 424 02ff B8020000 		.4byte	.LASF59
 425 0303 14       		.byte	0x14
 426 0304 05       		.byte	0x5
 427 0305 6D01     		.2byte	0x16d
 428 0307 4D030000 		.4byte	0x34d
 429 030b 08       		.uleb128 0x8
 430 030c 49020000 		.4byte	.LASF60
 431 0310 05       		.byte	0x5
 432 0311 6E01     		.2byte	0x16e
 433 0313 E1050000 		.4byte	0x5e1
 434 0317 00       		.byte	0
 435 0318 08       		.uleb128 0x8
 436 0319 C1030000 		.4byte	.LASF61
 437 031d 05       		.byte	0x5
 438 031e 6F01     		.2byte	0x16f
 439 0320 E1050000 		.4byte	0x5e1
 440 0324 04       		.byte	0x4
 441 0325 08       		.uleb128 0x8
 442 0326 87020000 		.4byte	.LASF62
 443 032a 05       		.byte	0x5
 444 032b 7001     		.2byte	0x170
 445 032d 13010000 		.4byte	0x113
 446 0331 08       		.byte	0x8
 447 0332 08       		.uleb128 0x8
 448 0333 B1000000 		.4byte	.LASF63
 449 0337 05       		.byte	0x5
 450 0338 7101     		.2byte	0x171
 451 033a D5020000 		.4byte	0x2d5
 452 033e 0C       		.byte	0xc
 453 033f 08       		.uleb128 0x8
 454 0340 AA000000 		.4byte	.LASF64
 455 0344 05       		.byte	0x5
 456 0345 7301     		.2byte	0x173
 457 0347 F1020000 		.4byte	0x2f1
 458 034b 10       		.byte	0x10
 459 034c 00       		.byte	0
 460 034d 04       		.uleb128 0x4
 461 034e 51020000 		.4byte	.LASF65
 462 0352 04       		.byte	0x4
 463 0353 66       		.byte	0x66
 464 0354 58030000 		.4byte	0x358
 465 0358 0A       		.uleb128 0xa
 466 0359 2A020000 		.4byte	.LASF66
 467 035d 10       		.byte	0x10
 468 035e 05       		.byte	0x5
 469 035f 7D01     		.2byte	0x17d
 470 0361 9A030000 		.4byte	0x39a
 471 0365 08       		.uleb128 0x8
 472 0366 49020000 		.4byte	.LASF60
 473 036a 05       		.byte	0x5
 474 036b 7E01     		.2byte	0x17e
 475 036d E1050000 		.4byte	0x5e1
 476 0371 00       		.byte	0
 477 0372 08       		.uleb128 0x8
 478 0373 C1030000 		.4byte	.LASF61
 479 0377 05       		.byte	0x5
 480 0378 8001     		.2byte	0x180
ARM GAS  /tmp/ccCWl3Ow.s 			page 10


 481 037a E1050000 		.4byte	0x5e1
 482 037e 04       		.byte	0x4
 483 037f 08       		.uleb128 0x8
 484 0380 87020000 		.4byte	.LASF62
 485 0384 05       		.byte	0x5
 486 0385 8201     		.2byte	0x182
 487 0387 13010000 		.4byte	0x113
 488 038b 08       		.byte	0x8
 489 038c 08       		.uleb128 0x8
 490 038d 05010000 		.4byte	.LASF67
 491 0391 05       		.byte	0x5
 492 0392 8A01     		.2byte	0x18a
 493 0394 13010000 		.4byte	0x113
 494 0398 0C       		.byte	0xc
 495 0399 00       		.byte	0
 496 039a 04       		.uleb128 0x4
 497 039b 60010000 		.4byte	.LASF68
 498 039f 04       		.byte	0x4
 499 03a0 6B       		.byte	0x6b
 500 03a1 A5030000 		.4byte	0x3a5
 501 03a5 0A       		.uleb128 0xa
 502 03a6 19000000 		.4byte	.LASF69
 503 03aa 04       		.byte	0x4
 504 03ab 05       		.byte	0x5
 505 03ac A401     		.2byte	0x1a4
 506 03ae C0030000 		.4byte	0x3c0
 507 03b2 08       		.uleb128 0x8
 508 03b3 7A030000 		.4byte	.LASF70
 509 03b7 05       		.byte	0x5
 510 03b8 AC01     		.2byte	0x1ac
 511 03ba E7050000 		.4byte	0x5e7
 512 03be 00       		.byte	0
 513 03bf 00       		.byte	0
 514 03c0 04       		.uleb128 0x4
 515 03c1 F9000000 		.4byte	.LASF71
 516 03c5 04       		.byte	0x4
 517 03c6 70       		.byte	0x70
 518 03c7 CB030000 		.4byte	0x3cb
 519 03cb 0E       		.uleb128 0xe
 520 03cc 3F010000 		.4byte	.LASF72
 521 03d0 5001     		.2byte	0x150
 522 03d2 05       		.byte	0x5
 523 03d3 C401     		.2byte	0x1c4
 524 03d5 27040000 		.4byte	0x427
 525 03d9 08       		.uleb128 0x8
 526 03da A5020000 		.4byte	.LASF73
 527 03de 05       		.byte	0x5
 528 03df C801     		.2byte	0x1c8
 529 03e1 6E020000 		.4byte	0x26e
 530 03e5 00       		.byte	0
 531 03e6 08       		.uleb128 0x8
 532 03e7 67040000 		.4byte	.LASF74
 533 03eb 05       		.byte	0x5
 534 03ec CC01     		.2byte	0x1cc
 535 03ee 4D030000 		.4byte	0x34d
 536 03f2 1C       		.byte	0x1c
 537 03f3 07       		.uleb128 0x7
ARM GAS  /tmp/ccCWl3Ow.s 			page 11


 538 03f4 64626700 		.ascii	"dbg\000"
 539 03f8 05       		.byte	0x5
 540 03f9 D001     		.2byte	0x1d0
 541 03fb 9A030000 		.4byte	0x39a
 542 03ff 2C       		.byte	0x2c
 543 0400 08       		.uleb128 0x8
 544 0401 32000000 		.4byte	.LASF75
 545 0405 05       		.byte	0x5
 546 0406 D401     		.2byte	0x1d4
 547 0408 1E010000 		.4byte	0x11e
 548 040c 30       		.byte	0x30
 549 040d 07       		.uleb128 0x7
 550 040e 746D00   		.ascii	"tm\000"
 551 0411 05       		.byte	0x5
 552 0412 D901     		.2byte	0x1d9
 553 0414 F3040000 		.4byte	0x4f3
 554 0418 70       		.byte	0x70
 555 0419 08       		.uleb128 0x8
 556 041a 59030000 		.4byte	.LASF76
 557 041e 05       		.byte	0x5
 558 041f E501     		.2byte	0x1e5
 559 0421 EC050000 		.4byte	0x5ec
 560 0425 78       		.byte	0x78
 561 0426 00       		.byte	0
 562 0427 03       		.uleb128 0x3
 563 0428 04       		.byte	0x4
 564 0429 07       		.byte	0x7
 565 042a 56000000 		.4byte	.LASF77
 566 042e 04       		.uleb128 0x4
 567 042f B9000000 		.4byte	.LASF78
 568 0433 06       		.byte	0x6
 569 0434 65       		.byte	0x65
 570 0435 F1020000 		.4byte	0x2f1
 571 0439 04       		.uleb128 0x4
 572 043a F6030000 		.4byte	.LASF79
 573 043e 06       		.byte	0x6
 574 043f 6D       		.byte	0x6d
 575 0440 B0000000 		.4byte	0xb0
 576 0444 05       		.uleb128 0x5
 577 0445 81010000 		.4byte	.LASF80
 578 0449 04       		.byte	0x4
 579 044a 06       		.byte	0x6
 580 044b 89       		.byte	0x89
 581 044c 5D040000 		.4byte	0x45d
 582 0450 0F       		.uleb128 0xf
 583 0451 72313300 		.ascii	"r13\000"
 584 0455 06       		.byte	0x6
 585 0456 8A       		.byte	0x8a
 586 0457 D8040000 		.4byte	0x4d8
 587 045b 00       		.byte	0
 588 045c 00       		.byte	0
 589 045d 05       		.uleb128 0x5
 590 045e B5030000 		.4byte	.LASF81
 591 0462 24       		.byte	0x24
 592 0463 07       		.byte	0x7
 593 0464 FD       		.byte	0xfd
 594 0465 D8040000 		.4byte	0x4d8
ARM GAS  /tmp/ccCWl3Ow.s 			page 12


 595 0469 07       		.uleb128 0x7
 596 046a 723400   		.ascii	"r4\000"
 597 046d 07       		.byte	0x7
 598 046e 1001     		.2byte	0x110
 599 0470 2E040000 		.4byte	0x42e
 600 0474 00       		.byte	0
 601 0475 07       		.uleb128 0x7
 602 0476 723500   		.ascii	"r5\000"
 603 0479 07       		.byte	0x7
 604 047a 1101     		.2byte	0x111
 605 047c 2E040000 		.4byte	0x42e
 606 0480 04       		.byte	0x4
 607 0481 07       		.uleb128 0x7
 608 0482 723600   		.ascii	"r6\000"
 609 0485 07       		.byte	0x7
 610 0486 1201     		.2byte	0x112
 611 0488 2E040000 		.4byte	0x42e
 612 048c 08       		.byte	0x8
 613 048d 07       		.uleb128 0x7
 614 048e 723700   		.ascii	"r7\000"
 615 0491 07       		.byte	0x7
 616 0492 1301     		.2byte	0x113
 617 0494 2E040000 		.4byte	0x42e
 618 0498 0C       		.byte	0xc
 619 0499 07       		.uleb128 0x7
 620 049a 723800   		.ascii	"r8\000"
 621 049d 07       		.byte	0x7
 622 049e 1401     		.2byte	0x114
 623 04a0 2E040000 		.4byte	0x42e
 624 04a4 10       		.byte	0x10
 625 04a5 07       		.uleb128 0x7
 626 04a6 723900   		.ascii	"r9\000"
 627 04a9 07       		.byte	0x7
 628 04aa 1501     		.2byte	0x115
 629 04ac 2E040000 		.4byte	0x42e
 630 04b0 14       		.byte	0x14
 631 04b1 07       		.uleb128 0x7
 632 04b2 72313000 		.ascii	"r10\000"
 633 04b6 07       		.byte	0x7
 634 04b7 1601     		.2byte	0x116
 635 04b9 2E040000 		.4byte	0x42e
 636 04bd 18       		.byte	0x18
 637 04be 07       		.uleb128 0x7
 638 04bf 72313100 		.ascii	"r11\000"
 639 04c3 07       		.byte	0x7
 640 04c4 1701     		.2byte	0x117
 641 04c6 2E040000 		.4byte	0x42e
 642 04ca 1C       		.byte	0x1c
 643 04cb 07       		.uleb128 0x7
 644 04cc 6C7200   		.ascii	"lr\000"
 645 04cf 07       		.byte	0x7
 646 04d0 1801     		.2byte	0x118
 647 04d2 2E040000 		.4byte	0x42e
 648 04d6 20       		.byte	0x20
 649 04d7 00       		.byte	0
 650 04d8 09       		.uleb128 0x9
 651 04d9 04       		.byte	0x4
ARM GAS  /tmp/ccCWl3Ow.s 			page 13


 652 04da 5D040000 		.4byte	0x45d
 653 04de 10       		.uleb128 0x10
 654 04df 04       		.byte	0x4
 655 04e0 08       		.byte	0x8
 656 04e1 38       		.byte	0x38
 657 04e2 F3040000 		.4byte	0x4f3
 658 04e6 06       		.uleb128 0x6
 659 04e7 49010000 		.4byte	.LASF82
 660 04eb 08       		.byte	0x8
 661 04ec 3C       		.byte	0x3c
 662 04ed BB000000 		.4byte	0xbb
 663 04f1 00       		.byte	0
 664 04f2 00       		.byte	0
 665 04f3 04       		.uleb128 0x4
 666 04f4 99000000 		.4byte	.LASF83
 667 04f8 08       		.byte	0x8
 668 04f9 3D       		.byte	0x3d
 669 04fa DE040000 		.4byte	0x4de
 670 04fe 11       		.uleb128 0x11
 671 04ff 04       		.byte	0x4
 672 0500 05       		.byte	0x5
 673 0501 FA       		.byte	0xfa
 674 0502 67050000 		.4byte	0x567
 675 0506 12       		.uleb128 0x12
 676 0507 60040000 		.4byte	.LASF84
 677 050b 05       		.byte	0x5
 678 050c 0101     		.2byte	0x101
 679 050e F2000000 		.4byte	0xf2
 680 0512 12       		.uleb128 0x12
 681 0513 01040000 		.4byte	.LASF85
 682 0517 05       		.byte	0x5
 683 0518 0801     		.2byte	0x108
 684 051a F2000000 		.4byte	0xf2
 685 051e 12       		.uleb128 0x12
 686 051f E6030000 		.4byte	.LASF86
 687 0523 05       		.byte	0x5
 688 0524 0F01     		.2byte	0x10f
 689 0526 F1020000 		.4byte	0x2f1
 690 052a 12       		.uleb128 0x12
 691 052b A2030000 		.4byte	.LASF87
 692 052f 05       		.byte	0x5
 693 0530 1601     		.2byte	0x116
 694 0532 67050000 		.4byte	0x567
 695 0536 12       		.uleb128 0x12
 696 0537 89010000 		.4byte	.LASF88
 697 053b 05       		.byte	0x5
 698 053c 1B01     		.2byte	0x11b
 699 053e F2000000 		.4byte	0xf2
 700 0542 12       		.uleb128 0x12
 701 0543 27010000 		.4byte	.LASF89
 702 0547 05       		.byte	0x5
 703 0548 2401     		.2byte	0x124
 704 054a 92050000 		.4byte	0x592
 705 054e 12       		.uleb128 0x12
 706 054f 74040000 		.4byte	.LASF90
 707 0553 05       		.byte	0x5
 708 0554 2D01     		.2byte	0x12d
ARM GAS  /tmp/ccCWl3Ow.s 			page 14


 709 0556 C9050000 		.4byte	0x5c9
 710 055a 12       		.uleb128 0x12
 711 055b E2010000 		.4byte	.LASF91
 712 055f 05       		.byte	0x5
 713 0560 3501     		.2byte	0x135
 714 0562 FD000000 		.4byte	0xfd
 715 0566 00       		.byte	0
 716 0567 09       		.uleb128 0x9
 717 0568 04       		.byte	0x4
 718 0569 09020000 		.4byte	0x209
 719 056d 05       		.uleb128 0x5
 720 056e A8030000 		.4byte	.LASF92
 721 0572 0C       		.byte	0xc
 722 0573 09       		.byte	0x9
 723 0574 34       		.byte	0x34
 724 0575 92050000 		.4byte	0x592
 725 0579 06       		.uleb128 0x6
 726 057a B0020000 		.4byte	.LASF93
 727 057e 09       		.byte	0x9
 728 057f 35       		.byte	0x35
 729 0580 3E020000 		.4byte	0x23e
 730 0584 00       		.byte	0
 731 0585 06       		.uleb128 0x6
 732 0586 CE010000 		.4byte	.LASF94
 733 058a 09       		.byte	0x9
 734 058b 37       		.byte	0x37
 735 058c 08010000 		.4byte	0x108
 736 0590 08       		.byte	0x8
 737 0591 00       		.byte	0
 738 0592 09       		.uleb128 0x9
 739 0593 04       		.byte	0x4
 740 0594 6D050000 		.4byte	0x56d
 741 0598 05       		.uleb128 0x5
 742 0599 14020000 		.4byte	.LASF95
 743 059d 10       		.byte	0x10
 744 059e 0A       		.byte	0xa
 745 059f 39       		.byte	0x39
 746 05a0 C9050000 		.4byte	0x5c9
 747 05a4 06       		.uleb128 0x6
 748 05a5 6F010000 		.4byte	.LASF96
 749 05a9 0A       		.byte	0xa
 750 05aa 3A       		.byte	0x3a
 751 05ab 3E020000 		.4byte	0x23e
 752 05af 00       		.byte	0
 753 05b0 06       		.uleb128 0x6
 754 05b1 50040000 		.4byte	.LASF97
 755 05b5 0A       		.byte	0xa
 756 05b6 3C       		.byte	0x3c
 757 05b7 14020000 		.4byte	0x214
 758 05bb 08       		.byte	0x8
 759 05bc 06       		.uleb128 0x6
 760 05bd 4F000000 		.4byte	.LASF98
 761 05c1 0A       		.byte	0xa
 762 05c2 3E       		.byte	0x3e
 763 05c3 07060000 		.4byte	0x607
 764 05c7 0C       		.byte	0xc
 765 05c8 00       		.byte	0
ARM GAS  /tmp/ccCWl3Ow.s 			page 15


 766 05c9 09       		.uleb128 0x9
 767 05ca 04       		.byte	0x4
 768 05cb 98050000 		.4byte	0x598
 769 05cf 09       		.uleb128 0x9
 770 05d0 04       		.byte	0x4
 771 05d1 D5050000 		.4byte	0x5d5
 772 05d5 13       		.uleb128 0x13
 773 05d6 DA050000 		.4byte	0x5da
 774 05da 03       		.uleb128 0x3
 775 05db 01       		.byte	0x1
 776 05dc 08       		.byte	0x8
 777 05dd AB020000 		.4byte	.LASF99
 778 05e1 09       		.uleb128 0x9
 779 05e2 04       		.byte	0x4
 780 05e3 F3020000 		.4byte	0x2f3
 781 05e7 14       		.uleb128 0x14
 782 05e8 CF050000 		.4byte	0x5cf
 783 05ec 15       		.uleb128 0x15
 784 05ed 39040000 		.4byte	0x439
 785 05f1 FC050000 		.4byte	0x5fc
 786 05f5 16       		.uleb128 0x16
 787 05f6 27040000 		.4byte	0x427
 788 05fa 1A       		.byte	0x1a
 789 05fb 00       		.byte	0
 790 05fc 04       		.uleb128 0x4
 791 05fd 41020000 		.4byte	.LASF100
 792 0601 0A       		.byte	0xa
 793 0602 34       		.byte	0x34
 794 0603 98050000 		.4byte	0x598
 795 0607 09       		.uleb128 0x9
 796 0608 04       		.byte	0x4
 797 0609 FC050000 		.4byte	0x5fc
 798 060d 03       		.uleb128 0x3
 799 060e 01       		.byte	0x1
 800 060f 02       		.byte	0x2
 801 0610 E6020000 		.4byte	.LASF101
 802 0614 17       		.uleb128 0x17
 803 0615 43040000 		.4byte	.LASF102
 804 0619 0B       		.byte	0xb
 805 061a FA06     		.2byte	0x6fa
 806 061c 20060000 		.4byte	0x620
 807 0620 14       		.uleb128 0x14
 808 0621 9A000000 		.4byte	0x9a
 809 0625 18       		.uleb128 0x18
 810 0626 636800   		.ascii	"ch\000"
 811 0629 05       		.byte	0x5
 812 062a 0B02     		.2byte	0x20b
 813 062c C0030000 		.4byte	0x3c0
 814 0630 00       		.byte	0
 815              		.section	.debug_abbrev,"",%progbits
 816              	.Ldebug_abbrev0:
 817 0000 01       		.uleb128 0x1
 818 0001 11       		.uleb128 0x11
 819 0002 01       		.byte	0x1
 820 0003 25       		.uleb128 0x25
 821 0004 0E       		.uleb128 0xe
 822 0005 13       		.uleb128 0x13
ARM GAS  /tmp/ccCWl3Ow.s 			page 16


 823 0006 0B       		.uleb128 0xb
 824 0007 03       		.uleb128 0x3
 825 0008 0E       		.uleb128 0xe
 826 0009 1B       		.uleb128 0x1b
 827 000a 0E       		.uleb128 0xe
 828 000b 10       		.uleb128 0x10
 829 000c 17       		.uleb128 0x17
 830 000d 00       		.byte	0
 831 000e 00       		.byte	0
 832 000f 02       		.uleb128 0x2
 833 0010 24       		.uleb128 0x24
 834 0011 00       		.byte	0
 835 0012 0B       		.uleb128 0xb
 836 0013 0B       		.uleb128 0xb
 837 0014 3E       		.uleb128 0x3e
 838 0015 0B       		.uleb128 0xb
 839 0016 03       		.uleb128 0x3
 840 0017 08       		.uleb128 0x8
 841 0018 00       		.byte	0
 842 0019 00       		.byte	0
 843 001a 03       		.uleb128 0x3
 844 001b 24       		.uleb128 0x24
 845 001c 00       		.byte	0
 846 001d 0B       		.uleb128 0xb
 847 001e 0B       		.uleb128 0xb
 848 001f 3E       		.uleb128 0x3e
 849 0020 0B       		.uleb128 0xb
 850 0021 03       		.uleb128 0x3
 851 0022 0E       		.uleb128 0xe
 852 0023 00       		.byte	0
 853 0024 00       		.byte	0
 854 0025 04       		.uleb128 0x4
 855 0026 16       		.uleb128 0x16
 856 0027 00       		.byte	0
 857 0028 03       		.uleb128 0x3
 858 0029 0E       		.uleb128 0xe
 859 002a 3A       		.uleb128 0x3a
 860 002b 0B       		.uleb128 0xb
 861 002c 3B       		.uleb128 0x3b
 862 002d 0B       		.uleb128 0xb
 863 002e 49       		.uleb128 0x49
 864 002f 13       		.uleb128 0x13
 865 0030 00       		.byte	0
 866 0031 00       		.byte	0
 867 0032 05       		.uleb128 0x5
 868 0033 13       		.uleb128 0x13
 869 0034 01       		.byte	0x1
 870 0035 03       		.uleb128 0x3
 871 0036 0E       		.uleb128 0xe
 872 0037 0B       		.uleb128 0xb
 873 0038 0B       		.uleb128 0xb
 874 0039 3A       		.uleb128 0x3a
 875 003a 0B       		.uleb128 0xb
 876 003b 3B       		.uleb128 0x3b
 877 003c 0B       		.uleb128 0xb
 878 003d 01       		.uleb128 0x1
 879 003e 13       		.uleb128 0x13
ARM GAS  /tmp/ccCWl3Ow.s 			page 17


 880 003f 00       		.byte	0
 881 0040 00       		.byte	0
 882 0041 06       		.uleb128 0x6
 883 0042 0D       		.uleb128 0xd
 884 0043 00       		.byte	0
 885 0044 03       		.uleb128 0x3
 886 0045 0E       		.uleb128 0xe
 887 0046 3A       		.uleb128 0x3a
 888 0047 0B       		.uleb128 0xb
 889 0048 3B       		.uleb128 0x3b
 890 0049 0B       		.uleb128 0xb
 891 004a 49       		.uleb128 0x49
 892 004b 13       		.uleb128 0x13
 893 004c 38       		.uleb128 0x38
 894 004d 0B       		.uleb128 0xb
 895 004e 00       		.byte	0
 896 004f 00       		.byte	0
 897 0050 07       		.uleb128 0x7
 898 0051 0D       		.uleb128 0xd
 899 0052 00       		.byte	0
 900 0053 03       		.uleb128 0x3
 901 0054 08       		.uleb128 0x8
 902 0055 3A       		.uleb128 0x3a
 903 0056 0B       		.uleb128 0xb
 904 0057 3B       		.uleb128 0x3b
 905 0058 05       		.uleb128 0x5
 906 0059 49       		.uleb128 0x49
 907 005a 13       		.uleb128 0x13
 908 005b 38       		.uleb128 0x38
 909 005c 0B       		.uleb128 0xb
 910 005d 00       		.byte	0
 911 005e 00       		.byte	0
 912 005f 08       		.uleb128 0x8
 913 0060 0D       		.uleb128 0xd
 914 0061 00       		.byte	0
 915 0062 03       		.uleb128 0x3
 916 0063 0E       		.uleb128 0xe
 917 0064 3A       		.uleb128 0x3a
 918 0065 0B       		.uleb128 0xb
 919 0066 3B       		.uleb128 0x3b
 920 0067 05       		.uleb128 0x5
 921 0068 49       		.uleb128 0x49
 922 0069 13       		.uleb128 0x13
 923 006a 38       		.uleb128 0x38
 924 006b 0B       		.uleb128 0xb
 925 006c 00       		.byte	0
 926 006d 00       		.byte	0
 927 006e 09       		.uleb128 0x9
 928 006f 0F       		.uleb128 0xf
 929 0070 00       		.byte	0
 930 0071 0B       		.uleb128 0xb
 931 0072 0B       		.uleb128 0xb
 932 0073 49       		.uleb128 0x49
 933 0074 13       		.uleb128 0x13
 934 0075 00       		.byte	0
 935 0076 00       		.byte	0
 936 0077 0A       		.uleb128 0xa
ARM GAS  /tmp/ccCWl3Ow.s 			page 18


 937 0078 13       		.uleb128 0x13
 938 0079 01       		.byte	0x1
 939 007a 03       		.uleb128 0x3
 940 007b 0E       		.uleb128 0xe
 941 007c 0B       		.uleb128 0xb
 942 007d 0B       		.uleb128 0xb
 943 007e 3A       		.uleb128 0x3a
 944 007f 0B       		.uleb128 0xb
 945 0080 3B       		.uleb128 0x3b
 946 0081 05       		.uleb128 0x5
 947 0082 01       		.uleb128 0x1
 948 0083 13       		.uleb128 0x13
 949 0084 00       		.byte	0
 950 0085 00       		.byte	0
 951 0086 0B       		.uleb128 0xb
 952 0087 15       		.uleb128 0x15
 953 0088 01       		.byte	0x1
 954 0089 27       		.uleb128 0x27
 955 008a 19       		.uleb128 0x19
 956 008b 01       		.uleb128 0x1
 957 008c 13       		.uleb128 0x13
 958 008d 00       		.byte	0
 959 008e 00       		.byte	0
 960 008f 0C       		.uleb128 0xc
 961 0090 05       		.uleb128 0x5
 962 0091 00       		.byte	0
 963 0092 49       		.uleb128 0x49
 964 0093 13       		.uleb128 0x13
 965 0094 00       		.byte	0
 966 0095 00       		.byte	0
 967 0096 0D       		.uleb128 0xd
 968 0097 0F       		.uleb128 0xf
 969 0098 00       		.byte	0
 970 0099 0B       		.uleb128 0xb
 971 009a 0B       		.uleb128 0xb
 972 009b 00       		.byte	0
 973 009c 00       		.byte	0
 974 009d 0E       		.uleb128 0xe
 975 009e 13       		.uleb128 0x13
 976 009f 01       		.byte	0x1
 977 00a0 03       		.uleb128 0x3
 978 00a1 0E       		.uleb128 0xe
 979 00a2 0B       		.uleb128 0xb
 980 00a3 05       		.uleb128 0x5
 981 00a4 3A       		.uleb128 0x3a
 982 00a5 0B       		.uleb128 0xb
 983 00a6 3B       		.uleb128 0x3b
 984 00a7 05       		.uleb128 0x5
 985 00a8 01       		.uleb128 0x1
 986 00a9 13       		.uleb128 0x13
 987 00aa 00       		.byte	0
 988 00ab 00       		.byte	0
 989 00ac 0F       		.uleb128 0xf
 990 00ad 0D       		.uleb128 0xd
 991 00ae 00       		.byte	0
 992 00af 03       		.uleb128 0x3
 993 00b0 08       		.uleb128 0x8
ARM GAS  /tmp/ccCWl3Ow.s 			page 19


 994 00b1 3A       		.uleb128 0x3a
 995 00b2 0B       		.uleb128 0xb
 996 00b3 3B       		.uleb128 0x3b
 997 00b4 0B       		.uleb128 0xb
 998 00b5 49       		.uleb128 0x49
 999 00b6 13       		.uleb128 0x13
 1000 00b7 38       		.uleb128 0x38
 1001 00b8 0B       		.uleb128 0xb
 1002 00b9 00       		.byte	0
 1003 00ba 00       		.byte	0
 1004 00bb 10       		.uleb128 0x10
 1005 00bc 13       		.uleb128 0x13
 1006 00bd 01       		.byte	0x1
 1007 00be 0B       		.uleb128 0xb
 1008 00bf 0B       		.uleb128 0xb
 1009 00c0 3A       		.uleb128 0x3a
 1010 00c1 0B       		.uleb128 0xb
 1011 00c2 3B       		.uleb128 0x3b
 1012 00c3 0B       		.uleb128 0xb
 1013 00c4 01       		.uleb128 0x1
 1014 00c5 13       		.uleb128 0x13
 1015 00c6 00       		.byte	0
 1016 00c7 00       		.byte	0
 1017 00c8 11       		.uleb128 0x11
 1018 00c9 17       		.uleb128 0x17
 1019 00ca 01       		.byte	0x1
 1020 00cb 0B       		.uleb128 0xb
 1021 00cc 0B       		.uleb128 0xb
 1022 00cd 3A       		.uleb128 0x3a
 1023 00ce 0B       		.uleb128 0xb
 1024 00cf 3B       		.uleb128 0x3b
 1025 00d0 0B       		.uleb128 0xb
 1026 00d1 01       		.uleb128 0x1
 1027 00d2 13       		.uleb128 0x13
 1028 00d3 00       		.byte	0
 1029 00d4 00       		.byte	0
 1030 00d5 12       		.uleb128 0x12
 1031 00d6 0D       		.uleb128 0xd
 1032 00d7 00       		.byte	0
 1033 00d8 03       		.uleb128 0x3
 1034 00d9 0E       		.uleb128 0xe
 1035 00da 3A       		.uleb128 0x3a
 1036 00db 0B       		.uleb128 0xb
 1037 00dc 3B       		.uleb128 0x3b
 1038 00dd 05       		.uleb128 0x5
 1039 00de 49       		.uleb128 0x49
 1040 00df 13       		.uleb128 0x13
 1041 00e0 00       		.byte	0
 1042 00e1 00       		.byte	0
 1043 00e2 13       		.uleb128 0x13
 1044 00e3 26       		.uleb128 0x26
 1045 00e4 00       		.byte	0
 1046 00e5 49       		.uleb128 0x49
 1047 00e6 13       		.uleb128 0x13
 1048 00e7 00       		.byte	0
 1049 00e8 00       		.byte	0
 1050 00e9 14       		.uleb128 0x14
ARM GAS  /tmp/ccCWl3Ow.s 			page 20


 1051 00ea 35       		.uleb128 0x35
 1052 00eb 00       		.byte	0
 1053 00ec 49       		.uleb128 0x49
 1054 00ed 13       		.uleb128 0x13
 1055 00ee 00       		.byte	0
 1056 00ef 00       		.byte	0
 1057 00f0 15       		.uleb128 0x15
 1058 00f1 01       		.uleb128 0x1
 1059 00f2 01       		.byte	0x1
 1060 00f3 49       		.uleb128 0x49
 1061 00f4 13       		.uleb128 0x13
 1062 00f5 01       		.uleb128 0x1
 1063 00f6 13       		.uleb128 0x13
 1064 00f7 00       		.byte	0
 1065 00f8 00       		.byte	0
 1066 00f9 16       		.uleb128 0x16
 1067 00fa 21       		.uleb128 0x21
 1068 00fb 00       		.byte	0
 1069 00fc 49       		.uleb128 0x49
 1070 00fd 13       		.uleb128 0x13
 1071 00fe 2F       		.uleb128 0x2f
 1072 00ff 0B       		.uleb128 0xb
 1073 0100 00       		.byte	0
 1074 0101 00       		.byte	0
 1075 0102 17       		.uleb128 0x17
 1076 0103 34       		.uleb128 0x34
 1077 0104 00       		.byte	0
 1078 0105 03       		.uleb128 0x3
 1079 0106 0E       		.uleb128 0xe
 1080 0107 3A       		.uleb128 0x3a
 1081 0108 0B       		.uleb128 0xb
 1082 0109 3B       		.uleb128 0x3b
 1083 010a 05       		.uleb128 0x5
 1084 010b 49       		.uleb128 0x49
 1085 010c 13       		.uleb128 0x13
 1086 010d 3F       		.uleb128 0x3f
 1087 010e 19       		.uleb128 0x19
 1088 010f 3C       		.uleb128 0x3c
 1089 0110 19       		.uleb128 0x19
 1090 0111 00       		.byte	0
 1091 0112 00       		.byte	0
 1092 0113 18       		.uleb128 0x18
 1093 0114 34       		.uleb128 0x34
 1094 0115 00       		.byte	0
 1095 0116 03       		.uleb128 0x3
 1096 0117 08       		.uleb128 0x8
 1097 0118 3A       		.uleb128 0x3a
 1098 0119 0B       		.uleb128 0xb
 1099 011a 3B       		.uleb128 0x3b
 1100 011b 05       		.uleb128 0x5
 1101 011c 49       		.uleb128 0x49
 1102 011d 13       		.uleb128 0x13
 1103 011e 3F       		.uleb128 0x3f
 1104 011f 19       		.uleb128 0x19
 1105 0120 3C       		.uleb128 0x3c
 1106 0121 19       		.uleb128 0x19
 1107 0122 00       		.byte	0
ARM GAS  /tmp/ccCWl3Ow.s 			page 21


 1108 0123 00       		.byte	0
 1109 0124 00       		.byte	0
 1110              		.section	.debug_aranges,"",%progbits
 1111 0000 14000000 		.4byte	0x14
 1112 0004 0200     		.2byte	0x2
 1113 0006 00000000 		.4byte	.Ldebug_info0
 1114 000a 04       		.byte	0x4
 1115 000b 00       		.byte	0
 1116 000c 0000     		.2byte	0
 1117 000e 0000     		.2byte	0
 1118 0010 00000000 		.4byte	0
 1119 0014 00000000 		.4byte	0
 1120              		.section	.debug_line,"",%progbits
 1121              	.Ldebug_line0:
 1122 0000 0B020000 		.section	.debug_str,"MS",%progbits,1
 1122      02000502 
 1122      00000201 
 1122      FB0E0D00 
 1122      01010101 
 1123              	.LASF26:
 1124 0000 74687265 		.ascii	"thread_t\000"
 1124      61645F74 
 1124      00
 1125              	.LASF20:
 1126 0009 74726566 		.ascii	"trefs_t\000"
 1126      735F7400 
 1127              	.LASF55:
 1128 0011 725F6F6C 		.ascii	"r_older\000"
 1128      64657200 
 1129              	.LASF69:
 1130 0019 63685F73 		.ascii	"ch_system_debug\000"
 1130      79737465 
 1130      6D5F6465 
 1130      62756700 
 1131              	.LASF16:
 1132 0029 75696E74 		.ascii	"uint64_t\000"
 1132      36345F74 
 1132      00
 1133              	.LASF75:
 1134 0032 6D61696E 		.ascii	"mainthread\000"
 1134      74687265 
 1134      616400
 1135              	.LASF3:
 1136 003d 73686F72 		.ascii	"short int\000"
 1136      7420696E 
 1136      7400
 1137              	.LASF51:
 1138 0047 725F7175 		.ascii	"r_queue\000"
 1138      65756500 
 1139              	.LASF98:
 1140 004f 6D5F6E65 		.ascii	"m_next\000"
 1140      787400
 1141              	.LASF77:
 1142 0056 73697A65 		.ascii	"sizetype\000"
 1142      74797065 
 1142      00
 1143              	.LASF28:
ARM GAS  /tmp/ccCWl3Ow.s 			page 22


 1144 005f 705F7072 		.ascii	"p_prev\000"
 1144      657600
 1145              	.LASF53:
 1146 0066 725F6374 		.ascii	"r_ctx\000"
 1146      7800
 1147              	.LASF23:
 1148 006c 6576656E 		.ascii	"eventmask_t\000"
 1148      746D6173 
 1148      6B5F7400 
 1149              	.LASF38:
 1150 0078 705F6D73 		.ascii	"p_msgqueue\000"
 1150      67717565 
 1150      756500
 1151              	.LASF29:
 1152 0083 705F7072 		.ascii	"p_prio\000"
 1152      696F00
 1153              	.LASF27:
 1154 008a 705F6E65 		.ascii	"p_next\000"
 1154      787400
 1155              	.LASF17:
 1156 0091 7274636E 		.ascii	"rtcnt_t\000"
 1156      745F7400 
 1157              	.LASF83:
 1158 0099 746D5F63 		.ascii	"tm_calibration_t\000"
 1158      616C6962 
 1158      72617469 
 1158      6F6E5F74 
 1158      00
 1159              	.LASF64:
 1160 00aa 76745F70 		.ascii	"vt_par\000"
 1160      617200
 1161              	.LASF63:
 1162 00b1 76745F66 		.ascii	"vt_func\000"
 1162      756E6300 
 1163              	.LASF78:
 1164 00b9 72656761 		.ascii	"regarm_t\000"
 1164      726D5F74 
 1164      00
 1165              	.LASF13:
 1166 00c2 75696E74 		.ascii	"uint8_t\000"
 1166      385F7400 
 1167              	.LASF48:
 1168 00ca 63685F74 		.ascii	"ch_threads_queue\000"
 1168      68726561 
 1168      64735F71 
 1168      75657565 
 1168      00
 1169              	.LASF15:
 1170 00db 75696E74 		.ascii	"uint32_t\000"
 1170      33325F74 
 1170      00
 1171              	.LASF45:
 1172 00e4 63685F74 		.ascii	"ch_thread\000"
 1172      68726561 
 1172      6400
 1173              	.LASF39:
 1174 00ee 705F6570 		.ascii	"p_epending\000"
ARM GAS  /tmp/ccCWl3Ow.s 			page 23


 1174      656E6469 
 1174      6E6700
 1175              	.LASF71:
 1176 00f9 63685F73 		.ascii	"ch_system_t\000"
 1176      79737465 
 1176      6D5F7400 
 1177              	.LASF67:
 1178 0105 76745F6C 		.ascii	"vt_lasttime\000"
 1178      61737474 
 1178      696D6500 
 1179              	.LASF18:
 1180 0111 746D6F64 		.ascii	"tmode_t\000"
 1180      655F7400 
 1181              	.LASF10:
 1182 0119 6C6F6E67 		.ascii	"long long int\000"
 1182      206C6F6E 
 1182      6720696E 
 1182      7400
 1183              	.LASF89:
 1184 0127 77747365 		.ascii	"wtsemp\000"
 1184      6D7000
 1185              	.LASF21:
 1186 012e 74707269 		.ascii	"tprio_t\000"
 1186      6F5F7400 
 1187              	.LASF7:
 1188 0136 6C6F6E67 		.ascii	"long int\000"
 1188      20696E74 
 1188      00
 1189              	.LASF72:
 1190 013f 63685F73 		.ascii	"ch_system\000"
 1190      79737465 
 1190      6D00
 1191              	.LASF82:
 1192 0149 6F666673 		.ascii	"offset\000"
 1192      657400
 1193              	.LASF58:
 1194 0150 76697274 		.ascii	"virtual_timer_t\000"
 1194      75616C5F 
 1194      74696D65 
 1194      725F7400 
 1195              	.LASF68:
 1196 0160 73797374 		.ascii	"system_debug_t\000"
 1196      656D5F64 
 1196      65627567 
 1196      5F7400
 1197              	.LASF96:
 1198 016f 6D5F7175 		.ascii	"m_queue\000"
 1198      65756500 
 1199              	.LASF5:
 1200 0177 5F5F7569 		.ascii	"__uint8_t\000"
 1200      6E74385F 
 1200      7400
 1201              	.LASF80:
 1202 0181 636F6E74 		.ascii	"context\000"
 1202      65787400 
 1203              	.LASF88:
 1204 0189 73656E74 		.ascii	"sentmsg\000"
ARM GAS  /tmp/ccCWl3Ow.s 			page 24


 1204      6D736700 
 1205              	.LASF46:
 1206 0191 63685F74 		.ascii	"ch_threads_list\000"
 1206      68726561 
 1206      64735F6C 
 1206      69737400 
 1207              	.LASF56:
 1208 01a1 725F6375 		.ascii	"r_current\000"
 1208      7272656E 
 1208      7400
 1209              	.LASF104:
 1210 01ab 2E2E2F43 		.ascii	"../ChibiOS/os/hal/src/hal_queues.c\000"
 1210      68696269 
 1210      4F532F6F 
 1210      732F6861 
 1210      6C2F7372 
 1211              	.LASF94:
 1212 01ce 735F636E 		.ascii	"s_cnt\000"
 1212      7400
 1213              	.LASF2:
 1214 01d4 756E7369 		.ascii	"unsigned char\000"
 1214      676E6564 
 1214      20636861 
 1214      7200
 1215              	.LASF91:
 1216 01e2 65776D61 		.ascii	"ewmask\000"
 1216      736B00
 1217              	.LASF1:
 1218 01e9 7369676E 		.ascii	"signed char\000"
 1218      65642063 
 1218      68617200 
 1219              	.LASF31:
 1220 01f5 705F6E65 		.ascii	"p_newer\000"
 1220      77657200 
 1221              	.LASF12:
 1222 01fd 6C6F6E67 		.ascii	"long long unsigned int\000"
 1222      206C6F6E 
 1222      6720756E 
 1222      7369676E 
 1222      65642069 
 1223              	.LASF95:
 1224 0214 63685F6D 		.ascii	"ch_mutex\000"
 1224      75746578 
 1224      00
 1225              	.LASF0:
 1226 021d 756E7369 		.ascii	"unsigned int\000"
 1226      676E6564 
 1226      20696E74 
 1226      00
 1227              	.LASF66:
 1228 022a 63685F76 		.ascii	"ch_virtual_timers_list\000"
 1228      69727475 
 1228      616C5F74 
 1228      696D6572 
 1228      735F6C69 
 1229              	.LASF100:
 1230 0241 6D757465 		.ascii	"mutex_t\000"
ARM GAS  /tmp/ccCWl3Ow.s 			page 25


 1230      785F7400 
 1231              	.LASF60:
 1232 0249 76745F6E 		.ascii	"vt_next\000"
 1232      65787400 
 1233              	.LASF65:
 1234 0251 76697274 		.ascii	"virtual_timers_list_t\000"
 1234      75616C5F 
 1234      74696D65 
 1234      72735F6C 
 1234      6973745F 
 1235              	.LASF47:
 1236 0267 74687265 		.ascii	"threads_queue_t\000"
 1236      6164735F 
 1236      71756575 
 1236      655F7400 
 1237              	.LASF54:
 1238 0277 725F6E65 		.ascii	"r_newer\000"
 1238      77657200 
 1239              	.LASF35:
 1240 027f 705F666C 		.ascii	"p_flags\000"
 1240      61677300 
 1241              	.LASF62:
 1242 0287 76745F64 		.ascii	"vt_delta\000"
 1242      656C7461 
 1242      00
 1243              	.LASF41:
 1244 0290 705F7265 		.ascii	"p_realprio\000"
 1244      616C7072 
 1244      696F00
 1245              	.LASF25:
 1246 029b 73797374 		.ascii	"systime_t\000"
 1246      696D655F 
 1246      7400
 1247              	.LASF73:
 1248 02a5 726C6973 		.ascii	"rlist\000"
 1248      7400
 1249              	.LASF99:
 1250 02ab 63686172 		.ascii	"char\000"
 1250      00
 1251              	.LASF93:
 1252 02b0 735F7175 		.ascii	"s_queue\000"
 1252      65756500 
 1253              	.LASF59:
 1254 02b8 63685F76 		.ascii	"ch_virtual_timer\000"
 1254      69727475 
 1254      616C5F74 
 1254      696D6572 
 1254      00
 1255              	.LASF14:
 1256 02c9 696E7433 		.ascii	"int32_t\000"
 1256      325F7400 
 1257              	.LASF52:
 1258 02d1 725F7072 		.ascii	"r_prio\000"
 1258      696F00
 1259              	.LASF24:
 1260 02d8 636E745F 		.ascii	"cnt_t\000"
 1260      7400
ARM GAS  /tmp/ccCWl3Ow.s 			page 26


 1261              	.LASF34:
 1262 02de 705F7374 		.ascii	"p_state\000"
 1262      61746500 
 1263              	.LASF101:
 1264 02e6 5F426F6F 		.ascii	"_Bool\000"
 1264      6C00
 1265              	.LASF105:
 1266 02ec 2F6E6673 		.ascii	"/nfs/nfs4/home/galexeev/classes/P442WifiTrailCounte"
 1266      2F6E6673 
 1266      342F686F 
 1266      6D652F67 
 1266      616C6578 
 1267 031f 7250726F 		.ascii	"rProject/milestone1\000"
 1267      6A656374 
 1267      2F6D696C 
 1267      6573746F 
 1267      6E653100 
 1268              	.LASF37:
 1269 0333 705F7761 		.ascii	"p_waiting\000"
 1269      6974696E 
 1269      6700
 1270              	.LASF11:
 1271 033d 5F5F7569 		.ascii	"__uint64_t\000"
 1271      6E743634 
 1271      5F7400
 1272              	.LASF40:
 1273 0348 705F6D74 		.ascii	"p_mtxlist\000"
 1273      786C6973 
 1273      7400
 1274              	.LASF33:
 1275 0352 705F6E61 		.ascii	"p_name\000"
 1275      6D6500
 1276              	.LASF76:
 1277 0359 69646C65 		.ascii	"idle_thread_wa\000"
 1277      5F746872 
 1277      6561645F 
 1277      776100
 1278              	.LASF9:
 1279 0368 6C6F6E67 		.ascii	"long unsigned int\000"
 1279      20756E73 
 1279      69676E65 
 1279      6420696E 
 1279      7400
 1280              	.LASF70:
 1281 037a 70616E69 		.ascii	"panic_msg\000"
 1281      635F6D73 
 1281      6700
 1282              	.LASF4:
 1283 0384 73686F72 		.ascii	"short unsigned int\000"
 1283      7420756E 
 1283      7369676E 
 1283      65642069 
 1283      6E7400
 1284              	.LASF8:
 1285 0397 5F5F7569 		.ascii	"__uint32_t\000"
 1285      6E743332 
 1285      5F7400
ARM GAS  /tmp/ccCWl3Ow.s 			page 27


 1286              	.LASF87:
 1287 03a2 77747472 		.ascii	"wttrp\000"
 1287      7000
 1288              	.LASF92:
 1289 03a8 63685F73 		.ascii	"ch_semaphore\000"
 1289      656D6170 
 1289      686F7265 
 1289      00
 1290              	.LASF81:
 1291 03b5 706F7274 		.ascii	"port_intctx\000"
 1291      5F696E74 
 1291      63747800 
 1292              	.LASF61:
 1293 03c1 76745F70 		.ascii	"vt_prev\000"
 1293      72657600 
 1294              	.LASF6:
 1295 03c9 5F5F696E 		.ascii	"__int32_t\000"
 1295      7433325F 
 1295      7400
 1296              	.LASF43:
 1297 03d3 74687265 		.ascii	"thread_reference_t\000"
 1297      61645F72 
 1297      65666572 
 1297      656E6365 
 1297      5F7400
 1298              	.LASF86:
 1299 03e6 77746F62 		.ascii	"wtobjp\000"
 1299      6A7000
 1300              	.LASF19:
 1301 03ed 74737461 		.ascii	"tstate_t\000"
 1301      74655F74 
 1301      00
 1302              	.LASF79:
 1303 03f6 73746B61 		.ascii	"stkalign_t\000"
 1303      6C69676E 
 1303      5F7400
 1304              	.LASF85:
 1305 0401 65786974 		.ascii	"exitcode\000"
 1305      636F6465 
 1305      00
 1306              	.LASF57:
 1307 040a 76746675 		.ascii	"vtfunc_t\000"
 1307      6E635F74 
 1307      00
 1308              	.LASF32:
 1309 0413 705F6F6C 		.ascii	"p_older\000"
 1309      64657200 
 1310              	.LASF49:
 1311 041b 72656164 		.ascii	"ready_list_t\000"
 1311      795F6C69 
 1311      73745F74 
 1311      00
 1312              	.LASF36:
 1313 0428 705F7265 		.ascii	"p_refs\000"
 1313      667300
 1314              	.LASF50:
 1315 042f 63685F72 		.ascii	"ch_ready_list\000"
ARM GAS  /tmp/ccCWl3Ow.s 			page 28


 1315      65616479 
 1315      5F6C6973 
 1315      7400
 1316              	.LASF30:
 1317 043d 705F6374 		.ascii	"p_ctx\000"
 1317      7800
 1318              	.LASF102:
 1319 0443 49544D5F 		.ascii	"ITM_RxBuffer\000"
 1319      52784275 
 1319      66666572 
 1319      00
 1320              	.LASF97:
 1321 0450 6D5F6F77 		.ascii	"m_owner\000"
 1321      6E657200 
 1322              	.LASF42:
 1323 0458 705F6D70 		.ascii	"p_mpool\000"
 1323      6F6F6C00 
 1324              	.LASF84:
 1325 0460 7264796D 		.ascii	"rdymsg\000"
 1325      736700
 1326              	.LASF74:
 1327 0467 76746C69 		.ascii	"vtlist\000"
 1327      737400
 1328              	.LASF22:
 1329 046e 6D73675F 		.ascii	"msg_t\000"
 1329      7400
 1330              	.LASF90:
 1331 0474 77746D74 		.ascii	"wtmtxp\000"
 1331      787000
 1332              	.LASF103:
 1333 047b 474E5520 		.ascii	"GNU C 4.8.4 20140526 (release) [ARM/embedded-4_8-br"
 1333      4320342E 
 1333      382E3420 
 1333      32303134 
 1333      30353236 
 1334 04ae 616E6368 		.ascii	"anch revision 211358] -mcpu=cortex-m4 -mno-thumb-in"
 1334      20726576 
 1334      6973696F 
 1334      6E203231 
 1334      31333538 
 1335 04e1 74657277 		.ascii	"terwork -mthumb -ggdb -O2 -fomit-frame-pointer -fal"
 1335      6F726B20 
 1335      2D6D7468 
 1335      756D6220 
 1335      2D676764 
 1336 0514 69676E2D 		.ascii	"ign-functions=16 -ffunction-sections -fdata-section"
 1336      66756E63 
 1336      74696F6E 
 1336      733D3136 
 1336      202D6666 
 1337 0547 73202D66 		.ascii	"s -fno-common -flto\000"
 1337      6E6F2D63 
 1337      6F6D6D6F 
 1337      6E202D66 
 1337      6C746F00 
 1338              	.LASF44:
 1339 055b 74687265 		.ascii	"threads_list_t\000"
ARM GAS  /tmp/ccCWl3Ow.s 			page 29


 1339      6164735F 
 1339      6C697374 
 1339      5F7400
 1340              		.comm	__gnu_lto_v1,1,1
 1341              		.ident	"GCC: (GNU Tools for ARM Embedded Processors) 4.8.4 20140526 (release) [ARM/embedded-4_8-br
ARM GAS  /tmp/ccCWl3Ow.s 			page 30


DEFINED SYMBOLS
                            *ABS*:00000000 hal_queues.c
                            *COM*:00000001 __gnu_lto_v1

NO UNDEFINED SYMBOLS
