ARM GAS  /tmp/cccgDY06.s 			page 1


   1              		.syntax unified
   2              		.cpu cortex-m4
   3              		.fpu softvfp
   4              		.eabi_attribute 20, 1
   5              		.eabi_attribute 21, 1
   6              		.eabi_attribute 23, 3
   7              		.eabi_attribute 24, 1
   8              		.eabi_attribute 25, 1
   9              		.eabi_attribute 26, 1
  10              		.eabi_attribute 30, 2
  11              		.eabi_attribute 34, 1
  12              		.eabi_attribute 18, 4
  13              		.thumb
  14              		.file	"board.c"
  15              		.text
  16              	.Ltext0:
  17              		.section	.gnu.lto_.jmpfuncs.9a3aa5cc590d1ace,"",%progbits
  18 0000 789C6362 		.ascii	"x\234cb`b\300\006\330\2414H\226\221\201\001\000\001"
  18      6062C006 
  18      D8A13448 
  18      96918101 
  18      0001
  19 0012 39000F   		.ascii	"9\000\017"
  20              		.text
  21              		.section	.gnu.lto_.inline.9a3aa5cc590d1ace,"",%progbits
  22 0000 789C6362 		.ascii	"x\234cb`b\300\006\264\2414P\226\205\207\021\254\210"
  22      6062C006 
  22      B4A13450 
  22      96858711 
  22      AC88
  23 0012 6D813C58 		.ascii	"m\201<X-#\027\210``fB\025f\000\000,\340\001\347"
  23      2D231788 
  23      60606642 
  23      15660000 
  23      2CE001E7 
  24              		.text
  25              		.section	.gnu.lto_.pureconst.9a3aa5cc590d1ace,"",%progbits
  26 0000 789C6362 		.ascii	"x\234cb`b`e\200\000&\006\011F\006\000\000\346\000%"
  26      60626065 
  26      80002606 
  26      09460600 
  26      00E60025 
  27              		.text
  28              		.section	.gnu.lto___early_init.9a3aa5cc590d1ace,"",%progbits
  29 0000 789C6362 		.ascii	"x\234cb`b@\007\222@\\\003\304\026@\314\310\314\300\310"
  29      60624007 
  29      92405C03 
  29      C41640CC 
  29      C8CCC0C8 
  30 0014 34E11C03 		.ascii	"4\341\034\003C#\007\023##\210\301\300\310P\317\304X"
  30      43230713 
  30      232388C1 
  30      C0C850CF 
  30      C458
  31 0026 1FC90856 		.ascii	"\037\311\010V\273\236\351\300\203\377\377\327\31596"
  31      BB9EE9C0 
  31      83FFFFD7 
ARM GAS  /tmp/cccgDY06.s 			page 2


  31      CD3936
  32 0035 670EE34C 		.ascii	"g\016\343L&f\240\010+CKC\303\004\005\006\206d\260\212"
  32      2666A008 
  32      2B434B43 
  32      C3040506 
  32      8664B08A 
  33 0049 102009D2 		.ascii	"\020 \011\322\026\312\310\004\242\231\31734?\230\361"
  33      16CAC804 
  33      A299CF33 
  33      343F98F1 
  34 0059 982B9171 		.ascii	"\230+\221q!#+P\272\232\341WCG\203@&#P9\304\304L\020"
  34      21232B50 
  34      BA9AE157 
  34      43478340 
  34      26235039 
  35 0071 7D91A1F1 		.ascii	"}\221\241\361\301Le\230\"\010\010\001J\000M\000\271"
  35      C14C6598 
  35      22080801 
  35      4A004D00 
  35      B9
  36 0082 D74C4F4F 		.ascii	"\327LOO\3379#3)\323?X?\277X?#1G?)?\261(\245X?8$>8\304"
  36      DF392333 
  36      29D33F58 
  36      3FBF583F 
  36      2331473F 
  37 00a2 D7D8C8CD 		.ascii	"\327\330\310\3158\336\3053\330\331?\3145(\022\"\247"
  37      38DEC533 
  37      D8D93FCC 
  37      35281222 
  37      A7
  38 00b3 97CC0000 		.ascii	"\227\314\000\000f\2473\270"
  38      66A733B8 
  39              		.text
  40              		.section	.gnu.lto_boardInit.9a3aa5cc590d1ace,"",%progbits
  41 0000 789C6362 		.ascii	"x\234cb`b@\007\222@\034\014\304\026@\314\310\314\300"
  41      60624007 
  41      92401C0C 
  41      C41640CC 
  41      C8CCC0
  42 0013 C834E11C 		.ascii	"\3104\341\034\003C#\007\023##\210\301\300\310P\317\304"
  42      03432307 
  42      13232388 
  42      C1C0C850 
  42      CFC4
  43 0025 581FC908 		.ascii	"X\037\311\010V\273\236\351\300\203\377\377\327}k\237"
  43      56BB9EE9 
  43      C083FFFF 
  43      D77D6B9F 
  44 0035 7E86713E 		.ascii	"~\206q>\023\310,V\206\226\206\206\011\012\014\014\311"
  44      13C82C56 
  44      86968686 
  44      090A0C0C 
  44      C9
  45 0046 60152140 		.ascii	"`\025!@\022\244-\224\221\011D3_d`Ld\\\310\310\012\267"
  45      12A42D94 
  45      91094433 
  45      5F64604C 
ARM GAS  /tmp/cccgDY06.s 			page 3


  45      645CC8C8 
  46 005c 2D849111 		.ascii	"-\204\221\021$\001\322j\246\247\247\357\234\221\231"
  46      2401D26A 
  46      A6A7A7EF 
  46      9C9199
  47 006b 94E91FAC 		.ascii	"\224\351\037\254\237_\254\237\221\230\243\237\224\237"
  47      9F5FAC9F 
  47      9198A39F 
  47      949F
  48 0079 589452AC 		.ascii	"X\224R\254\037\034\022\037\034\342kl\344f\034\357\342"
  48      1F1C121F 
  48      1CE26B6C 
  48      E4661CEF 
  48      E2
  49 008a 19ECEC1F 		.ascii	"\031\354\354\037\346\032\024\011\221\323Kf\000\000\237"
  49      E61A1409 
  49      91D34B66 
  49      00009F
  50 0099 5C28B7   		.ascii	"\\(\267"
  51              		.text
  52              		.section	.gnu.lto_.symbol_nodes.9a3aa5cc590d1ace,"",%progbits
  53 0000 789C45C8 		.ascii	"x\234E\310\261\015\2000\000\003\301\267\243\214\305"
  53      B10D8030 
  53      0003C1B7 
  53      A38CC5
  54 000f 6C8E4443 		.ascii	"l\216DC\031\240g$f`\222(\005H|wo\314\302\227w\007\372"
  54      19A06724 
  54      66609228 
  54      05487C77 
  54      6FCCC297 
  55 0026 0DC9B5C9 		.ascii	"\015\311\265\311\207\243\237\265\233\032t:~ok*\024\326"
  55      87A39FB5 
  55      9B1A743A 
  55      7E6F6B2A 
  55      14D6
  56 0038 67880913 		.ascii	"g\210\011\023&\020\352"
  56      2610EA
  57              		.text
  58              		.section	.gnu.lto_.refs.9a3aa5cc590d1ace,"",%progbits
  59 0000 789C6362 		.ascii	"x\234cb`b`d\200\002\000\000F\000\006"
  59      60626064 
  59      80020000 
  59      460006
  60              		.text
  61              		.section	.gnu.lto_.decls.9a3aa5cc590d1ace,"",%progbits
  62 0000 789CBD96 		.ascii	"x\234\275\226_L\034E\034\307\177\263wP\256\275\264\015"
  62      5F4C1C45 
  62      1CC77FB3 
  62      7750AEBD 
  62      B40D
  63 0012 898D3546 		.ascii	"\211\2155F\256\232\372@\302\255\036h\332hj*\264\225"
  63      AE9AFA40 
  63      C2AD1E68 
  63      DA686A2A 
  63      B495
  64 0024 840A29AD 		.ascii	"\204\012)\255\321\247u\271]\270\213w\267\347\336\242"
  64      D1A775B9 
ARM GAS  /tmp/cccgDY06.s 			page 4


  64      5DB88B77 
  64      B7E7DEA2 
  65 0034 E5C92925 		.ascii	"\345\311)%\006yP\374CC\223\252\007\266\264\240M\261"
  65      067950FC 
  65      434393AA 
  65      07B6B4A0 
  65      4DB1
  66 0046 5A35C1C4 		.ascii	"Z5\301\304\005\203U\323\000^\0165\361\2015\032_\365"
  66      058355D3 
  66      005E0E35 
  66      F181351A 
  66      5FF5
  67 0058 456C0CF6 		.ascii	"El\014\366\234\235\335=v\227\373\207M\234dgfg~\363\371"
  67      9C9DDD3D 
  67      7697FB87 
  67      4D9C6467 
  67      66677EF3 
  68 006d 7DE7377F 		.ascii	"}\3477\177v\031``\020\000r$=\352\007\350c\000<\344\375"
  68      76196060 
  68      10007224 
  68      3DEA07E8 
  68      63003CE4 
  69 0082 00AC27FD 		.ascii	"\000\254'\375}\214<\023\344\231$\017\"\317\373\340L"
  69      7D8C3C13 
  69      E499240F 
  69      22CFFBE0 
  69      4C
  70 0093 7A3F190A 		.ascii	"z?\031\012\032y\306\3156\306l\237\204\215i\302VG\256"
  70      1A79C6CD 
  70      36C66C9F 
  70      848D69C2 
  70      5647AE
  71 00a6 772BD5C1 		.ascii	"w+\325\301;8\255i\363\277L\357\306\351~5\227{\014v\301"
  71      3B38AD69 
  71      F3BF4CEF 
  71      C6E97E35 
  71      977B0C76 
  72 00bb 082629FD 		.ascii	"\010&)\3752\306H\341\321\201;\340i\304\243\355>\010"
  72      32C648E1 
  72      D1813BE0 
  72      69C4A3ED 
  72      3E08
  73 00cd D08ADF07 		.ascii	"\320\212\337\007^:\224G\343h\227Y;\341\261\344\354G"
  73      5E3A9447 
  73      E3689759 
  73      3BE1B1E4 
  73      EC47
  74 00df 500F9364 		.ascii	"P\017\223d\3740\306s\367\241\002.\001\356\207\013\272"
  74      FC30C673 
  74      F7A1022E 
  74      01EE870B 
  74      BA
  75 00f0 077C097B 		.ascii	"\007|\011{(_'\214\241:\273\011\217\336C\214[\350\264"
  75      285F278C 
  75      A13ABB09 
  75      8FDE438C 
  75      5BE8B4
ARM GAS  /tmp/cccgDY06.s 			page 5


  76 0103 A6AE5EF7 		.ascii	"\246\256^\367\017\237\322r\271:\303;\003G\021\261=\217"
  76      0F9FD272 
  76      B93AC33B 
  76      034711B1 
  76      3D8F
  77 0115 EA4BC227 		.ascii	"\352K\302'\334\360\213\033\341\332\260\266\362\325|"
  77      DCF08B1B 
  77      E1DAB0B6 
  77      F2D57C
  78 0124 FDE8553C 		.ascii	"\375\350U<\360\012\276\225{\011Y\036\206\220\333\205"
  78      F00ABE95 
  78      7B09591E 
  78      8690DB85 
  79 0134 C1987232 		.ascii	"\301\230r2\356\2051<\255j\027\026\336B$\222\230 r\250"
  79      EE85313C 
  79      AD6A1716 
  79      DE422492 
  79      982072A8 
  80 0148 165EA7A1 		.ascii	"\026^\247\241$\221\374z;XqT\267Z\201\274\244\307g/\234"
  80      2491FC7A 
  80      3B587154 
  80      B75A81BC 
  80      A4C7672F 
  81 015d 27D1D2FE 		.ascii	"'\321\322\376\032\372\247\011\343\032sH\240\270=\217"
  81      1AFAA709 
  81      E31A7348 
  81      A0B83D8F 
  82 016d 2EA3BD50 		.ascii	".\243\275P\336N\267\274B$\030\332\251\027\254\316d\374"
  82      DE4EB7BC 
  82      422418DA 
  82      A917ACCE 
  82      64FC
  83 017f D86BB443 		.ascii	"\330k\264C\201Y\231i\017\244u\343\3572\347\310\\\346"
  83      81599969 
  83      0FA475E3 
  83      EF32E7C8 
  83      5CE6
  84 0191 50015F1A 		.ascii	"P\001_\032\262|\335\235\237\202z6\203\002<\272J\354"
  84      B27CDD9D 
  84      9F827A36 
  84      83023CBA 
  84      4AEC
  85 01a3 19587445 		.ascii	"\031XtE\255,C\227s\315-\367\247E*\367Z\005r\373\325"
  85      AD2C4397 
  85      73CD2DF7 
  85      A7452AF7 
  85      5A0572FB 
  86 01b8 95C573BB 		.ascii	"\225\305s\273u\271>\030$\257\372\006~\302\346\315\261"
  86      75B93E18 
  86      24AFFA06 
  86      7EC2E6CD 
  86      B1
  87 01c9 7BCD988F 		.ascii	"{\315\230\217\2746?\213\310Z\221\216\317\3100\006\276"
  87      BC363F8B 
  87      C85A918E 
  87      CFC83006 
  87      BE
ARM GAS  /tmp/cccgDY06.s 			page 6


  88 01da 679CAA2B 		.ascii	"g\234\252+G\345\316|\276\237,\037\217f(\350W\217\023"
  88      47E5CE7C 
  88      BE9F2C1F 
  88      8F6628E8 
  88      578F13
  89 01ed C4A32D3E 		.ascii	"\304\243->\347\366!\357\226\201N\243\335fE\277(v\300"
  89      E7F621EF 
  89      96814EA3 
  89      DD6645BF 
  89      2876C0
  90 0200 66CD19F8 		.ascii	"f\315\031\370\235:\325\203UH\250Y5\222i\340\010\240"
  90      9D3AD583 
  90      5548A859 
  90      359269E0 
  90      08A0
  91 0212 B6FAED9A 		.ascii	"\266\372\355\232\347,V\007<V8\376\33440\340X\221\325"
  91      E72C5607 
  91      3C5638FE 
  91      DC3430E0 
  91      5891D5
  92 0225 45FF306F 		.ascii	"E\3770o\301\326*\201\325\024U\247\376m\207\015x7\013"
  92      C1D62A81 
  92      D51455A7 
  92      FE6D870D 
  92      78370B
  93 0238 732ABB65 		.ascii	"s*\273e\207\015U\002\333Y\\\331\033\031\033\354\325"
  93      870D5502 
  93      DB595CD9 
  93      1B191BEC 
  93      D5
  94 0249 4DC39CCA 		.ascii	"M\303\234\312\316\330aoV\002\273\263\200\262B\311~\276"
  94      CED8616F 
  94      5602BBB3 
  94      80B242C9 
  94      7EBE
  95 025b 78F409B9 		.ascii	"x\364\011\271Dx\364)\332C\362/h>K\363/i>O\363\3534\377"
  95      4478F429 
  95      DA43F22F 
  95      683E4BF3 
  95      2F693E4F 
  96 0273 86E4F9C4 		.ascii	"\206\344\371\304\300(\325te]\223\363\034\227\333fX\375"
  96      C028D574 
  96      655D93F3 
  96      1C97DB66 
  96      58FD
  97 0285 F1983E41 		.ascii	"\361\230>A\343\232x\267\"\230c\206\001\007\354\017\033"
  97      E39A78B7 
  97      22986386 
  97      0107EC0F 
  97      1B
  98 0296 6CA222D8 		.ascii	"l\242\"\330\276\342\312n\332`\227+\202u\024W6\334\271"
  98      BEE2CA6E 
  98      DA60972B 
  98      82751457 
  98      36DCB9
  99 02a9 0EFBB822 		.ascii	"\016\373\270\"X\262\270\262Q\033l\246\"\330 * \315\266"
  99      58B2B8B2 
ARM GAS  /tmp/cccgDY06.s 			page 7


  99      511B6CA6 
  99      22D8202A 
  99      20CDB6
 100 02bc 178C5D30 		.ascii	"\027\214]0Mw\301\207t\235o\320|\201\346K4\317\320<\353"
 100      4D77C187 
 100      749D6FD0 
 100      7C81E64B 
 100      34CFD03C 
 101 02d1 5CFF39AF 		.ascii	"\\\3779\257\373j3\276&6\366\372g\0076K\277\221\247\027"
 101      FB6A33BE 
 101      2636F6FA 
 101      6707364B 
 101      BF91A717 
 102 02e5 FFAAFD40 		.ascii	"\377\252\375@\276\274\367\300\212\367ml\234\360&\370"
 102      BEBCF7C0 
 102      8AF76D6C 
 102      9CF026F8 
 103 02f5 080FAACF 		.ascii	"\010\017\252\317\362\350\003\352W\367g4%\215\220\031"
 103      F2E803EA 
 103      57F76734 
 103      258D9019 
 104 0305 DBDCBC2D 		.ascii	"\333\334\274-\361R\177\2261\367|\376&56\277eq\363\364"
 104      F1527F96 
 104      31F77CFE 
 104      263536BF 
 104      6571F3F4 
 105 0319 6F1EF324 		.ascii	"o\036\363$\230M\331\361l\272\332<\026\371[\327c\236"
 105      984DD9F1 
 105      6CBADA3C 
 105      16F95BD7 
 105      639E
 106 032b 106B1856 		.ascii	"\020k\030V\247\252\314\343b5\251\217\2009\365\022\202"
 106      A7AACCE3 
 106      6235A98F 
 106      8039F512 
 106      82
 107 033c 665D7254 		.ascii	"f]rT\344\324\243\376\354R32\224\245\236J\253\301i\257"
 107      E4D4A3FE 
 107      EC523332 
 107      94A59E4A 
 107      ABC169AF 
 108 0350 530D9DE7 		.ascii	"S\015\235\347BI-P:0$\355pJY\236Z\256/\243\004\012\250"
 108      42492D50 
 108      3A3024ED 
 108      704A599E 
 108      5AAE2FA3 
 109 0367 58BA0D15 		.ascii	"X\272\015\025\260AA\331`\024\222\220))A\305F\210\213"
 109      B04141D9 
 109      60149290 
 109      292941C5 
 109      46888B
 110 037a CB504FAD 		.ascii	"\313PO\255\345\\\301\030\231Z\256q)A\345\205do#\026"
 110      E55CC118 
 110      995AAE71 
 110      2941E585 
 110      646F2316 
 111 038e 2E014BFF 		.ascii	".\001K\377)\026\000\333`h\3757\307\370\357-\366\317"
ARM GAS  /tmp/cccgDY06.s 			page 8


 111      291600DB 
 111      6068FD37 
 111      C7F8EF2D 
 111      F6CF
 112 03a0 AFA16DF9 		.ascii	"\257\241m\371\323\372p0\3106G\242]\321\366NVJ\261\021"
 112      D3FA7030 
 112      C83647A2 
 112      5DD1F64E 
 112      564AB111 
 113 03b4 3EC67649 		.ascii	">\306vI\274,\244\330\316\343\\\347\361\243\215\241\303"
 113      BC2CA4D8 
 113      CEE35CE7 
 113      F1A38DA1 
 113      C3
 114 03c5 8D5C4B6B 		.ascii	"\215\\Kkgs\373S\207\216=c\364\005\303\340\3478\221\227"
 114      6773FB53 
 114      878E3D63 
 114      F405C3E0 
 114      E7389197 
 115 03d9 637D5C34 		.ascii	"c}\\4\021U\252\217<y\"\320\014>\332\331J\032B\033\241"
 115      1155AA8F 
 115      3C7922D0 
 115      0C3EDAD9 
 115      4A1A421B 
 116 03ee 49495674 		.ascii	"IIVt&\001\262&\366\344I\275\207\213\305\204`\004v\246"
 116      2601B226 
 116      F6E449BD 
 116      878BC584 
 116      600476A6 
 117 0402 94786388 		.ascii	"\224xc\210\013\307\244\360s\024\332X\232\321\326\326"
 117      0BC7A4F0 
 117      7314DA58 
 117      9AD1D6D6 
 118 0412 C21EE968 		.ascii	"\302\036\351hm\177!\304&\363\220Z\003\322\223\214J\\"
 118      6D7F21C4 
 118      26F3905A 
 118      03D2938C 
 118      4A5C
 119 0424 4A547A93 		.ascii	"JTz\223\034\261Ot\323\347!6\"\305EV\026SDx8B\200\262"
 119      1CB14F74 
 119      D3E72136 
 119      22C54556 
 119      16534478 
 120 043c F0222F8B 		.ascii	"\360\"/\213,/\307ClO8\334@*\015b\274K\024\004Q\3107"
 120      2C2FC743 
 120      6C4F38DC 
 120      402A0D62 
 120      BC4B1404 
 121 0453 24A484D8 		.ascii	"$\244\204\330 \362]\321\206&n_C\350\201\007\233\236"
 121      20F25DD1 
 121      86266E5F 
 121      43E88107 
 121      9B9E
 122 0465 0FB18E0E 		.ascii	"\017\261\216\0166\232\010\307z\005\221M)B4\241\020\031"
 122      369A08C7 
 122      7A05914D 
 122      294234A1 
ARM GAS  /tmp/cccgDY06.s 			page 9


 122      1019
 123 0477 35BDA424 		.ascii	"5\275\244$:\224\323\350\377\363\036\347\303\221hBd9"
 123      3A94D3E8 
 123      FFF31EE7 
 123      C3916842 
 123      6439
 124 0489 41ECE67B 		.ascii	"A\354\346{c\012\247\364%\305\024Q\263\225\343,=UqI\020"
 124      630AA7F4 
 124      25C51451 
 124      B395E32C 
 124      3D557149 
 125 049e E56A49EF 		.ascii	"\345jI\357\222\267H\251\244(\012rU\2627)\310\036I\220"
 125      92B748A9 
 125      A4280A72 
 125      55B23729 
 125      C81E4990 
 126 04b2 BD7CB71C 		.ascii	"\275|\267\034\323\263Hu\307\301\026^\341\253;\0367\212"
 126      D3B34875 
 126      C7C1165E 
 126      E1AB3B1E 
 126      378A
 127 04c4 66A36831 		.ascii	"f\243h1\212CFqX/|\035\007\333\232\245Dw\264\247V_\007"
 127      8A434671 
 127      582F7C1D 
 127      07DB9AA5 
 127      4477B4A7 
 128 04db CB799836 		.ascii	"\313y\2306\335\025\224%\201\030\0057v\375\013r\3745"
 128      DD159425 
 128      81180537 
 128      76FD0B72 
 128      FC35
 129 04ed 52       		.ascii	"R"
 130              		.text
 131              		.section	.gnu.lto_.symtab.9a3aa5cc590d1ace,"",%progbits
 132 0000 5F5F6561 		.ascii	"__early_init\000\000\000\000\000\000\000\000\000\000"
 132      726C795F 
 132      696E6974 
 132      00000000 
 132      00000000 
 133 0016 0000A100 		.ascii	"\000\000\241\000\000\000boardInit\000\000\000\000\000"
 133      0000626F 
 133      61726449 
 133      6E697400 
 133      00000000 
 134 002a 00000000 		.ascii	"\000\000\000\000\000\000\000\246\000\000\000pal_def"
 134      000000A6 
 134      00000070 
 134      616C5F64 
 134      6566
 135 003c 61756C74 		.ascii	"ault_config\000\000\000\000\000\000\000\000\000\000"
 135      5F636F6E 
 135      66696700 
 135      00000000 
 135      00000000 
 136 0051 0000AB00 		.ascii	"\000\000\253\000\000\000stm32_clock_init\000\000\002"
 136      00007374 
 136      6D33325F 
ARM GAS  /tmp/cccgDY06.s 			page 10


 136      636C6F63 
 136      6B5F696E 
 137 006a 00000000 		.ascii	"\000\000\000\000\000\000\000\000\000\251\000\000\000"
 137      00000000 
 137      00A90000 
 137      00
 138              		.text
 139              		.section	.gnu.lto_.opts,"",%progbits
 140 0000 272D6D63 		.ascii	"'-mcpu=cortex-m4' '-mno-thumb-interwork' '-mthumb' "
 140      70753D63 
 140      6F727465 
 140      782D6D34 
 140      2720272D 
 141 0033 272D6767 		.ascii	"'-ggdb' '-O2' '-fomit-frame-pointer' '-falign-funct"
 141      64622720 
 141      272D4F32 
 141      2720272D 
 141      666F6D69 
 142 0066 696F6E73 		.ascii	"ions=16' '-ffunction-sections' '-fdata-sections' '-"
 142      3D313627 
 142      20272D66 
 142      66756E63 
 142      74696F6E 
 143 0099 666E6F2D 		.ascii	"fno-common' '-flto'\000"
 143      636F6D6D 
 143      6F6E2720 
 143      272D666C 
 143      746F2700 
 144              		.text
 145              		.cfi_sections	.debug_frame
 146              		.section	.text.__early_init,"ax",%progbits
 147              		.align	2
 148              		.p2align 4,,15
 149              		.global	__early_init
 150              		.thumb
 151              		.thumb_func
 152              		.type	__early_init, %function
 153              	__early_init:
 154              	.LFB272:
 155              		.file 1 "../ChibiOS/os/hal/boards/ST_STM32F3_DISCOVERY/board.c"
 156              		.loc 1 70 0
 157              		.cfi_startproc
 158              		@ args = 0, pretend = 0, frame = 0
 159              		@ frame_needed = 0, uses_anonymous_args = 0
 160              		@ link register save eliminated.
 161              		.loc 1 72 0
 162 0000 FFF7FEBF 		b	stm32_clock_init
 163              	.LVL0:
 164              		.cfi_endproc
 165              	.LFE272:
 166              		.size	__early_init, .-__early_init
 167 0004 AFF30080 		.section	.text.boardInit,"ax",%progbits
 167      AFF30080 
 167      AFF30080 
 168              		.align	2
 169              		.p2align 4,,15
 170              		.global	boardInit
ARM GAS  /tmp/cccgDY06.s 			page 11


 171              		.thumb
 172              		.thumb_func
 173              		.type	boardInit, %function
 174              	boardInit:
 175              	.LFB273:
 176              		.loc 1 123 0
 177              		.cfi_startproc
 178              		@ args = 0, pretend = 0, frame = 0
 179              		@ frame_needed = 0, uses_anonymous_args = 0
 180              		@ link register save eliminated.
 181 0000 7047     		bx	lr
 182              		.cfi_endproc
 183              	.LFE273:
 184              		.size	boardInit, .-boardInit
 185              		.global	pal_default_config
 186 0002 00BFAFF3 		.section	.rodata.pal_default_config,"a",%progbits
 186      0080AFF3 
 186      0080AFF3 
 186      0080
 187              		.align	2
 188              		.type	pal_default_config, %object
 189              		.size	pal_default_config, 168
 190              	pal_default_config:
 191 0000 00A8802A 		.word	713074688
 192 0004 00000000 		.word	0
 193 0008 00FCC03C 		.word	1019280384
 194 000c 54111564 		.word	1679102292
 195 0010 FFFF0000 		.word	65535
 196 0014 00005055 		.word	1431306240
 197 0018 00E00E00 		.word	974848
 198 001c 80A00000 		.word	41088
 199 0020 C0000000 		.word	192
 200 0024 C0F00000 		.word	61632
 201 0028 15055555 		.word	1431635221
 202 002c FFFF0000 		.word	65535
 203 0030 00000044 		.word	1140850688
 204 0034 00000000 		.word	0
 205 0038 00000000 		.word	0
 206 003c 00000000 		.word	0
 207 0040 000000F0 		.word	-268435456
 208 0044 55555505 		.word	89478485
 209 0048 FFFF0000 		.word	65535
 210 004c 00000000 		.word	0
 211 0050 00000000 		.word	0
 212 0054 00000000 		.word	0
 213 0058 00000000 		.word	0
 214 005c 00000000 		.word	0
 215 0060 55555555 		.word	1431655765
 216 0064 FFFF0000 		.word	65535
 217 0068 00000000 		.word	0
 218 006c 00000000 		.word	0
 219 0070 40005555 		.word	1431633984
 220 0074 00000000 		.word	0
 221 0078 C000FFFF 		.word	-65344
 222 007c 15551501 		.word	18175253
 223 0080 FF000000 		.word	255
 224 0084 00000000 		.word	0
ARM GAS  /tmp/cccgDY06.s 			page 12


 225 0088 00000000 		.word	0
 226 008c 00000000 		.word	0
 227 0090 00000000 		.word	0
 228 0094 0F000000 		.word	15
 229 0098 50555555 		.word	1431655760
 230 009c FFFF0000 		.word	65535
 231 00a0 00000000 		.word	0
 232 00a4 00000000 		.word	0
 233              		.text
 234              	.Letext0:
 235              		.file 2 "/nfs/nfs5/home/research/hardware/arm2/gcc-arm-embedded/gcc-arm-none-eabi-4_8-2014q2/lib/g
 236              		.file 3 "/nfs/nfs5/home/research/hardware/arm2/gcc-arm-embedded/gcc-arm-none-eabi-4_8-2014q2/arm-n
 237              		.file 4 "/nfs/nfs5/home/research/hardware/arm2/gcc-arm-embedded/gcc-arm-none-eabi-4_8-2014q2/arm-n
 238              		.file 5 "../ChibiOS/os/rt/ports/ARMCMx/compilers/GCC/chtypes.h"
 239              		.file 6 "../ChibiOS/os/rt/include/chsystypes.h"
 240              		.file 7 "../ChibiOS/os/rt/include/chschd.h"
 241              		.file 8 "../ChibiOS/os/rt/ports/ARMCMx/chcore.h"
 242              		.file 9 "../ChibiOS/os/rt/ports/ARMCMx/chcore_v7m.h"
 243              		.file 10 "../ChibiOS/os/rt/include/chtm.h"
 244              		.file 11 "../ChibiOS/os/rt/include/chsem.h"
 245              		.file 12 "../ChibiOS/os/rt/include/chmtx.h"
 246              		.file 13 "../ChibiOS/os/hal/ports/STM32/LLD/GPIOv2/pal_lld.h"
 247              		.file 14 "../ChibiOS/os/ext/CMSIS/include/core_cm4.h"
 248              		.file 15 "../ChibiOS/os/hal/ports/STM32/STM32F3xx/hal_lld.h"
 249              		.section	.debug_info,"",%progbits
 250              	.Ldebug_info0:
 251 0000 5D070000 		.4byte	0x75d
 252 0004 0400     		.2byte	0x4
 253 0006 00000000 		.4byte	.Ldebug_abbrev0
 254 000a 04       		.byte	0x4
 255 000b 01       		.uleb128 0x1
 256 000c F8040000 		.4byte	.LASF119
 257 0010 01       		.byte	0x1
 258 0011 01020000 		.4byte	.LASF120
 259 0015 07040000 		.4byte	.LASF121
 260 0019 00000000 		.4byte	.Ldebug_ranges0+0
 261 001d 00000000 		.4byte	0
 262 0021 00000000 		.4byte	.Ldebug_line0
 263 0025 02       		.uleb128 0x2
 264 0026 04       		.byte	0x4
 265 0027 05       		.byte	0x5
 266 0028 696E7400 		.ascii	"int\000"
 267 002c 03       		.uleb128 0x3
 268 002d 20000000 		.4byte	.LASF2
 269 0031 02       		.byte	0x2
 270 0032 D4       		.byte	0xd4
 271 0033 37000000 		.4byte	0x37
 272 0037 04       		.uleb128 0x4
 273 0038 04       		.byte	0x4
 274 0039 07       		.byte	0x7
 275 003a 86010000 		.4byte	.LASF0
 276 003e 04       		.uleb128 0x4
 277 003f 01       		.byte	0x1
 278 0040 06       		.byte	0x6
 279 0041 D6000000 		.4byte	.LASF1
 280 0045 03       		.uleb128 0x3
 281 0046 37000000 		.4byte	.LASF3
ARM GAS  /tmp/cccgDY06.s 			page 13


 282 004a 03       		.byte	0x3
 283 004b 1C       		.byte	0x1c
 284 004c 50000000 		.4byte	0x50
 285 0050 04       		.uleb128 0x4
 286 0051 01       		.byte	0x1
 287 0052 08       		.byte	0x8
 288 0053 50030000 		.4byte	.LASF4
 289 0057 04       		.uleb128 0x4
 290 0058 02       		.byte	0x2
 291 0059 05       		.byte	0x5
 292 005a 6D030000 		.4byte	.LASF5
 293 005e 04       		.uleb128 0x4
 294 005f 02       		.byte	0x2
 295 0060 07       		.byte	0x7
 296 0061 D7010000 		.4byte	.LASF6
 297 0065 03       		.uleb128 0x3
 298 0066 65020000 		.4byte	.LASF7
 299 006a 03       		.byte	0x3
 300 006b 37       		.byte	0x37
 301 006c 70000000 		.4byte	0x70
 302 0070 04       		.uleb128 0x4
 303 0071 04       		.byte	0x4
 304 0072 05       		.byte	0x5
 305 0073 08010000 		.4byte	.LASF8
 306 0077 03       		.uleb128 0x3
 307 0078 97040000 		.4byte	.LASF9
 308 007c 03       		.byte	0x3
 309 007d 38       		.byte	0x38
 310 007e 82000000 		.4byte	0x82
 311 0082 04       		.uleb128 0x4
 312 0083 04       		.byte	0x4
 313 0084 07       		.byte	0x7
 314 0085 52040000 		.4byte	.LASF10
 315 0089 04       		.uleb128 0x4
 316 008a 08       		.byte	0x8
 317 008b 05       		.byte	0x5
 318 008c C8000000 		.4byte	.LASF11
 319 0090 03       		.uleb128 0x3
 320 0091 00030000 		.4byte	.LASF12
 321 0095 03       		.byte	0x3
 322 0096 4E       		.byte	0x4e
 323 0097 9B000000 		.4byte	0x9b
 324 009b 04       		.uleb128 0x4
 325 009c 08       		.byte	0x8
 326 009d 07       		.byte	0x7
 327 009e 54000000 		.4byte	.LASF13
 328 00a2 03       		.uleb128 0x3
 329 00a3 F0040000 		.4byte	.LASF14
 330 00a7 04       		.byte	0x4
 331 00a8 2A       		.byte	0x2a
 332 00a9 45000000 		.4byte	0x45
 333 00ad 03       		.uleb128 0x3
 334 00ae 48030000 		.4byte	.LASF15
 335 00b2 04       		.byte	0x4
 336 00b3 41       		.byte	0x41
 337 00b4 65000000 		.4byte	0x65
 338 00b8 03       		.uleb128 0x3
ARM GAS  /tmp/cccgDY06.s 			page 14


 339 00b9 D6030000 		.4byte	.LASF16
 340 00bd 04       		.byte	0x4
 341 00be 42       		.byte	0x42
 342 00bf 77000000 		.4byte	0x77
 343 00c3 03       		.uleb128 0x3
 344 00c4 2E000000 		.4byte	.LASF17
 345 00c8 04       		.byte	0x4
 346 00c9 4E       		.byte	0x4e
 347 00ca 90000000 		.4byte	0x90
 348 00ce 03       		.uleb128 0x3
 349 00cf BB040000 		.4byte	.LASF18
 350 00d3 05       		.byte	0x5
 351 00d4 39       		.byte	0x39
 352 00d5 B8000000 		.4byte	0xb8
 353 00d9 03       		.uleb128 0x3
 354 00da 43020000 		.4byte	.LASF19
 355 00de 05       		.byte	0x5
 356 00df 3C       		.byte	0x3c
 357 00e0 A2000000 		.4byte	0xa2
 358 00e4 03       		.uleb128 0x3
 359 00e5 18010000 		.4byte	.LASF20
 360 00e9 05       		.byte	0x5
 361 00ea 3D       		.byte	0x3d
 362 00eb A2000000 		.4byte	0xa2
 363 00ef 03       		.uleb128 0x3
 364 00f0 0B030000 		.4byte	.LASF21
 365 00f4 05       		.byte	0x5
 366 00f5 3E       		.byte	0x3e
 367 00f6 A2000000 		.4byte	0xa2
 368 00fa 03       		.uleb128 0x3
 369 00fb 2A030000 		.4byte	.LASF22
 370 00ff 05       		.byte	0x5
 371 0100 40       		.byte	0x40
 372 0101 B8000000 		.4byte	0xb8
 373 0105 03       		.uleb128 0x3
 374 0106 FB010000 		.4byte	.LASF23
 375 010a 05       		.byte	0x5
 376 010b 41       		.byte	0x41
 377 010c AD000000 		.4byte	0xad
 378 0110 03       		.uleb128 0x3
 379 0111 59020000 		.4byte	.LASF24
 380 0115 05       		.byte	0x5
 381 0116 43       		.byte	0x43
 382 0117 B8000000 		.4byte	0xb8
 383 011b 03       		.uleb128 0x3
 384 011c 80010000 		.4byte	.LASF25
 385 0120 05       		.byte	0x5
 386 0121 45       		.byte	0x45
 387 0122 AD000000 		.4byte	0xad
 388 0126 03       		.uleb128 0x3
 389 0127 79040000 		.4byte	.LASF26
 390 012b 06       		.byte	0x6
 391 012c 33       		.byte	0x33
 392 012d B8000000 		.4byte	0xb8
 393 0131 03       		.uleb128 0x3
 394 0132 69040000 		.4byte	.LASF27
 395 0136 06       		.byte	0x6
ARM GAS  /tmp/cccgDY06.s 			page 15


 396 0137 3F       		.byte	0x3f
 397 0138 3C010000 		.4byte	0x13c
 398 013c 05       		.uleb128 0x5
 399 013d F1010000 		.4byte	.LASF46
 400 0141 40       		.byte	0x40
 401 0142 07       		.byte	0x7
 402 0143 C2       		.byte	0xc2
 403 0144 1C020000 		.4byte	0x21c
 404 0148 06       		.uleb128 0x6
 405 0149 9E030000 		.4byte	.LASF28
 406 014d 07       		.byte	0x7
 407 014e C3       		.byte	0xc3
 408 014f 27020000 		.4byte	0x227
 409 0153 00       		.byte	0
 410 0154 06       		.uleb128 0x6
 411 0155 23030000 		.4byte	.LASF29
 412 0159 07       		.byte	0x7
 413 015a C5       		.byte	0xc5
 414 015b 27020000 		.4byte	0x227
 415 015f 04       		.byte	0x4
 416 0160 06       		.uleb128 0x6
 417 0161 C1000000 		.4byte	.LASF30
 418 0165 07       		.byte	0x7
 419 0166 C7       		.byte	0xc7
 420 0167 FA000000 		.4byte	0xfa
 421 016b 08       		.byte	0x8
 422 016c 06       		.uleb128 0x6
 423 016d 21060000 		.4byte	.LASF31
 424 0171 07       		.byte	0x7
 425 0172 C8       		.byte	0xc8
 426 0173 57040000 		.4byte	0x457
 427 0177 0C       		.byte	0xc
 428 0178 06       		.uleb128 0x6
 429 0179 21010000 		.4byte	.LASF32
 430 017d 07       		.byte	0x7
 431 017e CA       		.byte	0xca
 432 017f 27020000 		.4byte	0x227
 433 0183 10       		.byte	0x10
 434 0184 06       		.uleb128 0x6
 435 0185 C3020000 		.4byte	.LASF33
 436 0189 07       		.byte	0x7
 437 018a CB       		.byte	0xcb
 438 018b 27020000 		.4byte	0x227
 439 018f 14       		.byte	0x14
 440 0190 06       		.uleb128 0x6
 441 0191 DF050000 		.4byte	.LASF34
 442 0195 07       		.byte	0x7
 443 0196 D2       		.byte	0xd2
 444 0197 E2050000 		.4byte	0x5e2
 445 019b 18       		.byte	0x18
 446 019c 06       		.uleb128 0x6
 447 019d 77030000 		.4byte	.LASF35
 448 01a1 07       		.byte	0x7
 449 01a2 DD       		.byte	0xdd
 450 01a3 E4000000 		.4byte	0xe4
 451 01a7 1C       		.byte	0x1c
 452 01a8 06       		.uleb128 0x6
ARM GAS  /tmp/cccgDY06.s 			page 16


 453 01a9 A5030000 		.4byte	.LASF36
 454 01ad 07       		.byte	0x7
 455 01ae E1       		.byte	0xe1
 456 01af D9000000 		.4byte	0xd9
 457 01b3 1D       		.byte	0x1d
 458 01b4 06       		.uleb128 0x6
 459 01b5 E3040000 		.4byte	.LASF37
 460 01b9 07       		.byte	0x7
 461 01ba E6       		.byte	0xe6
 462 01bb EF000000 		.4byte	0xef
 463 01bf 1E       		.byte	0x1e
 464 01c0 07       		.uleb128 0x7
 465 01c1 705F7500 		.ascii	"p_u\000"
 466 01c5 07       		.byte	0x7
 467 01c6 3701     		.2byte	0x137
 468 01c8 11050000 		.4byte	0x511
 469 01cc 20       		.byte	0x20
 470 01cd 08       		.uleb128 0x8
 471 01ce 7A020000 		.4byte	.LASF38
 472 01d2 07       		.byte	0x7
 473 01d3 3C01     		.2byte	0x13c
 474 01d5 2D020000 		.4byte	0x22d
 475 01d9 24       		.byte	0x24
 476 01da 08       		.uleb128 0x8
 477 01db B1010000 		.4byte	.LASF39
 478 01df 07       		.byte	0x7
 479 01e0 4201     		.2byte	0x142
 480 01e2 51020000 		.4byte	0x251
 481 01e6 28       		.byte	0x28
 482 01e7 08       		.uleb128 0x8
 483 01e8 CB030000 		.4byte	.LASF40
 484 01ec 07       		.byte	0x7
 485 01ed 4801     		.2byte	0x148
 486 01ef 10010000 		.4byte	0x110
 487 01f3 30       		.byte	0x30
 488 01f4 08       		.uleb128 0x8
 489 01f5 63030000 		.4byte	.LASF41
 490 01f9 07       		.byte	0x7
 491 01fa 4F01     		.2byte	0x14f
 492 01fc DC050000 		.4byte	0x5dc
 493 0200 34       		.byte	0x34
 494 0201 08       		.uleb128 0x8
 495 0202 83040000 		.4byte	.LASF42
 496 0206 07       		.byte	0x7
 497 0207 5301     		.2byte	0x153
 498 0209 FA000000 		.4byte	0xfa
 499 020d 38       		.byte	0x38
 500 020e 08       		.uleb128 0x8
 501 020f E2000000 		.4byte	.LASF43
 502 0213 07       		.byte	0x7
 503 0214 5A01     		.2byte	0x15a
 504 0216 04030000 		.4byte	0x304
 505 021a 3C       		.byte	0x3c
 506 021b 00       		.byte	0
 507 021c 03       		.uleb128 0x3
 508 021d 8D020000 		.4byte	.LASF44
 509 0221 06       		.byte	0x6
ARM GAS  /tmp/cccgDY06.s 			page 17


 510 0222 44       		.byte	0x44
 511 0223 27020000 		.4byte	0x227
 512 0227 09       		.uleb128 0x9
 513 0228 04       		.byte	0x4
 514 0229 31010000 		.4byte	0x131
 515 022d 03       		.uleb128 0x3
 516 022e ED050000 		.4byte	.LASF45
 517 0232 06       		.byte	0x6
 518 0233 49       		.byte	0x49
 519 0234 38020000 		.4byte	0x238
 520 0238 05       		.uleb128 0x5
 521 0239 F7030000 		.4byte	.LASF47
 522 023d 04       		.byte	0x4
 523 023e 07       		.byte	0x7
 524 023f B0       		.byte	0xb0
 525 0240 51020000 		.4byte	0x251
 526 0244 06       		.uleb128 0x6
 527 0245 9E030000 		.4byte	.LASF28
 528 0249 07       		.byte	0x7
 529 024a B1       		.byte	0xb1
 530 024b 27020000 		.4byte	0x227
 531 024f 00       		.byte	0
 532 0250 00       		.byte	0
 533 0251 03       		.uleb128 0x3
 534 0252 CA040000 		.4byte	.LASF48
 535 0256 06       		.byte	0x6
 536 0257 50       		.byte	0x50
 537 0258 5C020000 		.4byte	0x25c
 538 025c 05       		.uleb128 0x5
 539 025d B0000000 		.4byte	.LASF49
 540 0261 08       		.byte	0x8
 541 0262 07       		.byte	0x7
 542 0263 B7       		.byte	0xb7
 543 0264 81020000 		.4byte	0x281
 544 0268 06       		.uleb128 0x6
 545 0269 9E030000 		.4byte	.LASF28
 546 026d 07       		.byte	0x7
 547 026e B8       		.byte	0xb8
 548 026f 27020000 		.4byte	0x227
 549 0273 00       		.byte	0
 550 0274 06       		.uleb128 0x6
 551 0275 23030000 		.4byte	.LASF29
 552 0279 07       		.byte	0x7
 553 027a B9       		.byte	0xb9
 554 027b 27020000 		.4byte	0x227
 555 027f 04       		.byte	0x4
 556 0280 00       		.byte	0
 557 0281 03       		.uleb128 0x3
 558 0282 13000000 		.4byte	.LASF50
 559 0286 06       		.byte	0x6
 560 0287 57       		.byte	0x57
 561 0288 8C020000 		.4byte	0x28c
 562 028c 0A       		.uleb128 0xa
 563 028d 4B020000 		.4byte	.LASF51
 564 0291 1C       		.byte	0x1c
 565 0292 07       		.byte	0x7
 566 0293 9201     		.2byte	0x192
ARM GAS  /tmp/cccgDY06.s 			page 18


 567 0295 E8020000 		.4byte	0x2e8
 568 0299 08       		.uleb128 0x8
 569 029a E6030000 		.4byte	.LASF52
 570 029e 07       		.byte	0x7
 571 029f 9301     		.2byte	0x193
 572 02a1 51020000 		.4byte	0x251
 573 02a5 00       		.byte	0
 574 02a6 08       		.uleb128 0x8
 575 02a7 89030000 		.4byte	.LASF53
 576 02ab 07       		.byte	0x7
 577 02ac 9401     		.2byte	0x194
 578 02ae FA000000 		.4byte	0xfa
 579 02b2 08       		.byte	0x8
 580 02b3 08       		.uleb128 0x8
 581 02b4 CB020000 		.4byte	.LASF54
 582 02b8 07       		.byte	0x7
 583 02b9 9601     		.2byte	0x196
 584 02bb 57040000 		.4byte	0x457
 585 02bf 0C       		.byte	0xc
 586 02c0 08       		.uleb128 0x8
 587 02c1 31010000 		.4byte	.LASF55
 588 02c5 07       		.byte	0x7
 589 02c6 9901     		.2byte	0x199
 590 02c8 27020000 		.4byte	0x227
 591 02cc 10       		.byte	0x10
 592 02cd 08       		.uleb128 0x8
 593 02ce F8020000 		.4byte	.LASF56
 594 02d2 07       		.byte	0x7
 595 02d3 9A01     		.2byte	0x19a
 596 02d5 27020000 		.4byte	0x227
 597 02d9 14       		.byte	0x14
 598 02da 08       		.uleb128 0x8
 599 02db EE020000 		.4byte	.LASF57
 600 02df 07       		.byte	0x7
 601 02e0 9D01     		.2byte	0x19d
 602 02e2 27020000 		.4byte	0x227
 603 02e6 18       		.byte	0x18
 604 02e7 00       		.byte	0
 605 02e8 03       		.uleb128 0x3
 606 02e9 8E040000 		.4byte	.LASF58
 607 02ed 06       		.byte	0x6
 608 02ee 5C       		.byte	0x5c
 609 02ef F3020000 		.4byte	0x2f3
 610 02f3 09       		.uleb128 0x9
 611 02f4 04       		.byte	0x4
 612 02f5 F9020000 		.4byte	0x2f9
 613 02f9 0B       		.uleb128 0xb
 614 02fa 04030000 		.4byte	0x304
 615 02fe 0C       		.uleb128 0xc
 616 02ff 04030000 		.4byte	0x304
 617 0303 00       		.byte	0
 618 0304 0D       		.uleb128 0xd
 619 0305 04       		.byte	0x4
 620 0306 03       		.uleb128 0x3
 621 0307 13030000 		.4byte	.LASF59
 622 030b 06       		.byte	0x6
 623 030c 61       		.byte	0x61
ARM GAS  /tmp/cccgDY06.s 			page 19


 624 030d 11030000 		.4byte	0x311
 625 0311 0A       		.uleb128 0xa
 626 0312 AD030000 		.4byte	.LASF60
 627 0316 14       		.byte	0x14
 628 0317 07       		.byte	0x7
 629 0318 6D01     		.2byte	0x16d
 630 031a 60030000 		.4byte	0x360
 631 031e 08       		.uleb128 0x8
 632 031f 93010000 		.4byte	.LASF61
 633 0323 07       		.byte	0x7
 634 0324 6E01     		.2byte	0x16e
 635 0326 F4050000 		.4byte	0x5f4
 636 032a 00       		.byte	0
 637 032b 08       		.uleb128 0x8
 638 032c 42010000 		.4byte	.LASF62
 639 0330 07       		.byte	0x7
 640 0331 6F01     		.2byte	0x16f
 641 0333 F4050000 		.4byte	0x5f4
 642 0337 04       		.byte	0x4
 643 0338 08       		.uleb128 0x8
 644 0339 EE030000 		.4byte	.LASF63
 645 033d 07       		.byte	0x7
 646 033e 7001     		.2byte	0x170
 647 0340 26010000 		.4byte	0x126
 648 0344 08       		.byte	0x8
 649 0345 08       		.uleb128 0x8
 650 0346 27060000 		.4byte	.LASF64
 651 034a 07       		.byte	0x7
 652 034b 7101     		.2byte	0x171
 653 034d E8020000 		.4byte	0x2e8
 654 0351 0C       		.byte	0xc
 655 0352 08       		.uleb128 0x8
 656 0353 C3040000 		.4byte	.LASF65
 657 0357 07       		.byte	0x7
 658 0358 7301     		.2byte	0x173
 659 035a 04030000 		.4byte	0x304
 660 035e 10       		.byte	0x10
 661 035f 00       		.byte	0
 662 0360 03       		.uleb128 0x3
 663 0361 8D000000 		.4byte	.LASF66
 664 0365 06       		.byte	0x6
 665 0366 66       		.byte	0x66
 666 0367 6B030000 		.4byte	0x36b
 667 036b 0A       		.uleb128 0xa
 668 036c A0020000 		.4byte	.LASF67
 669 0370 10       		.byte	0x10
 670 0371 07       		.byte	0x7
 671 0372 7D01     		.2byte	0x17d
 672 0374 AD030000 		.4byte	0x3ad
 673 0378 08       		.uleb128 0x8
 674 0379 93010000 		.4byte	.LASF61
 675 037d 07       		.byte	0x7
 676 037e 7E01     		.2byte	0x17e
 677 0380 F4050000 		.4byte	0x5f4
 678 0384 00       		.byte	0
 679 0385 08       		.uleb128 0x8
 680 0386 42010000 		.4byte	.LASF62
ARM GAS  /tmp/cccgDY06.s 			page 20


 681 038a 07       		.byte	0x7
 682 038b 8001     		.2byte	0x180
 683 038d F4050000 		.4byte	0x5f4
 684 0391 04       		.byte	0x4
 685 0392 08       		.uleb128 0x8
 686 0393 EE030000 		.4byte	.LASF63
 687 0397 07       		.byte	0x7
 688 0398 8201     		.2byte	0x182
 689 039a 26010000 		.4byte	0x126
 690 039e 08       		.byte	0x8
 691 039f 08       		.uleb128 0x8
 692 03a0 B7020000 		.4byte	.LASF68
 693 03a4 07       		.byte	0x7
 694 03a5 8A01     		.2byte	0x18a
 695 03a7 26010000 		.4byte	0x126
 696 03ab 0C       		.byte	0xc
 697 03ac 00       		.byte	0
 698 03ad 03       		.uleb128 0x3
 699 03ae A2010000 		.4byte	.LASF69
 700 03b2 06       		.byte	0x6
 701 03b3 6B       		.byte	0x6b
 702 03b4 B8030000 		.4byte	0x3b8
 703 03b8 0A       		.uleb128 0xa
 704 03b9 32030000 		.4byte	.LASF70
 705 03bd 04       		.byte	0x4
 706 03be 07       		.byte	0x7
 707 03bf A401     		.2byte	0x1a4
 708 03c1 D3030000 		.4byte	0x3d3
 709 03c5 08       		.uleb128 0x8
 710 03c6 A2040000 		.4byte	.LASF71
 711 03ca 07       		.byte	0x7
 712 03cb AC01     		.2byte	0x1ac
 713 03cd FA050000 		.4byte	0x5fa
 714 03d1 00       		.byte	0
 715 03d2 00       		.byte	0
 716 03d3 03       		.uleb128 0x3
 717 03d4 37020000 		.4byte	.LASF72
 718 03d8 06       		.byte	0x6
 719 03d9 70       		.byte	0x70
 720 03da DE030000 		.4byte	0x3de
 721 03de 0E       		.uleb128 0xe
 722 03df FE000000 		.4byte	.LASF73
 723 03e3 5001     		.2byte	0x150
 724 03e5 07       		.byte	0x7
 725 03e6 C401     		.2byte	0x1c4
 726 03e8 3A040000 		.4byte	0x43a
 727 03ec 08       		.uleb128 0x8
 728 03ed EA040000 		.4byte	.LASF74
 729 03f1 07       		.byte	0x7
 730 03f2 C801     		.2byte	0x1c8
 731 03f4 81020000 		.4byte	0x281
 732 03f8 00       		.byte	0
 733 03f9 08       		.uleb128 0x8
 734 03fa 4A010000 		.4byte	.LASF75
 735 03fe 07       		.byte	0x7
 736 03ff CC01     		.2byte	0x1cc
 737 0401 60030000 		.4byte	0x360
ARM GAS  /tmp/cccgDY06.s 			page 21


 738 0405 1C       		.byte	0x1c
 739 0406 07       		.uleb128 0x7
 740 0407 64626700 		.ascii	"dbg\000"
 741 040b 07       		.byte	0x7
 742 040c D001     		.2byte	0x1d0
 743 040e AD030000 		.4byte	0x3ad
 744 0412 2C       		.byte	0x2c
 745 0413 08       		.uleb128 0x8
 746 0414 7A000000 		.4byte	.LASF76
 747 0418 07       		.byte	0x7
 748 0419 D401     		.2byte	0x1d4
 749 041b 31010000 		.4byte	0x131
 750 041f 30       		.byte	0x30
 751 0420 07       		.uleb128 0x7
 752 0421 746D00   		.ascii	"tm\000"
 753 0424 07       		.byte	0x7
 754 0425 D901     		.2byte	0x1d9
 755 0427 06050000 		.4byte	0x506
 756 042b 70       		.byte	0x70
 757 042c 08       		.uleb128 0x8
 758 042d 71010000 		.4byte	.LASF77
 759 0431 07       		.byte	0x7
 760 0432 E501     		.2byte	0x1e5
 761 0434 FF050000 		.4byte	0x5ff
 762 0438 78       		.byte	0x78
 763 0439 00       		.byte	0
 764 043a 04       		.uleb128 0x4
 765 043b 04       		.byte	0x4
 766 043c 07       		.byte	0x7
 767 043d 84020000 		.4byte	.LASF78
 768 0441 03       		.uleb128 0x3
 769 0442 39010000 		.4byte	.LASF79
 770 0446 08       		.byte	0x8
 771 0447 65       		.byte	0x65
 772 0448 04030000 		.4byte	0x304
 773 044c 03       		.uleb128 0x3
 774 044d 6F020000 		.4byte	.LASF80
 775 0451 08       		.byte	0x8
 776 0452 6D       		.byte	0x6d
 777 0453 C3000000 		.4byte	0xc3
 778 0457 05       		.uleb128 0x5
 779 0458 B3040000 		.4byte	.LASF81
 780 045c 04       		.byte	0x4
 781 045d 08       		.byte	0x8
 782 045e 89       		.byte	0x89
 783 045f 70040000 		.4byte	0x470
 784 0463 0F       		.uleb128 0xf
 785 0464 72313300 		.ascii	"r13\000"
 786 0468 08       		.byte	0x8
 787 0469 8A       		.byte	0x8a
 788 046a EB040000 		.4byte	0x4eb
 789 046e 00       		.byte	0
 790 046f 00       		.byte	0
 791 0470 05       		.uleb128 0x5
 792 0471 41000000 		.4byte	.LASF82
 793 0475 24       		.byte	0x24
 794 0476 09       		.byte	0x9
ARM GAS  /tmp/cccgDY06.s 			page 22


 795 0477 FD       		.byte	0xfd
 796 0478 EB040000 		.4byte	0x4eb
 797 047c 07       		.uleb128 0x7
 798 047d 723400   		.ascii	"r4\000"
 799 0480 09       		.byte	0x9
 800 0481 1001     		.2byte	0x110
 801 0483 41040000 		.4byte	0x441
 802 0487 00       		.byte	0
 803 0488 07       		.uleb128 0x7
 804 0489 723500   		.ascii	"r5\000"
 805 048c 09       		.byte	0x9
 806 048d 1101     		.2byte	0x111
 807 048f 41040000 		.4byte	0x441
 808 0493 04       		.byte	0x4
 809 0494 07       		.uleb128 0x7
 810 0495 723600   		.ascii	"r6\000"
 811 0498 09       		.byte	0x9
 812 0499 1201     		.2byte	0x112
 813 049b 41040000 		.4byte	0x441
 814 049f 08       		.byte	0x8
 815 04a0 07       		.uleb128 0x7
 816 04a1 723700   		.ascii	"r7\000"
 817 04a4 09       		.byte	0x9
 818 04a5 1301     		.2byte	0x113
 819 04a7 41040000 		.4byte	0x441
 820 04ab 0C       		.byte	0xc
 821 04ac 07       		.uleb128 0x7
 822 04ad 723800   		.ascii	"r8\000"
 823 04b0 09       		.byte	0x9
 824 04b1 1401     		.2byte	0x114
 825 04b3 41040000 		.4byte	0x441
 826 04b7 10       		.byte	0x10
 827 04b8 07       		.uleb128 0x7
 828 04b9 723900   		.ascii	"r9\000"
 829 04bc 09       		.byte	0x9
 830 04bd 1501     		.2byte	0x115
 831 04bf 41040000 		.4byte	0x441
 832 04c3 14       		.byte	0x14
 833 04c4 07       		.uleb128 0x7
 834 04c5 72313000 		.ascii	"r10\000"
 835 04c9 09       		.byte	0x9
 836 04ca 1601     		.2byte	0x116
 837 04cc 41040000 		.4byte	0x441
 838 04d0 18       		.byte	0x18
 839 04d1 07       		.uleb128 0x7
 840 04d2 72313100 		.ascii	"r11\000"
 841 04d6 09       		.byte	0x9
 842 04d7 1701     		.2byte	0x117
 843 04d9 41040000 		.4byte	0x441
 844 04dd 1C       		.byte	0x1c
 845 04de 07       		.uleb128 0x7
 846 04df 6C7200   		.ascii	"lr\000"
 847 04e2 09       		.byte	0x9
 848 04e3 1801     		.2byte	0x118
 849 04e5 41040000 		.4byte	0x441
 850 04e9 20       		.byte	0x20
 851 04ea 00       		.byte	0
ARM GAS  /tmp/cccgDY06.s 			page 23


 852 04eb 09       		.uleb128 0x9
 853 04ec 04       		.byte	0x4
 854 04ed 70040000 		.4byte	0x470
 855 04f1 10       		.uleb128 0x10
 856 04f2 04       		.byte	0x4
 857 04f3 0A       		.byte	0xa
 858 04f4 38       		.byte	0x38
 859 04f5 06050000 		.4byte	0x506
 860 04f9 06       		.uleb128 0x6
 861 04fa AC040000 		.4byte	.LASF83
 862 04fe 0A       		.byte	0xa
 863 04ff 3C       		.byte	0x3c
 864 0500 CE000000 		.4byte	0xce
 865 0504 00       		.byte	0
 866 0505 00       		.byte	0
 867 0506 03       		.uleb128 0x3
 868 0507 D1020000 		.4byte	.LASF84
 869 050b 0A       		.byte	0xa
 870 050c 3D       		.byte	0x3d
 871 050d F1040000 		.4byte	0x4f1
 872 0511 11       		.uleb128 0x11
 873 0512 04       		.byte	0x4
 874 0513 07       		.byte	0x7
 875 0514 FA       		.byte	0xfa
 876 0515 7A050000 		.4byte	0x57a
 877 0519 12       		.uleb128 0x12
 878 051a 27000000 		.4byte	.LASF85
 879 051e 07       		.byte	0x7
 880 051f 0101     		.2byte	0x101
 881 0521 05010000 		.4byte	0x105
 882 0525 12       		.uleb128 0x12
 883 0526 71000000 		.4byte	.LASF86
 884 052a 07       		.byte	0x7
 885 052b 0801     		.2byte	0x108
 886 052d 05010000 		.4byte	0x105
 887 0531 12       		.uleb128 0x12
 888 0532 D8050000 		.4byte	.LASF87
 889 0536 07       		.byte	0x7
 890 0537 0F01     		.2byte	0x10f
 891 0539 04030000 		.4byte	0x304
 892 053d 12       		.uleb128 0x12
 893 053e F8000000 		.4byte	.LASF88
 894 0542 07       		.byte	0x7
 895 0543 1601     		.2byte	0x116
 896 0545 7A050000 		.4byte	0x57a
 897 0549 12       		.uleb128 0x12
 898 054a 85000000 		.4byte	.LASF89
 899 054e 07       		.byte	0x7
 900 054f 1B01     		.2byte	0x11b
 901 0551 05010000 		.4byte	0x105
 902 0555 12       		.uleb128 0x12
 903 0556 9B010000 		.4byte	.LASF90
 904 055a 07       		.byte	0x7
 905 055b 2401     		.2byte	0x124
 906 055d A5050000 		.4byte	0x5a5
 907 0561 12       		.uleb128 0x12
 908 0562 DF030000 		.4byte	.LASF91
ARM GAS  /tmp/cccgDY06.s 			page 24


 909 0566 07       		.byte	0x7
 910 0567 2D01     		.2byte	0x12d
 911 0569 DC050000 		.4byte	0x5dc
 912 056d 12       		.uleb128 0x12
 913 056e 97030000 		.4byte	.LASF92
 914 0572 07       		.byte	0x7
 915 0573 3501     		.2byte	0x135
 916 0575 10010000 		.4byte	0x110
 917 0579 00       		.byte	0
 918 057a 09       		.uleb128 0x9
 919 057b 04       		.byte	0x4
 920 057c 1C020000 		.4byte	0x21c
 921 0580 05       		.uleb128 0x5
 922 0581 BE030000 		.4byte	.LASF93
 923 0585 0C       		.byte	0xc
 924 0586 0B       		.byte	0xb
 925 0587 34       		.byte	0x34
 926 0588 A5050000 		.4byte	0x5a5
 927 058c 06       		.uleb128 0x6
 928 058d 29010000 		.4byte	.LASF94
 929 0591 0B       		.byte	0xb
 930 0592 35       		.byte	0x35
 931 0593 51020000 		.4byte	0x251
 932 0597 00       		.byte	0
 933 0598 06       		.uleb128 0x6
 934 0599 C4010000 		.4byte	.LASF95
 935 059d 0B       		.byte	0xb
 936 059e 37       		.byte	0x37
 937 059f 1B010000 		.4byte	0x11b
 938 05a3 08       		.byte	0x8
 939 05a4 00       		.byte	0
 940 05a5 09       		.uleb128 0x9
 941 05a6 04       		.byte	0x4
 942 05a7 80050000 		.4byte	0x580
 943 05ab 05       		.uleb128 0x5
 944 05ac DA040000 		.4byte	.LASF96
 945 05b0 10       		.byte	0x10
 946 05b1 0C       		.byte	0xc
 947 05b2 39       		.byte	0x39
 948 05b3 DC050000 		.4byte	0x5dc
 949 05b7 06       		.uleb128 0x6
 950 05b8 EA000000 		.4byte	.LASF97
 951 05bc 0C       		.byte	0xc
 952 05bd 3A       		.byte	0x3a
 953 05be 51020000 		.4byte	0x251
 954 05c2 00       		.byte	0
 955 05c3 06       		.uleb128 0x6
 956 05c4 06060000 		.4byte	.LASF98
 957 05c8 0C       		.byte	0xc
 958 05c9 3C       		.byte	0x3c
 959 05ca 27020000 		.4byte	0x227
 960 05ce 08       		.byte	0x8
 961 05cf 06       		.uleb128 0x6
 962 05d0 72040000 		.4byte	.LASF99
 963 05d4 0C       		.byte	0xc
 964 05d5 3E       		.byte	0x3e
 965 05d6 1A060000 		.4byte	0x61a
ARM GAS  /tmp/cccgDY06.s 			page 25


 966 05da 0C       		.byte	0xc
 967 05db 00       		.byte	0
 968 05dc 09       		.uleb128 0x9
 969 05dd 04       		.byte	0x4
 970 05de AB050000 		.4byte	0x5ab
 971 05e2 09       		.uleb128 0x9
 972 05e3 04       		.byte	0x4
 973 05e4 E8050000 		.4byte	0x5e8
 974 05e8 13       		.uleb128 0x13
 975 05e9 ED050000 		.4byte	0x5ed
 976 05ed 04       		.uleb128 0x4
 977 05ee 01       		.byte	0x1
 978 05ef 08       		.byte	0x8
 979 05f0 64040000 		.4byte	.LASF100
 980 05f4 09       		.uleb128 0x9
 981 05f5 04       		.byte	0x4
 982 05f6 06030000 		.4byte	0x306
 983 05fa 14       		.uleb128 0x14
 984 05fb E2050000 		.4byte	0x5e2
 985 05ff 15       		.uleb128 0x15
 986 0600 4C040000 		.4byte	0x44c
 987 0604 0F060000 		.4byte	0x60f
 988 0608 16       		.uleb128 0x16
 989 0609 3A040000 		.4byte	0x43a
 990 060d 1A       		.byte	0x1a
 991 060e 00       		.byte	0
 992 060f 03       		.uleb128 0x3
 993 0610 62010000 		.4byte	.LASF101
 994 0614 0C       		.byte	0xc
 995 0615 34       		.byte	0x34
 996 0616 AB050000 		.4byte	0x5ab
 997 061a 09       		.uleb128 0x9
 998 061b 04       		.byte	0x4
 999 061c 0F060000 		.4byte	0x60f
 1000 0620 04       		.uleb128 0x4
 1001 0621 01       		.byte	0x1
 1002 0622 02       		.byte	0x2
 1003 0623 42030000 		.4byte	.LASF102
 1004 0627 10       		.uleb128 0x10
 1005 0628 1C       		.byte	0x1c
 1006 0629 0D       		.byte	0xd
 1007 062a F5       		.byte	0xf5
 1008 062b 86060000 		.4byte	0x686
 1009 062f 06       		.uleb128 0x6
 1010 0630 F2000000 		.4byte	.LASF103
 1011 0634 0D       		.byte	0xd
 1012 0635 F7       		.byte	0xf7
 1013 0636 B8000000 		.4byte	0xb8
 1014 063a 00       		.byte	0
 1015 063b 06       		.uleb128 0x6
 1016 063c 4D000000 		.4byte	.LASF104
 1017 0640 0D       		.byte	0xd
 1018 0641 F9       		.byte	0xf9
 1019 0642 B8000000 		.4byte	0xb8
 1020 0646 04       		.byte	0x4
 1021 0647 06       		.uleb128 0x6
 1022 0648 BC010000 		.4byte	.LASF105
ARM GAS  /tmp/cccgDY06.s 			page 26


 1023 064c 0D       		.byte	0xd
 1024 064d FB       		.byte	0xfb
 1025 064e B8000000 		.4byte	0xb8
 1026 0652 08       		.byte	0x8
 1027 0653 06       		.uleb128 0x6
 1028 0654 6B000000 		.4byte	.LASF106
 1029 0658 0D       		.byte	0xd
 1030 0659 FD       		.byte	0xfd
 1031 065a B8000000 		.4byte	0xb8
 1032 065e 0C       		.byte	0xc
 1033 065f 0F       		.uleb128 0xf
 1034 0660 6F647200 		.ascii	"odr\000"
 1035 0664 0D       		.byte	0xd
 1036 0665 FF       		.byte	0xff
 1037 0666 B8000000 		.4byte	0xb8
 1038 066a 10       		.byte	0x10
 1039 066b 08       		.uleb128 0x8
 1040 066c 5E030000 		.4byte	.LASF107
 1041 0670 0D       		.byte	0xd
 1042 0671 0101     		.2byte	0x101
 1043 0673 B8000000 		.4byte	0xb8
 1044 0677 14       		.byte	0x14
 1045 0678 08       		.uleb128 0x8
 1046 0679 E2020000 		.4byte	.LASF108
 1047 067d 0D       		.byte	0xd
 1048 067e 0301     		.2byte	0x103
 1049 0680 B8000000 		.4byte	0xb8
 1050 0684 18       		.byte	0x18
 1051 0685 00       		.byte	0
 1052 0686 17       		.uleb128 0x17
 1053 0687 00000000 		.4byte	.LASF109
 1054 068b 0D       		.byte	0xd
 1055 068c 0401     		.2byte	0x104
 1056 068e 27060000 		.4byte	0x627
 1057 0692 18       		.uleb128 0x18
 1058 0693 A8       		.byte	0xa8
 1059 0694 0D       		.byte	0xd
 1060 0695 0D01     		.2byte	0x10d
 1061 0697 EA060000 		.4byte	0x6ea
 1062 069b 08       		.uleb128 0x8
 1063 069c 90030000 		.4byte	.LASF110
 1064 06a0 0D       		.byte	0xd
 1065 06a1 1001     		.2byte	0x110
 1066 06a3 86060000 		.4byte	0x686
 1067 06a7 00       		.byte	0
 1068 06a8 08       		.uleb128 0x8
 1069 06a9 6A010000 		.4byte	.LASF111
 1070 06ad 0D       		.byte	0xd
 1071 06ae 1401     		.2byte	0x114
 1072 06b0 86060000 		.4byte	0x686
 1073 06b4 1C       		.byte	0x1c
 1074 06b5 08       		.uleb128 0x8
 1075 06b6 E6050000 		.4byte	.LASF112
 1076 06ba 0D       		.byte	0xd
 1077 06bb 1801     		.2byte	0x118
 1078 06bd 86060000 		.4byte	0x686
 1079 06c1 38       		.byte	0x38
ARM GAS  /tmp/cccgDY06.s 			page 27


 1080 06c2 08       		.uleb128 0x8
 1081 06c3 E7020000 		.4byte	.LASF113
 1082 06c7 0D       		.byte	0xd
 1083 06c8 1C01     		.2byte	0x11c
 1084 06ca 86060000 		.4byte	0x686
 1085 06ce 54       		.byte	0x54
 1086 06cf 08       		.uleb128 0x8
 1087 06d0 11010000 		.4byte	.LASF114
 1088 06d4 0D       		.byte	0xd
 1089 06d5 2001     		.2byte	0x120
 1090 06d7 86060000 		.4byte	0x686
 1091 06db 70       		.byte	0x70
 1092 06dc 08       		.uleb128 0x8
 1093 06dd EA010000 		.4byte	.LASF115
 1094 06e1 0D       		.byte	0xd
 1095 06e2 2401     		.2byte	0x124
 1096 06e4 86060000 		.4byte	0x686
 1097 06e8 8C       		.byte	0x8c
 1098 06e9 00       		.byte	0
 1099 06ea 17       		.uleb128 0x17
 1100 06eb FC050000 		.4byte	.LASF116
 1101 06ef 0D       		.byte	0xd
 1102 06f0 3A01     		.2byte	0x13a
 1103 06f2 92060000 		.4byte	0x692
 1104 06f6 19       		.uleb128 0x19
 1105 06f7 CA010000 		.4byte	.LASF122
 1106 06fb 01       		.byte	0x1
 1107 06fc 46       		.byte	0x46
 1108 06fd 00000000 		.4byte	.LFB272
 1109 0701 04000000 		.4byte	.LFE272-.LFB272
 1110 0705 01       		.uleb128 0x1
 1111 0706 9C       		.byte	0x9c
 1112 0707 15070000 		.4byte	0x715
 1113 070b 1A       		.uleb128 0x1a
 1114 070c 04000000 		.4byte	.LVL0
 1115 0710 58070000 		.4byte	0x758
 1116 0714 00       		.byte	0
 1117 0715 1B       		.uleb128 0x1b
 1118 0716 7F030000 		.4byte	.LASF123
 1119 071a 01       		.byte	0x1
 1120 071b 7B       		.byte	0x7b
 1121 071c 00000000 		.4byte	.LFB273
 1122 0720 02000000 		.4byte	.LFE273-.LFB273
 1123 0724 01       		.uleb128 0x1
 1124 0725 9C       		.byte	0x9c
 1125 0726 1C       		.uleb128 0x1c
 1126 0727 A3000000 		.4byte	.LASF117
 1127 072b 0E       		.byte	0xe
 1128 072c FA06     		.2byte	0x6fa
 1129 072e 32070000 		.4byte	0x732
 1130 0732 14       		.uleb128 0x14
 1131 0733 AD000000 		.4byte	0xad
 1132 0737 1D       		.uleb128 0x1d
 1133 0738 636800   		.ascii	"ch\000"
 1134 073b 07       		.byte	0x7
 1135 073c 0B02     		.2byte	0x20b
 1136 073e D3030000 		.4byte	0x3d3
ARM GAS  /tmp/cccgDY06.s 			page 28


 1137 0742 1E       		.uleb128 0x1e
 1138 0743 0E060000 		.4byte	.LASF118
 1139 0747 01       		.byte	0x1
 1140 0748 19       		.byte	0x19
 1141 0749 53070000 		.4byte	0x753
 1142 074d 05       		.uleb128 0x5
 1143 074e 03       		.byte	0x3
 1144 074f 00000000 		.4byte	pal_default_config
 1145 0753 13       		.uleb128 0x13
 1146 0754 EA060000 		.4byte	0x6ea
 1147 0758 1F       		.uleb128 0x1f
 1148 0759 51010000 		.4byte	.LASF124
 1149 075d 0F       		.byte	0xf
 1150 075e 8304     		.2byte	0x483
 1151 0760 00       		.byte	0
 1152              		.section	.debug_abbrev,"",%progbits
 1153              	.Ldebug_abbrev0:
 1154 0000 01       		.uleb128 0x1
 1155 0001 11       		.uleb128 0x11
 1156 0002 01       		.byte	0x1
 1157 0003 25       		.uleb128 0x25
 1158 0004 0E       		.uleb128 0xe
 1159 0005 13       		.uleb128 0x13
 1160 0006 0B       		.uleb128 0xb
 1161 0007 03       		.uleb128 0x3
 1162 0008 0E       		.uleb128 0xe
 1163 0009 1B       		.uleb128 0x1b
 1164 000a 0E       		.uleb128 0xe
 1165 000b 55       		.uleb128 0x55
 1166 000c 17       		.uleb128 0x17
 1167 000d 11       		.uleb128 0x11
 1168 000e 01       		.uleb128 0x1
 1169 000f 10       		.uleb128 0x10
 1170 0010 17       		.uleb128 0x17
 1171 0011 00       		.byte	0
 1172 0012 00       		.byte	0
 1173 0013 02       		.uleb128 0x2
 1174 0014 24       		.uleb128 0x24
 1175 0015 00       		.byte	0
 1176 0016 0B       		.uleb128 0xb
 1177 0017 0B       		.uleb128 0xb
 1178 0018 3E       		.uleb128 0x3e
 1179 0019 0B       		.uleb128 0xb
 1180 001a 03       		.uleb128 0x3
 1181 001b 08       		.uleb128 0x8
 1182 001c 00       		.byte	0
 1183 001d 00       		.byte	0
 1184 001e 03       		.uleb128 0x3
 1185 001f 16       		.uleb128 0x16
 1186 0020 00       		.byte	0
 1187 0021 03       		.uleb128 0x3
 1188 0022 0E       		.uleb128 0xe
 1189 0023 3A       		.uleb128 0x3a
 1190 0024 0B       		.uleb128 0xb
 1191 0025 3B       		.uleb128 0x3b
 1192 0026 0B       		.uleb128 0xb
 1193 0027 49       		.uleb128 0x49
ARM GAS  /tmp/cccgDY06.s 			page 29


 1194 0028 13       		.uleb128 0x13
 1195 0029 00       		.byte	0
 1196 002a 00       		.byte	0
 1197 002b 04       		.uleb128 0x4
 1198 002c 24       		.uleb128 0x24
 1199 002d 00       		.byte	0
 1200 002e 0B       		.uleb128 0xb
 1201 002f 0B       		.uleb128 0xb
 1202 0030 3E       		.uleb128 0x3e
 1203 0031 0B       		.uleb128 0xb
 1204 0032 03       		.uleb128 0x3
 1205 0033 0E       		.uleb128 0xe
 1206 0034 00       		.byte	0
 1207 0035 00       		.byte	0
 1208 0036 05       		.uleb128 0x5
 1209 0037 13       		.uleb128 0x13
 1210 0038 01       		.byte	0x1
 1211 0039 03       		.uleb128 0x3
 1212 003a 0E       		.uleb128 0xe
 1213 003b 0B       		.uleb128 0xb
 1214 003c 0B       		.uleb128 0xb
 1215 003d 3A       		.uleb128 0x3a
 1216 003e 0B       		.uleb128 0xb
 1217 003f 3B       		.uleb128 0x3b
 1218 0040 0B       		.uleb128 0xb
 1219 0041 01       		.uleb128 0x1
 1220 0042 13       		.uleb128 0x13
 1221 0043 00       		.byte	0
 1222 0044 00       		.byte	0
 1223 0045 06       		.uleb128 0x6
 1224 0046 0D       		.uleb128 0xd
 1225 0047 00       		.byte	0
 1226 0048 03       		.uleb128 0x3
 1227 0049 0E       		.uleb128 0xe
 1228 004a 3A       		.uleb128 0x3a
 1229 004b 0B       		.uleb128 0xb
 1230 004c 3B       		.uleb128 0x3b
 1231 004d 0B       		.uleb128 0xb
 1232 004e 49       		.uleb128 0x49
 1233 004f 13       		.uleb128 0x13
 1234 0050 38       		.uleb128 0x38
 1235 0051 0B       		.uleb128 0xb
 1236 0052 00       		.byte	0
 1237 0053 00       		.byte	0
 1238 0054 07       		.uleb128 0x7
 1239 0055 0D       		.uleb128 0xd
 1240 0056 00       		.byte	0
 1241 0057 03       		.uleb128 0x3
 1242 0058 08       		.uleb128 0x8
 1243 0059 3A       		.uleb128 0x3a
 1244 005a 0B       		.uleb128 0xb
 1245 005b 3B       		.uleb128 0x3b
 1246 005c 05       		.uleb128 0x5
 1247 005d 49       		.uleb128 0x49
 1248 005e 13       		.uleb128 0x13
 1249 005f 38       		.uleb128 0x38
 1250 0060 0B       		.uleb128 0xb
ARM GAS  /tmp/cccgDY06.s 			page 30


 1251 0061 00       		.byte	0
 1252 0062 00       		.byte	0
 1253 0063 08       		.uleb128 0x8
 1254 0064 0D       		.uleb128 0xd
 1255 0065 00       		.byte	0
 1256 0066 03       		.uleb128 0x3
 1257 0067 0E       		.uleb128 0xe
 1258 0068 3A       		.uleb128 0x3a
 1259 0069 0B       		.uleb128 0xb
 1260 006a 3B       		.uleb128 0x3b
 1261 006b 05       		.uleb128 0x5
 1262 006c 49       		.uleb128 0x49
 1263 006d 13       		.uleb128 0x13
 1264 006e 38       		.uleb128 0x38
 1265 006f 0B       		.uleb128 0xb
 1266 0070 00       		.byte	0
 1267 0071 00       		.byte	0
 1268 0072 09       		.uleb128 0x9
 1269 0073 0F       		.uleb128 0xf
 1270 0074 00       		.byte	0
 1271 0075 0B       		.uleb128 0xb
 1272 0076 0B       		.uleb128 0xb
 1273 0077 49       		.uleb128 0x49
 1274 0078 13       		.uleb128 0x13
 1275 0079 00       		.byte	0
 1276 007a 00       		.byte	0
 1277 007b 0A       		.uleb128 0xa
 1278 007c 13       		.uleb128 0x13
 1279 007d 01       		.byte	0x1
 1280 007e 03       		.uleb128 0x3
 1281 007f 0E       		.uleb128 0xe
 1282 0080 0B       		.uleb128 0xb
 1283 0081 0B       		.uleb128 0xb
 1284 0082 3A       		.uleb128 0x3a
 1285 0083 0B       		.uleb128 0xb
 1286 0084 3B       		.uleb128 0x3b
 1287 0085 05       		.uleb128 0x5
 1288 0086 01       		.uleb128 0x1
 1289 0087 13       		.uleb128 0x13
 1290 0088 00       		.byte	0
 1291 0089 00       		.byte	0
 1292 008a 0B       		.uleb128 0xb
 1293 008b 15       		.uleb128 0x15
 1294 008c 01       		.byte	0x1
 1295 008d 27       		.uleb128 0x27
 1296 008e 19       		.uleb128 0x19
 1297 008f 01       		.uleb128 0x1
 1298 0090 13       		.uleb128 0x13
 1299 0091 00       		.byte	0
 1300 0092 00       		.byte	0
 1301 0093 0C       		.uleb128 0xc
 1302 0094 05       		.uleb128 0x5
 1303 0095 00       		.byte	0
 1304 0096 49       		.uleb128 0x49
 1305 0097 13       		.uleb128 0x13
 1306 0098 00       		.byte	0
 1307 0099 00       		.byte	0
ARM GAS  /tmp/cccgDY06.s 			page 31


 1308 009a 0D       		.uleb128 0xd
 1309 009b 0F       		.uleb128 0xf
 1310 009c 00       		.byte	0
 1311 009d 0B       		.uleb128 0xb
 1312 009e 0B       		.uleb128 0xb
 1313 009f 00       		.byte	0
 1314 00a0 00       		.byte	0
 1315 00a1 0E       		.uleb128 0xe
 1316 00a2 13       		.uleb128 0x13
 1317 00a3 01       		.byte	0x1
 1318 00a4 03       		.uleb128 0x3
 1319 00a5 0E       		.uleb128 0xe
 1320 00a6 0B       		.uleb128 0xb
 1321 00a7 05       		.uleb128 0x5
 1322 00a8 3A       		.uleb128 0x3a
 1323 00a9 0B       		.uleb128 0xb
 1324 00aa 3B       		.uleb128 0x3b
 1325 00ab 05       		.uleb128 0x5
 1326 00ac 01       		.uleb128 0x1
 1327 00ad 13       		.uleb128 0x13
 1328 00ae 00       		.byte	0
 1329 00af 00       		.byte	0
 1330 00b0 0F       		.uleb128 0xf
 1331 00b1 0D       		.uleb128 0xd
 1332 00b2 00       		.byte	0
 1333 00b3 03       		.uleb128 0x3
 1334 00b4 08       		.uleb128 0x8
 1335 00b5 3A       		.uleb128 0x3a
 1336 00b6 0B       		.uleb128 0xb
 1337 00b7 3B       		.uleb128 0x3b
 1338 00b8 0B       		.uleb128 0xb
 1339 00b9 49       		.uleb128 0x49
 1340 00ba 13       		.uleb128 0x13
 1341 00bb 38       		.uleb128 0x38
 1342 00bc 0B       		.uleb128 0xb
 1343 00bd 00       		.byte	0
 1344 00be 00       		.byte	0
 1345 00bf 10       		.uleb128 0x10
 1346 00c0 13       		.uleb128 0x13
 1347 00c1 01       		.byte	0x1
 1348 00c2 0B       		.uleb128 0xb
 1349 00c3 0B       		.uleb128 0xb
 1350 00c4 3A       		.uleb128 0x3a
 1351 00c5 0B       		.uleb128 0xb
 1352 00c6 3B       		.uleb128 0x3b
 1353 00c7 0B       		.uleb128 0xb
 1354 00c8 01       		.uleb128 0x1
 1355 00c9 13       		.uleb128 0x13
 1356 00ca 00       		.byte	0
 1357 00cb 00       		.byte	0
 1358 00cc 11       		.uleb128 0x11
 1359 00cd 17       		.uleb128 0x17
 1360 00ce 01       		.byte	0x1
 1361 00cf 0B       		.uleb128 0xb
 1362 00d0 0B       		.uleb128 0xb
 1363 00d1 3A       		.uleb128 0x3a
 1364 00d2 0B       		.uleb128 0xb
ARM GAS  /tmp/cccgDY06.s 			page 32


 1365 00d3 3B       		.uleb128 0x3b
 1366 00d4 0B       		.uleb128 0xb
 1367 00d5 01       		.uleb128 0x1
 1368 00d6 13       		.uleb128 0x13
 1369 00d7 00       		.byte	0
 1370 00d8 00       		.byte	0
 1371 00d9 12       		.uleb128 0x12
 1372 00da 0D       		.uleb128 0xd
 1373 00db 00       		.byte	0
 1374 00dc 03       		.uleb128 0x3
 1375 00dd 0E       		.uleb128 0xe
 1376 00de 3A       		.uleb128 0x3a
 1377 00df 0B       		.uleb128 0xb
 1378 00e0 3B       		.uleb128 0x3b
 1379 00e1 05       		.uleb128 0x5
 1380 00e2 49       		.uleb128 0x49
 1381 00e3 13       		.uleb128 0x13
 1382 00e4 00       		.byte	0
 1383 00e5 00       		.byte	0
 1384 00e6 13       		.uleb128 0x13
 1385 00e7 26       		.uleb128 0x26
 1386 00e8 00       		.byte	0
 1387 00e9 49       		.uleb128 0x49
 1388 00ea 13       		.uleb128 0x13
 1389 00eb 00       		.byte	0
 1390 00ec 00       		.byte	0
 1391 00ed 14       		.uleb128 0x14
 1392 00ee 35       		.uleb128 0x35
 1393 00ef 00       		.byte	0
 1394 00f0 49       		.uleb128 0x49
 1395 00f1 13       		.uleb128 0x13
 1396 00f2 00       		.byte	0
 1397 00f3 00       		.byte	0
 1398 00f4 15       		.uleb128 0x15
 1399 00f5 01       		.uleb128 0x1
 1400 00f6 01       		.byte	0x1
 1401 00f7 49       		.uleb128 0x49
 1402 00f8 13       		.uleb128 0x13
 1403 00f9 01       		.uleb128 0x1
 1404 00fa 13       		.uleb128 0x13
 1405 00fb 00       		.byte	0
 1406 00fc 00       		.byte	0
 1407 00fd 16       		.uleb128 0x16
 1408 00fe 21       		.uleb128 0x21
 1409 00ff 00       		.byte	0
 1410 0100 49       		.uleb128 0x49
 1411 0101 13       		.uleb128 0x13
 1412 0102 2F       		.uleb128 0x2f
 1413 0103 0B       		.uleb128 0xb
 1414 0104 00       		.byte	0
 1415 0105 00       		.byte	0
 1416 0106 17       		.uleb128 0x17
 1417 0107 16       		.uleb128 0x16
 1418 0108 00       		.byte	0
 1419 0109 03       		.uleb128 0x3
 1420 010a 0E       		.uleb128 0xe
 1421 010b 3A       		.uleb128 0x3a
ARM GAS  /tmp/cccgDY06.s 			page 33


 1422 010c 0B       		.uleb128 0xb
 1423 010d 3B       		.uleb128 0x3b
 1424 010e 05       		.uleb128 0x5
 1425 010f 49       		.uleb128 0x49
 1426 0110 13       		.uleb128 0x13
 1427 0111 00       		.byte	0
 1428 0112 00       		.byte	0
 1429 0113 18       		.uleb128 0x18
 1430 0114 13       		.uleb128 0x13
 1431 0115 01       		.byte	0x1
 1432 0116 0B       		.uleb128 0xb
 1433 0117 0B       		.uleb128 0xb
 1434 0118 3A       		.uleb128 0x3a
 1435 0119 0B       		.uleb128 0xb
 1436 011a 3B       		.uleb128 0x3b
 1437 011b 05       		.uleb128 0x5
 1438 011c 01       		.uleb128 0x1
 1439 011d 13       		.uleb128 0x13
 1440 011e 00       		.byte	0
 1441 011f 00       		.byte	0
 1442 0120 19       		.uleb128 0x19
 1443 0121 2E       		.uleb128 0x2e
 1444 0122 01       		.byte	0x1
 1445 0123 3F       		.uleb128 0x3f
 1446 0124 19       		.uleb128 0x19
 1447 0125 03       		.uleb128 0x3
 1448 0126 0E       		.uleb128 0xe
 1449 0127 3A       		.uleb128 0x3a
 1450 0128 0B       		.uleb128 0xb
 1451 0129 3B       		.uleb128 0x3b
 1452 012a 0B       		.uleb128 0xb
 1453 012b 27       		.uleb128 0x27
 1454 012c 19       		.uleb128 0x19
 1455 012d 11       		.uleb128 0x11
 1456 012e 01       		.uleb128 0x1
 1457 012f 12       		.uleb128 0x12
 1458 0130 06       		.uleb128 0x6
 1459 0131 40       		.uleb128 0x40
 1460 0132 18       		.uleb128 0x18
 1461 0133 9742     		.uleb128 0x2117
 1462 0135 19       		.uleb128 0x19
 1463 0136 01       		.uleb128 0x1
 1464 0137 13       		.uleb128 0x13
 1465 0138 00       		.byte	0
 1466 0139 00       		.byte	0
 1467 013a 1A       		.uleb128 0x1a
 1468 013b 898201   		.uleb128 0x4109
 1469 013e 00       		.byte	0
 1470 013f 11       		.uleb128 0x11
 1471 0140 01       		.uleb128 0x1
 1472 0141 9542     		.uleb128 0x2115
 1473 0143 19       		.uleb128 0x19
 1474 0144 31       		.uleb128 0x31
 1475 0145 13       		.uleb128 0x13
 1476 0146 00       		.byte	0
 1477 0147 00       		.byte	0
 1478 0148 1B       		.uleb128 0x1b
ARM GAS  /tmp/cccgDY06.s 			page 34


 1479 0149 2E       		.uleb128 0x2e
 1480 014a 00       		.byte	0
 1481 014b 3F       		.uleb128 0x3f
 1482 014c 19       		.uleb128 0x19
 1483 014d 03       		.uleb128 0x3
 1484 014e 0E       		.uleb128 0xe
 1485 014f 3A       		.uleb128 0x3a
 1486 0150 0B       		.uleb128 0xb
 1487 0151 3B       		.uleb128 0x3b
 1488 0152 0B       		.uleb128 0xb
 1489 0153 27       		.uleb128 0x27
 1490 0154 19       		.uleb128 0x19
 1491 0155 11       		.uleb128 0x11
 1492 0156 01       		.uleb128 0x1
 1493 0157 12       		.uleb128 0x12
 1494 0158 06       		.uleb128 0x6
 1495 0159 40       		.uleb128 0x40
 1496 015a 18       		.uleb128 0x18
 1497 015b 9742     		.uleb128 0x2117
 1498 015d 19       		.uleb128 0x19
 1499 015e 00       		.byte	0
 1500 015f 00       		.byte	0
 1501 0160 1C       		.uleb128 0x1c
 1502 0161 34       		.uleb128 0x34
 1503 0162 00       		.byte	0
 1504 0163 03       		.uleb128 0x3
 1505 0164 0E       		.uleb128 0xe
 1506 0165 3A       		.uleb128 0x3a
 1507 0166 0B       		.uleb128 0xb
 1508 0167 3B       		.uleb128 0x3b
 1509 0168 05       		.uleb128 0x5
 1510 0169 49       		.uleb128 0x49
 1511 016a 13       		.uleb128 0x13
 1512 016b 3F       		.uleb128 0x3f
 1513 016c 19       		.uleb128 0x19
 1514 016d 3C       		.uleb128 0x3c
 1515 016e 19       		.uleb128 0x19
 1516 016f 00       		.byte	0
 1517 0170 00       		.byte	0
 1518 0171 1D       		.uleb128 0x1d
 1519 0172 34       		.uleb128 0x34
 1520 0173 00       		.byte	0
 1521 0174 03       		.uleb128 0x3
 1522 0175 08       		.uleb128 0x8
 1523 0176 3A       		.uleb128 0x3a
 1524 0177 0B       		.uleb128 0xb
 1525 0178 3B       		.uleb128 0x3b
 1526 0179 05       		.uleb128 0x5
 1527 017a 49       		.uleb128 0x49
 1528 017b 13       		.uleb128 0x13
 1529 017c 3F       		.uleb128 0x3f
 1530 017d 19       		.uleb128 0x19
 1531 017e 3C       		.uleb128 0x3c
 1532 017f 19       		.uleb128 0x19
 1533 0180 00       		.byte	0
 1534 0181 00       		.byte	0
 1535 0182 1E       		.uleb128 0x1e
ARM GAS  /tmp/cccgDY06.s 			page 35


 1536 0183 34       		.uleb128 0x34
 1537 0184 00       		.byte	0
 1538 0185 03       		.uleb128 0x3
 1539 0186 0E       		.uleb128 0xe
 1540 0187 3A       		.uleb128 0x3a
 1541 0188 0B       		.uleb128 0xb
 1542 0189 3B       		.uleb128 0x3b
 1543 018a 0B       		.uleb128 0xb
 1544 018b 49       		.uleb128 0x49
 1545 018c 13       		.uleb128 0x13
 1546 018d 3F       		.uleb128 0x3f
 1547 018e 19       		.uleb128 0x19
 1548 018f 02       		.uleb128 0x2
 1549 0190 18       		.uleb128 0x18
 1550 0191 00       		.byte	0
 1551 0192 00       		.byte	0
 1552 0193 1F       		.uleb128 0x1f
 1553 0194 2E       		.uleb128 0x2e
 1554 0195 00       		.byte	0
 1555 0196 3F       		.uleb128 0x3f
 1556 0197 19       		.uleb128 0x19
 1557 0198 03       		.uleb128 0x3
 1558 0199 0E       		.uleb128 0xe
 1559 019a 3A       		.uleb128 0x3a
 1560 019b 0B       		.uleb128 0xb
 1561 019c 3B       		.uleb128 0x3b
 1562 019d 05       		.uleb128 0x5
 1563 019e 27       		.uleb128 0x27
 1564 019f 19       		.uleb128 0x19
 1565 01a0 3C       		.uleb128 0x3c
 1566 01a1 19       		.uleb128 0x19
 1567 01a2 00       		.byte	0
 1568 01a3 00       		.byte	0
 1569 01a4 00       		.byte	0
 1570              		.section	.debug_aranges,"",%progbits
 1571 0000 24000000 		.4byte	0x24
 1572 0004 0200     		.2byte	0x2
 1573 0006 00000000 		.4byte	.Ldebug_info0
 1574 000a 04       		.byte	0x4
 1575 000b 00       		.byte	0
 1576 000c 0000     		.2byte	0
 1577 000e 0000     		.2byte	0
 1578 0010 00000000 		.4byte	.LFB272
 1579 0014 04000000 		.4byte	.LFE272-.LFB272
 1580 0018 00000000 		.4byte	.LFB273
 1581 001c 02000000 		.4byte	.LFE273-.LFB273
 1582 0020 00000000 		.4byte	0
 1583 0024 00000000 		.4byte	0
 1584              		.section	.debug_ranges,"",%progbits
 1585              	.Ldebug_ranges0:
 1586 0000 00000000 		.4byte	.LFB272
 1587 0004 04000000 		.4byte	.LFE272
 1588 0008 00000000 		.4byte	.LFB273
 1589 000c 02000000 		.4byte	.LFE273
 1590 0010 00000000 		.4byte	0
 1591 0014 00000000 		.4byte	0
 1592              		.section	.debug_line,"",%progbits
ARM GAS  /tmp/cccgDY06.s 			page 36


 1593              	.Ldebug_line0:
 1594 0000 54030000 		.section	.debug_str,"MS",%progbits,1
 1594      02002D03 
 1594      00000201 
 1594      FB0E0D00 
 1594      01010101 
 1595              	.LASF109:
 1596 0000 73746D33 		.ascii	"stm32_gpio_setup_t\000"
 1596      325F6770 
 1596      696F5F73 
 1596      65747570 
 1596      5F7400
 1597              	.LASF50:
 1598 0013 72656164 		.ascii	"ready_list_t\000"
 1598      795F6C69 
 1598      73745F74 
 1598      00
 1599              	.LASF2:
 1600 0020 73697A65 		.ascii	"size_t\000"
 1600      5F7400
 1601              	.LASF85:
 1602 0027 7264796D 		.ascii	"rdymsg\000"
 1602      736700
 1603              	.LASF17:
 1604 002e 75696E74 		.ascii	"uint64_t\000"
 1604      36345F74 
 1604      00
 1605              	.LASF3:
 1606 0037 5F5F7569 		.ascii	"__uint8_t\000"
 1606      6E74385F 
 1606      7400
 1607              	.LASF82:
 1608 0041 706F7274 		.ascii	"port_intctx\000"
 1608      5F696E74 
 1608      63747800 
 1609              	.LASF104:
 1610 004d 6F747970 		.ascii	"otyper\000"
 1610      657200
 1611              	.LASF13:
 1612 0054 6C6F6E67 		.ascii	"long long unsigned int\000"
 1612      206C6F6E 
 1612      6720756E 
 1612      7369676E 
 1612      65642069 
 1613              	.LASF106:
 1614 006b 70757064 		.ascii	"pupdr\000"
 1614      7200
 1615              	.LASF86:
 1616 0071 65786974 		.ascii	"exitcode\000"
 1616      636F6465 
 1616      00
 1617              	.LASF76:
 1618 007a 6D61696E 		.ascii	"mainthread\000"
 1618      74687265 
 1618      616400
 1619              	.LASF89:
 1620 0085 73656E74 		.ascii	"sentmsg\000"
ARM GAS  /tmp/cccgDY06.s 			page 37


 1620      6D736700 
 1621              	.LASF66:
 1622 008d 76697274 		.ascii	"virtual_timers_list_t\000"
 1622      75616C5F 
 1622      74696D65 
 1622      72735F6C 
 1622      6973745F 
 1623              	.LASF117:
 1624 00a3 49544D5F 		.ascii	"ITM_RxBuffer\000"
 1624      52784275 
 1624      66666572 
 1624      00
 1625              	.LASF49:
 1626 00b0 63685F74 		.ascii	"ch_threads_queue\000"
 1626      68726561 
 1626      64735F71 
 1626      75657565 
 1626      00
 1627              	.LASF30:
 1628 00c1 705F7072 		.ascii	"p_prio\000"
 1628      696F00
 1629              	.LASF11:
 1630 00c8 6C6F6E67 		.ascii	"long long int\000"
 1630      206C6F6E 
 1630      6720696E 
 1630      7400
 1631              	.LASF1:
 1632 00d6 7369676E 		.ascii	"signed char\000"
 1632      65642063 
 1632      68617200 
 1633              	.LASF43:
 1634 00e2 705F6D70 		.ascii	"p_mpool\000"
 1634      6F6F6C00 
 1635              	.LASF97:
 1636 00ea 6D5F7175 		.ascii	"m_queue\000"
 1636      65756500 
 1637              	.LASF103:
 1638 00f2 6D6F6465 		.ascii	"moder\000"
 1638      7200
 1639              	.LASF88:
 1640 00f8 77747472 		.ascii	"wttrp\000"
 1640      7000
 1641              	.LASF73:
 1642 00fe 63685F73 		.ascii	"ch_system\000"
 1642      79737465 
 1642      6D00
 1643              	.LASF8:
 1644 0108 6C6F6E67 		.ascii	"long int\000"
 1644      20696E74 
 1644      00
 1645              	.LASF114:
 1646 0111 50454461 		.ascii	"PEData\000"
 1646      746100
 1647              	.LASF20:
 1648 0118 74737461 		.ascii	"tstate_t\000"
 1648      74655F74 
 1648      00
ARM GAS  /tmp/cccgDY06.s 			page 38


 1649              	.LASF32:
 1650 0121 705F6E65 		.ascii	"p_newer\000"
 1650      77657200 
 1651              	.LASF94:
 1652 0129 735F7175 		.ascii	"s_queue\000"
 1652      65756500 
 1653              	.LASF55:
 1654 0131 725F6E65 		.ascii	"r_newer\000"
 1654      77657200 
 1655              	.LASF79:
 1656 0139 72656761 		.ascii	"regarm_t\000"
 1656      726D5F74 
 1656      00
 1657              	.LASF62:
 1658 0142 76745F70 		.ascii	"vt_prev\000"
 1658      72657600 
 1659              	.LASF75:
 1660 014a 76746C69 		.ascii	"vtlist\000"
 1660      737400
 1661              	.LASF124:
 1662 0151 73746D33 		.ascii	"stm32_clock_init\000"
 1662      325F636C 
 1662      6F636B5F 
 1662      696E6974 
 1662      00
 1663              	.LASF101:
 1664 0162 6D757465 		.ascii	"mutex_t\000"
 1664      785F7400 
 1665              	.LASF111:
 1666 016a 50424461 		.ascii	"PBData\000"
 1666      746100
 1667              	.LASF77:
 1668 0171 69646C65 		.ascii	"idle_thread_wa\000"
 1668      5F746872 
 1668      6561645F 
 1668      776100
 1669              	.LASF25:
 1670 0180 636E745F 		.ascii	"cnt_t\000"
 1670      7400
 1671              	.LASF0:
 1672 0186 756E7369 		.ascii	"unsigned int\000"
 1672      676E6564 
 1672      20696E74 
 1672      00
 1673              	.LASF61:
 1674 0193 76745F6E 		.ascii	"vt_next\000"
 1674      65787400 
 1675              	.LASF90:
 1676 019b 77747365 		.ascii	"wtsemp\000"
 1676      6D7000
 1677              	.LASF69:
 1678 01a2 73797374 		.ascii	"system_debug_t\000"
 1678      656D5F64 
 1678      65627567 
 1678      5F7400
 1679              	.LASF39:
 1680 01b1 705F6D73 		.ascii	"p_msgqueue\000"
ARM GAS  /tmp/cccgDY06.s 			page 39


 1680      67717565 
 1680      756500
 1681              	.LASF105:
 1682 01bc 6F737065 		.ascii	"ospeedr\000"
 1682      65647200 
 1683              	.LASF95:
 1684 01c4 735F636E 		.ascii	"s_cnt\000"
 1684      7400
 1685              	.LASF122:
 1686 01ca 5F5F6561 		.ascii	"__early_init\000"
 1686      726C795F 
 1686      696E6974 
 1686      00
 1687              	.LASF6:
 1688 01d7 73686F72 		.ascii	"short unsigned int\000"
 1688      7420756E 
 1688      7369676E 
 1688      65642069 
 1688      6E7400
 1689              	.LASF115:
 1690 01ea 50464461 		.ascii	"PFData\000"
 1690      746100
 1691              	.LASF46:
 1692 01f1 63685F74 		.ascii	"ch_thread\000"
 1692      68726561 
 1692      6400
 1693              	.LASF23:
 1694 01fb 6D73675F 		.ascii	"msg_t\000"
 1694      7400
 1695              	.LASF120:
 1696 0201 2E2E2F43 		.ascii	"../ChibiOS/os/hal/boards/ST_STM32F3_DISCOVERY/board"
 1696      68696269 
 1696      4F532F6F 
 1696      732F6861 
 1696      6C2F626F 
 1697 0234 2E6300   		.ascii	".c\000"
 1698              	.LASF72:
 1699 0237 63685F73 		.ascii	"ch_system_t\000"
 1699      79737465 
 1699      6D5F7400 
 1700              	.LASF19:
 1701 0243 746D6F64 		.ascii	"tmode_t\000"
 1701      655F7400 
 1702              	.LASF51:
 1703 024b 63685F72 		.ascii	"ch_ready_list\000"
 1703      65616479 
 1703      5F6C6973 
 1703      7400
 1704              	.LASF24:
 1705 0259 6576656E 		.ascii	"eventmask_t\000"
 1705      746D6173 
 1705      6B5F7400 
 1706              	.LASF7:
 1707 0265 5F5F696E 		.ascii	"__int32_t\000"
 1707      7433325F 
 1707      7400
 1708              	.LASF80:
ARM GAS  /tmp/cccgDY06.s 			page 40


 1709 026f 73746B61 		.ascii	"stkalign_t\000"
 1709      6C69676E 
 1709      5F7400
 1710              	.LASF38:
 1711 027a 705F7761 		.ascii	"p_waiting\000"
 1711      6974696E 
 1711      6700
 1712              	.LASF78:
 1713 0284 73697A65 		.ascii	"sizetype\000"
 1713      74797065 
 1713      00
 1714              	.LASF44:
 1715 028d 74687265 		.ascii	"thread_reference_t\000"
 1715      61645F72 
 1715      65666572 
 1715      656E6365 
 1715      5F7400
 1716              	.LASF67:
 1717 02a0 63685F76 		.ascii	"ch_virtual_timers_list\000"
 1717      69727475 
 1717      616C5F74 
 1717      696D6572 
 1717      735F6C69 
 1718              	.LASF68:
 1719 02b7 76745F6C 		.ascii	"vt_lasttime\000"
 1719      61737474 
 1719      696D6500 
 1720              	.LASF33:
 1721 02c3 705F6F6C 		.ascii	"p_older\000"
 1721      64657200 
 1722              	.LASF54:
 1723 02cb 725F6374 		.ascii	"r_ctx\000"
 1723      7800
 1724              	.LASF84:
 1725 02d1 746D5F63 		.ascii	"tm_calibration_t\000"
 1725      616C6962 
 1725      72617469 
 1725      6F6E5F74 
 1725      00
 1726              	.LASF108:
 1727 02e2 61667268 		.ascii	"afrh\000"
 1727      00
 1728              	.LASF113:
 1729 02e7 50444461 		.ascii	"PDData\000"
 1729      746100
 1730              	.LASF57:
 1731 02ee 725F6375 		.ascii	"r_current\000"
 1731      7272656E 
 1731      7400
 1732              	.LASF56:
 1733 02f8 725F6F6C 		.ascii	"r_older\000"
 1733      64657200 
 1734              	.LASF12:
 1735 0300 5F5F7569 		.ascii	"__uint64_t\000"
 1735      6E743634 
 1735      5F7400
 1736              	.LASF21:
ARM GAS  /tmp/cccgDY06.s 			page 41


 1737 030b 74726566 		.ascii	"trefs_t\000"
 1737      735F7400 
 1738              	.LASF59:
 1739 0313 76697274 		.ascii	"virtual_timer_t\000"
 1739      75616C5F 
 1739      74696D65 
 1739      725F7400 
 1740              	.LASF29:
 1741 0323 705F7072 		.ascii	"p_prev\000"
 1741      657600
 1742              	.LASF22:
 1743 032a 74707269 		.ascii	"tprio_t\000"
 1743      6F5F7400 
 1744              	.LASF70:
 1745 0332 63685F73 		.ascii	"ch_system_debug\000"
 1745      79737465 
 1745      6D5F6465 
 1745      62756700 
 1746              	.LASF102:
 1747 0342 5F426F6F 		.ascii	"_Bool\000"
 1747      6C00
 1748              	.LASF15:
 1749 0348 696E7433 		.ascii	"int32_t\000"
 1749      325F7400 
 1750              	.LASF4:
 1751 0350 756E7369 		.ascii	"unsigned char\000"
 1751      676E6564 
 1751      20636861 
 1751      7200
 1752              	.LASF107:
 1753 035e 6166726C 		.ascii	"afrl\000"
 1753      00
 1754              	.LASF41:
 1755 0363 705F6D74 		.ascii	"p_mtxlist\000"
 1755      786C6973 
 1755      7400
 1756              	.LASF5:
 1757 036d 73686F72 		.ascii	"short int\000"
 1757      7420696E 
 1757      7400
 1758              	.LASF35:
 1759 0377 705F7374 		.ascii	"p_state\000"
 1759      61746500 
 1760              	.LASF123:
 1761 037f 626F6172 		.ascii	"boardInit\000"
 1761      64496E69 
 1761      7400
 1762              	.LASF53:
 1763 0389 725F7072 		.ascii	"r_prio\000"
 1763      696F00
 1764              	.LASF110:
 1765 0390 50414461 		.ascii	"PAData\000"
 1765      746100
 1766              	.LASF92:
 1767 0397 65776D61 		.ascii	"ewmask\000"
 1767      736B00
 1768              	.LASF28:
ARM GAS  /tmp/cccgDY06.s 			page 42


 1769 039e 705F6E65 		.ascii	"p_next\000"
 1769      787400
 1770              	.LASF36:
 1771 03a5 705F666C 		.ascii	"p_flags\000"
 1771      61677300 
 1772              	.LASF60:
 1773 03ad 63685F76 		.ascii	"ch_virtual_timer\000"
 1773      69727475 
 1773      616C5F74 
 1773      696D6572 
 1773      00
 1774              	.LASF93:
 1775 03be 63685F73 		.ascii	"ch_semaphore\000"
 1775      656D6170 
 1775      686F7265 
 1775      00
 1776              	.LASF40:
 1777 03cb 705F6570 		.ascii	"p_epending\000"
 1777      656E6469 
 1777      6E6700
 1778              	.LASF16:
 1779 03d6 75696E74 		.ascii	"uint32_t\000"
 1779      33325F74 
 1779      00
 1780              	.LASF91:
 1781 03df 77746D74 		.ascii	"wtmtxp\000"
 1781      787000
 1782              	.LASF52:
 1783 03e6 725F7175 		.ascii	"r_queue\000"
 1783      65756500 
 1784              	.LASF63:
 1785 03ee 76745F64 		.ascii	"vt_delta\000"
 1785      656C7461 
 1785      00
 1786              	.LASF47:
 1787 03f7 63685F74 		.ascii	"ch_threads_list\000"
 1787      68726561 
 1787      64735F6C 
 1787      69737400 
 1788              	.LASF121:
 1789 0407 2F6E6673 		.ascii	"/nfs/nfs4/home/irbrown/Courses/P442/P442WifiTrailCo"
 1789      2F6E6673 
 1789      342F686F 
 1789      6D652F69 
 1789      7262726F 
 1790 043a 756E7465 		.ascii	"unterProject/milestone2\000"
 1790      7250726F 
 1790      6A656374 
 1790      2F6D696C 
 1790      6573746F 
 1791              	.LASF10:
 1792 0452 6C6F6E67 		.ascii	"long unsigned int\000"
 1792      20756E73 
 1792      69676E65 
 1792      6420696E 
 1792      7400
 1793              	.LASF100:
ARM GAS  /tmp/cccgDY06.s 			page 43


 1794 0464 63686172 		.ascii	"char\000"
 1794      00
 1795              	.LASF27:
 1796 0469 74687265 		.ascii	"thread_t\000"
 1796      61645F74 
 1796      00
 1797              	.LASF99:
 1798 0472 6D5F6E65 		.ascii	"m_next\000"
 1798      787400
 1799              	.LASF26:
 1800 0479 73797374 		.ascii	"systime_t\000"
 1800      696D655F 
 1800      7400
 1801              	.LASF42:
 1802 0483 705F7265 		.ascii	"p_realprio\000"
 1802      616C7072 
 1802      696F00
 1803              	.LASF58:
 1804 048e 76746675 		.ascii	"vtfunc_t\000"
 1804      6E635F74 
 1804      00
 1805              	.LASF9:
 1806 0497 5F5F7569 		.ascii	"__uint32_t\000"
 1806      6E743332 
 1806      5F7400
 1807              	.LASF71:
 1808 04a2 70616E69 		.ascii	"panic_msg\000"
 1808      635F6D73 
 1808      6700
 1809              	.LASF83:
 1810 04ac 6F666673 		.ascii	"offset\000"
 1810      657400
 1811              	.LASF81:
 1812 04b3 636F6E74 		.ascii	"context\000"
 1812      65787400 
 1813              	.LASF18:
 1814 04bb 7274636E 		.ascii	"rtcnt_t\000"
 1814      745F7400 
 1815              	.LASF65:
 1816 04c3 76745F70 		.ascii	"vt_par\000"
 1816      617200
 1817              	.LASF48:
 1818 04ca 74687265 		.ascii	"threads_queue_t\000"
 1818      6164735F 
 1818      71756575 
 1818      655F7400 
 1819              	.LASF96:
 1820 04da 63685F6D 		.ascii	"ch_mutex\000"
 1820      75746578 
 1820      00
 1821              	.LASF37:
 1822 04e3 705F7265 		.ascii	"p_refs\000"
 1822      667300
 1823              	.LASF74:
 1824 04ea 726C6973 		.ascii	"rlist\000"
 1824      7400
 1825              	.LASF14:
ARM GAS  /tmp/cccgDY06.s 			page 44


 1826 04f0 75696E74 		.ascii	"uint8_t\000"
 1826      385F7400 
 1827              	.LASF119:
 1828 04f8 474E5520 		.ascii	"GNU C 4.8.4 20140526 (release) [ARM/embedded-4_8-br"
 1828      4320342E 
 1828      382E3420 
 1828      32303134 
 1828      30353236 
 1829 052b 616E6368 		.ascii	"anch revision 211358] -mcpu=cortex-m4 -mno-thumb-in"
 1829      20726576 
 1829      6973696F 
 1829      6E203231 
 1829      31333538 
 1830 055e 74657277 		.ascii	"terwork -mthumb -ggdb -O2 -fomit-frame-pointer -fal"
 1830      6F726B20 
 1830      2D6D7468 
 1830      756D6220 
 1830      2D676764 
 1831 0591 69676E2D 		.ascii	"ign-functions=16 -ffunction-sections -fdata-section"
 1831      66756E63 
 1831      74696F6E 
 1831      733D3136 
 1831      202D6666 
 1832 05c4 73202D66 		.ascii	"s -fno-common -flto\000"
 1832      6E6F2D63 
 1832      6F6D6D6F 
 1832      6E202D66 
 1832      6C746F00 
 1833              	.LASF87:
 1834 05d8 77746F62 		.ascii	"wtobjp\000"
 1834      6A7000
 1835              	.LASF34:
 1836 05df 705F6E61 		.ascii	"p_name\000"
 1836      6D6500
 1837              	.LASF112:
 1838 05e6 50434461 		.ascii	"PCData\000"
 1838      746100
 1839              	.LASF45:
 1840 05ed 74687265 		.ascii	"threads_list_t\000"
 1840      6164735F 
 1840      6C697374 
 1840      5F7400
 1841              	.LASF116:
 1842 05fc 50414C43 		.ascii	"PALConfig\000"
 1842      6F6E6669 
 1842      6700
 1843              	.LASF98:
 1844 0606 6D5F6F77 		.ascii	"m_owner\000"
 1844      6E657200 
 1845              	.LASF118:
 1846 060e 70616C5F 		.ascii	"pal_default_config\000"
 1846      64656661 
 1846      756C745F 
 1846      636F6E66 
 1846      696700
 1847              	.LASF31:
 1848 0621 705F6374 		.ascii	"p_ctx\000"
ARM GAS  /tmp/cccgDY06.s 			page 45


 1848      7800
 1849              	.LASF64:
 1850 0627 76745F66 		.ascii	"vt_func\000"
 1850      756E6300 
 1851              		.comm	__gnu_lto_v1,1,1
 1852              		.ident	"GCC: (GNU Tools for ARM Embedded Processors) 4.8.4 20140526 (release) [ARM/embedded-4_8-br
ARM GAS  /tmp/cccgDY06.s 			page 46


DEFINED SYMBOLS
                            *ABS*:00000000 board.c
     /tmp/cccgDY06.s:147    .text.__early_init:00000000 $t
     /tmp/cccgDY06.s:153    .text.__early_init:00000000 __early_init
     /tmp/cccgDY06.s:168    .text.boardInit:00000000 $t
     /tmp/cccgDY06.s:174    .text.boardInit:00000000 boardInit
     /tmp/cccgDY06.s:190    .rodata.pal_default_config:00000000 pal_default_config
     /tmp/cccgDY06.s:187    .rodata.pal_default_config:00000000 $d
                            *COM*:00000001 __gnu_lto_v1
                     .debug_frame:00000010 $d

UNDEFINED SYMBOLS
stm32_clock_init
